2025-12-30 01:07:53,304 [INFO] 成功写入 10 条热搜到 hotresearch/2025_12_30/2025_12_30_1.txt
2025-12-30 01:07:53,792 [ERROR] 请求失败：401 Client Error: Authorization Required for url: https://www.zhihu.com/api/v3/feed/topstory/hot-lists/total?limit=50&desktop=true
2025-12-30 01:07:53,793 [ERROR] 没有获取到热榜数据，退出。
2025-12-30 03:21:57,256 [INFO] 成功写入 10 条热搜到 hotresearch/2025_12_30/2025_12_30_3.txt
2025-12-30 03:21:57,805 [ERROR] 请求失败：401 Client Error: Authorization Required for url: https://www.zhihu.com/api/v3/feed/topstory/hot-lists/total?limit=50&desktop=true
2025-12-30 03:21:57,805 [ERROR] 没有获取到热榜数据，退出。
2025-12-30 04:33:13,935 [INFO] 成功写入 10 条热搜到 hotresearch/2025_12_30/2025_12_30_4.txt
2025-12-30 04:33:14,283 [ERROR] 请求失败：401 Client Error: Authorization Required for url: https://www.zhihu.com/api/v3/feed/topstory/hot-lists/total?limit=50&desktop=true
2025-12-30 04:33:14,283 [ERROR] 没有获取到热榜数据，退出。
2025-12-30 05:18:16,585 [INFO] 成功写入 10 条热搜到 hotresearch/2025_12_30/2025_12_30_5.txt
2025-12-30 05:18:17,153 [ERROR] 请求失败：403 Client Error: Forbidden for url: https://www.zhihu.com/api/v3/feed/topstory/hot-lists/total?limit=50&desktop=true
2025-12-30 05:18:17,153 [ERROR] 没有获取到热榜数据，退出。
2025-12-30 06:22:40,547 [INFO] 成功写入 10 条热搜到 hotresearch/2025_12_30/2025_12_30_6.txt
2025-12-30 06:22:40,904 [ERROR] 请求失败：401 Client Error: Authorization Required for url: https://www.zhihu.com/api/v3/feed/topstory/hot-lists/total?limit=50&desktop=true
2025-12-30 06:22:40,904 [ERROR] 没有获取到热榜数据，退出。
2025-12-30 07:17:33,012 [INFO] 成功写入 10 条热搜到 hotresearch/2025_12_30/2025_12_30_7.txt
2025-12-30 07:17:33,353 [ERROR] 请求失败：401 Client Error: Authorization Required for url: https://www.zhihu.com/api/v3/feed/topstory/hot-lists/total?limit=50&desktop=true
2025-12-30 07:17:33,353 [ERROR] 没有获取到热榜数据，退出。
2025-12-30 08:20:09,885 [INFO] 成功写入 10 条热搜到 hotresearch/2025_12_30/2025_12_30_8.txt
2025-12-30 08:20:10,387 [ERROR] 请求失败：403 Client Error: Forbidden for url: https://www.zhihu.com/api/v3/feed/topstory/hot-lists/total?limit=50&desktop=true
2025-12-30 08:20:10,387 [ERROR] 没有获取到热榜数据，退出。
2025-12-30 09:18:22,265 [INFO] 成功写入 10 条热搜到 hotresearch/2025_12_30/2025_12_30_9.txt
2025-12-30 09:18:22,706 [ERROR] 请求失败：403 Client Error: Forbidden for url: https://www.zhihu.com/api/v3/feed/topstory/hot-lists/total?limit=50&desktop=true
2025-12-30 09:18:22,706 [ERROR] 没有获取到热榜数据，退出。
2025-12-30 10:15:32,322 [INFO] 成功写入 10 条热搜到 hotresearch/2025_12_30/2025_12_30_10.txt
2025-12-30 10:15:32,823 [ERROR] 请求失败：403 Client Error: Forbidden for url: https://www.zhihu.com/api/v3/feed/topstory/hot-lists/total?limit=50&desktop=true
2025-12-30 10:15:32,823 [ERROR] 没有获取到热榜数据，退出。
2025-12-30 11:13:08,292 [INFO] 成功写入 10 条热搜到 hotresearch/2025_12_30/2025_12_30_11.txt
2025-12-30 11:13:08,633 [ERROR] 请求失败：401 Client Error: Authorization Required for url: https://www.zhihu.com/api/v3/feed/topstory/hot-lists/total?limit=50&desktop=true
2025-12-30 11:13:08,633 [ERROR] 没有获取到热榜数据，退出。
2025-12-30 12:29:32,398 [INFO] 成功写入 10 条热搜到 hotresearch/2025_12_30/2025_12_30_12.txt
2025-12-30 12:29:32,747 [ERROR] 请求失败：401 Client Error: Authorization Required for url: https://www.zhihu.com/api/v3/feed/topstory/hot-lists/total?limit=50&desktop=true
2025-12-30 12:29:32,747 [ERROR] 没有获取到热榜数据，退出。
2025-12-30 13:31:23,074 [INFO] 成功写入 10 条热搜到 hotresearch/2025_12_30/2025_12_30_13.txt
2025-12-30 13:31:23,538 [ERROR] 请求失败：401 Client Error: Authorization Required for url: https://www.zhihu.com/api/v3/feed/topstory/hot-lists/total?limit=50&desktop=true
2025-12-30 13:31:23,538 [ERROR] 没有获取到热榜数据，退出。
2025-12-30 14:14:44,449 [INFO] 成功写入 10 条热搜到 hotresearch/2025_12_30/2025_12_30_14.txt
2025-12-30 14:14:44,984 [ERROR] 请求失败：403 Client Error: Forbidden for url: https://www.zhihu.com/api/v3/feed/topstory/hot-lists/total?limit=50&desktop=true
2025-12-30 14:14:44,984 [ERROR] 没有获取到热榜数据，退出。
2025-12-30 15:14:50,279 [INFO] 成功写入 10 条热搜到 hotresearch/2025_12_30/2025_12_30_15.txt
2025-12-30 15:14:50,757 [ERROR] 请求失败：403 Client Error: Forbidden for url: https://www.zhihu.com/api/v3/feed/topstory/hot-lists/total?limit=50&desktop=true
2025-12-30 15:14:50,757 [ERROR] 没有获取到热榜数据，退出。
2025-12-30 16:18:06,079 [INFO] 成功写入 10 条热搜到 hotresearch/2025_12_30/2025_12_30_16.txt
2025-12-30 16:18:06,424 [ERROR] 请求失败：401 Client Error: Authorization Required for url: https://www.zhihu.com/api/v3/feed/topstory/hot-lists/total?limit=50&desktop=true
2025-12-30 16:18:06,425 [ERROR] 没有获取到热榜数据，退出。
2025-12-30 17:14:49,528 [INFO] 成功写入 10 条热搜到 hotresearch/2025_12_30/2025_12_30_17.txt
2025-12-30 17:14:50,000 [ERROR] 请求失败：401 Client Error: Authorization Required for url: https://www.zhihu.com/api/v3/feed/topstory/hot-lists/total?limit=50&desktop=true
2025-12-30 17:14:50,000 [ERROR] 没有获取到热榜数据，退出。
2025-12-30 18:21:13,331 [INFO] 成功写入 10 条热搜到 hotresearch/2025_12_30/2025_12_30_18.txt
2025-12-30 18:21:13,677 [ERROR] 请求失败：401 Client Error: Authorization Required for url: https://www.zhihu.com/api/v3/feed/topstory/hot-lists/total?limit=50&desktop=true
2025-12-30 18:21:13,677 [ERROR] 没有获取到热榜数据，退出。
2025-12-30 19:12:02,167 [ERROR] 请求失败：403 Client Error: Forbidden for url: https://www.zhihu.com/api/v4/search/top_search
2025-12-30 19:12:02,167 [ERROR] 没有获取到热搜数据，退出。
2025-12-30 19:12:02,631 [ERROR] 请求失败：401 Client Error: Authorization Required for url: https://www.zhihu.com/api/v3/feed/topstory/hot-lists/total?limit=50&desktop=true
2025-12-30 19:12:02,631 [ERROR] 没有获取到热榜数据，退出。
