2025-06-07 01:03:39,740 [ERROR] 请求失败：403 Client Error: Forbidden for url: https://www.zhihu.com/api/v4/search/top_search
2025-06-07 01:03:39,740 [ERROR] 没有获取到热搜数据，退出。
2025-06-07 01:03:40,117 [ERROR] 请求失败：403 Client Error: Forbidden for url: https://www.zhihu.com/api/v3/feed/topstory/hot-lists/total?limit=50&desktop=true
2025-06-07 01:03:40,117 [ERROR] 没有获取到热榜数据，退出。
2025-06-07 03:08:57,761 [INFO] 成功写入 10 条热搜到 hotresearch/2025_6_7/2025_6_7_3.txt
2025-06-07 03:08:58,301 [ERROR] 请求失败：403 Client Error: Forbidden for url: https://www.zhihu.com/api/v3/feed/topstory/hot-lists/total?limit=50&desktop=true
2025-06-07 03:08:58,301 [ERROR] 没有获取到热榜数据，退出。
2025-06-07 04:16:01,109 [ERROR] 请求失败：403 Client Error: Forbidden for url: https://www.zhihu.com/api/v4/search/top_search
2025-06-07 04:16:01,109 [ERROR] 没有获取到热搜数据，退出。
2025-06-07 04:16:01,459 [ERROR] 请求失败：401 Client Error: Authorization Required for url: https://www.zhihu.com/api/v3/feed/topstory/hot-lists/total?limit=50&desktop=true
2025-06-07 04:16:01,459 [ERROR] 没有获取到热榜数据，退出。
2025-06-07 05:12:33,088 [ERROR] 请求失败：403 Client Error: Forbidden for url: https://www.zhihu.com/api/v4/search/top_search
2025-06-07 05:12:33,088 [ERROR] 没有获取到热搜数据，退出。
2025-06-07 05:12:33,457 [ERROR] 请求失败：401 Client Error: Authorization Required for url: https://www.zhihu.com/api/v3/feed/topstory/hot-lists/total?limit=50&desktop=true
2025-06-07 05:12:33,457 [ERROR] 没有获取到热榜数据，退出。
2025-06-07 06:17:21,135 [INFO] 成功写入 10 条热搜到 hotresearch/2025_6_7/2025_6_7_6.txt
2025-06-07 06:17:21,481 [ERROR] 请求失败：401 Client Error: Authorization Required for url: https://www.zhihu.com/api/v3/feed/topstory/hot-lists/total?limit=50&desktop=true
2025-06-07 06:17:21,481 [ERROR] 没有获取到热榜数据，退出。
2025-06-07 07:11:45,088 [ERROR] 请求失败：403 Client Error: Forbidden for url: https://www.zhihu.com/api/v4/search/top_search
2025-06-07 07:11:45,088 [ERROR] 没有获取到热搜数据，退出。
2025-06-07 07:11:45,574 [ERROR] 请求失败：403 Client Error: Forbidden for url: https://www.zhihu.com/api/v3/feed/topstory/hot-lists/total?limit=50&desktop=true
2025-06-07 07:11:45,574 [ERROR] 没有获取到热榜数据，退出。
