2025-06-13 01:05:45,567 [ERROR] 请求失败：403 Client Error: Forbidden for url: https://www.zhihu.com/api/v4/search/top_search
2025-06-13 01:05:45,568 [ERROR] 没有获取到热搜数据，退出。
2025-06-13 01:05:46,022 [ERROR] 请求失败：403 Client Error: Forbidden for url: https://www.zhihu.com/api/v3/feed/topstory/hot-lists/total?limit=50&desktop=true
2025-06-13 01:05:46,022 [ERROR] 没有获取到热榜数据，退出。
2025-06-13 03:13:11,062 [ERROR] 请求失败：403 Client Error: Forbidden for url: https://www.zhihu.com/api/v4/search/top_search
2025-06-13 03:13:11,062 [ERROR] 没有获取到热搜数据，退出。
2025-06-13 03:13:11,533 [ERROR] 请求失败：401 Client Error: Authorization Required for url: https://www.zhihu.com/api/v3/feed/topstory/hot-lists/total?limit=50&desktop=true
2025-06-13 03:13:11,533 [ERROR] 没有获取到热榜数据，退出。
2025-06-13 04:21:24,460 [ERROR] 请求失败：403 Client Error: Forbidden for url: https://www.zhihu.com/api/v4/search/top_search
2025-06-13 04:21:24,460 [ERROR] 没有获取到热搜数据，退出。
2025-06-13 04:21:24,934 [ERROR] 请求失败：401 Client Error: Authorization Required for url: https://www.zhihu.com/api/v3/feed/topstory/hot-lists/total?limit=50&desktop=true
2025-06-13 04:21:24,934 [ERROR] 没有获取到热榜数据，退出。
2025-06-13 05:13:23,344 [ERROR] 请求失败：403 Client Error: Forbidden for url: https://www.zhihu.com/api/v4/search/top_search
2025-06-13 05:13:23,344 [ERROR] 没有获取到热搜数据，退出。
2025-06-13 05:13:23,783 [ERROR] 请求失败：403 Client Error: Forbidden for url: https://www.zhihu.com/api/v3/feed/topstory/hot-lists/total?limit=50&desktop=true
2025-06-13 05:13:23,783 [ERROR] 没有获取到热榜数据，退出。
2025-06-13 06:19:46,887 [ERROR] 请求失败：403 Client Error: Forbidden for url: https://www.zhihu.com/api/v4/search/top_search
2025-06-13 06:19:46,887 [ERROR] 没有获取到热搜数据，退出。
2025-06-13 06:19:47,404 [ERROR] 请求失败：401 Client Error: Authorization Required for url: https://www.zhihu.com/api/v3/feed/topstory/hot-lists/total?limit=50&desktop=true
2025-06-13 06:19:47,404 [ERROR] 没有获取到热榜数据，退出。
2025-06-13 07:12:44,963 [ERROR] 请求失败：403 Client Error: Forbidden for url: https://www.zhihu.com/api/v4/search/top_search
2025-06-13 07:12:44,963 [ERROR] 没有获取到热搜数据，退出。
2025-06-13 07:12:45,441 [ERROR] 请求失败：403 Client Error: Forbidden for url: https://www.zhihu.com/api/v3/feed/topstory/hot-lists/total?limit=50&desktop=true
2025-06-13 07:12:45,441 [ERROR] 没有获取到热榜数据，退出。
2025-06-13 08:18:05,561 [ERROR] 请求失败：403 Client Error: Forbidden for url: https://www.zhihu.com/api/v4/search/top_search
2025-06-13 08:18:05,561 [ERROR] 没有获取到热搜数据，退出。
2025-06-13 08:18:06,080 [ERROR] 请求失败：403 Client Error: Forbidden for url: https://www.zhihu.com/api/v3/feed/topstory/hot-lists/total?limit=50&desktop=true
2025-06-13 08:18:06,080 [ERROR] 没有获取到热榜数据，退出。
2025-06-13 09:14:18,801 [ERROR] 请求失败：403 Client Error: Forbidden for url: https://www.zhihu.com/api/v4/search/top_search
2025-06-13 09:14:18,801 [ERROR] 没有获取到热搜数据，退出。
2025-06-13 09:14:19,260 [ERROR] 请求失败：401 Client Error: Authorization Required for url: https://www.zhihu.com/api/v3/feed/topstory/hot-lists/total?limit=50&desktop=true
2025-06-13 09:14:19,260 [ERROR] 没有获取到热榜数据，退出。
2025-06-13 10:14:21,700 [ERROR] 请求失败：403 Client Error: Forbidden for url: https://www.zhihu.com/api/v4/search/top_search
2025-06-13 10:14:21,701 [ERROR] 没有获取到热搜数据，退出。
2025-06-13 10:14:22,156 [ERROR] 请求失败：401 Client Error: Authorization Required for url: https://www.zhihu.com/api/v3/feed/topstory/hot-lists/total?limit=50&desktop=true
2025-06-13 10:14:22,156 [ERROR] 没有获取到热榜数据，退出。
2025-06-13 11:11:28,375 [ERROR] 请求失败：403 Client Error: Forbidden for url: https://www.zhihu.com/api/v4/search/top_search
2025-06-13 11:11:28,375 [ERROR] 没有获取到热搜数据，退出。
2025-06-13 11:11:28,901 [ERROR] 请求失败：401 Client Error: Authorization Required for url: https://www.zhihu.com/api/v3/feed/topstory/hot-lists/total?limit=50&desktop=true
2025-06-13 11:11:28,901 [ERROR] 没有获取到热榜数据，退出。
2025-06-13 12:26:28,670 [ERROR] 请求失败：403 Client Error: Forbidden for url: https://www.zhihu.com/api/v4/search/top_search
2025-06-13 12:26:28,670 [ERROR] 没有获取到热搜数据，退出。
2025-06-13 12:26:29,040 [ERROR] 请求失败：401 Client Error: Authorization Required for url: https://www.zhihu.com/api/v3/feed/topstory/hot-lists/total?limit=50&desktop=true
2025-06-13 12:26:29,041 [ERROR] 没有获取到热榜数据，退出。
2025-06-13 13:26:35,153 [ERROR] 请求失败：403 Client Error: Forbidden for url: https://www.zhihu.com/api/v4/search/top_search
2025-06-13 13:26:35,153 [ERROR] 没有获取到热搜数据，退出。
2025-06-13 13:26:35,701 [ERROR] 请求失败：403 Client Error: Forbidden for url: https://www.zhihu.com/api/v3/feed/topstory/hot-lists/total?limit=50&desktop=true
2025-06-13 13:26:35,701 [ERROR] 没有获取到热榜数据，退出。
2025-06-13 14:13:00,121 [ERROR] 请求失败：403 Client Error: Forbidden for url: https://www.zhihu.com/api/v4/search/top_search
2025-06-13 14:13:00,121 [ERROR] 没有获取到热搜数据，退出。
2025-06-13 14:13:00,589 [ERROR] 请求失败：403 Client Error: Forbidden for url: https://www.zhihu.com/api/v3/feed/topstory/hot-lists/total?limit=50&desktop=true
2025-06-13 14:13:00,589 [ERROR] 没有获取到热榜数据，退出。
2025-06-13 15:13:38,841 [ERROR] 请求失败：403 Client Error: Forbidden for url: https://www.zhihu.com/api/v4/search/top_search
2025-06-13 15:13:38,841 [ERROR] 没有获取到热搜数据，退出。
2025-06-13 15:13:39,292 [ERROR] 请求失败：401 Client Error: Authorization Required for url: https://www.zhihu.com/api/v3/feed/topstory/hot-lists/total?limit=50&desktop=true
2025-06-13 15:13:39,292 [ERROR] 没有获取到热榜数据，退出。
2025-06-13 16:16:17,196 [ERROR] 请求失败：403 Client Error: Forbidden for url: https://www.zhihu.com/api/v4/search/top_search
2025-06-13 16:16:17,196 [ERROR] 没有获取到热搜数据，退出。
2025-06-13 16:16:17,668 [ERROR] 请求失败：401 Client Error: Authorization Required for url: https://www.zhihu.com/api/v3/feed/topstory/hot-lists/total?limit=50&desktop=true
2025-06-13 16:16:17,668 [ERROR] 没有获取到热榜数据，退出。
2025-06-13 17:11:32,325 [ERROR] 请求失败：403 Client Error: Forbidden for url: https://www.zhihu.com/api/v4/search/top_search
2025-06-13 17:11:32,325 [ERROR] 没有获取到热搜数据，退出。
2025-06-13 17:11:32,787 [ERROR] 请求失败：401 Client Error: Authorization Required for url: https://www.zhihu.com/api/v3/feed/topstory/hot-lists/total?limit=50&desktop=true
2025-06-13 17:11:32,787 [ERROR] 没有获取到热榜数据，退出。
2025-06-13 18:18:12,232 [INFO] 成功写入 10 条热搜到 hotresearch/2025_6_13/2025_6_13_18.txt
2025-06-13 18:18:12,691 [ERROR] 请求失败：401 Client Error: Authorization Required for url: https://www.zhihu.com/api/v3/feed/topstory/hot-lists/total?limit=50&desktop=true
2025-06-13 18:18:12,691 [ERROR] 没有获取到热榜数据，退出。
2025-06-13 19:10:37,088 [ERROR] 请求失败：403 Client Error: Forbidden for url: https://www.zhihu.com/api/v4/search/top_search
2025-06-13 19:10:37,088 [ERROR] 没有获取到热搜数据，退出。
2025-06-13 19:10:37,605 [ERROR] 请求失败：401 Client Error: Authorization Required for url: https://www.zhihu.com/api/v3/feed/topstory/hot-lists/total?limit=50&desktop=true
2025-06-13 19:10:37,605 [ERROR] 没有获取到热榜数据，退出。
2025-06-13 20:14:15,089 [ERROR] 请求失败：403 Client Error: Forbidden for url: https://www.zhihu.com/api/v4/search/top_search
2025-06-13 20:14:15,089 [ERROR] 没有获取到热搜数据，退出。
2025-06-13 20:14:15,573 [ERROR] 请求失败：401 Client Error: Authorization Required for url: https://www.zhihu.com/api/v3/feed/topstory/hot-lists/total?limit=50&desktop=true
2025-06-13 20:14:15,573 [ERROR] 没有获取到热榜数据，退出。
