2025-05-28 01:04:00,437 [ERROR] 请求失败：403 Client Error: Forbidden for url: https://www.zhihu.com/api/v4/search/top_search
2025-05-28 01:04:00,437 [ERROR] 没有获取到热搜数据，退出。
2025-05-28 01:04:00,776 [ERROR] 请求失败：401 Client Error: Authorization Required for url: https://www.zhihu.com/api/v3/feed/topstory/hot-lists/total?limit=50&desktop=true
2025-05-28 01:04:00,776 [ERROR] 没有获取到热榜数据，退出。
2025-05-28 03:08:36,101 [ERROR] 请求失败：403 Client Error: Forbidden for url: https://www.zhihu.com/api/v4/search/top_search
2025-05-28 03:08:36,101 [ERROR] 没有获取到热搜数据，退出。
2025-05-28 03:08:36,655 [ERROR] 请求失败：401 Client Error: Authorization Required for url: https://www.zhihu.com/api/v3/feed/topstory/hot-lists/total?limit=50&desktop=true
2025-05-28 03:08:36,655 [ERROR] 没有获取到热榜数据，退出。
2025-05-28 04:17:39,508 [ERROR] 请求失败：403 Client Error: Forbidden for url: https://www.zhihu.com/api/v4/search/top_search
2025-05-28 04:17:39,509 [ERROR] 没有获取到热搜数据，退出。
2025-05-28 04:17:39,983 [ERROR] 请求失败：401 Client Error: Authorization Required for url: https://www.zhihu.com/api/v3/feed/topstory/hot-lists/total?limit=50&desktop=true
2025-05-28 04:17:39,983 [ERROR] 没有获取到热榜数据，退出。
2025-05-28 05:13:31,031 [ERROR] 请求失败：403 Client Error: Forbidden for url: https://www.zhihu.com/api/v4/search/top_search
2025-05-28 05:13:31,031 [ERROR] 没有获取到热搜数据，退出。
2025-05-28 05:13:31,570 [ERROR] 请求失败：403 Client Error: Forbidden for url: https://www.zhihu.com/api/v3/feed/topstory/hot-lists/total?limit=50&desktop=true
2025-05-28 05:13:31,571 [ERROR] 没有获取到热榜数据，退出。
2025-05-28 06:19:08,121 [ERROR] 请求失败：403 Client Error: Forbidden for url: https://www.zhihu.com/api/v4/search/top_search
2025-05-28 06:19:08,121 [ERROR] 没有获取到热搜数据，退出。
2025-05-28 06:19:08,572 [ERROR] 请求失败：401 Client Error: Authorization Required for url: https://www.zhihu.com/api/v3/feed/topstory/hot-lists/total?limit=50&desktop=true
2025-05-28 06:19:08,572 [ERROR] 没有获取到热榜数据，退出。
