2025-08-04 01:16:29,643 [ERROR] 请求失败：403 Client Error: Forbidden for url: https://www.zhihu.com/api/v4/search/top_search
2025-08-04 01:16:29,643 [ERROR] 没有获取到热搜数据，退出。
2025-08-04 01:16:30,569 [ERROR] 请求失败：403 Client Error: Forbidden for url: https://www.zhihu.com/api/v3/feed/topstory/hot-lists/total?limit=50&desktop=true
2025-08-04 01:16:30,570 [ERROR] 没有获取到热榜数据，退出。
2025-08-04 03:50:24,231 [ERROR] 请求失败：403 Client Error: Forbidden for url: https://www.zhihu.com/api/v4/search/top_search
2025-08-04 03:50:24,231 [ERROR] 没有获取到热搜数据，退出。
2025-08-04 03:50:24,919 [ERROR] 请求失败：403 Client Error: Forbidden for url: https://www.zhihu.com/api/v3/feed/topstory/hot-lists/total?limit=50&desktop=true
2025-08-04 03:50:24,919 [ERROR] 没有获取到热榜数据，退出。
2025-08-04 04:51:33,840 [ERROR] 请求失败：403 Client Error: Forbidden for url: https://www.zhihu.com/api/v4/search/top_search
2025-08-04 04:51:33,840 [ERROR] 没有获取到热搜数据，退出。
2025-08-04 04:51:34,251 [ERROR] 请求失败：403 Client Error: Forbidden for url: https://www.zhihu.com/api/v3/feed/topstory/hot-lists/total?limit=50&desktop=true
2025-08-04 04:51:34,251 [ERROR] 没有获取到热榜数据，退出。
2025-08-04 05:31:54,302 [ERROR] 请求失败：403 Client Error: Forbidden for url: https://www.zhihu.com/api/v4/search/top_search
2025-08-04 05:31:54,302 [ERROR] 没有获取到热搜数据，退出。
2025-08-04 05:31:54,673 [ERROR] 请求失败：401 Client Error: Authorization Required for url: https://www.zhihu.com/api/v3/feed/topstory/hot-lists/total?limit=50&desktop=true
2025-08-04 05:31:54,673 [ERROR] 没有获取到热榜数据，退出。
2025-08-04 06:27:47,335 [ERROR] 请求失败：403 Client Error: Forbidden for url: https://www.zhihu.com/api/v4/search/top_search
2025-08-04 06:27:47,335 [ERROR] 没有获取到热搜数据，退出。
2025-08-04 06:27:47,708 [ERROR] 请求失败：403 Client Error: Forbidden for url: https://www.zhihu.com/api/v3/feed/topstory/hot-lists/total?limit=50&desktop=true
2025-08-04 06:27:47,708 [ERROR] 没有获取到热榜数据，退出。
2025-08-04 07:23:08,995 [ERROR] 请求失败：403 Client Error: Forbidden for url: https://www.zhihu.com/api/v4/search/top_search
2025-08-04 07:23:08,995 [ERROR] 没有获取到热搜数据，退出。
2025-08-04 07:23:09,422 [ERROR] 请求失败：401 Client Error: Authorization Required for url: https://www.zhihu.com/api/v3/feed/topstory/hot-lists/total?limit=50&desktop=true
2025-08-04 07:23:09,422 [ERROR] 没有获取到热榜数据，退出。
2025-08-04 08:20:59,620 [ERROR] 请求失败：403 Client Error: Forbidden for url: https://www.zhihu.com/api/v4/search/top_search
2025-08-04 08:20:59,620 [ERROR] 没有获取到热搜数据，退出。
2025-08-04 08:21:00,042 [ERROR] 请求失败：401 Client Error: Authorization Required for url: https://www.zhihu.com/api/v3/feed/topstory/hot-lists/total?limit=50&desktop=true
2025-08-04 08:21:00,042 [ERROR] 没有获取到热榜数据，退出。
2025-08-04 09:24:54,088 [ERROR] 请求失败：403 Client Error: Forbidden for url: https://www.zhihu.com/api/v4/search/top_search
2025-08-04 09:24:54,088 [ERROR] 没有获取到热搜数据，退出。
2025-08-04 09:24:54,587 [ERROR] 请求失败：403 Client Error: Forbidden for url: https://www.zhihu.com/api/v3/feed/topstory/hot-lists/total?limit=50&desktop=true
2025-08-04 09:24:54,587 [ERROR] 没有获取到热榜数据，退出。
2025-08-04 10:17:38,448 [ERROR] 请求失败：403 Client Error: Forbidden for url: https://www.zhihu.com/api/v4/search/top_search
2025-08-04 10:17:38,448 [ERROR] 没有获取到热搜数据，退出。
2025-08-04 10:17:39,124 [ERROR] 请求失败：403 Client Error: Forbidden for url: https://www.zhihu.com/api/v3/feed/topstory/hot-lists/total?limit=50&desktop=true
2025-08-04 10:17:39,124 [ERROR] 没有获取到热榜数据，退出。
2025-08-04 11:13:18,783 [ERROR] 请求失败：403 Client Error: Forbidden for url: https://www.zhihu.com/api/v4/search/top_search
2025-08-04 11:13:18,783 [ERROR] 没有获取到热搜数据，退出。
2025-08-04 11:13:19,159 [ERROR] 请求失败：401 Client Error: Authorization Required for url: https://www.zhihu.com/api/v3/feed/topstory/hot-lists/total?limit=50&desktop=true
2025-08-04 11:13:19,159 [ERROR] 没有获取到热榜数据，退出。
2025-08-04 12:30:33,600 [ERROR] 请求失败：403 Client Error: Forbidden for url: https://www.zhihu.com/api/v4/search/top_search
2025-08-04 12:30:33,600 [ERROR] 没有获取到热搜数据，退出。
2025-08-04 12:30:33,975 [ERROR] 请求失败：401 Client Error: Authorization Required for url: https://www.zhihu.com/api/v3/feed/topstory/hot-lists/total?limit=50&desktop=true
2025-08-04 12:30:33,975 [ERROR] 没有获取到热榜数据，退出。
2025-08-04 13:36:47,619 [ERROR] 请求失败：403 Client Error: Forbidden for url: https://www.zhihu.com/api/v4/search/top_search
2025-08-04 13:36:47,619 [ERROR] 没有获取到热搜数据，退出。
2025-08-04 13:36:48,874 [ERROR] 请求失败：403 Client Error: Forbidden for url: https://www.zhihu.com/api/v3/feed/topstory/hot-lists/total?limit=50&desktop=true
2025-08-04 13:36:48,874 [ERROR] 没有获取到热榜数据，退出。
2025-08-04 14:18:30,128 [ERROR] 请求失败：403 Client Error: Forbidden for url: https://www.zhihu.com/api/v4/search/top_search
2025-08-04 14:18:30,128 [ERROR] 没有获取到热搜数据，退出。
2025-08-04 14:18:30,480 [ERROR] 请求失败：401 Client Error: Authorization Required for url: https://www.zhihu.com/api/v3/feed/topstory/hot-lists/total?limit=50&desktop=true
2025-08-04 14:18:30,480 [ERROR] 没有获取到热榜数据，退出。
2025-08-04 15:15:38,344 [ERROR] 请求失败：403 Client Error: Forbidden for url: https://www.zhihu.com/api/v4/search/top_search
2025-08-04 15:15:38,344 [ERROR] 没有获取到热搜数据，退出。
2025-08-04 15:15:38,728 [ERROR] 请求失败：401 Client Error: Authorization Required for url: https://www.zhihu.com/api/v3/feed/topstory/hot-lists/total?limit=50&desktop=true
2025-08-04 15:15:38,728 [ERROR] 没有获取到热榜数据，退出。
2025-08-04 16:19:34,222 [ERROR] 请求失败：403 Client Error: Forbidden for url: https://www.zhihu.com/api/v4/search/top_search
2025-08-04 16:19:34,223 [ERROR] 没有获取到热搜数据，退出。
2025-08-04 16:19:35,069 [ERROR] 请求失败：403 Client Error: Forbidden for url: https://www.zhihu.com/api/v3/feed/topstory/hot-lists/total?limit=50&desktop=true
2025-08-04 16:19:35,069 [ERROR] 没有获取到热榜数据，退出。
2025-08-04 17:19:07,145 [ERROR] 请求失败：403 Client Error: Forbidden for url: https://www.zhihu.com/api/v4/search/top_search
2025-08-04 17:19:07,145 [ERROR] 没有获取到热搜数据，退出。
2025-08-04 17:19:07,851 [ERROR] 请求失败：403 Client Error: Forbidden for url: https://www.zhihu.com/api/v3/feed/topstory/hot-lists/total?limit=50&desktop=true
2025-08-04 17:19:07,851 [ERROR] 没有获取到热榜数据，退出。
2025-08-04 18:20:55,915 [ERROR] 请求失败：403 Client Error: Forbidden for url: https://www.zhihu.com/api/v4/search/top_search
2025-08-04 18:20:55,915 [ERROR] 没有获取到热搜数据，退出。
2025-08-04 18:20:56,287 [ERROR] 请求失败：401 Client Error: Authorization Required for url: https://www.zhihu.com/api/v3/feed/topstory/hot-lists/total?limit=50&desktop=true
2025-08-04 18:20:56,287 [ERROR] 没有获取到热榜数据，退出。
