2025-10-10 00:58:43,447 [ERROR] 请求失败：403 Client Error: Forbidden for url: https://www.zhihu.com/api/v4/search/top_search
2025-10-10 00:58:43,447 [ERROR] 没有获取到热搜数据，退出。
2025-10-10 00:58:43,868 [ERROR] 请求失败：401 Client Error: Authorization Required for url: https://www.zhihu.com/api/v3/feed/topstory/hot-lists/total?limit=50&desktop=true
2025-10-10 00:58:43,868 [ERROR] 没有获取到热榜数据，退出。
2025-10-10 02:22:36,221 [ERROR] 请求失败：403 Client Error: Forbidden for url: https://www.zhihu.com/api/v4/search/top_search
2025-10-10 02:22:36,221 [ERROR] 没有获取到热搜数据，退出。
2025-10-10 02:22:36,813 [ERROR] 请求失败：403 Client Error: Forbidden for url: https://www.zhihu.com/api/v3/feed/topstory/hot-lists/total?limit=50&desktop=true
2025-10-10 02:22:36,813 [ERROR] 没有获取到热榜数据，退出。
2025-10-10 03:28:21,317 [ERROR] 请求失败：403 Client Error: Forbidden for url: https://www.zhihu.com/api/v4/search/top_search
2025-10-10 03:28:21,317 [ERROR] 没有获取到热搜数据，退出。
2025-10-10 03:28:21,768 [ERROR] 请求失败：401 Client Error: Authorization Required for url: https://www.zhihu.com/api/v3/feed/topstory/hot-lists/total?limit=50&desktop=true
2025-10-10 03:28:21,768 [ERROR] 没有获取到热榜数据，退出。
2025-10-10 04:15:00,675 [INFO] 成功写入 10 条热搜到 hotresearch/2025_10_10/2025_10_10_4.txt
2025-10-10 04:15:01,080 [ERROR] 请求失败：403 Client Error: Forbidden for url: https://www.zhihu.com/api/v3/feed/topstory/hot-lists/total?limit=50&desktop=true
2025-10-10 04:15:01,080 [ERROR] 没有获取到热榜数据，退出。
2025-10-10 05:12:30,677 [ERROR] 请求失败：403 Client Error: Forbidden for url: https://www.zhihu.com/api/v4/search/top_search
2025-10-10 05:12:30,677 [ERROR] 没有获取到热搜数据，退出。
2025-10-10 05:12:31,228 [ERROR] 请求失败：403 Client Error: Forbidden for url: https://www.zhihu.com/api/v3/feed/topstory/hot-lists/total?limit=50&desktop=true
2025-10-10 05:12:31,228 [ERROR] 没有获取到热榜数据，退出。
2025-10-10 06:19:33,285 [ERROR] 请求失败：403 Client Error: Forbidden for url: https://www.zhihu.com/api/v4/search/top_search
2025-10-10 06:19:33,285 [ERROR] 没有获取到热搜数据，退出。
2025-10-10 06:19:33,744 [ERROR] 请求失败：401 Client Error: Authorization Required for url: https://www.zhihu.com/api/v3/feed/topstory/hot-lists/total?limit=50&desktop=true
2025-10-10 06:19:33,744 [ERROR] 没有获取到热榜数据，退出。
2025-10-10 07:12:30,819 [ERROR] 请求失败：403 Client Error: Forbidden for url: https://www.zhihu.com/api/v4/search/top_search
2025-10-10 07:12:30,819 [ERROR] 没有获取到热搜数据，退出。
2025-10-10 07:12:31,194 [ERROR] 请求失败：401 Client Error: Authorization Required for url: https://www.zhihu.com/api/v3/feed/topstory/hot-lists/total?limit=50&desktop=true
2025-10-10 07:12:31,194 [ERROR] 没有获取到热榜数据，退出。
2025-10-10 08:17:20,339 [ERROR] 请求失败：403 Client Error: Forbidden for url: https://www.zhihu.com/api/v4/search/top_search
2025-10-10 08:17:20,339 [ERROR] 没有获取到热搜数据，退出。
2025-10-10 08:17:20,748 [ERROR] 请求失败：401 Client Error: Authorization Required for url: https://www.zhihu.com/api/v3/feed/topstory/hot-lists/total?limit=50&desktop=true
2025-10-10 08:17:20,748 [ERROR] 没有获取到热榜数据，退出。
2025-10-10 09:14:30,821 [ERROR] 请求失败：403 Client Error: Forbidden for url: https://www.zhihu.com/api/v4/search/top_search
2025-10-10 09:14:30,821 [ERROR] 没有获取到热搜数据，退出。
2025-10-10 09:14:31,229 [ERROR] 请求失败：403 Client Error: Forbidden for url: https://www.zhihu.com/api/v3/feed/topstory/hot-lists/total?limit=50&desktop=true
2025-10-10 09:14:31,229 [ERROR] 没有获取到热榜数据，退出。
2025-10-10 10:14:04,957 [ERROR] 请求失败：403 Client Error: Forbidden for url: https://www.zhihu.com/api/v4/search/top_search
2025-10-10 10:14:04,957 [ERROR] 没有获取到热搜数据，退出。
2025-10-10 10:14:05,345 [ERROR] 请求失败：401 Client Error: Authorization Required for url: https://www.zhihu.com/api/v3/feed/topstory/hot-lists/total?limit=50&desktop=true
2025-10-10 10:14:05,345 [ERROR] 没有获取到热榜数据，退出。
2025-10-10 11:10:55,236 [ERROR] 请求失败：403 Client Error: Forbidden for url: https://www.zhihu.com/api/v4/search/top_search
2025-10-10 11:10:55,236 [ERROR] 没有获取到热搜数据，退出。
2025-10-10 11:10:55,584 [ERROR] 请求失败：401 Client Error: Authorization Required for url: https://www.zhihu.com/api/v3/feed/topstory/hot-lists/total?limit=50&desktop=true
2025-10-10 11:10:55,584 [ERROR] 没有获取到热榜数据，退出。
2025-10-10 12:26:21,596 [ERROR] 请求失败：403 Client Error: Forbidden for url: https://www.zhihu.com/api/v4/search/top_search
2025-10-10 12:26:21,596 [ERROR] 没有获取到热搜数据，退出。
2025-10-10 12:26:22,004 [ERROR] 请求失败：403 Client Error: Forbidden for url: https://www.zhihu.com/api/v3/feed/topstory/hot-lists/total?limit=50&desktop=true
2025-10-10 12:26:22,004 [ERROR] 没有获取到热榜数据，退出。
2025-10-10 13:22:00,921 [ERROR] 请求失败：403 Client Error: Forbidden for url: https://www.zhihu.com/api/v4/search/top_search
2025-10-10 13:22:00,921 [ERROR] 没有获取到热搜数据，退出。
2025-10-10 13:22:01,386 [ERROR] 请求失败：401 Client Error: Authorization Required for url: https://www.zhihu.com/api/v3/feed/topstory/hot-lists/total?limit=50&desktop=true
2025-10-10 13:22:01,386 [ERROR] 没有获取到热榜数据，退出。
2025-10-10 14:12:43,368 [ERROR] 请求失败：403 Client Error: Forbidden for url: https://www.zhihu.com/api/v4/search/top_search
2025-10-10 14:12:43,368 [ERROR] 没有获取到热搜数据，退出。
2025-10-10 14:12:43,723 [ERROR] 请求失败：401 Client Error: Authorization Required for url: https://www.zhihu.com/api/v3/feed/topstory/hot-lists/total?limit=50&desktop=true
2025-10-10 14:12:43,723 [ERROR] 没有获取到热榜数据，退出。
2025-10-10 15:12:25,273 [ERROR] 请求失败：403 Client Error: Forbidden for url: https://www.zhihu.com/api/v4/search/top_search
2025-10-10 15:12:25,273 [ERROR] 没有获取到热搜数据，退出。
2025-10-10 15:12:25,763 [ERROR] 请求失败：401 Client Error: Authorization Required for url: https://www.zhihu.com/api/v3/feed/topstory/hot-lists/total?limit=50&desktop=true
2025-10-10 15:12:25,763 [ERROR] 没有获取到热榜数据，退出。
