2025-11-26 01:03:52,617 [INFO] 成功写入 10 条热搜到 hotresearch/2025_11_26/2025_11_26_1.txt
2025-11-26 01:03:53,087 [ERROR] 请求失败：401 Client Error: Authorization Required for url: https://www.zhihu.com/api/v3/feed/topstory/hot-lists/total?limit=50&desktop=true
2025-11-26 01:03:53,087 [ERROR] 没有获取到热榜数据，退出。
2025-11-26 03:09:29,208 [INFO] 成功写入 10 条热搜到 hotresearch/2025_11_26/2025_11_26_3.txt
2025-11-26 03:09:29,806 [ERROR] 请求失败：403 Client Error: Forbidden for url: https://www.zhihu.com/api/v3/feed/topstory/hot-lists/total?limit=50&desktop=true
2025-11-26 03:09:29,806 [ERROR] 没有获取到热榜数据，退出。
2025-11-26 04:19:35,792 [INFO] 成功写入 10 条热搜到 hotresearch/2025_11_26/2025_11_26_4.txt
2025-11-26 04:19:36,241 [ERROR] 请求失败：403 Client Error: Forbidden for url: https://www.zhihu.com/api/v3/feed/topstory/hot-lists/total?limit=50&desktop=true
2025-11-26 04:19:36,241 [ERROR] 没有获取到热榜数据，退出。
2025-11-26 05:13:43,063 [INFO] 成功写入 10 条热搜到 hotresearch/2025_11_26/2025_11_26_5.txt
2025-11-26 05:13:43,542 [ERROR] 请求失败：401 Client Error: Authorization Required for url: https://www.zhihu.com/api/v3/feed/topstory/hot-lists/total?limit=50&desktop=true
2025-11-26 05:13:43,542 [ERROR] 没有获取到热榜数据，退出。
2025-11-26 06:21:33,170 [INFO] 成功写入 10 条热搜到 hotresearch/2025_11_26/2025_11_26_6.txt
2025-11-26 06:21:33,699 [ERROR] 请求失败：401 Client Error: Authorization Required for url: https://www.zhihu.com/api/v3/feed/topstory/hot-lists/total?limit=50&desktop=true
2025-11-26 06:21:33,699 [ERROR] 没有获取到热榜数据，退出。
2025-11-26 07:13:46,244 [INFO] 成功写入 10 条热搜到 hotresearch/2025_11_26/2025_11_26_7.txt
2025-11-26 07:13:46,866 [ERROR] 请求失败：403 Client Error: Forbidden for url: https://www.zhihu.com/api/v3/feed/topstory/hot-lists/total?limit=50&desktop=true
2025-11-26 07:13:46,866 [ERROR] 没有获取到热榜数据，退出。
2025-11-26 08:19:09,707 [INFO] 成功写入 10 条热搜到 hotresearch/2025_11_26/2025_11_26_8.txt
2025-11-26 08:19:10,065 [ERROR] 请求失败：401 Client Error: Authorization Required for url: https://www.zhihu.com/api/v3/feed/topstory/hot-lists/total?limit=50&desktop=true
2025-11-26 08:19:10,066 [ERROR] 没有获取到热榜数据，退出。
2025-11-26 09:16:00,185 [INFO] 成功写入 10 条热搜到 hotresearch/2025_11_26/2025_11_26_9.txt
2025-11-26 09:16:00,731 [ERROR] 请求失败：401 Client Error: Authorization Required for url: https://www.zhihu.com/api/v3/feed/topstory/hot-lists/total?limit=50&desktop=true
2025-11-26 09:16:00,731 [ERROR] 没有获取到热榜数据，退出。
2025-11-26 10:15:49,068 [INFO] 成功写入 10 条热搜到 hotresearch/2025_11_26/2025_11_26_10.txt
2025-11-26 10:15:49,607 [ERROR] 请求失败：401 Client Error: Authorization Required for url: https://www.zhihu.com/api/v3/feed/topstory/hot-lists/total?limit=50&desktop=true
2025-11-26 10:15:49,607 [ERROR] 没有获取到热榜数据，退出。
2025-11-26 11:12:06,327 [ERROR] 请求失败：403 Client Error: Forbidden for url: https://www.zhihu.com/api/v4/search/top_search
2025-11-26 11:12:06,327 [ERROR] 没有获取到热搜数据，退出。
2025-11-26 11:12:06,815 [ERROR] 请求失败：401 Client Error: Authorization Required for url: https://www.zhihu.com/api/v3/feed/topstory/hot-lists/total?limit=50&desktop=true
2025-11-26 11:12:06,815 [ERROR] 没有获取到热榜数据，退出。
2025-11-26 12:28:36,781 [INFO] 成功写入 10 条热搜到 hotresearch/2025_11_26/2025_11_26_12.txt
2025-11-26 12:28:37,293 [ERROR] 请求失败：401 Client Error: Authorization Required for url: https://www.zhihu.com/api/v3/feed/topstory/hot-lists/total?limit=50&desktop=true
2025-11-26 12:28:37,293 [ERROR] 没有获取到热榜数据，退出。
2025-11-26 13:29:44,391 [INFO] 成功写入 10 条热搜到 hotresearch/2025_11_26/2025_11_26_13.txt
2025-11-26 13:29:44,762 [ERROR] 请求失败：401 Client Error: Authorization Required for url: https://www.zhihu.com/api/v3/feed/topstory/hot-lists/total?limit=50&desktop=true
2025-11-26 13:29:44,762 [ERROR] 没有获取到热榜数据，退出。
2025-11-26 14:14:16,982 [INFO] 成功写入 10 条热搜到 hotresearch/2025_11_26/2025_11_26_14.txt
2025-11-26 14:14:17,498 [ERROR] 请求失败：403 Client Error: Forbidden for url: https://www.zhihu.com/api/v3/feed/topstory/hot-lists/total?limit=50&desktop=true
2025-11-26 14:14:17,498 [ERROR] 没有获取到热榜数据，退出。
2025-11-26 15:12:53,063 [INFO] 成功写入 10 条热搜到 hotresearch/2025_11_26/2025_11_26_15.txt
2025-11-26 15:12:53,412 [ERROR] 请求失败：401 Client Error: Authorization Required for url: https://www.zhihu.com/api/v3/feed/topstory/hot-lists/total?limit=50&desktop=true
2025-11-26 15:12:53,412 [ERROR] 没有获取到热榜数据，退出。
2025-11-26 16:17:22,225 [INFO] 成功写入 10 条热搜到 hotresearch/2025_11_26/2025_11_26_16.txt
2025-11-26 16:17:22,787 [ERROR] 请求失败：403 Client Error: Forbidden for url: https://www.zhihu.com/api/v3/feed/topstory/hot-lists/total?limit=50&desktop=true
2025-11-26 16:17:22,788 [ERROR] 没有获取到热榜数据，退出。
2025-11-26 17:12:25,904 [ERROR] 请求失败：403 Client Error: Forbidden for url: https://www.zhihu.com/api/v4/search/top_search
2025-11-26 17:12:25,904 [ERROR] 没有获取到热搜数据，退出。
2025-11-26 17:12:26,470 [ERROR] 请求失败：401 Client Error: Authorization Required for url: https://www.zhihu.com/api/v3/feed/topstory/hot-lists/total?limit=50&desktop=true
2025-11-26 17:12:26,470 [ERROR] 没有获取到热榜数据，退出。
