2025-06-24 01:05:53,599 [ERROR] 请求失败：403 Client Error: Forbidden for url: https://www.zhihu.com/api/v4/search/top_search
2025-06-24 01:05:53,599 [ERROR] 没有获取到热搜数据，退出。
2025-06-24 01:05:53,954 [ERROR] 请求失败：401 Client Error: Authorization Required for url: https://www.zhihu.com/api/v3/feed/topstory/hot-lists/total?limit=50&desktop=true
2025-06-24 01:05:53,954 [ERROR] 没有获取到热榜数据，退出。
2025-06-24 03:14:21,945 [ERROR] 请求失败：403 Client Error: Forbidden for url: https://www.zhihu.com/api/v4/search/top_search
2025-06-24 03:14:21,945 [ERROR] 没有获取到热搜数据，退出。
2025-06-24 03:14:22,307 [ERROR] 请求失败：401 Client Error: Authorization Required for url: https://www.zhihu.com/api/v3/feed/topstory/hot-lists/total?limit=50&desktop=true
2025-06-24 03:14:22,307 [ERROR] 没有获取到热榜数据，退出。
2025-06-24 04:23:17,190 [ERROR] 请求失败：403 Client Error: Forbidden for url: https://www.zhihu.com/api/v4/search/top_search
2025-06-24 04:23:17,190 [ERROR] 没有获取到热搜数据，退出。
2025-06-24 04:23:17,645 [ERROR] 请求失败：403 Client Error: Forbidden for url: https://www.zhihu.com/api/v3/feed/topstory/hot-lists/total?limit=50&desktop=true
2025-06-24 04:23:17,645 [ERROR] 没有获取到热榜数据，退出。
2025-06-24 05:15:44,446 [ERROR] 请求失败：403 Client Error: Forbidden for url: https://www.zhihu.com/api/v4/search/top_search
2025-06-24 05:15:44,446 [ERROR] 没有获取到热搜数据，退出。
2025-06-24 05:15:44,802 [ERROR] 请求失败：401 Client Error: Authorization Required for url: https://www.zhihu.com/api/v3/feed/topstory/hot-lists/total?limit=50&desktop=true
2025-06-24 05:15:44,803 [ERROR] 没有获取到热榜数据，退出。
2025-06-24 06:20:28,888 [ERROR] 请求失败：403 Client Error: Forbidden for url: https://www.zhihu.com/api/v4/search/top_search
2025-06-24 06:20:28,888 [ERROR] 没有获取到热搜数据，退出。
2025-06-24 06:20:29,782 [ERROR] 请求失败：403 Client Error: Forbidden for url: https://www.zhihu.com/api/v3/feed/topstory/hot-lists/total?limit=50&desktop=true
2025-06-24 06:20:29,782 [ERROR] 没有获取到热榜数据，退出。
2025-06-24 07:14:21,107 [ERROR] 请求失败：403 Client Error: Forbidden for url: https://www.zhihu.com/api/v4/search/top_search
2025-06-24 07:14:21,107 [ERROR] 没有获取到热搜数据，退出。
2025-06-24 07:14:21,562 [ERROR] 请求失败：403 Client Error: Forbidden for url: https://www.zhihu.com/api/v3/feed/topstory/hot-lists/total?limit=50&desktop=true
2025-06-24 07:14:21,562 [ERROR] 没有获取到热榜数据，退出。
2025-06-24 08:18:47,201 [ERROR] 请求失败：403 Client Error: Forbidden for url: https://www.zhihu.com/api/v4/search/top_search
2025-06-24 08:18:47,201 [ERROR] 没有获取到热搜数据，退出。
2025-06-24 08:18:47,714 [ERROR] 请求失败：403 Client Error: Forbidden for url: https://www.zhihu.com/api/v3/feed/topstory/hot-lists/total?limit=50&desktop=true
2025-06-24 08:18:47,714 [ERROR] 没有获取到热榜数据，退出。
2025-06-24 09:15:29,982 [ERROR] 请求失败：403 Client Error: Forbidden for url: https://www.zhihu.com/api/v4/search/top_search
2025-06-24 09:15:29,982 [ERROR] 没有获取到热搜数据，退出。
2025-06-24 09:15:30,451 [ERROR] 请求失败：403 Client Error: Forbidden for url: https://www.zhihu.com/api/v3/feed/topstory/hot-lists/total?limit=50&desktop=true
2025-06-24 09:15:30,451 [ERROR] 没有获取到热榜数据，退出。
2025-06-24 10:14:43,148 [ERROR] 请求失败：403 Client Error: Forbidden for url: https://www.zhihu.com/api/v4/search/top_search
2025-06-24 10:14:43,148 [ERROR] 没有获取到热搜数据，退出。
2025-06-24 10:14:43,633 [ERROR] 请求失败：401 Client Error: Authorization Required for url: https://www.zhihu.com/api/v3/feed/topstory/hot-lists/total?limit=50&desktop=true
2025-06-24 10:14:43,633 [ERROR] 没有获取到热榜数据，退出。
2025-06-24 11:11:52,219 [ERROR] 请求失败：403 Client Error: Forbidden for url: https://www.zhihu.com/api/v4/search/top_search
2025-06-24 11:11:52,219 [ERROR] 没有获取到热搜数据，退出。
2025-06-24 11:11:52,731 [ERROR] 请求失败：401 Client Error: Authorization Required for url: https://www.zhihu.com/api/v3/feed/topstory/hot-lists/total?limit=50&desktop=true
2025-06-24 11:11:52,731 [ERROR] 没有获取到热榜数据，退出。
2025-06-24 12:27:10,142 [ERROR] 请求失败：403 Client Error: Forbidden for url: https://www.zhihu.com/api/v4/search/top_search
2025-06-24 12:27:10,142 [ERROR] 没有获取到热搜数据，退出。
2025-06-24 12:27:10,615 [ERROR] 请求失败：401 Client Error: Authorization Required for url: https://www.zhihu.com/api/v3/feed/topstory/hot-lists/total?limit=50&desktop=true
2025-06-24 12:27:10,616 [ERROR] 没有获取到热榜数据，退出。
2025-06-24 13:29:13,716 [ERROR] 请求失败：403 Client Error: Forbidden for url: https://www.zhihu.com/api/v4/search/top_search
2025-06-24 13:29:13,716 [ERROR] 没有获取到热搜数据，退出。
2025-06-24 13:29:14,195 [ERROR] 请求失败：401 Client Error: Authorization Required for url: https://www.zhihu.com/api/v3/feed/topstory/hot-lists/total?limit=50&desktop=true
2025-06-24 13:29:14,196 [ERROR] 没有获取到热榜数据，退出。
2025-06-24 14:13:20,351 [ERROR] 请求失败：403 Client Error: Forbidden for url: https://www.zhihu.com/api/v4/search/top_search
2025-06-24 14:13:20,352 [ERROR] 没有获取到热搜数据，退出。
2025-06-24 14:13:20,827 [ERROR] 请求失败：401 Client Error: Authorization Required for url: https://www.zhihu.com/api/v3/feed/topstory/hot-lists/total?limit=50&desktop=true
2025-06-24 14:13:20,827 [ERROR] 没有获取到热榜数据，退出。
2025-06-24 15:14:43,229 [ERROR] 请求失败：403 Client Error: Forbidden for url: https://www.zhihu.com/api/v4/search/top_search
2025-06-24 15:14:43,230 [ERROR] 没有获取到热搜数据，退出。
2025-06-24 15:14:43,724 [ERROR] 请求失败：403 Client Error: Forbidden for url: https://www.zhihu.com/api/v3/feed/topstory/hot-lists/total?limit=50&desktop=true
2025-06-24 15:14:43,724 [ERROR] 没有获取到热榜数据，退出。
2025-06-24 16:16:42,539 [ERROR] 请求失败：403 Client Error: Forbidden for url: https://www.zhihu.com/api/v4/search/top_search
2025-06-24 16:16:42,539 [ERROR] 没有获取到热搜数据，退出。
2025-06-24 16:16:43,006 [ERROR] 请求失败：401 Client Error: Authorization Required for url: https://www.zhihu.com/api/v3/feed/topstory/hot-lists/total?limit=50&desktop=true
2025-06-24 16:16:43,006 [ERROR] 没有获取到热榜数据，退出。
2025-06-24 17:13:29,114 [ERROR] 请求失败：403 Client Error: Forbidden for url: https://www.zhihu.com/api/v4/search/top_search
2025-06-24 17:13:29,114 [ERROR] 没有获取到热搜数据，退出。
2025-06-24 17:13:29,585 [ERROR] 请求失败：401 Client Error: Authorization Required for url: https://www.zhihu.com/api/v3/feed/topstory/hot-lists/total?limit=50&desktop=true
2025-06-24 17:13:29,585 [ERROR] 没有获取到热榜数据，退出。
2025-06-24 18:18:35,553 [ERROR] 请求失败：403 Client Error: Forbidden for url: https://www.zhihu.com/api/v4/search/top_search
2025-06-24 18:18:35,554 [ERROR] 没有获取到热搜数据，退出。
2025-06-24 18:18:36,031 [ERROR] 请求失败：401 Client Error: Authorization Required for url: https://www.zhihu.com/api/v3/feed/topstory/hot-lists/total?limit=50&desktop=true
2025-06-24 18:18:36,031 [ERROR] 没有获取到热榜数据，退出。
2025-06-24 19:10:36,921 [ERROR] 请求失败：403 Client Error: Forbidden for url: https://www.zhihu.com/api/v4/search/top_search
2025-06-24 19:10:36,922 [ERROR] 没有获取到热搜数据，退出。
2025-06-24 19:10:37,415 [ERROR] 请求失败：401 Client Error: Authorization Required for url: https://www.zhihu.com/api/v3/feed/topstory/hot-lists/total?limit=50&desktop=true
2025-06-24 19:10:37,415 [ERROR] 没有获取到热榜数据，退出。
2025-06-24 20:15:03,371 [INFO] 成功写入 10 条热搜到 hotresearch/2025_6_24/2025_6_24_20.txt
2025-06-24 20:15:03,909 [ERROR] 请求失败：401 Client Error: Authorization Required for url: https://www.zhihu.com/api/v3/feed/topstory/hot-lists/total?limit=50&desktop=true
2025-06-24 20:15:03,909 [ERROR] 没有获取到热榜数据，退出。
2025-06-24 21:12:26,565 [ERROR] 请求失败：403 Client Error: Forbidden for url: https://www.zhihu.com/api/v4/search/top_search
2025-06-24 21:12:26,565 [ERROR] 没有获取到热搜数据，退出。
2025-06-24 21:12:27,094 [ERROR] 请求失败：401 Client Error: Authorization Required for url: https://www.zhihu.com/api/v3/feed/topstory/hot-lists/total?limit=50&desktop=true
2025-06-24 21:12:27,094 [ERROR] 没有获取到热榜数据，退出。
2025-06-24 22:12:40,246 [ERROR] 请求失败：403 Client Error: Forbidden for url: https://www.zhihu.com/api/v4/search/top_search
2025-06-24 22:12:40,246 [ERROR] 没有获取到热搜数据，退出。
2025-06-24 22:12:40,691 [ERROR] 请求失败：401 Client Error: Authorization Required for url: https://www.zhihu.com/api/v3/feed/topstory/hot-lists/total?limit=50&desktop=true
2025-06-24 22:12:40,691 [ERROR] 没有获取到热榜数据，退出。
