2025-10-01 01:06:11,341 [WARNING] Retrying (Retry(total=4, connect=None, read=None, redirect=None, status=None)) after connection broken by 'NewConnectionError('<urllib3.connection.HTTPSConnection object at 0x7f266cc3d220>: Failed to establish a new connection: [Errno 101] Network is unreachable')': /api/v4/search/top_search
2025-10-01 01:06:23,352 [WARNING] Retrying (Retry(total=3, connect=None, read=None, redirect=None, status=None)) after connection broken by 'NewConnectionError('<urllib3.connection.HTTPSConnection object at 0x7f266db4b1d0>: Failed to establish a new connection: [Errno 101] Network is unreachable')': /api/v4/search/top_search
2025-10-01 01:06:37,364 [WARNING] Retrying (Retry(total=2, connect=None, read=None, redirect=None, status=None)) after connection broken by 'NewConnectionError('<urllib3.connection.HTTPSConnection object at 0x7f266cc3e8d0>: Failed to establish a new connection: [Errno 101] Network is unreachable')': /api/v4/search/top_search
2025-10-01 01:06:55,375 [WARNING] Retrying (Retry(total=1, connect=None, read=None, redirect=None, status=None)) after connection broken by 'NewConnectionError('<urllib3.connection.HTTPSConnection object at 0x7f266cc3ea20>: Failed to establish a new connection: [Errno 101] Network is unreachable')': /api/v4/search/top_search
2025-10-01 01:07:21,387 [WARNING] Retrying (Retry(total=0, connect=None, read=None, redirect=None, status=None)) after connection broken by 'NewConnectionError('<urllib3.connection.HTTPSConnection object at 0x7f266cc3eb70>: Failed to establish a new connection: [Errno 101] Network is unreachable')': /api/v4/search/top_search
2025-10-01 01:07:31,522 [ERROR] 请求失败：HTTPSConnectionPool(host='www.zhihu.com', port=443): Max retries exceeded with url: /api/v4/search/top_search (Caused by NewConnectionError('<urllib3.connection.HTTPSConnection object at 0x7f266cc3ecc0>: Failed to establish a new connection: [Errno 101] Network is unreachable'))
2025-10-01 01:07:31,522 [ERROR] 没有获取到热搜数据，退出。
2025-10-01 01:07:41,644 [WARNING] Retrying (Retry(total=4, connect=None, read=None, redirect=None, status=None)) after connection broken by 'NewConnectionError('<urllib3.connection.HTTPSConnection object at 0x7f3e89f6e480>: Failed to establish a new connection: [Errno 101] Network is unreachable')': /api/v3/feed/topstory/hot-lists/total?limit=50&desktop=true
2025-10-01 01:07:53,655 [WARNING] Retrying (Retry(total=3, connect=None, read=None, redirect=None, status=None)) after connection broken by 'NewConnectionError('<urllib3.connection.HTTPSConnection object at 0x7f3e8a329f40>: Failed to establish a new connection: [Errno 101] Network is unreachable')': /api/v3/feed/topstory/hot-lists/total?limit=50&desktop=true
2025-10-01 01:08:07,667 [WARNING] Retrying (Retry(total=2, connect=None, read=None, redirect=None, status=None)) after connection broken by 'NewConnectionError('<urllib3.connection.HTTPSConnection object at 0x7f3e89f6ecc0>: Failed to establish a new connection: [Errno 101] Network is unreachable')': /api/v3/feed/topstory/hot-lists/total?limit=50&desktop=true
2025-10-01 01:08:25,678 [WARNING] Retrying (Retry(total=1, connect=None, read=None, redirect=None, status=None)) after connection broken by 'NewConnectionError('<urllib3.connection.HTTPSConnection object at 0x7f3e89f6eed0>: Failed to establish a new connection: [Errno 101] Network is unreachable')': /api/v3/feed/topstory/hot-lists/total?limit=50&desktop=true
2025-10-01 01:08:51,722 [WARNING] Retrying (Retry(total=0, connect=None, read=None, redirect=None, status=None)) after connection broken by 'NewConnectionError('<urllib3.connection.HTTPSConnection object at 0x7f3e89f6f020>: Failed to establish a new connection: [Errno 101] Network is unreachable')': /api/v3/feed/topstory/hot-lists/total?limit=50&desktop=true
2025-10-01 01:09:01,729 [ERROR] 请求失败：HTTPSConnectionPool(host='www.zhihu.com', port=443): Max retries exceeded with url: /api/v3/feed/topstory/hot-lists/total?limit=50&desktop=true (Caused by NewConnectionError('<urllib3.connection.HTTPSConnection object at 0x7f3e89f6f170>: Failed to establish a new connection: [Errno 101] Network is unreachable'))
2025-10-01 01:09:01,729 [ERROR] 没有获取到热榜数据，退出。
2025-10-01 03:05:44,921 [ERROR] 请求失败：403 Client Error: Forbidden for url: https://www.zhihu.com/api/v4/search/top_search
2025-10-01 03:05:44,921 [ERROR] 没有获取到热搜数据，退出。
2025-10-01 03:05:45,374 [ERROR] 请求失败：403 Client Error: Forbidden for url: https://www.zhihu.com/api/v3/feed/topstory/hot-lists/total?limit=50&desktop=true
2025-10-01 03:05:45,375 [ERROR] 没有获取到热榜数据，退出。
2025-10-01 04:15:09,368 [ERROR] 请求失败：403 Client Error: Forbidden for url: https://www.zhihu.com/api/v4/search/top_search
2025-10-01 04:15:09,368 [ERROR] 没有获取到热搜数据，退出。
2025-10-01 04:15:09,738 [ERROR] 请求失败：401 Client Error: Authorization Required for url: https://www.zhihu.com/api/v3/feed/topstory/hot-lists/total?limit=50&desktop=true
2025-10-01 04:15:09,738 [ERROR] 没有获取到热榜数据，退出。
2025-10-01 05:13:05,443 [ERROR] 请求失败：403 Client Error: Forbidden for url: https://www.zhihu.com/api/v4/search/top_search
2025-10-01 05:13:05,443 [ERROR] 没有获取到热搜数据，退出。
2025-10-01 05:13:05,837 [ERROR] 请求失败：401 Client Error: Authorization Required for url: https://www.zhihu.com/api/v3/feed/topstory/hot-lists/total?limit=50&desktop=true
2025-10-01 05:13:05,837 [ERROR] 没有获取到热榜数据，退出。
2025-10-01 06:19:21,004 [ERROR] 请求失败：403 Client Error: Forbidden for url: https://www.zhihu.com/api/v4/search/top_search
2025-10-01 06:19:21,004 [ERROR] 没有获取到热搜数据，退出。
2025-10-01 06:19:21,461 [ERROR] 请求失败：401 Client Error: Authorization Required for url: https://www.zhihu.com/api/v3/feed/topstory/hot-lists/total?limit=50&desktop=true
2025-10-01 06:19:21,461 [ERROR] 没有获取到热榜数据，退出。
2025-10-01 07:12:55,286 [ERROR] 请求失败：403 Client Error: Forbidden for url: https://www.zhihu.com/api/v4/search/top_search
2025-10-01 07:12:55,286 [ERROR] 没有获取到热搜数据，退出。
2025-10-01 07:12:55,663 [ERROR] 请求失败：401 Client Error: Authorization Required for url: https://www.zhihu.com/api/v3/feed/topstory/hot-lists/total?limit=50&desktop=true
2025-10-01 07:12:55,663 [ERROR] 没有获取到热榜数据，退出。
2025-10-01 08:17:27,776 [ERROR] 请求失败：403 Client Error: Forbidden for url: https://www.zhihu.com/api/v4/search/top_search
2025-10-01 08:17:27,777 [ERROR] 没有获取到热搜数据，退出。
2025-10-01 08:17:28,226 [ERROR] 请求失败：401 Client Error: Authorization Required for url: https://www.zhihu.com/api/v3/feed/topstory/hot-lists/total?limit=50&desktop=true
2025-10-01 08:17:28,226 [ERROR] 没有获取到热榜数据，退出。
2025-10-01 09:14:16,319 [ERROR] 请求失败：403 Client Error: Forbidden for url: https://www.zhihu.com/api/v4/search/top_search
2025-10-01 09:14:16,319 [ERROR] 没有获取到热搜数据，退出。
2025-10-01 09:14:16,695 [ERROR] 请求失败：401 Client Error: Authorization Required for url: https://www.zhihu.com/api/v3/feed/topstory/hot-lists/total?limit=50&desktop=true
2025-10-01 09:14:16,695 [ERROR] 没有获取到热榜数据，退出。
2025-10-01 10:13:51,260 [ERROR] 请求失败：403 Client Error: Forbidden for url: https://www.zhihu.com/api/v4/search/top_search
2025-10-01 10:13:51,261 [ERROR] 没有获取到热搜数据，退出。
2025-10-01 10:13:51,731 [ERROR] 请求失败：401 Client Error: Authorization Required for url: https://www.zhihu.com/api/v3/feed/topstory/hot-lists/total?limit=50&desktop=true
2025-10-01 10:13:51,731 [ERROR] 没有获取到热榜数据，退出。
2025-10-01 11:11:36,426 [INFO] 成功写入 10 条热搜到 hotresearch/2025_10_1/2025_10_1_11.txt
2025-10-01 11:11:36,908 [ERROR] 请求失败：401 Client Error: Authorization Required for url: https://www.zhihu.com/api/v3/feed/topstory/hot-lists/total?limit=50&desktop=true
2025-10-01 11:11:36,908 [ERROR] 没有获取到热榜数据，退出。
2025-10-01 12:27:04,629 [ERROR] 请求失败：403 Client Error: Forbidden for url: https://www.zhihu.com/api/v4/search/top_search
2025-10-01 12:27:04,629 [ERROR] 没有获取到热搜数据，退出。
2025-10-01 12:27:05,005 [ERROR] 请求失败：401 Client Error: Authorization Required for url: https://www.zhihu.com/api/v3/feed/topstory/hot-lists/total?limit=50&desktop=true
2025-10-01 12:27:05,005 [ERROR] 没有获取到热榜数据，退出。
2025-10-01 13:24:24,024 [ERROR] 请求失败：403 Client Error: Forbidden for url: https://www.zhihu.com/api/v4/search/top_search
2025-10-01 13:24:24,024 [ERROR] 没有获取到热搜数据，退出。
2025-10-01 13:24:24,398 [ERROR] 请求失败：401 Client Error: Authorization Required for url: https://www.zhihu.com/api/v3/feed/topstory/hot-lists/total?limit=50&desktop=true
2025-10-01 13:24:24,398 [ERROR] 没有获取到热榜数据，退出。
2025-10-01 14:13:12,823 [ERROR] 请求失败：403 Client Error: Forbidden for url: https://www.zhihu.com/api/v4/search/top_search
2025-10-01 14:13:12,824 [ERROR] 没有获取到热搜数据，退出。
2025-10-01 14:13:13,336 [ERROR] 请求失败：401 Client Error: Authorization Required for url: https://www.zhihu.com/api/v3/feed/topstory/hot-lists/total?limit=50&desktop=true
2025-10-01 14:13:13,336 [ERROR] 没有获取到热榜数据，退出。
2025-10-01 15:11:46,078 [INFO] 成功写入 10 条热搜到 hotresearch/2025_10_1/2025_10_1_15.txt
2025-10-01 15:11:46,617 [ERROR] 请求失败：401 Client Error: Authorization Required for url: https://www.zhihu.com/api/v3/feed/topstory/hot-lists/total?limit=50&desktop=true
2025-10-01 15:11:46,617 [ERROR] 没有获取到热榜数据，退出。
