2025-10-09 00:59:15,418 [ERROR] 请求失败：403 Client Error: Forbidden for url: https://www.zhihu.com/api/v4/search/top_search
2025-10-09 00:59:15,418 [ERROR] 没有获取到热搜数据，退出。
2025-10-09 00:59:15,764 [ERROR] 请求失败：401 Client Error: Authorization Required for url: https://www.zhihu.com/api/v3/feed/topstory/hot-lists/total?limit=50&desktop=true
2025-10-09 00:59:15,764 [ERROR] 没有获取到热榜数据，退出。
2025-10-09 02:23:00,539 [ERROR] 请求失败：403 Client Error: Forbidden for url: https://www.zhihu.com/api/v4/search/top_search
2025-10-09 02:23:00,539 [ERROR] 没有获取到热搜数据，退出。
2025-10-09 02:23:00,885 [ERROR] 请求失败：401 Client Error: Authorization Required for url: https://www.zhihu.com/api/v3/feed/topstory/hot-lists/total?limit=50&desktop=true
2025-10-09 02:23:00,885 [ERROR] 没有获取到热榜数据，退出。
2025-10-09 03:28:14,815 [ERROR] 请求失败：403 Client Error: Forbidden for url: https://www.zhihu.com/api/v4/search/top_search
2025-10-09 03:28:14,816 [ERROR] 没有获取到热搜数据，退出。
2025-10-09 03:28:15,162 [ERROR] 请求失败：401 Client Error: Authorization Required for url: https://www.zhihu.com/api/v3/feed/topstory/hot-lists/total?limit=50&desktop=true
2025-10-09 03:28:15,162 [ERROR] 没有获取到热榜数据，退出。
2025-10-09 04:15:20,734 [ERROR] 请求失败：403 Client Error: Forbidden for url: https://www.zhihu.com/api/v4/search/top_search
2025-10-09 04:15:20,735 [ERROR] 没有获取到热搜数据，退出。
2025-10-09 04:15:21,217 [ERROR] 请求失败：403 Client Error: Forbidden for url: https://www.zhihu.com/api/v3/feed/topstory/hot-lists/total?limit=50&desktop=true
2025-10-09 04:15:21,217 [ERROR] 没有获取到热榜数据，退出。
2025-10-09 05:13:15,533 [WARNING] Retrying (Retry(total=4, connect=None, read=None, redirect=None, status=None)) after connection broken by 'NewConnectionError('<urllib3.connection.HTTPSConnection object at 0x7f6739e46720>: Failed to establish a new connection: [Errno 101] Network is unreachable')': /api/v4/search/top_search
2025-10-09 05:13:27,545 [WARNING] Retrying (Retry(total=3, connect=None, read=None, redirect=None, status=None)) after connection broken by 'NewConnectionError('<urllib3.connection.HTTPSConnection object at 0x7f673ad0b1d0>: Failed to establish a new connection: [Errno 101] Network is unreachable')': /api/v4/search/top_search
2025-10-09 05:13:41,556 [WARNING] Retrying (Retry(total=2, connect=None, read=None, redirect=None, status=None)) after connection broken by 'NewConnectionError('<urllib3.connection.HTTPSConnection object at 0x7f6739e46990>: Failed to establish a new connection: [Errno 101] Network is unreachable')': /api/v4/search/top_search
2025-10-09 05:13:59,567 [WARNING] Retrying (Retry(total=1, connect=None, read=None, redirect=None, status=None)) after connection broken by 'NewConnectionError('<urllib3.connection.HTTPSConnection object at 0x7f6739e46ae0>: Failed to establish a new connection: [Errno 101] Network is unreachable')': /api/v4/search/top_search
2025-10-09 05:14:25,570 [WARNING] Retrying (Retry(total=0, connect=None, read=None, redirect=None, status=None)) after connection broken by 'NewConnectionError('<urllib3.connection.HTTPSConnection object at 0x7f6739e46c30>: Failed to establish a new connection: [Errno 101] Network is unreachable')': /api/v4/search/top_search
2025-10-09 05:14:35,660 [ERROR] 请求失败：HTTPSConnectionPool(host='www.zhihu.com', port=443): Max retries exceeded with url: /api/v4/search/top_search (Caused by NewConnectionError('<urllib3.connection.HTTPSConnection object at 0x7f6739e46d80>: Failed to establish a new connection: [Errno 101] Network is unreachable'))
2025-10-09 05:14:35,660 [ERROR] 没有获取到热搜数据，退出。
2025-10-09 05:14:45,776 [WARNING] Retrying (Retry(total=4, connect=None, read=None, redirect=None, status=None)) after connection broken by 'NewConnectionError('<urllib3.connection.HTTPSConnection object at 0x7fd83269d3a0>: Failed to establish a new connection: [Errno 101] Network is unreachable')': /api/v3/feed/topstory/hot-lists/total?limit=50&desktop=true
2025-10-09 05:14:57,787 [WARNING] Retrying (Retry(total=3, connect=None, read=None, redirect=None, status=None)) after connection broken by 'NewConnectionError('<urllib3.connection.HTTPSConnection object at 0x7fd832473560>: Failed to establish a new connection: [Errno 101] Network is unreachable')': /api/v3/feed/topstory/hot-lists/total?limit=50&desktop=true
2025-10-09 05:15:11,799 [WARNING] Retrying (Retry(total=2, connect=None, read=None, redirect=None, status=None)) after connection broken by 'NewConnectionError('<urllib3.connection.HTTPSConnection object at 0x7fd83231ed80>: Failed to establish a new connection: [Errno 101] Network is unreachable')': /api/v3/feed/topstory/hot-lists/total?limit=50&desktop=true
2025-10-09 05:15:29,810 [WARNING] Retrying (Retry(total=1, connect=None, read=None, redirect=None, status=None)) after connection broken by 'NewConnectionError('<urllib3.connection.HTTPSConnection object at 0x7fd83231f020>: Failed to establish a new connection: [Errno 101] Network is unreachable')': /api/v3/feed/topstory/hot-lists/total?limit=50&desktop=true
2025-10-09 05:15:55,903 [WARNING] Retrying (Retry(total=0, connect=None, read=None, redirect=None, status=None)) after connection broken by 'NewConnectionError('<urllib3.connection.HTTPSConnection object at 0x7fd83231f170>: Failed to establish a new connection: [Errno 101] Network is unreachable')': /api/v3/feed/topstory/hot-lists/total?limit=50&desktop=true
2025-10-09 05:16:05,914 [ERROR] 请求失败：HTTPSConnectionPool(host='www.zhihu.com', port=443): Max retries exceeded with url: /api/v3/feed/topstory/hot-lists/total?limit=50&desktop=true (Caused by NewConnectionError('<urllib3.connection.HTTPSConnection object at 0x7fd83231f2c0>: Failed to establish a new connection: [Errno 101] Network is unreachable'))
2025-10-09 05:16:05,914 [ERROR] 没有获取到热榜数据，退出。
2025-10-09 06:19:40,151 [ERROR] 请求失败：403 Client Error: Forbidden for url: https://www.zhihu.com/api/v4/search/top_search
2025-10-09 06:19:40,151 [ERROR] 没有获取到热搜数据，退出。
2025-10-09 06:19:40,772 [ERROR] 请求失败：403 Client Error: Forbidden for url: https://www.zhihu.com/api/v3/feed/topstory/hot-lists/total?limit=50&desktop=true
2025-10-09 06:19:40,772 [ERROR] 没有获取到热榜数据，退出。
