2025-12-03 01:05:43,999 [INFO] 成功写入 10 条热搜到 hotresearch/2025_12_3/2025_12_3_1.txt
2025-12-03 01:05:44,493 [ERROR] 请求失败：401 Client Error: Authorization Required for url: https://www.zhihu.com/api/v3/feed/topstory/hot-lists/total?limit=50&desktop=true
2025-12-03 01:05:44,494 [ERROR] 没有获取到热榜数据，退出。
2025-12-03 03:11:49,100 [INFO] 成功写入 10 条热搜到 hotresearch/2025_12_3/2025_12_3_3.txt
2025-12-03 03:11:49,469 [ERROR] 请求失败：401 Client Error: Authorization Required for url: https://www.zhihu.com/api/v3/feed/topstory/hot-lists/total?limit=50&desktop=true
2025-12-03 03:11:49,469 [ERROR] 没有获取到热榜数据，退出。
2025-12-03 04:22:23,353 [INFO] 成功写入 10 条热搜到 hotresearch/2025_12_3/2025_12_3_4.txt
2025-12-03 04:22:23,881 [ERROR] 请求失败：403 Client Error: Forbidden for url: https://www.zhihu.com/api/v3/feed/topstory/hot-lists/total?limit=50&desktop=true
2025-12-03 04:22:23,881 [ERROR] 没有获取到热榜数据，退出。
2025-12-03 05:13:53,521 [INFO] 成功写入 10 条热搜到 hotresearch/2025_12_3/2025_12_3_5.txt
2025-12-03 05:13:53,957 [ERROR] 请求失败：403 Client Error: Forbidden for url: https://www.zhihu.com/api/v3/feed/topstory/hot-lists/total?limit=50&desktop=true
2025-12-03 05:13:53,957 [ERROR] 没有获取到热榜数据，退出。
2025-12-03 06:22:08,065 [INFO] 成功写入 10 条热搜到 hotresearch/2025_12_3/2025_12_3_6.txt
2025-12-03 06:22:08,559 [ERROR] 请求失败：401 Client Error: Authorization Required for url: https://www.zhihu.com/api/v3/feed/topstory/hot-lists/total?limit=50&desktop=true
2025-12-03 06:22:08,559 [ERROR] 没有获取到热榜数据，退出。
2025-12-03 07:16:11,778 [INFO] 成功写入 10 条热搜到 hotresearch/2025_12_3/2025_12_3_7.txt
2025-12-03 07:16:12,128 [ERROR] 请求失败：401 Client Error: Authorization Required for url: https://www.zhihu.com/api/v3/feed/topstory/hot-lists/total?limit=50&desktop=true
2025-12-03 07:16:12,128 [ERROR] 没有获取到热榜数据，退出。
2025-12-03 08:19:52,575 [INFO] 成功写入 10 条热搜到 hotresearch/2025_12_3/2025_12_3_8.txt
2025-12-03 08:19:53,056 [ERROR] 请求失败：401 Client Error: Authorization Required for url: https://www.zhihu.com/api/v3/feed/topstory/hot-lists/total?limit=50&desktop=true
2025-12-03 08:19:53,056 [ERROR] 没有获取到热榜数据，退出。
2025-12-03 09:17:43,343 [INFO] 成功写入 10 条热搜到 hotresearch/2025_12_3/2025_12_3_9.txt
2025-12-03 09:17:43,794 [ERROR] 请求失败：401 Client Error: Authorization Required for url: https://www.zhihu.com/api/v3/feed/topstory/hot-lists/total?limit=50&desktop=true
2025-12-03 09:17:43,794 [ERROR] 没有获取到热榜数据，退出。
2025-12-03 10:16:15,820 [INFO] 成功写入 10 条热搜到 hotresearch/2025_12_3/2025_12_3_10.txt
2025-12-03 10:16:16,340 [ERROR] 请求失败：401 Client Error: Authorization Required for url: https://www.zhihu.com/api/v3/feed/topstory/hot-lists/total?limit=50&desktop=true
2025-12-03 10:16:16,340 [ERROR] 没有获取到热榜数据，退出。
2025-12-03 11:13:03,938 [INFO] 成功写入 10 条热搜到 hotresearch/2025_12_3/2025_12_3_11.txt
2025-12-03 11:13:04,398 [ERROR] 请求失败：403 Client Error: Forbidden for url: https://www.zhihu.com/api/v3/feed/topstory/hot-lists/total?limit=50&desktop=true
2025-12-03 11:13:04,398 [ERROR] 没有获取到热榜数据，退出。
2025-12-03 12:28:55,126 [WARNING] Retrying (Retry(total=4, connect=None, read=None, redirect=None, status=None)) after connection broken by 'NewConnectionError('<urllib3.connection.HTTPSConnection object at 0x7fd3acbc84a0>: Failed to establish a new connection: [Errno 101] Network is unreachable')': /api/v4/search/top_search
2025-12-03 12:29:07,129 [WARNING] Retrying (Retry(total=3, connect=None, read=None, redirect=None, status=None)) after connection broken by 'NewConnectionError('<urllib3.connection.HTTPSConnection object at 0x7fd3acd26240>: Failed to establish a new connection: [Errno 101] Network is unreachable')': /api/v4/search/top_search
2025-12-03 12:29:21,141 [WARNING] Retrying (Retry(total=2, connect=None, read=None, redirect=None, status=None)) after connection broken by 'NewConnectionError('<urllib3.connection.HTTPSConnection object at 0x7fd3acbcaa80>: Failed to establish a new connection: [Errno 101] Network is unreachable')': /api/v4/search/top_search
2025-12-03 12:29:39,152 [WARNING] Retrying (Retry(total=1, connect=None, read=None, redirect=None, status=None)) after connection broken by 'NewConnectionError('<urllib3.connection.HTTPSConnection object at 0x7fd3acbcabd0>: Failed to establish a new connection: [Errno 101] Network is unreachable')': /api/v4/search/top_search
2025-12-03 12:30:05,164 [WARNING] Retrying (Retry(total=0, connect=None, read=None, redirect=None, status=None)) after connection broken by 'NewConnectionError('<urllib3.connection.HTTPSConnection object at 0x7fd3acbcad20>: Failed to establish a new connection: [Errno 101] Network is unreachable')': /api/v4/search/top_search
2025-12-03 12:30:15,229 [ERROR] 请求失败：HTTPSConnectionPool(host='www.zhihu.com', port=443): Max retries exceeded with url: /api/v4/search/top_search (Caused by NewConnectionError('<urllib3.connection.HTTPSConnection object at 0x7fd3acbcae70>: Failed to establish a new connection: [Errno 101] Network is unreachable'))
2025-12-03 12:30:15,229 [ERROR] 没有获取到热搜数据，退出。
2025-12-03 12:30:25,346 [WARNING] Retrying (Retry(total=4, connect=None, read=None, redirect=None, status=None)) after connection broken by 'NewConnectionError('<urllib3.connection.HTTPSConnection object at 0x7fd3a663ec90>: Failed to establish a new connection: [Errno 101] Network is unreachable')': /api/v3/feed/topstory/hot-lists/total?limit=50&desktop=true
2025-12-03 12:30:37,358 [WARNING] Retrying (Retry(total=3, connect=None, read=None, redirect=None, status=None)) after connection broken by 'NewConnectionError('<urllib3.connection.HTTPSConnection object at 0x7fd3a67e80b0>: Failed to establish a new connection: [Errno 101] Network is unreachable')': /api/v3/feed/topstory/hot-lists/total?limit=50&desktop=true
2025-12-03 12:30:51,370 [WARNING] Retrying (Retry(total=2, connect=None, read=None, redirect=None, status=None)) after connection broken by 'NewConnectionError('<urllib3.connection.HTTPSConnection object at 0x7fd3a663ee70>: Failed to establish a new connection: [Errno 101] Network is unreachable')': /api/v3/feed/topstory/hot-lists/total?limit=50&desktop=true
2025-12-03 12:31:09,381 [WARNING] Retrying (Retry(total=1, connect=None, read=None, redirect=None, status=None)) after connection broken by 'NewConnectionError('<urllib3.connection.HTTPSConnection object at 0x7fd3a663efc0>: Failed to establish a new connection: [Errno 101] Network is unreachable')': /api/v3/feed/topstory/hot-lists/total?limit=50&desktop=true
2025-12-03 12:31:35,452 [WARNING] Retrying (Retry(total=0, connect=None, read=None, redirect=None, status=None)) after connection broken by 'NewConnectionError('<urllib3.connection.HTTPSConnection object at 0x7fd3a663f110>: Failed to establish a new connection: [Errno 101] Network is unreachable')': /api/v3/feed/topstory/hot-lists/total?limit=50&desktop=true
2025-12-03 12:31:45,455 [ERROR] 请求失败：HTTPSConnectionPool(host='www.zhihu.com', port=443): Max retries exceeded with url: /api/v3/feed/topstory/hot-lists/total?limit=50&desktop=true (Caused by NewConnectionError('<urllib3.connection.HTTPSConnection object at 0x7fd3a663f260>: Failed to establish a new connection: [Errno 101] Network is unreachable'))
2025-12-03 12:31:45,455 [ERROR] 没有获取到热榜数据，退出。
2025-12-03 13:30:35,513 [INFO] 成功写入 10 条热搜到 hotresearch/2025_12_3/2025_12_3_13.txt
2025-12-03 13:30:35,974 [ERROR] 请求失败：403 Client Error: Forbidden for url: https://www.zhihu.com/api/v3/feed/topstory/hot-lists/total?limit=50&desktop=true
2025-12-03 13:30:35,974 [ERROR] 没有获取到热榜数据，退出。
2025-12-03 14:14:21,819 [INFO] 成功写入 10 条热搜到 hotresearch/2025_12_3/2025_12_3_14.txt
2025-12-03 14:14:22,278 [ERROR] 请求失败：403 Client Error: Forbidden for url: https://www.zhihu.com/api/v3/feed/topstory/hot-lists/total?limit=50&desktop=true
2025-12-03 14:14:22,278 [ERROR] 没有获取到热榜数据，退出。
2025-12-03 15:15:39,818 [INFO] 成功写入 10 条热搜到 hotresearch/2025_12_3/2025_12_3_15.txt
2025-12-03 15:15:40,301 [ERROR] 请求失败：403 Client Error: Forbidden for url: https://www.zhihu.com/api/v3/feed/topstory/hot-lists/total?limit=50&desktop=true
2025-12-03 15:15:40,301 [ERROR] 没有获取到热榜数据，退出。
2025-12-03 16:19:38,846 [INFO] 成功写入 10 条热搜到 hotresearch/2025_12_3/2025_12_3_16.txt
2025-12-03 16:19:39,349 [ERROR] 请求失败：401 Client Error: Authorization Required for url: https://www.zhihu.com/api/v3/feed/topstory/hot-lists/total?limit=50&desktop=true
2025-12-03 16:19:39,349 [ERROR] 没有获取到热榜数据，退出。
2025-12-03 17:17:02,237 [INFO] 成功写入 10 条热搜到 hotresearch/2025_12_3/2025_12_3_17.txt
2025-12-03 17:17:02,615 [ERROR] 请求失败：401 Client Error: Authorization Required for url: https://www.zhihu.com/api/v3/feed/topstory/hot-lists/total?limit=50&desktop=true
2025-12-03 17:17:02,615 [ERROR] 没有获取到热榜数据，退出。
2025-12-03 18:21:43,384 [INFO] 成功写入 10 条热搜到 hotresearch/2025_12_3/2025_12_3_18.txt
2025-12-03 18:21:43,871 [ERROR] 请求失败：401 Client Error: Authorization Required for url: https://www.zhihu.com/api/v3/feed/topstory/hot-lists/total?limit=50&desktop=true
2025-12-03 18:21:43,871 [ERROR] 没有获取到热榜数据，退出。
2025-12-03 19:12:48,097 [INFO] 成功写入 10 条热搜到 hotresearch/2025_12_3/2025_12_3_19.txt
2025-12-03 19:12:48,557 [ERROR] 请求失败：401 Client Error: Authorization Required for url: https://www.zhihu.com/api/v3/feed/topstory/hot-lists/total?limit=50&desktop=true
2025-12-03 19:12:48,557 [ERROR] 没有获取到热榜数据，退出。
2025-12-03 20:16:28,072 [INFO] 成功写入 10 条热搜到 hotresearch/2025_12_3/2025_12_3_20.txt
2025-12-03 20:16:28,604 [ERROR] 请求失败：401 Client Error: Authorization Required for url: https://www.zhihu.com/api/v3/feed/topstory/hot-lists/total?limit=50&desktop=true
2025-12-03 20:16:28,604 [ERROR] 没有获取到热榜数据，退出。
