2025-10-15 01:00:24,447 [ERROR] 请求失败：403 Client Error: Forbidden for url: https://www.zhihu.com/api/v4/search/top_search
2025-10-15 01:00:24,447 [ERROR] 没有获取到热搜数据，退出。
2025-10-15 01:00:24,859 [ERROR] 请求失败：401 Client Error: Authorization Required for url: https://www.zhihu.com/api/v3/feed/topstory/hot-lists/total?limit=50&desktop=true
2025-10-15 01:00:24,859 [ERROR] 没有获取到热榜数据，退出。
2025-10-15 02:59:33,913 [ERROR] 请求失败：403 Client Error: Forbidden for url: https://www.zhihu.com/api/v4/search/top_search
2025-10-15 02:59:33,913 [ERROR] 没有获取到热搜数据，退出。
2025-10-15 02:59:34,385 [ERROR] 请求失败：401 Client Error: Authorization Required for url: https://www.zhihu.com/api/v3/feed/topstory/hot-lists/total?limit=50&desktop=true
2025-10-15 02:59:34,385 [ERROR] 没有获取到热榜数据，退出。
2025-10-15 03:37:30,600 [ERROR] 请求失败：403 Client Error: Forbidden for url: https://www.zhihu.com/api/v4/search/top_search
2025-10-15 03:37:30,600 [ERROR] 没有获取到热搜数据，退出。
2025-10-15 03:37:31,048 [ERROR] 请求失败：401 Client Error: Authorization Required for url: https://www.zhihu.com/api/v3/feed/topstory/hot-lists/total?limit=50&desktop=true
2025-10-15 03:37:31,049 [ERROR] 没有获取到热榜数据，退出。
2025-10-15 04:15:09,783 [ERROR] 请求失败：403 Client Error: Forbidden for url: https://www.zhihu.com/api/v4/search/top_search
2025-10-15 04:15:09,783 [ERROR] 没有获取到热搜数据，退出。
2025-10-15 04:15:10,285 [ERROR] 请求失败：403 Client Error: Forbidden for url: https://www.zhihu.com/api/v3/feed/topstory/hot-lists/total?limit=50&desktop=true
2025-10-15 04:15:10,285 [ERROR] 没有获取到热榜数据，退出。
2025-10-15 05:12:55,227 [ERROR] 请求失败：403 Client Error: Forbidden for url: https://www.zhihu.com/api/v4/search/top_search
2025-10-15 05:12:55,227 [ERROR] 没有获取到热搜数据，退出。
2025-10-15 05:12:55,726 [ERROR] 请求失败：401 Client Error: Authorization Required for url: https://www.zhihu.com/api/v3/feed/topstory/hot-lists/total?limit=50&desktop=true
2025-10-15 05:12:55,726 [ERROR] 没有获取到热榜数据，退出。
