2025-08-25 01:04:22,235 [ERROR] 请求失败：403 Client Error: Forbidden for url: https://www.zhihu.com/api/v4/search/top_search
2025-08-25 01:04:22,235 [ERROR] 没有获取到热搜数据，退出。
2025-08-25 01:04:22,699 [ERROR] 请求失败：401 Client Error: Authorization Required for url: https://www.zhihu.com/api/v3/feed/topstory/hot-lists/total?limit=50&desktop=true
2025-08-25 01:04:22,699 [ERROR] 没有获取到热榜数据，退出。
2025-08-25 03:10:22,828 [ERROR] 请求失败：403 Client Error: Forbidden for url: https://www.zhihu.com/api/v4/search/top_search
2025-08-25 03:10:22,828 [ERROR] 没有获取到热搜数据，退出。
2025-08-25 03:10:23,320 [ERROR] 请求失败：403 Client Error: Forbidden for url: https://www.zhihu.com/api/v3/feed/topstory/hot-lists/total?limit=50&desktop=true
2025-08-25 03:10:23,320 [ERROR] 没有获取到热榜数据，退出。
2025-08-25 04:20:16,787 [ERROR] 请求失败：403 Client Error: Forbidden for url: https://www.zhihu.com/api/v4/search/top_search
2025-08-25 04:20:16,787 [ERROR] 没有获取到热搜数据，退出。
2025-08-25 04:20:17,257 [ERROR] 请求失败：403 Client Error: Forbidden for url: https://www.zhihu.com/api/v3/feed/topstory/hot-lists/total?limit=50&desktop=true
2025-08-25 04:20:17,257 [ERROR] 没有获取到热榜数据，退出。
2025-08-25 05:14:05,290 [ERROR] 请求失败：403 Client Error: Forbidden for url: https://www.zhihu.com/api/v4/search/top_search
2025-08-25 05:14:05,290 [ERROR] 没有获取到热搜数据，退出。
2025-08-25 05:14:05,756 [ERROR] 请求失败：403 Client Error: Forbidden for url: https://www.zhihu.com/api/v3/feed/topstory/hot-lists/total?limit=50&desktop=true
2025-08-25 05:14:05,756 [ERROR] 没有获取到热榜数据，退出。
2025-08-25 06:21:15,703 [ERROR] 请求失败：403 Client Error: Forbidden for url: https://www.zhihu.com/api/v4/search/top_search
2025-08-25 06:21:15,703 [ERROR] 没有获取到热搜数据，退出。
2025-08-25 06:21:16,113 [ERROR] 请求失败：403 Client Error: Forbidden for url: https://www.zhihu.com/api/v3/feed/topstory/hot-lists/total?limit=50&desktop=true
2025-08-25 06:21:16,113 [ERROR] 没有获取到热榜数据，退出。
2025-08-25 07:13:50,890 [ERROR] 请求失败：403 Client Error: Forbidden for url: https://www.zhihu.com/api/v4/search/top_search
2025-08-25 07:13:50,890 [ERROR] 没有获取到热搜数据，退出。
2025-08-25 07:13:51,241 [ERROR] 请求失败：401 Client Error: Authorization Required for url: https://www.zhihu.com/api/v3/feed/topstory/hot-lists/total?limit=50&desktop=true
2025-08-25 07:13:51,241 [ERROR] 没有获取到热榜数据，退出。
2025-08-25 08:19:27,008 [ERROR] 请求失败：403 Client Error: Forbidden for url: https://www.zhihu.com/api/v4/search/top_search
2025-08-25 08:19:27,008 [ERROR] 没有获取到热搜数据，退出。
2025-08-25 08:19:27,430 [ERROR] 请求失败：401 Client Error: Authorization Required for url: https://www.zhihu.com/api/v3/feed/topstory/hot-lists/total?limit=50&desktop=true
2025-08-25 08:19:27,430 [ERROR] 没有获取到热榜数据，退出。
2025-08-25 09:15:12,266 [INFO] 成功写入 10 条热搜到 hotresearch/2025_8_25/2025_8_25_9.txt
2025-08-25 09:15:12,688 [ERROR] 请求失败：403 Client Error: Forbidden for url: https://www.zhihu.com/api/v3/feed/topstory/hot-lists/total?limit=50&desktop=true
2025-08-25 09:15:12,689 [ERROR] 没有获取到热榜数据，退出。
2025-08-25 10:15:15,524 [ERROR] 请求失败：403 Client Error: Forbidden for url: https://www.zhihu.com/api/v4/search/top_search
2025-08-25 10:15:15,524 [ERROR] 没有获取到热搜数据，退出。
2025-08-25 10:15:16,493 [ERROR] 请求失败：403 Client Error: Forbidden for url: https://www.zhihu.com/api/v3/feed/topstory/hot-lists/total?limit=50&desktop=true
2025-08-25 10:15:16,493 [ERROR] 没有获取到热榜数据，退出。
2025-08-25 11:11:19,978 [ERROR] 请求失败：403 Client Error: Forbidden for url: https://www.zhihu.com/api/v4/search/top_search
2025-08-25 11:11:19,978 [ERROR] 没有获取到热搜数据，退出。
2025-08-25 11:11:20,392 [ERROR] 请求失败：401 Client Error: Authorization Required for url: https://www.zhihu.com/api/v3/feed/topstory/hot-lists/total?limit=50&desktop=true
2025-08-25 11:11:20,392 [ERROR] 没有获取到热榜数据，退出。
2025-08-25 12:26:50,743 [ERROR] 请求失败：403 Client Error: Forbidden for url: https://www.zhihu.com/api/v4/search/top_search
2025-08-25 12:26:50,744 [ERROR] 没有获取到热搜数据，退出。
2025-08-25 12:26:51,095 [ERROR] 请求失败：401 Client Error: Authorization Required for url: https://www.zhihu.com/api/v3/feed/topstory/hot-lists/total?limit=50&desktop=true
2025-08-25 12:26:51,095 [ERROR] 没有获取到热榜数据，退出。
