2025-10-17 00:59:59,218 [ERROR] 请求失败：403 Client Error: Forbidden for url: https://www.zhihu.com/api/v4/search/top_search
2025-10-17 00:59:59,218 [ERROR] 没有获取到热搜数据，退出。
2025-10-17 00:59:59,666 [ERROR] 请求失败：403 Client Error: Forbidden for url: https://www.zhihu.com/api/v3/feed/topstory/hot-lists/total?limit=50&desktop=true
2025-10-17 00:59:59,666 [ERROR] 没有获取到热榜数据，退出。
2025-10-17 02:25:17,149 [ERROR] 请求失败：525 Server Error: EO errCode : SSL handshake failed for url: https://www.zhihu.com/api/v4/search/top_search
2025-10-17 02:25:17,149 [ERROR] 没有获取到热搜数据，退出。
2025-10-17 02:25:17,876 [ERROR] 请求失败：525 Server Error: EO errCode : SSL handshake failed for url: https://www.zhihu.com/api/v3/feed/topstory/hot-lists/total?limit=50&desktop=true
2025-10-17 02:25:17,876 [ERROR] 没有获取到热榜数据，退出。
2025-10-17 03:29:30,528 [INFO] 成功写入 10 条热搜到 hotresearch/2025_10_17/2025_10_17_3.txt
2025-10-17 03:29:30,890 [ERROR] 请求失败：401 Client Error: Authorization Required for url: https://www.zhihu.com/api/v3/feed/topstory/hot-lists/total?limit=50&desktop=true
2025-10-17 03:29:30,890 [ERROR] 没有获取到热榜数据，退出。
2025-10-17 04:15:26,766 [INFO] 成功写入 10 条热搜到 hotresearch/2025_10_17/2025_10_17_4.txt
2025-10-17 04:15:27,123 [ERROR] 请求失败：401 Client Error: Authorization Required for url: https://www.zhihu.com/api/v3/feed/topstory/hot-lists/total?limit=50&desktop=true
2025-10-17 04:15:27,123 [ERROR] 没有获取到热榜数据，退出。
2025-10-17 05:12:16,828 [INFO] 成功写入 10 条热搜到 hotresearch/2025_10_17/2025_10_17_5.txt
2025-10-17 05:12:17,229 [ERROR] 请求失败：401 Client Error: Authorization Required for url: https://www.zhihu.com/api/v3/feed/topstory/hot-lists/total?limit=50&desktop=true
2025-10-17 05:12:17,229 [ERROR] 没有获取到热榜数据，退出。
2025-10-17 06:18:54,851 [INFO] 成功写入 10 条热搜到 hotresearch/2025_10_17/2025_10_17_6.txt
2025-10-17 06:18:55,209 [ERROR] 请求失败：401 Client Error: Authorization Required for url: https://www.zhihu.com/api/v3/feed/topstory/hot-lists/total?limit=50&desktop=true
2025-10-17 06:18:55,209 [ERROR] 没有获取到热榜数据，退出。
2025-10-17 07:12:37,937 [INFO] 成功写入 10 条热搜到 hotresearch/2025_10_17/2025_10_17_7.txt
2025-10-17 07:12:38,407 [ERROR] 请求失败：401 Client Error: Authorization Required for url: https://www.zhihu.com/api/v3/feed/topstory/hot-lists/total?limit=50&desktop=true
2025-10-17 07:12:38,407 [ERROR] 没有获取到热榜数据，退出。
2025-10-17 08:18:03,021 [INFO] 成功写入 10 条热搜到 hotresearch/2025_10_17/2025_10_17_8.txt
2025-10-17 08:18:03,560 [ERROR] 请求失败：401 Client Error: Authorization Required for url: https://www.zhihu.com/api/v3/feed/topstory/hot-lists/total?limit=50&desktop=true
2025-10-17 08:18:03,560 [ERROR] 没有获取到热榜数据，退出。
2025-10-17 09:14:20,617 [INFO] 成功写入 10 条热搜到 hotresearch/2025_10_17/2025_10_17_9.txt
2025-10-17 09:14:21,036 [ERROR] 请求失败：401 Client Error: Authorization Required for url: https://www.zhihu.com/api/v3/feed/topstory/hot-lists/total?limit=50&desktop=true
2025-10-17 09:14:21,036 [ERROR] 没有获取到热榜数据，退出。
2025-10-17 10:13:50,538 [INFO] 成功写入 10 条热搜到 hotresearch/2025_10_17/2025_10_17_10.txt
2025-10-17 10:13:51,045 [ERROR] 请求失败：401 Client Error: Authorization Required for url: https://www.zhihu.com/api/v3/feed/topstory/hot-lists/total?limit=50&desktop=true
2025-10-17 10:13:51,045 [ERROR] 没有获取到热榜数据，退出。
