2025-05-08 01:03:19,513 [ERROR] 请求失败：403 Client Error: Forbidden for url: https://www.zhihu.com/api/v4/search/top_search
2025-05-08 01:03:19,513 [ERROR] 没有获取到热搜数据，退出。
2025-05-08 01:03:20,103 [ERROR] 请求失败：403 Client Error: Forbidden for url: https://www.zhihu.com/api/v3/feed/topstory/hot-lists/total?limit=50&desktop=true
2025-05-08 01:03:20,103 [ERROR] 没有获取到热榜数据，退出。
2025-05-08 03:06:36,790 [ERROR] 请求失败：403 Client Error: Forbidden for url: https://www.zhihu.com/api/v4/search/top_search
2025-05-08 03:06:36,790 [ERROR] 没有获取到热搜数据，退出。
2025-05-08 03:06:37,271 [ERROR] 请求失败：403 Client Error: Forbidden for url: https://www.zhihu.com/api/v3/feed/topstory/hot-lists/total?limit=50&desktop=true
2025-05-08 03:06:37,271 [ERROR] 没有获取到热榜数据，退出。
2025-05-08 04:17:11,758 [ERROR] 请求失败：403 Client Error: Forbidden for url: https://www.zhihu.com/api/v4/search/top_search
2025-05-08 04:17:11,758 [ERROR] 没有获取到热搜数据，退出。
2025-05-08 04:17:12,268 [ERROR] 请求失败：403 Client Error: Forbidden for url: https://www.zhihu.com/api/v3/feed/topstory/hot-lists/total?limit=50&desktop=true
2025-05-08 04:17:12,268 [ERROR] 没有获取到热榜数据，退出。
2025-05-08 05:13:40,392 [ERROR] 请求失败：403 Client Error: Forbidden for url: https://www.zhihu.com/api/v4/search/top_search
2025-05-08 05:13:40,392 [ERROR] 没有获取到热搜数据，退出。
2025-05-08 05:13:40,870 [ERROR] 请求失败：403 Client Error: Forbidden for url: https://www.zhihu.com/api/v3/feed/topstory/hot-lists/total?limit=50&desktop=true
2025-05-08 05:13:40,870 [ERROR] 没有获取到热榜数据，退出。
2025-05-08 06:19:14,505 [ERROR] 请求失败：403 Client Error: Forbidden for url: https://www.zhihu.com/api/v4/search/top_search
2025-05-08 06:19:14,505 [ERROR] 没有获取到热搜数据，退出。
2025-05-08 06:19:15,021 [ERROR] 请求失败：401 Client Error: Authorization Required for url: https://www.zhihu.com/api/v3/feed/topstory/hot-lists/total?limit=50&desktop=true
2025-05-08 06:19:15,021 [ERROR] 没有获取到热榜数据，退出。
2025-05-08 07:12:43,766 [ERROR] 请求失败：403 Client Error: Forbidden for url: https://www.zhihu.com/api/v4/search/top_search
2025-05-08 07:12:43,767 [ERROR] 没有获取到热搜数据，退出。
2025-05-08 07:12:44,236 [ERROR] 请求失败：401 Client Error: Authorization Required for url: https://www.zhihu.com/api/v3/feed/topstory/hot-lists/total?limit=50&desktop=true
2025-05-08 07:12:44,236 [ERROR] 没有获取到热榜数据，退出。
2025-05-08 08:17:30,328 [ERROR] 请求失败：403 Client Error: Forbidden for url: https://www.zhihu.com/api/v4/search/top_search
2025-05-08 08:17:30,329 [ERROR] 没有获取到热搜数据，退出。
2025-05-08 08:17:30,796 [ERROR] 请求失败：401 Client Error: Authorization Required for url: https://www.zhihu.com/api/v3/feed/topstory/hot-lists/total?limit=50&desktop=true
2025-05-08 08:17:30,796 [ERROR] 没有获取到热榜数据，退出。
2025-05-08 09:13:33,373 [ERROR] 请求失败：403 Client Error: Forbidden for url: https://www.zhihu.com/api/v4/search/top_search
2025-05-08 09:13:33,373 [ERROR] 没有获取到热搜数据，退出。
2025-05-08 09:13:33,888 [ERROR] 请求失败：403 Client Error: Forbidden for url: https://www.zhihu.com/api/v3/feed/topstory/hot-lists/total?limit=50&desktop=true
2025-05-08 09:13:33,888 [ERROR] 没有获取到热榜数据，退出。
2025-05-08 10:14:19,638 [ERROR] 请求失败：403 Client Error: Forbidden for url: https://www.zhihu.com/api/v4/search/top_search
2025-05-08 10:14:19,638 [ERROR] 没有获取到热搜数据，退出。
2025-05-08 10:14:20,146 [ERROR] 请求失败：403 Client Error: Forbidden for url: https://www.zhihu.com/api/v3/feed/topstory/hot-lists/total?limit=50&desktop=true
2025-05-08 10:14:20,146 [ERROR] 没有获取到热榜数据，退出。
2025-05-08 11:11:06,731 [ERROR] 请求失败：403 Client Error: Forbidden for url: https://www.zhihu.com/api/v4/search/top_search
2025-05-08 11:11:06,732 [ERROR] 没有获取到热搜数据，退出。
2025-05-08 11:11:07,263 [ERROR] 请求失败：403 Client Error: Forbidden for url: https://www.zhihu.com/api/v3/feed/topstory/hot-lists/total?limit=50&desktop=true
2025-05-08 11:11:07,264 [ERROR] 没有获取到热榜数据，退出。
2025-05-08 12:25:04,378 [ERROR] 请求失败：403 Client Error: Forbidden for url: https://www.zhihu.com/api/v4/search/top_search
2025-05-08 12:25:04,378 [ERROR] 没有获取到热搜数据，退出。
2025-05-08 12:25:04,867 [ERROR] 请求失败：403 Client Error: Forbidden for url: https://www.zhihu.com/api/v3/feed/topstory/hot-lists/total?limit=50&desktop=true
2025-05-08 12:25:04,867 [ERROR] 没有获取到热榜数据，退出。
2025-05-08 13:25:20,456 [ERROR] 请求失败：403 Client Error: Forbidden for url: https://www.zhihu.com/api/v4/search/top_search
2025-05-08 13:25:20,456 [ERROR] 没有获取到热搜数据，退出。
2025-05-08 13:25:20,970 [ERROR] 请求失败：401 Client Error: Authorization Required for url: https://www.zhihu.com/api/v3/feed/topstory/hot-lists/total?limit=50&desktop=true
2025-05-08 13:25:20,970 [ERROR] 没有获取到热榜数据，退出。
2025-05-08 14:11:47,626 [ERROR] 请求失败：403 Client Error: Forbidden for url: https://www.zhihu.com/api/v4/search/top_search
2025-05-08 14:11:47,626 [ERROR] 没有获取到热搜数据，退出。
2025-05-08 14:11:48,069 [ERROR] 请求失败：401 Client Error: Authorization Required for url: https://www.zhihu.com/api/v3/feed/topstory/hot-lists/total?limit=50&desktop=true
2025-05-08 14:11:48,069 [ERROR] 没有获取到热榜数据，退出。
2025-05-08 15:13:36,292 [ERROR] 请求失败：403 Client Error: Forbidden for url: https://www.zhihu.com/api/v4/search/top_search
2025-05-08 15:13:36,292 [ERROR] 没有获取到热搜数据，退出。
2025-05-08 15:13:36,844 [ERROR] 请求失败：403 Client Error: Forbidden for url: https://www.zhihu.com/api/v3/feed/topstory/hot-lists/total?limit=50&desktop=true
2025-05-08 15:13:36,845 [ERROR] 没有获取到热榜数据，退出。
2025-05-08 16:16:18,794 [ERROR] 请求失败：403 Client Error: Forbidden for url: https://www.zhihu.com/api/v4/search/top_search
2025-05-08 16:16:18,794 [ERROR] 没有获取到热搜数据，退出。
2025-05-08 16:16:19,294 [ERROR] 请求失败：403 Client Error: Forbidden for url: https://www.zhihu.com/api/v3/feed/topstory/hot-lists/total?limit=50&desktop=true
2025-05-08 16:16:19,294 [ERROR] 没有获取到热榜数据，退出。
2025-05-08 17:11:12,747 [ERROR] 请求失败：403 Client Error: Forbidden for url: https://www.zhihu.com/api/v4/search/top_search
2025-05-08 17:11:12,747 [ERROR] 没有获取到热搜数据，退出。
2025-05-08 17:11:13,318 [ERROR] 请求失败：401 Client Error: Authorization Required for url: https://www.zhihu.com/api/v3/feed/topstory/hot-lists/total?limit=50&desktop=true
2025-05-08 17:11:13,318 [ERROR] 没有获取到热榜数据，退出。
2025-05-08 18:17:53,598 [ERROR] 请求失败：403 Client Error: Forbidden for url: https://www.zhihu.com/api/v4/search/top_search
2025-05-08 18:17:53,598 [ERROR] 没有获取到热搜数据，退出。
2025-05-08 18:17:54,100 [ERROR] 请求失败：401 Client Error: Authorization Required for url: https://www.zhihu.com/api/v3/feed/topstory/hot-lists/total?limit=50&desktop=true
2025-05-08 18:17:54,100 [ERROR] 没有获取到热榜数据，退出。
2025-05-08 19:10:20,434 [ERROR] 请求失败：403 Client Error: Forbidden for url: https://www.zhihu.com/api/v4/search/top_search
2025-05-08 19:10:20,434 [ERROR] 没有获取到热搜数据，退出。
2025-05-08 19:10:20,910 [ERROR] 请求失败：401 Client Error: Authorization Required for url: https://www.zhihu.com/api/v3/feed/topstory/hot-lists/total?limit=50&desktop=true
2025-05-08 19:10:20,911 [ERROR] 没有获取到热榜数据，退出。
2025-05-08 20:14:22,676 [ERROR] 请求失败：403 Client Error: Forbidden for url: https://www.zhihu.com/api/v4/search/top_search
2025-05-08 20:14:22,676 [ERROR] 没有获取到热搜数据，退出。
2025-05-08 20:14:23,250 [ERROR] 请求失败：401 Client Error: Authorization Required for url: https://www.zhihu.com/api/v3/feed/topstory/hot-lists/total?limit=50&desktop=true
2025-05-08 20:14:23,250 [ERROR] 没有获取到热榜数据，退出。
