2025-06-04 01:04:59,572 [ERROR] 请求失败：403 Client Error: Forbidden for url: https://www.zhihu.com/api/v4/search/top_search
2025-06-04 01:04:59,572 [ERROR] 没有获取到热搜数据，退出。
2025-06-04 01:04:59,916 [ERROR] 请求失败：401 Client Error: Authorization Required for url: https://www.zhihu.com/api/v3/feed/topstory/hot-lists/total?limit=50&desktop=true
2025-06-04 01:04:59,917 [ERROR] 没有获取到热榜数据，退出。
2025-06-04 03:11:38,614 [ERROR] 请求失败：403 Client Error: Forbidden for url: https://www.zhihu.com/api/v4/search/top_search
2025-06-04 03:11:38,614 [ERROR] 没有获取到热搜数据，退出。
2025-06-04 03:11:39,085 [ERROR] 请求失败：401 Client Error: Authorization Required for url: https://www.zhihu.com/api/v3/feed/topstory/hot-lists/total?limit=50&desktop=true
2025-06-04 03:11:39,085 [ERROR] 没有获取到热榜数据，退出。
2025-06-04 04:20:17,196 [ERROR] 请求失败：403 Client Error: Forbidden for url: https://www.zhihu.com/api/v4/search/top_search
2025-06-04 04:20:17,196 [ERROR] 没有获取到热搜数据，退出。
2025-06-04 04:20:17,564 [ERROR] 请求失败：401 Client Error: Authorization Required for url: https://www.zhihu.com/api/v3/feed/topstory/hot-lists/total?limit=50&desktop=true
2025-06-04 04:20:17,564 [ERROR] 没有获取到热榜数据，退出。
2025-06-04 05:13:45,135 [ERROR] 请求失败：403 Client Error: Forbidden for url: https://www.zhihu.com/api/v4/search/top_search
2025-06-04 05:13:45,135 [ERROR] 没有获取到热搜数据，退出。
2025-06-04 05:13:45,498 [ERROR] 请求失败：401 Client Error: Authorization Required for url: https://www.zhihu.com/api/v3/feed/topstory/hot-lists/total?limit=50&desktop=true
2025-06-04 05:13:45,498 [ERROR] 没有获取到热榜数据，退出。
2025-06-04 06:19:17,948 [ERROR] 请求失败：403 Client Error: Forbidden for url: https://www.zhihu.com/api/v4/search/top_search
2025-06-04 06:19:17,949 [ERROR] 没有获取到热搜数据，退出。
2025-06-04 06:19:18,303 [ERROR] 请求失败：401 Client Error: Authorization Required for url: https://www.zhihu.com/api/v3/feed/topstory/hot-lists/total?limit=50&desktop=true
2025-06-04 06:19:18,303 [ERROR] 没有获取到热榜数据，退出。
2025-06-04 07:13:26,273 [ERROR] 请求失败：403 Client Error: Forbidden for url: https://www.zhihu.com/api/v4/search/top_search
2025-06-04 07:13:26,274 [ERROR] 没有获取到热搜数据，退出。
2025-06-04 07:13:26,819 [ERROR] 请求失败：401 Client Error: Authorization Required for url: https://www.zhihu.com/api/v3/feed/topstory/hot-lists/total?limit=50&desktop=true
2025-06-04 07:13:26,819 [ERROR] 没有获取到热榜数据，退出。
2025-06-04 08:18:31,575 [ERROR] 请求失败：403 Client Error: Forbidden for url: https://www.zhihu.com/api/v4/search/top_search
2025-06-04 08:18:31,575 [ERROR] 没有获取到热搜数据，退出。
2025-06-04 08:18:31,925 [ERROR] 请求失败：401 Client Error: Authorization Required for url: https://www.zhihu.com/api/v3/feed/topstory/hot-lists/total?limit=50&desktop=true
2025-06-04 08:18:31,925 [ERROR] 没有获取到热榜数据，退出。
2025-06-04 09:13:56,768 [ERROR] 请求失败：403 Client Error: Forbidden for url: https://www.zhihu.com/api/v4/search/top_search
2025-06-04 09:13:56,768 [ERROR] 没有获取到热搜数据，退出。
2025-06-04 09:13:57,241 [ERROR] 请求失败：401 Client Error: Authorization Required for url: https://www.zhihu.com/api/v3/feed/topstory/hot-lists/total?limit=50&desktop=true
2025-06-04 09:13:57,241 [ERROR] 没有获取到热榜数据，退出。
2025-06-04 10:14:22,960 [INFO] 成功写入 10 条热搜到 hotresearch/2025_6_4/2025_6_4_10.txt
2025-06-04 10:14:23,402 [ERROR] 请求失败：403 Client Error: Forbidden for url: https://www.zhihu.com/api/v3/feed/topstory/hot-lists/total?limit=50&desktop=true
2025-06-04 10:14:23,402 [ERROR] 没有获取到热榜数据，退出。
2025-06-04 11:11:39,345 [ERROR] 请求失败：403 Client Error: Forbidden for url: https://www.zhihu.com/api/v4/search/top_search
2025-06-04 11:11:39,345 [ERROR] 没有获取到热搜数据，退出。
2025-06-04 11:11:39,839 [ERROR] 请求失败：401 Client Error: Authorization Required for url: https://www.zhihu.com/api/v3/feed/topstory/hot-lists/total?limit=50&desktop=true
2025-06-04 11:11:39,839 [ERROR] 没有获取到热榜数据，退出。
2025-06-04 12:26:36,680 [ERROR] 请求失败：403 Client Error: Forbidden for url: https://www.zhihu.com/api/v4/search/top_search
2025-06-04 12:26:36,680 [ERROR] 没有获取到热搜数据，退出。
2025-06-04 12:26:37,148 [ERROR] 请求失败：401 Client Error: Authorization Required for url: https://www.zhihu.com/api/v3/feed/topstory/hot-lists/total?limit=50&desktop=true
2025-06-04 12:26:37,148 [ERROR] 没有获取到热榜数据，退出。
2025-06-04 13:29:08,352 [ERROR] 请求失败：403 Client Error: Forbidden for url: https://www.zhihu.com/api/v4/search/top_search
2025-06-04 13:29:08,352 [ERROR] 没有获取到热搜数据，退出。
2025-06-04 13:29:08,808 [ERROR] 请求失败：401 Client Error: Authorization Required for url: https://www.zhihu.com/api/v3/feed/topstory/hot-lists/total?limit=50&desktop=true
2025-06-04 13:29:08,808 [ERROR] 没有获取到热榜数据，退出。
2025-06-04 14:10:57,021 [INFO] 成功写入 10 条热搜到 hotresearch/2025_6_4/2025_6_4_14.txt
2025-06-04 14:10:57,474 [ERROR] 请求失败：403 Client Error: Forbidden for url: https://www.zhihu.com/api/v3/feed/topstory/hot-lists/total?limit=50&desktop=true
2025-06-04 14:10:57,474 [ERROR] 没有获取到热榜数据，退出。
2025-06-04 15:37:24,607 [ERROR] 请求失败：403 Client Error: Forbidden for url: https://www.zhihu.com/api/v4/search/top_search
2025-06-04 15:37:24,607 [ERROR] 没有获取到热搜数据，退出。
2025-06-04 15:37:25,105 [ERROR] 请求失败：401 Client Error: Authorization Required for url: https://www.zhihu.com/api/v3/feed/topstory/hot-lists/total?limit=50&desktop=true
2025-06-04 15:37:25,105 [ERROR] 没有获取到热榜数据，退出。
2025-06-04 16:15:29,136 [ERROR] 请求失败：403 Client Error: Forbidden for url: https://www.zhihu.com/api/v4/search/top_search
2025-06-04 16:15:29,136 [ERROR] 没有获取到热搜数据，退出。
2025-06-04 16:15:29,485 [ERROR] 请求失败：401 Client Error: Authorization Required for url: https://www.zhihu.com/api/v3/feed/topstory/hot-lists/total?limit=50&desktop=true
2025-06-04 16:15:29,485 [ERROR] 没有获取到热榜数据，退出。
2025-06-04 17:12:08,110 [ERROR] 请求失败：403 Client Error: Forbidden for url: https://www.zhihu.com/api/v4/search/top_search
2025-06-04 17:12:08,110 [ERROR] 没有获取到热搜数据，退出。
2025-06-04 17:12:08,597 [ERROR] 请求失败：401 Client Error: Authorization Required for url: https://www.zhihu.com/api/v3/feed/topstory/hot-lists/total?limit=50&desktop=true
2025-06-04 17:12:08,597 [ERROR] 没有获取到热榜数据，退出。
