2025-06-18 01:05:30,849 [ERROR] 请求失败：403 Client Error: Forbidden for url: https://www.zhihu.com/api/v4/search/top_search
2025-06-18 01:05:30,849 [ERROR] 没有获取到热搜数据，退出。
2025-06-18 01:05:31,327 [ERROR] 请求失败：401 Client Error: Authorization Required for url: https://www.zhihu.com/api/v3/feed/topstory/hot-lists/total?limit=50&desktop=true
2025-06-18 01:05:31,328 [ERROR] 没有获取到热榜数据，退出。
2025-06-18 03:12:02,539 [INFO] 成功写入 10 条热搜到 hotresearch/2025_6_18/2025_6_18_3.txt
2025-06-18 03:12:03,051 [ERROR] 请求失败：403 Client Error: Forbidden for url: https://www.zhihu.com/api/v3/feed/topstory/hot-lists/total?limit=50&desktop=true
2025-06-18 03:12:03,051 [ERROR] 没有获取到热榜数据，退出。
2025-06-18 04:22:24,817 [ERROR] 请求失败：403 Client Error: Forbidden for url: https://www.zhihu.com/api/v4/search/top_search
2025-06-18 04:22:24,817 [ERROR] 没有获取到热搜数据，退出。
2025-06-18 04:22:25,160 [ERROR] 请求失败：401 Client Error: Authorization Required for url: https://www.zhihu.com/api/v3/feed/topstory/hot-lists/total?limit=50&desktop=true
2025-06-18 04:22:25,161 [ERROR] 没有获取到热榜数据，退出。
2025-06-18 05:13:56,808 [ERROR] 请求失败：403 Client Error: Forbidden for url: https://www.zhihu.com/api/v4/search/top_search
2025-06-18 05:13:56,808 [ERROR] 没有获取到热搜数据，退出。
2025-06-18 05:13:57,261 [ERROR] 请求失败：403 Client Error: Forbidden for url: https://www.zhihu.com/api/v3/feed/topstory/hot-lists/total?limit=50&desktop=true
2025-06-18 05:13:57,261 [ERROR] 没有获取到热榜数据，退出。
2025-06-18 06:19:50,636 [ERROR] 请求失败：403 Client Error: Forbidden for url: https://www.zhihu.com/api/v4/search/top_search
2025-06-18 06:19:50,636 [ERROR] 没有获取到热搜数据，退出。
2025-06-18 06:19:51,147 [ERROR] 请求失败：403 Client Error: Forbidden for url: https://www.zhihu.com/api/v3/feed/topstory/hot-lists/total?limit=50&desktop=true
2025-06-18 06:19:51,147 [ERROR] 没有获取到热榜数据，退出。
2025-06-18 07:13:38,413 [ERROR] 请求失败：403 Client Error: Forbidden for url: https://www.zhihu.com/api/v4/search/top_search
2025-06-18 07:13:38,413 [ERROR] 没有获取到热搜数据，退出。
2025-06-18 07:13:38,881 [ERROR] 请求失败：401 Client Error: Authorization Required for url: https://www.zhihu.com/api/v3/feed/topstory/hot-lists/total?limit=50&desktop=true
2025-06-18 07:13:38,881 [ERROR] 没有获取到热榜数据，退出。
2025-06-18 08:18:33,795 [ERROR] 请求失败：403 Client Error: Forbidden for url: https://www.zhihu.com/api/v4/search/top_search
2025-06-18 08:18:33,795 [ERROR] 没有获取到热搜数据，退出。
2025-06-18 08:18:34,311 [ERROR] 请求失败：403 Client Error: Forbidden for url: https://www.zhihu.com/api/v3/feed/topstory/hot-lists/total?limit=50&desktop=true
2025-06-18 08:18:34,311 [ERROR] 没有获取到热榜数据，退出。
2025-06-18 09:14:44,858 [ERROR] 请求失败：403 Client Error: Forbidden for url: https://www.zhihu.com/api/v4/search/top_search
2025-06-18 09:14:44,859 [ERROR] 没有获取到热搜数据，退出。
2025-06-18 09:14:45,227 [ERROR] 请求失败：401 Client Error: Authorization Required for url: https://www.zhihu.com/api/v3/feed/topstory/hot-lists/total?limit=50&desktop=true
2025-06-18 09:14:45,227 [ERROR] 没有获取到热榜数据，退出。
2025-06-18 10:14:14,375 [INFO] 成功写入 10 条热搜到 hotresearch/2025_6_18/2025_6_18_10.txt
2025-06-18 10:14:14,873 [ERROR] 请求失败：401 Client Error: Authorization Required for url: https://www.zhihu.com/api/v3/feed/topstory/hot-lists/total?limit=50&desktop=true
2025-06-18 10:14:14,873 [ERROR] 没有获取到热榜数据，退出。
2025-06-18 11:11:56,986 [ERROR] 请求失败：403 Client Error: Forbidden for url: https://www.zhihu.com/api/v4/search/top_search
2025-06-18 11:11:56,986 [ERROR] 没有获取到热搜数据，退出。
2025-06-18 11:11:57,330 [ERROR] 请求失败：401 Client Error: Authorization Required for url: https://www.zhihu.com/api/v3/feed/topstory/hot-lists/total?limit=50&desktop=true
2025-06-18 11:11:57,330 [ERROR] 没有获取到热榜数据，退出。
2025-06-18 12:27:15,436 [ERROR] 请求失败：403 Client Error: Forbidden for url: https://www.zhihu.com/api/v4/search/top_search
2025-06-18 12:27:15,436 [ERROR] 没有获取到热搜数据，退出。
2025-06-18 12:27:15,888 [ERROR] 请求失败：401 Client Error: Authorization Required for url: https://www.zhihu.com/api/v3/feed/topstory/hot-lists/total?limit=50&desktop=true
2025-06-18 12:27:15,888 [ERROR] 没有获取到热榜数据，退出。
2025-06-18 13:28:40,480 [ERROR] 请求失败：403 Client Error: Forbidden for url: https://www.zhihu.com/api/v4/search/top_search
2025-06-18 13:28:40,480 [ERROR] 没有获取到热搜数据，退出。
2025-06-18 13:28:40,903 [ERROR] 请求失败：401 Client Error: Authorization Required for url: https://www.zhihu.com/api/v3/feed/topstory/hot-lists/total?limit=50&desktop=true
2025-06-18 13:28:40,903 [ERROR] 没有获取到热榜数据，退出。
2025-06-18 14:13:23,844 [ERROR] 请求失败：403 Client Error: Forbidden for url: https://www.zhihu.com/api/v4/search/top_search
2025-06-18 14:13:23,844 [ERROR] 没有获取到热搜数据，退出。
2025-06-18 14:13:24,313 [ERROR] 请求失败：401 Client Error: Authorization Required for url: https://www.zhihu.com/api/v3/feed/topstory/hot-lists/total?limit=50&desktop=true
2025-06-18 14:13:24,313 [ERROR] 没有获取到热榜数据，退出。
