2025-10-30 01:03:47,590 [INFO] 成功写入 10 条热搜到 hotresearch/2025_10_30/2025_10_30_1.txt
2025-10-30 01:03:47,972 [ERROR] 请求失败：401 Client Error: Authorization Required for url: https://www.zhihu.com/api/v3/feed/topstory/hot-lists/total?limit=50&desktop=true
2025-10-30 01:03:47,972 [ERROR] 没有获取到热榜数据，退出。
2025-10-30 03:05:55,027 [INFO] 成功写入 10 条热搜到 hotresearch/2025_10_30/2025_10_30_3.txt
2025-10-30 03:05:55,416 [ERROR] 请求失败：401 Client Error: Authorization Required for url: https://www.zhihu.com/api/v3/feed/topstory/hot-lists/total?limit=50&desktop=true
2025-10-30 03:05:55,417 [ERROR] 没有获取到热榜数据，退出。
2025-10-30 04:15:04,628 [INFO] 成功写入 10 条热搜到 hotresearch/2025_10_30/2025_10_30_4.txt
2025-10-30 04:15:05,120 [ERROR] 请求失败：403 Client Error: Forbidden for url: https://www.zhihu.com/api/v3/feed/topstory/hot-lists/total?limit=50&desktop=true
2025-10-30 04:15:05,120 [ERROR] 没有获取到热榜数据，退出。
2025-10-30 05:13:04,944 [INFO] 成功写入 10 条热搜到 hotresearch/2025_10_30/2025_10_30_5.txt
2025-10-30 05:13:05,427 [ERROR] 请求失败：403 Client Error: Forbidden for url: https://www.zhihu.com/api/v3/feed/topstory/hot-lists/total?limit=50&desktop=true
2025-10-30 05:13:05,427 [ERROR] 没有获取到热榜数据，退出。
2025-10-30 06:19:40,046 [INFO] 成功写入 10 条热搜到 hotresearch/2025_10_30/2025_10_30_6.txt
2025-10-30 06:19:40,395 [ERROR] 请求失败：401 Client Error: Authorization Required for url: https://www.zhihu.com/api/v3/feed/topstory/hot-lists/total?limit=50&desktop=true
2025-10-30 06:19:40,395 [ERROR] 没有获取到热榜数据，退出。
2025-10-30 07:12:36,423 [INFO] 成功写入 10 条热搜到 hotresearch/2025_10_30/2025_10_30_7.txt
2025-10-30 07:12:36,862 [ERROR] 请求失败：403 Client Error: Forbidden for url: https://www.zhihu.com/api/v3/feed/topstory/hot-lists/total?limit=50&desktop=true
2025-10-30 07:12:36,863 [ERROR] 没有获取到热榜数据，退出。
2025-10-30 08:17:16,665 [INFO] 成功写入 10 条热搜到 hotresearch/2025_10_30/2025_10_30_8.txt
2025-10-30 08:17:17,177 [ERROR] 请求失败：403 Client Error: Forbidden for url: https://www.zhihu.com/api/v3/feed/topstory/hot-lists/total?limit=50&desktop=true
2025-10-30 08:17:17,177 [ERROR] 没有获取到热榜数据，退出。
2025-10-30 09:14:19,978 [INFO] 成功写入 10 条热搜到 hotresearch/2025_10_30/2025_10_30_9.txt
2025-10-30 09:14:20,464 [ERROR] 请求失败：403 Client Error: Forbidden for url: https://www.zhihu.com/api/v3/feed/topstory/hot-lists/total?limit=50&desktop=true
2025-10-30 09:14:20,465 [ERROR] 没有获取到热榜数据，退出。
2025-10-30 10:14:04,799 [INFO] 成功写入 10 条热搜到 hotresearch/2025_10_30/2025_10_30_10.txt
2025-10-30 10:14:05,313 [ERROR] 请求失败：403 Client Error: Forbidden for url: https://www.zhihu.com/api/v3/feed/topstory/hot-lists/total?limit=50&desktop=true
2025-10-30 10:14:05,313 [ERROR] 没有获取到热榜数据，退出。
2025-10-30 11:11:13,998 [INFO] 成功写入 10 条热搜到 hotresearch/2025_10_30/2025_10_30_11.txt
2025-10-30 11:11:14,838 [ERROR] 请求失败：403 Client Error: Forbidden for url: https://www.zhihu.com/api/v3/feed/topstory/hot-lists/total?limit=50&desktop=true
2025-10-30 11:11:14,838 [ERROR] 没有获取到热榜数据，退出。
2025-10-30 12:26:41,340 [INFO] 成功写入 10 条热搜到 hotresearch/2025_10_30/2025_10_30_12.txt
2025-10-30 12:26:41,858 [ERROR] 请求失败：403 Client Error: Forbidden for url: https://www.zhihu.com/api/v3/feed/topstory/hot-lists/total?limit=50&desktop=true
2025-10-30 12:26:41,858 [ERROR] 没有获取到热榜数据，退出。
2025-10-30 13:26:11,962 [INFO] 成功写入 10 条热搜到 hotresearch/2025_10_30/2025_10_30_13.txt
2025-10-30 13:26:12,372 [ERROR] 请求失败：401 Client Error: Authorization Required for url: https://www.zhihu.com/api/v3/feed/topstory/hot-lists/total?limit=50&desktop=true
2025-10-30 13:26:12,372 [ERROR] 没有获取到热榜数据，退出。
2025-10-30 14:12:46,901 [INFO] 成功写入 10 条热搜到 hotresearch/2025_10_30/2025_10_30_14.txt
2025-10-30 14:12:47,384 [ERROR] 请求失败：403 Client Error: Forbidden for url: https://www.zhihu.com/api/v3/feed/topstory/hot-lists/total?limit=50&desktop=true
2025-10-30 14:12:47,384 [ERROR] 没有获取到热榜数据，退出。
2025-10-30 15:14:33,214 [INFO] 成功写入 10 条热搜到 hotresearch/2025_10_30/2025_10_30_15.txt
2025-10-30 15:14:33,752 [ERROR] 请求失败：403 Client Error: Forbidden for url: https://www.zhihu.com/api/v3/feed/topstory/hot-lists/total?limit=50&desktop=true
2025-10-30 15:14:33,753 [ERROR] 没有获取到热榜数据，退出。
2025-10-30 16:17:10,710 [INFO] 成功写入 10 条热搜到 hotresearch/2025_10_30/2025_10_30_16.txt
2025-10-30 16:17:11,509 [ERROR] 请求失败：403 Client Error: Forbidden for url: https://www.zhihu.com/api/v3/feed/topstory/hot-lists/total?limit=50&desktop=true
2025-10-30 16:17:11,509 [ERROR] 没有获取到热榜数据，退出。
2025-10-30 17:12:11,250 [INFO] 成功写入 10 条热搜到 hotresearch/2025_10_30/2025_10_30_17.txt
2025-10-30 17:12:11,651 [ERROR] 请求失败：401 Client Error: Authorization Required for url: https://www.zhihu.com/api/v3/feed/topstory/hot-lists/total?limit=50&desktop=true
2025-10-30 17:12:11,651 [ERROR] 没有获取到热榜数据，退出。
2025-10-30 18:18:55,480 [WARNING] Retrying (Retry(total=4, connect=None, read=None, redirect=None, status=None)) after connection broken by 'NewConnectionError('<urllib3.connection.HTTPSConnection object at 0x7fa8d6917230>: Failed to establish a new connection: [Errno 101] Network is unreachable')': /api/v4/search/top_search
2025-10-30 18:19:07,491 [WARNING] Retrying (Retry(total=3, connect=None, read=None, redirect=None, status=None)) after connection broken by 'NewConnectionError('<urllib3.connection.HTTPSConnection object at 0x7fa8d70c9f70>: Failed to establish a new connection: [Errno 101] Network is unreachable')': /api/v4/search/top_search
2025-10-30 18:19:21,500 [WARNING] Retrying (Retry(total=2, connect=None, read=None, redirect=None, status=None)) after connection broken by 'NewConnectionError('<urllib3.connection.HTTPSConnection object at 0x7fa8d6536660>: Failed to establish a new connection: [Errno 101] Network is unreachable')': /api/v4/search/top_search
2025-10-30 18:19:39,511 [WARNING] Retrying (Retry(total=1, connect=None, read=None, redirect=None, status=None)) after connection broken by 'NewConnectionError('<urllib3.connection.HTTPSConnection object at 0x7fa8d65367b0>: Failed to establish a new connection: [Errno 101] Network is unreachable')': /api/v4/search/top_search
2025-10-30 18:20:05,522 [WARNING] Retrying (Retry(total=0, connect=None, read=None, redirect=None, status=None)) after connection broken by 'NewConnectionError('<urllib3.connection.HTTPSConnection object at 0x7fa8d6536900>: Failed to establish a new connection: [Errno 101] Network is unreachable')': /api/v4/search/top_search
2025-10-30 18:20:15,755 [ERROR] 请求失败：HTTPSConnectionPool(host='www.zhihu.com', port=443): Max retries exceeded with url: /api/v4/search/top_search (Caused by NewConnectionError('<urllib3.connection.HTTPSConnection object at 0x7fa8d6536a50>: Failed to establish a new connection: [Errno 101] Network is unreachable'))
2025-10-30 18:20:15,755 [ERROR] 没有获取到热搜数据，退出。
2025-10-30 18:20:25,875 [WARNING] Retrying (Retry(total=4, connect=None, read=None, redirect=None, status=None)) after connection broken by 'NewConnectionError('<urllib3.connection.HTTPSConnection object at 0x7f1bda29d3a0>: Failed to establish a new connection: [Errno 101] Network is unreachable')': /api/v3/feed/topstory/hot-lists/total?limit=50&desktop=true
2025-10-30 18:20:37,887 [WARNING] Retrying (Retry(total=3, connect=None, read=None, redirect=None, status=None)) after connection broken by 'NewConnectionError('<urllib3.connection.HTTPSConnection object at 0x7f1bda073560>: Failed to establish a new connection: [Errno 101] Network is unreachable')': /api/v3/feed/topstory/hot-lists/total?limit=50&desktop=true
2025-10-30 18:20:51,899 [WARNING] Retrying (Retry(total=2, connect=None, read=None, redirect=None, status=None)) after connection broken by 'NewConnectionError('<urllib3.connection.HTTPSConnection object at 0x7f1bd9f06d80>: Failed to establish a new connection: [Errno 101] Network is unreachable')': /api/v3/feed/topstory/hot-lists/total?limit=50&desktop=true
2025-10-30 18:21:09,910 [WARNING] Retrying (Retry(total=1, connect=None, read=None, redirect=None, status=None)) after connection broken by 'NewConnectionError('<urllib3.connection.HTTPSConnection object at 0x7f1bd9f07020>: Failed to establish a new connection: [Errno 101] Network is unreachable')': /api/v3/feed/topstory/hot-lists/total?limit=50&desktop=true
2025-10-30 18:21:36,035 [WARNING] Retrying (Retry(total=0, connect=None, read=None, redirect=None, status=None)) after connection broken by 'NewConnectionError('<urllib3.connection.HTTPSConnection object at 0x7f1bd9f07170>: Failed to establish a new connection: [Errno 101] Network is unreachable')': /api/v3/feed/topstory/hot-lists/total?limit=50&desktop=true
2025-10-30 18:21:46,046 [ERROR] 请求失败：HTTPSConnectionPool(host='www.zhihu.com', port=443): Max retries exceeded with url: /api/v3/feed/topstory/hot-lists/total?limit=50&desktop=true (Caused by NewConnectionError('<urllib3.connection.HTTPSConnection object at 0x7f1bd9f072c0>: Failed to establish a new connection: [Errno 101] Network is unreachable'))
2025-10-30 18:21:46,046 [ERROR] 没有获取到热榜数据，退出。
2025-10-30 19:10:10,572 [INFO] 成功写入 10 条热搜到 hotresearch/2025_10_30/2025_10_30_19.txt
2025-10-30 19:10:11,030 [ERROR] 请求失败：401 Client Error: Authorization Required for url: https://www.zhihu.com/api/v3/feed/topstory/hot-lists/total?limit=50&desktop=true
2025-10-30 19:10:11,030 [ERROR] 没有获取到热榜数据，退出。
2025-10-30 20:14:12,193 [INFO] 成功写入 10 条热搜到 hotresearch/2025_10_30/2025_10_30_20.txt
2025-10-30 20:14:12,679 [ERROR] 请求失败：401 Client Error: Authorization Required for url: https://www.zhihu.com/api/v3/feed/topstory/hot-lists/total?limit=50&desktop=true
2025-10-30 20:14:12,679 [ERROR] 没有获取到热榜数据，退出。
