2025-09-11 00:59:02,168 [ERROR] 请求失败：403 Client Error: Forbidden for url: https://www.zhihu.com/api/v4/search/top_search
2025-09-11 00:59:02,168 [ERROR] 没有获取到热搜数据，退出。
2025-09-11 00:59:02,585 [ERROR] 请求失败：401 Client Error: Authorization Required for url: https://www.zhihu.com/api/v3/feed/topstory/hot-lists/total?limit=50&desktop=true
2025-09-11 00:59:02,586 [ERROR] 没有获取到热榜数据，退出。
2025-09-11 02:23:25,138 [INFO] 成功写入 10 条热搜到 hotresearch/2025_9_11/2025_9_11_2.txt
2025-09-11 02:23:25,484 [ERROR] 请求失败：401 Client Error: Authorization Required for url: https://www.zhihu.com/api/v3/feed/topstory/hot-lists/total?limit=50&desktop=true
2025-09-11 02:23:25,484 [ERROR] 没有获取到热榜数据，退出。
2025-09-11 03:27:50,888 [ERROR] 请求失败：403 Client Error: Forbidden for url: https://www.zhihu.com/api/v4/search/top_search
2025-09-11 03:27:50,888 [ERROR] 没有获取到热搜数据，退出。
2025-09-11 03:27:52,042 [ERROR] 请求失败：403 Client Error: Forbidden for url: https://www.zhihu.com/api/v3/feed/topstory/hot-lists/total?limit=50&desktop=true
2025-09-11 03:27:52,042 [ERROR] 没有获取到热榜数据，退出。
2025-09-11 04:15:19,038 [ERROR] 请求失败：403 Client Error: Forbidden for url: https://www.zhihu.com/api/v4/search/top_search
2025-09-11 04:15:19,038 [ERROR] 没有获取到热搜数据，退出。
2025-09-11 04:15:19,433 [ERROR] 请求失败：403 Client Error: Forbidden for url: https://www.zhihu.com/api/v3/feed/topstory/hot-lists/total?limit=50&desktop=true
2025-09-11 04:15:19,433 [ERROR] 没有获取到热榜数据，退出。
2025-09-11 05:12:26,958 [ERROR] 请求失败：403 Client Error: Forbidden for url: https://www.zhihu.com/api/v4/search/top_search
2025-09-11 05:12:26,958 [ERROR] 没有获取到热搜数据，退出。
2025-09-11 05:12:27,500 [ERROR] 请求失败：401 Client Error: Authorization Required for url: https://www.zhihu.com/api/v3/feed/topstory/hot-lists/total?limit=50&desktop=true
2025-09-11 05:12:27,501 [ERROR] 没有获取到热榜数据，退出。
2025-09-11 06:18:52,826 [ERROR] 请求失败：403 Client Error: Forbidden for url: https://www.zhihu.com/api/v4/search/top_search
2025-09-11 06:18:52,826 [ERROR] 没有获取到热搜数据，退出。
2025-09-11 06:18:53,244 [ERROR] 请求失败：403 Client Error: Forbidden for url: https://www.zhihu.com/api/v3/feed/topstory/hot-lists/total?limit=50&desktop=true
2025-09-11 06:18:53,244 [ERROR] 没有获取到热榜数据，退出。
2025-09-11 07:12:35,799 [ERROR] 请求失败：403 Client Error: Forbidden for url: https://www.zhihu.com/api/v4/search/top_search
2025-09-11 07:12:35,799 [ERROR] 没有获取到热搜数据，退出。
2025-09-11 07:12:36,400 [ERROR] 请求失败：401 Client Error: Authorization Required for url: https://www.zhihu.com/api/v3/feed/topstory/hot-lists/total?limit=50&desktop=true
2025-09-11 07:12:36,400 [ERROR] 没有获取到热榜数据，退出。
2025-09-11 08:16:54,193 [ERROR] 请求失败：403 Client Error: Forbidden for url: https://www.zhihu.com/api/v4/search/top_search
2025-09-11 08:16:54,193 [ERROR] 没有获取到热搜数据，退出。
2025-09-11 08:16:54,765 [ERROR] 请求失败：403 Client Error: Forbidden for url: https://www.zhihu.com/api/v3/feed/topstory/hot-lists/total?limit=50&desktop=true
2025-09-11 08:16:54,765 [ERROR] 没有获取到热榜数据，退出。
2025-09-11 09:12:49,696 [ERROR] 请求失败：403 Client Error: Forbidden for url: https://www.zhihu.com/api/v4/search/top_search
2025-09-11 09:12:49,696 [ERROR] 没有获取到热搜数据，退出。
2025-09-11 09:12:50,192 [ERROR] 请求失败：403 Client Error: Forbidden for url: https://www.zhihu.com/api/v3/feed/topstory/hot-lists/total?limit=50&desktop=true
2025-09-11 09:12:50,192 [ERROR] 没有获取到热榜数据，退出。
2025-09-11 10:12:35,856 [ERROR] 请求失败：403 Client Error: Forbidden for url: https://www.zhihu.com/api/v4/search/top_search
2025-09-11 10:12:35,857 [ERROR] 没有获取到热搜数据，退出。
2025-09-11 10:12:36,334 [ERROR] 请求失败：401 Client Error: Authorization Required for url: https://www.zhihu.com/api/v3/feed/topstory/hot-lists/total?limit=50&desktop=true
2025-09-11 10:12:36,334 [ERROR] 没有获取到热榜数据，退出。
