2025-04-30 02:57:30,817 [INFO] 成功写入 30 条热榜到 hotquestion/2025_4_30/2025_4_30_2.txt
2025-04-30 02:59:33,401 [ERROR] 请求失败：403 Client Error: Forbidden for url: https://www.zhihu.com/api/v4/search/top_search
2025-04-30 02:59:33,401 [ERROR] 没有获取到热搜数据，退出。
2025-04-30 02:59:59,921 [ERROR] 请求失败：403 Client Error: Forbidden for url: https://www.zhihu.com/api/v4/search/top_search
2025-04-30 02:59:59,921 [ERROR] 没有获取到热搜数据，退出。
2025-04-30 03:01:14,889 [ERROR] 请求失败：403 Client Error: Forbidden for url: https://www.zhihu.com/api/v4/search/top_search
2025-04-30 03:01:14,890 [ERROR] 没有获取到热搜数据，退出。
2025-04-30 03:01:15,449 [ERROR] 请求失败：403 Client Error: Forbidden for url: https://www.zhihu.com/api/v3/feed/topstory/hot-lists/total?limit=50&desktop=true
2025-04-30 03:01:15,450 [ERROR] 没有获取到热榜数据，退出。
2025-04-30 03:01:40,288 [ERROR] 请求失败：403 Client Error: Forbidden for url: https://www.zhihu.com/api/v4/search/top_search
2025-04-30 03:01:40,288 [ERROR] 没有获取到热搜数据，退出。
2025-04-30 03:01:40,853 [ERROR] 请求失败：403 Client Error: Forbidden for url: https://www.zhihu.com/api/v3/feed/topstory/hot-lists/total?limit=50&desktop=true
2025-04-30 03:01:40,854 [ERROR] 没有获取到热榜数据，退出。
2025-04-30 04:15:19,505 [ERROR] 请求失败：403 Client Error: Forbidden for url: https://www.zhihu.com/api/v4/search/top_search
2025-04-30 04:15:19,505 [ERROR] 没有获取到热搜数据，退出。
2025-04-30 04:15:20,157 [INFO] 成功写入 30 条热榜到 hotquestion/2025_4_30/2025_4_30_4.txt
2025-04-30 05:13:04,783 [ERROR] 请求失败：403 Client Error: Forbidden for url: https://www.zhihu.com/api/v4/search/top_search
2025-04-30 05:13:04,783 [ERROR] 没有获取到热搜数据，退出。
2025-04-30 05:13:05,351 [ERROR] 请求失败：403 Client Error: Forbidden for url: https://www.zhihu.com/api/v3/feed/topstory/hot-lists/total?limit=50&desktop=true
2025-04-30 05:13:05,352 [ERROR] 没有获取到热榜数据，退出。
2025-04-30 06:18:18,893 [INFO] 成功写入 10 条热搜到 hotresearch/2025_4_30/2025_4_30_6.txt
2025-04-30 06:18:19,373 [ERROR] 请求失败：403 Client Error: Forbidden for url: https://www.zhihu.com/api/v3/feed/topstory/hot-lists/total?limit=50&desktop=true
2025-04-30 06:18:19,373 [ERROR] 没有获取到热榜数据，退出。
2025-04-30 07:12:35,058 [ERROR] 请求失败：403 Client Error: Forbidden for url: https://www.zhihu.com/api/v4/search/top_search
2025-04-30 07:12:35,058 [ERROR] 没有获取到热搜数据，退出。
2025-04-30 07:12:35,626 [INFO] 成功写入 30 条热榜到 hotquestion/2025_4_30/2025_4_30_7.txt
2025-04-30 08:17:21,735 [ERROR] 请求失败：403 Client Error: Forbidden for url: https://www.zhihu.com/api/v4/search/top_search
2025-04-30 08:17:21,735 [ERROR] 没有获取到热搜数据，退出。
2025-04-30 08:17:22,288 [INFO] 成功写入 30 条热榜到 hotquestion/2025_4_30/2025_4_30_8.txt
2025-04-30 09:13:33,711 [ERROR] 请求失败：403 Client Error: Forbidden for url: https://www.zhihu.com/api/v4/search/top_search
2025-04-30 09:13:33,711 [ERROR] 没有获取到热搜数据，退出。
2025-04-30 09:13:34,217 [ERROR] 请求失败：403 Client Error: Forbidden for url: https://www.zhihu.com/api/v3/feed/topstory/hot-lists/total?limit=50&desktop=true
2025-04-30 09:13:34,217 [ERROR] 没有获取到热榜数据，退出。
2025-04-30 10:13:30,584 [ERROR] 请求失败：403 Client Error: Forbidden for url: https://www.zhihu.com/api/v4/search/top_search
2025-04-30 10:13:30,584 [ERROR] 没有获取到热搜数据，退出。
2025-04-30 10:13:31,138 [ERROR] 请求失败：403 Client Error: Forbidden for url: https://www.zhihu.com/api/v3/feed/topstory/hot-lists/total?limit=50&desktop=true
2025-04-30 10:13:31,138 [ERROR] 没有获取到热榜数据，退出。
2025-04-30 11:10:38,777 [ERROR] 请求失败：403 Client Error: Forbidden for url: https://www.zhihu.com/api/v4/search/top_search
2025-04-30 11:10:38,777 [ERROR] 没有获取到热搜数据，退出。
2025-04-30 11:10:39,336 [ERROR] 请求失败：403 Client Error: Forbidden for url: https://www.zhihu.com/api/v3/feed/topstory/hot-lists/total?limit=50&desktop=true
2025-04-30 11:10:39,336 [ERROR] 没有获取到热榜数据，退出。
2025-04-30 12:24:25,330 [ERROR] 请求失败：403 Client Error: Forbidden for url: https://www.zhihu.com/api/v4/search/top_search
2025-04-30 12:24:25,330 [ERROR] 没有获取到热搜数据，退出。
2025-04-30 12:24:25,768 [ERROR] 请求失败：403 Client Error: Forbidden for url: https://www.zhihu.com/api/v3/feed/topstory/hot-lists/total?limit=50&desktop=true
2025-04-30 12:24:25,768 [ERROR] 没有获取到热榜数据，退出。
2025-04-30 13:23:15,620 [ERROR] 请求失败：403 Client Error: Forbidden for url: https://www.zhihu.com/api/v4/search/top_search
2025-04-30 13:23:15,620 [ERROR] 没有获取到热搜数据，退出。
2025-04-30 13:23:16,136 [ERROR] 请求失败：403 Client Error: Forbidden for url: https://www.zhihu.com/api/v3/feed/topstory/hot-lists/total?limit=50&desktop=true
2025-04-30 13:23:16,136 [ERROR] 没有获取到热榜数据，退出。
2025-04-30 14:12:37,839 [ERROR] 请求失败：403 Client Error: Forbidden for url: https://www.zhihu.com/api/v4/search/top_search
2025-04-30 14:12:37,840 [ERROR] 没有获取到热搜数据，退出。
2025-04-30 14:12:38,437 [INFO] 成功写入 30 条热榜到 hotquestion/2025_4_30/2025_4_30_14.txt
2025-04-30 15:13:53,371 [ERROR] 请求失败：403 Client Error: Forbidden for url: https://www.zhihu.com/api/v4/search/top_search
2025-04-30 15:13:53,371 [ERROR] 没有获取到热搜数据，退出。
2025-04-30 15:13:53,963 [ERROR] 请求失败：403 Client Error: Forbidden for url: https://www.zhihu.com/api/v3/feed/topstory/hot-lists/total?limit=50&desktop=true
2025-04-30 15:13:53,964 [ERROR] 没有获取到热榜数据，退出。
2025-04-30 16:15:35,566 [ERROR] 请求失败：403 Client Error: Forbidden for url: https://www.zhihu.com/api/v4/search/top_search
2025-04-30 16:15:35,566 [ERROR] 没有获取到热搜数据，退出。
2025-04-30 16:15:36,182 [INFO] 成功写入 30 条热榜到 hotquestion/2025_4_30/2025_4_30_16.txt
