2025-09-16 00:58:00,067 [ERROR] 请求失败：403 Client Error: Forbidden for url: https://www.zhihu.com/api/v4/search/top_search
2025-09-16 00:58:00,067 [ERROR] 没有获取到热搜数据，退出。
2025-09-16 00:58:00,650 [ERROR] 请求失败：403 Client Error: Forbidden for url: https://www.zhihu.com/api/v3/feed/topstory/hot-lists/total?limit=50&desktop=true
2025-09-16 00:58:00,650 [ERROR] 没有获取到热榜数据，退出。
2025-09-16 02:19:19,539 [ERROR] 请求失败：403 Client Error: Forbidden for url: https://www.zhihu.com/api/v4/search/top_search
2025-09-16 02:19:19,539 [ERROR] 没有获取到热搜数据，退出。
2025-09-16 02:19:19,899 [ERROR] 请求失败：403 Client Error: Forbidden for url: https://www.zhihu.com/api/v3/feed/topstory/hot-lists/total?limit=50&desktop=true
2025-09-16 02:19:19,899 [ERROR] 没有获取到热榜数据，退出。
2025-09-16 03:23:51,348 [ERROR] 请求失败：403 Client Error: Forbidden for url: https://www.zhihu.com/api/v4/search/top_search
2025-09-16 03:23:51,348 [ERROR] 没有获取到热搜数据，退出。
2025-09-16 03:23:51,750 [ERROR] 请求失败：401 Client Error: Authorization Required for url: https://www.zhihu.com/api/v3/feed/topstory/hot-lists/total?limit=50&desktop=true
2025-09-16 03:23:51,750 [ERROR] 没有获取到热榜数据，退出。
2025-09-16 04:14:53,196 [ERROR] 请求失败：403 Client Error: Forbidden for url: https://www.zhihu.com/api/v4/search/top_search
2025-09-16 04:14:53,196 [ERROR] 没有获取到热搜数据，退出。
2025-09-16 04:14:54,144 [ERROR] 请求失败：401 Client Error: Authorization Required for url: https://www.zhihu.com/api/v3/feed/topstory/hot-lists/total?limit=50&desktop=true
2025-09-16 04:14:54,144 [ERROR] 没有获取到热榜数据，退出。
2025-09-16 05:12:07,103 [ERROR] 请求失败：403 Client Error: Forbidden for url: https://www.zhihu.com/api/v4/search/top_search
2025-09-16 05:12:07,103 [ERROR] 没有获取到热搜数据，退出。
2025-09-16 05:12:07,521 [ERROR] 请求失败：401 Client Error: Authorization Required for url: https://www.zhihu.com/api/v3/feed/topstory/hot-lists/total?limit=50&desktop=true
2025-09-16 05:12:07,521 [ERROR] 没有获取到热榜数据，退出。
2025-09-16 06:19:15,281 [ERROR] 请求失败：403 Client Error: Forbidden for url: https://www.zhihu.com/api/v4/search/top_search
2025-09-16 06:19:15,281 [ERROR] 没有获取到热搜数据，退出。
2025-09-16 06:19:15,802 [ERROR] 请求失败：403 Client Error: Forbidden for url: https://www.zhihu.com/api/v3/feed/topstory/hot-lists/total?limit=50&desktop=true
2025-09-16 06:19:15,802 [ERROR] 没有获取到热榜数据，退出。
2025-09-16 07:13:11,951 [ERROR] 请求失败：403 Client Error: Forbidden for url: https://www.zhihu.com/api/v4/search/top_search
2025-09-16 07:13:11,951 [ERROR] 没有获取到热搜数据，退出。
2025-09-16 07:13:12,852 [ERROR] 请求失败：403 Client Error: Forbidden for url: https://www.zhihu.com/api/v3/feed/topstory/hot-lists/total?limit=50&desktop=true
2025-09-16 07:13:12,852 [ERROR] 没有获取到热榜数据，退出。
2025-09-16 08:17:35,051 [ERROR] 请求失败：403 Client Error: Forbidden for url: https://www.zhihu.com/api/v4/search/top_search
2025-09-16 08:17:35,051 [ERROR] 没有获取到热搜数据，退出。
2025-09-16 08:17:35,417 [ERROR] 请求失败：401 Client Error: Authorization Required for url: https://www.zhihu.com/api/v3/feed/topstory/hot-lists/total?limit=50&desktop=true
2025-09-16 08:17:35,418 [ERROR] 没有获取到热榜数据，退出。
