2025-06-14 01:02:56,246 [ERROR] 请求失败：403 Client Error: Forbidden for url: https://www.zhihu.com/api/v4/search/top_search
2025-06-14 01:02:56,246 [ERROR] 没有获取到热搜数据，退出。
2025-06-14 01:02:56,757 [ERROR] 请求失败：401 Client Error: Authorization Required for url: https://www.zhihu.com/api/v3/feed/topstory/hot-lists/total?limit=50&desktop=true
2025-06-14 01:02:56,757 [ERROR] 没有获取到热榜数据，退出。
2025-06-14 03:07:09,536 [ERROR] 请求失败：403 Client Error: Forbidden for url: https://www.zhihu.com/api/v4/search/top_search
2025-06-14 03:07:09,536 [ERROR] 没有获取到热搜数据，退出。
2025-06-14 03:07:09,890 [ERROR] 请求失败：401 Client Error: Authorization Required for url: https://www.zhihu.com/api/v3/feed/topstory/hot-lists/total?limit=50&desktop=true
2025-06-14 03:07:09,890 [ERROR] 没有获取到热榜数据，退出。
2025-06-14 04:16:46,294 [ERROR] 请求失败：403 Client Error: Forbidden for url: https://www.zhihu.com/api/v4/search/top_search
2025-06-14 04:16:46,294 [ERROR] 没有获取到热搜数据，退出。
2025-06-14 04:16:46,781 [ERROR] 请求失败：401 Client Error: Authorization Required for url: https://www.zhihu.com/api/v3/feed/topstory/hot-lists/total?limit=50&desktop=true
2025-06-14 04:16:46,781 [ERROR] 没有获取到热榜数据，退出。
2025-06-14 05:12:53,039 [ERROR] 请求失败：403 Client Error: Forbidden for url: https://www.zhihu.com/api/v4/search/top_search
2025-06-14 05:12:53,039 [ERROR] 没有获取到热搜数据，退出。
2025-06-14 05:12:53,381 [ERROR] 请求失败：401 Client Error: Authorization Required for url: https://www.zhihu.com/api/v3/feed/topstory/hot-lists/total?limit=50&desktop=true
2025-06-14 05:12:53,381 [ERROR] 没有获取到热榜数据，退出。
2025-06-14 06:17:28,536 [ERROR] 请求失败：403 Client Error: Forbidden for url: https://www.zhihu.com/api/v4/search/top_search
2025-06-14 06:17:28,536 [ERROR] 没有获取到热搜数据，退出。
2025-06-14 06:17:29,077 [ERROR] 请求失败：401 Client Error: Authorization Required for url: https://www.zhihu.com/api/v3/feed/topstory/hot-lists/total?limit=50&desktop=true
2025-06-14 06:17:29,077 [ERROR] 没有获取到热榜数据，退出。
2025-06-14 07:11:48,928 [ERROR] 请求失败：403 Client Error: Forbidden for url: https://www.zhihu.com/api/v4/search/top_search
2025-06-14 07:11:48,928 [ERROR] 没有获取到热搜数据，退出。
2025-06-14 07:11:49,392 [ERROR] 请求失败：401 Client Error: Authorization Required for url: https://www.zhihu.com/api/v3/feed/topstory/hot-lists/total?limit=50&desktop=true
2025-06-14 07:11:49,392 [ERROR] 没有获取到热榜数据，退出。
2025-06-14 08:15:19,778 [ERROR] 请求失败：403 Client Error: Forbidden for url: https://www.zhihu.com/api/v4/search/top_search
2025-06-14 08:15:19,778 [ERROR] 没有获取到热搜数据，退出。
2025-06-14 08:15:20,221 [ERROR] 请求失败：401 Client Error: Authorization Required for url: https://www.zhihu.com/api/v3/feed/topstory/hot-lists/total?limit=50&desktop=true
2025-06-14 08:15:20,222 [ERROR] 没有获取到热榜数据，退出。
2025-06-14 09:13:50,085 [ERROR] 请求失败：403 Client Error: Forbidden for url: https://www.zhihu.com/api/v4/search/top_search
2025-06-14 09:13:50,085 [ERROR] 没有获取到热搜数据，退出。
2025-06-14 09:13:50,549 [ERROR] 请求失败：403 Client Error: Forbidden for url: https://www.zhihu.com/api/v3/feed/topstory/hot-lists/total?limit=50&desktop=true
2025-06-14 09:13:50,549 [ERROR] 没有获取到热榜数据，退出。
2025-06-14 10:12:55,653 [INFO] 成功写入 10 条热搜到 hotresearch/2025_6_14/2025_6_14_10.txt
2025-06-14 10:12:56,016 [ERROR] 请求失败：403 Client Error: Forbidden for url: https://www.zhihu.com/api/v3/feed/topstory/hot-lists/total?limit=50&desktop=true
2025-06-14 10:12:56,016 [ERROR] 没有获取到热榜数据，退出。
2025-06-14 11:10:06,004 [ERROR] 请求失败：403 Client Error: Forbidden for url: https://www.zhihu.com/api/v4/search/top_search
2025-06-14 11:10:06,004 [ERROR] 没有获取到热搜数据，退出。
2025-06-14 11:10:06,501 [ERROR] 请求失败：401 Client Error: Authorization Required for url: https://www.zhihu.com/api/v3/feed/topstory/hot-lists/total?limit=50&desktop=true
2025-06-14 11:10:06,501 [ERROR] 没有获取到热榜数据，退出。
2025-06-14 12:23:06,742 [ERROR] 请求失败：403 Client Error: Forbidden for url: https://www.zhihu.com/api/v4/search/top_search
2025-06-14 12:23:06,742 [ERROR] 没有获取到热搜数据，退出。
2025-06-14 12:23:07,091 [ERROR] 请求失败：401 Client Error: Authorization Required for url: https://www.zhihu.com/api/v3/feed/topstory/hot-lists/total?limit=50&desktop=true
2025-06-14 12:23:07,091 [ERROR] 没有获取到热榜数据，退出。
2025-06-14 13:21:42,030 [ERROR] 请求失败：403 Client Error: Forbidden for url: https://www.zhihu.com/api/v4/search/top_search
2025-06-14 13:21:42,030 [ERROR] 没有获取到热搜数据，退出。
2025-06-14 13:21:42,484 [ERROR] 请求失败：401 Client Error: Authorization Required for url: https://www.zhihu.com/api/v3/feed/topstory/hot-lists/total?limit=50&desktop=true
2025-06-14 13:21:42,484 [ERROR] 没有获取到热榜数据，退出。
2025-06-14 14:10:49,401 [ERROR] 请求失败：403 Client Error: Forbidden for url: https://www.zhihu.com/api/v4/search/top_search
2025-06-14 14:10:49,401 [ERROR] 没有获取到热搜数据，退出。
2025-06-14 14:10:49,886 [ERROR] 请求失败：401 Client Error: Authorization Required for url: https://www.zhihu.com/api/v3/feed/topstory/hot-lists/total?limit=50&desktop=true
2025-06-14 14:10:49,886 [ERROR] 没有获取到热榜数据，退出。
