2025-05-06 01:02:27,560 [ERROR] 请求失败：403 Client Error: Forbidden for url: https://www.zhihu.com/api/v4/search/top_search
2025-05-06 01:02:27,560 [ERROR] 没有获取到热搜数据，退出。
2025-05-06 01:02:28,096 [INFO] 成功写入 30 条热榜到 hotquestion/2025_5_6/2025_5_6_1.txt
2025-05-06 03:03:55,533 [ERROR] 请求失败：403 Client Error: Forbidden for url: https://www.zhihu.com/api/v4/search/top_search
2025-05-06 03:03:55,533 [ERROR] 没有获取到热搜数据，退出。
2025-05-06 03:03:56,144 [INFO] 成功写入 30 条热榜到 hotquestion/2025_5_6/2025_5_6_3.txt
2025-05-06 04:15:55,107 [ERROR] 请求失败：403 Client Error: Forbidden for url: https://www.zhihu.com/api/v4/search/top_search
2025-05-06 04:15:55,107 [ERROR] 没有获取到热搜数据，退出。
2025-05-06 04:15:55,795 [INFO] 成功写入 30 条热榜到 hotquestion/2025_5_6/2025_5_6_4.txt
2025-05-06 05:13:38,012 [ERROR] 请求失败：403 Client Error: Forbidden for url: https://www.zhihu.com/api/v4/search/top_search
2025-05-06 05:13:38,012 [ERROR] 没有获取到热搜数据，退出。
2025-05-06 05:13:38,530 [INFO] 成功写入 30 条热榜到 hotquestion/2025_5_6/2025_5_6_5.txt
2025-05-06 06:18:33,786 [ERROR] 请求失败：403 Client Error: Forbidden for url: https://www.zhihu.com/api/v4/search/top_search
2025-05-06 06:18:33,787 [ERROR] 没有获取到热搜数据，退出。
2025-05-06 06:18:34,366 [INFO] 成功写入 30 条热榜到 hotquestion/2025_5_6/2025_5_6_6.txt
2025-05-06 07:13:11,338 [ERROR] 请求失败：403 Client Error: Forbidden for url: https://www.zhihu.com/api/v4/search/top_search
2025-05-06 07:13:11,338 [ERROR] 没有获取到热搜数据，退出。
2025-05-06 07:13:11,850 [ERROR] 请求失败：403 Client Error: Forbidden for url: https://www.zhihu.com/api/v3/feed/topstory/hot-lists/total?limit=50&desktop=true
2025-05-06 07:13:11,850 [ERROR] 没有获取到热榜数据，退出。
2025-05-06 08:18:00,508 [ERROR] 请求失败：403 Client Error: Forbidden for url: https://www.zhihu.com/api/v4/search/top_search
2025-05-06 08:18:00,508 [ERROR] 没有获取到热搜数据，退出。
2025-05-06 08:18:01,060 [INFO] 成功写入 30 条热榜到 hotquestion/2025_5_6/2025_5_6_8.txt
2025-05-06 09:13:40,917 [ERROR] 请求失败：403 Client Error: Forbidden for url: https://www.zhihu.com/api/v4/search/top_search
2025-05-06 09:13:40,917 [ERROR] 没有获取到热搜数据，退出。
2025-05-06 09:13:41,428 [INFO] 成功写入 30 条热榜到 hotquestion/2025_5_6/2025_5_6_9.txt
2025-05-06 10:13:48,290 [ERROR] 请求失败：403 Client Error: Forbidden for url: https://www.zhihu.com/api/v4/search/top_search
2025-05-06 10:13:48,290 [ERROR] 没有获取到热搜数据，退出。
2025-05-06 10:13:48,780 [ERROR] 请求失败：403 Client Error: Forbidden for url: https://www.zhihu.com/api/v3/feed/topstory/hot-lists/total?limit=50&desktop=true
2025-05-06 10:13:48,780 [ERROR] 没有获取到热榜数据，退出。
2025-05-06 11:10:48,114 [ERROR] 请求失败：403 Client Error: Forbidden for url: https://www.zhihu.com/api/v4/search/top_search
2025-05-06 11:10:48,114 [ERROR] 没有获取到热搜数据，退出。
2025-05-06 11:10:48,742 [INFO] 成功写入 30 条热榜到 hotquestion/2025_5_6/2025_5_6_11.txt
2025-05-06 12:27:08,376 [ERROR] 请求失败：403 Client Error: Forbidden for url: https://www.zhihu.com/api/v4/search/top_search
2025-05-06 12:27:08,376 [ERROR] 没有获取到热搜数据，退出。
2025-05-06 12:27:08,895 [ERROR] 请求失败：403 Client Error: Forbidden for url: https://www.zhihu.com/api/v3/feed/topstory/hot-lists/total?limit=50&desktop=true
2025-05-06 12:27:08,895 [ERROR] 没有获取到热榜数据，退出。
2025-05-06 13:26:22,162 [ERROR] 请求失败：403 Client Error: Forbidden for url: https://www.zhihu.com/api/v4/search/top_search
2025-05-06 13:26:22,162 [ERROR] 没有获取到热搜数据，退出。
2025-05-06 13:26:22,669 [ERROR] 请求失败：403 Client Error: Forbidden for url: https://www.zhihu.com/api/v3/feed/topstory/hot-lists/total?limit=50&desktop=true
2025-05-06 13:26:22,669 [ERROR] 没有获取到热榜数据，退出。
2025-05-06 14:13:01,450 [ERROR] 请求失败：403 Client Error: Forbidden for url: https://www.zhihu.com/api/v4/search/top_search
2025-05-06 14:13:01,451 [ERROR] 没有获取到热搜数据，退出。
2025-05-06 14:13:02,056 [ERROR] 请求失败：403 Client Error: Forbidden for url: https://www.zhihu.com/api/v3/feed/topstory/hot-lists/total?limit=50&desktop=true
2025-05-06 14:13:02,056 [ERROR] 没有获取到热榜数据，退出。
2025-05-06 15:16:30,808 [ERROR] 请求失败：403 Client Error: Forbidden for url: https://www.zhihu.com/api/v4/search/top_search
2025-05-06 15:16:30,808 [ERROR] 没有获取到热搜数据，退出。
2025-05-06 15:16:31,247 [ERROR] 请求失败：401 Client Error: Authorization Required for url: https://www.zhihu.com/api/v3/feed/topstory/hot-lists/total?limit=50&desktop=true
2025-05-06 15:16:31,247 [ERROR] 没有获取到热榜数据，退出。
2025-05-06 16:15:07,962 [ERROR] 请求失败：403 Client Error: Forbidden for url: https://www.zhihu.com/api/v4/search/top_search
2025-05-06 16:15:07,963 [ERROR] 没有获取到热搜数据，退出。
2025-05-06 16:15:08,530 [ERROR] 请求失败：401 Client Error: Authorization Required for url: https://www.zhihu.com/api/v3/feed/topstory/hot-lists/total?limit=50&desktop=true
2025-05-06 16:15:08,531 [ERROR] 没有获取到热榜数据，退出。
2025-05-06 17:11:44,332 [ERROR] 请求失败：403 Client Error: Forbidden for url: https://www.zhihu.com/api/v4/search/top_search
2025-05-06 17:11:44,332 [ERROR] 没有获取到热搜数据，退出。
2025-05-06 17:11:44,824 [ERROR] 请求失败：403 Client Error: Forbidden for url: https://www.zhihu.com/api/v3/feed/topstory/hot-lists/total?limit=50&desktop=true
2025-05-06 17:11:44,824 [ERROR] 没有获取到热榜数据，退出。
2025-05-06 18:17:54,540 [ERROR] 请求失败：403 Client Error: Forbidden for url: https://www.zhihu.com/api/v4/search/top_search
2025-05-06 18:17:54,540 [ERROR] 没有获取到热搜数据，退出。
2025-05-06 18:17:55,077 [ERROR] 请求失败：403 Client Error: Forbidden for url: https://www.zhihu.com/api/v3/feed/topstory/hot-lists/total?limit=50&desktop=true
2025-05-06 18:17:55,077 [ERROR] 没有获取到热榜数据，退出。
2025-05-06 19:09:27,071 [ERROR] 请求失败：403 Client Error: Forbidden for url: https://www.zhihu.com/api/v4/search/top_search
2025-05-06 19:09:27,072 [ERROR] 没有获取到热搜数据，退出。
2025-05-06 19:09:27,643 [ERROR] 请求失败：401 Client Error: Authorization Required for url: https://www.zhihu.com/api/v3/feed/topstory/hot-lists/total?limit=50&desktop=true
2025-05-06 19:09:27,644 [ERROR] 没有获取到热榜数据，退出。
2025-05-06 20:14:13,508 [ERROR] 请求失败：403 Client Error: Forbidden for url: https://www.zhihu.com/api/v4/search/top_search
2025-05-06 20:14:13,508 [ERROR] 没有获取到热搜数据，退出。
2025-05-06 20:14:13,985 [ERROR] 请求失败：403 Client Error: Forbidden for url: https://www.zhihu.com/api/v3/feed/topstory/hot-lists/total?limit=50&desktop=true
2025-05-06 20:14:13,985 [ERROR] 没有获取到热榜数据，退出。
2025-05-06 21:11:48,359 [ERROR] 请求失败：403 Client Error: Forbidden for url: https://www.zhihu.com/api/v4/search/top_search
2025-05-06 21:11:48,359 [ERROR] 没有获取到热搜数据，退出。
2025-05-06 21:11:48,888 [ERROR] 请求失败：403 Client Error: Forbidden for url: https://www.zhihu.com/api/v3/feed/topstory/hot-lists/total?limit=50&desktop=true
2025-05-06 21:11:48,888 [ERROR] 没有获取到热榜数据，退出。
2025-05-06 22:12:02,488 [ERROR] 请求失败：403 Client Error: Forbidden for url: https://www.zhihu.com/api/v4/search/top_search
2025-05-06 22:12:02,488 [ERROR] 没有获取到热搜数据，退出。
2025-05-06 22:12:02,927 [ERROR] 请求失败：401 Client Error: Authorization Required for url: https://www.zhihu.com/api/v3/feed/topstory/hot-lists/total?limit=50&desktop=true
2025-05-06 22:12:02,927 [ERROR] 没有获取到热榜数据，退出。
