2025-09-28 01:05:11,344 [ERROR] 请求失败：403 Client Error: Forbidden for url: https://www.zhihu.com/api/v4/search/top_search
2025-09-28 01:05:11,345 [ERROR] 没有获取到热搜数据，退出。
2025-09-28 01:05:11,884 [ERROR] 请求失败：403 Client Error: Forbidden for url: https://www.zhihu.com/api/v3/feed/topstory/hot-lists/total?limit=50&desktop=true
2025-09-28 01:05:11,884 [ERROR] 没有获取到热榜数据，退出。
2025-09-28 03:02:43,623 [ERROR] 请求失败：403 Client Error: Forbidden for url: https://www.zhihu.com/api/v4/search/top_search
2025-09-28 03:02:43,623 [ERROR] 没有获取到热搜数据，退出。
2025-09-28 03:02:44,058 [ERROR] 请求失败：401 Client Error: Authorization Required for url: https://www.zhihu.com/api/v3/feed/topstory/hot-lists/total?limit=50&desktop=true
2025-09-28 03:02:44,058 [ERROR] 没有获取到热榜数据，退出。
2025-09-28 04:14:18,750 [ERROR] 请求失败：403 Client Error: Forbidden for url: https://www.zhihu.com/api/v4/search/top_search
2025-09-28 04:14:18,750 [ERROR] 没有获取到热搜数据，退出。
2025-09-28 04:14:19,174 [ERROR] 请求失败：403 Client Error: Forbidden for url: https://www.zhihu.com/api/v3/feed/topstory/hot-lists/total?limit=50&desktop=true
2025-09-28 04:14:19,174 [ERROR] 没有获取到热榜数据，退出。
2025-09-28 05:11:50,994 [ERROR] 请求失败：403 Client Error: Forbidden for url: https://www.zhihu.com/api/v4/search/top_search
2025-09-28 05:11:50,994 [ERROR] 没有获取到热搜数据，退出。
2025-09-28 05:11:51,406 [ERROR] 请求失败：401 Client Error: Authorization Required for url: https://www.zhihu.com/api/v3/feed/topstory/hot-lists/total?limit=50&desktop=true
2025-09-28 05:11:51,406 [ERROR] 没有获取到热榜数据，退出。
2025-09-28 06:17:28,711 [ERROR] 请求失败：403 Client Error: Forbidden for url: https://www.zhihu.com/api/v4/search/top_search
2025-09-28 06:17:28,711 [ERROR] 没有获取到热搜数据，退出。
2025-09-28 06:17:29,128 [ERROR] 请求失败：403 Client Error: Forbidden for url: https://www.zhihu.com/api/v3/feed/topstory/hot-lists/total?limit=50&desktop=true
2025-09-28 06:17:29,128 [ERROR] 没有获取到热榜数据，退出。
2025-09-28 07:10:35,151 [ERROR] 请求失败：403 Client Error: Forbidden for url: https://www.zhihu.com/api/v4/search/top_search
2025-09-28 07:10:35,151 [ERROR] 没有获取到热搜数据，退出。
2025-09-28 07:10:35,560 [ERROR] 请求失败：401 Client Error: Authorization Required for url: https://www.zhihu.com/api/v3/feed/topstory/hot-lists/total?limit=50&desktop=true
2025-09-28 07:10:35,560 [ERROR] 没有获取到热榜数据，退出。
