2025-09-19 00:59:30,940 [ERROR] 请求失败：403 Client Error: Forbidden for url: https://www.zhihu.com/api/v4/search/top_search
2025-09-19 00:59:30,940 [ERROR] 没有获取到热搜数据，退出。
2025-09-19 00:59:31,337 [ERROR] 请求失败：403 Client Error: Forbidden for url: https://www.zhihu.com/api/v3/feed/topstory/hot-lists/total?limit=50&desktop=true
2025-09-19 00:59:31,337 [ERROR] 没有获取到热榜数据，退出。
2025-09-19 02:24:20,710 [ERROR] 请求失败：403 Client Error: Forbidden for url: https://www.zhihu.com/api/v4/search/top_search
2025-09-19 02:24:20,710 [ERROR] 没有获取到热搜数据，退出。
2025-09-19 02:24:21,222 [ERROR] 请求失败：401 Client Error: Authorization Required for url: https://www.zhihu.com/api/v3/feed/topstory/hot-lists/total?limit=50&desktop=true
2025-09-19 02:24:21,222 [ERROR] 没有获取到热榜数据，退出。
2025-09-19 03:28:47,753 [ERROR] 请求失败：403 Client Error: Forbidden for url: https://www.zhihu.com/api/v4/search/top_search
2025-09-19 03:28:47,753 [ERROR] 没有获取到热搜数据，退出。
2025-09-19 03:28:48,171 [ERROR] 请求失败：401 Client Error: Authorization Required for url: https://www.zhihu.com/api/v3/feed/topstory/hot-lists/total?limit=50&desktop=true
2025-09-19 03:28:48,172 [ERROR] 没有获取到热榜数据，退出。
2025-09-19 04:14:57,608 [ERROR] 请求失败：403 Client Error: Forbidden for url: https://www.zhihu.com/api/v4/search/top_search
2025-09-19 04:14:57,608 [ERROR] 没有获取到热搜数据，退出。
2025-09-19 04:14:58,454 [ERROR] 请求失败：403 Client Error: Forbidden for url: https://www.zhihu.com/api/v3/feed/topstory/hot-lists/total?limit=50&desktop=true
2025-09-19 04:14:58,454 [ERROR] 没有获取到热榜数据，退出。
2025-09-19 05:12:09,631 [ERROR] 请求失败：403 Client Error: Forbidden for url: https://www.zhihu.com/api/v4/search/top_search
2025-09-19 05:12:09,631 [ERROR] 没有获取到热搜数据，退出。
2025-09-19 05:12:10,080 [ERROR] 请求失败：401 Client Error: Authorization Required for url: https://www.zhihu.com/api/v3/feed/topstory/hot-lists/total?limit=50&desktop=true
2025-09-19 05:12:10,080 [ERROR] 没有获取到热榜数据，退出。
2025-09-19 06:19:10,669 [ERROR] 请求失败：403 Client Error: Forbidden for url: https://www.zhihu.com/api/v4/search/top_search
2025-09-19 06:19:10,669 [ERROR] 没有获取到热搜数据，退出。
2025-09-19 06:19:11,254 [ERROR] 请求失败：401 Client Error: Authorization Required for url: https://www.zhihu.com/api/v3/feed/topstory/hot-lists/total?limit=50&desktop=true
2025-09-19 06:19:11,254 [ERROR] 没有获取到热榜数据，退出。
2025-09-19 07:12:35,006 [ERROR] 请求失败：403 Client Error: Forbidden for url: https://www.zhihu.com/api/v4/search/top_search
2025-09-19 07:12:35,006 [ERROR] 没有获取到热搜数据，退出。
2025-09-19 07:12:35,616 [ERROR] 请求失败：403 Client Error: Forbidden for url: https://www.zhihu.com/api/v3/feed/topstory/hot-lists/total?limit=50&desktop=true
2025-09-19 07:12:35,616 [ERROR] 没有获取到热榜数据，退出。
2025-09-19 08:16:41,391 [ERROR] 请求失败：403 Client Error: Forbidden for url: https://www.zhihu.com/api/v4/search/top_search
2025-09-19 08:16:41,391 [ERROR] 没有获取到热搜数据，退出。
2025-09-19 08:16:41,985 [ERROR] 请求失败：401 Client Error: Authorization Required for url: https://www.zhihu.com/api/v3/feed/topstory/hot-lists/total?limit=50&desktop=true
2025-09-19 08:16:41,986 [ERROR] 没有获取到热榜数据，退出。
2025-09-19 09:13:42,018 [ERROR] 请求失败：403 Client Error: Forbidden for url: https://www.zhihu.com/api/v4/search/top_search
2025-09-19 09:13:42,018 [ERROR] 没有获取到热搜数据，退出。
2025-09-19 09:13:42,597 [ERROR] 请求失败：401 Client Error: Authorization Required for url: https://www.zhihu.com/api/v3/feed/topstory/hot-lists/total?limit=50&desktop=true
2025-09-19 09:13:42,597 [ERROR] 没有获取到热榜数据，退出。
2025-09-19 10:13:42,696 [ERROR] 请求失败：403 Client Error: Forbidden for url: https://www.zhihu.com/api/v4/search/top_search
2025-09-19 10:13:42,697 [ERROR] 没有获取到热搜数据，退出。
2025-09-19 10:13:43,312 [ERROR] 请求失败：403 Client Error: Forbidden for url: https://www.zhihu.com/api/v3/feed/topstory/hot-lists/total?limit=50&desktop=true
2025-09-19 10:13:43,312 [ERROR] 没有获取到热榜数据，退出。
2025-09-19 11:10:12,366 [INFO] 成功写入 10 条热搜到 hotresearch/2025_9_19/2025_9_19_11.txt
2025-09-19 11:10:12,835 [ERROR] 请求失败：403 Client Error: Forbidden for url: https://www.zhihu.com/api/v3/feed/topstory/hot-lists/total?limit=50&desktop=true
2025-09-19 11:10:12,835 [ERROR] 没有获取到热榜数据，退出。
2025-09-19 12:25:47,634 [ERROR] 请求失败：403 Client Error: Forbidden for url: https://www.zhihu.com/api/v4/search/top_search
2025-09-19 12:25:47,634 [ERROR] 没有获取到热搜数据，退出。
2025-09-19 12:25:48,284 [ERROR] 请求失败：403 Client Error: Forbidden for url: https://www.zhihu.com/api/v3/feed/topstory/hot-lists/total?limit=50&desktop=true
2025-09-19 12:25:48,284 [ERROR] 没有获取到热榜数据，退出。
2025-09-19 13:21:43,789 [ERROR] 请求失败：403 Client Error: Forbidden for url: https://www.zhihu.com/api/v4/search/top_search
2025-09-19 13:21:43,789 [ERROR] 没有获取到热搜数据，退出。
2025-09-19 13:21:44,275 [ERROR] 请求失败：401 Client Error: Authorization Required for url: https://www.zhihu.com/api/v3/feed/topstory/hot-lists/total?limit=50&desktop=true
2025-09-19 13:21:44,276 [ERROR] 没有获取到热榜数据，退出。
2025-09-19 14:12:10,869 [INFO] 成功写入 10 条热搜到 hotresearch/2025_9_19/2025_9_19_14.txt
2025-09-19 14:12:11,271 [ERROR] 请求失败：401 Client Error: Authorization Required for url: https://www.zhihu.com/api/v3/feed/topstory/hot-lists/total?limit=50&desktop=true
2025-09-19 14:12:11,271 [ERROR] 没有获取到热榜数据，退出。
2025-09-19 15:12:33,739 [ERROR] 请求失败：403 Client Error: Forbidden for url: https://www.zhihu.com/api/v4/search/top_search
2025-09-19 15:12:33,739 [ERROR] 没有获取到热搜数据，退出。
2025-09-19 15:12:34,189 [ERROR] 请求失败：401 Client Error: Authorization Required for url: https://www.zhihu.com/api/v3/feed/topstory/hot-lists/total?limit=50&desktop=true
2025-09-19 15:12:34,189 [ERROR] 没有获取到热榜数据，退出。
2025-09-19 16:14:32,472 [ERROR] 请求失败：403 Client Error: Forbidden for url: https://www.zhihu.com/api/v4/search/top_search
2025-09-19 16:14:32,472 [ERROR] 没有获取到热搜数据，退出。
2025-09-19 16:14:33,022 [ERROR] 请求失败：401 Client Error: Authorization Required for url: https://www.zhihu.com/api/v3/feed/topstory/hot-lists/total?limit=50&desktop=true
2025-09-19 16:14:33,022 [ERROR] 没有获取到热榜数据，退出。
