2025-12-10 01:06:55,615 [INFO] 成功写入 10 条热搜到 hotresearch/2025_12_10/2025_12_10_1.txt
2025-12-10 01:06:56,136 [ERROR] 请求失败：401 Client Error: Authorization Required for url: https://www.zhihu.com/api/v3/feed/topstory/hot-lists/total?limit=50&desktop=true
2025-12-10 01:06:56,136 [ERROR] 没有获取到热榜数据，退出。
2025-12-10 03:16:50,296 [INFO] 成功写入 10 条热搜到 hotresearch/2025_12_10/2025_12_10_3.txt
2025-12-10 03:16:50,785 [ERROR] 请求失败：401 Client Error: Authorization Required for url: https://www.zhihu.com/api/v3/feed/topstory/hot-lists/total?limit=50&desktop=true
2025-12-10 03:16:50,785 [ERROR] 没有获取到热榜数据，退出。
2025-12-10 04:27:24,207 [INFO] 成功写入 10 条热搜到 hotresearch/2025_12_10/2025_12_10_4.txt
2025-12-10 04:27:24,606 [ERROR] 请求失败：403 Client Error: Forbidden for url: https://www.zhihu.com/api/v3/feed/topstory/hot-lists/total?limit=50&desktop=true
2025-12-10 04:27:24,606 [ERROR] 没有获取到热榜数据，退出。
2025-12-10 05:15:19,595 [INFO] 成功写入 10 条热搜到 hotresearch/2025_12_10/2025_12_10_5.txt
2025-12-10 05:15:20,116 [ERROR] 请求失败：403 Client Error: Forbidden for url: https://www.zhihu.com/api/v3/feed/topstory/hot-lists/total?limit=50&desktop=true
2025-12-10 05:15:20,116 [ERROR] 没有获取到热榜数据，退出。
2025-12-10 06:22:39,825 [INFO] 成功写入 10 条热搜到 hotresearch/2025_12_10/2025_12_10_6.txt
2025-12-10 06:22:40,280 [ERROR] 请求失败：403 Client Error: Forbidden for url: https://www.zhihu.com/api/v3/feed/topstory/hot-lists/total?limit=50&desktop=true
2025-12-10 06:22:40,281 [ERROR] 没有获取到热榜数据，退出。
2025-12-10 07:17:15,088 [INFO] 成功写入 10 条热搜到 hotresearch/2025_12_10/2025_12_10_7.txt
2025-12-10 07:17:15,580 [ERROR] 请求失败：401 Client Error: Authorization Required for url: https://www.zhihu.com/api/v3/feed/topstory/hot-lists/total?limit=50&desktop=true
2025-12-10 07:17:15,580 [ERROR] 没有获取到热榜数据，退出。
2025-12-10 08:20:10,500 [WARNING] Retrying (Retry(total=4, connect=None, read=None, redirect=None, status=None)) after connection broken by 'NewConnectionError('<urllib3.connection.HTTPSConnection object at 0x7f037a318230>: Failed to establish a new connection: [Errno 101] Network is unreachable')': /api/v4/search/top_search
2025-12-10 08:20:22,512 [WARNING] Retrying (Retry(total=3, connect=None, read=None, redirect=None, status=None)) after connection broken by 'NewConnectionError('<urllib3.connection.HTTPSConnection object at 0x7f0379f6e990>: Failed to establish a new connection: [Errno 101] Network is unreachable')': /api/v4/search/top_search
2025-12-10 08:20:36,523 [WARNING] Retrying (Retry(total=2, connect=None, read=None, redirect=None, status=None)) after connection broken by 'NewConnectionError('<urllib3.connection.HTTPSConnection object at 0x7f0379f6ec00>: Failed to establish a new connection: [Errno 101] Network is unreachable')': /api/v4/search/top_search
2025-12-10 08:20:54,526 [WARNING] Retrying (Retry(total=1, connect=None, read=None, redirect=None, status=None)) after connection broken by 'NewConnectionError('<urllib3.connection.HTTPSConnection object at 0x7f0379f6ed50>: Failed to establish a new connection: [Errno 101] Network is unreachable')': /api/v4/search/top_search
2025-12-10 08:21:20,538 [WARNING] Retrying (Retry(total=0, connect=None, read=None, redirect=None, status=None)) after connection broken by 'NewConnectionError('<urllib3.connection.HTTPSConnection object at 0x7f0379f6eea0>: Failed to establish a new connection: [Errno 101] Network is unreachable')': /api/v4/search/top_search
2025-12-10 08:21:30,670 [ERROR] 请求失败：HTTPSConnectionPool(host='www.zhihu.com', port=443): Max retries exceeded with url: /api/v4/search/top_search (Caused by NewConnectionError('<urllib3.connection.HTTPSConnection object at 0x7f0379f6eff0>: Failed to establish a new connection: [Errno 101] Network is unreachable'))
2025-12-10 08:21:30,670 [ERROR] 没有获取到热搜数据，退出。
2025-12-10 08:21:40,790 [WARNING] Retrying (Retry(total=4, connect=None, read=None, redirect=None, status=None)) after connection broken by 'NewConnectionError('<urllib3.connection.HTTPSConnection object at 0x7f0e7b56f170>: Failed to establish a new connection: [Errno 101] Network is unreachable')': /api/v3/feed/topstory/hot-lists/total?limit=50&desktop=true
2025-12-10 08:21:52,801 [WARNING] Retrying (Retry(total=3, connect=None, read=None, redirect=None, status=None)) after connection broken by 'NewConnectionError('<urllib3.connection.HTTPSConnection object at 0x7f0e7b3c6690>: Failed to establish a new connection: [Errno 101] Network is unreachable')': /api/v3/feed/topstory/hot-lists/total?limit=50&desktop=true
2025-12-10 08:22:06,813 [WARNING] Retrying (Retry(total=2, connect=None, read=None, redirect=None, status=None)) after connection broken by 'NewConnectionError('<urllib3.connection.HTTPSConnection object at 0x7f0e7b3c6de0>: Failed to establish a new connection: [Errno 101] Network is unreachable')': /api/v3/feed/topstory/hot-lists/total?limit=50&desktop=true
2025-12-10 08:22:24,824 [WARNING] Retrying (Retry(total=1, connect=None, read=None, redirect=None, status=None)) after connection broken by 'NewConnectionError('<urllib3.connection.HTTPSConnection object at 0x7f0e7b3c6f30>: Failed to establish a new connection: [Errno 101] Network is unreachable')': /api/v3/feed/topstory/hot-lists/total?limit=50&desktop=true
2025-12-10 08:22:50,889 [WARNING] Retrying (Retry(total=0, connect=None, read=None, redirect=None, status=None)) after connection broken by 'NewConnectionError('<urllib3.connection.HTTPSConnection object at 0x7f0e7b3c7080>: Failed to establish a new connection: [Errno 101] Network is unreachable')': /api/v3/feed/topstory/hot-lists/total?limit=50&desktop=true
2025-12-10 08:23:00,892 [ERROR] 请求失败：HTTPSConnectionPool(host='www.zhihu.com', port=443): Max retries exceeded with url: /api/v3/feed/topstory/hot-lists/total?limit=50&desktop=true (Caused by NewConnectionError('<urllib3.connection.HTTPSConnection object at 0x7f0e7b3c71d0>: Failed to establish a new connection: [Errno 101] Network is unreachable'))
2025-12-10 08:23:00,892 [ERROR] 没有获取到热榜数据，退出。
2025-12-10 09:17:36,200 [INFO] 成功写入 10 条热搜到 hotresearch/2025_12_10/2025_12_10_9.txt
2025-12-10 09:17:36,655 [ERROR] 请求失败：401 Client Error: Authorization Required for url: https://www.zhihu.com/api/v3/feed/topstory/hot-lists/total?limit=50&desktop=true
2025-12-10 09:17:36,655 [ERROR] 没有获取到热榜数据，退出。
2025-12-10 10:16:31,791 [INFO] 成功写入 10 条热搜到 hotresearch/2025_12_10/2025_12_10_10.txt
2025-12-10 10:16:32,297 [ERROR] 请求失败：401 Client Error: Authorization Required for url: https://www.zhihu.com/api/v3/feed/topstory/hot-lists/total?limit=50&desktop=true
2025-12-10 10:16:32,297 [ERROR] 没有获取到热榜数据，退出。
2025-12-10 11:13:04,144 [INFO] 成功写入 10 条热搜到 hotresearch/2025_12_10/2025_12_10_11.txt
2025-12-10 11:13:04,649 [ERROR] 请求失败：401 Client Error: Authorization Required for url: https://www.zhihu.com/api/v3/feed/topstory/hot-lists/total?limit=50&desktop=true
2025-12-10 11:13:04,650 [ERROR] 没有获取到热榜数据，退出。
2025-12-10 12:28:59,367 [INFO] 成功写入 10 条热搜到 hotresearch/2025_12_10/2025_12_10_12.txt
2025-12-10 12:28:59,849 [ERROR] 请求失败：403 Client Error: Forbidden for url: https://www.zhihu.com/api/v3/feed/topstory/hot-lists/total?limit=50&desktop=true
2025-12-10 12:28:59,849 [ERROR] 没有获取到热榜数据，退出。
2025-12-10 13:32:01,667 [INFO] 成功写入 10 条热搜到 hotresearch/2025_12_10/2025_12_10_13.txt
2025-12-10 13:32:02,371 [ERROR] 请求失败：401 Client Error: Authorization Required for url: https://www.zhihu.com/api/v3/feed/topstory/hot-lists/total?limit=50&desktop=true
2025-12-10 13:32:02,371 [ERROR] 没有获取到热榜数据，退出。
2025-12-10 14:16:18,715 [INFO] 成功写入 10 条热搜到 hotresearch/2025_12_10/2025_12_10_14.txt
2025-12-10 14:16:19,218 [ERROR] 请求失败：401 Client Error: Authorization Required for url: https://www.zhihu.com/api/v3/feed/topstory/hot-lists/total?limit=50&desktop=true
2025-12-10 14:16:19,218 [ERROR] 没有获取到热榜数据，退出。
2025-12-10 15:17:00,778 [INFO] 成功写入 10 条热搜到 hotresearch/2025_12_10/2025_12_10_15.txt
2025-12-10 15:17:01,318 [ERROR] 请求失败：403 Client Error: Forbidden for url: https://www.zhihu.com/api/v3/feed/topstory/hot-lists/total?limit=50&desktop=true
2025-12-10 15:17:01,318 [ERROR] 没有获取到热榜数据，退出。
2025-12-10 16:20:12,947 [INFO] 成功写入 10 条热搜到 hotresearch/2025_12_10/2025_12_10_16.txt
2025-12-10 16:20:13,512 [ERROR] 请求失败：401 Client Error: Authorization Required for url: https://www.zhihu.com/api/v3/feed/topstory/hot-lists/total?limit=50&desktop=true
2025-12-10 16:20:13,512 [ERROR] 没有获取到热榜数据，退出。
2025-12-10 17:16:40,386 [INFO] 成功写入 10 条热搜到 hotresearch/2025_12_10/2025_12_10_17.txt
2025-12-10 17:16:40,912 [ERROR] 请求失败：401 Client Error: Authorization Required for url: https://www.zhihu.com/api/v3/feed/topstory/hot-lists/total?limit=50&desktop=true
2025-12-10 17:16:40,912 [ERROR] 没有获取到热榜数据，退出。
2025-12-10 18:21:27,265 [INFO] 成功写入 10 条热搜到 hotresearch/2025_12_10/2025_12_10_18.txt
2025-12-10 18:21:27,605 [ERROR] 请求失败：401 Client Error: Authorization Required for url: https://www.zhihu.com/api/v3/feed/topstory/hot-lists/total?limit=50&desktop=true
2025-12-10 18:21:27,605 [ERROR] 没有获取到热榜数据，退出。
2025-12-10 19:12:51,058 [INFO] 成功写入 10 条热搜到 hotresearch/2025_12_10/2025_12_10_19.txt
2025-12-10 19:12:51,517 [ERROR] 请求失败：401 Client Error: Authorization Required for url: https://www.zhihu.com/api/v3/feed/topstory/hot-lists/total?limit=50&desktop=true
2025-12-10 19:12:51,518 [ERROR] 没有获取到热榜数据，退出。
2025-12-10 20:16:31,144 [INFO] 成功写入 10 条热搜到 hotresearch/2025_12_10/2025_12_10_20.txt
2025-12-10 20:16:31,668 [ERROR] 请求失败：401 Client Error: Authorization Required for url: https://www.zhihu.com/api/v3/feed/topstory/hot-lists/total?limit=50&desktop=true
2025-12-10 20:16:31,668 [ERROR] 没有获取到热榜数据，退出。
