2025-11-19 01:03:12,117 [INFO] 成功写入 10 条热搜到 hotresearch/2025_11_19/2025_11_19_1.txt
2025-11-19 01:03:12,644 [ERROR] 请求失败：403 Client Error: Forbidden for url: https://www.zhihu.com/api/v3/feed/topstory/hot-lists/total?limit=50&desktop=true
2025-11-19 01:03:12,644 [ERROR] 没有获取到热榜数据，退出。
2025-11-19 03:06:27,624 [ERROR] 请求失败：403 Client Error: Forbidden for url: https://www.zhihu.com/api/v4/search/top_search
2025-11-19 03:06:27,624 [ERROR] 没有获取到热搜数据，退出。
2025-11-19 03:06:28,109 [ERROR] 请求失败：401 Client Error: Authorization Required for url: https://www.zhihu.com/api/v3/feed/topstory/hot-lists/total?limit=50&desktop=true
2025-11-19 03:06:28,109 [ERROR] 没有获取到热榜数据，退出。
2025-11-19 04:16:49,122 [INFO] 成功写入 10 条热搜到 hotresearch/2025_11_19/2025_11_19_4.txt
2025-11-19 04:16:49,641 [ERROR] 请求失败：401 Client Error: Authorization Required for url: https://www.zhihu.com/api/v3/feed/topstory/hot-lists/total?limit=50&desktop=true
2025-11-19 04:16:49,641 [ERROR] 没有获取到热榜数据，退出。
2025-11-19 05:13:48,963 [INFO] 成功写入 10 条热搜到 hotresearch/2025_11_19/2025_11_19_5.txt
2025-11-19 05:13:49,314 [ERROR] 请求失败：401 Client Error: Authorization Required for url: https://www.zhihu.com/api/v3/feed/topstory/hot-lists/total?limit=50&desktop=true
2025-11-19 05:13:49,315 [ERROR] 没有获取到热榜数据，退出。
2025-11-19 06:20:07,407 [INFO] 成功写入 10 条热搜到 hotresearch/2025_11_19/2025_11_19_6.txt
2025-11-19 06:20:07,768 [ERROR] 请求失败：401 Client Error: Authorization Required for url: https://www.zhihu.com/api/v3/feed/topstory/hot-lists/total?limit=50&desktop=true
2025-11-19 06:20:07,769 [ERROR] 没有获取到热榜数据，退出。
2025-11-19 07:13:42,783 [INFO] 成功写入 10 条热搜到 hotresearch/2025_11_19/2025_11_19_7.txt
2025-11-19 07:13:43,260 [ERROR] 请求失败：401 Client Error: Authorization Required for url: https://www.zhihu.com/api/v3/feed/topstory/hot-lists/total?limit=50&desktop=true
2025-11-19 07:13:43,261 [ERROR] 没有获取到热榜数据，退出。
2025-11-19 08:18:06,233 [INFO] 成功写入 10 条热搜到 hotresearch/2025_11_19/2025_11_19_8.txt
2025-11-19 08:18:06,711 [ERROR] 请求失败：401 Client Error: Authorization Required for url: https://www.zhihu.com/api/v3/feed/topstory/hot-lists/total?limit=50&desktop=true
2025-11-19 08:18:06,711 [ERROR] 没有获取到热榜数据，退出。
2025-11-19 09:15:10,924 [INFO] 成功写入 10 条热搜到 hotresearch/2025_11_19/2025_11_19_9.txt
2025-11-19 09:15:11,302 [ERROR] 请求失败：401 Client Error: Authorization Required for url: https://www.zhihu.com/api/v3/feed/topstory/hot-lists/total?limit=50&desktop=true
2025-11-19 09:15:11,302 [ERROR] 没有获取到热榜数据，退出。
2025-11-19 10:14:52,325 [INFO] 成功写入 10 条热搜到 hotresearch/2025_11_19/2025_11_19_10.txt
2025-11-19 10:14:52,801 [ERROR] 请求失败：401 Client Error: Authorization Required for url: https://www.zhihu.com/api/v3/feed/topstory/hot-lists/total?limit=50&desktop=true
2025-11-19 10:14:52,801 [ERROR] 没有获取到热榜数据，退出。
2025-11-19 11:11:34,767 [ERROR] 请求失败：403 Client Error: Forbidden for url: https://www.zhihu.com/api/v4/search/top_search
2025-11-19 11:11:34,767 [ERROR] 没有获取到热搜数据，退出。
2025-11-19 11:11:35,121 [ERROR] 请求失败：401 Client Error: Authorization Required for url: https://www.zhihu.com/api/v3/feed/topstory/hot-lists/total?limit=50&desktop=true
2025-11-19 11:11:35,121 [ERROR] 没有获取到热榜数据，退出。
2025-11-19 12:27:42,133 [INFO] 成功写入 10 条热搜到 hotresearch/2025_11_19/2025_11_19_12.txt
2025-11-19 12:27:42,586 [ERROR] 请求失败：401 Client Error: Authorization Required for url: https://www.zhihu.com/api/v3/feed/topstory/hot-lists/total?limit=50&desktop=true
2025-11-19 12:27:42,586 [ERROR] 没有获取到热榜数据，退出。
2025-11-19 13:27:02,193 [INFO] 成功写入 10 条热搜到 hotresearch/2025_11_19/2025_11_19_13.txt
2025-11-19 13:27:02,713 [ERROR] 请求失败：403 Client Error: Forbidden for url: https://www.zhihu.com/api/v3/feed/topstory/hot-lists/total?limit=50&desktop=true
2025-11-19 13:27:02,714 [ERROR] 没有获取到热榜数据，退出。
2025-11-19 14:13:11,991 [INFO] 成功写入 10 条热搜到 hotresearch/2025_11_19/2025_11_19_14.txt
2025-11-19 14:13:12,472 [ERROR] 请求失败：401 Client Error: Authorization Required for url: https://www.zhihu.com/api/v3/feed/topstory/hot-lists/total?limit=50&desktop=true
2025-11-19 14:13:12,472 [ERROR] 没有获取到热榜数据，退出。
2025-11-19 15:14:40,212 [INFO] 成功写入 10 条热搜到 hotresearch/2025_11_19/2025_11_19_15.txt
2025-11-19 15:14:40,628 [ERROR] 请求失败：401 Client Error: Authorization Required for url: https://www.zhihu.com/api/v3/feed/topstory/hot-lists/total?limit=50&desktop=true
2025-11-19 15:14:40,628 [ERROR] 没有获取到热榜数据，退出。
2025-11-19 16:18:11,922 [INFO] 成功写入 10 条热搜到 hotresearch/2025_11_19/2025_11_19_16.txt
2025-11-19 16:18:12,416 [ERROR] 请求失败：401 Client Error: Authorization Required for url: https://www.zhihu.com/api/v3/feed/topstory/hot-lists/total?limit=50&desktop=true
2025-11-19 16:18:12,416 [ERROR] 没有获取到热榜数据，退出。
