2025-08-27 01:00:51,199 [ERROR] 请求失败：403 Client Error: Forbidden for url: https://www.zhihu.com/api/v4/search/top_search
2025-08-27 01:00:51,199 [ERROR] 没有获取到热搜数据，退出。
2025-08-27 01:00:51,604 [ERROR] 请求失败：401 Client Error: Authorization Required for url: https://www.zhihu.com/api/v3/feed/topstory/hot-lists/total?limit=50&desktop=true
2025-08-27 01:00:51,604 [ERROR] 没有获取到热榜数据，退出。
2025-08-27 02:57:53,828 [ERROR] 请求失败：403 Client Error: Forbidden for url: https://www.zhihu.com/api/v4/search/top_search
2025-08-27 02:57:53,828 [ERROR] 没有获取到热搜数据，退出。
2025-08-27 02:57:54,428 [ERROR] 请求失败：403 Client Error: Forbidden for url: https://www.zhihu.com/api/v3/feed/topstory/hot-lists/total?limit=50&desktop=true
2025-08-27 02:57:54,428 [ERROR] 没有获取到热榜数据，退出。
2025-08-27 03:34:10,578 [ERROR] 请求失败：403 Client Error: Forbidden for url: https://www.zhihu.com/api/v4/search/top_search
2025-08-27 03:34:10,578 [ERROR] 没有获取到热搜数据，退出。
2025-08-27 03:34:10,984 [ERROR] 请求失败：403 Client Error: Forbidden for url: https://www.zhihu.com/api/v3/feed/topstory/hot-lists/total?limit=50&desktop=true
2025-08-27 03:34:10,985 [ERROR] 没有获取到热榜数据，退出。
2025-08-27 04:15:18,825 [ERROR] 请求失败：403 Client Error: Forbidden for url: https://www.zhihu.com/api/v4/search/top_search
2025-08-27 04:15:18,825 [ERROR] 没有获取到热搜数据，退出。
2025-08-27 04:15:19,285 [ERROR] 请求失败：403 Client Error: Forbidden for url: https://www.zhihu.com/api/v3/feed/topstory/hot-lists/total?limit=50&desktop=true
2025-08-27 04:15:19,285 [ERROR] 没有获取到热榜数据，退出。
2025-08-27 05:12:41,651 [ERROR] 请求失败：403 Client Error: Forbidden for url: https://www.zhihu.com/api/v4/search/top_search
2025-08-27 05:12:41,651 [ERROR] 没有获取到热搜数据，退出。
2025-08-27 05:12:42,062 [ERROR] 请求失败：401 Client Error: Authorization Required for url: https://www.zhihu.com/api/v3/feed/topstory/hot-lists/total?limit=50&desktop=true
2025-08-27 05:12:42,062 [ERROR] 没有获取到热榜数据，退出。
