2025-09-24 00:58:48,001 [ERROR] 请求失败：403 Client Error: Forbidden for url: https://www.zhihu.com/api/v4/search/top_search
2025-09-24 00:58:48,001 [ERROR] 没有获取到热搜数据，退出。
2025-09-24 00:58:48,455 [ERROR] 请求失败：403 Client Error: Forbidden for url: https://www.zhihu.com/api/v3/feed/topstory/hot-lists/total?limit=50&desktop=true
2025-09-24 00:58:48,455 [ERROR] 没有获取到热榜数据，退出。
2025-09-24 02:21:47,247 [ERROR] 请求失败：403 Client Error: Forbidden for url: https://www.zhihu.com/api/v4/search/top_search
2025-09-24 02:21:47,247 [ERROR] 没有获取到热搜数据，退出。
2025-09-24 02:21:47,853 [ERROR] 请求失败：401 Client Error: Authorization Required for url: https://www.zhihu.com/api/v3/feed/topstory/hot-lists/total?limit=50&desktop=true
2025-09-24 02:21:47,853 [ERROR] 没有获取到热榜数据，退出。
2025-09-24 03:26:41,845 [ERROR] 请求失败：403 Client Error: Forbidden for url: https://www.zhihu.com/api/v4/search/top_search
2025-09-24 03:26:41,845 [ERROR] 没有获取到热搜数据，退出。
2025-09-24 03:26:42,259 [ERROR] 请求失败：403 Client Error: Forbidden for url: https://www.zhihu.com/api/v3/feed/topstory/hot-lists/total?limit=50&desktop=true
2025-09-24 03:26:42,259 [ERROR] 没有获取到热榜数据，退出。
2025-09-24 04:14:59,495 [ERROR] 请求失败：403 Client Error: Forbidden for url: https://www.zhihu.com/api/v4/search/top_search
2025-09-24 04:14:59,495 [ERROR] 没有获取到热搜数据，退出。
2025-09-24 04:14:59,858 [ERROR] 请求失败：401 Client Error: Authorization Required for url: https://www.zhihu.com/api/v3/feed/topstory/hot-lists/total?limit=50&desktop=true
2025-09-24 04:14:59,858 [ERROR] 没有获取到热榜数据，退出。
2025-09-24 05:12:15,593 [ERROR] 请求失败：403 Client Error: Forbidden for url: https://www.zhihu.com/api/v4/search/top_search
2025-09-24 05:12:15,593 [ERROR] 没有获取到热搜数据，退出。
2025-09-24 05:12:16,008 [ERROR] 请求失败：403 Client Error: Forbidden for url: https://www.zhihu.com/api/v3/feed/topstory/hot-lists/total?limit=50&desktop=true
2025-09-24 05:12:16,009 [ERROR] 没有获取到热榜数据，退出。
2025-09-24 06:19:17,250 [ERROR] 请求失败：403 Client Error: Forbidden for url: https://www.zhihu.com/api/v4/search/top_search
2025-09-24 06:19:17,251 [ERROR] 没有获取到热搜数据，退出。
2025-09-24 06:19:17,745 [ERROR] 请求失败：403 Client Error: Forbidden for url: https://www.zhihu.com/api/v3/feed/topstory/hot-lists/total?limit=50&desktop=true
2025-09-24 06:19:17,745 [ERROR] 没有获取到热榜数据，退出。
2025-09-24 07:12:53,294 [INFO] 成功写入 10 条热搜到 hotresearch/2025_9_24/2025_9_24_7.txt
2025-09-24 07:12:53,768 [ERROR] 请求失败：403 Client Error: Forbidden for url: https://www.zhihu.com/api/v3/feed/topstory/hot-lists/total?limit=50&desktop=true
2025-09-24 07:12:53,768 [ERROR] 没有获取到热榜数据，退出。
2025-09-24 08:17:31,149 [ERROR] 请求失败：403 Client Error: Forbidden for url: https://www.zhihu.com/api/v4/search/top_search
2025-09-24 08:17:31,149 [ERROR] 没有获取到热搜数据，退出。
2025-09-24 08:17:31,541 [ERROR] 请求失败：403 Client Error: Forbidden for url: https://www.zhihu.com/api/v3/feed/topstory/hot-lists/total?limit=50&desktop=true
2025-09-24 08:17:31,541 [ERROR] 没有获取到热榜数据，退出。
2025-09-24 09:13:47,650 [INFO] 成功写入 10 条热搜到 hotresearch/2025_9_24/2025_9_24_9.txt
2025-09-24 09:13:47,992 [ERROR] 请求失败：401 Client Error: Authorization Required for url: https://www.zhihu.com/api/v3/feed/topstory/hot-lists/total?limit=50&desktop=true
2025-09-24 09:13:47,992 [ERROR] 没有获取到热榜数据，退出。
2025-09-24 10:13:12,004 [ERROR] 请求失败：403 Client Error: Forbidden for url: https://www.zhihu.com/api/v4/search/top_search
2025-09-24 10:13:12,004 [ERROR] 没有获取到热搜数据，退出。
2025-09-24 10:13:12,430 [ERROR] 请求失败：401 Client Error: Authorization Required for url: https://www.zhihu.com/api/v3/feed/topstory/hot-lists/total?limit=50&desktop=true
2025-09-24 10:13:12,430 [ERROR] 没有获取到热榜数据，退出。
2025-09-24 11:10:21,660 [ERROR] 请求失败：403 Client Error: Forbidden for url: https://www.zhihu.com/api/v4/search/top_search
2025-09-24 11:10:21,660 [ERROR] 没有获取到热搜数据，退出。
2025-09-24 11:10:22,008 [ERROR] 请求失败：403 Client Error: Forbidden for url: https://www.zhihu.com/api/v3/feed/topstory/hot-lists/total?limit=50&desktop=true
2025-09-24 11:10:22,008 [ERROR] 没有获取到热榜数据，退出。
2025-09-24 12:25:48,718 [ERROR] 请求失败：403 Client Error: Forbidden for url: https://www.zhihu.com/api/v4/search/top_search
2025-09-24 12:25:48,718 [ERROR] 没有获取到热搜数据，退出。
2025-09-24 12:25:49,128 [ERROR] 请求失败：401 Client Error: Authorization Required for url: https://www.zhihu.com/api/v3/feed/topstory/hot-lists/total?limit=50&desktop=true
2025-09-24 12:25:49,128 [ERROR] 没有获取到热榜数据，退出。
2025-09-24 13:22:45,604 [ERROR] 请求失败：403 Client Error: Forbidden for url: https://www.zhihu.com/api/v4/search/top_search
2025-09-24 13:22:45,604 [ERROR] 没有获取到热搜数据，退出。
2025-09-24 13:22:45,952 [ERROR] 请求失败：401 Client Error: Authorization Required for url: https://www.zhihu.com/api/v3/feed/topstory/hot-lists/total?limit=50&desktop=true
2025-09-24 13:22:45,952 [ERROR] 没有获取到热榜数据，退出。
2025-09-24 14:10:54,745 [ERROR] 请求失败：403 Client Error: Forbidden for url: https://www.zhihu.com/api/v4/search/top_search
2025-09-24 14:10:54,745 [ERROR] 没有获取到热搜数据，退出。
2025-09-24 14:10:55,101 [ERROR] 请求失败：401 Client Error: Authorization Required for url: https://www.zhihu.com/api/v3/feed/topstory/hot-lists/total?limit=50&desktop=true
2025-09-24 14:10:55,101 [ERROR] 没有获取到热榜数据，退出。
2025-09-24 15:13:02,546 [ERROR] 请求失败：403 Client Error: Forbidden for url: https://www.zhihu.com/api/v4/search/top_search
2025-09-24 15:13:02,546 [ERROR] 没有获取到热搜数据，退出。
2025-09-24 15:13:03,391 [ERROR] 请求失败：403 Client Error: Forbidden for url: https://www.zhihu.com/api/v3/feed/topstory/hot-lists/total?limit=50&desktop=true
2025-09-24 15:13:03,391 [ERROR] 没有获取到热榜数据，退出。
2025-09-24 16:15:56,553 [ERROR] 请求失败：403 Client Error: Forbidden for url: https://www.zhihu.com/api/v4/search/top_search
2025-09-24 16:15:56,554 [ERROR] 没有获取到热搜数据，退出。
2025-09-24 16:15:57,037 [ERROR] 请求失败：401 Client Error: Authorization Required for url: https://www.zhihu.com/api/v3/feed/topstory/hot-lists/total?limit=50&desktop=true
2025-09-24 16:15:57,037 [ERROR] 没有获取到热榜数据，退出。
2025-09-24 17:11:13,858 [ERROR] 请求失败：403 Client Error: Forbidden for url: https://www.zhihu.com/api/v4/search/top_search
2025-09-24 17:11:13,858 [ERROR] 没有获取到热搜数据，退出。
2025-09-24 17:11:14,216 [ERROR] 请求失败：401 Client Error: Authorization Required for url: https://www.zhihu.com/api/v3/feed/topstory/hot-lists/total?limit=50&desktop=true
2025-09-24 17:11:14,216 [ERROR] 没有获取到热榜数据，退出。
2025-09-24 18:17:54,161 [ERROR] 请求失败：403 Client Error: Forbidden for url: https://www.zhihu.com/api/v4/search/top_search
2025-09-24 18:17:54,161 [ERROR] 没有获取到热搜数据，退出。
2025-09-24 18:17:54,706 [ERROR] 请求失败：403 Client Error: Forbidden for url: https://www.zhihu.com/api/v3/feed/topstory/hot-lists/total?limit=50&desktop=true
2025-09-24 18:17:54,706 [ERROR] 没有获取到热榜数据，退出。
2025-09-24 19:10:01,724 [WARNING] Retrying (Retry(total=4, connect=None, read=None, redirect=None, status=None)) after connection broken by 'NewConnectionError('<urllib3.connection.HTTPSConnection object at 0x7fab4ec16630>: Failed to establish a new connection: [Errno 101] Network is unreachable')': /api/v4/search/top_search
2025-09-24 19:10:13,736 [WARNING] Retrying (Retry(total=3, connect=None, read=None, redirect=None, status=None)) after connection broken by 'NewConnectionError('<urllib3.connection.HTTPSConnection object at 0x7fab4fa4b1d0>: Failed to establish a new connection: [Errno 101] Network is unreachable')': /api/v4/search/top_search
2025-09-24 19:10:27,747 [WARNING] Retrying (Retry(total=2, connect=None, read=None, redirect=None, status=None)) after connection broken by 'NewConnectionError('<urllib3.connection.HTTPSConnection object at 0x7fab4ec16780>: Failed to establish a new connection: [Errno 101] Network is unreachable')': /api/v4/search/top_search
2025-09-24 19:10:45,756 [WARNING] Retrying (Retry(total=1, connect=None, read=None, redirect=None, status=None)) after connection broken by 'NewConnectionError('<urllib3.connection.HTTPSConnection object at 0x7fab4ec168d0>: Failed to establish a new connection: [Errno 101] Network is unreachable')': /api/v4/search/top_search
2025-09-24 19:11:11,767 [WARNING] Retrying (Retry(total=0, connect=None, read=None, redirect=None, status=None)) after connection broken by 'NewConnectionError('<urllib3.connection.HTTPSConnection object at 0x7fab4ec16a20>: Failed to establish a new connection: [Errno 101] Network is unreachable')': /api/v4/search/top_search
2025-09-24 19:11:21,891 [ERROR] 请求失败：HTTPSConnectionPool(host='www.zhihu.com', port=443): Max retries exceeded with url: /api/v4/search/top_search (Caused by NewConnectionError('<urllib3.connection.HTTPSConnection object at 0x7fab4ec16b70>: Failed to establish a new connection: [Errno 101] Network is unreachable'))
2025-09-24 19:11:21,891 [ERROR] 没有获取到热搜数据，退出。
2025-09-24 19:11:32,007 [WARNING] Retrying (Retry(total=4, connect=None, read=None, redirect=None, status=None)) after connection broken by 'NewConnectionError('<urllib3.connection.HTTPSConnection object at 0x7f661ff07fb0>: Failed to establish a new connection: [Errno 101] Network is unreachable')': /api/v3/feed/topstory/hot-lists/total?limit=50&desktop=true
2025-09-24 19:11:44,019 [WARNING] Retrying (Retry(total=3, connect=None, read=None, redirect=None, status=None)) after connection broken by 'NewConnectionError('<urllib3.connection.HTTPSConnection object at 0x7f661fad5520>: Failed to establish a new connection: [Errno 101] Network is unreachable')': /api/v3/feed/topstory/hot-lists/total?limit=50&desktop=true
2025-09-24 19:11:58,031 [WARNING] Retrying (Retry(total=2, connect=None, read=None, redirect=None, status=None)) after connection broken by 'NewConnectionError('<urllib3.connection.HTTPSConnection object at 0x7f661fad6c90>: Failed to establish a new connection: [Errno 101] Network is unreachable')': /api/v3/feed/topstory/hot-lists/total?limit=50&desktop=true
2025-09-24 19:12:16,042 [WARNING] Retrying (Retry(total=1, connect=None, read=None, redirect=None, status=None)) after connection broken by 'NewConnectionError('<urllib3.connection.HTTPSConnection object at 0x7f661fad6de0>: Failed to establish a new connection: [Errno 101] Network is unreachable')': /api/v3/feed/topstory/hot-lists/total?limit=50&desktop=true
2025-09-24 19:12:42,282 [WARNING] Retrying (Retry(total=0, connect=None, read=None, redirect=None, status=None)) after connection broken by 'NewConnectionError('<urllib3.connection.HTTPSConnection object at 0x7f661fad6f30>: Failed to establish a new connection: [Errno 101] Network is unreachable')': /api/v3/feed/topstory/hot-lists/total?limit=50&desktop=true
2025-09-24 19:12:52,294 [ERROR] 请求失败：HTTPSConnectionPool(host='www.zhihu.com', port=443): Max retries exceeded with url: /api/v3/feed/topstory/hot-lists/total?limit=50&desktop=true (Caused by NewConnectionError('<urllib3.connection.HTTPSConnection object at 0x7f661fad7080>: Failed to establish a new connection: [Errno 101] Network is unreachable'))
2025-09-24 19:12:52,294 [ERROR] 没有获取到热榜数据，退出。
2025-09-24 20:13:44,694 [ERROR] 请求失败：403 Client Error: Forbidden for url: https://www.zhihu.com/api/v4/search/top_search
2025-09-24 20:13:44,694 [ERROR] 没有获取到热搜数据，退出。
2025-09-24 20:13:45,136 [ERROR] 请求失败：401 Client Error: Authorization Required for url: https://www.zhihu.com/api/v3/feed/topstory/hot-lists/total?limit=50&desktop=true
2025-09-24 20:13:45,136 [ERROR] 没有获取到热榜数据，退出。
2025-09-24 21:10:49,777 [ERROR] 请求失败：403 Client Error: Forbidden for url: https://www.zhihu.com/api/v4/search/top_search
2025-09-24 21:10:49,778 [ERROR] 没有获取到热搜数据，退出。
2025-09-24 21:10:50,426 [ERROR] 请求失败：401 Client Error: Authorization Required for url: https://www.zhihu.com/api/v3/feed/topstory/hot-lists/total?limit=50&desktop=true
2025-09-24 21:10:50,426 [ERROR] 没有获取到热榜数据，退出。
