2025-07-15 01:11:16,711 [ERROR] 请求失败：403 Client Error: Forbidden for url: https://www.zhihu.com/api/v4/search/top_search
2025-07-15 01:11:16,712 [ERROR] 没有获取到热搜数据，退出。
2025-07-15 01:11:17,165 [ERROR] 请求失败：403 Client Error: Forbidden for url: https://www.zhihu.com/api/v3/feed/topstory/hot-lists/total?limit=50&desktop=true
2025-07-15 01:11:17,165 [ERROR] 没有获取到热榜数据，退出。
2025-07-15 03:24:55,487 [ERROR] 请求失败：403 Client Error: Forbidden for url: https://www.zhihu.com/api/v4/search/top_search
2025-07-15 03:24:55,487 [ERROR] 没有获取到热搜数据，退出。
2025-07-15 03:24:55,967 [ERROR] 请求失败：401 Client Error: Authorization Required for url: https://www.zhihu.com/api/v3/feed/topstory/hot-lists/total?limit=50&desktop=true
2025-07-15 03:24:55,967 [ERROR] 没有获取到热榜数据，退出。
2025-07-15 04:33:35,468 [ERROR] 请求失败：403 Client Error: Forbidden for url: https://www.zhihu.com/api/v4/search/top_search
2025-07-15 04:33:35,468 [ERROR] 没有获取到热搜数据，退出。
2025-07-15 04:33:35,973 [ERROR] 请求失败：403 Client Error: Forbidden for url: https://www.zhihu.com/api/v3/feed/topstory/hot-lists/total?limit=50&desktop=true
2025-07-15 04:33:35,973 [ERROR] 没有获取到热榜数据，退出。
2025-07-15 05:18:57,533 [ERROR] 请求失败：403 Client Error: Forbidden for url: https://www.zhihu.com/api/v4/search/top_search
2025-07-15 05:18:57,533 [ERROR] 没有获取到热搜数据，退出。
2025-07-15 05:18:58,003 [ERROR] 请求失败：403 Client Error: Forbidden for url: https://www.zhihu.com/api/v3/feed/topstory/hot-lists/total?limit=50&desktop=true
2025-07-15 05:18:58,003 [ERROR] 没有获取到热榜数据，退出。
2025-07-15 06:21:17,307 [ERROR] 请求失败：403 Client Error: Forbidden for url: https://www.zhihu.com/api/v4/search/top_search
2025-07-15 06:21:17,307 [ERROR] 没有获取到热搜数据，退出。
2025-07-15 06:21:17,660 [ERROR] 请求失败：401 Client Error: Authorization Required for url: https://www.zhihu.com/api/v3/feed/topstory/hot-lists/total?limit=50&desktop=true
2025-07-15 06:21:17,660 [ERROR] 没有获取到热榜数据，退出。
2025-07-15 07:16:47,421 [ERROR] 请求失败：403 Client Error: Forbidden for url: https://www.zhihu.com/api/v4/search/top_search
2025-07-15 07:16:47,421 [ERROR] 没有获取到热搜数据，退出。
2025-07-15 07:16:47,901 [ERROR] 请求失败：403 Client Error: Forbidden for url: https://www.zhihu.com/api/v3/feed/topstory/hot-lists/total?limit=50&desktop=true
2025-07-15 07:16:47,901 [ERROR] 没有获取到热榜数据，退出。
2025-07-15 08:19:14,230 [ERROR] 请求失败：403 Client Error: Forbidden for url: https://www.zhihu.com/api/v4/search/top_search
2025-07-15 08:19:14,230 [ERROR] 没有获取到热搜数据，退出。
2025-07-15 08:19:14,676 [ERROR] 请求失败：403 Client Error: Forbidden for url: https://www.zhihu.com/api/v3/feed/topstory/hot-lists/total?limit=50&desktop=true
2025-07-15 08:19:14,676 [ERROR] 没有获取到热榜数据，退出。
2025-07-15 09:22:40,393 [ERROR] 请求失败：403 Client Error: Forbidden for url: https://www.zhihu.com/api/v4/search/top_search
2025-07-15 09:22:40,393 [ERROR] 没有获取到热搜数据，退出。
2025-07-15 09:22:40,864 [ERROR] 请求失败：403 Client Error: Forbidden for url: https://www.zhihu.com/api/v3/feed/topstory/hot-lists/total?limit=50&desktop=true
2025-07-15 09:22:40,864 [ERROR] 没有获取到热榜数据，退出。
2025-07-15 10:14:55,547 [ERROR] 请求失败：403 Client Error: Forbidden for url: https://www.zhihu.com/api/v4/search/top_search
2025-07-15 10:14:55,547 [ERROR] 没有获取到热搜数据，退出。
2025-07-15 10:14:56,034 [ERROR] 请求失败：403 Client Error: Forbidden for url: https://www.zhihu.com/api/v3/feed/topstory/hot-lists/total?limit=50&desktop=true
2025-07-15 10:14:56,034 [ERROR] 没有获取到热榜数据，退出。
2025-07-15 11:12:35,857 [ERROR] 请求失败：403 Client Error: Forbidden for url: https://www.zhihu.com/api/v4/search/top_search
2025-07-15 11:12:35,857 [ERROR] 没有获取到热搜数据，退出。
2025-07-15 11:12:36,354 [ERROR] 请求失败：401 Client Error: Authorization Required for url: https://www.zhihu.com/api/v3/feed/topstory/hot-lists/total?limit=50&desktop=true
2025-07-15 11:12:36,354 [ERROR] 没有获取到热榜数据，退出。
2025-07-15 12:28:28,691 [ERROR] 请求失败：403 Client Error: Forbidden for url: https://www.zhihu.com/api/v4/search/top_search
2025-07-15 12:28:28,691 [ERROR] 没有获取到热搜数据，退出。
2025-07-15 12:28:29,172 [ERROR] 请求失败：401 Client Error: Authorization Required for url: https://www.zhihu.com/api/v3/feed/topstory/hot-lists/total?limit=50&desktop=true
2025-07-15 12:28:29,172 [ERROR] 没有获取到热榜数据，退出。
2025-07-15 13:31:53,381 [INFO] 成功写入 10 条热搜到 hotresearch/2025_7_15/2025_7_15_13.txt
2025-07-15 13:31:53,836 [ERROR] 请求失败：403 Client Error: Forbidden for url: https://www.zhihu.com/api/v3/feed/topstory/hot-lists/total?limit=50&desktop=true
2025-07-15 13:31:53,836 [ERROR] 没有获取到热榜数据，退出。
2025-07-15 14:14:04,964 [ERROR] 请求失败：403 Client Error: Forbidden for url: https://www.zhihu.com/api/v4/search/top_search
2025-07-15 14:14:04,964 [ERROR] 没有获取到热搜数据，退出。
2025-07-15 14:14:05,346 [ERROR] 请求失败：401 Client Error: Authorization Required for url: https://www.zhihu.com/api/v3/feed/topstory/hot-lists/total?limit=50&desktop=true
2025-07-15 14:14:05,346 [ERROR] 没有获取到热榜数据，退出。
2025-07-15 15:12:59,119 [ERROR] 请求失败：403 Client Error: Forbidden for url: https://www.zhihu.com/api/v4/search/top_search
2025-07-15 15:12:59,119 [ERROR] 没有获取到热搜数据，退出。
2025-07-15 15:12:59,582 [ERROR] 请求失败：403 Client Error: Forbidden for url: https://www.zhihu.com/api/v3/feed/topstory/hot-lists/total?limit=50&desktop=true
2025-07-15 15:12:59,582 [ERROR] 没有获取到热榜数据，退出。
2025-07-15 16:17:43,460 [ERROR] 请求失败：403 Client Error: Forbidden for url: https://www.zhihu.com/api/v4/search/top_search
2025-07-15 16:17:43,460 [ERROR] 没有获取到热搜数据，退出。
2025-07-15 16:17:43,941 [ERROR] 请求失败：403 Client Error: Forbidden for url: https://www.zhihu.com/api/v3/feed/topstory/hot-lists/total?limit=50&desktop=true
2025-07-15 16:17:43,941 [ERROR] 没有获取到热榜数据，退出。
2025-07-15 17:12:38,028 [INFO] 成功写入 10 条热搜到 hotresearch/2025_7_15/2025_7_15_17.txt
2025-07-15 17:12:38,490 [ERROR] 请求失败：401 Client Error: Authorization Required for url: https://www.zhihu.com/api/v3/feed/topstory/hot-lists/total?limit=50&desktop=true
2025-07-15 17:12:38,490 [ERROR] 没有获取到热榜数据，退出。
2025-07-15 18:20:10,563 [ERROR] 请求失败：403 Client Error: Forbidden for url: https://www.zhihu.com/api/v4/search/top_search
2025-07-15 18:20:10,564 [ERROR] 没有获取到热搜数据，退出。
2025-07-15 18:20:11,041 [ERROR] 请求失败：401 Client Error: Authorization Required for url: https://www.zhihu.com/api/v3/feed/topstory/hot-lists/total?limit=50&desktop=true
2025-07-15 18:20:11,041 [ERROR] 没有获取到热榜数据，退出。
2025-07-15 19:13:12,851 [ERROR] 请求失败：403 Client Error: Forbidden for url: https://www.zhihu.com/api/v4/search/top_search
2025-07-15 19:13:12,851 [ERROR] 没有获取到热搜数据，退出。
2025-07-15 19:13:13,329 [ERROR] 请求失败：401 Client Error: Authorization Required for url: https://www.zhihu.com/api/v3/feed/topstory/hot-lists/total?limit=50&desktop=true
2025-07-15 19:13:13,329 [ERROR] 没有获取到热榜数据，退出。
2025-07-15 20:15:23,829 [ERROR] 请求失败：403 Client Error: Forbidden for url: https://www.zhihu.com/api/v4/search/top_search
2025-07-15 20:15:23,829 [ERROR] 没有获取到热搜数据，退出。
2025-07-15 20:15:24,321 [ERROR] 请求失败：401 Client Error: Authorization Required for url: https://www.zhihu.com/api/v3/feed/topstory/hot-lists/total?limit=50&desktop=true
2025-07-15 20:15:24,321 [ERROR] 没有获取到热榜数据，退出。
