2025-10-05 01:04:14,604 [ERROR] 请求失败：403 Client Error: Forbidden for url: https://www.zhihu.com/api/v4/search/top_search
2025-10-05 01:04:14,604 [ERROR] 没有获取到热搜数据，退出。
2025-10-05 01:04:15,067 [ERROR] 请求失败：401 Client Error: Authorization Required for url: https://www.zhihu.com/api/v3/feed/topstory/hot-lists/total?limit=50&desktop=true
2025-10-05 01:04:15,067 [ERROR] 没有获取到热榜数据，退出。
2025-10-05 03:01:55,575 [ERROR] 请求失败：403 Client Error: Forbidden for url: https://www.zhihu.com/api/v4/search/top_search
2025-10-05 03:01:55,575 [ERROR] 没有获取到热搜数据，退出。
2025-10-05 03:01:56,110 [ERROR] 请求失败：403 Client Error: Forbidden for url: https://www.zhihu.com/api/v3/feed/topstory/hot-lists/total?limit=50&desktop=true
2025-10-05 03:01:56,110 [ERROR] 没有获取到热榜数据，退出。
2025-10-05 04:14:07,827 [ERROR] 请求失败：403 Client Error: Forbidden for url: https://www.zhihu.com/api/v4/search/top_search
2025-10-05 04:14:07,827 [ERROR] 没有获取到热搜数据，退出。
2025-10-05 04:14:08,283 [ERROR] 请求失败：401 Client Error: Authorization Required for url: https://www.zhihu.com/api/v3/feed/topstory/hot-lists/total?limit=50&desktop=true
2025-10-05 04:14:08,283 [ERROR] 没有获取到热榜数据，退出。
2025-10-05 05:11:23,332 [ERROR] 请求失败：403 Client Error: Forbidden for url: https://www.zhihu.com/api/v4/search/top_search
2025-10-05 05:11:23,332 [ERROR] 没有获取到热搜数据，退出。
2025-10-05 05:11:23,803 [ERROR] 请求失败：403 Client Error: Forbidden for url: https://www.zhihu.com/api/v3/feed/topstory/hot-lists/total?limit=50&desktop=true
2025-10-05 05:11:23,803 [ERROR] 没有获取到热榜数据，退出。
2025-10-05 06:16:50,471 [ERROR] 请求失败：403 Client Error: Forbidden for url: https://www.zhihu.com/api/v4/search/top_search
2025-10-05 06:16:50,471 [ERROR] 没有获取到热搜数据，退出。
2025-10-05 06:16:50,956 [ERROR] 请求失败：403 Client Error: Forbidden for url: https://www.zhihu.com/api/v3/feed/topstory/hot-lists/total?limit=50&desktop=true
2025-10-05 06:16:50,956 [ERROR] 没有获取到热榜数据，退出。
2025-10-05 07:10:18,429 [ERROR] 请求失败：403 Client Error: Forbidden for url: https://www.zhihu.com/api/v4/search/top_search
2025-10-05 07:10:18,429 [ERROR] 没有获取到热搜数据，退出。
2025-10-05 07:10:18,875 [ERROR] 请求失败：401 Client Error: Authorization Required for url: https://www.zhihu.com/api/v3/feed/topstory/hot-lists/total?limit=50&desktop=true
2025-10-05 07:10:18,875 [ERROR] 没有获取到热榜数据，退出。
2025-10-05 08:14:27,659 [ERROR] 请求失败：403 Client Error: Forbidden for url: https://www.zhihu.com/api/v4/search/top_search
2025-10-05 08:14:27,659 [ERROR] 没有获取到热搜数据，退出。
2025-10-05 08:14:28,047 [ERROR] 请求失败：401 Client Error: Authorization Required for url: https://www.zhihu.com/api/v3/feed/topstory/hot-lists/total?limit=50&desktop=true
2025-10-05 08:14:28,047 [ERROR] 没有获取到热榜数据，退出。
2025-10-05 09:11:11,107 [INFO] 成功写入 10 条热搜到 hotresearch/2025_10_5/2025_10_5_9.txt
2025-10-05 09:11:11,526 [ERROR] 请求失败：401 Client Error: Authorization Required for url: https://www.zhihu.com/api/v3/feed/topstory/hot-lists/total?limit=50&desktop=true
2025-10-05 09:11:11,526 [ERROR] 没有获取到热榜数据，退出。
2025-10-05 10:11:38,251 [ERROR] 请求失败：403 Client Error: Forbidden for url: https://www.zhihu.com/api/v4/search/top_search
2025-10-05 10:11:38,251 [ERROR] 没有获取到热搜数据，退出。
2025-10-05 10:11:38,658 [ERROR] 请求失败：401 Client Error: Authorization Required for url: https://www.zhihu.com/api/v3/feed/topstory/hot-lists/total?limit=50&desktop=true
2025-10-05 10:11:38,659 [ERROR] 没有获取到热榜数据，退出。
2025-10-05 11:08:53,228 [ERROR] 请求失败：403 Client Error: Forbidden for url: https://www.zhihu.com/api/v4/search/top_search
2025-10-05 11:08:53,228 [ERROR] 没有获取到热搜数据，退出。
2025-10-05 11:08:53,684 [ERROR] 请求失败：401 Client Error: Authorization Required for url: https://www.zhihu.com/api/v3/feed/topstory/hot-lists/total?limit=50&desktop=true
2025-10-05 11:08:53,684 [ERROR] 没有获取到热榜数据，退出。
2025-10-05 12:22:02,074 [ERROR] 请求失败：403 Client Error: Forbidden for url: https://www.zhihu.com/api/v4/search/top_search
2025-10-05 12:22:02,074 [ERROR] 没有获取到热搜数据，退出。
2025-10-05 12:22:02,935 [ERROR] 请求失败：403 Client Error: Forbidden for url: https://www.zhihu.com/api/v3/feed/topstory/hot-lists/total?limit=50&desktop=true
2025-10-05 12:22:02,935 [ERROR] 没有获取到热榜数据，退出。
2025-10-05 13:16:41,129 [ERROR] 请求失败：403 Client Error: Forbidden for url: https://www.zhihu.com/api/v4/search/top_search
2025-10-05 13:16:41,129 [ERROR] 没有获取到热搜数据，退出。
2025-10-05 13:16:41,476 [ERROR] 请求失败：401 Client Error: Authorization Required for url: https://www.zhihu.com/api/v3/feed/topstory/hot-lists/total?limit=50&desktop=true
2025-10-05 13:16:41,476 [ERROR] 没有获取到热榜数据，退出。
2025-10-05 14:10:00,907 [INFO] 成功写入 10 条热搜到 hotresearch/2025_10_5/2025_10_5_14.txt
2025-10-05 14:10:01,850 [ERROR] 请求失败：403 Client Error: Forbidden for url: https://www.zhihu.com/api/v3/feed/topstory/hot-lists/total?limit=50&desktop=true
2025-10-05 14:10:01,850 [ERROR] 没有获取到热榜数据，退出。
2025-10-05 15:10:19,573 [ERROR] 请求失败：403 Client Error: Forbidden for url: https://www.zhihu.com/api/v4/search/top_search
2025-10-05 15:10:19,573 [ERROR] 没有获取到热搜数据，退出。
2025-10-05 15:10:19,922 [ERROR] 请求失败：401 Client Error: Authorization Required for url: https://www.zhihu.com/api/v3/feed/topstory/hot-lists/total?limit=50&desktop=true
2025-10-05 15:10:19,922 [ERROR] 没有获取到热榜数据，退出。
2025-10-05 16:13:20,080 [ERROR] 请求失败：403 Client Error: Forbidden for url: https://www.zhihu.com/api/v4/search/top_search
2025-10-05 16:13:20,080 [ERROR] 没有获取到热搜数据，退出。
2025-10-05 16:13:20,588 [ERROR] 请求失败：403 Client Error: Forbidden for url: https://www.zhihu.com/api/v3/feed/topstory/hot-lists/total?limit=50&desktop=true
2025-10-05 16:13:20,588 [ERROR] 没有获取到热榜数据，退出。
2025-10-05 17:09:21,775 [ERROR] 请求失败：403 Client Error: Forbidden for url: https://www.zhihu.com/api/v4/search/top_search
2025-10-05 17:09:21,775 [ERROR] 没有获取到热搜数据，退出。
2025-10-05 17:09:22,776 [ERROR] 请求失败：403 Client Error: Forbidden for url: https://www.zhihu.com/api/v3/feed/topstory/hot-lists/total?limit=50&desktop=true
2025-10-05 17:09:22,776 [ERROR] 没有获取到热榜数据，退出。
2025-10-05 18:15:43,406 [ERROR] 请求失败：403 Client Error: Forbidden for url: https://www.zhihu.com/api/v4/search/top_search
2025-10-05 18:15:43,406 [ERROR] 没有获取到热搜数据，退出。
2025-10-05 18:15:43,938 [ERROR] 请求失败：401 Client Error: Authorization Required for url: https://www.zhihu.com/api/v3/feed/topstory/hot-lists/total?limit=50&desktop=true
2025-10-05 18:15:43,938 [ERROR] 没有获取到热榜数据，退出。
