2025-06-09 01:08:27,671 [ERROR] 请求失败：403 Client Error: Forbidden for url: https://www.zhihu.com/api/v4/search/top_search
2025-06-09 01:08:27,671 [ERROR] 没有获取到热搜数据，退出。
2025-06-09 01:08:28,017 [ERROR] 请求失败：401 Client Error: Authorization Required for url: https://www.zhihu.com/api/v3/feed/topstory/hot-lists/total?limit=50&desktop=true
2025-06-09 01:08:28,018 [ERROR] 没有获取到热榜数据，退出。
2025-06-09 03:17:25,882 [ERROR] 请求失败：403 Client Error: Forbidden for url: https://www.zhihu.com/api/v4/search/top_search
2025-06-09 03:17:25,882 [ERROR] 没有获取到热搜数据，退出。
2025-06-09 03:17:26,317 [ERROR] 请求失败：401 Client Error: Authorization Required for url: https://www.zhihu.com/api/v3/feed/topstory/hot-lists/total?limit=50&desktop=true
2025-06-09 03:17:26,318 [ERROR] 没有获取到热榜数据，退出。
2025-06-09 04:25:10,018 [INFO] 成功写入 10 条热搜到 hotresearch/2025_6_9/2025_6_9_4.txt
2025-06-09 04:25:10,506 [ERROR] 请求失败：403 Client Error: Forbidden for url: https://www.zhihu.com/api/v3/feed/topstory/hot-lists/total?limit=50&desktop=true
2025-06-09 04:25:10,507 [ERROR] 没有获取到热榜数据，退出。
2025-06-09 05:14:47,937 [ERROR] 请求失败：403 Client Error: Forbidden for url: https://www.zhihu.com/api/v4/search/top_search
2025-06-09 05:14:47,937 [ERROR] 没有获取到热搜数据，退出。
2025-06-09 05:14:48,396 [ERROR] 请求失败：403 Client Error: Forbidden for url: https://www.zhihu.com/api/v3/feed/topstory/hot-lists/total?limit=50&desktop=true
2025-06-09 05:14:48,396 [ERROR] 没有获取到热榜数据，退出。
2025-06-09 06:20:39,171 [ERROR] 请求失败：403 Client Error: Forbidden for url: https://www.zhihu.com/api/v4/search/top_search
2025-06-09 06:20:39,171 [ERROR] 没有获取到热搜数据，退出。
2025-06-09 06:20:39,627 [ERROR] 请求失败：401 Client Error: Authorization Required for url: https://www.zhihu.com/api/v3/feed/topstory/hot-lists/total?limit=50&desktop=true
2025-06-09 06:20:39,627 [ERROR] 没有获取到热榜数据，退出。
2025-06-09 07:14:24,830 [ERROR] 请求失败：403 Client Error: Forbidden for url: https://www.zhihu.com/api/v4/search/top_search
2025-06-09 07:14:24,830 [ERROR] 没有获取到热搜数据，退出。
2025-06-09 07:14:25,185 [ERROR] 请求失败：401 Client Error: Authorization Required for url: https://www.zhihu.com/api/v3/feed/topstory/hot-lists/total?limit=50&desktop=true
2025-06-09 07:14:25,185 [ERROR] 没有获取到热榜数据，退出。
2025-06-09 08:19:28,114 [ERROR] 请求失败：403 Client Error: Forbidden for url: https://www.zhihu.com/api/v4/search/top_search
2025-06-09 08:19:28,114 [ERROR] 没有获取到热搜数据，退出。
2025-06-09 08:19:28,468 [ERROR] 请求失败：401 Client Error: Authorization Required for url: https://www.zhihu.com/api/v3/feed/topstory/hot-lists/total?limit=50&desktop=true
2025-06-09 08:19:28,468 [ERROR] 没有获取到热榜数据，退出。
