2025-09-08 01:02:10,642 [ERROR] 请求失败：403 Client Error: Forbidden for url: https://www.zhihu.com/api/v4/search/top_search
2025-09-08 01:02:10,642 [ERROR] 没有获取到热搜数据，退出。
2025-09-08 01:02:11,053 [ERROR] 请求失败：401 Client Error: Authorization Required for url: https://www.zhihu.com/api/v3/feed/topstory/hot-lists/total?limit=50&desktop=true
2025-09-08 01:02:11,053 [ERROR] 没有获取到热榜数据，退出。
2025-09-08 03:01:24,015 [ERROR] 请求失败：403 Client Error: Forbidden for url: https://www.zhihu.com/api/v4/search/top_search
2025-09-08 03:01:24,016 [ERROR] 没有获取到热搜数据，退出。
2025-09-08 03:01:24,989 [ERROR] 请求失败：403 Client Error: Forbidden for url: https://www.zhihu.com/api/v3/feed/topstory/hot-lists/total?limit=50&desktop=true
2025-09-08 03:01:24,989 [ERROR] 没有获取到热榜数据，退出。
2025-09-08 04:15:16,102 [ERROR] 请求失败：403 Client Error: Forbidden for url: https://www.zhihu.com/api/v4/search/top_search
2025-09-08 04:15:16,102 [ERROR] 没有获取到热搜数据，退出。
2025-09-08 04:15:16,627 [ERROR] 请求失败：403 Client Error: Forbidden for url: https://www.zhihu.com/api/v3/feed/topstory/hot-lists/total?limit=50&desktop=true
2025-09-08 04:15:16,627 [ERROR] 没有获取到热榜数据，退出。
2025-09-08 05:13:09,314 [ERROR] 请求失败：403 Client Error: Forbidden for url: https://www.zhihu.com/api/v4/search/top_search
2025-09-08 05:13:09,314 [ERROR] 没有获取到热搜数据，退出。
2025-09-08 05:13:09,723 [ERROR] 请求失败：401 Client Error: Authorization Required for url: https://www.zhihu.com/api/v3/feed/topstory/hot-lists/total?limit=50&desktop=true
2025-09-08 05:13:09,723 [ERROR] 没有获取到热榜数据，退出。
2025-09-08 06:20:05,825 [ERROR] 请求失败：403 Client Error: Forbidden for url: https://www.zhihu.com/api/v4/search/top_search
2025-09-08 06:20:05,826 [ERROR] 没有获取到热搜数据，退出。
2025-09-08 06:20:06,409 [ERROR] 请求失败：403 Client Error: Forbidden for url: https://www.zhihu.com/api/v3/feed/topstory/hot-lists/total?limit=50&desktop=true
2025-09-08 06:20:06,409 [ERROR] 没有获取到热榜数据，退出。
2025-09-08 07:12:52,066 [ERROR] 请求失败：403 Client Error: Forbidden for url: https://www.zhihu.com/api/v4/search/top_search
2025-09-08 07:12:52,066 [ERROR] 没有获取到热搜数据，退出。
2025-09-08 07:12:52,610 [ERROR] 请求失败：401 Client Error: Authorization Required for url: https://www.zhihu.com/api/v3/feed/topstory/hot-lists/total?limit=50&desktop=true
2025-09-08 07:12:52,610 [ERROR] 没有获取到热榜数据，退出。
2025-09-08 08:18:40,881 [ERROR] 请求失败：403 Client Error: Forbidden for url: https://www.zhihu.com/api/v4/search/top_search
2025-09-08 08:18:40,881 [ERROR] 没有获取到热搜数据，退出。
2025-09-08 08:18:41,419 [ERROR] 请求失败：403 Client Error: Forbidden for url: https://www.zhihu.com/api/v3/feed/topstory/hot-lists/total?limit=50&desktop=true
2025-09-08 08:18:41,419 [ERROR] 没有获取到热榜数据，退出。
2025-09-08 09:15:20,718 [ERROR] 请求失败：403 Client Error: Forbidden for url: https://www.zhihu.com/api/v4/search/top_search
2025-09-08 09:15:20,718 [ERROR] 没有获取到热搜数据，退出。
2025-09-08 09:15:21,211 [ERROR] 请求失败：401 Client Error: Authorization Required for url: https://www.zhihu.com/api/v3/feed/topstory/hot-lists/total?limit=50&desktop=true
2025-09-08 09:15:21,212 [ERROR] 没有获取到热榜数据，退出。
2025-09-08 10:14:02,214 [ERROR] 请求失败：403 Client Error: Forbidden for url: https://www.zhihu.com/api/v4/search/top_search
2025-09-08 10:14:02,214 [ERROR] 没有获取到热搜数据，退出。
2025-09-08 10:14:02,918 [ERROR] 请求失败：403 Client Error: Forbidden for url: https://www.zhihu.com/api/v3/feed/topstory/hot-lists/total?limit=50&desktop=true
2025-09-08 10:14:02,918 [ERROR] 没有获取到热榜数据，退出。
2025-09-08 11:10:50,408 [ERROR] 请求失败：403 Client Error: Forbidden for url: https://www.zhihu.com/api/v4/search/top_search
2025-09-08 11:10:50,408 [ERROR] 没有获取到热搜数据，退出。
2025-09-08 11:10:50,772 [ERROR] 请求失败：401 Client Error: Authorization Required for url: https://www.zhihu.com/api/v3/feed/topstory/hot-lists/total?limit=50&desktop=true
2025-09-08 11:10:50,772 [ERROR] 没有获取到热榜数据，退出。
2025-09-08 12:27:19,912 [ERROR] 请求失败：403 Client Error: Forbidden for url: https://www.zhihu.com/api/v4/search/top_search
2025-09-08 12:27:19,912 [ERROR] 没有获取到热搜数据，退出。
2025-09-08 12:27:20,319 [ERROR] 请求失败：401 Client Error: Authorization Required for url: https://www.zhihu.com/api/v3/feed/topstory/hot-lists/total?limit=50&desktop=true
2025-09-08 12:27:20,319 [ERROR] 没有获取到热榜数据，退出。
2025-09-08 13:24:44,290 [ERROR] 请求失败：403 Client Error: Forbidden for url: https://www.zhihu.com/api/v4/search/top_search
2025-09-08 13:24:44,290 [ERROR] 没有获取到热搜数据，退出。
2025-09-08 13:24:44,713 [ERROR] 请求失败：401 Client Error: Authorization Required for url: https://www.zhihu.com/api/v3/feed/topstory/hot-lists/total?limit=50&desktop=true
2025-09-08 13:24:44,713 [ERROR] 没有获取到热榜数据，退出。
2025-09-08 14:13:25,136 [ERROR] 请求失败：403 Client Error: Forbidden for url: https://www.zhihu.com/api/v4/search/top_search
2025-09-08 14:13:25,136 [ERROR] 没有获取到热搜数据，退出。
2025-09-08 14:13:25,572 [ERROR] 请求失败：403 Client Error: Forbidden for url: https://www.zhihu.com/api/v3/feed/topstory/hot-lists/total?limit=50&desktop=true
2025-09-08 14:13:25,572 [ERROR] 没有获取到热榜数据，退出。
