2025-11-08 00:59:44,714 [INFO] 成功写入 10 条热搜到 hotresearch/2025_11_8/2025_11_8_0.txt
2025-11-08 00:59:45,202 [ERROR] 请求失败：401 Client Error: Authorization Required for url: https://www.zhihu.com/api/v3/feed/topstory/hot-lists/total?limit=50&desktop=true
2025-11-08 00:59:45,202 [ERROR] 没有获取到热榜数据，退出。
2025-11-08 02:24:36,949 [INFO] 成功写入 10 条热搜到 hotresearch/2025_11_8/2025_11_8_2.txt
2025-11-08 02:24:37,347 [ERROR] 请求失败：401 Client Error: Authorization Required for url: https://www.zhihu.com/api/v3/feed/topstory/hot-lists/total?limit=50&desktop=true
2025-11-08 02:24:37,347 [ERROR] 没有获取到热榜数据，退出。
2025-11-08 03:31:14,680 [INFO] 成功写入 10 条热搜到 hotresearch/2025_11_8/2025_11_8_3.txt
2025-11-08 03:31:15,228 [ERROR] 请求失败：403 Client Error: Forbidden for url: https://www.zhihu.com/api/v3/feed/topstory/hot-lists/total?limit=50&desktop=true
2025-11-08 03:31:15,228 [ERROR] 没有获取到热榜数据，退出。
2025-11-08 04:14:51,114 [INFO] 成功写入 10 条热搜到 hotresearch/2025_11_8/2025_11_8_4.txt
2025-11-08 04:14:51,553 [ERROR] 请求失败：401 Client Error: Authorization Required for url: https://www.zhihu.com/api/v3/feed/topstory/hot-lists/total?limit=50&desktop=true
2025-11-08 04:14:51,553 [ERROR] 没有获取到热榜数据，退出。
2025-11-08 05:12:04,129 [INFO] 成功写入 10 条热搜到 hotresearch/2025_11_8/2025_11_8_5.txt
2025-11-08 05:12:04,529 [ERROR] 请求失败：403 Client Error: Forbidden for url: https://www.zhihu.com/api/v3/feed/topstory/hot-lists/total?limit=50&desktop=true
2025-11-08 05:12:04,529 [ERROR] 没有获取到热榜数据，退出。
2025-11-08 06:17:41,891 [INFO] 成功写入 10 条热搜到 hotresearch/2025_11_8/2025_11_8_6.txt
2025-11-08 06:17:42,459 [ERROR] 请求失败：403 Client Error: Forbidden for url: https://www.zhihu.com/api/v3/feed/topstory/hot-lists/total?limit=50&desktop=true
2025-11-08 06:17:42,459 [ERROR] 没有获取到热榜数据，退出。
2025-11-08 07:11:32,829 [INFO] 成功写入 10 条热搜到 hotresearch/2025_11_8/2025_11_8_7.txt
2025-11-08 07:11:33,330 [ERROR] 请求失败：403 Client Error: Forbidden for url: https://www.zhihu.com/api/v3/feed/topstory/hot-lists/total?limit=50&desktop=true
2025-11-08 07:11:33,330 [ERROR] 没有获取到热榜数据，退出。
2025-11-08 08:15:33,639 [INFO] 成功写入 10 条热搜到 hotresearch/2025_11_8/2025_11_8_8.txt
2025-11-08 08:15:34,131 [ERROR] 请求失败：401 Client Error: Authorization Required for url: https://www.zhihu.com/api/v3/feed/topstory/hot-lists/total?limit=50&desktop=true
2025-11-08 08:15:34,131 [ERROR] 没有获取到热榜数据，退出。
2025-11-08 09:11:52,483 [INFO] 成功写入 10 条热搜到 hotresearch/2025_11_8/2025_11_8_9.txt
2025-11-08 09:11:53,055 [ERROR] 请求失败：403 Client Error: Forbidden for url: https://www.zhihu.com/api/v3/feed/topstory/hot-lists/total?limit=50&desktop=true
2025-11-08 09:11:53,055 [ERROR] 没有获取到热榜数据，退出。
2025-11-08 10:12:06,868 [INFO] 成功写入 10 条热搜到 hotresearch/2025_11_8/2025_11_8_10.txt
2025-11-08 10:12:07,471 [ERROR] 请求失败：401 Client Error: Authorization Required for url: https://www.zhihu.com/api/v3/feed/topstory/hot-lists/total?limit=50&desktop=true
2025-11-08 10:12:07,471 [ERROR] 没有获取到热榜数据，退出。
2025-11-08 11:09:25,345 [INFO] 成功写入 10 条热搜到 hotresearch/2025_11_8/2025_11_8_11.txt
2025-11-08 11:09:25,914 [ERROR] 请求失败：403 Client Error: Forbidden for url: https://www.zhihu.com/api/v3/feed/topstory/hot-lists/total?limit=50&desktop=true
2025-11-08 11:09:25,914 [ERROR] 没有获取到热榜数据，退出。
2025-11-08 12:23:06,079 [INFO] 成功写入 10 条热搜到 hotresearch/2025_11_8/2025_11_8_12.txt
2025-11-08 12:23:06,465 [ERROR] 请求失败：401 Client Error: Authorization Required for url: https://www.zhihu.com/api/v3/feed/topstory/hot-lists/total?limit=50&desktop=true
2025-11-08 12:23:06,465 [ERROR] 没有获取到热榜数据，退出。
2025-11-08 13:18:57,233 [INFO] 成功写入 10 条热搜到 hotresearch/2025_11_8/2025_11_8_13.txt
2025-11-08 13:18:57,805 [ERROR] 请求失败：403 Client Error: Forbidden for url: https://www.zhihu.com/api/v3/feed/topstory/hot-lists/total?limit=50&desktop=true
2025-11-08 13:18:57,805 [ERROR] 没有获取到热榜数据，退出。
2025-11-08 14:10:25,800 [INFO] 成功写入 10 条热搜到 hotresearch/2025_11_8/2025_11_8_14.txt
2025-11-08 14:10:26,166 [ERROR] 请求失败：401 Client Error: Authorization Required for url: https://www.zhihu.com/api/v3/feed/topstory/hot-lists/total?limit=50&desktop=true
2025-11-08 14:10:26,167 [ERROR] 没有获取到热榜数据，退出。
2025-11-08 15:11:33,975 [INFO] 成功写入 10 条热搜到 hotresearch/2025_11_8/2025_11_8_15.txt
2025-11-08 15:11:34,538 [ERROR] 请求失败：403 Client Error: Forbidden for url: https://www.zhihu.com/api/v3/feed/topstory/hot-lists/total?limit=50&desktop=true
2025-11-08 15:11:34,538 [ERROR] 没有获取到热榜数据，退出。
2025-11-08 16:13:52,323 [INFO] 成功写入 10 条热搜到 hotresearch/2025_11_8/2025_11_8_16.txt
2025-11-08 16:13:52,737 [ERROR] 请求失败：401 Client Error: Authorization Required for url: https://www.zhihu.com/api/v3/feed/topstory/hot-lists/total?limit=50&desktop=true
2025-11-08 16:13:52,737 [ERROR] 没有获取到热榜数据，退出。
2025-11-08 17:10:18,764 [INFO] 成功写入 10 条热搜到 hotresearch/2025_11_8/2025_11_8_17.txt
2025-11-08 17:10:19,112 [ERROR] 请求失败：401 Client Error: Authorization Required for url: https://www.zhihu.com/api/v3/feed/topstory/hot-lists/total?limit=50&desktop=true
2025-11-08 17:10:19,112 [ERROR] 没有获取到热榜数据，退出。
2025-11-08 18:16:56,645 [WARNING] Retrying (Retry(total=4, connect=None, read=None, redirect=None, status=None)) after connection broken by 'NewConnectionError('<urllib3.connection.HTTPSConnection object at 0x7f4f952d66f0>: Failed to establish a new connection: [Errno 101] Network is unreachable')': /api/v4/search/top_search
2025-11-08 18:17:08,657 [WARNING] Retrying (Retry(total=3, connect=None, read=None, redirect=None, status=None)) after connection broken by 'NewConnectionError('<urllib3.connection.HTTPSConnection object at 0x7f4f9567e300>: Failed to establish a new connection: [Errno 101] Network is unreachable')': /api/v4/search/top_search
2025-11-08 18:17:22,661 [WARNING] Retrying (Retry(total=2, connect=None, read=None, redirect=None, status=None)) after connection broken by 'NewConnectionError('<urllib3.connection.HTTPSConnection object at 0x7f4f952d6750>: Failed to establish a new connection: [Errno 101] Network is unreachable')': /api/v4/search/top_search
2025-11-08 18:17:40,672 [WARNING] Retrying (Retry(total=1, connect=None, read=None, redirect=None, status=None)) after connection broken by 'NewConnectionError('<urllib3.connection.HTTPSConnection object at 0x7f4f952d6930>: Failed to establish a new connection: [Errno 101] Network is unreachable')': /api/v4/search/top_search
2025-11-08 18:18:06,683 [WARNING] Retrying (Retry(total=0, connect=None, read=None, redirect=None, status=None)) after connection broken by 'NewConnectionError('<urllib3.connection.HTTPSConnection object at 0x7f4f952d6a80>: Failed to establish a new connection: [Errno 101] Network is unreachable')': /api/v4/search/top_search
2025-11-08 18:18:16,771 [ERROR] 请求失败：HTTPSConnectionPool(host='www.zhihu.com', port=443): Max retries exceeded with url: /api/v4/search/top_search (Caused by NewConnectionError('<urllib3.connection.HTTPSConnection object at 0x7f4f952d6bd0>: Failed to establish a new connection: [Errno 101] Network is unreachable'))
2025-11-08 18:18:16,771 [ERROR] 没有获取到热搜数据，退出。
2025-11-08 18:18:26,891 [WARNING] Retrying (Retry(total=4, connect=None, read=None, redirect=None, status=None)) after connection broken by 'NewConnectionError('<urllib3.connection.HTTPSConnection object at 0x7f8844e3eb70>: Failed to establish a new connection: [Errno 101] Network is unreachable')': /api/v3/feed/topstory/hot-lists/total?limit=50&desktop=true
2025-11-08 18:18:38,898 [WARNING] Retrying (Retry(total=3, connect=None, read=None, redirect=None, status=None)) after connection broken by 'NewConnectionError('<urllib3.connection.HTTPSConnection object at 0x7f88451d2ae0>: Failed to establish a new connection: [Errno 101] Network is unreachable')': /api/v3/feed/topstory/hot-lists/total?limit=50&desktop=true
2025-11-08 18:18:52,909 [WARNING] Retrying (Retry(total=2, connect=None, read=None, redirect=None, status=None)) after connection broken by 'NewConnectionError('<urllib3.connection.HTTPSConnection object at 0x7f8844e3ecf0>: Failed to establish a new connection: [Errno 101] Network is unreachable')': /api/v3/feed/topstory/hot-lists/total?limit=50&desktop=true
2025-11-08 18:19:10,921 [WARNING] Retrying (Retry(total=1, connect=None, read=None, redirect=None, status=None)) after connection broken by 'NewConnectionError('<urllib3.connection.HTTPSConnection object at 0x7f8844e3ee40>: Failed to establish a new connection: [Errno 101] Network is unreachable')': /api/v3/feed/topstory/hot-lists/total?limit=50&desktop=true
2025-11-08 18:19:37,093 [WARNING] Retrying (Retry(total=0, connect=None, read=None, redirect=None, status=None)) after connection broken by 'NewConnectionError('<urllib3.connection.HTTPSConnection object at 0x7f8844e3ef90>: Failed to establish a new connection: [Errno 101] Network is unreachable')': /api/v3/feed/topstory/hot-lists/total?limit=50&desktop=true
2025-11-08 18:19:47,100 [ERROR] 请求失败：HTTPSConnectionPool(host='www.zhihu.com', port=443): Max retries exceeded with url: /api/v3/feed/topstory/hot-lists/total?limit=50&desktop=true (Caused by NewConnectionError('<urllib3.connection.HTTPSConnection object at 0x7f8844e3f0e0>: Failed to establish a new connection: [Errno 101] Network is unreachable'))
2025-11-08 18:19:47,100 [ERROR] 没有获取到热榜数据，退出。
2025-11-08 19:09:16,170 [INFO] 成功写入 10 条热搜到 hotresearch/2025_11_8/2025_11_8_19.txt
2025-11-08 19:09:16,520 [ERROR] 请求失败：401 Client Error: Authorization Required for url: https://www.zhihu.com/api/v3/feed/topstory/hot-lists/total?limit=50&desktop=true
2025-11-08 19:09:16,521 [ERROR] 没有获取到热榜数据，退出。
2025-11-08 20:12:32,379 [INFO] 成功写入 10 条热搜到 hotresearch/2025_11_8/2025_11_8_20.txt
2025-11-08 20:12:32,924 [ERROR] 请求失败：401 Client Error: Authorization Required for url: https://www.zhihu.com/api/v3/feed/topstory/hot-lists/total?limit=50&desktop=true
2025-11-08 20:12:32,924 [ERROR] 没有获取到热榜数据，退出。
2025-11-08 21:10:05,924 [INFO] 成功写入 10 条热搜到 hotresearch/2025_11_8/2025_11_8_21.txt
2025-11-08 21:10:06,407 [ERROR] 请求失败：401 Client Error: Authorization Required for url: https://www.zhihu.com/api/v3/feed/topstory/hot-lists/total?limit=50&desktop=true
2025-11-08 21:10:06,407 [ERROR] 没有获取到热榜数据，退出。
