2025-07-21 01:13:46,851 [WARNING] Retrying (Retry(total=4, connect=None, read=None, redirect=None, status=None)) after connection broken by 'NewConnectionError('<urllib3.connection.HTTPSConnection object at 0x7f749f314fb0>: Failed to establish a new connection: [Errno 101] Network is unreachable')': /api/v4/search/top_search
2025-07-21 01:13:58,863 [WARNING] Retrying (Retry(total=3, connect=None, read=None, redirect=None, status=None)) after connection broken by 'NewConnectionError('<urllib3.connection.HTTPSConnection object at 0x7f749eef5d90>: Failed to establish a new connection: [Errno 101] Network is unreachable')': /api/v4/search/top_search
2025-07-21 01:14:12,874 [WARNING] Retrying (Retry(total=2, connect=None, read=None, redirect=None, status=None)) after connection broken by 'NewConnectionError('<urllib3.connection.HTTPSConnection object at 0x7f749eef6600>: Failed to establish a new connection: [Errno 101] Network is unreachable')': /api/v4/search/top_search
2025-07-21 01:14:30,886 [WARNING] Retrying (Retry(total=1, connect=None, read=None, redirect=None, status=None)) after connection broken by 'NewConnectionError('<urllib3.connection.HTTPSConnection object at 0x7f749eef67e0>: Failed to establish a new connection: [Errno 101] Network is unreachable')': /api/v4/search/top_search
2025-07-21 01:14:56,897 [WARNING] Retrying (Retry(total=0, connect=None, read=None, redirect=None, status=None)) after connection broken by 'NewConnectionError('<urllib3.connection.HTTPSConnection object at 0x7f749eef6930>: Failed to establish a new connection: [Errno 101] Network is unreachable')': /api/v4/search/top_search
2025-07-21 01:15:07,104 [ERROR] 请求失败：HTTPSConnectionPool(host='www.zhihu.com', port=443): Max retries exceeded with url: /api/v4/search/top_search (Caused by NewConnectionError('<urllib3.connection.HTTPSConnection object at 0x7f749eef6a80>: Failed to establish a new connection: [Errno 101] Network is unreachable'))
2025-07-21 01:15:07,104 [ERROR] 没有获取到热搜数据，退出。
2025-07-21 01:15:17,228 [WARNING] Retrying (Retry(total=4, connect=None, read=None, redirect=None, status=None)) after connection broken by 'NewConnectionError('<urllib3.connection.HTTPSConnection object at 0x7fa162344ef0>: Failed to establish a new connection: [Errno 101] Network is unreachable')': /api/v3/feed/topstory/hot-lists/total?limit=50&desktop=true
2025-07-21 01:15:29,239 [WARNING] Retrying (Retry(total=3, connect=None, read=None, redirect=None, status=None)) after connection broken by 'NewConnectionError('<urllib3.connection.HTTPSConnection object at 0x7fa1621a8fe0>: Failed to establish a new connection: [Errno 101] Network is unreachable')': /api/v3/feed/topstory/hot-lists/total?limit=50&desktop=true
2025-07-21 01:15:43,250 [WARNING] Retrying (Retry(total=2, connect=None, read=None, redirect=None, status=None)) after connection broken by 'NewConnectionError('<urllib3.connection.HTTPSConnection object at 0x7fa1621d6bd0>: Failed to establish a new connection: [Errno 101] Network is unreachable')': /api/v3/feed/topstory/hot-lists/total?limit=50&desktop=true
2025-07-21 01:16:01,262 [WARNING] Retrying (Retry(total=1, connect=None, read=None, redirect=None, status=None)) after connection broken by 'NewConnectionError('<urllib3.connection.HTTPSConnection object at 0x7fa1621d6d20>: Failed to establish a new connection: [Errno 101] Network is unreachable')': /api/v3/feed/topstory/hot-lists/total?limit=50&desktop=true
2025-07-21 01:16:27,594 [WARNING] Retrying (Retry(total=0, connect=None, read=None, redirect=None, status=None)) after connection broken by 'NewConnectionError('<urllib3.connection.HTTPSConnection object at 0x7fa1621d6e70>: Failed to establish a new connection: [Errno 101] Network is unreachable')': /api/v3/feed/topstory/hot-lists/total?limit=50&desktop=true
2025-07-21 01:16:37,605 [ERROR] 请求失败：HTTPSConnectionPool(host='www.zhihu.com', port=443): Max retries exceeded with url: /api/v3/feed/topstory/hot-lists/total?limit=50&desktop=true (Caused by NewConnectionError('<urllib3.connection.HTTPSConnection object at 0x7fa1621d6fc0>: Failed to establish a new connection: [Errno 101] Network is unreachable'))
2025-07-21 01:16:37,605 [ERROR] 没有获取到热榜数据，退出。
2025-07-21 03:39:20,798 [ERROR] 请求失败：403 Client Error: Forbidden for url: https://www.zhihu.com/api/v4/search/top_search
2025-07-21 03:39:20,798 [ERROR] 没有获取到热搜数据，退出。
2025-07-21 03:39:21,221 [ERROR] 请求失败：401 Client Error: Authorization Required for url: https://www.zhihu.com/api/v3/feed/topstory/hot-lists/total?limit=50&desktop=true
2025-07-21 03:39:21,221 [ERROR] 没有获取到热榜数据，退出。
2025-07-21 04:37:07,919 [ERROR] 请求失败：403 Client Error: Forbidden for url: https://www.zhihu.com/api/v4/search/top_search
2025-07-21 04:37:07,919 [ERROR] 没有获取到热搜数据，退出。
2025-07-21 04:37:08,387 [ERROR] 请求失败：403 Client Error: Forbidden for url: https://www.zhihu.com/api/v3/feed/topstory/hot-lists/total?limit=50&desktop=true
2025-07-21 04:37:08,387 [ERROR] 没有获取到热榜数据，退出。
2025-07-21 05:21:49,677 [ERROR] 请求失败：403 Client Error: Forbidden for url: https://www.zhihu.com/api/v4/search/top_search
2025-07-21 05:21:49,677 [ERROR] 没有获取到热搜数据，退出。
2025-07-21 05:21:50,114 [ERROR] 请求失败：401 Client Error: Authorization Required for url: https://www.zhihu.com/api/v3/feed/topstory/hot-lists/total?limit=50&desktop=true
2025-07-21 05:21:50,114 [ERROR] 没有获取到热榜数据，退出。
2025-07-21 06:21:36,079 [ERROR] 请求失败：403 Client Error: Forbidden for url: https://www.zhihu.com/api/v4/search/top_search
2025-07-21 06:21:36,079 [ERROR] 没有获取到热搜数据，退出。
2025-07-21 06:21:36,559 [ERROR] 请求失败：403 Client Error: Forbidden for url: https://www.zhihu.com/api/v3/feed/topstory/hot-lists/total?limit=50&desktop=true
2025-07-21 06:21:36,559 [ERROR] 没有获取到热榜数据，退出。
2025-07-21 07:21:23,809 [ERROR] 请求失败：403 Client Error: Forbidden for url: https://www.zhihu.com/api/v4/search/top_search
2025-07-21 07:21:23,809 [ERROR] 没有获取到热搜数据，退出。
2025-07-21 07:21:24,296 [ERROR] 请求失败：403 Client Error: Forbidden for url: https://www.zhihu.com/api/v3/feed/topstory/hot-lists/total?limit=50&desktop=true
2025-07-21 07:21:24,296 [ERROR] 没有获取到热榜数据，退出。
2025-07-21 08:21:56,972 [ERROR] 请求失败：403 Client Error: Forbidden for url: https://www.zhihu.com/api/v4/search/top_search
2025-07-21 08:21:56,972 [ERROR] 没有获取到热搜数据，退出。
2025-07-21 08:21:57,349 [ERROR] 请求失败：401 Client Error: Authorization Required for url: https://www.zhihu.com/api/v3/feed/topstory/hot-lists/total?limit=50&desktop=true
2025-07-21 08:21:57,350 [ERROR] 没有获取到热榜数据，退出。
2025-07-21 09:22:06,012 [INFO] 成功写入 10 条热搜到 hotresearch/2025_7_21/2025_7_21_9.txt
2025-07-21 09:22:06,455 [ERROR] 请求失败：403 Client Error: Forbidden for url: https://www.zhihu.com/api/v3/feed/topstory/hot-lists/total?limit=50&desktop=true
2025-07-21 09:22:06,455 [ERROR] 没有获取到热榜数据，退出。
2025-07-21 10:15:46,411 [ERROR] 请求失败：403 Client Error: Forbidden for url: https://www.zhihu.com/api/v4/search/top_search
2025-07-21 10:15:46,411 [ERROR] 没有获取到热搜数据，退出。
2025-07-21 10:15:46,863 [ERROR] 请求失败：403 Client Error: Forbidden for url: https://www.zhihu.com/api/v3/feed/topstory/hot-lists/total?limit=50&desktop=true
2025-07-21 10:15:46,863 [ERROR] 没有获取到热榜数据，退出。
2025-07-21 11:12:39,791 [ERROR] 请求失败：403 Client Error: Forbidden for url: https://www.zhihu.com/api/v4/search/top_search
2025-07-21 11:12:39,791 [ERROR] 没有获取到热搜数据，退出。
2025-07-21 11:12:40,142 [ERROR] 请求失败：401 Client Error: Authorization Required for url: https://www.zhihu.com/api/v3/feed/topstory/hot-lists/total?limit=50&desktop=true
2025-07-21 11:12:40,142 [ERROR] 没有获取到热榜数据，退出。
2025-07-21 12:29:12,607 [ERROR] 请求失败：403 Client Error: Forbidden for url: https://www.zhihu.com/api/v4/search/top_search
2025-07-21 12:29:12,608 [ERROR] 没有获取到热搜数据，退出。
2025-07-21 12:29:13,056 [ERROR] 请求失败：401 Client Error: Authorization Required for url: https://www.zhihu.com/api/v3/feed/topstory/hot-lists/total?limit=50&desktop=true
2025-07-21 12:29:13,057 [ERROR] 没有获取到热榜数据，退出。
2025-07-21 13:34:10,797 [ERROR] 请求失败：403 Client Error: Forbidden for url: https://www.zhihu.com/api/v4/search/top_search
2025-07-21 13:34:10,797 [ERROR] 没有获取到热搜数据，退出。
2025-07-21 13:34:11,133 [ERROR] 请求失败：403 Client Error: Forbidden for url: https://www.zhihu.com/api/v3/feed/topstory/hot-lists/total?limit=50&desktop=true
2025-07-21 13:34:11,134 [ERROR] 没有获取到热榜数据，退出。
2025-07-21 14:16:04,167 [ERROR] 请求失败：403 Client Error: Forbidden for url: https://www.zhihu.com/api/v4/search/top_search
2025-07-21 14:16:04,167 [ERROR] 没有获取到热搜数据，退出。
2025-07-21 14:16:04,649 [ERROR] 请求失败：403 Client Error: Forbidden for url: https://www.zhihu.com/api/v3/feed/topstory/hot-lists/total?limit=50&desktop=true
2025-07-21 14:16:04,649 [ERROR] 没有获取到热榜数据，退出。
2025-07-21 15:14:49,933 [ERROR] 请求失败：403 Client Error: Forbidden for url: https://www.zhihu.com/api/v4/search/top_search
2025-07-21 15:14:49,933 [ERROR] 没有获取到热搜数据，退出。
2025-07-21 15:14:50,397 [ERROR] 请求失败：403 Client Error: Forbidden for url: https://www.zhihu.com/api/v3/feed/topstory/hot-lists/total?limit=50&desktop=true
2025-07-21 15:14:50,397 [ERROR] 没有获取到热榜数据，退出。
2025-07-21 16:17:10,927 [ERROR] 请求失败：403 Client Error: Forbidden for url: https://www.zhihu.com/api/v4/search/top_search
2025-07-21 16:17:10,927 [ERROR] 没有获取到热搜数据，退出。
2025-07-21 16:17:11,392 [ERROR] 请求失败：401 Client Error: Authorization Required for url: https://www.zhihu.com/api/v3/feed/topstory/hot-lists/total?limit=50&desktop=true
2025-07-21 16:17:11,392 [ERROR] 没有获取到热榜数据，退出。
2025-07-21 17:14:50,255 [ERROR] 请求失败：403 Client Error: Forbidden for url: https://www.zhihu.com/api/v4/search/top_search
2025-07-21 17:14:50,255 [ERROR] 没有获取到热搜数据，退出。
2025-07-21 17:14:50,769 [ERROR] 请求失败：401 Client Error: Authorization Required for url: https://www.zhihu.com/api/v3/feed/topstory/hot-lists/total?limit=50&desktop=true
2025-07-21 17:14:50,769 [ERROR] 没有获取到热榜数据，退出。
2025-07-21 18:20:43,787 [ERROR] 请求失败：403 Client Error: Forbidden for url: https://www.zhihu.com/api/v4/search/top_search
2025-07-21 18:20:43,787 [ERROR] 没有获取到热搜数据，退出。
2025-07-21 18:20:44,283 [ERROR] 请求失败：401 Client Error: Authorization Required for url: https://www.zhihu.com/api/v3/feed/topstory/hot-lists/total?limit=50&desktop=true
2025-07-21 18:20:44,283 [ERROR] 没有获取到热榜数据，退出。
2025-07-21 19:13:20,947 [ERROR] 请求失败：403 Client Error: Forbidden for url: https://www.zhihu.com/api/v4/search/top_search
2025-07-21 19:13:20,947 [ERROR] 没有获取到热搜数据，退出。
2025-07-21 19:13:21,311 [ERROR] 请求失败：401 Client Error: Authorization Required for url: https://www.zhihu.com/api/v3/feed/topstory/hot-lists/total?limit=50&desktop=true
2025-07-21 19:13:21,311 [ERROR] 没有获取到热榜数据，退出。
2025-07-21 20:15:19,012 [ERROR] 请求失败：403 Client Error: Forbidden for url: https://www.zhihu.com/api/v4/search/top_search
2025-07-21 20:15:19,012 [ERROR] 没有获取到热搜数据，退出。
2025-07-21 20:15:19,479 [ERROR] 请求失败：401 Client Error: Authorization Required for url: https://www.zhihu.com/api/v3/feed/topstory/hot-lists/total?limit=50&desktop=true
2025-07-21 20:15:19,479 [ERROR] 没有获取到热榜数据，退出。
2025-07-21 21:13:11,452 [ERROR] 请求失败：403 Client Error: Forbidden for url: https://www.zhihu.com/api/v4/search/top_search
2025-07-21 21:13:11,452 [ERROR] 没有获取到热搜数据，退出。
2025-07-21 21:13:11,909 [ERROR] 请求失败：401 Client Error: Authorization Required for url: https://www.zhihu.com/api/v3/feed/topstory/hot-lists/total?limit=50&desktop=true
2025-07-21 21:13:11,909 [ERROR] 没有获取到热榜数据，退出。
2025-07-21 22:14:02,722 [ERROR] 请求失败：403 Client Error: Forbidden for url: https://www.zhihu.com/api/v4/search/top_search
2025-07-21 22:14:02,722 [ERROR] 没有获取到热搜数据，退出。
2025-07-21 22:14:03,064 [ERROR] 请求失败：401 Client Error: Authorization Required for url: https://www.zhihu.com/api/v3/feed/topstory/hot-lists/total?limit=50&desktop=true
2025-07-21 22:14:03,064 [ERROR] 没有获取到热榜数据，退出。
2025-07-21 23:13:30,609 [ERROR] 请求失败：403 Client Error: Forbidden for url: https://www.zhihu.com/api/v4/search/top_search
2025-07-21 23:13:30,609 [ERROR] 没有获取到热搜数据，退出。
2025-07-21 23:13:31,076 [ERROR] 请求失败：401 Client Error: Authorization Required for url: https://www.zhihu.com/api/v3/feed/topstory/hot-lists/total?limit=50&desktop=true
2025-07-21 23:13:31,076 [ERROR] 没有获取到热榜数据，退出。
