2025-07-22 01:09:48,109 [ERROR] 请求失败：403 Client Error: Forbidden for url: https://www.zhihu.com/api/v4/search/top_search
2025-07-22 01:09:48,109 [ERROR] 没有获取到热搜数据，退出。
2025-07-22 01:09:48,567 [ERROR] 请求失败：401 Client Error: Authorization Required for url: https://www.zhihu.com/api/v3/feed/topstory/hot-lists/total?limit=50&desktop=true
2025-07-22 01:09:48,568 [ERROR] 没有获取到热榜数据，退出。
2025-07-22 03:24:11,580 [ERROR] 请求失败：403 Client Error: Forbidden for url: https://www.zhihu.com/api/v4/search/top_search
2025-07-22 03:24:11,580 [ERROR] 没有获取到热搜数据，退出。
2025-07-22 03:24:12,190 [ERROR] 请求失败：403 Client Error: Forbidden for url: https://www.zhihu.com/api/v3/feed/topstory/hot-lists/total?limit=50&desktop=true
2025-07-22 03:24:12,190 [ERROR] 没有获取到热榜数据，退出。
2025-07-22 04:33:36,827 [ERROR] 请求失败：403 Client Error: Forbidden for url: https://www.zhihu.com/api/v4/search/top_search
2025-07-22 04:33:36,827 [ERROR] 没有获取到热搜数据，退出。
2025-07-22 04:33:37,336 [ERROR] 请求失败：403 Client Error: Forbidden for url: https://www.zhihu.com/api/v3/feed/topstory/hot-lists/total?limit=50&desktop=true
2025-07-22 04:33:37,336 [ERROR] 没有获取到热榜数据，退出。
2025-07-22 05:19:17,027 [ERROR] 请求失败：403 Client Error: Forbidden for url: https://www.zhihu.com/api/v4/search/top_search
2025-07-22 05:19:17,027 [ERROR] 没有获取到热搜数据，退出。
2025-07-22 05:19:17,564 [ERROR] 请求失败：403 Client Error: Forbidden for url: https://www.zhihu.com/api/v3/feed/topstory/hot-lists/total?limit=50&desktop=true
2025-07-22 05:19:17,564 [ERROR] 没有获取到热榜数据，退出。
2025-07-22 06:20:58,126 [ERROR] 请求失败：403 Client Error: Forbidden for url: https://www.zhihu.com/api/v4/search/top_search
2025-07-22 06:20:58,126 [ERROR] 没有获取到热搜数据，退出。
2025-07-22 06:20:58,602 [ERROR] 请求失败：403 Client Error: Forbidden for url: https://www.zhihu.com/api/v3/feed/topstory/hot-lists/total?limit=50&desktop=true
2025-07-22 06:20:58,603 [ERROR] 没有获取到热榜数据，退出。
2025-07-22 07:17:34,100 [ERROR] 请求失败：403 Client Error: Forbidden for url: https://www.zhihu.com/api/v4/search/top_search
2025-07-22 07:17:34,100 [ERROR] 没有获取到热搜数据，退出。
2025-07-22 07:17:34,455 [ERROR] 请求失败：401 Client Error: Authorization Required for url: https://www.zhihu.com/api/v3/feed/topstory/hot-lists/total?limit=50&desktop=true
2025-07-22 07:17:34,455 [ERROR] 没有获取到热榜数据，退出。
2025-07-22 08:20:05,240 [ERROR] 请求失败：403 Client Error: Forbidden for url: https://www.zhihu.com/api/v4/search/top_search
2025-07-22 08:20:05,240 [ERROR] 没有获取到热搜数据，退出。
2025-07-22 08:20:05,606 [ERROR] 请求失败：401 Client Error: Authorization Required for url: https://www.zhihu.com/api/v3/feed/topstory/hot-lists/total?limit=50&desktop=true
2025-07-22 08:20:05,607 [ERROR] 没有获取到热榜数据，退出。
2025-07-22 09:18:54,083 [ERROR] 请求失败：403 Client Error: Forbidden for url: https://www.zhihu.com/api/v4/search/top_search
2025-07-22 09:18:54,084 [ERROR] 没有获取到热搜数据，退出。
2025-07-22 09:18:54,441 [ERROR] 请求失败：401 Client Error: Authorization Required for url: https://www.zhihu.com/api/v3/feed/topstory/hot-lists/total?limit=50&desktop=true
2025-07-22 09:18:54,441 [ERROR] 没有获取到热榜数据，退出。
2025-07-22 10:15:12,262 [ERROR] 请求失败：403 Client Error: Forbidden for url: https://www.zhihu.com/api/v4/search/top_search
2025-07-22 10:15:12,263 [ERROR] 没有获取到热搜数据，退出。
2025-07-22 10:15:12,730 [ERROR] 请求失败：401 Client Error: Authorization Required for url: https://www.zhihu.com/api/v3/feed/topstory/hot-lists/total?limit=50&desktop=true
2025-07-22 10:15:12,730 [ERROR] 没有获取到热榜数据，退出。
2025-07-22 11:12:24,286 [ERROR] 请求失败：403 Client Error: Forbidden for url: https://www.zhihu.com/api/v4/search/top_search
2025-07-22 11:12:24,286 [ERROR] 没有获取到热搜数据，退出。
2025-07-22 11:12:24,739 [ERROR] 请求失败：401 Client Error: Authorization Required for url: https://www.zhihu.com/api/v3/feed/topstory/hot-lists/total?limit=50&desktop=true
2025-07-22 11:12:24,739 [ERROR] 没有获取到热榜数据，退出。
2025-07-22 12:28:31,437 [ERROR] 请求失败：403 Client Error: Forbidden for url: https://www.zhihu.com/api/v4/search/top_search
2025-07-22 12:28:31,437 [ERROR] 没有获取到热搜数据，退出。
2025-07-22 12:28:31,903 [ERROR] 请求失败：403 Client Error: Forbidden for url: https://www.zhihu.com/api/v3/feed/topstory/hot-lists/total?limit=50&desktop=true
2025-07-22 12:28:31,903 [ERROR] 没有获取到热榜数据，退出。
2025-07-22 13:33:18,421 [ERROR] 请求失败：403 Client Error: Forbidden for url: https://www.zhihu.com/api/v4/search/top_search
2025-07-22 13:33:18,421 [ERROR] 没有获取到热搜数据，退出。
2025-07-22 13:33:18,874 [ERROR] 请求失败：403 Client Error: Forbidden for url: https://www.zhihu.com/api/v3/feed/topstory/hot-lists/total?limit=50&desktop=true
2025-07-22 13:33:18,874 [ERROR] 没有获取到热榜数据，退出。
2025-07-22 14:16:06,497 [ERROR] 请求失败：403 Client Error: Forbidden for url: https://www.zhihu.com/api/v4/search/top_search
2025-07-22 14:16:06,497 [ERROR] 没有获取到热搜数据，退出。
2025-07-22 14:16:06,957 [ERROR] 请求失败：403 Client Error: Forbidden for url: https://www.zhihu.com/api/v3/feed/topstory/hot-lists/total?limit=50&desktop=true
2025-07-22 14:16:06,957 [ERROR] 没有获取到热榜数据，退出。
2025-07-22 15:14:50,010 [ERROR] 请求失败：403 Client Error: Forbidden for url: https://www.zhihu.com/api/v4/search/top_search
2025-07-22 15:14:50,010 [ERROR] 没有获取到热搜数据，退出。
2025-07-22 15:14:50,355 [ERROR] 请求失败：401 Client Error: Authorization Required for url: https://www.zhihu.com/api/v3/feed/topstory/hot-lists/total?limit=50&desktop=true
2025-07-22 15:14:50,355 [ERROR] 没有获取到热榜数据，退出。
2025-07-22 16:17:45,487 [ERROR] 请求失败：403 Client Error: Forbidden for url: https://www.zhihu.com/api/v4/search/top_search
2025-07-22 16:17:45,487 [ERROR] 没有获取到热搜数据，退出。
2025-07-22 16:17:45,840 [ERROR] 请求失败：401 Client Error: Authorization Required for url: https://www.zhihu.com/api/v3/feed/topstory/hot-lists/total?limit=50&desktop=true
2025-07-22 16:17:45,840 [ERROR] 没有获取到热榜数据，退出。
2025-07-22 17:15:20,709 [ERROR] 请求失败：403 Client Error: Forbidden for url: https://www.zhihu.com/api/v4/search/top_search
2025-07-22 17:15:20,709 [ERROR] 没有获取到热搜数据，退出。
2025-07-22 17:15:21,163 [ERROR] 请求失败：401 Client Error: Authorization Required for url: https://www.zhihu.com/api/v3/feed/topstory/hot-lists/total?limit=50&desktop=true
2025-07-22 17:15:21,163 [ERROR] 没有获取到热榜数据，退出。
2025-07-22 18:20:00,016 [ERROR] 请求失败：403 Client Error: Forbidden for url: https://www.zhihu.com/api/v4/search/top_search
2025-07-22 18:20:00,017 [ERROR] 没有获取到热搜数据，退出。
2025-07-22 18:20:00,484 [ERROR] 请求失败：401 Client Error: Authorization Required for url: https://www.zhihu.com/api/v3/feed/topstory/hot-lists/total?limit=50&desktop=true
2025-07-22 18:20:00,484 [ERROR] 没有获取到热榜数据，退出。
2025-07-22 19:12:59,938 [INFO] 成功写入 10 条热搜到 hotresearch/2025_7_22/2025_7_22_19.txt
2025-07-22 19:13:00,291 [ERROR] 请求失败：401 Client Error: Authorization Required for url: https://www.zhihu.com/api/v3/feed/topstory/hot-lists/total?limit=50&desktop=true
2025-07-22 19:13:00,291 [ERROR] 没有获取到热榜数据，退出。
