2025-12-01 01:16:24,414 [INFO] 成功写入 10 条热搜到 hotresearch/2025_12_1/2025_12_1_1.txt
2025-12-01 01:16:24,909 [ERROR] 请求失败：401 Client Error: Authorization Required for url: https://www.zhihu.com/api/v3/feed/topstory/hot-lists/total?limit=50&desktop=true
2025-12-01 01:16:24,909 [ERROR] 没有获取到热榜数据，退出。
2025-12-01 03:44:30,188 [INFO] 成功写入 10 条热搜到 hotresearch/2025_12_1/2025_12_1_3.txt
2025-12-01 03:44:30,654 [ERROR] 请求失败：401 Client Error: Authorization Required for url: https://www.zhihu.com/api/v3/feed/topstory/hot-lists/total?limit=50&desktop=true
2025-12-01 03:44:30,654 [ERROR] 没有获取到热榜数据，退出。
2025-12-01 04:43:08,637 [INFO] 成功写入 10 条热搜到 hotresearch/2025_12_1/2025_12_1_4.txt
2025-12-01 04:43:09,172 [ERROR] 请求失败：401 Client Error: Authorization Required for url: https://www.zhihu.com/api/v3/feed/topstory/hot-lists/total?limit=50&desktop=true
2025-12-01 04:43:09,172 [ERROR] 没有获取到热榜数据，退出。
2025-12-01 05:22:07,577 [INFO] 成功写入 10 条热搜到 hotresearch/2025_12_1/2025_12_1_5.txt
2025-12-01 05:22:08,068 [ERROR] 请求失败：401 Client Error: Authorization Required for url: https://www.zhihu.com/api/v3/feed/topstory/hot-lists/total?limit=50&desktop=true
2025-12-01 05:22:08,068 [ERROR] 没有获取到热榜数据，退出。
2025-12-01 06:23:12,787 [INFO] 成功写入 10 条热搜到 hotresearch/2025_12_1/2025_12_1_6.txt
2025-12-01 06:23:13,241 [ERROR] 请求失败：401 Client Error: Authorization Required for url: https://www.zhihu.com/api/v3/feed/topstory/hot-lists/total?limit=50&desktop=true
2025-12-01 06:23:13,241 [ERROR] 没有获取到热榜数据，退出。
2025-12-01 07:17:35,363 [ERROR] 请求失败：403 Client Error: Forbidden for url: https://www.zhihu.com/api/v4/search/top_search
2025-12-01 07:17:35,363 [ERROR] 没有获取到热搜数据，退出。
2025-12-01 07:17:35,812 [ERROR] 请求失败：401 Client Error: Authorization Required for url: https://www.zhihu.com/api/v3/feed/topstory/hot-lists/total?limit=50&desktop=true
2025-12-01 07:17:35,813 [ERROR] 没有获取到热榜数据，退出。
2025-12-01 08:21:38,025 [INFO] 成功写入 10 条热搜到 hotresearch/2025_12_1/2025_12_1_8.txt
2025-12-01 08:21:38,551 [ERROR] 请求失败：403 Client Error: Forbidden for url: https://www.zhihu.com/api/v3/feed/topstory/hot-lists/total?limit=50&desktop=true
2025-12-01 08:21:38,551 [ERROR] 没有获取到热榜数据，退出。
2025-12-01 09:20:32,566 [INFO] 成功写入 10 条热搜到 hotresearch/2025_12_1/2025_12_1_9.txt
2025-12-01 09:20:32,914 [ERROR] 请求失败：403 Client Error: Forbidden for url: https://www.zhihu.com/api/v3/feed/topstory/hot-lists/total?limit=50&desktop=true
2025-12-01 09:20:32,914 [ERROR] 没有获取到热榜数据，退出。
