2025-11-03 01:05:37,021 [INFO] 成功写入 10 条热搜到 hotresearch/2025_11_3/2025_11_3_1.txt
2025-11-03 01:05:37,894 [ERROR] 请求失败：403 Client Error: Forbidden for url: https://www.zhihu.com/api/v3/feed/topstory/hot-lists/total?limit=50&desktop=true
2025-11-03 01:05:37,894 [ERROR] 没有获取到热榜数据，退出。
2025-11-03 03:11:40,956 [ERROR] 请求失败：403 Client Error: Forbidden for url: https://www.zhihu.com/api/v4/search/top_search
2025-11-03 03:11:40,956 [ERROR] 没有获取到热搜数据，退出。
2025-11-03 03:11:41,860 [ERROR] 请求失败：403 Client Error: Forbidden for url: https://www.zhihu.com/api/v3/feed/topstory/hot-lists/total?limit=50&desktop=true
2025-11-03 03:11:41,860 [ERROR] 没有获取到热榜数据，退出。
2025-11-03 04:21:42,480 [ERROR] 请求失败：403 Client Error: Forbidden for url: https://www.zhihu.com/api/v4/search/top_search
2025-11-03 04:21:42,480 [ERROR] 没有获取到热搜数据，退出。
2025-11-03 04:21:42,978 [ERROR] 请求失败：403 Client Error: Forbidden for url: https://www.zhihu.com/api/v3/feed/topstory/hot-lists/total?limit=50&desktop=true
2025-11-03 04:21:42,978 [ERROR] 没有获取到热榜数据，退出。
2025-11-03 05:14:02,924 [INFO] 成功写入 10 条热搜到 hotresearch/2025_11_3/2025_11_3_5.txt
2025-11-03 05:14:03,320 [ERROR] 请求失败：401 Client Error: Authorization Required for url: https://www.zhihu.com/api/v3/feed/topstory/hot-lists/total?limit=50&desktop=true
2025-11-03 05:14:03,320 [ERROR] 没有获取到热榜数据，退出。
2025-11-03 06:21:04,973 [INFO] 成功写入 10 条热搜到 hotresearch/2025_11_3/2025_11_3_6.txt
2025-11-03 06:21:05,456 [ERROR] 请求失败：401 Client Error: Authorization Required for url: https://www.zhihu.com/api/v3/feed/topstory/hot-lists/total?limit=50&desktop=true
2025-11-03 06:21:05,456 [ERROR] 没有获取到热榜数据，退出。
2025-11-03 07:13:50,376 [INFO] 成功写入 10 条热搜到 hotresearch/2025_11_3/2025_11_3_7.txt
2025-11-03 07:13:51,306 [ERROR] 请求失败：403 Client Error: Forbidden for url: https://www.zhihu.com/api/v3/feed/topstory/hot-lists/total?limit=50&desktop=true
2025-11-03 07:13:51,306 [ERROR] 没有获取到热榜数据，退出。
2025-11-03 08:19:09,917 [INFO] 成功写入 10 条热搜到 hotresearch/2025_11_3/2025_11_3_8.txt
2025-11-03 08:19:10,290 [ERROR] 请求失败：401 Client Error: Authorization Required for url: https://www.zhihu.com/api/v3/feed/topstory/hot-lists/total?limit=50&desktop=true
2025-11-03 08:19:10,290 [ERROR] 没有获取到热榜数据，退出。
2025-11-03 09:16:45,439 [INFO] 成功写入 10 条热搜到 hotresearch/2025_11_3/2025_11_3_9.txt
2025-11-03 09:16:46,315 [ERROR] 请求失败：403 Client Error: Forbidden for url: https://www.zhihu.com/api/v3/feed/topstory/hot-lists/total?limit=50&desktop=true
2025-11-03 09:16:46,316 [ERROR] 没有获取到热榜数据，退出。
2025-11-03 10:16:06,395 [ERROR] 请求失败：403 Client Error: Forbidden for url: https://www.zhihu.com/api/v4/search/top_search
2025-11-03 10:16:06,395 [ERROR] 没有获取到热搜数据，退出。
2025-11-03 10:16:07,102 [ERROR] 请求失败：403 Client Error: Forbidden for url: https://www.zhihu.com/api/v3/feed/topstory/hot-lists/total?limit=50&desktop=true
2025-11-03 10:16:07,102 [ERROR] 没有获取到热榜数据，退出。
2025-11-03 11:11:14,612 [INFO] 成功写入 10 条热搜到 hotresearch/2025_11_3/2025_11_3_11.txt
2025-11-03 11:11:14,992 [ERROR] 请求失败：403 Client Error: Forbidden for url: https://www.zhihu.com/api/v3/feed/topstory/hot-lists/total?limit=50&desktop=true
2025-11-03 11:11:14,992 [ERROR] 没有获取到热榜数据，退出。
2025-11-03 12:28:02,949 [INFO] 成功写入 10 条热搜到 hotresearch/2025_11_3/2025_11_3_12.txt
2025-11-03 12:28:03,829 [ERROR] 请求失败：401 Client Error: Authorization Required for url: https://www.zhihu.com/api/v3/feed/topstory/hot-lists/total?limit=50&desktop=true
2025-11-03 12:28:03,830 [ERROR] 没有获取到热榜数据，退出。
2025-11-03 13:25:32,104 [INFO] 成功写入 10 条热搜到 hotresearch/2025_11_3/2025_11_3_13.txt
2025-11-03 13:25:32,819 [ERROR] 请求失败：401 Client Error: Authorization Required for url: https://www.zhihu.com/api/v3/feed/topstory/hot-lists/total?limit=50&desktop=true
2025-11-03 13:25:32,819 [ERROR] 没有获取到热榜数据，退出。
2025-11-03 14:13:20,388 [INFO] 成功写入 10 条热搜到 hotresearch/2025_11_3/2025_11_3_14.txt
2025-11-03 14:13:21,253 [ERROR] 请求失败：403 Client Error: Forbidden for url: https://www.zhihu.com/api/v3/feed/topstory/hot-lists/total?limit=50&desktop=true
2025-11-03 14:13:21,253 [ERROR] 没有获取到热榜数据，退出。
2025-11-03 15:13:42,652 [INFO] 成功写入 10 条热搜到 hotresearch/2025_11_3/2025_11_3_15.txt
2025-11-03 15:13:43,187 [ERROR] 请求失败：401 Client Error: Authorization Required for url: https://www.zhihu.com/api/v3/feed/topstory/hot-lists/total?limit=50&desktop=true
2025-11-03 15:13:43,187 [ERROR] 没有获取到热榜数据，退出。
2025-11-03 16:16:05,097 [INFO] 成功写入 10 条热搜到 hotresearch/2025_11_3/2025_11_3_16.txt
2025-11-03 16:16:05,561 [ERROR] 请求失败：401 Client Error: Authorization Required for url: https://www.zhihu.com/api/v3/feed/topstory/hot-lists/total?limit=50&desktop=true
2025-11-03 16:16:05,561 [ERROR] 没有获取到热榜数据，退出。
2025-11-03 17:11:59,714 [INFO] 成功写入 10 条热搜到 hotresearch/2025_11_3/2025_11_3_17.txt
2025-11-03 17:12:00,077 [ERROR] 请求失败：401 Client Error: Authorization Required for url: https://www.zhihu.com/api/v3/feed/topstory/hot-lists/total?limit=50&desktop=true
2025-11-03 17:12:00,077 [ERROR] 没有获取到热榜数据，退出。
2025-11-03 18:18:37,202 [INFO] 成功写入 10 条热搜到 hotresearch/2025_11_3/2025_11_3_18.txt
2025-11-03 18:18:37,574 [ERROR] 请求失败：401 Client Error: Authorization Required for url: https://www.zhihu.com/api/v3/feed/topstory/hot-lists/total?limit=50&desktop=true
2025-11-03 18:18:37,574 [ERROR] 没有获取到热榜数据，退出。
2025-11-03 19:10:35,574 [INFO] 成功写入 10 条热搜到 hotresearch/2025_11_3/2025_11_3_19.txt
2025-11-03 19:10:35,918 [ERROR] 请求失败：401 Client Error: Authorization Required for url: https://www.zhihu.com/api/v3/feed/topstory/hot-lists/total?limit=50&desktop=true
2025-11-03 19:10:35,918 [ERROR] 没有获取到热榜数据，退出。
