2025-10-03 00:57:50,673 [ERROR] 请求失败：403 Client Error: Forbidden for url: https://www.zhihu.com/api/v4/search/top_search
2025-10-03 00:57:50,673 [ERROR] 没有获取到热搜数据，退出。
2025-10-03 00:57:51,378 [ERROR] 请求失败：403 Client Error: Forbidden for url: https://www.zhihu.com/api/v3/feed/topstory/hot-lists/total?limit=50&desktop=true
2025-10-03 00:57:51,378 [ERROR] 没有获取到热榜数据，退出。
2025-10-03 02:19:02,879 [ERROR] 请求失败：403 Client Error: Forbidden for url: https://www.zhihu.com/api/v4/search/top_search
2025-10-03 02:19:02,879 [ERROR] 没有获取到热搜数据，退出。
2025-10-03 02:19:03,325 [ERROR] 请求失败：401 Client Error: Authorization Required for url: https://www.zhihu.com/api/v3/feed/topstory/hot-lists/total?limit=50&desktop=true
2025-10-03 02:19:03,325 [ERROR] 没有获取到热榜数据，退出。
2025-10-03 03:23:38,466 [ERROR] 请求失败：403 Client Error: Forbidden for url: https://www.zhihu.com/api/v4/search/top_search
2025-10-03 03:23:38,467 [ERROR] 没有获取到热搜数据，退出。
2025-10-03 03:23:39,000 [ERROR] 请求失败：403 Client Error: Forbidden for url: https://www.zhihu.com/api/v3/feed/topstory/hot-lists/total?limit=50&desktop=true
2025-10-03 03:23:39,000 [ERROR] 没有获取到热榜数据，退出。
2025-10-03 04:14:26,114 [ERROR] 请求失败：403 Client Error: Forbidden for url: https://www.zhihu.com/api/v4/search/top_search
2025-10-03 04:14:26,114 [ERROR] 没有获取到热搜数据，退出。
2025-10-03 04:14:26,449 [ERROR] 请求失败：401 Client Error: Authorization Required for url: https://www.zhihu.com/api/v3/feed/topstory/hot-lists/total?limit=50&desktop=true
2025-10-03 04:14:26,449 [ERROR] 没有获取到热榜数据，退出。
2025-10-03 05:11:57,423 [ERROR] 请求失败：403 Client Error: Forbidden for url: https://www.zhihu.com/api/v4/search/top_search
2025-10-03 05:11:57,424 [ERROR] 没有获取到热搜数据，退出。
2025-10-03 05:11:57,823 [ERROR] 请求失败：401 Client Error: Authorization Required for url: https://www.zhihu.com/api/v3/feed/topstory/hot-lists/total?limit=50&desktop=true
2025-10-03 05:11:57,823 [ERROR] 没有获取到热榜数据，退出。
2025-10-03 06:18:24,102 [ERROR] 请求失败：403 Client Error: Forbidden for url: https://www.zhihu.com/api/v4/search/top_search
2025-10-03 06:18:24,102 [ERROR] 没有获取到热搜数据，退出。
2025-10-03 06:18:24,577 [ERROR] 请求失败：403 Client Error: Forbidden for url: https://www.zhihu.com/api/v3/feed/topstory/hot-lists/total?limit=50&desktop=true
2025-10-03 06:18:24,578 [ERROR] 没有获取到热榜数据，退出。
2025-10-03 07:12:00,214 [ERROR] 请求失败：403 Client Error: Forbidden for url: https://www.zhihu.com/api/v4/search/top_search
2025-10-03 07:12:00,214 [ERROR] 没有获取到热搜数据，退出。
2025-10-03 07:12:00,637 [ERROR] 请求失败：401 Client Error: Authorization Required for url: https://www.zhihu.com/api/v3/feed/topstory/hot-lists/total?limit=50&desktop=true
2025-10-03 07:12:00,637 [ERROR] 没有获取到热榜数据，退出。
2025-10-03 08:16:17,418 [ERROR] 请求失败：403 Client Error: Forbidden for url: https://www.zhihu.com/api/v4/search/top_search
2025-10-03 08:16:17,418 [ERROR] 没有获取到热搜数据，退出。
2025-10-03 08:16:17,842 [ERROR] 请求失败：403 Client Error: Forbidden for url: https://www.zhihu.com/api/v3/feed/topstory/hot-lists/total?limit=50&desktop=true
2025-10-03 08:16:17,843 [ERROR] 没有获取到热榜数据，退出。
2025-10-03 09:12:54,215 [ERROR] 请求失败：403 Client Error: Forbidden for url: https://www.zhihu.com/api/v4/search/top_search
2025-10-03 09:12:54,215 [ERROR] 没有获取到热搜数据，退出。
2025-10-03 09:12:54,748 [ERROR] 请求失败：401 Client Error: Authorization Required for url: https://www.zhihu.com/api/v3/feed/topstory/hot-lists/total?limit=50&desktop=true
2025-10-03 09:12:54,748 [ERROR] 没有获取到热榜数据，退出。
2025-10-03 10:13:05,755 [ERROR] 请求失败：403 Client Error: Forbidden for url: https://www.zhihu.com/api/v4/search/top_search
2025-10-03 10:13:05,755 [ERROR] 没有获取到热搜数据，退出。
2025-10-03 10:13:06,318 [ERROR] 请求失败：403 Client Error: Forbidden for url: https://www.zhihu.com/api/v3/feed/topstory/hot-lists/total?limit=50&desktop=true
2025-10-03 10:13:06,319 [ERROR] 没有获取到热榜数据，退出。
2025-10-03 11:09:54,279 [ERROR] 请求失败：403 Client Error: Forbidden for url: https://www.zhihu.com/api/v4/search/top_search
2025-10-03 11:09:54,280 [ERROR] 没有获取到热搜数据，退出。
2025-10-03 11:09:55,416 [ERROR] 请求失败：403 Client Error: Forbidden for url: https://www.zhihu.com/api/v3/feed/topstory/hot-lists/total?limit=50&desktop=true
2025-10-03 11:09:55,416 [ERROR] 没有获取到热榜数据，退出。
2025-10-03 12:24:51,877 [ERROR] 请求失败：403 Client Error: Forbidden for url: https://www.zhihu.com/api/v4/search/top_search
2025-10-03 12:24:51,877 [ERROR] 没有获取到热搜数据，退出。
2025-10-03 12:24:52,270 [ERROR] 请求失败：401 Client Error: Authorization Required for url: https://www.zhihu.com/api/v3/feed/topstory/hot-lists/total?limit=50&desktop=true
2025-10-03 12:24:52,270 [ERROR] 没有获取到热榜数据，退出。
