2025-08-30 00:57:05,503 [ERROR] 请求失败：403 Client Error: Forbidden for url: https://www.zhihu.com/api/v4/search/top_search
2025-08-30 00:57:05,504 [ERROR] 没有获取到热搜数据，退出。
2025-08-30 00:57:06,002 [ERROR] 请求失败：401 Client Error: Authorization Required for url: https://www.zhihu.com/api/v3/feed/topstory/hot-lists/total?limit=50&desktop=true
2025-08-30 00:57:06,002 [ERROR] 没有获取到热榜数据，退出。
2025-08-30 02:18:30,472 [ERROR] 请求失败：403 Client Error: Forbidden for url: https://www.zhihu.com/api/v4/search/top_search
2025-08-30 02:18:30,473 [ERROR] 没有获取到热搜数据，退出。
2025-08-30 02:18:31,204 [ERROR] 请求失败：403 Client Error: Forbidden for url: https://www.zhihu.com/api/v3/feed/topstory/hot-lists/total?limit=50&desktop=true
2025-08-30 02:18:31,204 [ERROR] 没有获取到热榜数据，退出。
2025-08-30 03:24:29,138 [ERROR] 请求失败：403 Client Error: Forbidden for url: https://www.zhihu.com/api/v4/search/top_search
2025-08-30 03:24:29,138 [ERROR] 没有获取到热搜数据，退出。
2025-08-30 03:24:29,920 [ERROR] 请求失败：403 Client Error: Forbidden for url: https://www.zhihu.com/api/v3/feed/topstory/hot-lists/total?limit=50&desktop=true
2025-08-30 03:24:29,920 [ERROR] 没有获取到热榜数据，退出。
2025-08-30 04:14:14,705 [ERROR] 请求失败：403 Client Error: Forbidden for url: https://www.zhihu.com/api/v4/search/top_search
2025-08-30 04:14:14,705 [ERROR] 没有获取到热搜数据，退出。
2025-08-30 04:14:15,056 [ERROR] 请求失败：401 Client Error: Authorization Required for url: https://www.zhihu.com/api/v3/feed/topstory/hot-lists/total?limit=50&desktop=true
2025-08-30 04:14:15,056 [ERROR] 没有获取到热榜数据，退出。
2025-08-30 05:11:20,483 [ERROR] 请求失败：403 Client Error: Forbidden for url: https://www.zhihu.com/api/v4/search/top_search
2025-08-30 05:11:20,483 [ERROR] 没有获取到热搜数据，退出。
2025-08-30 05:11:20,823 [ERROR] 请求失败：401 Client Error: Authorization Required for url: https://www.zhihu.com/api/v3/feed/topstory/hot-lists/total?limit=50&desktop=true
2025-08-30 05:11:20,823 [ERROR] 没有获取到热榜数据，退出。
2025-08-30 06:16:31,740 [ERROR] 请求失败：403 Client Error: Forbidden for url: https://www.zhihu.com/api/v4/search/top_search
2025-08-30 06:16:31,740 [ERROR] 没有获取到热搜数据，退出。
2025-08-30 06:16:32,198 [ERROR] 请求失败：401 Client Error: Authorization Required for url: https://www.zhihu.com/api/v3/feed/topstory/hot-lists/total?limit=50&desktop=true
2025-08-30 06:16:32,198 [ERROR] 没有获取到热榜数据，退出。
2025-08-30 07:10:32,488 [ERROR] 请求失败：403 Client Error: Forbidden for url: https://www.zhihu.com/api/v4/search/top_search
2025-08-30 07:10:32,489 [ERROR] 没有获取到热搜数据，退出。
2025-08-30 07:10:32,898 [ERROR] 请求失败：401 Client Error: Authorization Required for url: https://www.zhihu.com/api/v3/feed/topstory/hot-lists/total?limit=50&desktop=true
2025-08-30 07:10:32,899 [ERROR] 没有获取到热榜数据，退出。
2025-08-30 08:14:32,376 [ERROR] 请求失败：403 Client Error: Forbidden for url: https://www.zhihu.com/api/v4/search/top_search
2025-08-30 08:14:32,376 [ERROR] 没有获取到热搜数据，退出。
2025-08-30 08:14:32,792 [ERROR] 请求失败：401 Client Error: Authorization Required for url: https://www.zhihu.com/api/v3/feed/topstory/hot-lists/total?limit=50&desktop=true
2025-08-30 08:14:32,792 [ERROR] 没有获取到热榜数据，退出。
2025-08-30 09:11:35,804 [ERROR] 请求失败：403 Client Error: Forbidden for url: https://www.zhihu.com/api/v4/search/top_search
2025-08-30 09:11:35,804 [ERROR] 没有获取到热搜数据，退出。
2025-08-30 09:11:36,309 [ERROR] 请求失败：401 Client Error: Authorization Required for url: https://www.zhihu.com/api/v3/feed/topstory/hot-lists/total?limit=50&desktop=true
2025-08-30 09:11:36,309 [ERROR] 没有获取到热榜数据，退出。
2025-08-30 10:11:26,007 [ERROR] 请求失败：403 Client Error: Forbidden for url: https://www.zhihu.com/api/v4/search/top_search
2025-08-30 10:11:26,007 [ERROR] 没有获取到热搜数据，退出。
2025-08-30 10:11:26,414 [ERROR] 请求失败：401 Client Error: Authorization Required for url: https://www.zhihu.com/api/v3/feed/topstory/hot-lists/total?limit=50&desktop=true
2025-08-30 10:11:26,414 [ERROR] 没有获取到热榜数据，退出。
2025-08-30 11:09:14,642 [ERROR] 请求失败：403 Client Error: Forbidden for url: https://www.zhihu.com/api/v4/search/top_search
2025-08-30 11:09:14,642 [ERROR] 没有获取到热搜数据，退出。
2025-08-30 11:09:15,135 [ERROR] 请求失败：403 Client Error: Forbidden for url: https://www.zhihu.com/api/v3/feed/topstory/hot-lists/total?limit=50&desktop=true
2025-08-30 11:09:15,136 [ERROR] 没有获取到热榜数据，退出。
2025-08-30 12:22:00,322 [INFO] 成功写入 10 条热搜到 hotresearch/2025_8_30/2025_8_30_12.txt
2025-08-30 12:22:00,763 [ERROR] 请求失败：401 Client Error: Authorization Required for url: https://www.zhihu.com/api/v3/feed/topstory/hot-lists/total?limit=50&desktop=true
2025-08-30 12:22:00,763 [ERROR] 没有获取到热榜数据，退出。
2025-08-30 13:17:31,230 [ERROR] 请求失败：403 Client Error: Forbidden for url: https://www.zhihu.com/api/v4/search/top_search
2025-08-30 13:17:31,230 [ERROR] 没有获取到热搜数据，退出。
2025-08-30 13:17:31,668 [ERROR] 请求失败：401 Client Error: Authorization Required for url: https://www.zhihu.com/api/v3/feed/topstory/hot-lists/total?limit=50&desktop=true
2025-08-30 13:17:31,668 [ERROR] 没有获取到热榜数据，退出。
2025-08-30 14:10:12,681 [ERROR] 请求失败：403 Client Error: Forbidden for url: https://www.zhihu.com/api/v4/search/top_search
2025-08-30 14:10:12,681 [ERROR] 没有获取到热搜数据，退出。
2025-08-30 14:10:13,091 [ERROR] 请求失败：401 Client Error: Authorization Required for url: https://www.zhihu.com/api/v3/feed/topstory/hot-lists/total?limit=50&desktop=true
2025-08-30 14:10:13,091 [ERROR] 没有获取到热榜数据，退出。
2025-08-30 15:10:39,041 [ERROR] 请求失败：403 Client Error: Forbidden for url: https://www.zhihu.com/api/v4/search/top_search
2025-08-30 15:10:39,041 [ERROR] 没有获取到热搜数据，退出。
2025-08-30 15:10:40,031 [ERROR] 请求失败：403 Client Error: Forbidden for url: https://www.zhihu.com/api/v3/feed/topstory/hot-lists/total?limit=50&desktop=true
2025-08-30 15:10:40,031 [ERROR] 没有获取到热榜数据，退出。
2025-08-30 16:13:18,657 [ERROR] 请求失败：403 Client Error: Forbidden for url: https://www.zhihu.com/api/v4/search/top_search
2025-08-30 16:13:18,657 [ERROR] 没有获取到热搜数据，退出。
2025-08-30 16:13:19,084 [ERROR] 请求失败：403 Client Error: Forbidden for url: https://www.zhihu.com/api/v3/feed/topstory/hot-lists/total?limit=50&desktop=true
2025-08-30 16:13:19,084 [ERROR] 没有获取到热榜数据，退出。
