2025-10-06 00:59:26,027 [ERROR] 请求失败：403 Client Error: Forbidden for url: https://www.zhihu.com/api/v4/search/top_search
2025-10-06 00:59:26,027 [ERROR] 没有获取到热搜数据，退出。
2025-10-06 00:59:26,528 [ERROR] 请求失败：403 Client Error: Forbidden for url: https://www.zhihu.com/api/v3/feed/topstory/hot-lists/total?limit=50&desktop=true
2025-10-06 00:59:26,528 [ERROR] 没有获取到热榜数据，退出。
2025-10-06 02:24:06,090 [ERROR] 请求失败：403 Client Error: Forbidden for url: https://www.zhihu.com/api/v4/search/top_search
2025-10-06 02:24:06,090 [ERROR] 没有获取到热搜数据，退出。
2025-10-06 02:24:06,569 [ERROR] 请求失败：403 Client Error: Forbidden for url: https://www.zhihu.com/api/v3/feed/topstory/hot-lists/total?limit=50&desktop=true
2025-10-06 02:24:06,570 [ERROR] 没有获取到热榜数据，退出。
2025-10-06 03:29:54,441 [ERROR] 请求失败：403 Client Error: Forbidden for url: https://www.zhihu.com/api/v4/search/top_search
2025-10-06 03:29:54,441 [ERROR] 没有获取到热搜数据，退出。
2025-10-06 03:29:54,900 [ERROR] 请求失败：401 Client Error: Authorization Required for url: https://www.zhihu.com/api/v3/feed/topstory/hot-lists/total?limit=50&desktop=true
2025-10-06 03:29:54,900 [ERROR] 没有获取到热榜数据，退出。
2025-10-06 04:15:04,713 [ERROR] 请求失败：403 Client Error: Forbidden for url: https://www.zhihu.com/api/v4/search/top_search
2025-10-06 04:15:04,713 [ERROR] 没有获取到热搜数据，退出。
2025-10-06 04:15:05,111 [ERROR] 请求失败：401 Client Error: Authorization Required for url: https://www.zhihu.com/api/v3/feed/topstory/hot-lists/total?limit=50&desktop=true
2025-10-06 04:15:05,111 [ERROR] 没有获取到热榜数据，退出。
2025-10-06 05:12:49,138 [ERROR] 请求失败：403 Client Error: Forbidden for url: https://www.zhihu.com/api/v4/search/top_search
2025-10-06 05:12:49,138 [ERROR] 没有获取到热搜数据，退出。
2025-10-06 05:12:49,507 [ERROR] 请求失败：401 Client Error: Authorization Required for url: https://www.zhihu.com/api/v3/feed/topstory/hot-lists/total?limit=50&desktop=true
2025-10-06 05:12:49,507 [ERROR] 没有获取到热榜数据，退出。
2025-10-06 06:20:00,771 [ERROR] 请求失败：403 Client Error: Forbidden for url: https://www.zhihu.com/api/v4/search/top_search
2025-10-06 06:20:00,772 [ERROR] 没有获取到热搜数据，退出。
2025-10-06 06:20:01,114 [ERROR] 请求失败：401 Client Error: Authorization Required for url: https://www.zhihu.com/api/v3/feed/topstory/hot-lists/total?limit=50&desktop=true
2025-10-06 06:20:01,114 [ERROR] 没有获取到热榜数据，退出。
2025-10-06 07:13:45,333 [ERROR] 请求失败：403 Client Error: Forbidden for url: https://www.zhihu.com/api/v4/search/top_search
2025-10-06 07:13:45,333 [ERROR] 没有获取到热搜数据，退出。
2025-10-06 07:13:45,897 [ERROR] 请求失败：403 Client Error: Forbidden for url: https://www.zhihu.com/api/v3/feed/topstory/hot-lists/total?limit=50&desktop=true
2025-10-06 07:13:45,897 [ERROR] 没有获取到热榜数据，退出。
2025-10-06 08:17:42,468 [ERROR] 请求失败：403 Client Error: Forbidden for url: https://www.zhihu.com/api/v4/search/top_search
2025-10-06 08:17:42,468 [ERROR] 没有获取到热搜数据，退出。
2025-10-06 08:17:42,925 [ERROR] 请求失败：401 Client Error: Authorization Required for url: https://www.zhihu.com/api/v3/feed/topstory/hot-lists/total?limit=50&desktop=true
2025-10-06 08:17:42,925 [ERROR] 没有获取到热榜数据，退出。
2025-10-06 09:16:19,771 [ERROR] 请求失败：403 Client Error: Forbidden for url: https://www.zhihu.com/api/v4/search/top_search
2025-10-06 09:16:19,771 [ERROR] 没有获取到热搜数据，退出。
2025-10-06 09:16:20,163 [ERROR] 请求失败：403 Client Error: Forbidden for url: https://www.zhihu.com/api/v3/feed/topstory/hot-lists/total?limit=50&desktop=true
2025-10-06 09:16:20,163 [ERROR] 没有获取到热榜数据，退出。
2025-10-06 10:14:05,478 [ERROR] 请求失败：403 Client Error: Forbidden for url: https://www.zhihu.com/api/v4/search/top_search
2025-10-06 10:14:05,479 [ERROR] 没有获取到热搜数据，退出。
2025-10-06 10:14:05,880 [ERROR] 请求失败：401 Client Error: Authorization Required for url: https://www.zhihu.com/api/v3/feed/topstory/hot-lists/total?limit=50&desktop=true
2025-10-06 10:14:05,880 [ERROR] 没有获取到热榜数据，退出。
2025-10-06 11:10:53,208 [ERROR] 请求失败：403 Client Error: Forbidden for url: https://www.zhihu.com/api/v4/search/top_search
2025-10-06 11:10:53,208 [ERROR] 没有获取到热搜数据，退出。
2025-10-06 11:10:53,728 [ERROR] 请求失败：401 Client Error: Authorization Required for url: https://www.zhihu.com/api/v3/feed/topstory/hot-lists/total?limit=50&desktop=true
2025-10-06 11:10:53,728 [ERROR] 没有获取到热榜数据，退出。
2025-10-06 12:26:13,822 [ERROR] 请求失败：403 Client Error: Forbidden for url: https://www.zhihu.com/api/v4/search/top_search
2025-10-06 12:26:13,822 [ERROR] 没有获取到热搜数据，退出。
2025-10-06 12:26:14,279 [ERROR] 请求失败：403 Client Error: Forbidden for url: https://www.zhihu.com/api/v3/feed/topstory/hot-lists/total?limit=50&desktop=true
2025-10-06 12:26:14,279 [ERROR] 没有获取到热榜数据，退出。
2025-10-06 13:23:16,873 [ERROR] 请求失败：403 Client Error: Forbidden for url: https://www.zhihu.com/api/v4/search/top_search
2025-10-06 13:23:16,873 [ERROR] 没有获取到热搜数据，退出。
2025-10-06 13:23:17,564 [ERROR] 请求失败：403 Client Error: Forbidden for url: https://www.zhihu.com/api/v3/feed/topstory/hot-lists/total?limit=50&desktop=true
2025-10-06 13:23:17,564 [ERROR] 没有获取到热榜数据，退出。
2025-10-06 14:12:55,178 [ERROR] 请求失败：403 Client Error: Forbidden for url: https://www.zhihu.com/api/v4/search/top_search
2025-10-06 14:12:55,178 [ERROR] 没有获取到热搜数据，退出。
2025-10-06 14:12:55,536 [ERROR] 请求失败：401 Client Error: Authorization Required for url: https://www.zhihu.com/api/v3/feed/topstory/hot-lists/total?limit=50&desktop=true
2025-10-06 14:12:55,536 [ERROR] 没有获取到热榜数据，退出。
2025-10-06 15:12:39,354 [ERROR] 请求失败：403 Client Error: Forbidden for url: https://www.zhihu.com/api/v4/search/top_search
2025-10-06 15:12:39,354 [ERROR] 没有获取到热搜数据，退出。
2025-10-06 15:12:39,808 [ERROR] 请求失败：403 Client Error: Forbidden for url: https://www.zhihu.com/api/v3/feed/topstory/hot-lists/total?limit=50&desktop=true
2025-10-06 15:12:39,808 [ERROR] 没有获取到热榜数据，退出。
2025-10-06 16:15:28,352 [ERROR] 请求失败：403 Client Error: Forbidden for url: https://www.zhihu.com/api/v4/search/top_search
2025-10-06 16:15:28,352 [ERROR] 没有获取到热搜数据，退出。
2025-10-06 16:15:29,195 [ERROR] 请求失败：403 Client Error: Forbidden for url: https://www.zhihu.com/api/v3/feed/topstory/hot-lists/total?limit=50&desktop=true
2025-10-06 16:15:29,195 [ERROR] 没有获取到热榜数据，退出。
2025-10-06 17:11:44,987 [ERROR] 请求失败：403 Client Error: Forbidden for url: https://www.zhihu.com/api/v4/search/top_search
2025-10-06 17:11:44,987 [ERROR] 没有获取到热搜数据，退出。
2025-10-06 17:11:45,804 [ERROR] 请求失败：401 Client Error: Authorization Required for url: https://www.zhihu.com/api/v3/feed/topstory/hot-lists/total?limit=50&desktop=true
2025-10-06 17:11:45,804 [ERROR] 没有获取到热榜数据，退出。
2025-10-06 18:18:40,754 [ERROR] 请求失败：403 Client Error: Forbidden for url: https://www.zhihu.com/api/v4/search/top_search
2025-10-06 18:18:40,754 [ERROR] 没有获取到热搜数据，退出。
2025-10-06 18:18:41,260 [ERROR] 请求失败：401 Client Error: Authorization Required for url: https://www.zhihu.com/api/v3/feed/topstory/hot-lists/total?limit=50&desktop=true
2025-10-06 18:18:41,260 [ERROR] 没有获取到热榜数据，退出。
2025-10-06 19:09:55,103 [ERROR] 请求失败：403 Client Error: Forbidden for url: https://www.zhihu.com/api/v4/search/top_search
2025-10-06 19:09:55,103 [ERROR] 没有获取到热搜数据，退出。
2025-10-06 19:09:55,560 [ERROR] 请求失败：401 Client Error: Authorization Required for url: https://www.zhihu.com/api/v3/feed/topstory/hot-lists/total?limit=50&desktop=true
2025-10-06 19:09:55,561 [ERROR] 没有获取到热榜数据，退出。
2025-10-06 20:13:31,050 [ERROR] 请求失败：403 Client Error: Forbidden for url: https://www.zhihu.com/api/v4/search/top_search
2025-10-06 20:13:31,050 [ERROR] 没有获取到热搜数据，退出。
2025-10-06 20:13:31,418 [ERROR] 请求失败：401 Client Error: Authorization Required for url: https://www.zhihu.com/api/v3/feed/topstory/hot-lists/total?limit=50&desktop=true
2025-10-06 20:13:31,418 [ERROR] 没有获取到热榜数据，退出。
2025-10-06 21:10:42,703 [ERROR] 请求失败：403 Client Error: Forbidden for url: https://www.zhihu.com/api/v4/search/top_search
2025-10-06 21:10:42,703 [ERROR] 没有获取到热搜数据，退出。
2025-10-06 21:10:43,043 [ERROR] 请求失败：401 Client Error: Authorization Required for url: https://www.zhihu.com/api/v3/feed/topstory/hot-lists/total?limit=50&desktop=true
2025-10-06 21:10:43,043 [ERROR] 没有获取到热榜数据，退出。
2025-10-06 22:11:20,732 [ERROR] 请求失败：403 Client Error: Forbidden for url: https://www.zhihu.com/api/v4/search/top_search
2025-10-06 22:11:20,732 [ERROR] 没有获取到热搜数据，退出。
2025-10-06 22:11:21,075 [ERROR] 请求失败：401 Client Error: Authorization Required for url: https://www.zhihu.com/api/v3/feed/topstory/hot-lists/total?limit=50&desktop=true
2025-10-06 22:11:21,075 [ERROR] 没有获取到热榜数据，退出。
2025-10-06 23:10:56,081 [ERROR] 请求失败：403 Client Error: Forbidden for url: https://www.zhihu.com/api/v4/search/top_search
2025-10-06 23:10:56,081 [ERROR] 没有获取到热搜数据，退出。
2025-10-06 23:10:56,494 [ERROR] 请求失败：401 Client Error: Authorization Required for url: https://www.zhihu.com/api/v3/feed/topstory/hot-lists/total?limit=50&desktop=true
2025-10-06 23:10:56,494 [ERROR] 没有获取到热榜数据，退出。
