2025-09-09 00:59:43,716 [ERROR] 请求失败：403 Client Error: Forbidden for url: https://www.zhihu.com/api/v4/search/top_search
2025-09-09 00:59:43,716 [ERROR] 没有获取到热搜数据，退出。
2025-09-09 00:59:44,076 [ERROR] 请求失败：403 Client Error: Forbidden for url: https://www.zhihu.com/api/v3/feed/topstory/hot-lists/total?limit=50&desktop=true
2025-09-09 00:59:44,076 [ERROR] 没有获取到热榜数据，退出。
2025-09-09 02:25:05,835 [ERROR] 请求失败：403 Client Error: Forbidden for url: https://www.zhihu.com/api/v4/search/top_search
2025-09-09 02:25:05,835 [ERROR] 没有获取到热搜数据，退出。
2025-09-09 02:25:06,743 [ERROR] 请求失败：403 Client Error: Forbidden for url: https://www.zhihu.com/api/v3/feed/topstory/hot-lists/total?limit=50&desktop=true
2025-09-09 02:25:06,743 [ERROR] 没有获取到热榜数据，退出。
2025-09-09 03:29:13,206 [ERROR] 请求失败：403 Client Error: Forbidden for url: https://www.zhihu.com/api/v4/search/top_search
2025-09-09 03:29:13,206 [ERROR] 没有获取到热搜数据，退出。
2025-09-09 03:29:13,554 [ERROR] 请求失败：401 Client Error: Authorization Required for url: https://www.zhihu.com/api/v3/feed/topstory/hot-lists/total?limit=50&desktop=true
2025-09-09 03:29:13,554 [ERROR] 没有获取到热榜数据，退出。
2025-09-09 04:14:49,668 [ERROR] 请求失败：403 Client Error: Forbidden for url: https://www.zhihu.com/api/v4/search/top_search
2025-09-09 04:14:49,668 [ERROR] 没有获取到热搜数据，退出。
2025-09-09 04:14:50,014 [ERROR] 请求失败：401 Client Error: Authorization Required for url: https://www.zhihu.com/api/v3/feed/topstory/hot-lists/total?limit=50&desktop=true
2025-09-09 04:14:50,014 [ERROR] 没有获取到热榜数据，退出。
2025-09-09 05:12:31,732 [ERROR] 请求失败：403 Client Error: Forbidden for url: https://www.zhihu.com/api/v4/search/top_search
2025-09-09 05:12:31,732 [ERROR] 没有获取到热搜数据，退出。
2025-09-09 05:12:32,098 [ERROR] 请求失败：401 Client Error: Authorization Required for url: https://www.zhihu.com/api/v3/feed/topstory/hot-lists/total?limit=50&desktop=true
2025-09-09 05:12:32,098 [ERROR] 没有获取到热榜数据，退出。
2025-09-09 06:19:29,620 [ERROR] 请求失败：403 Client Error: Forbidden for url: https://www.zhihu.com/api/v4/search/top_search
2025-09-09 06:19:29,620 [ERROR] 没有获取到热搜数据，退出。
2025-09-09 06:19:30,033 [ERROR] 请求失败：403 Client Error: Forbidden for url: https://www.zhihu.com/api/v3/feed/topstory/hot-lists/total?limit=50&desktop=true
2025-09-09 06:19:30,033 [ERROR] 没有获取到热榜数据，退出。
2025-09-09 07:12:35,054 [ERROR] 请求失败：403 Client Error: Forbidden for url: https://www.zhihu.com/api/v4/search/top_search
2025-09-09 07:12:35,054 [ERROR] 没有获取到热搜数据，退出。
2025-09-09 07:12:35,634 [ERROR] 请求失败：403 Client Error: Forbidden for url: https://www.zhihu.com/api/v3/feed/topstory/hot-lists/total?limit=50&desktop=true
2025-09-09 07:12:35,634 [ERROR] 没有获取到热榜数据，退出。
2025-09-09 08:17:43,712 [ERROR] 请求失败：403 Client Error: Forbidden for url: https://www.zhihu.com/api/v4/search/top_search
2025-09-09 08:17:43,712 [ERROR] 没有获取到热搜数据，退出。
2025-09-09 08:17:44,076 [ERROR] 请求失败：401 Client Error: Authorization Required for url: https://www.zhihu.com/api/v3/feed/topstory/hot-lists/total?limit=50&desktop=true
2025-09-09 08:17:44,076 [ERROR] 没有获取到热榜数据，退出。
2025-09-09 09:13:51,097 [ERROR] 请求失败：403 Client Error: Forbidden for url: https://www.zhihu.com/api/v4/search/top_search
2025-09-09 09:13:51,097 [ERROR] 没有获取到热搜数据，退出。
2025-09-09 09:13:51,503 [ERROR] 请求失败：403 Client Error: Forbidden for url: https://www.zhihu.com/api/v3/feed/topstory/hot-lists/total?limit=50&desktop=true
2025-09-09 09:13:51,503 [ERROR] 没有获取到热榜数据，退出。
2025-09-09 10:13:14,267 [ERROR] 请求失败：403 Client Error: Forbidden for url: https://www.zhihu.com/api/v4/search/top_search
2025-09-09 10:13:14,267 [ERROR] 没有获取到热搜数据，退出。
2025-09-09 10:13:14,688 [ERROR] 请求失败：401 Client Error: Authorization Required for url: https://www.zhihu.com/api/v3/feed/topstory/hot-lists/total?limit=50&desktop=true
2025-09-09 10:13:14,688 [ERROR] 没有获取到热榜数据，退出。
2025-09-09 11:11:19,635 [ERROR] 请求失败：403 Client Error: Forbidden for url: https://www.zhihu.com/api/v4/search/top_search
2025-09-09 11:11:19,635 [ERROR] 没有获取到热搜数据，退出。
2025-09-09 11:11:19,974 [ERROR] 请求失败：401 Client Error: Authorization Required for url: https://www.zhihu.com/api/v3/feed/topstory/hot-lists/total?limit=50&desktop=true
2025-09-09 11:11:19,974 [ERROR] 没有获取到热榜数据，退出。
2025-09-09 12:26:51,122 [ERROR] 请求失败：403 Client Error: Forbidden for url: https://www.zhihu.com/api/v4/search/top_search
2025-09-09 12:26:51,122 [ERROR] 没有获取到热搜数据，退出。
2025-09-09 12:26:51,464 [ERROR] 请求失败：401 Client Error: Authorization Required for url: https://www.zhihu.com/api/v3/feed/topstory/hot-lists/total?limit=50&desktop=true
2025-09-09 12:26:51,464 [ERROR] 没有获取到热榜数据，退出。
2025-09-09 13:25:38,706 [ERROR] 请求失败：403 Client Error: Forbidden for url: https://www.zhihu.com/api/v4/search/top_search
2025-09-09 13:25:38,707 [ERROR] 没有获取到热搜数据，退出。
2025-09-09 13:25:39,151 [ERROR] 请求失败：403 Client Error: Forbidden for url: https://www.zhihu.com/api/v3/feed/topstory/hot-lists/total?limit=50&desktop=true
2025-09-09 13:25:39,151 [ERROR] 没有获取到热榜数据，退出。
2025-09-09 14:10:56,109 [ERROR] 请求失败：403 Client Error: Forbidden for url: https://www.zhihu.com/api/v4/search/top_search
2025-09-09 14:10:56,109 [ERROR] 没有获取到热搜数据，退出。
2025-09-09 14:10:56,536 [ERROR] 请求失败：401 Client Error: Authorization Required for url: https://www.zhihu.com/api/v3/feed/topstory/hot-lists/total?limit=50&desktop=true
2025-09-09 14:10:56,536 [ERROR] 没有获取到热榜数据，退出。
2025-09-09 15:13:46,037 [ERROR] 请求失败：403 Client Error: Forbidden for url: https://www.zhihu.com/api/v4/search/top_search
2025-09-09 15:13:46,037 [ERROR] 没有获取到热搜数据，退出。
2025-09-09 15:13:46,541 [ERROR] 请求失败：403 Client Error: Forbidden for url: https://www.zhihu.com/api/v3/feed/topstory/hot-lists/total?limit=50&desktop=true
2025-09-09 15:13:46,541 [ERROR] 没有获取到热榜数据，退出。
2025-09-09 16:15:59,702 [ERROR] 请求失败：403 Client Error: Forbidden for url: https://www.zhihu.com/api/v4/search/top_search
2025-09-09 16:15:59,702 [ERROR] 没有获取到热搜数据，退出。
2025-09-09 16:16:00,182 [ERROR] 请求失败：401 Client Error: Authorization Required for url: https://www.zhihu.com/api/v3/feed/topstory/hot-lists/total?limit=50&desktop=true
2025-09-09 16:16:00,182 [ERROR] 没有获取到热榜数据，退出。
2025-09-09 17:10:44,692 [ERROR] 请求失败：403 Client Error: Forbidden for url: https://www.zhihu.com/api/v4/search/top_search
2025-09-09 17:10:44,692 [ERROR] 没有获取到热搜数据，退出。
2025-09-09 17:10:45,111 [ERROR] 请求失败：403 Client Error: Forbidden for url: https://www.zhihu.com/api/v3/feed/topstory/hot-lists/total?limit=50&desktop=true
2025-09-09 17:10:45,111 [ERROR] 没有获取到热榜数据，退出。
2025-09-09 18:15:39,223 [WARNING] Retrying (Retry(total=4, connect=None, read=None, redirect=None, status=None)) after connection broken by 'NewConnectionError('<urllib3.connection.HTTPSConnection object at 0x7fb2848fb950>: Failed to establish a new connection: [Errno 101] Network is unreachable')': /api/v4/search/top_search
2025-09-09 18:15:51,229 [WARNING] Retrying (Retry(total=3, connect=None, read=None, redirect=None, status=None)) after connection broken by 'NewConnectionError('<urllib3.connection.HTTPSConnection object at 0x7fb283b3a8d0>: Failed to establish a new connection: [Errno 101] Network is unreachable')': /api/v4/search/top_search
2025-09-09 18:16:05,236 [WARNING] Retrying (Retry(total=2, connect=None, read=None, redirect=None, status=None)) after connection broken by 'NewConnectionError('<urllib3.connection.HTTPSConnection object at 0x7fb283b3aa20>: Failed to establish a new connection: [Errno 101] Network is unreachable')': /api/v4/search/top_search
2025-09-09 18:16:23,247 [WARNING] Retrying (Retry(total=1, connect=None, read=None, redirect=None, status=None)) after connection broken by 'NewConnectionError('<urllib3.connection.HTTPSConnection object at 0x7fb283b3ab70>: Failed to establish a new connection: [Errno 101] Network is unreachable')': /api/v4/search/top_search
2025-09-09 18:16:49,259 [WARNING] Retrying (Retry(total=0, connect=None, read=None, redirect=None, status=None)) after connection broken by 'NewConnectionError('<urllib3.connection.HTTPSConnection object at 0x7fb283b3acc0>: Failed to establish a new connection: [Errno 101] Network is unreachable')': /api/v4/search/top_search
2025-09-09 18:16:59,546 [ERROR] 请求失败：HTTPSConnectionPool(host='www.zhihu.com', port=443): Max retries exceeded with url: /api/v4/search/top_search (Caused by NewConnectionError('<urllib3.connection.HTTPSConnection object at 0x7fb283b3ae10>: Failed to establish a new connection: [Errno 101] Network is unreachable'))
2025-09-09 18:16:59,546 [ERROR] 没有获取到热搜数据，退出。
2025-09-09 18:17:09,661 [WARNING] Retrying (Retry(total=4, connect=None, read=None, redirect=None, status=None)) after connection broken by 'NewConnectionError('<urllib3.connection.HTTPSConnection object at 0x7f4b1526dca0>: Failed to establish a new connection: [Errno 101] Network is unreachable')': /api/v3/feed/topstory/hot-lists/total?limit=50&desktop=true
2025-09-09 18:17:21,672 [WARNING] Retrying (Retry(total=3, connect=None, read=None, redirect=None, status=None)) after connection broken by 'NewConnectionError('<urllib3.connection.HTTPSConnection object at 0x7f4b148a4d40>: Failed to establish a new connection: [Errno 101] Network is unreachable')': /api/v3/feed/topstory/hot-lists/total?limit=50&desktop=true
2025-09-09 18:17:35,677 [WARNING] Retrying (Retry(total=2, connect=None, read=None, redirect=None, status=None)) after connection broken by 'NewConnectionError('<urllib3.connection.HTTPSConnection object at 0x7f4b14596d80>: Failed to establish a new connection: [Errno 101] Network is unreachable')': /api/v3/feed/topstory/hot-lists/total?limit=50&desktop=true
2025-09-09 18:17:53,688 [WARNING] Retrying (Retry(total=1, connect=None, read=None, redirect=None, status=None)) after connection broken by 'NewConnectionError('<urllib3.connection.HTTPSConnection object at 0x7f4b14596e10>: Failed to establish a new connection: [Errno 101] Network is unreachable')': /api/v3/feed/topstory/hot-lists/total?limit=50&desktop=true
2025-09-09 18:18:20,099 [WARNING] Retrying (Retry(total=0, connect=None, read=None, redirect=None, status=None)) after connection broken by 'NewConnectionError('<urllib3.connection.HTTPSConnection object at 0x7f4b14596f60>: Failed to establish a new connection: [Errno 101] Network is unreachable')': /api/v3/feed/topstory/hot-lists/total?limit=50&desktop=true
2025-09-09 18:18:30,110 [ERROR] 请求失败：HTTPSConnectionPool(host='www.zhihu.com', port=443): Max retries exceeded with url: /api/v3/feed/topstory/hot-lists/total?limit=50&desktop=true (Caused by NewConnectionError('<urllib3.connection.HTTPSConnection object at 0x7f4b145970b0>: Failed to establish a new connection: [Errno 101] Network is unreachable'))
2025-09-09 18:18:30,111 [ERROR] 没有获取到热榜数据，退出。
2025-09-09 19:09:35,442 [ERROR] 请求失败：403 Client Error: Forbidden for url: https://www.zhihu.com/api/v4/search/top_search
2025-09-09 19:09:35,442 [ERROR] 没有获取到热搜数据，退出。
2025-09-09 19:09:35,854 [ERROR] 请求失败：401 Client Error: Authorization Required for url: https://www.zhihu.com/api/v3/feed/topstory/hot-lists/total?limit=50&desktop=true
2025-09-09 19:09:35,855 [ERROR] 没有获取到热榜数据，退出。
2025-09-09 20:13:11,156 [ERROR] 请求失败：403 Client Error: Forbidden for url: https://www.zhihu.com/api/v4/search/top_search
2025-09-09 20:13:11,156 [ERROR] 没有获取到热搜数据，退出。
2025-09-09 20:13:11,540 [ERROR] 请求失败：401 Client Error: Authorization Required for url: https://www.zhihu.com/api/v3/feed/topstory/hot-lists/total?limit=50&desktop=true
2025-09-09 20:13:11,540 [ERROR] 没有获取到热榜数据，退出。
2025-09-09 21:10:37,063 [ERROR] 请求失败：403 Client Error: Forbidden for url: https://www.zhihu.com/api/v4/search/top_search
2025-09-09 21:10:37,063 [ERROR] 没有获取到热搜数据，退出。
2025-09-09 21:10:37,542 [ERROR] 请求失败：401 Client Error: Authorization Required for url: https://www.zhihu.com/api/v3/feed/topstory/hot-lists/total?limit=50&desktop=true
2025-09-09 21:10:37,542 [ERROR] 没有获取到热榜数据，退出。
2025-09-09 22:10:34,942 [INFO] 成功写入 10 条热搜到 hotresearch/2025_9_9/2025_9_9_22.txt
2025-09-09 22:10:35,413 [ERROR] 请求失败：401 Client Error: Authorization Required for url: https://www.zhihu.com/api/v3/feed/topstory/hot-lists/total?limit=50&desktop=true
2025-09-09 22:10:35,413 [ERROR] 没有获取到热榜数据，退出。
