2025-12-19 01:07:58,882 [INFO] 成功写入 10 条热搜到 hotresearch/2025_12_19/2025_12_19_1.txt
2025-12-19 01:07:59,265 [ERROR] 请求失败：403 Client Error: Forbidden for url: https://www.zhihu.com/api/v3/feed/topstory/hot-lists/total?limit=50&desktop=true
2025-12-19 01:07:59,265 [ERROR] 没有获取到热榜数据，退出。
2025-12-19 03:18:19,348 [INFO] 成功写入 10 条热搜到 hotresearch/2025_12_19/2025_12_19_3.txt
2025-12-19 03:18:19,823 [ERROR] 请求失败：401 Client Error: Authorization Required for url: https://www.zhihu.com/api/v3/feed/topstory/hot-lists/total?limit=50&desktop=true
2025-12-19 03:18:19,823 [ERROR] 没有获取到热榜数据，退出。
2025-12-19 04:28:51,766 [INFO] 成功写入 10 条热搜到 hotresearch/2025_12_19/2025_12_19_4.txt
2025-12-19 04:28:52,139 [ERROR] 请求失败：401 Client Error: Authorization Required for url: https://www.zhihu.com/api/v3/feed/topstory/hot-lists/total?limit=50&desktop=true
2025-12-19 04:28:52,139 [ERROR] 没有获取到热榜数据，退出。
2025-12-19 05:15:50,833 [INFO] 成功写入 10 条热搜到 hotresearch/2025_12_19/2025_12_19_5.txt
2025-12-19 05:15:51,403 [ERROR] 请求失败：401 Client Error: Authorization Required for url: https://www.zhihu.com/api/v3/feed/topstory/hot-lists/total?limit=50&desktop=true
2025-12-19 05:15:51,403 [ERROR] 没有获取到热榜数据，退出。
2025-12-19 06:21:48,723 [INFO] 成功写入 10 条热搜到 hotresearch/2025_12_19/2025_12_19_6.txt
2025-12-19 06:21:49,184 [ERROR] 请求失败：401 Client Error: Authorization Required for url: https://www.zhihu.com/api/v3/feed/topstory/hot-lists/total?limit=50&desktop=true
2025-12-19 06:21:49,184 [ERROR] 没有获取到热榜数据，退出。
2025-12-19 07:16:12,299 [INFO] 成功写入 10 条热搜到 hotresearch/2025_12_19/2025_12_19_7.txt
2025-12-19 07:16:12,839 [ERROR] 请求失败：403 Client Error: Forbidden for url: https://www.zhihu.com/api/v3/feed/topstory/hot-lists/total?limit=50&desktop=true
2025-12-19 07:16:12,839 [ERROR] 没有获取到热榜数据，退出。
2025-12-19 08:20:08,186 [INFO] 成功写入 10 条热搜到 hotresearch/2025_12_19/2025_12_19_8.txt
2025-12-19 08:20:08,658 [ERROR] 请求失败：401 Client Error: Authorization Required for url: https://www.zhihu.com/api/v3/feed/topstory/hot-lists/total?limit=50&desktop=true
2025-12-19 08:20:08,658 [ERROR] 没有获取到热榜数据，退出。
2025-12-19 09:17:35,951 [INFO] 成功写入 10 条热搜到 hotresearch/2025_12_19/2025_12_19_9.txt
2025-12-19 09:17:36,429 [ERROR] 请求失败：401 Client Error: Authorization Required for url: https://www.zhihu.com/api/v3/feed/topstory/hot-lists/total?limit=50&desktop=true
2025-12-19 09:17:36,429 [ERROR] 没有获取到热榜数据，退出。
2025-12-19 10:15:15,989 [INFO] 成功写入 10 条热搜到 hotresearch/2025_12_19/2025_12_19_10.txt
2025-12-19 10:15:16,443 [ERROR] 请求失败：401 Client Error: Authorization Required for url: https://www.zhihu.com/api/v3/feed/topstory/hot-lists/total?limit=50&desktop=true
2025-12-19 10:15:16,443 [ERROR] 没有获取到热榜数据，退出。
2025-12-19 11:12:50,955 [INFO] 成功写入 10 条热搜到 hotresearch/2025_12_19/2025_12_19_11.txt
2025-12-19 11:12:51,462 [ERROR] 请求失败：401 Client Error: Authorization Required for url: https://www.zhihu.com/api/v3/feed/topstory/hot-lists/total?limit=50&desktop=true
2025-12-19 11:12:51,462 [ERROR] 没有获取到热榜数据，退出。
2025-12-19 12:28:15,389 [INFO] 成功写入 10 条热搜到 hotresearch/2025_12_19/2025_12_19_12.txt
2025-12-19 12:28:15,737 [ERROR] 请求失败：401 Client Error: Authorization Required for url: https://www.zhihu.com/api/v3/feed/topstory/hot-lists/total?limit=50&desktop=true
2025-12-19 12:28:15,737 [ERROR] 没有获取到热榜数据，退出。
2025-12-19 13:28:12,560 [INFO] 成功写入 10 条热搜到 hotresearch/2025_12_19/2025_12_19_13.txt
2025-12-19 13:28:13,108 [ERROR] 请求失败：401 Client Error: Authorization Required for url: https://www.zhihu.com/api/v3/feed/topstory/hot-lists/total?limit=50&desktop=true
2025-12-19 13:28:13,109 [ERROR] 没有获取到热榜数据，退出。
2025-12-19 14:14:40,663 [INFO] 成功写入 10 条热搜到 hotresearch/2025_12_19/2025_12_19_14.txt
2025-12-19 14:14:41,187 [ERROR] 请求失败：401 Client Error: Authorization Required for url: https://www.zhihu.com/api/v3/feed/topstory/hot-lists/total?limit=50&desktop=true
2025-12-19 14:14:41,187 [ERROR] 没有获取到热榜数据，退出。
2025-12-19 15:15:10,900 [INFO] 成功写入 10 条热搜到 hotresearch/2025_12_19/2025_12_19_15.txt
2025-12-19 15:15:11,256 [ERROR] 请求失败：401 Client Error: Authorization Required for url: https://www.zhihu.com/api/v3/feed/topstory/hot-lists/total?limit=50&desktop=true
2025-12-19 15:15:11,256 [ERROR] 没有获取到热榜数据，退出。
2025-12-19 16:17:34,677 [INFO] 成功写入 10 条热搜到 hotresearch/2025_12_19/2025_12_19_16.txt
2025-12-19 16:17:35,151 [ERROR] 请求失败：401 Client Error: Authorization Required for url: https://www.zhihu.com/api/v3/feed/topstory/hot-lists/total?limit=50&desktop=true
2025-12-19 16:17:35,151 [ERROR] 没有获取到热榜数据，退出。
2025-12-19 17:13:42,559 [INFO] 成功写入 10 条热搜到 hotresearch/2025_12_19/2025_12_19_17.txt
2025-12-19 17:13:43,111 [ERROR] 请求失败：403 Client Error: Forbidden for url: https://www.zhihu.com/api/v3/feed/topstory/hot-lists/total?limit=50&desktop=true
2025-12-19 17:13:43,111 [ERROR] 没有获取到热榜数据，退出。
2025-12-19 18:20:10,881 [INFO] 成功写入 10 条热搜到 hotresearch/2025_12_19/2025_12_19_18.txt
2025-12-19 18:20:11,350 [ERROR] 请求失败：401 Client Error: Authorization Required for url: https://www.zhihu.com/api/v3/feed/topstory/hot-lists/total?limit=50&desktop=true
2025-12-19 18:20:11,350 [ERROR] 没有获取到热榜数据，退出。
2025-12-19 19:11:36,989 [INFO] 成功写入 10 条热搜到 hotresearch/2025_12_19/2025_12_19_19.txt
2025-12-19 19:11:37,451 [ERROR] 请求失败：401 Client Error: Authorization Required for url: https://www.zhihu.com/api/v3/feed/topstory/hot-lists/total?limit=50&desktop=true
2025-12-19 19:11:37,452 [ERROR] 没有获取到热榜数据，退出。
2025-12-19 20:15:16,191 [INFO] 成功写入 10 条热搜到 hotresearch/2025_12_19/2025_12_19_20.txt
2025-12-19 20:15:16,643 [ERROR] 请求失败：401 Client Error: Authorization Required for url: https://www.zhihu.com/api/v3/feed/topstory/hot-lists/total?limit=50&desktop=true
2025-12-19 20:15:16,643 [ERROR] 没有获取到热榜数据，退出。
2025-12-19 21:12:50,427 [ERROR] 请求失败：403 Client Error: Forbidden for url: https://www.zhihu.com/api/v4/search/top_search
2025-12-19 21:12:50,427 [ERROR] 没有获取到热搜数据，退出。
2025-12-19 21:12:50,900 [ERROR] 请求失败：401 Client Error: Authorization Required for url: https://www.zhihu.com/api/v3/feed/topstory/hot-lists/total?limit=50&desktop=true
2025-12-19 21:12:50,900 [ERROR] 没有获取到热榜数据，退出。
