2025-08-22 01:02:04,141 [ERROR] 请求失败：403 Client Error: Forbidden for url: https://www.zhihu.com/api/v4/search/top_search
2025-08-22 01:02:04,141 [ERROR] 没有获取到热搜数据，退出。
2025-08-22 01:02:04,603 [ERROR] 请求失败：401 Client Error: Authorization Required for url: https://www.zhihu.com/api/v3/feed/topstory/hot-lists/total?limit=50&desktop=true
2025-08-22 01:02:04,603 [ERROR] 没有获取到热榜数据，退出。
2025-08-22 03:03:22,218 [ERROR] 请求失败：403 Client Error: Forbidden for url: https://www.zhihu.com/api/v4/search/top_search
2025-08-22 03:03:22,218 [ERROR] 没有获取到热搜数据，退出。
2025-08-22 03:03:22,565 [ERROR] 请求失败：401 Client Error: Authorization Required for url: https://www.zhihu.com/api/v3/feed/topstory/hot-lists/total?limit=50&desktop=true
2025-08-22 03:03:22,565 [ERROR] 没有获取到热榜数据，退出。
2025-08-22 04:15:16,159 [ERROR] 请求失败：403 Client Error: Forbidden for url: https://www.zhihu.com/api/v4/search/top_search
2025-08-22 04:15:16,160 [ERROR] 没有获取到热搜数据，退出。
2025-08-22 04:15:16,661 [ERROR] 请求失败：403 Client Error: Forbidden for url: https://www.zhihu.com/api/v3/feed/topstory/hot-lists/total?limit=50&desktop=true
2025-08-22 04:15:16,662 [ERROR] 没有获取到热榜数据，退出。
2025-08-22 05:13:19,626 [ERROR] 请求失败：403 Client Error: Forbidden for url: https://www.zhihu.com/api/v4/search/top_search
2025-08-22 05:13:19,626 [ERROR] 没有获取到热搜数据，退出。
2025-08-22 05:13:19,980 [ERROR] 请求失败：401 Client Error: Authorization Required for url: https://www.zhihu.com/api/v3/feed/topstory/hot-lists/total?limit=50&desktop=true
2025-08-22 05:13:19,980 [ERROR] 没有获取到热榜数据，退出。
2025-08-22 06:19:52,744 [ERROR] 请求失败：403 Client Error: Forbidden for url: https://www.zhihu.com/api/v4/search/top_search
2025-08-22 06:19:52,744 [ERROR] 没有获取到热搜数据，退出。
2025-08-22 06:19:53,655 [ERROR] 请求失败：403 Client Error: Forbidden for url: https://www.zhihu.com/api/v3/feed/topstory/hot-lists/total?limit=50&desktop=true
2025-08-22 06:19:53,656 [ERROR] 没有获取到热榜数据，退出。
2025-08-22 07:12:37,605 [ERROR] 请求失败：403 Client Error: Forbidden for url: https://www.zhihu.com/api/v4/search/top_search
2025-08-22 07:12:37,605 [ERROR] 没有获取到热搜数据，退出。
2025-08-22 07:12:38,020 [ERROR] 请求失败：403 Client Error: Forbidden for url: https://www.zhihu.com/api/v3/feed/topstory/hot-lists/total?limit=50&desktop=true
2025-08-22 07:12:38,020 [ERROR] 没有获取到热榜数据，退出。
2025-08-22 08:17:41,466 [ERROR] 请求失败：403 Client Error: Forbidden for url: https://www.zhihu.com/api/v4/search/top_search
2025-08-22 08:17:41,466 [ERROR] 没有获取到热搜数据，退出。
2025-08-22 08:17:42,629 [ERROR] 请求失败：403 Client Error: Forbidden for url: https://www.zhihu.com/api/v3/feed/topstory/hot-lists/total?limit=50&desktop=true
2025-08-22 08:17:42,629 [ERROR] 没有获取到热榜数据，退出。
2025-08-22 09:13:54,512 [ERROR] 请求失败：403 Client Error: Forbidden for url: https://www.zhihu.com/api/v4/search/top_search
2025-08-22 09:13:54,512 [ERROR] 没有获取到热搜数据，退出。
2025-08-22 09:13:54,966 [ERROR] 请求失败：401 Client Error: Authorization Required for url: https://www.zhihu.com/api/v3/feed/topstory/hot-lists/total?limit=50&desktop=true
2025-08-22 09:13:54,967 [ERROR] 没有获取到热榜数据，退出。
2025-08-22 10:13:36,533 [ERROR] 请求失败：403 Client Error: Forbidden for url: https://www.zhihu.com/api/v4/search/top_search
2025-08-22 10:13:36,533 [ERROR] 没有获取到热搜数据，退出。
2025-08-22 10:13:36,999 [ERROR] 请求失败：401 Client Error: Authorization Required for url: https://www.zhihu.com/api/v3/feed/topstory/hot-lists/total?limit=50&desktop=true
2025-08-22 10:13:36,999 [ERROR] 没有获取到热榜数据，退出。
2025-08-22 11:10:46,786 [ERROR] 请求失败：403 Client Error: Forbidden for url: https://www.zhihu.com/api/v4/search/top_search
2025-08-22 11:10:46,786 [ERROR] 没有获取到热搜数据，退出。
2025-08-22 11:10:47,276 [ERROR] 请求失败：403 Client Error: Forbidden for url: https://www.zhihu.com/api/v3/feed/topstory/hot-lists/total?limit=50&desktop=true
2025-08-22 11:10:47,276 [ERROR] 没有获取到热榜数据，退出。
2025-08-22 12:25:14,688 [ERROR] 请求失败：403 Client Error: Forbidden for url: https://www.zhihu.com/api/v4/search/top_search
2025-08-22 12:25:14,688 [ERROR] 没有获取到热搜数据，退出。
2025-08-22 12:25:15,095 [ERROR] 请求失败：401 Client Error: Authorization Required for url: https://www.zhihu.com/api/v3/feed/topstory/hot-lists/total?limit=50&desktop=true
2025-08-22 12:25:15,095 [ERROR] 没有获取到热榜数据，退出。
2025-08-22 13:23:37,927 [ERROR] 请求失败：403 Client Error: Forbidden for url: https://www.zhihu.com/api/v4/search/top_search
2025-08-22 13:23:37,927 [ERROR] 没有获取到热搜数据，退出。
2025-08-22 13:23:38,340 [ERROR] 请求失败：401 Client Error: Authorization Required for url: https://www.zhihu.com/api/v3/feed/topstory/hot-lists/total?limit=50&desktop=true
2025-08-22 13:23:38,341 [ERROR] 没有获取到热榜数据，退出。
2025-08-22 14:12:51,110 [ERROR] 请求失败：403 Client Error: Forbidden for url: https://www.zhihu.com/api/v4/search/top_search
2025-08-22 14:12:51,110 [ERROR] 没有获取到热搜数据，退出。
2025-08-22 14:12:51,563 [ERROR] 请求失败：401 Client Error: Authorization Required for url: https://www.zhihu.com/api/v3/feed/topstory/hot-lists/total?limit=50&desktop=true
2025-08-22 14:12:51,564 [ERROR] 没有获取到热榜数据，退出。
2025-08-22 15:13:13,330 [ERROR] 请求失败：403 Client Error: Forbidden for url: https://www.zhihu.com/api/v4/search/top_search
2025-08-22 15:13:13,330 [ERROR] 没有获取到热搜数据，退出。
2025-08-22 15:13:13,779 [ERROR] 请求失败：401 Client Error: Authorization Required for url: https://www.zhihu.com/api/v3/feed/topstory/hot-lists/total?limit=50&desktop=true
2025-08-22 15:13:13,779 [ERROR] 没有获取到热榜数据，退出。
