2025-06-16 01:07:49,752 [ERROR] 请求失败：403 Client Error: Forbidden for url: https://www.zhihu.com/api/v4/search/top_search
2025-06-16 01:07:49,752 [ERROR] 没有获取到热搜数据，退出。
2025-06-16 01:07:50,230 [ERROR] 请求失败：403 Client Error: Forbidden for url: https://www.zhihu.com/api/v3/feed/topstory/hot-lists/total?limit=50&desktop=true
2025-06-16 01:07:50,230 [ERROR] 没有获取到热榜数据，退出。
2025-06-16 03:17:13,427 [ERROR] 请求失败：403 Client Error: Forbidden for url: https://www.zhihu.com/api/v4/search/top_search
2025-06-16 03:17:13,427 [ERROR] 没有获取到热搜数据，退出。
2025-06-16 03:17:13,882 [ERROR] 请求失败：401 Client Error: Authorization Required for url: https://www.zhihu.com/api/v3/feed/topstory/hot-lists/total?limit=50&desktop=true
2025-06-16 03:17:13,882 [ERROR] 没有获取到热榜数据，退出。
2025-06-16 04:26:13,736 [ERROR] 请求失败：403 Client Error: Forbidden for url: https://www.zhihu.com/api/v4/search/top_search
2025-06-16 04:26:13,736 [ERROR] 没有获取到热搜数据，退出。
2025-06-16 04:26:14,190 [ERROR] 请求失败：401 Client Error: Authorization Required for url: https://www.zhihu.com/api/v3/feed/topstory/hot-lists/total?limit=50&desktop=true
2025-06-16 04:26:14,190 [ERROR] 没有获取到热榜数据，退出。
2025-06-16 05:15:55,607 [ERROR] 请求失败：403 Client Error: Forbidden for url: https://www.zhihu.com/api/v4/search/top_search
2025-06-16 05:15:55,607 [ERROR] 没有获取到热搜数据，退出。
2025-06-16 05:15:56,242 [ERROR] 请求失败：403 Client Error: Forbidden for url: https://www.zhihu.com/api/v3/feed/topstory/hot-lists/total?limit=50&desktop=true
2025-06-16 05:15:56,242 [ERROR] 没有获取到热榜数据，退出。
2025-06-16 06:20:55,625 [ERROR] 请求失败：403 Client Error: Forbidden for url: https://www.zhihu.com/api/v4/search/top_search
2025-06-16 06:20:55,625 [ERROR] 没有获取到热搜数据，退出。
2025-06-16 06:20:56,070 [ERROR] 请求失败：401 Client Error: Authorization Required for url: https://www.zhihu.com/api/v3/feed/topstory/hot-lists/total?limit=50&desktop=true
2025-06-16 06:20:56,070 [ERROR] 没有获取到热榜数据，退出。
2025-06-16 07:15:06,973 [ERROR] 请求失败：403 Client Error: Forbidden for url: https://www.zhihu.com/api/v4/search/top_search
2025-06-16 07:15:06,973 [ERROR] 没有获取到热搜数据，退出。
2025-06-16 07:15:07,350 [ERROR] 请求失败：401 Client Error: Authorization Required for url: https://www.zhihu.com/api/v3/feed/topstory/hot-lists/total?limit=50&desktop=true
2025-06-16 07:15:07,350 [ERROR] 没有获取到热榜数据，退出。
2025-06-16 08:19:16,917 [ERROR] 请求失败：403 Client Error: Forbidden for url: https://www.zhihu.com/api/v4/search/top_search
2025-06-16 08:19:16,918 [ERROR] 没有获取到热搜数据，退出。
2025-06-16 08:19:17,377 [ERROR] 请求失败：401 Client Error: Authorization Required for url: https://www.zhihu.com/api/v3/feed/topstory/hot-lists/total?limit=50&desktop=true
2025-06-16 08:19:17,377 [ERROR] 没有获取到热榜数据，退出。
2025-06-16 09:16:00,787 [ERROR] 请求失败：403 Client Error: Forbidden for url: https://www.zhihu.com/api/v4/search/top_search
2025-06-16 09:16:00,787 [ERROR] 没有获取到热搜数据，退出。
2025-06-16 09:16:01,246 [ERROR] 请求失败：401 Client Error: Authorization Required for url: https://www.zhihu.com/api/v3/feed/topstory/hot-lists/total?limit=50&desktop=true
2025-06-16 09:16:01,246 [ERROR] 没有获取到热榜数据，退出。
2025-06-16 10:15:07,861 [ERROR] 请求失败：403 Client Error: Forbidden for url: https://www.zhihu.com/api/v4/search/top_search
2025-06-16 10:15:07,862 [ERROR] 没有获取到热搜数据，退出。
2025-06-16 10:15:08,402 [ERROR] 请求失败：401 Client Error: Authorization Required for url: https://www.zhihu.com/api/v3/feed/topstory/hot-lists/total?limit=50&desktop=true
2025-06-16 10:15:08,402 [ERROR] 没有获取到热榜数据，退出。
