2025-11-06 01:03:20,101 [INFO] 成功写入 10 条热搜到 hotresearch/2025_11_6/2025_11_6_1.txt
2025-11-06 01:03:20,582 [ERROR] 请求失败：401 Client Error: Authorization Required for url: https://www.zhihu.com/api/v3/feed/topstory/hot-lists/total?limit=50&desktop=true
2025-11-06 01:03:20,582 [ERROR] 没有获取到热榜数据，退出。
2025-11-06 03:08:36,955 [INFO] 成功写入 10 条热搜到 hotresearch/2025_11_6/2025_11_6_3.txt
2025-11-06 03:08:37,607 [ERROR] 请求失败：403 Client Error: Forbidden for url: https://www.zhihu.com/api/v3/feed/topstory/hot-lists/total?limit=50&desktop=true
2025-11-06 03:08:37,607 [ERROR] 没有获取到热榜数据，退出。
2025-11-06 04:19:14,696 [INFO] 成功写入 10 条热搜到 hotresearch/2025_11_6/2025_11_6_4.txt
2025-11-06 04:19:15,255 [ERROR] 请求失败：403 Client Error: Forbidden for url: https://www.zhihu.com/api/v3/feed/topstory/hot-lists/total?limit=50&desktop=true
2025-11-06 04:19:15,255 [ERROR] 没有获取到热榜数据，退出。
2025-11-06 05:13:43,367 [INFO] 成功写入 10 条热搜到 hotresearch/2025_11_6/2025_11_6_5.txt
2025-11-06 05:13:43,946 [ERROR] 请求失败：403 Client Error: Forbidden for url: https://www.zhihu.com/api/v3/feed/topstory/hot-lists/total?limit=50&desktop=true
2025-11-06 05:13:43,946 [ERROR] 没有获取到热榜数据，退出。
2025-11-06 06:20:42,471 [INFO] 成功写入 10 条热搜到 hotresearch/2025_11_6/2025_11_6_6.txt
2025-11-06 06:20:42,970 [ERROR] 请求失败：401 Client Error: Authorization Required for url: https://www.zhihu.com/api/v3/feed/topstory/hot-lists/total?limit=50&desktop=true
2025-11-06 06:20:42,971 [ERROR] 没有获取到热榜数据，退出。
2025-11-06 07:12:51,595 [INFO] 成功写入 10 条热搜到 hotresearch/2025_11_6/2025_11_6_7.txt
2025-11-06 07:12:52,148 [ERROR] 请求失败：403 Client Error: Forbidden for url: https://www.zhihu.com/api/v3/feed/topstory/hot-lists/total?limit=50&desktop=true
2025-11-06 07:12:52,148 [ERROR] 没有获取到热榜数据，退出。
2025-11-06 08:18:30,991 [INFO] 成功写入 10 条热搜到 hotresearch/2025_11_6/2025_11_6_8.txt
2025-11-06 08:18:31,356 [ERROR] 请求失败：403 Client Error: Forbidden for url: https://www.zhihu.com/api/v3/feed/topstory/hot-lists/total?limit=50&desktop=true
2025-11-06 08:18:31,356 [ERROR] 没有获取到热榜数据，退出。
2025-11-06 09:14:32,754 [INFO] 成功写入 10 条热搜到 hotresearch/2025_11_6/2025_11_6_9.txt
2025-11-06 09:14:33,478 [ERROR] 请求失败：401 Client Error: Authorization Required for url: https://www.zhihu.com/api/v3/feed/topstory/hot-lists/total?limit=50&desktop=true
2025-11-06 09:14:33,478 [ERROR] 没有获取到热榜数据，退出。
2025-11-06 10:15:32,231 [INFO] 成功写入 10 条热搜到 hotresearch/2025_11_6/2025_11_6_10.txt
2025-11-06 10:15:32,763 [ERROR] 请求失败：401 Client Error: Authorization Required for url: https://www.zhihu.com/api/v3/feed/topstory/hot-lists/total?limit=50&desktop=true
2025-11-06 10:15:32,763 [ERROR] 没有获取到热榜数据，退出。
2025-11-06 11:11:40,272 [INFO] 成功写入 10 条热搜到 hotresearch/2025_11_6/2025_11_6_11.txt
2025-11-06 11:11:40,839 [ERROR] 请求失败：403 Client Error: Forbidden for url: https://www.zhihu.com/api/v3/feed/topstory/hot-lists/total?limit=50&desktop=true
2025-11-06 11:11:40,839 [ERROR] 没有获取到热榜数据，退出。
2025-11-06 12:26:51,139 [INFO] 成功写入 10 条热搜到 hotresearch/2025_11_6/2025_11_6_12.txt
2025-11-06 12:26:51,673 [ERROR] 请求失败：401 Client Error: Authorization Required for url: https://www.zhihu.com/api/v3/feed/topstory/hot-lists/total?limit=50&desktop=true
2025-11-06 12:26:51,673 [ERROR] 没有获取到热榜数据，退出。
2025-11-06 13:26:29,141 [INFO] 成功写入 10 条热搜到 hotresearch/2025_11_6/2025_11_6_13.txt
2025-11-06 13:26:29,668 [ERROR] 请求失败：403 Client Error: Forbidden for url: https://www.zhihu.com/api/v3/feed/topstory/hot-lists/total?limit=50&desktop=true
2025-11-06 13:26:29,668 [ERROR] 没有获取到热榜数据，退出。
2025-11-06 14:13:33,798 [INFO] 成功写入 10 条热搜到 hotresearch/2025_11_6/2025_11_6_14.txt
2025-11-06 14:13:34,256 [ERROR] 请求失败：403 Client Error: Forbidden for url: https://www.zhihu.com/api/v3/feed/topstory/hot-lists/total?limit=50&desktop=true
2025-11-06 14:13:34,256 [ERROR] 没有获取到热榜数据，退出。
2025-11-06 15:14:48,550 [ERROR] 请求失败：403 Client Error: Forbidden for url: https://www.zhihu.com/api/v4/search/top_search
2025-11-06 15:14:48,550 [ERROR] 没有获取到热搜数据，退出。
2025-11-06 15:14:49,063 [ERROR] 请求失败：403 Client Error: Forbidden for url: https://www.zhihu.com/api/v3/feed/topstory/hot-lists/total?limit=50&desktop=true
2025-11-06 15:14:49,063 [ERROR] 没有获取到热榜数据，退出。
2025-11-06 16:17:24,123 [INFO] 成功写入 10 条热搜到 hotresearch/2025_11_6/2025_11_6_16.txt
2025-11-06 16:17:24,815 [ERROR] 请求失败：401 Client Error: Authorization Required for url: https://www.zhihu.com/api/v3/feed/topstory/hot-lists/total?limit=50&desktop=true
2025-11-06 16:17:24,815 [ERROR] 没有获取到热榜数据，退出。
2025-11-06 17:13:43,505 [INFO] 成功写入 10 条热搜到 hotresearch/2025_11_6/2025_11_6_17.txt
2025-11-06 17:13:44,015 [ERROR] 请求失败：403 Client Error: Forbidden for url: https://www.zhihu.com/api/v3/feed/topstory/hot-lists/total?limit=50&desktop=true
2025-11-06 17:13:44,015 [ERROR] 没有获取到热榜数据，退出。
2025-11-06 18:19:43,458 [INFO] 成功写入 10 条热搜到 hotresearch/2025_11_6/2025_11_6_18.txt
2025-11-06 18:19:43,979 [ERROR] 请求失败：401 Client Error: Authorization Required for url: https://www.zhihu.com/api/v3/feed/topstory/hot-lists/total?limit=50&desktop=true
2025-11-06 18:19:43,979 [ERROR] 没有获取到热榜数据，退出。
2025-11-06 19:10:36,835 [INFO] 成功写入 10 条热搜到 hotresearch/2025_11_6/2025_11_6_19.txt
2025-11-06 19:10:37,214 [ERROR] 请求失败：401 Client Error: Authorization Required for url: https://www.zhihu.com/api/v3/feed/topstory/hot-lists/total?limit=50&desktop=true
2025-11-06 19:10:37,214 [ERROR] 没有获取到热榜数据，退出。
2025-11-06 20:14:37,224 [INFO] 成功写入 10 条热搜到 hotresearch/2025_11_6/2025_11_6_20.txt
2025-11-06 20:14:37,591 [ERROR] 请求失败：401 Client Error: Authorization Required for url: https://www.zhihu.com/api/v3/feed/topstory/hot-lists/total?limit=50&desktop=true
2025-11-06 20:14:37,591 [ERROR] 没有获取到热榜数据，退出。
2025-11-06 21:11:35,567 [INFO] 成功写入 10 条热搜到 hotresearch/2025_11_6/2025_11_6_21.txt
2025-11-06 21:11:36,177 [ERROR] 请求失败：401 Client Error: Authorization Required for url: https://www.zhihu.com/api/v3/feed/topstory/hot-lists/total?limit=50&desktop=true
2025-11-06 21:11:36,177 [ERROR] 没有获取到热榜数据，退出。
2025-11-06 22:12:24,819 [INFO] 成功写入 10 条热搜到 hotresearch/2025_11_6/2025_11_6_22.txt
2025-11-06 22:12:25,322 [ERROR] 请求失败：401 Client Error: Authorization Required for url: https://www.zhihu.com/api/v3/feed/topstory/hot-lists/total?limit=50&desktop=true
2025-11-06 22:12:25,322 [ERROR] 没有获取到热榜数据，退出。
