2025-08-17 01:11:31,624 [ERROR] 请求失败：403 Client Error: Forbidden for url: https://www.zhihu.com/api/v4/search/top_search
2025-08-17 01:11:31,624 [ERROR] 没有获取到热搜数据，退出。
2025-08-17 01:11:32,086 [ERROR] 请求失败：403 Client Error: Forbidden for url: https://www.zhihu.com/api/v3/feed/topstory/hot-lists/total?limit=50&desktop=true
2025-08-17 01:11:32,087 [ERROR] 没有获取到热榜数据，退出。
2025-08-17 03:20:51,819 [ERROR] 请求失败：403 Client Error: Forbidden for url: https://www.zhihu.com/api/v4/search/top_search
2025-08-17 03:20:51,820 [ERROR] 没有获取到热搜数据，退出。
2025-08-17 03:20:52,816 [ERROR] 请求失败：403 Client Error: Forbidden for url: https://www.zhihu.com/api/v3/feed/topstory/hot-lists/total?limit=50&desktop=true
2025-08-17 03:20:52,816 [ERROR] 没有获取到热榜数据，退出。
2025-08-17 04:27:14,154 [WARNING] Retrying (Retry(total=4, connect=None, read=None, redirect=None, status=None)) after connection broken by 'NewConnectionError('<urllib3.connection.HTTPSConnection object at 0x7f93f673aba0>: Failed to establish a new connection: [Errno 101] Network is unreachable')': /api/v4/search/top_search
2025-08-17 04:27:26,166 [WARNING] Retrying (Retry(total=3, connect=None, read=None, redirect=None, status=None)) after connection broken by 'NewConnectionError('<urllib3.connection.HTTPSConnection object at 0x7f93f673acf0>: Failed to establish a new connection: [Errno 101] Network is unreachable')': /api/v4/search/top_search
2025-08-17 04:27:40,177 [WARNING] Retrying (Retry(total=2, connect=None, read=None, redirect=None, status=None)) after connection broken by 'NewConnectionError('<urllib3.connection.HTTPSConnection object at 0x7f93f673ae40>: Failed to establish a new connection: [Errno 101] Network is unreachable')': /api/v4/search/top_search
2025-08-17 04:27:58,188 [WARNING] Retrying (Retry(total=1, connect=None, read=None, redirect=None, status=None)) after connection broken by 'NewConnectionError('<urllib3.connection.HTTPSConnection object at 0x7f93f673af90>: Failed to establish a new connection: [Errno 101] Network is unreachable')': /api/v4/search/top_search
2025-08-17 04:28:24,200 [WARNING] Retrying (Retry(total=0, connect=None, read=None, redirect=None, status=None)) after connection broken by 'NewConnectionError('<urllib3.connection.HTTPSConnection object at 0x7f93f673b0e0>: Failed to establish a new connection: [Errno 101] Network is unreachable')': /api/v4/search/top_search
2025-08-17 04:28:34,253 [ERROR] 请求失败：HTTPSConnectionPool(host='www.zhihu.com', port=443): Max retries exceeded with url: /api/v4/search/top_search (Caused by NewConnectionError('<urllib3.connection.HTTPSConnection object at 0x7f93f673b230>: Failed to establish a new connection: [Errno 101] Network is unreachable'))
2025-08-17 04:28:34,253 [ERROR] 没有获取到热搜数据，退出。
2025-08-17 04:28:44,369 [WARNING] Retrying (Retry(total=4, connect=None, read=None, redirect=None, status=None)) after connection broken by 'NewConnectionError('<urllib3.connection.HTTPSConnection object at 0x7fd769442e10>: Failed to establish a new connection: [Errno 101] Network is unreachable')': /api/v3/feed/topstory/hot-lists/total?limit=50&desktop=true
2025-08-17 04:28:56,376 [WARNING] Retrying (Retry(total=3, connect=None, read=None, redirect=None, status=None)) after connection broken by 'NewConnectionError('<urllib3.connection.HTTPSConnection object at 0x7fd76a30b1d0>: Failed to establish a new connection: [Errno 101] Network is unreachable')': /api/v3/feed/topstory/hot-lists/total?limit=50&desktop=true
2025-08-17 04:29:10,383 [WARNING] Retrying (Retry(total=2, connect=None, read=None, redirect=None, status=None)) after connection broken by 'NewConnectionError('<urllib3.connection.HTTPSConnection object at 0x7fd769442d80>: Failed to establish a new connection: [Errno 101] Network is unreachable')': /api/v3/feed/topstory/hot-lists/total?limit=50&desktop=true
2025-08-17 04:29:28,395 [WARNING] Retrying (Retry(total=1, connect=None, read=None, redirect=None, status=None)) after connection broken by 'NewConnectionError('<urllib3.connection.HTTPSConnection object at 0x7fd769442ff0>: Failed to establish a new connection: [Errno 101] Network is unreachable')': /api/v3/feed/topstory/hot-lists/total?limit=50&desktop=true
2025-08-17 04:29:55,289 [WARNING] Retrying (Retry(total=0, connect=None, read=None, redirect=None, status=None)) after connection broken by 'NewConnectionError('<urllib3.connection.HTTPSConnection object at 0x7fd769443140>: Failed to establish a new connection: [Errno 101] Network is unreachable')': /api/v3/feed/topstory/hot-lists/total?limit=50&desktop=true
2025-08-17 04:30:05,300 [ERROR] 请求失败：HTTPSConnectionPool(host='www.zhihu.com', port=443): Max retries exceeded with url: /api/v3/feed/topstory/hot-lists/total?limit=50&desktop=true (Caused by NewConnectionError('<urllib3.connection.HTTPSConnection object at 0x7fd769443290>: Failed to establish a new connection: [Errno 101] Network is unreachable'))
2025-08-17 04:30:05,300 [ERROR] 没有获取到热榜数据，退出。
2025-08-17 05:13:41,516 [ERROR] 请求失败：403 Client Error: Forbidden for url: https://www.zhihu.com/api/v4/search/top_search
2025-08-17 05:13:41,517 [ERROR] 没有获取到热搜数据，退出。
2025-08-17 05:13:42,476 [ERROR] 请求失败：403 Client Error: Forbidden for url: https://www.zhihu.com/api/v3/feed/topstory/hot-lists/total?limit=50&desktop=true
2025-08-17 05:13:42,477 [ERROR] 没有获取到热榜数据，退出。
2025-08-17 06:19:01,471 [ERROR] 请求失败：403 Client Error: Forbidden for url: https://www.zhihu.com/api/v4/search/top_search
2025-08-17 06:19:01,471 [ERROR] 没有获取到热搜数据，退出。
2025-08-17 06:19:02,626 [ERROR] 请求失败：403 Client Error: Forbidden for url: https://www.zhihu.com/api/v3/feed/topstory/hot-lists/total?limit=50&desktop=true
2025-08-17 06:19:02,626 [ERROR] 没有获取到热榜数据，退出。
2025-08-17 07:12:28,007 [INFO] 成功写入 10 条热搜到 hotresearch/2025_8_17/2025_8_17_7.txt
2025-08-17 07:12:28,824 [ERROR] 请求失败：403 Client Error: Forbidden for url: https://www.zhihu.com/api/v3/feed/topstory/hot-lists/total?limit=50&desktop=true
2025-08-17 07:12:28,824 [ERROR] 没有获取到热榜数据，退出。
2025-08-17 08:16:48,825 [ERROR] 请求失败：403 Client Error: Forbidden for url: https://www.zhihu.com/api/v4/search/top_search
2025-08-17 08:16:48,825 [ERROR] 没有获取到热搜数据，退出。
2025-08-17 08:16:49,660 [ERROR] 请求失败：403 Client Error: Forbidden for url: https://www.zhihu.com/api/v3/feed/topstory/hot-lists/total?limit=50&desktop=true
2025-08-17 08:16:49,660 [ERROR] 没有获取到热榜数据，退出。
2025-08-17 09:12:53,210 [ERROR] 请求失败：403 Client Error: Forbidden for url: https://www.zhihu.com/api/v4/search/top_search
2025-08-17 09:12:53,210 [ERROR] 没有获取到热搜数据，退出。
2025-08-17 09:12:53,556 [ERROR] 请求失败：401 Client Error: Authorization Required for url: https://www.zhihu.com/api/v3/feed/topstory/hot-lists/total?limit=50&desktop=true
2025-08-17 09:12:53,556 [ERROR] 没有获取到热榜数据，退出。
2025-08-17 10:13:06,540 [ERROR] 请求失败：403 Client Error: Forbidden for url: https://www.zhihu.com/api/v4/search/top_search
2025-08-17 10:13:06,540 [ERROR] 没有获取到热搜数据，退出。
2025-08-17 10:13:06,959 [ERROR] 请求失败：401 Client Error: Authorization Required for url: https://www.zhihu.com/api/v3/feed/topstory/hot-lists/total?limit=50&desktop=true
2025-08-17 10:13:06,959 [ERROR] 没有获取到热榜数据，退出。
2025-08-17 11:10:20,761 [ERROR] 请求失败：403 Client Error: Forbidden for url: https://www.zhihu.com/api/v4/search/top_search
2025-08-17 11:10:20,761 [ERROR] 没有获取到热搜数据，退出。
2025-08-17 11:10:21,591 [ERROR] 请求失败：403 Client Error: Forbidden for url: https://www.zhihu.com/api/v3/feed/topstory/hot-lists/total?limit=50&desktop=true
2025-08-17 11:10:21,591 [ERROR] 没有获取到热榜数据，退出。
