2025-06-06 01:04:30,982 [ERROR] 请求失败：403 Client Error: Forbidden for url: https://www.zhihu.com/api/v4/search/top_search
2025-06-06 01:04:30,982 [ERROR] 没有获取到热搜数据，退出。
2025-06-06 01:04:31,451 [ERROR] 请求失败：403 Client Error: Forbidden for url: https://www.zhihu.com/api/v3/feed/topstory/hot-lists/total?limit=50&desktop=true
2025-06-06 01:04:31,451 [ERROR] 没有获取到热榜数据，退出。
2025-06-06 03:10:47,755 [ERROR] 请求失败：403 Client Error: Forbidden for url: https://www.zhihu.com/api/v4/search/top_search
2025-06-06 03:10:47,755 [ERROR] 没有获取到热搜数据，退出。
2025-06-06 03:10:48,232 [ERROR] 请求失败：401 Client Error: Authorization Required for url: https://www.zhihu.com/api/v3/feed/topstory/hot-lists/total?limit=50&desktop=true
2025-06-06 03:10:48,232 [ERROR] 没有获取到热榜数据，退出。
2025-06-06 04:19:38,039 [ERROR] 请求失败：403 Client Error: Forbidden for url: https://www.zhihu.com/api/v4/search/top_search
2025-06-06 04:19:38,039 [ERROR] 没有获取到热搜数据，退出。
2025-06-06 04:19:38,552 [ERROR] 请求失败：401 Client Error: Authorization Required for url: https://www.zhihu.com/api/v3/feed/topstory/hot-lists/total?limit=50&desktop=true
2025-06-06 04:19:38,552 [ERROR] 没有获取到热榜数据，退出。
2025-06-06 05:13:40,493 [ERROR] 请求失败：403 Client Error: Forbidden for url: https://www.zhihu.com/api/v4/search/top_search
2025-06-06 05:13:40,493 [ERROR] 没有获取到热搜数据，退出。
2025-06-06 05:13:40,969 [ERROR] 请求失败：403 Client Error: Forbidden for url: https://www.zhihu.com/api/v3/feed/topstory/hot-lists/total?limit=50&desktop=true
2025-06-06 05:13:40,969 [ERROR] 没有获取到热榜数据，退出。
2025-06-06 06:20:01,728 [ERROR] 请求失败：403 Client Error: Forbidden for url: https://www.zhihu.com/api/v4/search/top_search
2025-06-06 06:20:01,728 [ERROR] 没有获取到热搜数据，退出。
2025-06-06 06:20:02,221 [ERROR] 请求失败：403 Client Error: Forbidden for url: https://www.zhihu.com/api/v3/feed/topstory/hot-lists/total?limit=50&desktop=true
2025-06-06 06:20:02,221 [ERROR] 没有获取到热榜数据，退出。
2025-06-06 07:12:48,400 [ERROR] 请求失败：403 Client Error: Forbidden for url: https://www.zhihu.com/api/v4/search/top_search
2025-06-06 07:12:48,400 [ERROR] 没有获取到热搜数据，退出。
2025-06-06 07:12:48,756 [ERROR] 请求失败：401 Client Error: Authorization Required for url: https://www.zhihu.com/api/v3/feed/topstory/hot-lists/total?limit=50&desktop=true
2025-06-06 07:12:48,756 [ERROR] 没有获取到热榜数据，退出。
2025-06-06 08:17:43,287 [ERROR] 请求失败：403 Client Error: Forbidden for url: https://www.zhihu.com/api/v4/search/top_search
2025-06-06 08:17:43,287 [ERROR] 没有获取到热搜数据，退出。
2025-06-06 08:17:43,786 [ERROR] 请求失败：403 Client Error: Forbidden for url: https://www.zhihu.com/api/v3/feed/topstory/hot-lists/total?limit=50&desktop=true
2025-06-06 08:17:43,786 [ERROR] 没有获取到热榜数据，退出。
2025-06-06 09:13:51,364 [ERROR] 请求失败：403 Client Error: Forbidden for url: https://www.zhihu.com/api/v4/search/top_search
2025-06-06 09:13:51,364 [ERROR] 没有获取到热搜数据，退出。
2025-06-06 09:13:51,714 [ERROR] 请求失败：401 Client Error: Authorization Required for url: https://www.zhihu.com/api/v3/feed/topstory/hot-lists/total?limit=50&desktop=true
2025-06-06 09:13:51,714 [ERROR] 没有获取到热榜数据，退出。
2025-06-06 10:14:34,633 [ERROR] 请求失败：403 Client Error: Forbidden for url: https://www.zhihu.com/api/v4/search/top_search
2025-06-06 10:14:34,633 [ERROR] 没有获取到热搜数据，退出。
2025-06-06 10:14:35,214 [ERROR] 请求失败：401 Client Error: Authorization Required for url: https://www.zhihu.com/api/v3/feed/topstory/hot-lists/total?limit=50&desktop=true
2025-06-06 10:14:35,215 [ERROR] 没有获取到热榜数据，退出。
