2025-09-27 00:56:31,162 [ERROR] 请求失败：403 Client Error: Forbidden for url: https://www.zhihu.com/api/v4/search/top_search
2025-09-27 00:56:31,163 [ERROR] 没有获取到热搜数据，退出。
2025-09-27 00:56:31,513 [ERROR] 请求失败：401 Client Error: Authorization Required for url: https://www.zhihu.com/api/v3/feed/topstory/hot-lists/total?limit=50&desktop=true
2025-09-27 00:56:31,513 [ERROR] 没有获取到热榜数据，退出。
2025-09-27 02:15:18,531 [ERROR] 请求失败：403 Client Error: Forbidden for url: https://www.zhihu.com/api/v4/search/top_search
2025-09-27 02:15:18,531 [ERROR] 没有获取到热搜数据，退出。
2025-09-27 02:15:18,990 [ERROR] 请求失败：401 Client Error: Authorization Required for url: https://www.zhihu.com/api/v3/feed/topstory/hot-lists/total?limit=50&desktop=true
2025-09-27 02:15:18,990 [ERROR] 没有获取到热榜数据，退出。
2025-09-27 03:22:02,119 [ERROR] 请求失败：403 Client Error: Forbidden for url: https://www.zhihu.com/api/v4/search/top_search
2025-09-27 03:22:02,119 [ERROR] 没有获取到热搜数据，退出。
2025-09-27 03:22:02,641 [ERROR] 请求失败：401 Client Error: Authorization Required for url: https://www.zhihu.com/api/v3/feed/topstory/hot-lists/total?limit=50&desktop=true
2025-09-27 03:22:02,641 [ERROR] 没有获取到热榜数据，退出。
2025-09-27 04:14:48,384 [ERROR] 请求失败：403 Client Error: Forbidden for url: https://www.zhihu.com/api/v4/search/top_search
2025-09-27 04:14:48,384 [ERROR] 没有获取到热搜数据，退出。
2025-09-27 04:14:48,862 [ERROR] 请求失败：403 Client Error: Forbidden for url: https://www.zhihu.com/api/v3/feed/topstory/hot-lists/total?limit=50&desktop=true
2025-09-27 04:14:48,862 [ERROR] 没有获取到热榜数据，退出。
2025-09-27 05:12:02,577 [ERROR] 请求失败：403 Client Error: Forbidden for url: https://www.zhihu.com/api/v4/search/top_search
2025-09-27 05:12:02,577 [ERROR] 没有获取到热搜数据，退出。
2025-09-27 05:12:03,072 [ERROR] 请求失败：403 Client Error: Forbidden for url: https://www.zhihu.com/api/v3/feed/topstory/hot-lists/total?limit=50&desktop=true
2025-09-27 05:12:03,072 [ERROR] 没有获取到热榜数据，退出。
2025-09-27 06:15:51,864 [ERROR] 请求失败：403 Client Error: Forbidden for url: https://www.zhihu.com/api/v4/search/top_search
2025-09-27 06:15:51,864 [ERROR] 没有获取到热搜数据，退出。
2025-09-27 06:15:52,325 [ERROR] 请求失败：401 Client Error: Authorization Required for url: https://www.zhihu.com/api/v3/feed/topstory/hot-lists/total?limit=50&desktop=true
2025-09-27 06:15:52,325 [ERROR] 没有获取到热榜数据，退出。
2025-09-27 07:10:14,848 [ERROR] 请求失败：403 Client Error: Forbidden for url: https://www.zhihu.com/api/v4/search/top_search
2025-09-27 07:10:14,848 [ERROR] 没有获取到热搜数据，退出。
2025-09-27 07:10:15,382 [ERROR] 请求失败：401 Client Error: Authorization Required for url: https://www.zhihu.com/api/v3/feed/topstory/hot-lists/total?limit=50&desktop=true
2025-09-27 07:10:15,382 [ERROR] 没有获取到热榜数据，退出。
2025-09-27 08:14:34,279 [ERROR] 请求失败：403 Client Error: Forbidden for url: https://www.zhihu.com/api/v4/search/top_search
2025-09-27 08:14:34,279 [ERROR] 没有获取到热搜数据，退出。
2025-09-27 08:14:34,751 [ERROR] 请求失败：401 Client Error: Authorization Required for url: https://www.zhihu.com/api/v3/feed/topstory/hot-lists/total?limit=50&desktop=true
2025-09-27 08:14:34,751 [ERROR] 没有获取到热榜数据，退出。
2025-09-27 09:10:53,405 [ERROR] 请求失败：403 Client Error: Forbidden for url: https://www.zhihu.com/api/v4/search/top_search
2025-09-27 09:10:53,405 [ERROR] 没有获取到热搜数据，退出。
2025-09-27 09:10:53,827 [ERROR] 请求失败：401 Client Error: Authorization Required for url: https://www.zhihu.com/api/v3/feed/topstory/hot-lists/total?limit=50&desktop=true
2025-09-27 09:10:53,827 [ERROR] 没有获取到热榜数据，退出。
2025-09-27 10:11:29,803 [INFO] 成功写入 10 条热搜到 hotresearch/2025_9_27/2025_9_27_10.txt
2025-09-27 10:11:30,204 [ERROR] 请求失败：401 Client Error: Authorization Required for url: https://www.zhihu.com/api/v3/feed/topstory/hot-lists/total?limit=50&desktop=true
2025-09-27 10:11:30,204 [ERROR] 没有获取到热榜数据，退出。
2025-09-27 11:08:54,748 [ERROR] 请求失败：403 Client Error: Forbidden for url: https://www.zhihu.com/api/v4/search/top_search
2025-09-27 11:08:54,748 [ERROR] 没有获取到热搜数据，退出。
2025-09-27 11:08:55,166 [ERROR] 请求失败：401 Client Error: Authorization Required for url: https://www.zhihu.com/api/v3/feed/topstory/hot-lists/total?limit=50&desktop=true
2025-09-27 11:08:55,166 [ERROR] 没有获取到热榜数据，退出。
2025-09-27 12:21:27,441 [ERROR] 请求失败：403 Client Error: Forbidden for url: https://www.zhihu.com/api/v4/search/top_search
2025-09-27 12:21:27,441 [ERROR] 没有获取到热搜数据，退出。
2025-09-27 12:21:27,841 [ERROR] 请求失败：401 Client Error: Authorization Required for url: https://www.zhihu.com/api/v3/feed/topstory/hot-lists/total?limit=50&desktop=true
2025-09-27 12:21:27,841 [ERROR] 没有获取到热榜数据，退出。
2025-09-27 13:16:08,964 [ERROR] 请求失败：403 Client Error: Forbidden for url: https://www.zhihu.com/api/v4/search/top_search
2025-09-27 13:16:08,964 [ERROR] 没有获取到热搜数据，退出。
2025-09-27 13:16:09,869 [ERROR] 请求失败：403 Client Error: Forbidden for url: https://www.zhihu.com/api/v3/feed/topstory/hot-lists/total?limit=50&desktop=true
2025-09-27 13:16:09,869 [ERROR] 没有获取到热榜数据，退出。
2025-09-27 14:10:18,518 [ERROR] 请求失败：403 Client Error: Forbidden for url: https://www.zhihu.com/api/v4/search/top_search
2025-09-27 14:10:18,518 [ERROR] 没有获取到热搜数据，退出。
2025-09-27 14:10:18,949 [ERROR] 请求失败：401 Client Error: Authorization Required for url: https://www.zhihu.com/api/v3/feed/topstory/hot-lists/total?limit=50&desktop=true
2025-09-27 14:10:18,949 [ERROR] 没有获取到热榜数据，退出。
2025-09-27 15:10:26,266 [ERROR] 请求失败：403 Client Error: Forbidden for url: https://www.zhihu.com/api/v4/search/top_search
2025-09-27 15:10:26,266 [ERROR] 没有获取到热搜数据，退出。
2025-09-27 15:10:26,687 [ERROR] 请求失败：403 Client Error: Forbidden for url: https://www.zhihu.com/api/v3/feed/topstory/hot-lists/total?limit=50&desktop=true
2025-09-27 15:10:26,687 [ERROR] 没有获取到热榜数据，退出。
2025-09-27 16:13:42,287 [ERROR] 请求失败：403 Client Error: Forbidden for url: https://www.zhihu.com/api/v4/search/top_search
2025-09-27 16:13:42,287 [ERROR] 没有获取到热搜数据，退出。
2025-09-27 16:13:42,622 [ERROR] 请求失败：401 Client Error: Authorization Required for url: https://www.zhihu.com/api/v3/feed/topstory/hot-lists/total?limit=50&desktop=true
2025-09-27 16:13:42,622 [ERROR] 没有获取到热榜数据，退出。
2025-09-27 17:09:23,704 [ERROR] 请求失败：403 Client Error: Forbidden for url: https://www.zhihu.com/api/v4/search/top_search
2025-09-27 17:09:23,704 [ERROR] 没有获取到热搜数据，退出。
2025-09-27 17:09:24,150 [ERROR] 请求失败：401 Client Error: Authorization Required for url: https://www.zhihu.com/api/v3/feed/topstory/hot-lists/total?limit=50&desktop=true
2025-09-27 17:09:24,150 [ERROR] 没有获取到热榜数据，退出。
2025-09-27 18:15:22,786 [ERROR] 请求失败：403 Client Error: Forbidden for url: https://www.zhihu.com/api/v4/search/top_search
2025-09-27 18:15:22,786 [ERROR] 没有获取到热搜数据，退出。
2025-09-27 18:15:23,322 [ERROR] 请求失败：401 Client Error: Authorization Required for url: https://www.zhihu.com/api/v3/feed/topstory/hot-lists/total?limit=50&desktop=true
2025-09-27 18:15:23,322 [ERROR] 没有获取到热榜数据，退出。
2025-09-27 19:08:53,943 [ERROR] 请求失败：403 Client Error: Forbidden for url: https://www.zhihu.com/api/v4/search/top_search
2025-09-27 19:08:53,943 [ERROR] 没有获取到热搜数据，退出。
2025-09-27 19:08:54,400 [ERROR] 请求失败：401 Client Error: Authorization Required for url: https://www.zhihu.com/api/v3/feed/topstory/hot-lists/total?limit=50&desktop=true
2025-09-27 19:08:54,400 [ERROR] 没有获取到热榜数据，退出。
2025-09-27 20:12:37,211 [ERROR] 请求失败：403 Client Error: Forbidden for url: https://www.zhihu.com/api/v4/search/top_search
2025-09-27 20:12:37,211 [ERROR] 没有获取到热搜数据，退出。
2025-09-27 20:12:37,557 [ERROR] 请求失败：401 Client Error: Authorization Required for url: https://www.zhihu.com/api/v3/feed/topstory/hot-lists/total?limit=50&desktop=true
2025-09-27 20:12:37,557 [ERROR] 没有获取到热榜数据，退出。
2025-09-27 21:10:01,603 [ERROR] 请求失败：403 Client Error: Forbidden for url: https://www.zhihu.com/api/v4/search/top_search
2025-09-27 21:10:01,603 [ERROR] 没有获取到热搜数据，退出。
2025-09-27 21:10:02,174 [ERROR] 请求失败：401 Client Error: Authorization Required for url: https://www.zhihu.com/api/v3/feed/topstory/hot-lists/total?limit=50&desktop=true
2025-09-27 21:10:02,175 [ERROR] 没有获取到热榜数据，退出。
