2025-12-24 01:06:46,062 [INFO] 成功写入 10 条热搜到 hotresearch/2025_12_24/2025_12_24_1.txt
2025-12-24 01:06:46,551 [ERROR] 请求失败：403 Client Error: Forbidden for url: https://www.zhihu.com/api/v3/feed/topstory/hot-lists/total?limit=50&desktop=true
2025-12-24 01:06:46,551 [ERROR] 没有获取到热榜数据，退出。
2025-12-24 03:18:10,011 [INFO] 成功写入 10 条热搜到 hotresearch/2025_12_24/2025_12_24_3.txt
2025-12-24 03:18:10,525 [ERROR] 请求失败：403 Client Error: Forbidden for url: https://www.zhihu.com/api/v3/feed/topstory/hot-lists/total?limit=50&desktop=true
2025-12-24 03:18:10,525 [ERROR] 没有获取到热榜数据，退出。
2025-12-24 04:30:04,406 [INFO] 成功写入 10 条热搜到 hotresearch/2025_12_24/2025_12_24_4.txt
2025-12-24 04:30:04,913 [ERROR] 请求失败：403 Client Error: Forbidden for url: https://www.zhihu.com/api/v3/feed/topstory/hot-lists/total?limit=50&desktop=true
2025-12-24 04:30:04,913 [ERROR] 没有获取到热榜数据，退出。
2025-12-24 05:18:16,074 [INFO] 成功写入 10 条热搜到 hotresearch/2025_12_24/2025_12_24_5.txt
2025-12-24 05:18:16,582 [ERROR] 请求失败：401 Client Error: Authorization Required for url: https://www.zhihu.com/api/v3/feed/topstory/hot-lists/total?limit=50&desktop=true
2025-12-24 05:18:16,582 [ERROR] 没有获取到热榜数据，退出。
2025-12-24 06:22:55,211 [ERROR] 请求失败：403 Client Error: Forbidden for url: https://www.zhihu.com/api/v4/search/top_search
2025-12-24 06:22:55,211 [ERROR] 没有获取到热搜数据，退出。
2025-12-24 06:22:55,672 [ERROR] 请求失败：401 Client Error: Authorization Required for url: https://www.zhihu.com/api/v3/feed/topstory/hot-lists/total?limit=50&desktop=true
2025-12-24 06:22:55,673 [ERROR] 没有获取到热榜数据，退出。
2025-12-24 07:18:20,773 [INFO] 成功写入 10 条热搜到 hotresearch/2025_12_24/2025_12_24_7.txt
2025-12-24 07:18:21,254 [ERROR] 请求失败：403 Client Error: Forbidden for url: https://www.zhihu.com/api/v3/feed/topstory/hot-lists/total?limit=50&desktop=true
2025-12-24 07:18:21,254 [ERROR] 没有获取到热榜数据，退出。
2025-12-24 08:20:12,207 [INFO] 成功写入 10 条热搜到 hotresearch/2025_12_24/2025_12_24_8.txt
2025-12-24 08:20:12,770 [ERROR] 请求失败：403 Client Error: Forbidden for url: https://www.zhihu.com/api/v3/feed/topstory/hot-lists/total?limit=50&desktop=true
2025-12-24 08:20:12,770 [ERROR] 没有获取到热榜数据，退出。
2025-12-24 09:17:50,334 [INFO] 成功写入 10 条热搜到 hotresearch/2025_12_24/2025_12_24_9.txt
2025-12-24 09:17:50,814 [ERROR] 请求失败：401 Client Error: Authorization Required for url: https://www.zhihu.com/api/v3/feed/topstory/hot-lists/total?limit=50&desktop=true
2025-12-24 09:17:50,814 [ERROR] 没有获取到热榜数据，退出。
2025-12-24 10:15:12,484 [INFO] 成功写入 10 条热搜到 hotresearch/2025_12_24/2025_12_24_10.txt
2025-12-24 10:15:12,829 [ERROR] 请求失败：401 Client Error: Authorization Required for url: https://www.zhihu.com/api/v3/feed/topstory/hot-lists/total?limit=50&desktop=true
2025-12-24 10:15:12,830 [ERROR] 没有获取到热榜数据，退出。
2025-12-24 11:13:07,373 [INFO] 成功写入 10 条热搜到 hotresearch/2025_12_24/2025_12_24_11.txt
2025-12-24 11:13:07,725 [ERROR] 请求失败：401 Client Error: Authorization Required for url: https://www.zhihu.com/api/v3/feed/topstory/hot-lists/total?limit=50&desktop=true
2025-12-24 11:13:07,725 [ERROR] 没有获取到热榜数据，退出。
2025-12-24 12:28:42,479 [INFO] 成功写入 10 条热搜到 hotresearch/2025_12_24/2025_12_24_12.txt
2025-12-24 12:28:43,289 [ERROR] 请求失败：403 Client Error: Forbidden for url: https://www.zhihu.com/api/v3/feed/topstory/hot-lists/total?limit=50&desktop=true
2025-12-24 12:28:43,289 [ERROR] 没有获取到热榜数据，退出。
2025-12-24 13:27:29,312 [INFO] 成功写入 10 条热搜到 hotresearch/2025_12_24/2025_12_24_13.txt
2025-12-24 13:27:29,778 [ERROR] 请求失败：403 Client Error: Forbidden for url: https://www.zhihu.com/api/v3/feed/topstory/hot-lists/total?limit=50&desktop=true
2025-12-24 13:27:29,778 [ERROR] 没有获取到热榜数据，退出。
2025-12-24 14:13:42,223 [INFO] 成功写入 10 条热搜到 hotresearch/2025_12_24/2025_12_24_14.txt
2025-12-24 14:13:42,701 [ERROR] 请求失败：401 Client Error: Authorization Required for url: https://www.zhihu.com/api/v3/feed/topstory/hot-lists/total?limit=50&desktop=true
2025-12-24 14:13:42,701 [ERROR] 没有获取到热榜数据，退出。
