2025-05-02 01:02:15,710 [ERROR] 请求失败：403 Client Error: Forbidden for url: https://www.zhihu.com/api/v4/search/top_search
2025-05-02 01:02:15,710 [ERROR] 没有获取到热搜数据，退出。
2025-05-02 01:02:16,185 [ERROR] 请求失败：403 Client Error: Forbidden for url: https://www.zhihu.com/api/v3/feed/topstory/hot-lists/total?limit=50&desktop=true
2025-05-02 01:02:16,185 [ERROR] 没有获取到热榜数据，退出。
2025-05-02 03:03:27,958 [ERROR] 请求失败：403 Client Error: Forbidden for url: https://www.zhihu.com/api/v4/search/top_search
2025-05-02 03:03:27,958 [ERROR] 没有获取到热搜数据，退出。
2025-05-02 03:03:28,420 [ERROR] 请求失败：403 Client Error: Forbidden for url: https://www.zhihu.com/api/v3/feed/topstory/hot-lists/total?limit=50&desktop=true
2025-05-02 03:03:28,420 [ERROR] 没有获取到热榜数据，退出。
2025-05-02 04:15:21,267 [ERROR] 请求失败：403 Client Error: Forbidden for url: https://www.zhihu.com/api/v4/search/top_search
2025-05-02 04:15:21,267 [ERROR] 没有获取到热搜数据，退出。
2025-05-02 04:15:21,829 [ERROR] 请求失败：403 Client Error: Forbidden for url: https://www.zhihu.com/api/v3/feed/topstory/hot-lists/total?limit=50&desktop=true
2025-05-02 04:15:21,829 [ERROR] 没有获取到热榜数据，退出。
2025-05-02 05:13:07,306 [ERROR] 请求失败：403 Client Error: Forbidden for url: https://www.zhihu.com/api/v4/search/top_search
2025-05-02 05:13:07,306 [ERROR] 没有获取到热搜数据，退出。
2025-05-02 05:13:07,816 [ERROR] 请求失败：403 Client Error: Forbidden for url: https://www.zhihu.com/api/v3/feed/topstory/hot-lists/total?limit=50&desktop=true
2025-05-02 05:13:07,816 [ERROR] 没有获取到热榜数据，退出。
2025-05-02 06:17:59,596 [ERROR] 请求失败：403 Client Error: Forbidden for url: https://www.zhihu.com/api/v4/search/top_search
2025-05-02 06:17:59,596 [ERROR] 没有获取到热搜数据，退出。
2025-05-02 06:18:00,138 [INFO] 成功写入 30 条热榜到 hotquestion/2025_5_2/2025_5_2_6.txt
2025-05-02 07:12:52,585 [ERROR] 请求失败：403 Client Error: Forbidden for url: https://www.zhihu.com/api/v4/search/top_search
2025-05-02 07:12:52,585 [ERROR] 没有获取到热搜数据，退出。
2025-05-02 07:12:53,145 [INFO] 成功写入 30 条热榜到 hotquestion/2025_5_2/2025_5_2_7.txt
2025-05-02 08:16:47,309 [ERROR] 请求失败：403 Client Error: Forbidden for url: https://www.zhihu.com/api/v4/search/top_search
2025-05-02 08:16:47,309 [ERROR] 没有获取到热搜数据，退出。
2025-05-02 08:16:47,887 [INFO] 成功写入 30 条热榜到 hotquestion/2025_5_2/2025_5_2_8.txt
2025-05-02 09:13:22,407 [ERROR] 请求失败：403 Client Error: Forbidden for url: https://www.zhihu.com/api/v4/search/top_search
2025-05-02 09:13:22,408 [ERROR] 没有获取到热搜数据，退出。
2025-05-02 09:13:22,855 [ERROR] 请求失败：403 Client Error: Forbidden for url: https://www.zhihu.com/api/v3/feed/topstory/hot-lists/total?limit=50&desktop=true
2025-05-02 09:13:22,855 [ERROR] 没有获取到热榜数据，退出。
2025-05-02 10:13:20,093 [ERROR] 请求失败：403 Client Error: Forbidden for url: https://www.zhihu.com/api/v4/search/top_search
2025-05-02 10:13:20,093 [ERROR] 没有获取到热搜数据，退出。
2025-05-02 10:13:20,665 [ERROR] 请求失败：403 Client Error: Forbidden for url: https://www.zhihu.com/api/v3/feed/topstory/hot-lists/total?limit=50&desktop=true
2025-05-02 10:13:20,665 [ERROR] 没有获取到热榜数据，退出。
2025-05-02 11:10:38,840 [INFO] 成功写入 10 条热搜到 hotresearch/2025_5_2/2025_5_2_11.txt
2025-05-02 11:10:39,432 [INFO] 成功写入 30 条热榜到 hotquestion/2025_5_2/2025_5_2_11.txt
2025-05-02 12:24:21,062 [ERROR] 请求失败：403 Client Error: Forbidden for url: https://www.zhihu.com/api/v4/search/top_search
2025-05-02 12:24:21,062 [ERROR] 没有获取到热搜数据，退出。
2025-05-02 12:24:21,631 [ERROR] 请求失败：403 Client Error: Forbidden for url: https://www.zhihu.com/api/v3/feed/topstory/hot-lists/total?limit=50&desktop=true
2025-05-02 12:24:21,631 [ERROR] 没有获取到热榜数据，退出。
2025-05-02 13:22:58,413 [ERROR] 请求失败：403 Client Error: Forbidden for url: https://www.zhihu.com/api/v4/search/top_search
2025-05-02 13:22:58,413 [ERROR] 没有获取到热搜数据，退出。
2025-05-02 13:22:58,994 [INFO] 成功写入 30 条热榜到 hotquestion/2025_5_2/2025_5_2_13.txt
2025-05-02 14:12:26,316 [ERROR] 请求失败：403 Client Error: Forbidden for url: https://www.zhihu.com/api/v4/search/top_search
2025-05-02 14:12:26,316 [ERROR] 没有获取到热搜数据，退出。
2025-05-02 14:12:26,840 [INFO] 成功写入 30 条热榜到 hotquestion/2025_5_2/2025_5_2_14.txt
2025-05-02 15:12:57,184 [ERROR] 请求失败：403 Client Error: Forbidden for url: https://www.zhihu.com/api/v4/search/top_search
2025-05-02 15:12:57,185 [ERROR] 没有获取到热搜数据，退出。
2025-05-02 15:12:57,729 [INFO] 成功写入 30 条热榜到 hotquestion/2025_5_2/2025_5_2_15.txt
2025-05-02 16:15:16,841 [ERROR] 请求失败：403 Client Error: Forbidden for url: https://www.zhihu.com/api/v4/search/top_search
2025-05-02 16:15:16,841 [ERROR] 没有获取到热搜数据，退出。
2025-05-02 16:15:17,445 [INFO] 成功写入 30 条热榜到 hotquestion/2025_5_2/2025_5_2_16.txt
2025-05-02 17:11:28,707 [ERROR] 请求失败：403 Client Error: Forbidden for url: https://www.zhihu.com/api/v4/search/top_search
2025-05-02 17:11:28,707 [ERROR] 没有获取到热搜数据，退出。
2025-05-02 17:11:29,175 [ERROR] 请求失败：403 Client Error: Forbidden for url: https://www.zhihu.com/api/v3/feed/topstory/hot-lists/total?limit=50&desktop=true
2025-05-02 17:11:29,175 [ERROR] 没有获取到热榜数据，退出。
