2025-10-07 00:58:35,357 [ERROR] 请求失败：403 Client Error: Forbidden for url: https://www.zhihu.com/api/v4/search/top_search
2025-10-07 00:58:35,357 [ERROR] 没有获取到热搜数据，退出。
2025-10-07 00:58:35,873 [ERROR] 请求失败：403 Client Error: Forbidden for url: https://www.zhihu.com/api/v3/feed/topstory/hot-lists/total?limit=50&desktop=true
2025-10-07 00:58:35,873 [ERROR] 没有获取到热榜数据，退出。
2025-10-07 02:20:40,461 [ERROR] 请求失败：403 Client Error: Forbidden for url: https://www.zhihu.com/api/v4/search/top_search
2025-10-07 02:20:40,461 [ERROR] 没有获取到热搜数据，退出。
2025-10-07 02:20:40,974 [ERROR] 请求失败：403 Client Error: Forbidden for url: https://www.zhihu.com/api/v3/feed/topstory/hot-lists/total?limit=50&desktop=true
2025-10-07 02:20:40,974 [ERROR] 没有获取到热榜数据，退出。
2025-10-07 03:25:39,667 [ERROR] 请求失败：403 Client Error: Forbidden for url: https://www.zhihu.com/api/v4/search/top_search
2025-10-07 03:25:39,668 [ERROR] 没有获取到热搜数据，退出。
2025-10-07 03:25:40,110 [ERROR] 请求失败：403 Client Error: Forbidden for url: https://www.zhihu.com/api/v3/feed/topstory/hot-lists/total?limit=50&desktop=true
2025-10-07 03:25:40,111 [ERROR] 没有获取到热榜数据，退出。
2025-10-07 04:15:12,486 [ERROR] 请求失败：403 Client Error: Forbidden for url: https://www.zhihu.com/api/v4/search/top_search
2025-10-07 04:15:12,486 [ERROR] 没有获取到热搜数据，退出。
2025-10-07 04:15:12,961 [ERROR] 请求失败：401 Client Error: Authorization Required for url: https://www.zhihu.com/api/v3/feed/topstory/hot-lists/total?limit=50&desktop=true
2025-10-07 04:15:12,961 [ERROR] 没有获取到热榜数据，退出。
2025-10-07 05:12:17,892 [INFO] 成功写入 10 条热搜到 hotresearch/2025_10_7/2025_10_7_5.txt
2025-10-07 05:12:18,306 [ERROR] 请求失败：401 Client Error: Authorization Required for url: https://www.zhihu.com/api/v3/feed/topstory/hot-lists/total?limit=50&desktop=true
2025-10-07 05:12:18,306 [ERROR] 没有获取到热榜数据，退出。
2025-10-07 06:19:01,131 [ERROR] 请求失败：403 Client Error: Forbidden for url: https://www.zhihu.com/api/v4/search/top_search
2025-10-07 06:19:01,131 [ERROR] 没有获取到热搜数据，退出。
2025-10-07 06:19:01,813 [ERROR] 请求失败：401 Client Error: Authorization Required for url: https://www.zhihu.com/api/v3/feed/topstory/hot-lists/total?limit=50&desktop=true
2025-10-07 06:19:01,813 [ERROR] 没有获取到热榜数据，退出。
2025-10-07 07:12:45,759 [ERROR] 请求失败：403 Client Error: Forbidden for url: https://www.zhihu.com/api/v4/search/top_search
2025-10-07 07:12:45,759 [ERROR] 没有获取到热搜数据，退出。
2025-10-07 07:12:46,245 [ERROR] 请求失败：401 Client Error: Authorization Required for url: https://www.zhihu.com/api/v3/feed/topstory/hot-lists/total?limit=50&desktop=true
2025-10-07 07:12:46,245 [ERROR] 没有获取到热榜数据，退出。
2025-10-07 08:18:00,087 [WARNING] Retrying (Retry(total=4, connect=None, read=None, redirect=None, status=None)) after connection broken by 'NewConnectionError('<urllib3.connection.HTTPSConnection object at 0x7f15f951aa80>: Failed to establish a new connection: [Errno 101] Network is unreachable')': /api/v4/search/top_search
2025-10-07 08:18:12,099 [WARNING] Retrying (Retry(total=3, connect=None, read=None, redirect=None, status=None)) after connection broken by 'NewConnectionError('<urllib3.connection.HTTPSConnection object at 0x7f15f916eb40>: Failed to establish a new connection: [Errno 101] Network is unreachable')': /api/v4/search/top_search
2025-10-07 08:18:26,104 [WARNING] Retrying (Retry(total=2, connect=None, read=None, redirect=None, status=None)) after connection broken by 'NewConnectionError('<urllib3.connection.HTTPSConnection object at 0x7f15f916ec00>: Failed to establish a new connection: [Errno 101] Network is unreachable')': /api/v4/search/top_search
2025-10-07 08:18:44,110 [WARNING] Retrying (Retry(total=1, connect=None, read=None, redirect=None, status=None)) after connection broken by 'NewConnectionError('<urllib3.connection.HTTPSConnection object at 0x7f15f916ed50>: Failed to establish a new connection: [Errno 101] Network is unreachable')': /api/v4/search/top_search
2025-10-07 08:19:10,122 [WARNING] Retrying (Retry(total=0, connect=None, read=None, redirect=None, status=None)) after connection broken by 'NewConnectionError('<urllib3.connection.HTTPSConnection object at 0x7f15f916eea0>: Failed to establish a new connection: [Errno 101] Network is unreachable')': /api/v4/search/top_search
2025-10-07 08:19:20,296 [ERROR] 请求失败：HTTPSConnectionPool(host='www.zhihu.com', port=443): Max retries exceeded with url: /api/v4/search/top_search (Caused by NewConnectionError('<urllib3.connection.HTTPSConnection object at 0x7f15f916eff0>: Failed to establish a new connection: [Errno 101] Network is unreachable'))
2025-10-07 08:19:20,297 [ERROR] 没有获取到热搜数据，退出。
2025-10-07 08:19:30,415 [WARNING] Retrying (Retry(total=4, connect=None, read=None, redirect=None, status=None)) after connection broken by 'NewConnectionError('<urllib3.connection.HTTPSConnection object at 0x7f11e9954590>: Failed to establish a new connection: [Errno 101] Network is unreachable')': /api/v3/feed/topstory/hot-lists/total?limit=50&desktop=true
2025-10-07 08:19:42,423 [WARNING] Retrying (Retry(total=3, connect=None, read=None, redirect=None, status=None)) after connection broken by 'NewConnectionError('<urllib3.connection.HTTPSConnection object at 0x7f11e984ac30>: Failed to establish a new connection: [Errno 101] Network is unreachable')': /api/v3/feed/topstory/hot-lists/total?limit=50&desktop=true
2025-10-07 08:19:56,434 [WARNING] Retrying (Retry(total=2, connect=None, read=None, redirect=None, status=None)) after connection broken by 'NewConnectionError('<urllib3.connection.HTTPSConnection object at 0x7f11e984aea0>: Failed to establish a new connection: [Errno 101] Network is unreachable')': /api/v3/feed/topstory/hot-lists/total?limit=50&desktop=true
2025-10-07 08:20:14,442 [WARNING] Retrying (Retry(total=1, connect=None, read=None, redirect=None, status=None)) after connection broken by 'NewConnectionError('<urllib3.connection.HTTPSConnection object at 0x7f11e984aff0>: Failed to establish a new connection: [Errno 101] Network is unreachable')': /api/v3/feed/topstory/hot-lists/total?limit=50&desktop=true
2025-10-07 08:20:40,556 [WARNING] Retrying (Retry(total=0, connect=None, read=None, redirect=None, status=None)) after connection broken by 'NewConnectionError('<urllib3.connection.HTTPSConnection object at 0x7f11e984b140>: Failed to establish a new connection: [Errno 101] Network is unreachable')': /api/v3/feed/topstory/hot-lists/total?limit=50&desktop=true
2025-10-07 08:20:50,564 [ERROR] 请求失败：HTTPSConnectionPool(host='www.zhihu.com', port=443): Max retries exceeded with url: /api/v3/feed/topstory/hot-lists/total?limit=50&desktop=true (Caused by NewConnectionError('<urllib3.connection.HTTPSConnection object at 0x7f11e984b290>: Failed to establish a new connection: [Errno 101] Network is unreachable'))
2025-10-07 08:20:50,564 [ERROR] 没有获取到热榜数据，退出。
2025-10-07 09:13:54,015 [ERROR] 请求失败：403 Client Error: Forbidden for url: https://www.zhihu.com/api/v4/search/top_search
2025-10-07 09:13:54,015 [ERROR] 没有获取到热搜数据，退出。
2025-10-07 09:13:54,460 [ERROR] 请求失败：401 Client Error: Authorization Required for url: https://www.zhihu.com/api/v3/feed/topstory/hot-lists/total?limit=50&desktop=true
2025-10-07 09:13:54,460 [ERROR] 没有获取到热榜数据，退出。
2025-10-07 10:13:22,495 [ERROR] 请求失败：403 Client Error: Forbidden for url: https://www.zhihu.com/api/v4/search/top_search
2025-10-07 10:13:22,495 [ERROR] 没有获取到热搜数据，退出。
2025-10-07 10:13:22,835 [ERROR] 请求失败：401 Client Error: Authorization Required for url: https://www.zhihu.com/api/v3/feed/topstory/hot-lists/total?limit=50&desktop=true
2025-10-07 10:13:22,835 [ERROR] 没有获取到热榜数据，退出。
2025-10-07 11:10:48,742 [ERROR] 请求失败：403 Client Error: Forbidden for url: https://www.zhihu.com/api/v4/search/top_search
2025-10-07 11:10:48,742 [ERROR] 没有获取到热搜数据，退出。
2025-10-07 11:10:49,269 [ERROR] 请求失败：401 Client Error: Authorization Required for url: https://www.zhihu.com/api/v3/feed/topstory/hot-lists/total?limit=50&desktop=true
2025-10-07 11:10:49,269 [ERROR] 没有获取到热榜数据，退出。
2025-10-07 12:26:47,762 [ERROR] 请求失败：403 Client Error: Forbidden for url: https://www.zhihu.com/api/v4/search/top_search
2025-10-07 12:26:47,762 [ERROR] 没有获取到热搜数据，退出。
2025-10-07 12:26:48,231 [ERROR] 请求失败：403 Client Error: Forbidden for url: https://www.zhihu.com/api/v3/feed/topstory/hot-lists/total?limit=50&desktop=true
2025-10-07 12:26:48,231 [ERROR] 没有获取到热榜数据，退出。
2025-10-07 13:23:50,516 [ERROR] 请求失败：403 Client Error: Forbidden for url: https://www.zhihu.com/api/v4/search/top_search
2025-10-07 13:23:50,516 [ERROR] 没有获取到热搜数据，退出。
2025-10-07 13:23:50,969 [ERROR] 请求失败：401 Client Error: Authorization Required for url: https://www.zhihu.com/api/v3/feed/topstory/hot-lists/total?limit=50&desktop=true
2025-10-07 13:23:50,969 [ERROR] 没有获取到热榜数据，退出。
