2025-08-29 01:00:04,562 [ERROR] 请求失败：403 Client Error: Forbidden for url: https://www.zhihu.com/api/v4/search/top_search
2025-08-29 01:00:04,562 [ERROR] 没有获取到热搜数据，退出。
2025-08-29 01:00:05,034 [ERROR] 请求失败：401 Client Error: Authorization Required for url: https://www.zhihu.com/api/v3/feed/topstory/hot-lists/total?limit=50&desktop=true
2025-08-29 01:00:05,034 [ERROR] 没有获取到热榜数据，退出。
2025-08-29 02:35:43,811 [ERROR] 请求失败：403 Client Error: Forbidden for url: https://www.zhihu.com/api/v4/search/top_search
2025-08-29 02:35:43,811 [ERROR] 没有获取到热搜数据，退出。
2025-08-29 02:35:44,329 [ERROR] 请求失败：403 Client Error: Forbidden for url: https://www.zhihu.com/api/v3/feed/topstory/hot-lists/total?limit=50&desktop=true
2025-08-29 02:35:44,329 [ERROR] 没有获取到热榜数据，退出。
2025-08-29 03:30:25,408 [ERROR] 请求失败：403 Client Error: Forbidden for url: https://www.zhihu.com/api/v4/search/top_search
2025-08-29 03:30:25,408 [ERROR] 没有获取到热搜数据，退出。
2025-08-29 03:30:26,103 [ERROR] 请求失败：403 Client Error: Forbidden for url: https://www.zhihu.com/api/v3/feed/topstory/hot-lists/total?limit=50&desktop=true
2025-08-29 03:30:26,103 [ERROR] 没有获取到热榜数据，退出。
2025-08-29 04:15:30,606 [ERROR] 请求失败：403 Client Error: Forbidden for url: https://www.zhihu.com/api/v4/search/top_search
2025-08-29 04:15:30,606 [ERROR] 没有获取到热搜数据，退出。
2025-08-29 04:15:31,081 [ERROR] 请求失败：403 Client Error: Forbidden for url: https://www.zhihu.com/api/v3/feed/topstory/hot-lists/total?limit=50&desktop=true
2025-08-29 04:15:31,081 [ERROR] 没有获取到热榜数据，退出。
2025-08-29 05:12:31,033 [ERROR] 请求失败：403 Client Error: Forbidden for url: https://www.zhihu.com/api/v4/search/top_search
2025-08-29 05:12:31,033 [ERROR] 没有获取到热搜数据，退出。
2025-08-29 05:12:31,649 [ERROR] 请求失败：403 Client Error: Forbidden for url: https://www.zhihu.com/api/v3/feed/topstory/hot-lists/total?limit=50&desktop=true
2025-08-29 05:12:31,649 [ERROR] 没有获取到热榜数据，退出。
2025-08-29 06:19:17,143 [ERROR] 请求失败：403 Client Error: Forbidden for url: https://www.zhihu.com/api/v4/search/top_search
2025-08-29 06:19:17,143 [ERROR] 没有获取到热搜数据，退出。
2025-08-29 06:19:17,485 [ERROR] 请求失败：401 Client Error: Authorization Required for url: https://www.zhihu.com/api/v3/feed/topstory/hot-lists/total?limit=50&desktop=true
2025-08-29 06:19:17,485 [ERROR] 没有获取到热榜数据，退出。
2025-08-29 07:12:26,726 [ERROR] 请求失败：403 Client Error: Forbidden for url: https://www.zhihu.com/api/v4/search/top_search
2025-08-29 07:12:26,726 [ERROR] 没有获取到热搜数据，退出。
2025-08-29 07:12:27,267 [ERROR] 请求失败：403 Client Error: Forbidden for url: https://www.zhihu.com/api/v3/feed/topstory/hot-lists/total?limit=50&desktop=true
2025-08-29 07:12:27,268 [ERROR] 没有获取到热榜数据，退出。
2025-08-29 08:16:30,935 [ERROR] 请求失败：403 Client Error: Forbidden for url: https://www.zhihu.com/api/v4/search/top_search
2025-08-29 08:16:30,935 [ERROR] 没有获取到热搜数据，退出。
2025-08-29 08:16:31,313 [ERROR] 请求失败：401 Client Error: Authorization Required for url: https://www.zhihu.com/api/v3/feed/topstory/hot-lists/total?limit=50&desktop=true
2025-08-29 08:16:31,313 [ERROR] 没有获取到热榜数据，退出。
2025-08-29 09:13:27,509 [INFO] 成功写入 10 条热搜到 hotresearch/2025_8_29/2025_8_29_9.txt
2025-08-29 09:13:27,867 [ERROR] 请求失败：401 Client Error: Authorization Required for url: https://www.zhihu.com/api/v3/feed/topstory/hot-lists/total?limit=50&desktop=true
2025-08-29 09:13:27,867 [ERROR] 没有获取到热榜数据，退出。
