2025-10-02 00:57:51,528 [ERROR] 请求失败：403 Client Error: Forbidden for url: https://www.zhihu.com/api/v4/search/top_search
2025-10-02 00:57:51,528 [ERROR] 没有获取到热搜数据，退出。
2025-10-02 00:57:51,877 [ERROR] 请求失败：401 Client Error: Authorization Required for url: https://www.zhihu.com/api/v3/feed/topstory/hot-lists/total?limit=50&desktop=true
2025-10-02 00:57:51,877 [ERROR] 没有获取到热榜数据，退出。
2025-10-02 02:19:15,532 [ERROR] 请求失败：403 Client Error: Forbidden for url: https://www.zhihu.com/api/v4/search/top_search
2025-10-02 02:19:15,532 [ERROR] 没有获取到热搜数据，退出。
2025-10-02 02:19:15,947 [ERROR] 请求失败：401 Client Error: Authorization Required for url: https://www.zhihu.com/api/v3/feed/topstory/hot-lists/total?limit=50&desktop=true
2025-10-02 02:19:15,947 [ERROR] 没有获取到热榜数据，退出。
2025-10-02 03:24:08,672 [ERROR] 请求失败：403 Client Error: Forbidden for url: https://www.zhihu.com/api/v4/search/top_search
2025-10-02 03:24:08,672 [ERROR] 没有获取到热搜数据，退出。
2025-10-02 03:24:09,073 [ERROR] 请求失败：401 Client Error: Authorization Required for url: https://www.zhihu.com/api/v3/feed/topstory/hot-lists/total?limit=50&desktop=true
2025-10-02 03:24:09,073 [ERROR] 没有获取到热榜数据，退出。
2025-10-02 04:14:31,668 [ERROR] 请求失败：403 Client Error: Forbidden for url: https://www.zhihu.com/api/v4/search/top_search
2025-10-02 04:14:31,668 [ERROR] 没有获取到热搜数据，退出。
2025-10-02 04:14:32,115 [ERROR] 请求失败：401 Client Error: Authorization Required for url: https://www.zhihu.com/api/v3/feed/topstory/hot-lists/total?limit=50&desktop=true
2025-10-02 04:14:32,115 [ERROR] 没有获取到热榜数据，退出。
2025-10-02 05:11:41,650 [ERROR] 请求失败：403 Client Error: Forbidden for url: https://www.zhihu.com/api/v4/search/top_search
2025-10-02 05:11:41,650 [ERROR] 没有获取到热搜数据，退出。
2025-10-02 05:11:42,032 [ERROR] 请求失败：401 Client Error: Authorization Required for url: https://www.zhihu.com/api/v3/feed/topstory/hot-lists/total?limit=50&desktop=true
2025-10-02 05:11:42,032 [ERROR] 没有获取到热榜数据，退出。
2025-10-02 06:18:54,754 [ERROR] 请求失败：403 Client Error: Forbidden for url: https://www.zhihu.com/api/v4/search/top_search
2025-10-02 06:18:54,754 [ERROR] 没有获取到热搜数据，退出。
2025-10-02 06:18:55,206 [ERROR] 请求失败：401 Client Error: Authorization Required for url: https://www.zhihu.com/api/v3/feed/topstory/hot-lists/total?limit=50&desktop=true
2025-10-02 06:18:55,206 [ERROR] 没有获取到热榜数据，退出。
2025-10-02 07:12:05,902 [ERROR] 请求失败：403 Client Error: Forbidden for url: https://www.zhihu.com/api/v4/search/top_search
2025-10-02 07:12:05,902 [ERROR] 没有获取到热搜数据，退出。
2025-10-02 07:12:06,484 [ERROR] 请求失败：401 Client Error: Authorization Required for url: https://www.zhihu.com/api/v3/feed/topstory/hot-lists/total?limit=50&desktop=true
2025-10-02 07:12:06,484 [ERROR] 没有获取到热榜数据，退出。
2025-10-02 08:16:51,050 [ERROR] 请求失败：403 Client Error: Forbidden for url: https://www.zhihu.com/api/v4/search/top_search
2025-10-02 08:16:51,050 [ERROR] 没有获取到热搜数据，退出。
2025-10-02 08:16:51,530 [ERROR] 请求失败：403 Client Error: Forbidden for url: https://www.zhihu.com/api/v3/feed/topstory/hot-lists/total?limit=50&desktop=true
2025-10-02 08:16:51,530 [ERROR] 没有获取到热榜数据，退出。
2025-10-02 09:13:20,415 [ERROR] 请求失败：403 Client Error: Forbidden for url: https://www.zhihu.com/api/v4/search/top_search
2025-10-02 09:13:20,415 [ERROR] 没有获取到热搜数据，退出。
2025-10-02 09:13:20,760 [ERROR] 请求失败：401 Client Error: Authorization Required for url: https://www.zhihu.com/api/v3/feed/topstory/hot-lists/total?limit=50&desktop=true
2025-10-02 09:13:20,760 [ERROR] 没有获取到热榜数据，退出。
2025-10-02 10:12:18,733 [ERROR] 请求失败：403 Client Error: Forbidden for url: https://www.zhihu.com/api/v4/search/top_search
2025-10-02 10:12:18,733 [ERROR] 没有获取到热搜数据，退出。
2025-10-02 10:12:19,176 [ERROR] 请求失败：403 Client Error: Forbidden for url: https://www.zhihu.com/api/v3/feed/topstory/hot-lists/total?limit=50&desktop=true
2025-10-02 10:12:19,177 [ERROR] 没有获取到热榜数据，退出。
2025-10-02 11:10:14,133 [ERROR] 请求失败：403 Client Error: Forbidden for url: https://www.zhihu.com/api/v4/search/top_search
2025-10-02 11:10:14,133 [ERROR] 没有获取到热搜数据，退出。
2025-10-02 11:10:14,542 [ERROR] 请求失败：401 Client Error: Authorization Required for url: https://www.zhihu.com/api/v3/feed/topstory/hot-lists/total?limit=50&desktop=true
2025-10-02 11:10:14,542 [ERROR] 没有获取到热榜数据，退出。
2025-10-02 12:24:08,953 [ERROR] 请求失败：403 Client Error: Forbidden for url: https://www.zhihu.com/api/v4/search/top_search
2025-10-02 12:24:08,953 [ERROR] 没有获取到热搜数据，退出。
2025-10-02 12:24:09,364 [ERROR] 请求失败：401 Client Error: Authorization Required for url: https://www.zhihu.com/api/v3/feed/topstory/hot-lists/total?limit=50&desktop=true
2025-10-02 12:24:09,364 [ERROR] 没有获取到热榜数据，退出。
2025-10-02 13:21:39,975 [ERROR] 请求失败：403 Client Error: Forbidden for url: https://www.zhihu.com/api/v4/search/top_search
2025-10-02 13:21:39,976 [ERROR] 没有获取到热搜数据，退出。
2025-10-02 13:21:40,367 [ERROR] 请求失败：401 Client Error: Authorization Required for url: https://www.zhihu.com/api/v3/feed/topstory/hot-lists/total?limit=50&desktop=true
2025-10-02 13:21:40,367 [ERROR] 没有获取到热榜数据，退出。
