2025-05-17 01:02:24,829 [ERROR] 请求失败：403 Client Error: Forbidden for url: https://www.zhihu.com/api/v4/search/top_search
2025-05-17 01:02:24,829 [ERROR] 没有获取到热搜数据，退出。
2025-05-17 01:02:25,314 [ERROR] 请求失败：403 Client Error: Forbidden for url: https://www.zhihu.com/api/v3/feed/topstory/hot-lists/total?limit=50&desktop=true
2025-05-17 01:02:25,314 [ERROR] 没有获取到热榜数据，退出。
2025-05-17 03:02:03,445 [ERROR] 请求失败：403 Client Error: Forbidden for url: https://www.zhihu.com/api/v4/search/top_search
2025-05-17 03:02:03,445 [ERROR] 没有获取到热搜数据，退出。
2025-05-17 03:02:03,951 [ERROR] 请求失败：403 Client Error: Forbidden for url: https://www.zhihu.com/api/v3/feed/topstory/hot-lists/total?limit=50&desktop=true
2025-05-17 03:02:03,951 [ERROR] 没有获取到热榜数据，退出。
2025-05-17 04:15:10,114 [ERROR] 请求失败：403 Client Error: Forbidden for url: https://www.zhihu.com/api/v4/search/top_search
2025-05-17 04:15:10,115 [ERROR] 没有获取到热搜数据，退出。
2025-05-17 04:15:10,656 [ERROR] 请求失败：401 Client Error: Authorization Required for url: https://www.zhihu.com/api/v3/feed/topstory/hot-lists/total?limit=50&desktop=true
2025-05-17 04:15:10,657 [ERROR] 没有获取到热榜数据，退出。
2025-05-17 05:12:01,649 [ERROR] 请求失败：403 Client Error: Forbidden for url: https://www.zhihu.com/api/v4/search/top_search
2025-05-17 05:12:01,649 [ERROR] 没有获取到热搜数据，退出。
2025-05-17 05:12:02,139 [ERROR] 请求失败：403 Client Error: Forbidden for url: https://www.zhihu.com/api/v3/feed/topstory/hot-lists/total?limit=50&desktop=true
2025-05-17 05:12:02,139 [ERROR] 没有获取到热榜数据，退出。
2025-05-17 06:16:40,717 [ERROR] 请求失败：403 Client Error: Forbidden for url: https://www.zhihu.com/api/v4/search/top_search
2025-05-17 06:16:40,717 [ERROR] 没有获取到热搜数据，退出。
2025-05-17 06:16:41,280 [ERROR] 请求失败：403 Client Error: Forbidden for url: https://www.zhihu.com/api/v3/feed/topstory/hot-lists/total?limit=50&desktop=true
2025-05-17 06:16:41,280 [ERROR] 没有获取到热榜数据，退出。
2025-05-17 07:11:29,163 [ERROR] 请求失败：403 Client Error: Forbidden for url: https://www.zhihu.com/api/v4/search/top_search
2025-05-17 07:11:29,164 [ERROR] 没有获取到热搜数据，退出。
2025-05-17 07:11:29,691 [ERROR] 请求失败：403 Client Error: Forbidden for url: https://www.zhihu.com/api/v3/feed/topstory/hot-lists/total?limit=50&desktop=true
2025-05-17 07:11:29,691 [ERROR] 没有获取到热榜数据，退出。
2025-05-17 08:15:13,179 [ERROR] 请求失败：403 Client Error: Forbidden for url: https://www.zhihu.com/api/v4/search/top_search
2025-05-17 08:15:13,179 [ERROR] 没有获取到热搜数据，退出。
2025-05-17 08:15:13,631 [ERROR] 请求失败：403 Client Error: Forbidden for url: https://www.zhihu.com/api/v3/feed/topstory/hot-lists/total?limit=50&desktop=true
2025-05-17 08:15:13,631 [ERROR] 没有获取到热榜数据，退出。
2025-05-17 09:12:15,009 [ERROR] 请求失败：403 Client Error: Forbidden for url: https://www.zhihu.com/api/v4/search/top_search
2025-05-17 09:12:15,009 [ERROR] 没有获取到热搜数据，退出。
2025-05-17 09:12:15,474 [ERROR] 请求失败：401 Client Error: Authorization Required for url: https://www.zhihu.com/api/v3/feed/topstory/hot-lists/total?limit=50&desktop=true
2025-05-17 09:12:15,474 [ERROR] 没有获取到热榜数据，退出。
2025-05-17 10:12:47,078 [ERROR] 请求失败：403 Client Error: Forbidden for url: https://www.zhihu.com/api/v4/search/top_search
2025-05-17 10:12:47,078 [ERROR] 没有获取到热搜数据，退出。
2025-05-17 10:12:47,666 [ERROR] 请求失败：403 Client Error: Forbidden for url: https://www.zhihu.com/api/v3/feed/topstory/hot-lists/total?limit=50&desktop=true
2025-05-17 10:12:47,666 [ERROR] 没有获取到热榜数据，退出。
2025-05-17 11:09:55,591 [ERROR] 请求失败：403 Client Error: Forbidden for url: https://www.zhihu.com/api/v4/search/top_search
2025-05-17 11:09:55,591 [ERROR] 没有获取到热搜数据，退出。
2025-05-17 11:09:56,072 [ERROR] 请求失败：401 Client Error: Authorization Required for url: https://www.zhihu.com/api/v3/feed/topstory/hot-lists/total?limit=50&desktop=true
2025-05-17 11:09:56,072 [ERROR] 没有获取到热榜数据，退出。
