2025-08-16 01:03:45,247 [ERROR] 请求失败：403 Client Error: Forbidden for url: https://www.zhihu.com/api/v4/search/top_search
2025-08-16 01:03:45,247 [ERROR] 没有获取到热搜数据，退出。
2025-08-16 01:03:45,653 [ERROR] 请求失败：401 Client Error: Authorization Required for url: https://www.zhihu.com/api/v3/feed/topstory/hot-lists/total?limit=50&desktop=true
2025-08-16 01:03:45,653 [ERROR] 没有获取到热榜数据，退出。
2025-08-16 03:09:49,667 [ERROR] 请求失败：403 Client Error: Forbidden for url: https://www.zhihu.com/api/v4/search/top_search
2025-08-16 03:09:49,667 [ERROR] 没有获取到热搜数据，退出。
2025-08-16 03:09:50,138 [ERROR] 请求失败：401 Client Error: Authorization Required for url: https://www.zhihu.com/api/v3/feed/topstory/hot-lists/total?limit=50&desktop=true
2025-08-16 03:09:50,138 [ERROR] 没有获取到热榜数据，退出。
2025-08-16 04:18:07,391 [ERROR] 请求失败：403 Client Error: Forbidden for url: https://www.zhihu.com/api/v4/search/top_search
2025-08-16 04:18:07,392 [ERROR] 没有获取到热搜数据，退出。
2025-08-16 04:18:08,233 [ERROR] 请求失败：403 Client Error: Forbidden for url: https://www.zhihu.com/api/v3/feed/topstory/hot-lists/total?limit=50&desktop=true
2025-08-16 04:18:08,234 [ERROR] 没有获取到热榜数据，退出。
2025-08-16 05:12:55,447 [INFO] 成功写入 10 条热搜到 hotresearch/2025_8_16/2025_8_16_5.txt
2025-08-16 05:12:55,906 [ERROR] 请求失败：401 Client Error: Authorization Required for url: https://www.zhihu.com/api/v3/feed/topstory/hot-lists/total?limit=50&desktop=true
2025-08-16 05:12:55,906 [ERROR] 没有获取到热榜数据，退出。
2025-08-16 06:18:22,307 [INFO] 成功写入 10 条热搜到 hotresearch/2025_8_16/2025_8_16_6.txt
2025-08-16 06:18:22,790 [ERROR] 请求失败：403 Client Error: Forbidden for url: https://www.zhihu.com/api/v3/feed/topstory/hot-lists/total?limit=50&desktop=true
2025-08-16 06:18:22,790 [ERROR] 没有获取到热榜数据，退出。
2025-08-16 07:11:49,217 [ERROR] 请求失败：403 Client Error: Forbidden for url: https://www.zhihu.com/api/v4/search/top_search
2025-08-16 07:11:49,218 [ERROR] 没有获取到热搜数据，退出。
2025-08-16 07:11:50,195 [ERROR] 请求失败：403 Client Error: Forbidden for url: https://www.zhihu.com/api/v3/feed/topstory/hot-lists/total?limit=50&desktop=true
2025-08-16 07:11:50,195 [ERROR] 没有获取到热榜数据，退出。
2025-08-16 08:16:19,472 [ERROR] 请求失败：403 Client Error: Forbidden for url: https://www.zhihu.com/api/v4/search/top_search
2025-08-16 08:16:19,472 [ERROR] 没有获取到热搜数据，退出。
2025-08-16 08:16:19,883 [ERROR] 请求失败：401 Client Error: Authorization Required for url: https://www.zhihu.com/api/v3/feed/topstory/hot-lists/total?limit=50&desktop=true
2025-08-16 08:16:19,883 [ERROR] 没有获取到热榜数据，退出。
2025-08-16 09:13:18,569 [ERROR] 请求失败：403 Client Error: Forbidden for url: https://www.zhihu.com/api/v4/search/top_search
2025-08-16 09:13:18,569 [ERROR] 没有获取到热搜数据，退出。
2025-08-16 09:13:18,921 [ERROR] 请求失败：401 Client Error: Authorization Required for url: https://www.zhihu.com/api/v3/feed/topstory/hot-lists/total?limit=50&desktop=true
2025-08-16 09:13:18,921 [ERROR] 没有获取到热榜数据，退出。
2025-08-16 10:12:14,169 [ERROR] 请求失败：403 Client Error: Forbidden for url: https://www.zhihu.com/api/v4/search/top_search
2025-08-16 10:12:14,169 [ERROR] 没有获取到热搜数据，退出。
2025-08-16 10:12:14,517 [ERROR] 请求失败：401 Client Error: Authorization Required for url: https://www.zhihu.com/api/v3/feed/topstory/hot-lists/total?limit=50&desktop=true
2025-08-16 10:12:14,517 [ERROR] 没有获取到热榜数据，退出。
2025-08-16 11:10:10,189 [ERROR] 请求失败：403 Client Error: Forbidden for url: https://www.zhihu.com/api/v4/search/top_search
2025-08-16 11:10:10,189 [ERROR] 没有获取到热搜数据，退出。
2025-08-16 11:10:10,592 [ERROR] 请求失败：401 Client Error: Authorization Required for url: https://www.zhihu.com/api/v3/feed/topstory/hot-lists/total?limit=50&desktop=true
2025-08-16 11:10:10,592 [ERROR] 没有获取到热榜数据，退出。
2025-08-16 12:24:23,818 [ERROR] 请求失败：403 Client Error: Forbidden for url: https://www.zhihu.com/api/v4/search/top_search
2025-08-16 12:24:23,818 [ERROR] 没有获取到热搜数据，退出。
2025-08-16 12:24:24,240 [ERROR] 请求失败：401 Client Error: Authorization Required for url: https://www.zhihu.com/api/v3/feed/topstory/hot-lists/total?limit=50&desktop=true
2025-08-16 12:24:24,240 [ERROR] 没有获取到热榜数据，退出。
2025-08-16 13:21:56,076 [ERROR] 请求失败：403 Client Error: Forbidden for url: https://www.zhihu.com/api/v4/search/top_search
2025-08-16 13:21:56,076 [ERROR] 没有获取到热搜数据，退出。
2025-08-16 13:21:56,978 [ERROR] 请求失败：403 Client Error: Forbidden for url: https://www.zhihu.com/api/v3/feed/topstory/hot-lists/total?limit=50&desktop=true
2025-08-16 13:21:56,978 [ERROR] 没有获取到热榜数据，退出。
2025-08-16 14:11:08,787 [ERROR] 请求失败：403 Client Error: Forbidden for url: https://www.zhihu.com/api/v4/search/top_search
2025-08-16 14:11:08,787 [ERROR] 没有获取到热搜数据，退出。
2025-08-16 14:11:09,650 [ERROR] 请求失败：403 Client Error: Forbidden for url: https://www.zhihu.com/api/v3/feed/topstory/hot-lists/total?limit=50&desktop=true
2025-08-16 14:11:09,650 [ERROR] 没有获取到热榜数据，退出。
2025-08-16 15:11:56,588 [ERROR] 请求失败：403 Client Error: Forbidden for url: https://www.zhihu.com/api/v4/search/top_search
2025-08-16 15:11:56,588 [ERROR] 没有获取到热搜数据，退出。
2025-08-16 15:11:56,964 [ERROR] 请求失败：403 Client Error: Forbidden for url: https://www.zhihu.com/api/v3/feed/topstory/hot-lists/total?limit=50&desktop=true
2025-08-16 15:11:56,964 [ERROR] 没有获取到热榜数据，退出。
2025-08-16 16:14:22,540 [ERROR] 请求失败：403 Client Error: Forbidden for url: https://www.zhihu.com/api/v4/search/top_search
2025-08-16 16:14:22,540 [ERROR] 没有获取到热搜数据，退出。
2025-08-16 16:14:23,177 [ERROR] 请求失败：403 Client Error: Forbidden for url: https://www.zhihu.com/api/v3/feed/topstory/hot-lists/total?limit=50&desktop=true
2025-08-16 16:14:23,177 [ERROR] 没有获取到热榜数据，退出。
