2025-07-06 01:12:26,644 [ERROR] 请求失败：403 Client Error: Forbidden for url: https://www.zhihu.com/api/v4/search/top_search
2025-07-06 01:12:26,644 [ERROR] 没有获取到热搜数据，退出。
2025-07-06 01:12:26,985 [ERROR] 请求失败：401 Client Error: Authorization Required for url: https://www.zhihu.com/api/v3/feed/topstory/hot-lists/total?limit=50&desktop=true
2025-07-06 01:12:26,985 [ERROR] 没有获取到热榜数据，退出。
2025-07-06 03:21:58,006 [ERROR] 请求失败：403 Client Error: Forbidden for url: https://www.zhihu.com/api/v4/search/top_search
2025-07-06 03:21:58,006 [ERROR] 没有获取到热搜数据，退出。
2025-07-06 03:21:58,461 [ERROR] 请求失败：401 Client Error: Authorization Required for url: https://www.zhihu.com/api/v3/feed/topstory/hot-lists/total?limit=50&desktop=true
2025-07-06 03:21:58,461 [ERROR] 没有获取到热榜数据，退出。
2025-07-06 04:27:38,030 [ERROR] 请求失败：403 Client Error: Forbidden for url: https://www.zhihu.com/api/v4/search/top_search
2025-07-06 04:27:38,030 [ERROR] 没有获取到热搜数据，退出。
2025-07-06 04:27:38,547 [ERROR] 请求失败：403 Client Error: Forbidden for url: https://www.zhihu.com/api/v3/feed/topstory/hot-lists/total?limit=50&desktop=true
2025-07-06 04:27:38,547 [ERROR] 没有获取到热榜数据，退出。
2025-07-06 05:13:45,925 [ERROR] 请求失败：403 Client Error: Forbidden for url: https://www.zhihu.com/api/v4/search/top_search
2025-07-06 05:13:45,925 [ERROR] 没有获取到热搜数据，退出。
2025-07-06 05:13:46,445 [ERROR] 请求失败：401 Client Error: Authorization Required for url: https://www.zhihu.com/api/v3/feed/topstory/hot-lists/total?limit=50&desktop=true
2025-07-06 05:13:46,445 [ERROR] 没有获取到热榜数据，退出。
2025-07-06 06:18:19,507 [ERROR] 请求失败：403 Client Error: Forbidden for url: https://www.zhihu.com/api/v4/search/top_search
2025-07-06 06:18:19,507 [ERROR] 没有获取到热搜数据，退出。
2025-07-06 06:18:19,998 [ERROR] 请求失败：403 Client Error: Forbidden for url: https://www.zhihu.com/api/v3/feed/topstory/hot-lists/total?limit=50&desktop=true
2025-07-06 06:18:19,998 [ERROR] 没有获取到热榜数据，退出。
2025-07-06 07:12:01,776 [ERROR] 请求失败：403 Client Error: Forbidden for url: https://www.zhihu.com/api/v4/search/top_search
2025-07-06 07:12:01,776 [ERROR] 没有获取到热搜数据，退出。
2025-07-06 07:12:02,283 [ERROR] 请求失败：403 Client Error: Forbidden for url: https://www.zhihu.com/api/v3/feed/topstory/hot-lists/total?limit=50&desktop=true
2025-07-06 07:12:02,283 [ERROR] 没有获取到热榜数据，退出。
2025-07-06 08:15:56,474 [ERROR] 请求失败：403 Client Error: Forbidden for url: https://www.zhihu.com/api/v4/search/top_search
2025-07-06 08:15:56,475 [ERROR] 没有获取到热搜数据，退出。
2025-07-06 08:15:56,836 [ERROR] 请求失败：401 Client Error: Authorization Required for url: https://www.zhihu.com/api/v3/feed/topstory/hot-lists/total?limit=50&desktop=true
2025-07-06 08:15:56,836 [ERROR] 没有获取到热榜数据，退出。
2025-07-06 09:12:35,566 [ERROR] 请求失败：403 Client Error: Forbidden for url: https://www.zhihu.com/api/v4/search/top_search
2025-07-06 09:12:35,566 [ERROR] 没有获取到热搜数据，退出。
2025-07-06 09:12:36,010 [ERROR] 请求失败：401 Client Error: Authorization Required for url: https://www.zhihu.com/api/v3/feed/topstory/hot-lists/total?limit=50&desktop=true
2025-07-06 09:12:36,010 [ERROR] 没有获取到热榜数据，退出。
2025-07-06 10:13:04,080 [ERROR] 请求失败：403 Client Error: Forbidden for url: https://www.zhihu.com/api/v4/search/top_search
2025-07-06 10:13:04,080 [ERROR] 没有获取到热搜数据，退出。
2025-07-06 10:13:04,433 [ERROR] 请求失败：401 Client Error: Authorization Required for url: https://www.zhihu.com/api/v3/feed/topstory/hot-lists/total?limit=50&desktop=true
2025-07-06 10:13:04,433 [ERROR] 没有获取到热榜数据，退出。
2025-07-06 11:11:29,683 [ERROR] 请求失败：403 Client Error: Forbidden for url: https://www.zhihu.com/api/v4/search/top_search
2025-07-06 11:11:29,683 [ERROR] 没有获取到热搜数据，退出。
2025-07-06 11:11:30,162 [ERROR] 请求失败：403 Client Error: Forbidden for url: https://www.zhihu.com/api/v3/feed/topstory/hot-lists/total?limit=50&desktop=true
2025-07-06 11:11:30,162 [ERROR] 没有获取到热榜数据，退出。
2025-07-06 12:24:00,108 [ERROR] 请求失败：403 Client Error: Forbidden for url: https://www.zhihu.com/api/v4/search/top_search
2025-07-06 12:24:00,108 [ERROR] 没有获取到热搜数据，退出。
2025-07-06 12:24:00,610 [ERROR] 请求失败：401 Client Error: Authorization Required for url: https://www.zhihu.com/api/v3/feed/topstory/hot-lists/total?limit=50&desktop=true
2025-07-06 12:24:00,610 [ERROR] 没有获取到热榜数据，退出。
2025-07-06 13:22:56,582 [ERROR] 请求失败：403 Client Error: Forbidden for url: https://www.zhihu.com/api/v4/search/top_search
2025-07-06 13:22:56,583 [ERROR] 没有获取到热搜数据，退出。
2025-07-06 13:22:57,059 [ERROR] 请求失败：403 Client Error: Forbidden for url: https://www.zhihu.com/api/v3/feed/topstory/hot-lists/total?limit=50&desktop=true
2025-07-06 13:22:57,059 [ERROR] 没有获取到热榜数据，退出。
2025-07-06 14:11:05,417 [ERROR] 请求失败：403 Client Error: Forbidden for url: https://www.zhihu.com/api/v4/search/top_search
2025-07-06 14:11:05,417 [ERROR] 没有获取到热搜数据，退出。
2025-07-06 14:11:05,775 [ERROR] 请求失败：401 Client Error: Authorization Required for url: https://www.zhihu.com/api/v3/feed/topstory/hot-lists/total?limit=50&desktop=true
2025-07-06 14:11:05,775 [ERROR] 没有获取到热榜数据，退出。
2025-07-06 15:12:20,449 [ERROR] 请求失败：403 Client Error: Forbidden for url: https://www.zhihu.com/api/v4/search/top_search
2025-07-06 15:12:20,449 [ERROR] 没有获取到热搜数据，退出。
2025-07-06 15:12:20,962 [ERROR] 请求失败：403 Client Error: Forbidden for url: https://www.zhihu.com/api/v3/feed/topstory/hot-lists/total?limit=50&desktop=true
2025-07-06 15:12:20,962 [ERROR] 没有获取到热榜数据，退出。
2025-07-06 16:14:27,447 [ERROR] 请求失败：403 Client Error: Forbidden for url: https://www.zhihu.com/api/v4/search/top_search
2025-07-06 16:14:27,448 [ERROR] 没有获取到热搜数据，退出。
2025-07-06 16:14:27,921 [ERROR] 请求失败：401 Client Error: Authorization Required for url: https://www.zhihu.com/api/v3/feed/topstory/hot-lists/total?limit=50&desktop=true
2025-07-06 16:14:27,921 [ERROR] 没有获取到热榜数据，退出。
2025-07-06 17:11:16,008 [ERROR] 请求失败：403 Client Error: Forbidden for url: https://www.zhihu.com/api/v4/search/top_search
2025-07-06 17:11:16,008 [ERROR] 没有获取到热搜数据，退出。
2025-07-06 17:11:16,480 [ERROR] 请求失败：401 Client Error: Authorization Required for url: https://www.zhihu.com/api/v3/feed/topstory/hot-lists/total?limit=50&desktop=true
2025-07-06 17:11:16,480 [ERROR] 没有获取到热榜数据，退出。
2025-07-06 18:17:00,181 [ERROR] 请求失败：403 Client Error: Forbidden for url: https://www.zhihu.com/api/v4/search/top_search
2025-07-06 18:17:00,181 [ERROR] 没有获取到热搜数据，退出。
2025-07-06 18:17:00,690 [ERROR] 请求失败：401 Client Error: Authorization Required for url: https://www.zhihu.com/api/v3/feed/topstory/hot-lists/total?limit=50&desktop=true
2025-07-06 18:17:00,690 [ERROR] 没有获取到热榜数据，退出。
2025-07-06 19:10:22,195 [ERROR] 请求失败：403 Client Error: Forbidden for url: https://www.zhihu.com/api/v4/search/top_search
2025-07-06 19:10:22,195 [ERROR] 没有获取到热搜数据，退出。
2025-07-06 19:10:22,648 [ERROR] 请求失败：401 Client Error: Authorization Required for url: https://www.zhihu.com/api/v3/feed/topstory/hot-lists/total?limit=50&desktop=true
2025-07-06 19:10:22,648 [ERROR] 没有获取到热榜数据，退出。
