2025-10-11 00:56:19,097 [ERROR] 请求失败：403 Client Error: Forbidden for url: https://www.zhihu.com/api/v4/search/top_search
2025-10-11 00:56:19,097 [ERROR] 没有获取到热搜数据，退出。
2025-10-11 00:56:19,454 [ERROR] 请求失败：403 Client Error: Forbidden for url: https://www.zhihu.com/api/v3/feed/topstory/hot-lists/total?limit=50&desktop=true
2025-10-11 00:56:19,454 [ERROR] 没有获取到热榜数据，退出。
2025-10-11 02:15:24,636 [ERROR] 请求失败：403 Client Error: Forbidden for url: https://www.zhihu.com/api/v4/search/top_search
2025-10-11 02:15:24,637 [ERROR] 没有获取到热搜数据，退出。
2025-10-11 02:15:25,131 [ERROR] 请求失败：401 Client Error: Authorization Required for url: https://www.zhihu.com/api/v3/feed/topstory/hot-lists/total?limit=50&desktop=true
2025-10-11 02:15:25,131 [ERROR] 没有获取到热榜数据，退出。
2025-10-11 03:21:16,226 [ERROR] 请求失败：403 Client Error: Forbidden for url: https://www.zhihu.com/api/v4/search/top_search
2025-10-11 03:21:16,226 [ERROR] 没有获取到热搜数据，退出。
2025-10-11 03:21:16,709 [ERROR] 请求失败：401 Client Error: Authorization Required for url: https://www.zhihu.com/api/v3/feed/topstory/hot-lists/total?limit=50&desktop=true
2025-10-11 03:21:16,709 [ERROR] 没有获取到热榜数据，退出。
2025-10-11 04:14:23,583 [ERROR] 请求失败：403 Client Error: Forbidden for url: https://www.zhihu.com/api/v4/search/top_search
2025-10-11 04:14:23,583 [ERROR] 没有获取到热搜数据，退出。
2025-10-11 04:14:23,938 [ERROR] 请求失败：403 Client Error: Forbidden for url: https://www.zhihu.com/api/v3/feed/topstory/hot-lists/total?limit=50&desktop=true
2025-10-11 04:14:23,938 [ERROR] 没有获取到热榜数据，退出。
2025-10-11 05:11:31,367 [ERROR] 请求失败：403 Client Error: Forbidden for url: https://www.zhihu.com/api/v4/search/top_search
2025-10-11 05:11:31,367 [ERROR] 没有获取到热搜数据，退出。
2025-10-11 05:11:31,776 [ERROR] 请求失败：403 Client Error: Forbidden for url: https://www.zhihu.com/api/v3/feed/topstory/hot-lists/total?limit=50&desktop=true
2025-10-11 05:11:31,776 [ERROR] 没有获取到热榜数据，退出。
2025-10-11 06:16:55,220 [ERROR] 请求失败：403 Client Error: Forbidden for url: https://www.zhihu.com/api/v4/search/top_search
2025-10-11 06:16:55,220 [ERROR] 没有获取到热搜数据，退出。
2025-10-11 06:16:55,635 [ERROR] 请求失败：401 Client Error: Authorization Required for url: https://www.zhihu.com/api/v3/feed/topstory/hot-lists/total?limit=50&desktop=true
2025-10-11 06:16:55,635 [ERROR] 没有获取到热榜数据，退出。
2025-10-11 07:10:23,719 [ERROR] 请求失败：403 Client Error: Forbidden for url: https://www.zhihu.com/api/v4/search/top_search
2025-10-11 07:10:23,719 [ERROR] 没有获取到热搜数据，退出。
2025-10-11 07:10:24,110 [ERROR] 请求失败：401 Client Error: Authorization Required for url: https://www.zhihu.com/api/v3/feed/topstory/hot-lists/total?limit=50&desktop=true
2025-10-11 07:10:24,110 [ERROR] 没有获取到热榜数据，退出。
