2025-05-23 01:03:23,859 [ERROR] 请求失败：403 Client Error: Forbidden for url: https://www.zhihu.com/api/v4/search/top_search
2025-05-23 01:03:23,859 [ERROR] 没有获取到热搜数据，退出。
2025-05-23 01:03:24,334 [ERROR] 请求失败：403 Client Error: Forbidden for url: https://www.zhihu.com/api/v3/feed/topstory/hot-lists/total?limit=50&desktop=true
2025-05-23 01:03:24,334 [ERROR] 没有获取到热榜数据，退出。
2025-05-23 03:06:48,570 [ERROR] 请求失败：403 Client Error: Forbidden for url: https://www.zhihu.com/api/v4/search/top_search
2025-05-23 03:06:48,570 [ERROR] 没有获取到热搜数据，退出。
2025-05-23 03:06:49,065 [ERROR] 请求失败：403 Client Error: Forbidden for url: https://www.zhihu.com/api/v3/feed/topstory/hot-lists/total?limit=50&desktop=true
2025-05-23 03:06:49,065 [ERROR] 没有获取到热榜数据，退出。
2025-05-23 04:16:23,547 [INFO] 成功写入 10 条热搜到 hotresearch/2025_5_23/2025_5_23_4.txt
2025-05-23 04:16:24,030 [ERROR] 请求失败：401 Client Error: Authorization Required for url: https://www.zhihu.com/api/v3/feed/topstory/hot-lists/total?limit=50&desktop=true
2025-05-23 04:16:24,030 [ERROR] 没有获取到热榜数据，退出。
2025-05-23 05:13:07,022 [ERROR] 请求失败：403 Client Error: Forbidden for url: https://www.zhihu.com/api/v4/search/top_search
2025-05-23 05:13:07,022 [ERROR] 没有获取到热搜数据，退出。
2025-05-23 05:13:07,555 [ERROR] 请求失败：403 Client Error: Forbidden for url: https://www.zhihu.com/api/v3/feed/topstory/hot-lists/total?limit=50&desktop=true
2025-05-23 05:13:07,555 [ERROR] 没有获取到热榜数据，退出。
2025-05-23 06:18:52,020 [ERROR] 请求失败：403 Client Error: Forbidden for url: https://www.zhihu.com/api/v4/search/top_search
2025-05-23 06:18:52,021 [ERROR] 没有获取到热搜数据，退出。
2025-05-23 06:18:52,484 [ERROR] 请求失败：401 Client Error: Authorization Required for url: https://www.zhihu.com/api/v3/feed/topstory/hot-lists/total?limit=50&desktop=true
2025-05-23 06:18:52,484 [ERROR] 没有获取到热榜数据，退出。
2025-05-23 07:13:02,115 [ERROR] 请求失败：403 Client Error: Forbidden for url: https://www.zhihu.com/api/v4/search/top_search
2025-05-23 07:13:02,115 [ERROR] 没有获取到热搜数据，退出。
2025-05-23 07:13:02,591 [ERROR] 请求失败：403 Client Error: Forbidden for url: https://www.zhihu.com/api/v3/feed/topstory/hot-lists/total?limit=50&desktop=true
2025-05-23 07:13:02,592 [ERROR] 没有获取到热榜数据，退出。
2025-05-23 08:17:31,470 [ERROR] 请求失败：403 Client Error: Forbidden for url: https://www.zhihu.com/api/v4/search/top_search
2025-05-23 08:17:31,470 [ERROR] 没有获取到热搜数据，退出。
2025-05-23 08:17:31,991 [ERROR] 请求失败：403 Client Error: Forbidden for url: https://www.zhihu.com/api/v3/feed/topstory/hot-lists/total?limit=50&desktop=true
2025-05-23 08:17:31,991 [ERROR] 没有获取到热榜数据，退出。
2025-05-23 09:13:46,249 [ERROR] 请求失败：403 Client Error: Forbidden for url: https://www.zhihu.com/api/v4/search/top_search
2025-05-23 09:13:46,249 [ERROR] 没有获取到热搜数据，退出。
2025-05-23 09:13:46,773 [ERROR] 请求失败：403 Client Error: Forbidden for url: https://www.zhihu.com/api/v3/feed/topstory/hot-lists/total?limit=50&desktop=true
2025-05-23 09:13:46,773 [ERROR] 没有获取到热榜数据，退出。
2025-05-23 10:13:44,312 [ERROR] 请求失败：403 Client Error: Forbidden for url: https://www.zhihu.com/api/v4/search/top_search
2025-05-23 10:13:44,313 [ERROR] 没有获取到热搜数据，退出。
2025-05-23 10:13:44,793 [ERROR] 请求失败：401 Client Error: Authorization Required for url: https://www.zhihu.com/api/v3/feed/topstory/hot-lists/total?limit=50&desktop=true
2025-05-23 10:13:44,794 [ERROR] 没有获取到热榜数据，退出。
2025-05-23 11:10:45,756 [ERROR] 请求失败：403 Client Error: Forbidden for url: https://www.zhihu.com/api/v4/search/top_search
2025-05-23 11:10:45,756 [ERROR] 没有获取到热搜数据，退出。
2025-05-23 11:10:46,228 [ERROR] 请求失败：401 Client Error: Authorization Required for url: https://www.zhihu.com/api/v3/feed/topstory/hot-lists/total?limit=50&desktop=true
2025-05-23 11:10:46,228 [ERROR] 没有获取到热榜数据，退出。
2025-05-23 12:25:12,492 [ERROR] 请求失败：403 Client Error: Forbidden for url: https://www.zhihu.com/api/v4/search/top_search
2025-05-23 12:25:12,492 [ERROR] 没有获取到热搜数据，退出。
2025-05-23 12:25:12,940 [ERROR] 请求失败：401 Client Error: Authorization Required for url: https://www.zhihu.com/api/v3/feed/topstory/hot-lists/total?limit=50&desktop=true
2025-05-23 12:25:12,940 [ERROR] 没有获取到热榜数据，退出。
2025-05-23 13:24:33,462 [ERROR] 请求失败：403 Client Error: Forbidden for url: https://www.zhihu.com/api/v4/search/top_search
2025-05-23 13:24:33,462 [ERROR] 没有获取到热搜数据，退出。
2025-05-23 13:24:33,945 [ERROR] 请求失败：401 Client Error: Authorization Required for url: https://www.zhihu.com/api/v3/feed/topstory/hot-lists/total?limit=50&desktop=true
2025-05-23 13:24:33,945 [ERROR] 没有获取到热榜数据，退出。
2025-05-23 14:12:41,616 [ERROR] 请求失败：403 Client Error: Forbidden for url: https://www.zhihu.com/api/v4/search/top_search
2025-05-23 14:12:41,616 [ERROR] 没有获取到热搜数据，退出。
2025-05-23 14:12:41,979 [ERROR] 请求失败：401 Client Error: Authorization Required for url: https://www.zhihu.com/api/v3/feed/topstory/hot-lists/total?limit=50&desktop=true
2025-05-23 14:12:41,979 [ERROR] 没有获取到热榜数据，退出。
2025-05-23 15:13:19,313 [ERROR] 请求失败：403 Client Error: Forbidden for url: https://www.zhihu.com/api/v4/search/top_search
2025-05-23 15:13:19,314 [ERROR] 没有获取到热搜数据，退出。
2025-05-23 15:13:19,819 [ERROR] 请求失败：401 Client Error: Authorization Required for url: https://www.zhihu.com/api/v3/feed/topstory/hot-lists/total?limit=50&desktop=true
2025-05-23 15:13:19,819 [ERROR] 没有获取到热榜数据，退出。
2025-05-23 16:15:27,142 [ERROR] 请求失败：403 Client Error: Forbidden for url: https://www.zhihu.com/api/v4/search/top_search
2025-05-23 16:15:27,142 [ERROR] 没有获取到热搜数据，退出。
2025-05-23 16:15:27,509 [ERROR] 请求失败：401 Client Error: Authorization Required for url: https://www.zhihu.com/api/v3/feed/topstory/hot-lists/total?limit=50&desktop=true
2025-05-23 16:15:27,509 [ERROR] 没有获取到热榜数据，退出。
2025-05-23 17:11:36,662 [ERROR] 请求失败：403 Client Error: Forbidden for url: https://www.zhihu.com/api/v4/search/top_search
2025-05-23 17:11:36,662 [ERROR] 没有获取到热搜数据，退出。
2025-05-23 17:11:37,135 [ERROR] 请求失败：401 Client Error: Authorization Required for url: https://www.zhihu.com/api/v3/feed/topstory/hot-lists/total?limit=50&desktop=true
2025-05-23 17:11:37,136 [ERROR] 没有获取到热榜数据，退出。
