2025-06-30 01:10:28,309 [ERROR] 请求失败：403 Client Error: Forbidden for url: https://www.zhihu.com/api/v4/search/top_search
2025-06-30 01:10:28,309 [ERROR] 没有获取到热搜数据，退出。
2025-06-30 01:10:28,771 [ERROR] 请求失败：401 Client Error: Authorization Required for url: https://www.zhihu.com/api/v3/feed/topstory/hot-lists/total?limit=50&desktop=true
2025-06-30 01:10:28,771 [ERROR] 没有获取到热榜数据，退出。
2025-06-30 03:20:19,221 [ERROR] 请求失败：403 Client Error: Forbidden for url: https://www.zhihu.com/api/v4/search/top_search
2025-06-30 03:20:19,221 [ERROR] 没有获取到热搜数据，退出。
2025-06-30 03:20:19,670 [ERROR] 请求失败：401 Client Error: Authorization Required for url: https://www.zhihu.com/api/v3/feed/topstory/hot-lists/total?limit=50&desktop=true
2025-06-30 03:20:19,670 [ERROR] 没有获取到热榜数据，退出。
2025-06-30 04:28:02,427 [ERROR] 请求失败：403 Client Error: Forbidden for url: https://www.zhihu.com/api/v4/search/top_search
2025-06-30 04:28:02,427 [ERROR] 没有获取到热搜数据，退出。
2025-06-30 04:28:02,885 [ERROR] 请求失败：401 Client Error: Authorization Required for url: https://www.zhihu.com/api/v3/feed/topstory/hot-lists/total?limit=50&desktop=true
2025-06-30 04:28:02,885 [ERROR] 没有获取到热榜数据，退出。
2025-06-30 05:16:06,967 [ERROR] 请求失败：403 Client Error: Forbidden for url: https://www.zhihu.com/api/v4/search/top_search
2025-06-30 05:16:06,967 [ERROR] 没有获取到热搜数据，退出。
2025-06-30 05:16:07,447 [ERROR] 请求失败：403 Client Error: Forbidden for url: https://www.zhihu.com/api/v3/feed/topstory/hot-lists/total?limit=50&desktop=true
2025-06-30 05:16:07,447 [ERROR] 没有获取到热榜数据，退出。
2025-06-30 06:20:53,954 [ERROR] 请求失败：403 Client Error: Forbidden for url: https://www.zhihu.com/api/v4/search/top_search
2025-06-30 06:20:53,954 [ERROR] 没有获取到热搜数据，退出。
2025-06-30 06:20:54,421 [ERROR] 请求失败：403 Client Error: Forbidden for url: https://www.zhihu.com/api/v3/feed/topstory/hot-lists/total?limit=50&desktop=true
2025-06-30 06:20:54,421 [ERROR] 没有获取到热榜数据，退出。
2025-06-30 07:15:20,750 [ERROR] 请求失败：403 Client Error: Forbidden for url: https://www.zhihu.com/api/v4/search/top_search
2025-06-30 07:15:20,750 [ERROR] 没有获取到热搜数据，退出。
2025-06-30 07:15:21,123 [ERROR] 请求失败：401 Client Error: Authorization Required for url: https://www.zhihu.com/api/v3/feed/topstory/hot-lists/total?limit=50&desktop=true
2025-06-30 07:15:21,123 [ERROR] 没有获取到热榜数据，退出。
2025-06-30 08:19:16,566 [ERROR] 请求失败：403 Client Error: Forbidden for url: https://www.zhihu.com/api/v4/search/top_search
2025-06-30 08:19:16,567 [ERROR] 没有获取到热搜数据，退出。
2025-06-30 08:19:17,055 [ERROR] 请求失败：403 Client Error: Forbidden for url: https://www.zhihu.com/api/v3/feed/topstory/hot-lists/total?limit=50&desktop=true
2025-06-30 08:19:17,055 [ERROR] 没有获取到热榜数据，退出。
2025-06-30 09:16:17,412 [ERROR] 请求失败：403 Client Error: Forbidden for url: https://www.zhihu.com/api/v4/search/top_search
2025-06-30 09:16:17,412 [ERROR] 没有获取到热搜数据，退出。
2025-06-30 09:16:17,876 [ERROR] 请求失败：401 Client Error: Authorization Required for url: https://www.zhihu.com/api/v3/feed/topstory/hot-lists/total?limit=50&desktop=true
2025-06-30 09:16:17,876 [ERROR] 没有获取到热榜数据，退出。
2025-06-30 10:14:49,833 [ERROR] 请求失败：403 Client Error: Forbidden for url: https://www.zhihu.com/api/v4/search/top_search
2025-06-30 10:14:49,833 [ERROR] 没有获取到热搜数据，退出。
2025-06-30 10:14:50,301 [ERROR] 请求失败：401 Client Error: Authorization Required for url: https://www.zhihu.com/api/v3/feed/topstory/hot-lists/total?limit=50&desktop=true
2025-06-30 10:14:50,301 [ERROR] 没有获取到热榜数据，退出。
2025-06-30 11:11:56,609 [INFO] 成功写入 10 条热搜到 hotresearch/2025_6_30/2025_6_30_11.txt
2025-06-30 11:11:56,960 [ERROR] 请求失败：401 Client Error: Authorization Required for url: https://www.zhihu.com/api/v3/feed/topstory/hot-lists/total?limit=50&desktop=true
2025-06-30 11:11:56,961 [ERROR] 没有获取到热榜数据，退出。
2025-06-30 12:26:55,283 [ERROR] 请求失败：403 Client Error: Forbidden for url: https://www.zhihu.com/api/v4/search/top_search
2025-06-30 12:26:55,283 [ERROR] 没有获取到热搜数据，退出。
2025-06-30 12:26:55,743 [ERROR] 请求失败：403 Client Error: Forbidden for url: https://www.zhihu.com/api/v3/feed/topstory/hot-lists/total?limit=50&desktop=true
2025-06-30 12:26:55,743 [ERROR] 没有获取到热榜数据，退出。
2025-06-30 13:28:19,306 [INFO] 成功写入 10 条热搜到 hotresearch/2025_6_30/2025_6_30_13.txt
2025-06-30 13:28:19,670 [ERROR] 请求失败：401 Client Error: Authorization Required for url: https://www.zhihu.com/api/v3/feed/topstory/hot-lists/total?limit=50&desktop=true
2025-06-30 13:28:19,670 [ERROR] 没有获取到热榜数据，退出。
