2025-08-11 01:12:33,436 [ERROR] 请求失败：403 Client Error: Forbidden for url: https://www.zhihu.com/api/v4/search/top_search
2025-08-11 01:12:33,437 [ERROR] 没有获取到热搜数据，退出。
2025-08-11 01:12:34,181 [ERROR] 请求失败：403 Client Error: Forbidden for url: https://www.zhihu.com/api/v3/feed/topstory/hot-lists/total?limit=50&desktop=true
2025-08-11 01:12:34,181 [ERROR] 没有获取到热榜数据，退出。
2025-08-11 03:28:40,941 [ERROR] 请求失败：403 Client Error: Forbidden for url: https://www.zhihu.com/api/v4/search/top_search
2025-08-11 03:28:40,942 [ERROR] 没有获取到热搜数据，退出。
2025-08-11 03:28:41,737 [ERROR] 请求失败：403 Client Error: Forbidden for url: https://www.zhihu.com/api/v3/feed/topstory/hot-lists/total?limit=50&desktop=true
2025-08-11 03:28:41,737 [ERROR] 没有获取到热榜数据，退出。
2025-08-11 04:37:04,580 [ERROR] 请求失败：403 Client Error: Forbidden for url: https://www.zhihu.com/api/v4/search/top_search
2025-08-11 04:37:04,580 [ERROR] 没有获取到热搜数据，退出。
2025-08-11 04:37:04,982 [ERROR] 请求失败：403 Client Error: Forbidden for url: https://www.zhihu.com/api/v3/feed/topstory/hot-lists/total?limit=50&desktop=true
2025-08-11 04:37:04,982 [ERROR] 没有获取到热榜数据，退出。
2025-08-11 05:22:15,196 [ERROR] 请求失败：403 Client Error: Forbidden for url: https://www.zhihu.com/api/v4/search/top_search
2025-08-11 05:22:15,196 [ERROR] 没有获取到热搜数据，退出。
2025-08-11 05:22:16,153 [ERROR] 请求失败：403 Client Error: Forbidden for url: https://www.zhihu.com/api/v3/feed/topstory/hot-lists/total?limit=50&desktop=true
2025-08-11 05:22:16,153 [ERROR] 没有获取到热榜数据，退出。
2025-08-11 06:22:46,662 [ERROR] 请求失败：403 Client Error: Forbidden for url: https://www.zhihu.com/api/v4/search/top_search
2025-08-11 06:22:46,663 [ERROR] 没有获取到热搜数据，退出。
2025-08-11 06:22:47,579 [ERROR] 请求失败：403 Client Error: Forbidden for url: https://www.zhihu.com/api/v3/feed/topstory/hot-lists/total?limit=50&desktop=true
2025-08-11 06:22:47,580 [ERROR] 没有获取到热榜数据，退出。
2025-08-11 07:19:49,776 [ERROR] 请求失败：403 Client Error: Forbidden for url: https://www.zhihu.com/api/v4/search/top_search
2025-08-11 07:19:49,776 [ERROR] 没有获取到热搜数据，退出。
2025-08-11 07:19:50,747 [ERROR] 请求失败：403 Client Error: Forbidden for url: https://www.zhihu.com/api/v3/feed/topstory/hot-lists/total?limit=50&desktop=true
2025-08-11 07:19:50,747 [ERROR] 没有获取到热榜数据，退出。
2025-08-11 08:20:54,470 [ERROR] 请求失败：403 Client Error: Forbidden for url: https://www.zhihu.com/api/v4/search/top_search
2025-08-11 08:20:54,470 [ERROR] 没有获取到热搜数据，退出。
2025-08-11 08:20:55,381 [ERROR] 请求失败：403 Client Error: Forbidden for url: https://www.zhihu.com/api/v3/feed/topstory/hot-lists/total?limit=50&desktop=true
2025-08-11 08:20:55,381 [ERROR] 没有获取到热榜数据，退出。
2025-08-11 09:19:40,548 [ERROR] 请求失败：403 Client Error: Forbidden for url: https://www.zhihu.com/api/v4/search/top_search
2025-08-11 09:19:40,548 [ERROR] 没有获取到热搜数据，退出。
2025-08-11 09:19:40,914 [ERROR] 请求失败：401 Client Error: Authorization Required for url: https://www.zhihu.com/api/v3/feed/topstory/hot-lists/total?limit=50&desktop=true
2025-08-11 09:19:40,914 [ERROR] 没有获取到热榜数据，退出。
2025-08-11 10:15:39,500 [ERROR] 请求失败：403 Client Error: Forbidden for url: https://www.zhihu.com/api/v4/search/top_search
2025-08-11 10:15:39,500 [ERROR] 没有获取到热搜数据，退出。
2025-08-11 10:15:40,328 [ERROR] 请求失败：403 Client Error: Forbidden for url: https://www.zhihu.com/api/v3/feed/topstory/hot-lists/total?limit=50&desktop=true
2025-08-11 10:15:40,328 [ERROR] 没有获取到热榜数据，退出。
2025-08-11 11:12:49,758 [INFO] 成功写入 10 条热搜到 hotresearch/2025_8_11/2025_8_11_11.txt
2025-08-11 11:12:50,212 [ERROR] 请求失败：401 Client Error: Authorization Required for url: https://www.zhihu.com/api/v3/feed/topstory/hot-lists/total?limit=50&desktop=true
2025-08-11 11:12:50,212 [ERROR] 没有获取到热榜数据，退出。
2025-08-11 12:29:20,895 [ERROR] 请求失败：403 Client Error: Forbidden for url: https://www.zhihu.com/api/v4/search/top_search
2025-08-11 12:29:20,895 [ERROR] 没有获取到热搜数据，退出。
2025-08-11 12:29:21,871 [ERROR] 请求失败：403 Client Error: Forbidden for url: https://www.zhihu.com/api/v3/feed/topstory/hot-lists/total?limit=50&desktop=true
2025-08-11 12:29:21,871 [ERROR] 没有获取到热榜数据，退出。
2025-08-11 13:32:50,924 [ERROR] 请求失败：403 Client Error: Forbidden for url: https://www.zhihu.com/api/v4/search/top_search
2025-08-11 13:32:50,924 [ERROR] 没有获取到热搜数据，退出。
2025-08-11 13:32:51,327 [ERROR] 请求失败：401 Client Error: Authorization Required for url: https://www.zhihu.com/api/v3/feed/topstory/hot-lists/total?limit=50&desktop=true
2025-08-11 13:32:51,328 [ERROR] 没有获取到热榜数据，退出。
2025-08-11 14:15:51,737 [INFO] 成功写入 10 条热搜到 hotresearch/2025_8_11/2025_8_11_14.txt
2025-08-11 14:15:52,721 [ERROR] 请求失败：403 Client Error: Forbidden for url: https://www.zhihu.com/api/v3/feed/topstory/hot-lists/total?limit=50&desktop=true
2025-08-11 14:15:52,721 [ERROR] 没有获取到热榜数据，退出。
2025-08-11 15:15:16,436 [ERROR] 请求失败：403 Client Error: Forbidden for url: https://www.zhihu.com/api/v4/search/top_search
2025-08-11 15:15:16,436 [ERROR] 没有获取到热搜数据，退出。
2025-08-11 15:15:17,287 [ERROR] 请求失败：403 Client Error: Forbidden for url: https://www.zhihu.com/api/v3/feed/topstory/hot-lists/total?limit=50&desktop=true
2025-08-11 15:15:17,287 [ERROR] 没有获取到热榜数据，退出。
2025-08-11 16:17:27,678 [ERROR] 请求失败：403 Client Error: Forbidden for url: https://www.zhihu.com/api/v4/search/top_search
2025-08-11 16:17:27,678 [ERROR] 没有获取到热搜数据，退出。
2025-08-11 16:17:28,023 [ERROR] 请求失败：401 Client Error: Authorization Required for url: https://www.zhihu.com/api/v3/feed/topstory/hot-lists/total?limit=50&desktop=true
2025-08-11 16:17:28,023 [ERROR] 没有获取到热榜数据，退出。
2025-08-11 17:14:33,171 [ERROR] 请求失败：403 Client Error: Forbidden for url: https://www.zhihu.com/api/v4/search/top_search
2025-08-11 17:14:33,171 [ERROR] 没有获取到热搜数据，退出。
2025-08-11 17:14:34,161 [ERROR] 请求失败：403 Client Error: Forbidden for url: https://www.zhihu.com/api/v3/feed/topstory/hot-lists/total?limit=50&desktop=true
2025-08-11 17:14:34,161 [ERROR] 没有获取到热榜数据，退出。
2025-08-11 18:20:31,494 [ERROR] 请求失败：403 Client Error: Forbidden for url: https://www.zhihu.com/api/v4/search/top_search
2025-08-11 18:20:31,494 [ERROR] 没有获取到热搜数据，退出。
2025-08-11 18:20:31,908 [ERROR] 请求失败：401 Client Error: Authorization Required for url: https://www.zhihu.com/api/v3/feed/topstory/hot-lists/total?limit=50&desktop=true
2025-08-11 18:20:31,908 [ERROR] 没有获取到热榜数据，退出。
2025-08-11 19:13:07,971 [ERROR] 请求失败：403 Client Error: Forbidden for url: https://www.zhihu.com/api/v4/search/top_search
2025-08-11 19:13:07,971 [ERROR] 没有获取到热搜数据，退出。
2025-08-11 19:13:08,826 [ERROR] 请求失败：401 Client Error: Authorization Required for url: https://www.zhihu.com/api/v3/feed/topstory/hot-lists/total?limit=50&desktop=true
2025-08-11 19:13:08,826 [ERROR] 没有获取到热榜数据，退出。
2025-08-11 20:14:31,056 [ERROR] 请求失败：403 Client Error: Forbidden for url: https://www.zhihu.com/api/v4/search/top_search
2025-08-11 20:14:31,056 [ERROR] 没有获取到热搜数据，退出。
2025-08-11 20:14:31,601 [ERROR] 请求失败：401 Client Error: Authorization Required for url: https://www.zhihu.com/api/v3/feed/topstory/hot-lists/total?limit=50&desktop=true
2025-08-11 20:14:31,601 [ERROR] 没有获取到热榜数据，退出。
2025-08-11 21:13:04,991 [INFO] 成功写入 10 条热搜到 hotresearch/2025_8_11/2025_8_11_21.txt
2025-08-11 21:13:05,418 [ERROR] 请求失败：401 Client Error: Authorization Required for url: https://www.zhihu.com/api/v3/feed/topstory/hot-lists/total?limit=50&desktop=true
2025-08-11 21:13:05,419 [ERROR] 没有获取到热榜数据，退出。
2025-08-11 22:12:52,731 [ERROR] 请求失败：403 Client Error: Forbidden for url: https://www.zhihu.com/api/v4/search/top_search
2025-08-11 22:12:52,731 [ERROR] 没有获取到热搜数据，退出。
2025-08-11 22:12:53,664 [ERROR] 请求失败：401 Client Error: Authorization Required for url: https://www.zhihu.com/api/v3/feed/topstory/hot-lists/total?limit=50&desktop=true
2025-08-11 22:12:53,664 [ERROR] 没有获取到热榜数据，退出。
2025-08-11 23:12:32,056 [ERROR] 请求失败：403 Client Error: Forbidden for url: https://www.zhihu.com/api/v4/search/top_search
2025-08-11 23:12:32,056 [ERROR] 没有获取到热搜数据，退出。
2025-08-11 23:12:32,902 [ERROR] 请求失败：403 Client Error: Forbidden for url: https://www.zhihu.com/api/v3/feed/topstory/hot-lists/total?limit=50&desktop=true
2025-08-11 23:12:32,902 [ERROR] 没有获取到热榜数据，退出。
