2025-12-23 01:07:28,322 [INFO] 成功写入 10 条热搜到 hotresearch/2025_12_23/2025_12_23_1.txt
2025-12-23 01:07:29,969 [ERROR] 请求失败：403 Client Error: Forbidden for url: https://www.zhihu.com/api/v3/feed/topstory/hot-lists/total?limit=50&desktop=true
2025-12-23 01:07:29,969 [ERROR] 没有获取到热榜数据，退出。
2025-12-23 03:20:54,791 [INFO] 成功写入 10 条热搜到 hotresearch/2025_12_23/2025_12_23_3.txt
2025-12-23 03:20:55,220 [ERROR] 请求失败：401 Client Error: Authorization Required for url: https://www.zhihu.com/api/v3/feed/topstory/hot-lists/total?limit=50&desktop=true
2025-12-23 03:20:55,220 [ERROR] 没有获取到热榜数据，退出。
2025-12-23 04:31:53,962 [INFO] 成功写入 10 条热搜到 hotresearch/2025_12_23/2025_12_23_4.txt
2025-12-23 04:31:54,316 [ERROR] 请求失败：401 Client Error: Authorization Required for url: https://www.zhihu.com/api/v3/feed/topstory/hot-lists/total?limit=50&desktop=true
2025-12-23 04:31:54,316 [ERROR] 没有获取到热榜数据，退出。
2025-12-23 05:18:18,469 [ERROR] 请求失败：403 Client Error: Forbidden for url: https://www.zhihu.com/api/v4/search/top_search
2025-12-23 05:18:18,469 [ERROR] 没有获取到热搜数据，退出。
2025-12-23 05:18:19,009 [ERROR] 请求失败：403 Client Error: Forbidden for url: https://www.zhihu.com/api/v3/feed/topstory/hot-lists/total?limit=50&desktop=true
2025-12-23 05:18:19,009 [ERROR] 没有获取到热榜数据，退出。
2025-12-23 06:22:58,781 [INFO] 成功写入 10 条热搜到 hotresearch/2025_12_23/2025_12_23_6.txt
2025-12-23 06:22:59,269 [ERROR] 请求失败：401 Client Error: Authorization Required for url: https://www.zhihu.com/api/v3/feed/topstory/hot-lists/total?limit=50&desktop=true
2025-12-23 06:22:59,269 [ERROR] 没有获取到热榜数据，退出。
2025-12-23 07:18:26,058 [INFO] 成功写入 10 条热搜到 hotresearch/2025_12_23/2025_12_23_7.txt
2025-12-23 07:18:26,598 [ERROR] 请求失败：401 Client Error: Authorization Required for url: https://www.zhihu.com/api/v3/feed/topstory/hot-lists/total?limit=50&desktop=true
2025-12-23 07:18:26,598 [ERROR] 没有获取到热榜数据，退出。
2025-12-23 08:20:29,285 [INFO] 成功写入 10 条热搜到 hotresearch/2025_12_23/2025_12_23_8.txt
2025-12-23 08:20:29,762 [ERROR] 请求失败：403 Client Error: Forbidden for url: https://www.zhihu.com/api/v3/feed/topstory/hot-lists/total?limit=50&desktop=true
2025-12-23 08:20:29,762 [ERROR] 没有获取到热榜数据，退出。
2025-12-23 09:18:42,628 [INFO] 成功写入 10 条热搜到 hotresearch/2025_12_23/2025_12_23_9.txt
2025-12-23 09:18:42,977 [ERROR] 请求失败：401 Client Error: Authorization Required for url: https://www.zhihu.com/api/v3/feed/topstory/hot-lists/total?limit=50&desktop=true
2025-12-23 09:18:42,977 [ERROR] 没有获取到热榜数据，退出。
2025-12-23 10:15:56,406 [INFO] 成功写入 10 条热搜到 hotresearch/2025_12_23/2025_12_23_10.txt
2025-12-23 10:15:56,756 [ERROR] 请求失败：401 Client Error: Authorization Required for url: https://www.zhihu.com/api/v3/feed/topstory/hot-lists/total?limit=50&desktop=true
2025-12-23 10:15:56,756 [ERROR] 没有获取到热榜数据，退出。
2025-12-23 11:13:13,062 [INFO] 成功写入 10 条热搜到 hotresearch/2025_12_23/2025_12_23_11.txt
2025-12-23 11:13:13,463 [ERROR] 请求失败：401 Client Error: Authorization Required for url: https://www.zhihu.com/api/v3/feed/topstory/hot-lists/total?limit=50&desktop=true
2025-12-23 11:13:13,463 [ERROR] 没有获取到热榜数据，退出。
