2025-10-21 01:01:50,107 [INFO] 成功写入 10 条热搜到 hotresearch/2025_10_21/2025_10_21_1.txt
2025-10-21 01:01:50,485 [ERROR] 请求失败：401 Client Error: Authorization Required for url: https://www.zhihu.com/api/v3/feed/topstory/hot-lists/total?limit=50&desktop=true
2025-10-21 01:01:50,485 [ERROR] 没有获取到热榜数据，退出。
2025-10-21 03:00:42,009 [INFO] 成功写入 10 条热搜到 hotresearch/2025_10_21/2025_10_21_3.txt
2025-10-21 03:00:42,562 [ERROR] 请求失败：403 Client Error: Forbidden for url: https://www.zhihu.com/api/v3/feed/topstory/hot-lists/total?limit=50&desktop=true
2025-10-21 03:00:42,562 [ERROR] 没有获取到热榜数据，退出。
2025-10-21 04:15:21,657 [INFO] 成功写入 10 条热搜到 hotresearch/2025_10_21/2025_10_21_4.txt
2025-10-21 04:15:22,143 [ERROR] 请求失败：403 Client Error: Forbidden for url: https://www.zhihu.com/api/v3/feed/topstory/hot-lists/total?limit=50&desktop=true
2025-10-21 04:15:22,144 [ERROR] 没有获取到热榜数据，退出。
2025-10-21 05:13:10,247 [INFO] 成功写入 10 条热搜到 hotresearch/2025_10_21/2025_10_21_5.txt
2025-10-21 05:13:10,702 [ERROR] 请求失败：401 Client Error: Authorization Required for url: https://www.zhihu.com/api/v3/feed/topstory/hot-lists/total?limit=50&desktop=true
2025-10-21 05:13:10,702 [ERROR] 没有获取到热榜数据，退出。
2025-10-21 06:19:51,099 [INFO] 成功写入 10 条热搜到 hotresearch/2025_10_21/2025_10_21_6.txt
2025-10-21 06:19:51,530 [ERROR] 请求失败：401 Client Error: Authorization Required for url: https://www.zhihu.com/api/v3/feed/topstory/hot-lists/total?limit=50&desktop=true
2025-10-21 06:19:51,530 [ERROR] 没有获取到热榜数据，退出。
2025-10-21 07:13:34,989 [INFO] 成功写入 10 条热搜到 hotresearch/2025_10_21/2025_10_21_7.txt
2025-10-21 07:13:35,441 [ERROR] 请求失败：403 Client Error: Forbidden for url: https://www.zhihu.com/api/v3/feed/topstory/hot-lists/total?limit=50&desktop=true
2025-10-21 07:13:35,441 [ERROR] 没有获取到热榜数据，退出。
2025-10-21 08:18:38,235 [WARNING] Retrying (Retry(total=4, connect=None, read=None, redirect=None, status=None)) after connection broken by 'NewConnectionError('<urllib3.connection.HTTPSConnection object at 0x7f46e7517230>: Failed to establish a new connection: [Errno 101] Network is unreachable')': /api/v4/search/top_search
2025-10-21 08:18:50,242 [WARNING] Retrying (Retry(total=3, connect=None, read=None, redirect=None, status=None)) after connection broken by 'NewConnectionError('<urllib3.connection.HTTPSConnection object at 0x7f46e70f9f40>: Failed to establish a new connection: [Errno 101] Network is unreachable')': /api/v4/search/top_search
2025-10-21 08:19:04,243 [WARNING] Retrying (Retry(total=2, connect=None, read=None, redirect=None, status=None)) after connection broken by 'NewConnectionError('<urllib3.connection.HTTPSConnection object at 0x7f46e7126750>: Failed to establish a new connection: [Errno 101] Network is unreachable')': /api/v4/search/top_search
2025-10-21 08:19:22,254 [WARNING] Retrying (Retry(total=1, connect=None, read=None, redirect=None, status=None)) after connection broken by 'NewConnectionError('<urllib3.connection.HTTPSConnection object at 0x7f46e71268a0>: Failed to establish a new connection: [Errno 101] Network is unreachable')': /api/v4/search/top_search
2025-10-21 08:19:48,265 [WARNING] Retrying (Retry(total=0, connect=None, read=None, redirect=None, status=None)) after connection broken by 'NewConnectionError('<urllib3.connection.HTTPSConnection object at 0x7f46e71269f0>: Failed to establish a new connection: [Errno 101] Network is unreachable')': /api/v4/search/top_search
2025-10-21 08:19:58,393 [ERROR] 请求失败：HTTPSConnectionPool(host='www.zhihu.com', port=443): Max retries exceeded with url: /api/v4/search/top_search (Caused by NewConnectionError('<urllib3.connection.HTTPSConnection object at 0x7f46e7126b40>: Failed to establish a new connection: [Errno 101] Network is unreachable'))
2025-10-21 08:19:58,393 [ERROR] 没有获取到热搜数据，退出。
2025-10-21 08:20:08,512 [WARNING] Retrying (Retry(total=4, connect=None, read=None, redirect=None, status=None)) after connection broken by 'NewConnectionError('<urllib3.connection.HTTPSConnection object at 0x7f7c92a3aba0>: Failed to establish a new connection: [Errno 101] Network is unreachable')': /api/v3/feed/topstory/hot-lists/total?limit=50&desktop=true
2025-10-21 08:20:20,521 [WARNING] Retrying (Retry(total=3, connect=None, read=None, redirect=None, status=None)) after connection broken by 'NewConnectionError('<urllib3.connection.HTTPSConnection object at 0x7f7c9394b1d0>: Failed to establish a new connection: [Errno 101] Network is unreachable')': /api/v3/feed/topstory/hot-lists/total?limit=50&desktop=true
2025-10-21 08:20:34,532 [WARNING] Retrying (Retry(total=2, connect=None, read=None, redirect=None, status=None)) after connection broken by 'NewConnectionError('<urllib3.connection.HTTPSConnection object at 0x7f7c92a3ab70>: Failed to establish a new connection: [Errno 101] Network is unreachable')': /api/v3/feed/topstory/hot-lists/total?limit=50&desktop=true
2025-10-21 08:20:52,544 [WARNING] Retrying (Retry(total=1, connect=None, read=None, redirect=None, status=None)) after connection broken by 'NewConnectionError('<urllib3.connection.HTTPSConnection object at 0x7f7c92a3ade0>: Failed to establish a new connection: [Errno 101] Network is unreachable')': /api/v3/feed/topstory/hot-lists/total?limit=50&desktop=true
2025-10-21 08:21:18,654 [WARNING] Retrying (Retry(total=0, connect=None, read=None, redirect=None, status=None)) after connection broken by 'NewConnectionError('<urllib3.connection.HTTPSConnection object at 0x7f7c92a3af30>: Failed to establish a new connection: [Errno 101] Network is unreachable')': /api/v3/feed/topstory/hot-lists/total?limit=50&desktop=true
2025-10-21 08:21:28,657 [ERROR] 请求失败：HTTPSConnectionPool(host='www.zhihu.com', port=443): Max retries exceeded with url: /api/v3/feed/topstory/hot-lists/total?limit=50&desktop=true (Caused by NewConnectionError('<urllib3.connection.HTTPSConnection object at 0x7f7c92a3b080>: Failed to establish a new connection: [Errno 101] Network is unreachable'))
2025-10-21 08:21:28,657 [ERROR] 没有获取到热榜数据，退出。
2025-10-21 09:14:15,435 [INFO] 成功写入 10 条热搜到 hotresearch/2025_10_21/2025_10_21_9.txt
2025-10-21 09:14:15,795 [ERROR] 请求失败：401 Client Error: Authorization Required for url: https://www.zhihu.com/api/v3/feed/topstory/hot-lists/total?limit=50&desktop=true
2025-10-21 09:14:15,795 [ERROR] 没有获取到热榜数据，退出。
2025-10-21 10:13:55,651 [INFO] 成功写入 10 条热搜到 hotresearch/2025_10_21/2025_10_21_10.txt
2025-10-21 10:13:56,105 [ERROR] 请求失败：403 Client Error: Forbidden for url: https://www.zhihu.com/api/v3/feed/topstory/hot-lists/total?limit=50&desktop=true
2025-10-21 10:13:56,106 [ERROR] 没有获取到热榜数据，退出。
2025-10-21 11:10:57,753 [INFO] 成功写入 10 条热搜到 hotresearch/2025_10_21/2025_10_21_11.txt
2025-10-21 11:10:58,607 [ERROR] 请求失败：403 Client Error: Forbidden for url: https://www.zhihu.com/api/v3/feed/topstory/hot-lists/total?limit=50&desktop=true
2025-10-21 11:10:58,607 [ERROR] 没有获取到热榜数据，退出。
2025-10-21 12:27:04,896 [INFO] 成功写入 10 条热搜到 hotresearch/2025_10_21/2025_10_21_12.txt
2025-10-21 12:27:05,295 [ERROR] 请求失败：401 Client Error: Authorization Required for url: https://www.zhihu.com/api/v3/feed/topstory/hot-lists/total?limit=50&desktop=true
2025-10-21 12:27:05,295 [ERROR] 没有获取到热榜数据，退出。
2025-10-21 13:28:31,699 [INFO] 成功写入 10 条热搜到 hotresearch/2025_10_21/2025_10_21_13.txt
2025-10-21 13:28:32,077 [ERROR] 请求失败：401 Client Error: Authorization Required for url: https://www.zhihu.com/api/v3/feed/topstory/hot-lists/total?limit=50&desktop=true
2025-10-21 13:28:32,077 [ERROR] 没有获取到热榜数据，退出。
2025-10-21 14:12:52,364 [INFO] 成功写入 10 条热搜到 hotresearch/2025_10_21/2025_10_21_14.txt
2025-10-21 14:12:52,759 [ERROR] 请求失败：401 Client Error: Authorization Required for url: https://www.zhihu.com/api/v3/feed/topstory/hot-lists/total?limit=50&desktop=true
2025-10-21 14:12:52,759 [ERROR] 没有获取到热榜数据，退出。
2025-10-21 15:13:49,951 [INFO] 成功写入 10 条热搜到 hotresearch/2025_10_21/2025_10_21_15.txt
2025-10-21 15:13:50,420 [ERROR] 请求失败：403 Client Error: Forbidden for url: https://www.zhihu.com/api/v3/feed/topstory/hot-lists/total?limit=50&desktop=true
2025-10-21 15:13:50,420 [ERROR] 没有获取到热榜数据，退出。
2025-10-21 16:17:03,002 [INFO] 成功写入 10 条热搜到 hotresearch/2025_10_21/2025_10_21_16.txt
2025-10-21 16:17:03,438 [ERROR] 请求失败：403 Client Error: Forbidden for url: https://www.zhihu.com/api/v3/feed/topstory/hot-lists/total?limit=50&desktop=true
2025-10-21 16:17:03,438 [ERROR] 没有获取到热榜数据，退出。
2025-10-21 17:12:38,390 [WARNING] Retrying (Retry(total=4, connect=None, read=None, redirect=None, status=None)) after connection broken by 'NewConnectionError('<urllib3.connection.HTTPSConnection object at 0x7fb8e54f7230>: Failed to establish a new connection: [Errno 101] Network is unreachable')': /api/v4/search/top_search
2025-10-21 17:12:50,401 [WARNING] Retrying (Retry(total=3, connect=None, read=None, redirect=None, status=None)) after connection broken by 'NewConnectionError('<urllib3.connection.HTTPSConnection object at 0x7fb8e5cc9f70>: Failed to establish a new connection: [Errno 101] Network is unreachable')': /api/v4/search/top_search
2025-10-21 17:13:04,413 [WARNING] Retrying (Retry(total=2, connect=None, read=None, redirect=None, status=None)) after connection broken by 'NewConnectionError('<urllib3.connection.HTTPSConnection object at 0x7fb8e50ee660>: Failed to establish a new connection: [Errno 101] Network is unreachable')': /api/v4/search/top_search
2025-10-21 17:13:22,423 [WARNING] Retrying (Retry(total=1, connect=None, read=None, redirect=None, status=None)) after connection broken by 'NewConnectionError('<urllib3.connection.HTTPSConnection object at 0x7fb8e50ee7b0>: Failed to establish a new connection: [Errno 101] Network is unreachable')': /api/v4/search/top_search
2025-10-21 17:13:48,434 [WARNING] Retrying (Retry(total=0, connect=None, read=None, redirect=None, status=None)) after connection broken by 'NewConnectionError('<urllib3.connection.HTTPSConnection object at 0x7fb8e50ee900>: Failed to establish a new connection: [Errno 101] Network is unreachable')': /api/v4/search/top_search
2025-10-21 17:13:58,497 [ERROR] 请求失败：HTTPSConnectionPool(host='www.zhihu.com', port=443): Max retries exceeded with url: /api/v4/search/top_search (Caused by NewConnectionError('<urllib3.connection.HTTPSConnection object at 0x7fb8e50eea50>: Failed to establish a new connection: [Errno 101] Network is unreachable'))
2025-10-21 17:13:58,497 [ERROR] 没有获取到热搜数据，退出。
2025-10-21 17:14:08,631 [WARNING] Retrying (Retry(total=4, connect=None, read=None, redirect=None, status=None)) after connection broken by 'NewConnectionError('<urllib3.connection.HTTPSConnection object at 0x7fced803aba0>: Failed to establish a new connection: [Errno 101] Network is unreachable')': /api/v3/feed/topstory/hot-lists/total?limit=50&desktop=true
2025-10-21 17:14:20,639 [WARNING] Retrying (Retry(total=3, connect=None, read=None, redirect=None, status=None)) after connection broken by 'NewConnectionError('<urllib3.connection.HTTPSConnection object at 0x7fced8f4b1d0>: Failed to establish a new connection: [Errno 101] Network is unreachable')': /api/v3/feed/topstory/hot-lists/total?limit=50&desktop=true
2025-10-21 17:14:34,651 [WARNING] Retrying (Retry(total=2, connect=None, read=None, redirect=None, status=None)) after connection broken by 'NewConnectionError('<urllib3.connection.HTTPSConnection object at 0x7fced803ab70>: Failed to establish a new connection: [Errno 101] Network is unreachable')': /api/v3/feed/topstory/hot-lists/total?limit=50&desktop=true
2025-10-21 17:14:52,663 [WARNING] Retrying (Retry(total=1, connect=None, read=None, redirect=None, status=None)) after connection broken by 'NewConnectionError('<urllib3.connection.HTTPSConnection object at 0x7fced803ade0>: Failed to establish a new connection: [Errno 101] Network is unreachable')': /api/v3/feed/topstory/hot-lists/total?limit=50&desktop=true
2025-10-21 17:15:18,699 [WARNING] Retrying (Retry(total=0, connect=None, read=None, redirect=None, status=None)) after connection broken by 'NewConnectionError('<urllib3.connection.HTTPSConnection object at 0x7fced803af30>: Failed to establish a new connection: [Errno 101] Network is unreachable')': /api/v3/feed/topstory/hot-lists/total?limit=50&desktop=true
2025-10-21 17:15:28,710 [ERROR] 请求失败：HTTPSConnectionPool(host='www.zhihu.com', port=443): Max retries exceeded with url: /api/v3/feed/topstory/hot-lists/total?limit=50&desktop=true (Caused by NewConnectionError('<urllib3.connection.HTTPSConnection object at 0x7fced803b080>: Failed to establish a new connection: [Errno 101] Network is unreachable'))
2025-10-21 17:15:28,710 [ERROR] 没有获取到热榜数据，退出。
2025-10-21 18:17:53,724 [INFO] 成功写入 10 条热搜到 hotresearch/2025_10_21/2025_10_21_18.txt
2025-10-21 18:17:54,648 [ERROR] 请求失败：401 Client Error: Authorization Required for url: https://www.zhihu.com/api/v3/feed/topstory/hot-lists/total?limit=50&desktop=true
2025-10-21 18:17:54,648 [ERROR] 没有获取到热榜数据，退出。
