2025-09-18 00:57:21,861 [ERROR] 请求失败：403 Client Error: Forbidden for url: https://www.zhihu.com/api/v4/search/top_search
2025-09-18 00:57:21,861 [ERROR] 没有获取到热搜数据，退出。
2025-09-18 00:57:22,345 [ERROR] 请求失败：401 Client Error: Authorization Required for url: https://www.zhihu.com/api/v3/feed/topstory/hot-lists/total?limit=50&desktop=true
2025-09-18 00:57:22,345 [ERROR] 没有获取到热榜数据，退出。
2025-09-18 02:19:03,415 [INFO] 成功写入 10 条热搜到 hotresearch/2025_9_18/2025_9_18_2.txt
2025-09-18 02:19:03,893 [ERROR] 请求失败：403 Client Error: Forbidden for url: https://www.zhihu.com/api/v3/feed/topstory/hot-lists/total?limit=50&desktop=true
2025-09-18 02:19:03,893 [ERROR] 没有获取到热榜数据，退出。
2025-09-18 03:25:21,609 [ERROR] 请求失败：403 Client Error: Forbidden for url: https://www.zhihu.com/api/v4/search/top_search
2025-09-18 03:25:21,610 [ERROR] 没有获取到热搜数据，退出。
2025-09-18 03:25:22,085 [ERROR] 请求失败：403 Client Error: Forbidden for url: https://www.zhihu.com/api/v3/feed/topstory/hot-lists/total?limit=50&desktop=true
2025-09-18 03:25:22,085 [ERROR] 没有获取到热榜数据，退出。
2025-09-18 04:15:11,313 [ERROR] 请求失败：403 Client Error: Forbidden for url: https://www.zhihu.com/api/v4/search/top_search
2025-09-18 04:15:11,313 [ERROR] 没有获取到热搜数据，退出。
2025-09-18 04:15:12,158 [ERROR] 请求失败：403 Client Error: Forbidden for url: https://www.zhihu.com/api/v3/feed/topstory/hot-lists/total?limit=50&desktop=true
2025-09-18 04:15:12,158 [ERROR] 没有获取到热榜数据，退出。
2025-09-18 05:11:55,283 [ERROR] 请求失败：403 Client Error: Forbidden for url: https://www.zhihu.com/api/v4/search/top_search
2025-09-18 05:11:55,283 [ERROR] 没有获取到热搜数据，退出。
2025-09-18 05:11:55,679 [ERROR] 请求失败：403 Client Error: Forbidden for url: https://www.zhihu.com/api/v3/feed/topstory/hot-lists/total?limit=50&desktop=true
2025-09-18 05:11:55,679 [ERROR] 没有获取到热榜数据，退出。
2025-09-18 06:19:13,105 [INFO] 成功写入 10 条热搜到 hotresearch/2025_9_18/2025_9_18_6.txt
2025-09-18 06:19:13,931 [ERROR] 请求失败：403 Client Error: Forbidden for url: https://www.zhihu.com/api/v3/feed/topstory/hot-lists/total?limit=50&desktop=true
2025-09-18 06:19:13,931 [ERROR] 没有获取到热榜数据，退出。
2025-09-18 07:12:15,256 [ERROR] 请求失败：403 Client Error: Forbidden for url: https://www.zhihu.com/api/v4/search/top_search
2025-09-18 07:12:15,256 [ERROR] 没有获取到热搜数据，退出。
2025-09-18 07:12:15,752 [ERROR] 请求失败：403 Client Error: Forbidden for url: https://www.zhihu.com/api/v3/feed/topstory/hot-lists/total?limit=50&desktop=true
2025-09-18 07:12:15,752 [ERROR] 没有获取到热榜数据，退出。
2025-09-18 08:16:21,622 [ERROR] 请求失败：403 Client Error: Forbidden for url: https://www.zhihu.com/api/v4/search/top_search
2025-09-18 08:16:21,622 [ERROR] 没有获取到热搜数据，退出。
2025-09-18 08:16:22,092 [ERROR] 请求失败：403 Client Error: Forbidden for url: https://www.zhihu.com/api/v3/feed/topstory/hot-lists/total?limit=50&desktop=true
2025-09-18 08:16:22,092 [ERROR] 没有获取到热榜数据，退出。
2025-09-18 09:13:19,727 [ERROR] 请求失败：403 Client Error: Forbidden for url: https://www.zhihu.com/api/v4/search/top_search
2025-09-18 09:13:19,727 [ERROR] 没有获取到热搜数据，退出。
2025-09-18 09:13:20,189 [ERROR] 请求失败：403 Client Error: Forbidden for url: https://www.zhihu.com/api/v3/feed/topstory/hot-lists/total?limit=50&desktop=true
2025-09-18 09:13:20,190 [ERROR] 没有获取到热榜数据，退出。
2025-09-18 10:13:01,057 [ERROR] 请求失败：403 Client Error: Forbidden for url: https://www.zhihu.com/api/v4/search/top_search
2025-09-18 10:13:01,057 [ERROR] 没有获取到热搜数据，退出。
2025-09-18 10:13:01,436 [ERROR] 请求失败：401 Client Error: Authorization Required for url: https://www.zhihu.com/api/v3/feed/topstory/hot-lists/total?limit=50&desktop=true
2025-09-18 10:13:01,436 [ERROR] 没有获取到热榜数据，退出。
2025-09-18 11:09:55,566 [ERROR] 请求失败：403 Client Error: Forbidden for url: https://www.zhihu.com/api/v4/search/top_search
2025-09-18 11:09:55,566 [ERROR] 没有获取到热搜数据，退出。
2025-09-18 11:09:56,036 [ERROR] 请求失败：401 Client Error: Authorization Required for url: https://www.zhihu.com/api/v3/feed/topstory/hot-lists/total?limit=50&desktop=true
2025-09-18 11:09:56,036 [ERROR] 没有获取到热榜数据，退出。
