2025-08-18 01:10:48,432 [ERROR] 请求失败：403 Client Error: Forbidden for url: https://www.zhihu.com/api/v4/search/top_search
2025-08-18 01:10:48,432 [ERROR] 没有获取到热搜数据，退出。
2025-08-18 01:10:48,785 [ERROR] 请求失败：401 Client Error: Authorization Required for url: https://www.zhihu.com/api/v3/feed/topstory/hot-lists/total?limit=50&desktop=true
2025-08-18 01:10:48,785 [ERROR] 没有获取到热榜数据，退出。
2025-08-18 03:24:42,764 [ERROR] 请求失败：403 Client Error: Forbidden for url: https://www.zhihu.com/api/v4/search/top_search
2025-08-18 03:24:42,764 [ERROR] 没有获取到热搜数据，退出。
2025-08-18 03:24:43,231 [ERROR] 请求失败：401 Client Error: Authorization Required for url: https://www.zhihu.com/api/v3/feed/topstory/hot-lists/total?limit=50&desktop=true
2025-08-18 03:24:43,232 [ERROR] 没有获取到热榜数据，退出。
2025-08-18 04:32:57,463 [ERROR] 请求失败：403 Client Error: Forbidden for url: https://www.zhihu.com/api/v4/search/top_search
2025-08-18 04:32:57,463 [ERROR] 没有获取到热搜数据，退出。
2025-08-18 04:32:58,554 [ERROR] 请求失败：403 Client Error: Forbidden for url: https://www.zhihu.com/api/v3/feed/topstory/hot-lists/total?limit=50&desktop=true
2025-08-18 04:32:58,554 [ERROR] 没有获取到热榜数据，退出。
2025-08-18 05:18:11,426 [ERROR] 请求失败：403 Client Error: Forbidden for url: https://www.zhihu.com/api/v4/search/top_search
2025-08-18 05:18:11,426 [ERROR] 没有获取到热搜数据，退出。
2025-08-18 05:18:11,925 [ERROR] 请求失败：403 Client Error: Forbidden for url: https://www.zhihu.com/api/v3/feed/topstory/hot-lists/total?limit=50&desktop=true
2025-08-18 05:18:11,925 [ERROR] 没有获取到热榜数据，退出。
2025-08-18 06:22:27,816 [ERROR] 请求失败：403 Client Error: Forbidden for url: https://www.zhihu.com/api/v4/search/top_search
2025-08-18 06:22:27,816 [ERROR] 没有获取到热搜数据，退出。
2025-08-18 06:22:28,274 [ERROR] 请求失败：401 Client Error: Authorization Required for url: https://www.zhihu.com/api/v3/feed/topstory/hot-lists/total?limit=50&desktop=true
2025-08-18 06:22:28,274 [ERROR] 没有获取到热榜数据，退出。
2025-08-18 07:17:41,025 [ERROR] 请求失败：403 Client Error: Forbidden for url: https://www.zhihu.com/api/v4/search/top_search
2025-08-18 07:17:41,025 [ERROR] 没有获取到热搜数据，退出。
2025-08-18 07:17:41,514 [ERROR] 请求失败：403 Client Error: Forbidden for url: https://www.zhihu.com/api/v3/feed/topstory/hot-lists/total?limit=50&desktop=true
2025-08-18 07:17:41,514 [ERROR] 没有获取到热榜数据，退出。
2025-08-18 08:20:35,330 [ERROR] 请求失败：403 Client Error: Forbidden for url: https://www.zhihu.com/api/v4/search/top_search
2025-08-18 08:20:35,330 [ERROR] 没有获取到热搜数据，退出。
2025-08-18 08:20:35,822 [ERROR] 请求失败：401 Client Error: Authorization Required for url: https://www.zhihu.com/api/v3/feed/topstory/hot-lists/total?limit=50&desktop=true
2025-08-18 08:20:35,822 [ERROR] 没有获取到热榜数据，退出。
