2025-08-01 01:18:35,512 [ERROR] 请求失败：403 Client Error: Forbidden for url: https://www.zhihu.com/api/v4/search/top_search
2025-08-01 01:18:35,512 [ERROR] 没有获取到热搜数据，退出。
2025-08-01 01:18:36,337 [ERROR] 请求失败：403 Client Error: Forbidden for url: https://www.zhihu.com/api/v3/feed/topstory/hot-lists/total?limit=50&desktop=true
2025-08-01 01:18:36,337 [ERROR] 没有获取到热榜数据，退出。
2025-08-01 03:50:26,833 [ERROR] 请求失败：403 Client Error: Forbidden for url: https://www.zhihu.com/api/v4/search/top_search
2025-08-01 03:50:26,833 [ERROR] 没有获取到热搜数据，退出。
2025-08-01 03:50:27,249 [ERROR] 请求失败：403 Client Error: Forbidden for url: https://www.zhihu.com/api/v3/feed/topstory/hot-lists/total?limit=50&desktop=true
2025-08-01 03:50:27,250 [ERROR] 没有获取到热榜数据，退出。
2025-08-01 04:47:59,312 [ERROR] 请求失败：403 Client Error: Forbidden for url: https://www.zhihu.com/api/v4/search/top_search
2025-08-01 04:47:59,312 [ERROR] 没有获取到热搜数据，退出。
2025-08-01 04:47:59,664 [ERROR] 请求失败：401 Client Error: Authorization Required for url: https://www.zhihu.com/api/v3/feed/topstory/hot-lists/total?limit=50&desktop=true
2025-08-01 04:47:59,664 [ERROR] 没有获取到热榜数据，退出。
2025-08-01 05:26:37,247 [ERROR] 请求失败：403 Client Error: Forbidden for url: https://www.zhihu.com/api/v4/search/top_search
2025-08-01 05:26:37,248 [ERROR] 没有获取到热搜数据，退出。
2025-08-01 05:26:37,608 [ERROR] 请求失败：401 Client Error: Authorization Required for url: https://www.zhihu.com/api/v3/feed/topstory/hot-lists/total?limit=50&desktop=true
2025-08-01 05:26:37,608 [ERROR] 没有获取到热榜数据，退出。
2025-08-01 06:23:33,017 [ERROR] 请求失败：403 Client Error: Forbidden for url: https://www.zhihu.com/api/v4/search/top_search
2025-08-01 06:23:33,017 [ERROR] 没有获取到热搜数据，退出。
2025-08-01 06:23:33,888 [ERROR] 请求失败：403 Client Error: Forbidden for url: https://www.zhihu.com/api/v3/feed/topstory/hot-lists/total?limit=50&desktop=true
2025-08-01 06:23:33,888 [ERROR] 没有获取到热榜数据，退出。
2025-08-01 07:20:30,217 [ERROR] 请求失败：403 Client Error: Forbidden for url: https://www.zhihu.com/api/v4/search/top_search
2025-08-01 07:20:30,217 [ERROR] 没有获取到热搜数据，退出。
2025-08-01 07:20:31,139 [ERROR] 请求失败：403 Client Error: Forbidden for url: https://www.zhihu.com/api/v3/feed/topstory/hot-lists/total?limit=50&desktop=true
2025-08-01 07:20:31,139 [ERROR] 没有获取到热榜数据，退出。
2025-08-01 08:19:24,765 [INFO] 成功写入 10 条热搜到 hotresearch/2025_8_1/2025_8_1_8.txt
2025-08-01 08:19:25,615 [ERROR] 请求失败：403 Client Error: Forbidden for url: https://www.zhihu.com/api/v3/feed/topstory/hot-lists/total?limit=50&desktop=true
2025-08-01 08:19:25,615 [ERROR] 没有获取到热榜数据，退出。
2025-08-01 09:19:43,240 [ERROR] 请求失败：403 Client Error: Forbidden for url: https://www.zhihu.com/api/v4/search/top_search
2025-08-01 09:19:43,240 [ERROR] 没有获取到热搜数据，退出。
2025-08-01 09:19:43,729 [ERROR] 请求失败：401 Client Error: Authorization Required for url: https://www.zhihu.com/api/v3/feed/topstory/hot-lists/total?limit=50&desktop=true
2025-08-01 09:19:43,729 [ERROR] 没有获取到热榜数据，退出。
2025-08-01 10:15:25,575 [ERROR] 请求失败：403 Client Error: Forbidden for url: https://www.zhihu.com/api/v4/search/top_search
2025-08-01 10:15:25,575 [ERROR] 没有获取到热搜数据，退出。
2025-08-01 10:15:25,916 [ERROR] 请求失败：401 Client Error: Authorization Required for url: https://www.zhihu.com/api/v3/feed/topstory/hot-lists/total?limit=50&desktop=true
2025-08-01 10:15:25,916 [ERROR] 没有获取到热榜数据，退出。
2025-08-01 11:12:31,355 [INFO] 成功写入 10 条热搜到 hotresearch/2025_8_1/2025_8_1_11.txt
2025-08-01 11:12:31,759 [ERROR] 请求失败：401 Client Error: Authorization Required for url: https://www.zhihu.com/api/v3/feed/topstory/hot-lists/total?limit=50&desktop=true
2025-08-01 11:12:31,759 [ERROR] 没有获取到热榜数据，退出。
2025-08-01 12:28:37,314 [ERROR] 请求失败：403 Client Error: Forbidden for url: https://www.zhihu.com/api/v4/search/top_search
2025-08-01 12:28:37,314 [ERROR] 没有获取到热搜数据，退出。
2025-08-01 12:28:37,734 [ERROR] 请求失败：401 Client Error: Authorization Required for url: https://www.zhihu.com/api/v3/feed/topstory/hot-lists/total?limit=50&desktop=true
2025-08-01 12:28:37,735 [ERROR] 没有获取到热榜数据，退出。
2025-08-01 13:33:05,187 [ERROR] 请求失败：403 Client Error: Forbidden for url: https://www.zhihu.com/api/v4/search/top_search
2025-08-01 13:33:05,187 [ERROR] 没有获取到热搜数据，退出。
2025-08-01 13:33:05,598 [ERROR] 请求失败：401 Client Error: Authorization Required for url: https://www.zhihu.com/api/v3/feed/topstory/hot-lists/total?limit=50&desktop=true
2025-08-01 13:33:05,598 [ERROR] 没有获取到热榜数据，退出。
2025-08-01 14:16:08,326 [ERROR] 请求失败：403 Client Error: Forbidden for url: https://www.zhihu.com/api/v4/search/top_search
2025-08-01 14:16:08,326 [ERROR] 没有获取到热搜数据，退出。
2025-08-01 14:16:09,187 [ERROR] 请求失败：403 Client Error: Forbidden for url: https://www.zhihu.com/api/v3/feed/topstory/hot-lists/total?limit=50&desktop=true
2025-08-01 14:16:09,187 [ERROR] 没有获取到热榜数据，退出。
2025-08-01 15:15:09,150 [ERROR] 请求失败：403 Client Error: Forbidden for url: https://www.zhihu.com/api/v4/search/top_search
2025-08-01 15:15:09,150 [ERROR] 没有获取到热搜数据，退出。
2025-08-01 15:15:09,502 [ERROR] 请求失败：401 Client Error: Authorization Required for url: https://www.zhihu.com/api/v3/feed/topstory/hot-lists/total?limit=50&desktop=true
2025-08-01 15:15:09,502 [ERROR] 没有获取到热榜数据，退出。
2025-08-01 16:18:03,454 [ERROR] 请求失败：403 Client Error: Forbidden for url: https://www.zhihu.com/api/v4/search/top_search
2025-08-01 16:18:03,454 [ERROR] 没有获取到热搜数据，退出。
2025-08-01 16:18:04,324 [ERROR] 请求失败：403 Client Error: Forbidden for url: https://www.zhihu.com/api/v3/feed/topstory/hot-lists/total?limit=50&desktop=true
2025-08-01 16:18:04,325 [ERROR] 没有获取到热榜数据，退出。
2025-08-01 17:16:17,363 [ERROR] 请求失败：403 Client Error: Forbidden for url: https://www.zhihu.com/api/v4/search/top_search
2025-08-01 17:16:17,363 [ERROR] 没有获取到热搜数据，退出。
2025-08-01 17:16:18,239 [ERROR] 请求失败：401 Client Error: Authorization Required for url: https://www.zhihu.com/api/v3/feed/topstory/hot-lists/total?limit=50&desktop=true
2025-08-01 17:16:18,239 [ERROR] 没有获取到热榜数据，退出。
