2025-05-12 01:05:32,368 [ERROR] 请求失败：403 Client Error: Forbidden for url: https://www.zhihu.com/api/v4/search/top_search
2025-05-12 01:05:32,368 [ERROR] 没有获取到热搜数据，退出。
2025-05-12 01:05:32,817 [ERROR] 请求失败：401 Client Error: Authorization Required for url: https://www.zhihu.com/api/v3/feed/topstory/hot-lists/total?limit=50&desktop=true
2025-05-12 01:05:32,817 [ERROR] 没有获取到热榜数据，退出。
2025-05-12 03:09:25,281 [ERROR] 请求失败：403 Client Error: Forbidden for url: https://www.zhihu.com/api/v4/search/top_search
2025-05-12 03:09:25,281 [ERROR] 没有获取到热搜数据，退出。
2025-05-12 03:09:25,806 [ERROR] 请求失败：401 Client Error: Authorization Required for url: https://www.zhihu.com/api/v3/feed/topstory/hot-lists/total?limit=50&desktop=true
2025-05-12 03:09:25,806 [ERROR] 没有获取到热榜数据，退出。
2025-05-12 04:17:37,211 [ERROR] 请求失败：403 Client Error: Forbidden for url: https://www.zhihu.com/api/v4/search/top_search
2025-05-12 04:17:37,211 [ERROR] 没有获取到热搜数据，退出。
2025-05-12 04:17:37,563 [ERROR] 请求失败：401 Client Error: Authorization Required for url: https://www.zhihu.com/api/v3/feed/topstory/hot-lists/total?limit=50&desktop=true
2025-05-12 04:17:37,563 [ERROR] 没有获取到热榜数据，退出。
2025-05-12 05:13:49,361 [ERROR] 请求失败：403 Client Error: Forbidden for url: https://www.zhihu.com/api/v4/search/top_search
2025-05-12 05:13:49,361 [ERROR] 没有获取到热搜数据，退出。
2025-05-12 05:13:49,709 [ERROR] 请求失败：401 Client Error: Authorization Required for url: https://www.zhihu.com/api/v3/feed/topstory/hot-lists/total?limit=50&desktop=true
2025-05-12 05:13:49,709 [ERROR] 没有获取到热榜数据，退出。
2025-05-12 06:19:39,137 [ERROR] 请求失败：403 Client Error: Forbidden for url: https://www.zhihu.com/api/v4/search/top_search
2025-05-12 06:19:39,137 [ERROR] 没有获取到热搜数据，退出。
2025-05-12 06:19:39,597 [ERROR] 请求失败：401 Client Error: Authorization Required for url: https://www.zhihu.com/api/v3/feed/topstory/hot-lists/total?limit=50&desktop=true
2025-05-12 06:19:39,597 [ERROR] 没有获取到热榜数据，退出。
2025-05-12 07:13:24,965 [ERROR] 请求失败：403 Client Error: Forbidden for url: https://www.zhihu.com/api/v4/search/top_search
2025-05-12 07:13:24,965 [ERROR] 没有获取到热搜数据，退出。
2025-05-12 07:13:25,394 [ERROR] 请求失败：401 Client Error: Authorization Required for url: https://www.zhihu.com/api/v3/feed/topstory/hot-lists/total?limit=50&desktop=true
2025-05-12 07:13:25,394 [ERROR] 没有获取到热榜数据，退出。
2025-05-12 08:18:30,061 [ERROR] 请求失败：403 Client Error: Forbidden for url: https://www.zhihu.com/api/v4/search/top_search
2025-05-12 08:18:30,061 [ERROR] 没有获取到热搜数据，退出。
2025-05-12 08:18:30,514 [ERROR] 请求失败：403 Client Error: Forbidden for url: https://www.zhihu.com/api/v3/feed/topstory/hot-lists/total?limit=50&desktop=true
2025-05-12 08:18:30,514 [ERROR] 没有获取到热榜数据，退出。
2025-05-12 09:14:52,401 [ERROR] 请求失败：403 Client Error: Forbidden for url: https://www.zhihu.com/api/v4/search/top_search
2025-05-12 09:14:52,401 [ERROR] 没有获取到热搜数据，退出。
2025-05-12 09:14:52,937 [ERROR] 请求失败：403 Client Error: Forbidden for url: https://www.zhihu.com/api/v3/feed/topstory/hot-lists/total?limit=50&desktop=true
2025-05-12 09:14:52,937 [ERROR] 没有获取到热榜数据，退出。
2025-05-12 10:14:50,404 [ERROR] 请求失败：403 Client Error: Forbidden for url: https://www.zhihu.com/api/v4/search/top_search
2025-05-12 10:14:50,404 [ERROR] 没有获取到热搜数据，退出。
2025-05-12 10:14:50,879 [ERROR] 请求失败：401 Client Error: Authorization Required for url: https://www.zhihu.com/api/v3/feed/topstory/hot-lists/total?limit=50&desktop=true
2025-05-12 10:14:50,879 [ERROR] 没有获取到热榜数据，退出。
2025-05-12 11:11:23,434 [ERROR] 请求失败：403 Client Error: Forbidden for url: https://www.zhihu.com/api/v4/search/top_search
2025-05-12 11:11:23,434 [ERROR] 没有获取到热搜数据，退出。
2025-05-12 11:11:23,881 [ERROR] 请求失败：401 Client Error: Authorization Required for url: https://www.zhihu.com/api/v3/feed/topstory/hot-lists/total?limit=50&desktop=true
2025-05-12 11:11:23,881 [ERROR] 没有获取到热榜数据，退出。
