2025-08-19 01:03:50,151 [ERROR] 请求失败：403 Client Error: Forbidden for url: https://www.zhihu.com/api/v4/search/top_search
2025-08-19 01:03:50,151 [ERROR] 没有获取到热搜数据，退出。
2025-08-19 01:03:50,505 [ERROR] 请求失败：401 Client Error: Authorization Required for url: https://www.zhihu.com/api/v3/feed/topstory/hot-lists/total?limit=50&desktop=true
2025-08-19 01:03:50,506 [ERROR] 没有获取到热榜数据，退出。
2025-08-19 03:05:31,552 [ERROR] 请求失败：403 Client Error: Forbidden for url: https://www.zhihu.com/api/v4/search/top_search
2025-08-19 03:05:31,552 [ERROR] 没有获取到热搜数据，退出。
2025-08-19 03:05:31,901 [ERROR] 请求失败：401 Client Error: Authorization Required for url: https://www.zhihu.com/api/v3/feed/topstory/hot-lists/total?limit=50&desktop=true
2025-08-19 03:05:31,901 [ERROR] 没有获取到热榜数据，退出。
2025-08-19 04:16:05,939 [ERROR] 请求失败：403 Client Error: Forbidden for url: https://www.zhihu.com/api/v4/search/top_search
2025-08-19 04:16:05,939 [ERROR] 没有获取到热搜数据，退出。
2025-08-19 04:16:06,362 [ERROR] 请求失败：401 Client Error: Authorization Required for url: https://www.zhihu.com/api/v3/feed/topstory/hot-lists/total?limit=50&desktop=true
2025-08-19 04:16:06,363 [ERROR] 没有获取到热榜数据，退出。
2025-08-19 05:13:22,836 [ERROR] 请求失败：403 Client Error: Forbidden for url: https://www.zhihu.com/api/v4/search/top_search
2025-08-19 05:13:22,836 [ERROR] 没有获取到热搜数据，退出。
2025-08-19 05:13:23,255 [ERROR] 请求失败：403 Client Error: Forbidden for url: https://www.zhihu.com/api/v3/feed/topstory/hot-lists/total?limit=50&desktop=true
2025-08-19 05:13:23,255 [ERROR] 没有获取到热榜数据，退出。
2025-08-19 06:20:04,260 [ERROR] 请求失败：403 Client Error: Forbidden for url: https://www.zhihu.com/api/v4/search/top_search
2025-08-19 06:20:04,260 [ERROR] 没有获取到热搜数据，退出。
2025-08-19 06:20:04,746 [ERROR] 请求失败：401 Client Error: Authorization Required for url: https://www.zhihu.com/api/v3/feed/topstory/hot-lists/total?limit=50&desktop=true
2025-08-19 06:20:04,746 [ERROR] 没有获取到热榜数据，退出。
2025-08-19 07:13:05,513 [ERROR] 请求失败：403 Client Error: Forbidden for url: https://www.zhihu.com/api/v4/search/top_search
2025-08-19 07:13:05,513 [ERROR] 没有获取到热搜数据，退出。
2025-08-19 07:13:06,114 [ERROR] 请求失败：401 Client Error: Authorization Required for url: https://www.zhihu.com/api/v3/feed/topstory/hot-lists/total?limit=50&desktop=true
2025-08-19 07:13:06,114 [ERROR] 没有获取到热榜数据，退出。
2025-08-19 08:17:47,493 [ERROR] 请求失败：403 Client Error: Forbidden for url: https://www.zhihu.com/api/v4/search/top_search
2025-08-19 08:17:47,493 [ERROR] 没有获取到热搜数据，退出。
2025-08-19 08:17:48,145 [ERROR] 请求失败：403 Client Error: Forbidden for url: https://www.zhihu.com/api/v3/feed/topstory/hot-lists/total?limit=50&desktop=true
2025-08-19 08:17:48,145 [ERROR] 没有获取到热榜数据，退出。
