2025-11-20 01:01:58,457 [INFO] 成功写入 10 条热搜到 hotresearch/2025_11_20/2025_11_20_1.txt
2025-11-20 01:01:58,906 [ERROR] 请求失败：403 Client Error: Forbidden for url: https://www.zhihu.com/api/v3/feed/topstory/hot-lists/total?limit=50&desktop=true
2025-11-20 01:01:58,906 [ERROR] 没有获取到热榜数据，退出。
2025-11-20 03:04:13,636 [INFO] 成功写入 10 条热搜到 hotresearch/2025_11_20/2025_11_20_3.txt
2025-11-20 03:04:14,088 [ERROR] 请求失败：403 Client Error: Forbidden for url: https://www.zhihu.com/api/v3/feed/topstory/hot-lists/total?limit=50&desktop=true
2025-11-20 03:04:14,088 [ERROR] 没有获取到热榜数据，退出。
2025-11-20 04:15:57,048 [INFO] 成功写入 10 条热搜到 hotresearch/2025_11_20/2025_11_20_4.txt
2025-11-20 04:15:57,612 [ERROR] 请求失败：403 Client Error: Forbidden for url: https://www.zhihu.com/api/v3/feed/topstory/hot-lists/total?limit=50&desktop=true
2025-11-20 04:15:57,613 [ERROR] 没有获取到热榜数据，退出。
2025-11-20 05:13:33,246 [INFO] 成功写入 10 条热搜到 hotresearch/2025_11_20/2025_11_20_5.txt
2025-11-20 05:13:33,715 [ERROR] 请求失败：401 Client Error: Authorization Required for url: https://www.zhihu.com/api/v3/feed/topstory/hot-lists/total?limit=50&desktop=true
2025-11-20 05:13:33,715 [ERROR] 没有获取到热榜数据，退出。
2025-11-20 06:20:02,412 [INFO] 成功写入 10 条热搜到 hotresearch/2025_11_20/2025_11_20_6.txt
2025-11-20 06:20:03,065 [ERROR] 请求失败：403 Client Error: Forbidden for url: https://www.zhihu.com/api/v3/feed/topstory/hot-lists/total?limit=50&desktop=true
2025-11-20 06:20:03,065 [ERROR] 没有获取到热榜数据，退出。
2025-11-20 07:13:29,074 [INFO] 成功写入 10 条热搜到 hotresearch/2025_11_20/2025_11_20_7.txt
2025-11-20 07:13:29,635 [ERROR] 请求失败：401 Client Error: Authorization Required for url: https://www.zhihu.com/api/v3/feed/topstory/hot-lists/total?limit=50&desktop=true
2025-11-20 07:13:29,635 [ERROR] 没有获取到热榜数据，退出。
2025-11-20 08:19:07,945 [INFO] 成功写入 10 条热搜到 hotresearch/2025_11_20/2025_11_20_8.txt
2025-11-20 08:19:08,436 [ERROR] 请求失败：403 Client Error: Forbidden for url: https://www.zhihu.com/api/v3/feed/topstory/hot-lists/total?limit=50&desktop=true
2025-11-20 08:19:08,436 [ERROR] 没有获取到热榜数据，退出。
2025-11-20 09:14:33,750 [INFO] 成功写入 10 条热搜到 hotresearch/2025_11_20/2025_11_20_9.txt
2025-11-20 09:14:34,108 [ERROR] 请求失败：401 Client Error: Authorization Required for url: https://www.zhihu.com/api/v3/feed/topstory/hot-lists/total?limit=50&desktop=true
2025-11-20 09:14:34,108 [ERROR] 没有获取到热榜数据，退出。
2025-11-20 10:14:39,960 [INFO] 成功写入 10 条热搜到 hotresearch/2025_11_20/2025_11_20_10.txt
2025-11-20 10:14:40,436 [ERROR] 请求失败：403 Client Error: Forbidden for url: https://www.zhihu.com/api/v3/feed/topstory/hot-lists/total?limit=50&desktop=true
2025-11-20 10:14:40,437 [ERROR] 没有获取到热榜数据，退出。
2025-11-20 11:12:02,015 [INFO] 成功写入 10 条热搜到 hotresearch/2025_11_20/2025_11_20_11.txt
2025-11-20 11:12:02,395 [ERROR] 请求失败：401 Client Error: Authorization Required for url: https://www.zhihu.com/api/v3/feed/topstory/hot-lists/total?limit=50&desktop=true
2025-11-20 11:12:02,395 [ERROR] 没有获取到热榜数据，退出。
2025-11-20 12:27:23,921 [INFO] 成功写入 10 条热搜到 hotresearch/2025_11_20/2025_11_20_12.txt
2025-11-20 12:27:24,392 [ERROR] 请求失败：403 Client Error: Forbidden for url: https://www.zhihu.com/api/v3/feed/topstory/hot-lists/total?limit=50&desktop=true
2025-11-20 12:27:24,392 [ERROR] 没有获取到热榜数据，退出。
2025-11-20 13:25:35,832 [INFO] 成功写入 10 条热搜到 hotresearch/2025_11_20/2025_11_20_13.txt
2025-11-20 13:25:36,182 [ERROR] 请求失败：401 Client Error: Authorization Required for url: https://www.zhihu.com/api/v3/feed/topstory/hot-lists/total?limit=50&desktop=true
2025-11-20 13:25:36,182 [ERROR] 没有获取到热榜数据，退出。
2025-11-20 14:13:28,273 [ERROR] 请求失败：403 Client Error: Forbidden for url: https://www.zhihu.com/api/v4/search/top_search
2025-11-20 14:13:28,273 [ERROR] 没有获取到热搜数据，退出。
2025-11-20 14:13:28,730 [ERROR] 请求失败：401 Client Error: Authorization Required for url: https://www.zhihu.com/api/v3/feed/topstory/hot-lists/total?limit=50&desktop=true
2025-11-20 14:13:28,730 [ERROR] 没有获取到热榜数据，退出。
2025-11-20 15:14:10,814 [INFO] 成功写入 10 条热搜到 hotresearch/2025_11_20/2025_11_20_15.txt
2025-11-20 15:14:11,290 [ERROR] 请求失败：403 Client Error: Forbidden for url: https://www.zhihu.com/api/v3/feed/topstory/hot-lists/total?limit=50&desktop=true
2025-11-20 15:14:11,290 [ERROR] 没有获取到热榜数据，退出。
2025-11-20 16:17:22,388 [INFO] 成功写入 10 条热搜到 hotresearch/2025_11_20/2025_11_20_16.txt
2025-11-20 16:17:22,845 [ERROR] 请求失败：403 Client Error: Forbidden for url: https://www.zhihu.com/api/v3/feed/topstory/hot-lists/total?limit=50&desktop=true
2025-11-20 16:17:22,846 [ERROR] 没有获取到热榜数据，退出。
2025-11-20 17:11:10,838 [INFO] 成功写入 10 条热搜到 hotresearch/2025_11_20/2025_11_20_17.txt
2025-11-20 17:11:11,328 [ERROR] 请求失败：401 Client Error: Authorization Required for url: https://www.zhihu.com/api/v3/feed/topstory/hot-lists/total?limit=50&desktop=true
2025-11-20 17:11:11,328 [ERROR] 没有获取到热榜数据，退出。
2025-11-20 18:19:52,847 [INFO] 成功写入 10 条热搜到 hotresearch/2025_11_20/2025_11_20_18.txt
2025-11-20 18:19:53,351 [ERROR] 请求失败：401 Client Error: Authorization Required for url: https://www.zhihu.com/api/v3/feed/topstory/hot-lists/total?limit=50&desktop=true
2025-11-20 18:19:53,351 [ERROR] 没有获取到热榜数据，退出。
2025-11-20 19:10:29,431 [INFO] 成功写入 10 条热搜到 hotresearch/2025_11_20/2025_11_20_19.txt
2025-11-20 19:10:30,204 [ERROR] 请求失败：401 Client Error: Authorization Required for url: https://www.zhihu.com/api/v3/feed/topstory/hot-lists/total?limit=50&desktop=true
2025-11-20 19:10:30,204 [ERROR] 没有获取到热榜数据，退出。
2025-11-20 20:15:33,699 [INFO] 成功写入 10 条热搜到 hotresearch/2025_11_20/2025_11_20_20.txt
2025-11-20 20:15:34,039 [ERROR] 请求失败：401 Client Error: Authorization Required for url: https://www.zhihu.com/api/v3/feed/topstory/hot-lists/total?limit=50&desktop=true
2025-11-20 20:15:34,039 [ERROR] 没有获取到热榜数据，退出。
2025-11-20 21:12:32,177 [INFO] 成功写入 10 条热搜到 hotresearch/2025_11_20/2025_11_20_21.txt
2025-11-20 21:12:32,639 [ERROR] 请求失败：401 Client Error: Authorization Required for url: https://www.zhihu.com/api/v3/feed/topstory/hot-lists/total?limit=50&desktop=true
2025-11-20 21:12:32,639 [ERROR] 没有获取到热榜数据，退出。
