2025-07-13 01:14:39,163 [INFO] 成功写入 10 条热搜到 hotresearch/2025_7_13/2025_7_13_1.txt
2025-07-13 01:14:39,511 [ERROR] 请求失败：401 Client Error: Authorization Required for url: https://www.zhihu.com/api/v3/feed/topstory/hot-lists/total?limit=50&desktop=true
2025-07-13 01:14:39,511 [ERROR] 没有获取到热榜数据，退出。
2025-07-13 03:27:09,858 [ERROR] 请求失败：403 Client Error: Forbidden for url: https://www.zhihu.com/api/v4/search/top_search
2025-07-13 03:27:09,858 [ERROR] 没有获取到热搜数据，退出。
2025-07-13 03:27:10,340 [ERROR] 请求失败：403 Client Error: Forbidden for url: https://www.zhihu.com/api/v3/feed/topstory/hot-lists/total?limit=50&desktop=true
2025-07-13 03:27:10,341 [ERROR] 没有获取到热榜数据，退出。
2025-07-13 04:31:36,148 [ERROR] 请求失败：403 Client Error: Forbidden for url: https://www.zhihu.com/api/v4/search/top_search
2025-07-13 04:31:36,149 [ERROR] 没有获取到热搜数据，退出。
2025-07-13 04:31:36,496 [ERROR] 请求失败：401 Client Error: Authorization Required for url: https://www.zhihu.com/api/v3/feed/topstory/hot-lists/total?limit=50&desktop=true
2025-07-13 04:31:36,496 [ERROR] 没有获取到热榜数据，退出。
2025-07-13 05:16:11,113 [ERROR] 请求失败：403 Client Error: Forbidden for url: https://www.zhihu.com/api/v4/search/top_search
2025-07-13 05:16:11,113 [ERROR] 没有获取到热搜数据，退出。
2025-07-13 05:16:11,580 [ERROR] 请求失败：403 Client Error: Forbidden for url: https://www.zhihu.com/api/v3/feed/topstory/hot-lists/total?limit=50&desktop=true
2025-07-13 05:16:11,580 [ERROR] 没有获取到热榜数据，退出。
2025-07-13 06:19:21,764 [ERROR] 请求失败：403 Client Error: Forbidden for url: https://www.zhihu.com/api/v4/search/top_search
2025-07-13 06:19:21,764 [ERROR] 没有获取到热搜数据，退出。
2025-07-13 06:19:22,110 [ERROR] 请求失败：401 Client Error: Authorization Required for url: https://www.zhihu.com/api/v3/feed/topstory/hot-lists/total?limit=50&desktop=true
2025-07-13 06:19:22,110 [ERROR] 没有获取到热榜数据，退出。
2025-07-13 07:13:52,497 [ERROR] 请求失败：403 Client Error: Forbidden for url: https://www.zhihu.com/api/v4/search/top_search
2025-07-13 07:13:52,497 [ERROR] 没有获取到热搜数据，退出。
2025-07-13 07:13:52,956 [ERROR] 请求失败：401 Client Error: Authorization Required for url: https://www.zhihu.com/api/v3/feed/topstory/hot-lists/total?limit=50&desktop=true
2025-07-13 07:13:52,956 [ERROR] 没有获取到热榜数据，退出。
2025-07-13 08:16:09,037 [ERROR] 请求失败：403 Client Error: Forbidden for url: https://www.zhihu.com/api/v4/search/top_search
2025-07-13 08:16:09,038 [ERROR] 没有获取到热搜数据，退出。
2025-07-13 08:16:09,379 [ERROR] 请求失败：401 Client Error: Authorization Required for url: https://www.zhihu.com/api/v3/feed/topstory/hot-lists/total?limit=50&desktop=true
2025-07-13 08:16:09,379 [ERROR] 没有获取到热榜数据，退出。
