2025-07-03 01:06:00,549 [ERROR] 请求失败：403 Client Error: Forbidden for url: https://www.zhihu.com/api/v4/search/top_search
2025-07-03 01:06:00,549 [ERROR] 没有获取到热搜数据，退出。
2025-07-03 01:06:00,919 [ERROR] 请求失败：403 Client Error: Forbidden for url: https://www.zhihu.com/api/v3/feed/topstory/hot-lists/total?limit=50&desktop=true
2025-07-03 01:06:00,919 [ERROR] 没有获取到热榜数据，退出。
2025-07-03 03:15:22,315 [ERROR] 请求失败：403 Client Error: Forbidden for url: https://www.zhihu.com/api/v4/search/top_search
2025-07-03 03:15:22,315 [ERROR] 没有获取到热搜数据，退出。
2025-07-03 03:15:22,663 [ERROR] 请求失败：401 Client Error: Authorization Required for url: https://www.zhihu.com/api/v3/feed/topstory/hot-lists/total?limit=50&desktop=true
2025-07-03 03:15:22,663 [ERROR] 没有获取到热榜数据，退出。
2025-07-03 04:25:51,748 [ERROR] 请求失败：403 Client Error: Forbidden for url: https://www.zhihu.com/api/v4/search/top_search
2025-07-03 04:25:51,748 [ERROR] 没有获取到热搜数据，退出。
2025-07-03 04:25:52,231 [ERROR] 请求失败：401 Client Error: Authorization Required for url: https://www.zhihu.com/api/v3/feed/topstory/hot-lists/total?limit=50&desktop=true
2025-07-03 04:25:52,231 [ERROR] 没有获取到热榜数据，退出。
2025-07-03 05:17:32,985 [ERROR] 请求失败：403 Client Error: Forbidden for url: https://www.zhihu.com/api/v4/search/top_search
2025-07-03 05:17:32,985 [ERROR] 没有获取到热搜数据，退出。
2025-07-03 05:17:33,352 [ERROR] 请求失败：401 Client Error: Authorization Required for url: https://www.zhihu.com/api/v3/feed/topstory/hot-lists/total?limit=50&desktop=true
2025-07-03 05:17:33,352 [ERROR] 没有获取到热榜数据，退出。
2025-07-03 06:20:43,985 [ERROR] 请求失败：403 Client Error: Forbidden for url: https://www.zhihu.com/api/v4/search/top_search
2025-07-03 06:20:43,985 [ERROR] 没有获取到热搜数据，退出。
2025-07-03 06:20:44,490 [ERROR] 请求失败：403 Client Error: Forbidden for url: https://www.zhihu.com/api/v3/feed/topstory/hot-lists/total?limit=50&desktop=true
2025-07-03 06:20:44,490 [ERROR] 没有获取到热榜数据，退出。
2025-07-03 07:14:04,197 [ERROR] 请求失败：403 Client Error: Forbidden for url: https://www.zhihu.com/api/v4/search/top_search
2025-07-03 07:14:04,198 [ERROR] 没有获取到热搜数据，退出。
2025-07-03 07:14:04,652 [ERROR] 请求失败：401 Client Error: Authorization Required for url: https://www.zhihu.com/api/v3/feed/topstory/hot-lists/total?limit=50&desktop=true
2025-07-03 07:14:04,652 [ERROR] 没有获取到热榜数据，退出。
2025-07-03 08:18:01,891 [ERROR] 请求失败：403 Client Error: Forbidden for url: https://www.zhihu.com/api/v4/search/top_search
2025-07-03 08:18:01,891 [ERROR] 没有获取到热搜数据，退出。
2025-07-03 08:18:02,423 [ERROR] 请求失败：401 Client Error: Authorization Required for url: https://www.zhihu.com/api/v3/feed/topstory/hot-lists/total?limit=50&desktop=true
2025-07-03 08:18:02,423 [ERROR] 没有获取到热榜数据，退出。
