2025-07-01 01:13:35,920 [ERROR] 请求失败：403 Client Error: Forbidden for url: https://www.zhihu.com/api/v4/search/top_search
2025-07-01 01:13:35,920 [ERROR] 没有获取到热搜数据，退出。
2025-07-01 01:13:36,359 [ERROR] 请求失败：403 Client Error: Forbidden for url: https://www.zhihu.com/api/v3/feed/topstory/hot-lists/total?limit=50&desktop=true
2025-07-01 01:13:36,359 [ERROR] 没有获取到热榜数据，退出。
2025-07-01 03:25:11,017 [ERROR] 请求失败：403 Client Error: Forbidden for url: https://www.zhihu.com/api/v4/search/top_search
2025-07-01 03:25:11,017 [ERROR] 没有获取到热搜数据，退出。
2025-07-01 03:25:11,421 [ERROR] 请求失败：403 Client Error: Forbidden for url: https://www.zhihu.com/api/v3/feed/topstory/hot-lists/total?limit=50&desktop=true
2025-07-01 03:25:11,421 [ERROR] 没有获取到热榜数据，退出。
2025-07-01 04:32:38,188 [ERROR] 请求失败：403 Client Error: Forbidden for url: https://www.zhihu.com/api/v4/search/top_search
2025-07-01 04:32:38,188 [ERROR] 没有获取到热搜数据，退出。
2025-07-01 04:32:38,543 [ERROR] 请求失败：401 Client Error: Authorization Required for url: https://www.zhihu.com/api/v3/feed/topstory/hot-lists/total?limit=50&desktop=true
2025-07-01 04:32:38,543 [ERROR] 没有获取到热榜数据，退出。
2025-07-01 05:17:55,920 [ERROR] 请求失败：403 Client Error: Forbidden for url: https://www.zhihu.com/api/v4/search/top_search
2025-07-01 05:17:55,920 [ERROR] 没有获取到热搜数据，退出。
2025-07-01 05:17:56,416 [ERROR] 请求失败：401 Client Error: Authorization Required for url: https://www.zhihu.com/api/v3/feed/topstory/hot-lists/total?limit=50&desktop=true
2025-07-01 05:17:56,416 [ERROR] 没有获取到热榜数据，退出。
2025-07-01 06:20:27,900 [ERROR] 请求失败：403 Client Error: Forbidden for url: https://www.zhihu.com/api/v4/search/top_search
2025-07-01 06:20:27,900 [ERROR] 没有获取到热搜数据，退出。
2025-07-01 06:20:28,247 [ERROR] 请求失败：401 Client Error: Authorization Required for url: https://www.zhihu.com/api/v3/feed/topstory/hot-lists/total?limit=50&desktop=true
2025-07-01 06:20:28,247 [ERROR] 没有获取到热榜数据，退出。
2025-07-01 07:14:54,272 [ERROR] 请求失败：403 Client Error: Forbidden for url: https://www.zhihu.com/api/v4/search/top_search
2025-07-01 07:14:54,272 [ERROR] 没有获取到热搜数据，退出。
2025-07-01 07:14:54,777 [ERROR] 请求失败：401 Client Error: Authorization Required for url: https://www.zhihu.com/api/v3/feed/topstory/hot-lists/total?limit=50&desktop=true
2025-07-01 07:14:54,777 [ERROR] 没有获取到热榜数据，退出。
2025-07-01 08:18:56,038 [ERROR] 请求失败：403 Client Error: Forbidden for url: https://www.zhihu.com/api/v4/search/top_search
2025-07-01 08:18:56,038 [ERROR] 没有获取到热搜数据，退出。
2025-07-01 08:18:56,508 [ERROR] 请求失败：403 Client Error: Forbidden for url: https://www.zhihu.com/api/v3/feed/topstory/hot-lists/total?limit=50&desktop=true
2025-07-01 08:18:56,508 [ERROR] 没有获取到热榜数据，退出。
2025-07-01 09:16:08,872 [ERROR] 请求失败：403 Client Error: Forbidden for url: https://www.zhihu.com/api/v4/search/top_search
2025-07-01 09:16:08,872 [ERROR] 没有获取到热搜数据，退出。
2025-07-01 09:16:09,229 [ERROR] 请求失败：403 Client Error: Forbidden for url: https://www.zhihu.com/api/v3/feed/topstory/hot-lists/total?limit=50&desktop=true
2025-07-01 09:16:09,229 [ERROR] 没有获取到热榜数据，退出。
2025-07-01 10:14:55,611 [ERROR] 请求失败：403 Client Error: Forbidden for url: https://www.zhihu.com/api/v4/search/top_search
2025-07-01 10:14:55,611 [ERROR] 没有获取到热搜数据，退出。
2025-07-01 10:14:56,089 [ERROR] 请求失败：401 Client Error: Authorization Required for url: https://www.zhihu.com/api/v3/feed/topstory/hot-lists/total?limit=50&desktop=true
2025-07-01 10:14:56,089 [ERROR] 没有获取到热榜数据，退出。
2025-07-01 11:11:47,926 [ERROR] 请求失败：403 Client Error: Forbidden for url: https://www.zhihu.com/api/v4/search/top_search
2025-07-01 11:11:47,926 [ERROR] 没有获取到热搜数据，退出。
2025-07-01 11:11:48,291 [ERROR] 请求失败：401 Client Error: Authorization Required for url: https://www.zhihu.com/api/v3/feed/topstory/hot-lists/total?limit=50&desktop=true
2025-07-01 11:11:48,292 [ERROR] 没有获取到热榜数据，退出。
2025-07-01 12:27:10,436 [ERROR] 请求失败：403 Client Error: Forbidden for url: https://www.zhihu.com/api/v4/search/top_search
2025-07-01 12:27:10,436 [ERROR] 没有获取到热搜数据，退出。
2025-07-01 12:27:10,910 [ERROR] 请求失败：401 Client Error: Authorization Required for url: https://www.zhihu.com/api/v3/feed/topstory/hot-lists/total?limit=50&desktop=true
2025-07-01 12:27:10,911 [ERROR] 没有获取到热榜数据，退出。
2025-07-01 13:28:23,900 [ERROR] 请求失败：403 Client Error: Forbidden for url: https://www.zhihu.com/api/v4/search/top_search
2025-07-01 13:28:23,900 [ERROR] 没有获取到热搜数据，退出。
2025-07-01 13:28:24,370 [ERROR] 请求失败：401 Client Error: Authorization Required for url: https://www.zhihu.com/api/v3/feed/topstory/hot-lists/total?limit=50&desktop=true
2025-07-01 13:28:24,370 [ERROR] 没有获取到热榜数据，退出。
2025-07-01 14:12:49,508 [ERROR] 请求失败：403 Client Error: Forbidden for url: https://www.zhihu.com/api/v4/search/top_search
2025-07-01 14:12:49,508 [ERROR] 没有获取到热搜数据，退出。
2025-07-01 14:12:49,931 [ERROR] 请求失败：401 Client Error: Authorization Required for url: https://www.zhihu.com/api/v3/feed/topstory/hot-lists/total?limit=50&desktop=true
2025-07-01 14:12:49,932 [ERROR] 没有获取到热榜数据，退出。
2025-07-01 15:14:14,736 [ERROR] 请求失败：403 Client Error: Forbidden for url: https://www.zhihu.com/api/v4/search/top_search
2025-07-01 15:14:14,736 [ERROR] 没有获取到热搜数据，退出。
2025-07-01 15:14:15,135 [ERROR] 请求失败：403 Client Error: Forbidden for url: https://www.zhihu.com/api/v3/feed/topstory/hot-lists/total?limit=50&desktop=true
2025-07-01 15:14:15,135 [ERROR] 没有获取到热榜数据，退出。
2025-07-01 16:17:13,677 [INFO] 成功写入 10 条热搜到 hotresearch/2025_7_1/2025_7_1_16.txt
2025-07-01 16:17:14,131 [ERROR] 请求失败：401 Client Error: Authorization Required for url: https://www.zhihu.com/api/v3/feed/topstory/hot-lists/total?limit=50&desktop=true
2025-07-01 16:17:14,131 [ERROR] 没有获取到热榜数据，退出。
2025-07-01 17:12:30,334 [ERROR] 请求失败：403 Client Error: Forbidden for url: https://www.zhihu.com/api/v4/search/top_search
2025-07-01 17:12:30,334 [ERROR] 没有获取到热搜数据，退出。
2025-07-01 17:12:30,794 [ERROR] 请求失败：401 Client Error: Authorization Required for url: https://www.zhihu.com/api/v3/feed/topstory/hot-lists/total?limit=50&desktop=true
2025-07-01 17:12:30,794 [ERROR] 没有获取到热榜数据，退出。
