2025-07-14 01:11:26,011 [ERROR] 请求失败：403 Client Error: Forbidden for url: https://www.zhihu.com/api/v4/search/top_search
2025-07-14 01:11:26,011 [ERROR] 没有获取到热搜数据，退出。
2025-07-14 01:11:26,423 [ERROR] 请求失败：401 Client Error: Authorization Required for url: https://www.zhihu.com/api/v3/feed/topstory/hot-lists/total?limit=50&desktop=true
2025-07-14 01:11:26,423 [ERROR] 没有获取到热榜数据，退出。
2025-07-14 03:27:00,626 [ERROR] 请求失败：403 Client Error: Forbidden for url: https://www.zhihu.com/api/v4/search/top_search
2025-07-14 03:27:00,627 [ERROR] 没有获取到热搜数据，退出。
2025-07-14 03:27:01,134 [ERROR] 请求失败：403 Client Error: Forbidden for url: https://www.zhihu.com/api/v3/feed/topstory/hot-lists/total?limit=50&desktop=true
2025-07-14 03:27:01,134 [ERROR] 没有获取到热榜数据，退出。
2025-07-14 04:35:25,910 [ERROR] 请求失败：403 Client Error: Forbidden for url: https://www.zhihu.com/api/v4/search/top_search
2025-07-14 04:35:25,910 [ERROR] 没有获取到热搜数据，退出。
2025-07-14 04:35:26,275 [ERROR] 请求失败：401 Client Error: Authorization Required for url: https://www.zhihu.com/api/v3/feed/topstory/hot-lists/total?limit=50&desktop=true
2025-07-14 04:35:26,275 [ERROR] 没有获取到热榜数据，退出。
2025-07-14 05:19:54,760 [ERROR] 请求失败：403 Client Error: Forbidden for url: https://www.zhihu.com/api/v4/search/top_search
2025-07-14 05:19:54,760 [ERROR] 没有获取到热搜数据，退出。
2025-07-14 05:19:55,208 [ERROR] 请求失败：401 Client Error: Authorization Required for url: https://www.zhihu.com/api/v3/feed/topstory/hot-lists/total?limit=50&desktop=true
2025-07-14 05:19:55,208 [ERROR] 没有获取到热榜数据，退出。
2025-07-14 06:21:50,789 [ERROR] 请求失败：403 Client Error: Forbidden for url: https://www.zhihu.com/api/v4/search/top_search
2025-07-14 06:21:50,789 [ERROR] 没有获取到热搜数据，退出。
2025-07-14 06:21:51,162 [ERROR] 请求失败：401 Client Error: Authorization Required for url: https://www.zhihu.com/api/v3/feed/topstory/hot-lists/total?limit=50&desktop=true
2025-07-14 06:21:51,162 [ERROR] 没有获取到热榜数据，退出。
2025-07-14 07:18:06,208 [ERROR] 请求失败：403 Client Error: Forbidden for url: https://www.zhihu.com/api/v4/search/top_search
2025-07-14 07:18:06,209 [ERROR] 没有获取到热搜数据，退出。
2025-07-14 07:18:06,686 [ERROR] 请求失败：401 Client Error: Authorization Required for url: https://www.zhihu.com/api/v3/feed/topstory/hot-lists/total?limit=50&desktop=true
2025-07-14 07:18:06,686 [ERROR] 没有获取到热榜数据，退出。
2025-07-14 08:20:22,170 [ERROR] 请求失败：403 Client Error: Forbidden for url: https://www.zhihu.com/api/v4/search/top_search
2025-07-14 08:20:22,170 [ERROR] 没有获取到热搜数据，退出。
2025-07-14 08:20:22,619 [ERROR] 请求失败：403 Client Error: Forbidden for url: https://www.zhihu.com/api/v3/feed/topstory/hot-lists/total?limit=50&desktop=true
2025-07-14 08:20:22,619 [ERROR] 没有获取到热榜数据，退出。
2025-07-14 09:21:05,638 [ERROR] 请求失败：403 Client Error: Forbidden for url: https://www.zhihu.com/api/v4/search/top_search
2025-07-14 09:21:05,638 [ERROR] 没有获取到热搜数据，退出。
2025-07-14 09:21:06,112 [ERROR] 请求失败：403 Client Error: Forbidden for url: https://www.zhihu.com/api/v3/feed/topstory/hot-lists/total?limit=50&desktop=true
2025-07-14 09:21:06,113 [ERROR] 没有获取到热榜数据，退出。
2025-07-14 10:15:36,070 [ERROR] 请求失败：403 Client Error: Forbidden for url: https://www.zhihu.com/api/v4/search/top_search
2025-07-14 10:15:36,070 [ERROR] 没有获取到热搜数据，退出。
2025-07-14 10:15:36,540 [ERROR] 请求失败：401 Client Error: Authorization Required for url: https://www.zhihu.com/api/v3/feed/topstory/hot-lists/total?limit=50&desktop=true
2025-07-14 10:15:36,541 [ERROR] 没有获取到热榜数据，退出。
2025-07-14 11:12:26,466 [ERROR] 请求失败：403 Client Error: Forbidden for url: https://www.zhihu.com/api/v4/search/top_search
2025-07-14 11:12:26,466 [ERROR] 没有获取到热搜数据，退出。
2025-07-14 11:12:26,959 [ERROR] 请求失败：401 Client Error: Authorization Required for url: https://www.zhihu.com/api/v3/feed/topstory/hot-lists/total?limit=50&desktop=true
2025-07-14 11:12:26,959 [ERROR] 没有获取到热榜数据，退出。
2025-07-14 12:28:20,152 [ERROR] 请求失败：403 Client Error: Forbidden for url: https://www.zhihu.com/api/v4/search/top_search
2025-07-14 12:28:20,152 [ERROR] 没有获取到热搜数据，退出。
2025-07-14 12:28:20,628 [ERROR] 请求失败：401 Client Error: Authorization Required for url: https://www.zhihu.com/api/v3/feed/topstory/hot-lists/total?limit=50&desktop=true
2025-07-14 12:28:20,629 [ERROR] 没有获取到热榜数据，退出。
2025-07-14 13:31:11,687 [ERROR] 请求失败：403 Client Error: Forbidden for url: https://www.zhihu.com/api/v4/search/top_search
2025-07-14 13:31:11,687 [ERROR] 没有获取到热搜数据，退出。
2025-07-14 13:31:12,191 [ERROR] 请求失败：401 Client Error: Authorization Required for url: https://www.zhihu.com/api/v3/feed/topstory/hot-lists/total?limit=50&desktop=true
2025-07-14 13:31:12,191 [ERROR] 没有获取到热榜数据，退出。
2025-07-14 14:14:29,370 [ERROR] 请求失败：403 Client Error: Forbidden for url: https://www.zhihu.com/api/v4/search/top_search
2025-07-14 14:14:29,371 [ERROR] 没有获取到热搜数据，退出。
2025-07-14 14:14:29,868 [ERROR] 请求失败：401 Client Error: Authorization Required for url: https://www.zhihu.com/api/v3/feed/topstory/hot-lists/total?limit=50&desktop=true
2025-07-14 14:14:29,868 [ERROR] 没有获取到热榜数据，退出。
2025-07-14 15:15:08,155 [ERROR] 请求失败：403 Client Error: Forbidden for url: https://www.zhihu.com/api/v4/search/top_search
2025-07-14 15:15:08,155 [ERROR] 没有获取到热搜数据，退出。
2025-07-14 15:15:08,609 [ERROR] 请求失败：403 Client Error: Forbidden for url: https://www.zhihu.com/api/v3/feed/topstory/hot-lists/total?limit=50&desktop=true
2025-07-14 15:15:08,609 [ERROR] 没有获取到热榜数据，退出。
2025-07-14 16:17:39,395 [ERROR] 请求失败：403 Client Error: Forbidden for url: https://www.zhihu.com/api/v4/search/top_search
2025-07-14 16:17:39,395 [ERROR] 没有获取到热搜数据，退出。
2025-07-14 16:17:39,765 [ERROR] 请求失败：403 Client Error: Forbidden for url: https://www.zhihu.com/api/v3/feed/topstory/hot-lists/total?limit=50&desktop=true
2025-07-14 16:17:39,765 [ERROR] 没有获取到热榜数据，退出。
2025-07-14 17:13:59,416 [INFO] 成功写入 10 条热搜到 hotresearch/2025_7_14/2025_7_14_17.txt
2025-07-14 17:13:59,918 [ERROR] 请求失败：401 Client Error: Authorization Required for url: https://www.zhihu.com/api/v3/feed/topstory/hot-lists/total?limit=50&desktop=true
2025-07-14 17:13:59,918 [ERROR] 没有获取到热榜数据，退出。
2025-07-14 18:20:32,908 [ERROR] 请求失败：403 Client Error: Forbidden for url: https://www.zhihu.com/api/v4/search/top_search
2025-07-14 18:20:32,908 [ERROR] 没有获取到热搜数据，退出。
2025-07-14 18:20:33,443 [ERROR] 请求失败：401 Client Error: Authorization Required for url: https://www.zhihu.com/api/v3/feed/topstory/hot-lists/total?limit=50&desktop=true
2025-07-14 18:20:33,443 [ERROR] 没有获取到热榜数据，退出。
2025-07-14 19:11:46,253 [ERROR] 请求失败：403 Client Error: Forbidden for url: https://www.zhihu.com/api/v4/search/top_search
2025-07-14 19:11:46,253 [ERROR] 没有获取到热搜数据，退出。
2025-07-14 19:11:46,734 [ERROR] 请求失败：401 Client Error: Authorization Required for url: https://www.zhihu.com/api/v3/feed/topstory/hot-lists/total?limit=50&desktop=true
2025-07-14 19:11:46,734 [ERROR] 没有获取到热榜数据，退出。
