2025-10-22 01:02:52,285 [INFO] 成功写入 10 条热搜到 hotresearch/2025_10_22/2025_10_22_1.txt
2025-10-22 01:02:52,638 [ERROR] 请求失败：401 Client Error: Authorization Required for url: https://www.zhihu.com/api/v3/feed/topstory/hot-lists/total?limit=50&desktop=true
2025-10-22 01:02:52,638 [ERROR] 没有获取到热榜数据，退出。
2025-10-22 03:05:27,808 [ERROR] 请求失败：403 Client Error: Forbidden for url: https://www.zhihu.com/api/v4/search/top_search
2025-10-22 03:05:27,808 [ERROR] 没有获取到热搜数据，退出。
2025-10-22 03:05:28,230 [ERROR] 请求失败：403 Client Error: Forbidden for url: https://www.zhihu.com/api/v3/feed/topstory/hot-lists/total?limit=50&desktop=true
2025-10-22 03:05:28,230 [ERROR] 没有获取到热榜数据，退出。
2025-10-22 04:16:08,481 [WARNING] Retrying (Retry(total=4, connect=None, read=None, redirect=None, status=None)) after connection broken by 'NewConnectionError('<urllib3.connection.HTTPSConnection object at 0x7f65d3517230>: Failed to establish a new connection: [Errno 101] Network is unreachable')': /api/v4/search/top_search
2025-10-22 04:16:20,493 [WARNING] Retrying (Retry(total=3, connect=None, read=None, redirect=None, status=None)) after connection broken by 'NewConnectionError('<urllib3.connection.HTTPSConnection object at 0x7f65d3f4b1d0>: Failed to establish a new connection: [Errno 101] Network is unreachable')': /api/v4/search/top_search
2025-10-22 04:16:34,504 [WARNING] Retrying (Retry(total=2, connect=None, read=None, redirect=None, status=None)) after connection broken by 'NewConnectionError('<urllib3.connection.HTTPSConnection object at 0x7f65d30fa750>: Failed to establish a new connection: [Errno 101] Network is unreachable')': /api/v4/search/top_search
2025-10-22 04:16:52,515 [WARNING] Retrying (Retry(total=1, connect=None, read=None, redirect=None, status=None)) after connection broken by 'NewConnectionError('<urllib3.connection.HTTPSConnection object at 0x7f65d30fa8a0>: Failed to establish a new connection: [Errno 101] Network is unreachable')': /api/v4/search/top_search
2025-10-22 04:17:18,526 [WARNING] Retrying (Retry(total=0, connect=None, read=None, redirect=None, status=None)) after connection broken by 'NewConnectionError('<urllib3.connection.HTTPSConnection object at 0x7f65d30fa9f0>: Failed to establish a new connection: [Errno 101] Network is unreachable')': /api/v4/search/top_search
2025-10-22 04:17:28,795 [ERROR] 请求失败：HTTPSConnectionPool(host='www.zhihu.com', port=443): Max retries exceeded with url: /api/v4/search/top_search (Caused by NewConnectionError('<urllib3.connection.HTTPSConnection object at 0x7f65d30fab40>: Failed to establish a new connection: [Errno 101] Network is unreachable'))
2025-10-22 04:17:28,796 [ERROR] 没有获取到热搜数据，退出。
2025-10-22 04:17:38,913 [WARNING] Retrying (Retry(total=4, connect=None, read=None, redirect=None, status=None)) after connection broken by 'NewConnectionError('<urllib3.connection.HTTPSConnection object at 0x7ff0f7344590>: Failed to establish a new connection: [Errno 101] Network is unreachable')': /api/v3/feed/topstory/hot-lists/total?limit=50&desktop=true
2025-10-22 04:17:50,924 [WARNING] Retrying (Retry(total=3, connect=None, read=None, redirect=None, status=None)) after connection broken by 'NewConnectionError('<urllib3.connection.HTTPSConnection object at 0x7ff0f74c1f40>: Failed to establish a new connection: [Errno 101] Network is unreachable')': /api/v3/feed/topstory/hot-lists/total?limit=50&desktop=true
2025-10-22 04:18:04,936 [WARNING] Retrying (Retry(total=2, connect=None, read=None, redirect=None, status=None)) after connection broken by 'NewConnectionError('<urllib3.connection.HTTPSConnection object at 0x7ff0f71e6ab0>: Failed to establish a new connection: [Errno 101] Network is unreachable')': /api/v3/feed/topstory/hot-lists/total?limit=50&desktop=true
2025-10-22 04:18:22,941 [WARNING] Retrying (Retry(total=1, connect=None, read=None, redirect=None, status=None)) after connection broken by 'NewConnectionError('<urllib3.connection.HTTPSConnection object at 0x7ff0f71e6d20>: Failed to establish a new connection: [Errno 101] Network is unreachable')': /api/v3/feed/topstory/hot-lists/total?limit=50&desktop=true
2025-10-22 04:18:49,206 [WARNING] Retrying (Retry(total=0, connect=None, read=None, redirect=None, status=None)) after connection broken by 'NewConnectionError('<urllib3.connection.HTTPSConnection object at 0x7ff0f71e6e70>: Failed to establish a new connection: [Errno 101] Network is unreachable')': /api/v3/feed/topstory/hot-lists/total?limit=50&desktop=true
2025-10-22 04:18:59,217 [ERROR] 请求失败：HTTPSConnectionPool(host='www.zhihu.com', port=443): Max retries exceeded with url: /api/v3/feed/topstory/hot-lists/total?limit=50&desktop=true (Caused by NewConnectionError('<urllib3.connection.HTTPSConnection object at 0x7ff0f71e6fc0>: Failed to establish a new connection: [Errno 101] Network is unreachable'))
2025-10-22 04:18:59,217 [ERROR] 没有获取到热榜数据，退出。
2025-10-22 05:13:24,790 [INFO] 成功写入 10 条热搜到 hotresearch/2025_10_22/2025_10_22_5.txt
2025-10-22 05:13:25,252 [ERROR] 请求失败：401 Client Error: Authorization Required for url: https://www.zhihu.com/api/v3/feed/topstory/hot-lists/total?limit=50&desktop=true
2025-10-22 05:13:25,252 [ERROR] 没有获取到热榜数据，退出。
2025-10-22 06:20:18,325 [ERROR] 请求失败：403 Client Error: Forbidden for url: https://www.zhihu.com/api/v4/search/top_search
2025-10-22 06:20:18,325 [ERROR] 没有获取到热搜数据，退出。
2025-10-22 06:20:18,816 [ERROR] 请求失败：401 Client Error: Authorization Required for url: https://www.zhihu.com/api/v3/feed/topstory/hot-lists/total?limit=50&desktop=true
2025-10-22 06:20:18,817 [ERROR] 没有获取到热榜数据，退出。
2025-10-22 07:13:00,792 [INFO] 成功写入 10 条热搜到 hotresearch/2025_10_22/2025_10_22_7.txt
2025-10-22 07:13:01,141 [ERROR] 请求失败：401 Client Error: Authorization Required for url: https://www.zhihu.com/api/v3/feed/topstory/hot-lists/total?limit=50&desktop=true
2025-10-22 07:13:01,142 [ERROR] 没有获取到热榜数据，退出。
