2025-10-19 01:07:10,842 [INFO] 成功写入 10 条热搜到 hotresearch/2025_10_19/2025_10_19_1.txt
2025-10-19 01:07:11,258 [ERROR] 请求失败：401 Client Error: Authorization Required for url: https://www.zhihu.com/api/v3/feed/topstory/hot-lists/total?limit=50&desktop=true
2025-10-19 01:07:11,258 [ERROR] 没有获取到热榜数据，退出。
2025-10-19 03:10:17,320 [ERROR] 请求失败：403 Client Error: Forbidden for url: https://www.zhihu.com/api/v4/search/top_search
2025-10-19 03:10:17,321 [ERROR] 没有获取到热搜数据，退出。
2025-10-19 03:10:17,714 [ERROR] 请求失败：401 Client Error: Authorization Required for url: https://www.zhihu.com/api/v3/feed/topstory/hot-lists/total?limit=50&desktop=true
2025-10-19 03:10:17,714 [ERROR] 没有获取到热榜数据，退出。
2025-10-19 04:16:25,592 [INFO] 成功写入 10 条热搜到 hotresearch/2025_10_19/2025_10_19_4.txt
2025-10-19 04:16:26,052 [ERROR] 请求失败：403 Client Error: Forbidden for url: https://www.zhihu.com/api/v3/feed/topstory/hot-lists/total?limit=50&desktop=true
2025-10-19 04:16:26,052 [ERROR] 没有获取到热榜数据，退出。
2025-10-19 05:12:15,799 [INFO] 成功写入 10 条热搜到 hotresearch/2025_10_19/2025_10_19_5.txt
2025-10-19 05:12:16,172 [ERROR] 请求失败：401 Client Error: Authorization Required for url: https://www.zhihu.com/api/v3/feed/topstory/hot-lists/total?limit=50&desktop=true
2025-10-19 05:12:16,173 [ERROR] 没有获取到热榜数据，退出。
2025-10-19 06:18:21,490 [ERROR] 请求失败：403 Client Error: Forbidden for url: https://www.zhihu.com/api/v4/search/top_search
2025-10-19 06:18:21,490 [ERROR] 没有获取到热搜数据，退出。
2025-10-19 06:18:22,014 [ERROR] 请求失败：403 Client Error: Forbidden for url: https://www.zhihu.com/api/v3/feed/topstory/hot-lists/total?limit=50&desktop=true
2025-10-19 06:18:22,014 [ERROR] 没有获取到热榜数据，退出。
2025-10-19 07:11:00,474 [INFO] 成功写入 10 条热搜到 hotresearch/2025_10_19/2025_10_19_7.txt
2025-10-19 07:11:00,957 [ERROR] 请求失败：403 Client Error: Forbidden for url: https://www.zhihu.com/api/v3/feed/topstory/hot-lists/total?limit=50&desktop=true
2025-10-19 07:11:00,958 [ERROR] 没有获取到热榜数据，退出。
2025-10-19 08:14:43,255 [INFO] 成功写入 10 条热搜到 hotresearch/2025_10_19/2025_10_19_8.txt
2025-10-19 08:14:43,687 [ERROR] 请求失败：401 Client Error: Authorization Required for url: https://www.zhihu.com/api/v3/feed/topstory/hot-lists/total?limit=50&desktop=true
2025-10-19 08:14:43,687 [ERROR] 没有获取到热榜数据，退出。
2025-10-19 09:11:33,873 [INFO] 成功写入 10 条热搜到 hotresearch/2025_10_19/2025_10_19_9.txt
2025-10-19 09:11:34,720 [ERROR] 请求失败：403 Client Error: Forbidden for url: https://www.zhihu.com/api/v3/feed/topstory/hot-lists/total?limit=50&desktop=true
2025-10-19 09:11:34,720 [ERROR] 没有获取到热榜数据，退出。
2025-10-19 10:11:56,392 [INFO] 成功写入 10 条热搜到 hotresearch/2025_10_19/2025_10_19_10.txt
2025-10-19 10:11:57,273 [ERROR] 请求失败：403 Client Error: Forbidden for url: https://www.zhihu.com/api/v3/feed/topstory/hot-lists/total?limit=50&desktop=true
2025-10-19 10:11:57,273 [ERROR] 没有获取到热榜数据，退出。
2025-10-19 11:09:06,116 [INFO] 成功写入 10 条热搜到 hotresearch/2025_10_19/2025_10_19_11.txt
2025-10-19 11:09:06,507 [ERROR] 请求失败：401 Client Error: Authorization Required for url: https://www.zhihu.com/api/v3/feed/topstory/hot-lists/total?limit=50&desktop=true
2025-10-19 11:09:06,507 [ERROR] 没有获取到热榜数据，退出。
2025-10-19 12:22:53,154 [INFO] 成功写入 10 条热搜到 hotresearch/2025_10_19/2025_10_19_12.txt
2025-10-19 12:22:53,646 [ERROR] 请求失败：403 Client Error: Forbidden for url: https://www.zhihu.com/api/v3/feed/topstory/hot-lists/total?limit=50&desktop=true
2025-10-19 12:22:53,646 [ERROR] 没有获取到热榜数据，退出。
2025-10-19 13:17:57,296 [INFO] 成功写入 10 条热搜到 hotresearch/2025_10_19/2025_10_19_13.txt
2025-10-19 13:17:57,732 [ERROR] 请求失败：401 Client Error: Authorization Required for url: https://www.zhihu.com/api/v3/feed/topstory/hot-lists/total?limit=50&desktop=true
2025-10-19 13:17:57,732 [ERROR] 没有获取到热榜数据，退出。
2025-10-19 14:10:28,526 [INFO] 成功写入 10 条热搜到 hotresearch/2025_10_19/2025_10_19_14.txt
2025-10-19 14:10:29,030 [ERROR] 请求失败：401 Client Error: Authorization Required for url: https://www.zhihu.com/api/v3/feed/topstory/hot-lists/total?limit=50&desktop=true
2025-10-19 14:10:29,030 [ERROR] 没有获取到热榜数据，退出。
2025-10-19 15:10:36,144 [INFO] 成功写入 10 条热搜到 hotresearch/2025_10_19/2025_10_19_15.txt
2025-10-19 15:10:36,943 [ERROR] 请求失败：403 Client Error: Forbidden for url: https://www.zhihu.com/api/v3/feed/topstory/hot-lists/total?limit=50&desktop=true
2025-10-19 15:10:36,944 [ERROR] 没有获取到热榜数据，退出。
2025-10-19 16:13:46,290 [INFO] 成功写入 10 条热搜到 hotresearch/2025_10_19/2025_10_19_16.txt
2025-10-19 16:13:46,696 [ERROR] 请求失败：401 Client Error: Authorization Required for url: https://www.zhihu.com/api/v3/feed/topstory/hot-lists/total?limit=50&desktop=true
2025-10-19 16:13:46,697 [ERROR] 没有获取到热榜数据，退出。
2025-10-19 17:09:51,861 [INFO] 成功写入 10 条热搜到 hotresearch/2025_10_19/2025_10_19_17.txt
2025-10-19 17:09:52,320 [ERROR] 请求失败：401 Client Error: Authorization Required for url: https://www.zhihu.com/api/v3/feed/topstory/hot-lists/total?limit=50&desktop=true
2025-10-19 17:09:52,320 [ERROR] 没有获取到热榜数据，退出。
2025-10-19 18:16:05,713 [INFO] 成功写入 10 条热搜到 hotresearch/2025_10_19/2025_10_19_18.txt
2025-10-19 18:16:06,498 [ERROR] 请求失败：403 Client Error: Forbidden for url: https://www.zhihu.com/api/v3/feed/topstory/hot-lists/total?limit=50&desktop=true
2025-10-19 18:16:06,498 [ERROR] 没有获取到热榜数据，退出。
2025-10-19 19:09:14,487 [INFO] 成功写入 10 条热搜到 hotresearch/2025_10_19/2025_10_19_19.txt
2025-10-19 19:09:15,383 [ERROR] 请求失败：401 Client Error: Authorization Required for url: https://www.zhihu.com/api/v3/feed/topstory/hot-lists/total?limit=50&desktop=true
2025-10-19 19:09:15,383 [ERROR] 没有获取到热榜数据，退出。
