2025-06-21 01:04:11,366 [ERROR] 请求失败：403 Client Error: Forbidden for url: https://www.zhihu.com/api/v4/search/top_search
2025-06-21 01:04:11,366 [ERROR] 没有获取到热搜数据，退出。
2025-06-21 01:04:11,842 [ERROR] 请求失败：401 Client Error: Authorization Required for url: https://www.zhihu.com/api/v3/feed/topstory/hot-lists/total?limit=50&desktop=true
2025-06-21 01:04:11,842 [ERROR] 没有获取到热榜数据，退出。
2025-06-21 03:08:18,967 [ERROR] 请求失败：403 Client Error: Forbidden for url: https://www.zhihu.com/api/v4/search/top_search
2025-06-21 03:08:18,967 [ERROR] 没有获取到热搜数据，退出。
2025-06-21 03:08:19,449 [ERROR] 请求失败：401 Client Error: Authorization Required for url: https://www.zhihu.com/api/v3/feed/topstory/hot-lists/total?limit=50&desktop=true
2025-06-21 03:08:19,449 [ERROR] 没有获取到热榜数据，退出。
2025-06-21 04:17:07,920 [ERROR] 请求失败：403 Client Error: Forbidden for url: https://www.zhihu.com/api/v4/search/top_search
2025-06-21 04:17:07,920 [ERROR] 没有获取到热搜数据，退出。
2025-06-21 04:17:08,383 [ERROR] 请求失败：401 Client Error: Authorization Required for url: https://www.zhihu.com/api/v3/feed/topstory/hot-lists/total?limit=50&desktop=true
2025-06-21 04:17:08,383 [ERROR] 没有获取到热榜数据，退出。
2025-06-21 05:12:34,182 [ERROR] 请求失败：403 Client Error: Forbidden for url: https://www.zhihu.com/api/v4/search/top_search
2025-06-21 05:12:34,183 [ERROR] 没有获取到热搜数据，退出。
2025-06-21 05:12:34,558 [ERROR] 请求失败：401 Client Error: Authorization Required for url: https://www.zhihu.com/api/v3/feed/topstory/hot-lists/total?limit=50&desktop=true
2025-06-21 05:12:34,558 [ERROR] 没有获取到热榜数据，退出。
2025-06-21 06:17:33,145 [ERROR] 请求失败：403 Client Error: Forbidden for url: https://www.zhihu.com/api/v4/search/top_search
2025-06-21 06:17:33,146 [ERROR] 没有获取到热搜数据，退出。
2025-06-21 06:17:33,501 [ERROR] 请求失败：401 Client Error: Authorization Required for url: https://www.zhihu.com/api/v3/feed/topstory/hot-lists/total?limit=50&desktop=true
2025-06-21 06:17:33,501 [ERROR] 没有获取到热榜数据，退出。
2025-06-21 07:11:58,614 [ERROR] 请求失败：403 Client Error: Forbidden for url: https://www.zhihu.com/api/v4/search/top_search
2025-06-21 07:11:58,614 [ERROR] 没有获取到热搜数据，退出。
2025-06-21 07:11:59,128 [ERROR] 请求失败：403 Client Error: Forbidden for url: https://www.zhihu.com/api/v3/feed/topstory/hot-lists/total?limit=50&desktop=true
2025-06-21 07:11:59,128 [ERROR] 没有获取到热榜数据，退出。
