2025-07-02 01:06:19,895 [ERROR] 请求失败：403 Client Error: Forbidden for url: https://www.zhihu.com/api/v4/search/top_search
2025-07-02 01:06:19,895 [ERROR] 没有获取到热搜数据，退出。
2025-07-02 01:06:20,414 [ERROR] 请求失败：401 Client Error: Authorization Required for url: https://www.zhihu.com/api/v3/feed/topstory/hot-lists/total?limit=50&desktop=true
2025-07-02 01:06:20,414 [ERROR] 没有获取到热榜数据，退出。
2025-07-02 03:14:09,317 [ERROR] 请求失败：403 Client Error: Forbidden for url: https://www.zhihu.com/api/v4/search/top_search
2025-07-02 03:14:09,317 [ERROR] 没有获取到热搜数据，退出。
2025-07-02 03:14:09,661 [ERROR] 请求失败：401 Client Error: Authorization Required for url: https://www.zhihu.com/api/v3/feed/topstory/hot-lists/total?limit=50&desktop=true
2025-07-02 03:14:09,661 [ERROR] 没有获取到热榜数据，退出。
2025-07-02 04:23:41,197 [ERROR] 请求失败：403 Client Error: Forbidden for url: https://www.zhihu.com/api/v4/search/top_search
2025-07-02 04:23:41,197 [ERROR] 没有获取到热搜数据，退出。
2025-07-02 04:23:41,550 [ERROR] 请求失败：401 Client Error: Authorization Required for url: https://www.zhihu.com/api/v3/feed/topstory/hot-lists/total?limit=50&desktop=true
2025-07-02 04:23:41,550 [ERROR] 没有获取到热榜数据，退出。
2025-07-02 05:16:01,628 [ERROR] 请求失败：403 Client Error: Forbidden for url: https://www.zhihu.com/api/v4/search/top_search
2025-07-02 05:16:01,628 [ERROR] 没有获取到热搜数据，退出。
2025-07-02 05:16:02,140 [ERROR] 请求失败：401 Client Error: Authorization Required for url: https://www.zhihu.com/api/v3/feed/topstory/hot-lists/total?limit=50&desktop=true
2025-07-02 05:16:02,140 [ERROR] 没有获取到热榜数据，退出。
2025-07-02 06:20:25,617 [ERROR] 请求失败：403 Client Error: Forbidden for url: https://www.zhihu.com/api/v4/search/top_search
2025-07-02 06:20:25,617 [ERROR] 没有获取到热搜数据，退出。
2025-07-02 06:20:26,138 [ERROR] 请求失败：403 Client Error: Forbidden for url: https://www.zhihu.com/api/v3/feed/topstory/hot-lists/total?limit=50&desktop=true
2025-07-02 06:20:26,138 [ERROR] 没有获取到热榜数据，退出。
2025-07-02 07:13:50,866 [ERROR] 请求失败：403 Client Error: Forbidden for url: https://www.zhihu.com/api/v4/search/top_search
2025-07-02 07:13:50,866 [ERROR] 没有获取到热搜数据，退出。
2025-07-02 07:13:51,224 [ERROR] 请求失败：401 Client Error: Authorization Required for url: https://www.zhihu.com/api/v3/feed/topstory/hot-lists/total?limit=50&desktop=true
2025-07-02 07:13:51,224 [ERROR] 没有获取到热榜数据，退出。
2025-07-02 08:18:40,290 [ERROR] 请求失败：403 Client Error: Forbidden for url: https://www.zhihu.com/api/v4/search/top_search
2025-07-02 08:18:40,290 [ERROR] 没有获取到热搜数据，退出。
2025-07-02 08:18:40,777 [ERROR] 请求失败：403 Client Error: Forbidden for url: https://www.zhihu.com/api/v3/feed/topstory/hot-lists/total?limit=50&desktop=true
2025-07-02 08:18:40,777 [ERROR] 没有获取到热榜数据，退出。
2025-07-02 09:16:02,581 [ERROR] 请求失败：403 Client Error: Forbidden for url: https://www.zhihu.com/api/v4/search/top_search
2025-07-02 09:16:02,581 [ERROR] 没有获取到热搜数据，退出。
2025-07-02 09:16:03,077 [ERROR] 请求失败：401 Client Error: Authorization Required for url: https://www.zhihu.com/api/v3/feed/topstory/hot-lists/total?limit=50&desktop=true
2025-07-02 09:16:03,077 [ERROR] 没有获取到热榜数据，退出。
2025-07-02 10:14:45,987 [ERROR] 请求失败：403 Client Error: Forbidden for url: https://www.zhihu.com/api/v4/search/top_search
2025-07-02 10:14:45,987 [ERROR] 没有获取到热搜数据，退出。
2025-07-02 10:14:46,337 [ERROR] 请求失败：401 Client Error: Authorization Required for url: https://www.zhihu.com/api/v3/feed/topstory/hot-lists/total?limit=50&desktop=true
2025-07-02 10:14:46,337 [ERROR] 没有获取到热榜数据，退出。
2025-07-02 11:12:08,191 [ERROR] 请求失败：403 Client Error: Forbidden for url: https://www.zhihu.com/api/v4/search/top_search
2025-07-02 11:12:08,192 [ERROR] 没有获取到热搜数据，退出。
2025-07-02 11:12:08,575 [ERROR] 请求失败：401 Client Error: Authorization Required for url: https://www.zhihu.com/api/v3/feed/topstory/hot-lists/total?limit=50&desktop=true
2025-07-02 11:12:08,575 [ERROR] 没有获取到热榜数据，退出。
2025-07-02 12:26:57,625 [ERROR] 请求失败：403 Client Error: Forbidden for url: https://www.zhihu.com/api/v4/search/top_search
2025-07-02 12:26:57,626 [ERROR] 没有获取到热搜数据，退出。
2025-07-02 12:26:57,994 [ERROR] 请求失败：401 Client Error: Authorization Required for url: https://www.zhihu.com/api/v3/feed/topstory/hot-lists/total?limit=50&desktop=true
2025-07-02 12:26:57,995 [ERROR] 没有获取到热榜数据，退出。
2025-07-02 13:27:38,971 [ERROR] 请求失败：403 Client Error: Forbidden for url: https://www.zhihu.com/api/v4/search/top_search
2025-07-02 13:27:38,971 [ERROR] 没有获取到热搜数据，退出。
2025-07-02 13:27:39,322 [ERROR] 请求失败：401 Client Error: Authorization Required for url: https://www.zhihu.com/api/v3/feed/topstory/hot-lists/total?limit=50&desktop=true
2025-07-02 13:27:39,322 [ERROR] 没有获取到热榜数据，退出。
2025-07-02 14:13:27,694 [ERROR] 请求失败：403 Client Error: Forbidden for url: https://www.zhihu.com/api/v4/search/top_search
2025-07-02 14:13:27,694 [ERROR] 没有获取到热搜数据，退出。
2025-07-02 14:13:28,153 [ERROR] 请求失败：401 Client Error: Authorization Required for url: https://www.zhihu.com/api/v3/feed/topstory/hot-lists/total?limit=50&desktop=true
2025-07-02 14:13:28,154 [ERROR] 没有获取到热榜数据，退出。
2025-07-02 15:14:12,066 [INFO] 成功写入 10 条热搜到 hotresearch/2025_7_2/2025_7_2_15.txt
2025-07-02 15:14:12,432 [ERROR] 请求失败：403 Client Error: Forbidden for url: https://www.zhihu.com/api/v3/feed/topstory/hot-lists/total?limit=50&desktop=true
2025-07-02 15:14:12,432 [ERROR] 没有获取到热榜数据，退出。
2025-07-02 16:16:16,739 [ERROR] 请求失败：403 Client Error: Forbidden for url: https://www.zhihu.com/api/v4/search/top_search
2025-07-02 16:16:16,739 [ERROR] 没有获取到热搜数据，退出。
2025-07-02 16:16:17,092 [ERROR] 请求失败：401 Client Error: Authorization Required for url: https://www.zhihu.com/api/v3/feed/topstory/hot-lists/total?limit=50&desktop=true
2025-07-02 16:16:17,092 [ERROR] 没有获取到热榜数据，退出。
2025-07-02 17:13:02,361 [ERROR] 请求失败：403 Client Error: Forbidden for url: https://www.zhihu.com/api/v4/search/top_search
2025-07-02 17:13:02,361 [ERROR] 没有获取到热搜数据，退出。
2025-07-02 17:13:02,750 [ERROR] 请求失败：401 Client Error: Authorization Required for url: https://www.zhihu.com/api/v3/feed/topstory/hot-lists/total?limit=50&desktop=true
2025-07-02 17:13:02,750 [ERROR] 没有获取到热榜数据，退出。
2025-07-02 18:19:06,285 [ERROR] 请求失败：403 Client Error: Forbidden for url: https://www.zhihu.com/api/v4/search/top_search
2025-07-02 18:19:06,285 [ERROR] 没有获取到热搜数据，退出。
2025-07-02 18:19:06,747 [ERROR] 请求失败：401 Client Error: Authorization Required for url: https://www.zhihu.com/api/v3/feed/topstory/hot-lists/total?limit=50&desktop=true
2025-07-02 18:19:06,747 [ERROR] 没有获取到热榜数据，退出。
2025-07-02 19:10:20,884 [ERROR] 请求失败：403 Client Error: Forbidden for url: https://www.zhihu.com/api/v4/search/top_search
2025-07-02 19:10:20,884 [ERROR] 没有获取到热搜数据，退出。
2025-07-02 19:10:21,351 [ERROR] 请求失败：401 Client Error: Authorization Required for url: https://www.zhihu.com/api/v3/feed/topstory/hot-lists/total?limit=50&desktop=true
2025-07-02 19:10:21,351 [ERROR] 没有获取到热榜数据，退出。
2025-07-02 20:13:32,567 [INFO] 成功写入 10 条热搜到 hotresearch/2025_7_2/2025_7_2_20.txt
2025-07-02 20:13:33,069 [ERROR] 请求失败：401 Client Error: Authorization Required for url: https://www.zhihu.com/api/v3/feed/topstory/hot-lists/total?limit=50&desktop=true
2025-07-02 20:13:33,070 [ERROR] 没有获取到热榜数据，退出。
