2025-07-31 01:11:06,806 [ERROR] 请求失败：403 Client Error: Forbidden for url: https://www.zhihu.com/api/v4/search/top_search
2025-07-31 01:11:06,806 [ERROR] 没有获取到热搜数据，退出。
2025-07-31 01:11:07,232 [ERROR] 请求失败：403 Client Error: Forbidden for url: https://www.zhihu.com/api/v3/feed/topstory/hot-lists/total?limit=50&desktop=true
2025-07-31 01:11:07,232 [ERROR] 没有获取到热榜数据，退出。
2025-07-31 03:27:54,010 [ERROR] 请求失败：403 Client Error: Forbidden for url: https://www.zhihu.com/api/v4/search/top_search
2025-07-31 03:27:54,010 [ERROR] 没有获取到热搜数据，退出。
2025-07-31 03:27:54,478 [ERROR] 请求失败：403 Client Error: Forbidden for url: https://www.zhihu.com/api/v3/feed/topstory/hot-lists/total?limit=50&desktop=true
2025-07-31 03:27:54,478 [ERROR] 没有获取到热榜数据，退出。
2025-07-31 04:35:46,163 [ERROR] 请求失败：403 Client Error: Forbidden for url: https://www.zhihu.com/api/v4/search/top_search
2025-07-31 04:35:46,163 [ERROR] 没有获取到热搜数据，退出。
2025-07-31 04:35:46,579 [ERROR] 请求失败：401 Client Error: Authorization Required for url: https://www.zhihu.com/api/v3/feed/topstory/hot-lists/total?limit=50&desktop=true
2025-07-31 04:35:46,579 [ERROR] 没有获取到热榜数据，退出。
2025-07-31 05:21:22,873 [ERROR] 请求失败：403 Client Error: Forbidden for url: https://www.zhihu.com/api/v4/search/top_search
2025-07-31 05:21:22,873 [ERROR] 没有获取到热搜数据，退出。
2025-07-31 05:21:23,213 [ERROR] 请求失败：403 Client Error: Forbidden for url: https://www.zhihu.com/api/v3/feed/topstory/hot-lists/total?limit=50&desktop=true
2025-07-31 05:21:23,213 [ERROR] 没有获取到热榜数据，退出。
2025-07-31 06:21:33,135 [ERROR] 请求失败：403 Client Error: Forbidden for url: https://www.zhihu.com/api/v4/search/top_search
2025-07-31 06:21:33,135 [ERROR] 没有获取到热搜数据，退出。
2025-07-31 06:21:34,093 [ERROR] 请求失败：403 Client Error: Forbidden for url: https://www.zhihu.com/api/v3/feed/topstory/hot-lists/total?limit=50&desktop=true
2025-07-31 06:21:34,093 [ERROR] 没有获取到热榜数据，退出。
2025-07-31 07:18:30,159 [ERROR] 请求失败：403 Client Error: Forbidden for url: https://www.zhihu.com/api/v4/search/top_search
2025-07-31 07:18:30,159 [ERROR] 没有获取到热搜数据，退出。
2025-07-31 07:18:30,569 [ERROR] 请求失败：401 Client Error: Authorization Required for url: https://www.zhihu.com/api/v3/feed/topstory/hot-lists/total?limit=50&desktop=true
2025-07-31 07:18:30,569 [ERROR] 没有获取到热榜数据，退出。
2025-07-31 08:19:58,749 [ERROR] 请求失败：403 Client Error: Forbidden for url: https://www.zhihu.com/api/v4/search/top_search
2025-07-31 08:19:58,750 [ERROR] 没有获取到热搜数据，退出。
2025-07-31 08:19:59,159 [ERROR] 请求失败：401 Client Error: Authorization Required for url: https://www.zhihu.com/api/v3/feed/topstory/hot-lists/total?limit=50&desktop=true
2025-07-31 08:19:59,159 [ERROR] 没有获取到热榜数据，退出。
2025-07-31 09:20:17,035 [ERROR] 请求失败：403 Client Error: Forbidden for url: https://www.zhihu.com/api/v4/search/top_search
2025-07-31 09:20:17,035 [ERROR] 没有获取到热搜数据，退出。
2025-07-31 09:20:18,370 [ERROR] 请求失败：403 Client Error: Forbidden for url: https://www.zhihu.com/api/v3/feed/topstory/hot-lists/total?limit=50&desktop=true
2025-07-31 09:20:18,370 [ERROR] 没有获取到热榜数据，退出。
2025-07-31 10:15:21,178 [ERROR] 请求失败：403 Client Error: Forbidden for url: https://www.zhihu.com/api/v4/search/top_search
2025-07-31 10:15:21,179 [ERROR] 没有获取到热搜数据，退出。
2025-07-31 10:15:22,018 [ERROR] 请求失败：403 Client Error: Forbidden for url: https://www.zhihu.com/api/v3/feed/topstory/hot-lists/total?limit=50&desktop=true
2025-07-31 10:15:22,019 [ERROR] 没有获取到热榜数据，退出。
2025-07-31 11:12:38,536 [ERROR] 请求失败：403 Client Error: Forbidden for url: https://www.zhihu.com/api/v4/search/top_search
2025-07-31 11:12:38,536 [ERROR] 没有获取到热搜数据，退出。
2025-07-31 11:12:39,000 [ERROR] 请求失败：401 Client Error: Authorization Required for url: https://www.zhihu.com/api/v3/feed/topstory/hot-lists/total?limit=50&desktop=true
2025-07-31 11:12:39,000 [ERROR] 没有获取到热榜数据，退出。
2025-07-31 12:27:42,774 [ERROR] 请求失败：403 Client Error: Forbidden for url: https://www.zhihu.com/api/v4/search/top_search
2025-07-31 12:27:42,774 [ERROR] 没有获取到热搜数据，退出。
2025-07-31 12:27:43,806 [ERROR] 请求失败：403 Client Error: Forbidden for url: https://www.zhihu.com/api/v3/feed/topstory/hot-lists/total?limit=50&desktop=true
2025-07-31 12:27:43,806 [ERROR] 没有获取到热榜数据，退出。
2025-07-31 13:33:30,915 [ERROR] 请求失败：403 Client Error: Forbidden for url: https://www.zhihu.com/api/v4/search/top_search
2025-07-31 13:33:30,915 [ERROR] 没有获取到热搜数据，退出。
2025-07-31 13:33:31,332 [ERROR] 请求失败：403 Client Error: Forbidden for url: https://www.zhihu.com/api/v3/feed/topstory/hot-lists/total?limit=50&desktop=true
2025-07-31 13:33:31,332 [ERROR] 没有获取到热榜数据，退出。
2025-07-31 14:16:07,110 [ERROR] 请求失败：403 Client Error: Forbidden for url: https://www.zhihu.com/api/v4/search/top_search
2025-07-31 14:16:07,110 [ERROR] 没有获取到热搜数据，退出。
2025-07-31 14:16:07,940 [ERROR] 请求失败：403 Client Error: Forbidden for url: https://www.zhihu.com/api/v3/feed/topstory/hot-lists/total?limit=50&desktop=true
2025-07-31 14:16:07,940 [ERROR] 没有获取到热榜数据，退出。
2025-07-31 15:15:06,889 [ERROR] 请求失败：403 Client Error: Forbidden for url: https://www.zhihu.com/api/v4/search/top_search
2025-07-31 15:15:06,889 [ERROR] 没有获取到热搜数据，退出。
2025-07-31 15:15:07,368 [ERROR] 请求失败：403 Client Error: Forbidden for url: https://www.zhihu.com/api/v3/feed/topstory/hot-lists/total?limit=50&desktop=true
2025-07-31 15:15:07,368 [ERROR] 没有获取到热榜数据，退出。
2025-07-31 16:18:01,309 [ERROR] 请求失败：403 Client Error: Forbidden for url: https://www.zhihu.com/api/v4/search/top_search
2025-07-31 16:18:01,309 [ERROR] 没有获取到热搜数据，退出。
2025-07-31 16:18:01,668 [ERROR] 请求失败：401 Client Error: Authorization Required for url: https://www.zhihu.com/api/v3/feed/topstory/hot-lists/total?limit=50&desktop=true
2025-07-31 16:18:01,669 [ERROR] 没有获取到热榜数据，退出。
2025-07-31 17:15:34,077 [ERROR] 请求失败：403 Client Error: Forbidden for url: https://www.zhihu.com/api/v4/search/top_search
2025-07-31 17:15:34,077 [ERROR] 没有获取到热搜数据，退出。
2025-07-31 17:15:34,557 [ERROR] 请求失败：401 Client Error: Authorization Required for url: https://www.zhihu.com/api/v3/feed/topstory/hot-lists/total?limit=50&desktop=true
2025-07-31 17:15:34,557 [ERROR] 没有获取到热榜数据，退出。
