2025-10-13 01:02:59,384 [INFO] 成功写入 10 条热搜到 hotresearch/2025_10_13/2025_10_13_1.txt
2025-10-13 01:02:59,851 [ERROR] 请求失败：403 Client Error: Forbidden for url: https://www.zhihu.com/api/v3/feed/topstory/hot-lists/total?limit=50&desktop=true
2025-10-13 01:02:59,851 [ERROR] 没有获取到热榜数据，退出。
2025-10-13 03:04:15,873 [ERROR] 请求失败：403 Client Error: Forbidden for url: https://www.zhihu.com/api/v4/search/top_search
2025-10-13 03:04:15,873 [ERROR] 没有获取到热搜数据，退出。
2025-10-13 03:04:16,810 [ERROR] 请求失败：403 Client Error: Forbidden for url: https://www.zhihu.com/api/v3/feed/topstory/hot-lists/total?limit=50&desktop=true
2025-10-13 03:04:16,810 [ERROR] 没有获取到热榜数据，退出。
2025-10-13 04:15:49,541 [ERROR] 请求失败：403 Client Error: Forbidden for url: https://www.zhihu.com/api/v4/search/top_search
2025-10-13 04:15:49,541 [ERROR] 没有获取到热搜数据，退出。
2025-10-13 04:15:49,946 [ERROR] 请求失败：403 Client Error: Forbidden for url: https://www.zhihu.com/api/v3/feed/topstory/hot-lists/total?limit=50&desktop=true
2025-10-13 04:15:49,946 [ERROR] 没有获取到热榜数据，退出。
2025-10-13 05:13:28,429 [ERROR] 请求失败：403 Client Error: Forbidden for url: https://www.zhihu.com/api/v4/search/top_search
2025-10-13 05:13:28,430 [ERROR] 没有获取到热搜数据，退出。
2025-10-13 05:13:28,961 [ERROR] 请求失败：401 Client Error: Authorization Required for url: https://www.zhihu.com/api/v3/feed/topstory/hot-lists/total?limit=50&desktop=true
2025-10-13 05:13:28,961 [ERROR] 没有获取到热榜数据，退出。
2025-10-13 06:20:49,672 [ERROR] 请求失败：403 Client Error: Forbidden for url: https://www.zhihu.com/api/v4/search/top_search
2025-10-13 06:20:49,672 [ERROR] 没有获取到热搜数据，退出。
2025-10-13 06:20:50,292 [ERROR] 请求失败：403 Client Error: Forbidden for url: https://www.zhihu.com/api/v3/feed/topstory/hot-lists/total?limit=50&desktop=true
2025-10-13 06:20:50,292 [ERROR] 没有获取到热榜数据，退出。
2025-10-13 07:13:33,607 [ERROR] 请求失败：403 Client Error: Forbidden for url: https://www.zhihu.com/api/v4/search/top_search
2025-10-13 07:13:33,607 [ERROR] 没有获取到热搜数据，退出。
2025-10-13 07:13:34,056 [ERROR] 请求失败：401 Client Error: Authorization Required for url: https://www.zhihu.com/api/v3/feed/topstory/hot-lists/total?limit=50&desktop=true
2025-10-13 07:13:34,056 [ERROR] 没有获取到热榜数据，退出。
2025-10-13 08:19:18,570 [ERROR] 请求失败：403 Client Error: Forbidden for url: https://www.zhihu.com/api/v4/search/top_search
2025-10-13 08:19:18,570 [ERROR] 没有获取到热搜数据，退出。
2025-10-13 08:19:19,657 [ERROR] 请求失败：403 Client Error: Forbidden for url: https://www.zhihu.com/api/v3/feed/topstory/hot-lists/total?limit=50&desktop=true
2025-10-13 08:19:19,657 [ERROR] 没有获取到热榜数据，退出。
2025-10-13 09:16:05,659 [ERROR] 请求失败：403 Client Error: Forbidden for url: https://www.zhihu.com/api/v4/search/top_search
2025-10-13 09:16:05,659 [ERROR] 没有获取到热搜数据，退出。
2025-10-13 09:16:06,237 [ERROR] 请求失败：403 Client Error: Forbidden for url: https://www.zhihu.com/api/v3/feed/topstory/hot-lists/total?limit=50&desktop=true
2025-10-13 09:16:06,238 [ERROR] 没有获取到热榜数据，退出。
2025-10-13 10:15:20,736 [ERROR] 请求失败：403 Client Error: Forbidden for url: https://www.zhihu.com/api/v4/search/top_search
2025-10-13 10:15:20,736 [ERROR] 没有获取到热搜数据，退出。
2025-10-13 10:15:21,264 [ERROR] 请求失败：403 Client Error: Forbidden for url: https://www.zhihu.com/api/v3/feed/topstory/hot-lists/total?limit=50&desktop=true
2025-10-13 10:15:21,264 [ERROR] 没有获取到热榜数据，退出。
2025-10-13 11:10:59,225 [ERROR] 请求失败：403 Client Error: Forbidden for url: https://www.zhihu.com/api/v4/search/top_search
2025-10-13 11:10:59,225 [ERROR] 没有获取到热搜数据，退出。
2025-10-13 11:10:59,640 [ERROR] 请求失败：401 Client Error: Authorization Required for url: https://www.zhihu.com/api/v3/feed/topstory/hot-lists/total?limit=50&desktop=true
2025-10-13 11:10:59,640 [ERROR] 没有获取到热榜数据，退出。
2025-10-13 12:26:22,589 [INFO] 成功写入 10 条热搜到 hotresearch/2025_10_13/2025_10_13_12.txt
2025-10-13 12:26:23,010 [ERROR] 请求失败：401 Client Error: Authorization Required for url: https://www.zhihu.com/api/v3/feed/topstory/hot-lists/total?limit=50&desktop=true
2025-10-13 12:26:23,010 [ERROR] 没有获取到热榜数据，退出。
2025-10-13 13:24:52,245 [ERROR] 请求失败：403 Client Error: Forbidden for url: https://www.zhihu.com/api/v4/search/top_search
2025-10-13 13:24:52,245 [ERROR] 没有获取到热搜数据，退出。
2025-10-13 13:24:52,770 [ERROR] 请求失败：401 Client Error: Authorization Required for url: https://www.zhihu.com/api/v3/feed/topstory/hot-lists/total?limit=50&desktop=true
2025-10-13 13:24:52,771 [ERROR] 没有获取到热榜数据，退出。
2025-10-13 14:13:06,041 [ERROR] 请求失败：403 Client Error: Forbidden for url: https://www.zhihu.com/api/v4/search/top_search
2025-10-13 14:13:06,041 [ERROR] 没有获取到热搜数据，退出。
2025-10-13 14:13:06,484 [ERROR] 请求失败：403 Client Error: Forbidden for url: https://www.zhihu.com/api/v3/feed/topstory/hot-lists/total?limit=50&desktop=true
2025-10-13 14:13:06,484 [ERROR] 没有获取到热榜数据，退出。
2025-10-13 15:12:46,918 [ERROR] 请求失败：403 Client Error: Forbidden for url: https://www.zhihu.com/api/v4/search/top_search
2025-10-13 15:12:46,918 [ERROR] 没有获取到热搜数据，退出。
2025-10-13 15:12:47,402 [ERROR] 请求失败：401 Client Error: Authorization Required for url: https://www.zhihu.com/api/v3/feed/topstory/hot-lists/total?limit=50&desktop=true
2025-10-13 15:12:47,402 [ERROR] 没有获取到热榜数据，退出。
2025-10-13 16:15:48,526 [ERROR] 请求失败：403 Client Error: Forbidden for url: https://www.zhihu.com/api/v4/search/top_search
2025-10-13 16:15:48,526 [ERROR] 没有获取到热搜数据，退出。
2025-10-13 16:15:48,945 [ERROR] 请求失败：401 Client Error: Authorization Required for url: https://www.zhihu.com/api/v3/feed/topstory/hot-lists/total?limit=50&desktop=true
2025-10-13 16:15:48,945 [ERROR] 没有获取到热榜数据，退出。
2025-10-13 17:11:15,241 [ERROR] 请求失败：403 Client Error: Forbidden for url: https://www.zhihu.com/api/v4/search/top_search
2025-10-13 17:11:15,241 [ERROR] 没有获取到热搜数据，退出。
2025-10-13 17:11:15,634 [ERROR] 请求失败：401 Client Error: Authorization Required for url: https://www.zhihu.com/api/v3/feed/topstory/hot-lists/total?limit=50&desktop=true
2025-10-13 17:11:15,634 [ERROR] 没有获取到热榜数据，退出。
2025-10-13 18:18:03,530 [ERROR] 请求失败：403 Client Error: Forbidden for url: https://www.zhihu.com/api/v4/search/top_search
2025-10-13 18:18:03,530 [ERROR] 没有获取到热搜数据，退出。
2025-10-13 18:18:04,096 [ERROR] 请求失败：401 Client Error: Authorization Required for url: https://www.zhihu.com/api/v3/feed/topstory/hot-lists/total?limit=50&desktop=true
2025-10-13 18:18:04,096 [ERROR] 没有获取到热榜数据，退出。
2025-10-13 19:09:15,909 [INFO] 成功写入 10 条热搜到 hotresearch/2025_10_13/2025_10_13_19.txt
2025-10-13 19:09:16,367 [ERROR] 请求失败：401 Client Error: Authorization Required for url: https://www.zhihu.com/api/v3/feed/topstory/hot-lists/total?limit=50&desktop=true
2025-10-13 19:09:16,367 [ERROR] 没有获取到热榜数据，退出。
2025-10-13 20:14:16,273 [ERROR] 请求失败：403 Client Error: Forbidden for url: https://www.zhihu.com/api/v4/search/top_search
2025-10-13 20:14:16,274 [ERROR] 没有获取到热搜数据，退出。
2025-10-13 20:14:16,754 [ERROR] 请求失败：401 Client Error: Authorization Required for url: https://www.zhihu.com/api/v3/feed/topstory/hot-lists/total?limit=50&desktop=true
2025-10-13 20:14:16,754 [ERROR] 没有获取到热榜数据，退出。
2025-10-13 21:10:39,118 [ERROR] 请求失败：403 Client Error: Forbidden for url: https://www.zhihu.com/api/v4/search/top_search
2025-10-13 21:10:39,118 [ERROR] 没有获取到热搜数据，退出。
2025-10-13 21:10:39,512 [ERROR] 请求失败：401 Client Error: Authorization Required for url: https://www.zhihu.com/api/v3/feed/topstory/hot-lists/total?limit=50&desktop=true
2025-10-13 21:10:39,512 [ERROR] 没有获取到热榜数据，退出。
2025-10-13 22:11:41,139 [ERROR] 请求失败：403 Client Error: Forbidden for url: https://www.zhihu.com/api/v4/search/top_search
2025-10-13 22:11:41,139 [ERROR] 没有获取到热搜数据，退出。
2025-10-13 22:11:41,561 [ERROR] 请求失败：401 Client Error: Authorization Required for url: https://www.zhihu.com/api/v3/feed/topstory/hot-lists/total?limit=50&desktop=true
2025-10-13 22:11:41,561 [ERROR] 没有获取到热榜数据，退出。
2025-10-13 23:11:28,802 [ERROR] 请求失败：403 Client Error: Forbidden for url: https://www.zhihu.com/api/v4/search/top_search
2025-10-13 23:11:28,802 [ERROR] 没有获取到热搜数据，退出。
2025-10-13 23:11:29,215 [ERROR] 请求失败：401 Client Error: Authorization Required for url: https://www.zhihu.com/api/v3/feed/topstory/hot-lists/total?limit=50&desktop=true
2025-10-13 23:11:29,215 [ERROR] 没有获取到热榜数据，退出。
