2025-06-11 01:05:38,024 [ERROR] 请求失败：403 Client Error: Forbidden for url: https://www.zhihu.com/api/v4/search/top_search
2025-06-11 01:05:38,025 [ERROR] 没有获取到热搜数据，退出。
2025-06-11 01:05:38,503 [ERROR] 请求失败：403 Client Error: Forbidden for url: https://www.zhihu.com/api/v3/feed/topstory/hot-lists/total?limit=50&desktop=true
2025-06-11 01:05:38,503 [ERROR] 没有获取到热榜数据，退出。
2025-06-11 03:12:57,147 [ERROR] 请求失败：403 Client Error: Forbidden for url: https://www.zhihu.com/api/v4/search/top_search
2025-06-11 03:12:57,147 [ERROR] 没有获取到热搜数据，退出。
2025-06-11 03:12:57,658 [ERROR] 请求失败：401 Client Error: Authorization Required for url: https://www.zhihu.com/api/v3/feed/topstory/hot-lists/total?limit=50&desktop=true
2025-06-11 03:12:57,658 [ERROR] 没有获取到热榜数据，退出。
2025-06-11 04:22:34,968 [ERROR] 请求失败：403 Client Error: Forbidden for url: https://www.zhihu.com/api/v4/search/top_search
2025-06-11 04:22:34,968 [ERROR] 没有获取到热搜数据，退出。
2025-06-11 04:22:35,449 [ERROR] 请求失败：401 Client Error: Authorization Required for url: https://www.zhihu.com/api/v3/feed/topstory/hot-lists/total?limit=50&desktop=true
2025-06-11 04:22:35,449 [ERROR] 没有获取到热榜数据，退出。
2025-06-11 05:14:32,644 [ERROR] 请求失败：403 Client Error: Forbidden for url: https://www.zhihu.com/api/v4/search/top_search
2025-06-11 05:14:32,644 [ERROR] 没有获取到热搜数据，退出。
2025-06-11 05:14:33,118 [ERROR] 请求失败：401 Client Error: Authorization Required for url: https://www.zhihu.com/api/v3/feed/topstory/hot-lists/total?limit=50&desktop=true
2025-06-11 05:14:33,118 [ERROR] 没有获取到热榜数据，退出。
2025-06-11 06:19:42,038 [ERROR] 请求失败：403 Client Error: Forbidden for url: https://www.zhihu.com/api/v4/search/top_search
2025-06-11 06:19:42,038 [ERROR] 没有获取到热搜数据，退出。
2025-06-11 06:19:42,388 [ERROR] 请求失败：401 Client Error: Authorization Required for url: https://www.zhihu.com/api/v3/feed/topstory/hot-lists/total?limit=50&desktop=true
2025-06-11 06:19:42,388 [ERROR] 没有获取到热榜数据，退出。
2025-06-11 07:13:27,056 [ERROR] 请求失败：403 Client Error: Forbidden for url: https://www.zhihu.com/api/v4/search/top_search
2025-06-11 07:13:27,056 [ERROR] 没有获取到热搜数据，退出。
2025-06-11 07:13:27,543 [ERROR] 请求失败：403 Client Error: Forbidden for url: https://www.zhihu.com/api/v3/feed/topstory/hot-lists/total?limit=50&desktop=true
2025-06-11 07:13:27,543 [ERROR] 没有获取到热榜数据，退出。
2025-06-11 08:18:07,349 [ERROR] 请求失败：403 Client Error: Forbidden for url: https://www.zhihu.com/api/v4/search/top_search
2025-06-11 08:18:07,350 [ERROR] 没有获取到热搜数据，退出。
2025-06-11 08:18:07,831 [ERROR] 请求失败：401 Client Error: Authorization Required for url: https://www.zhihu.com/api/v3/feed/topstory/hot-lists/total?limit=50&desktop=true
2025-06-11 08:18:07,831 [ERROR] 没有获取到热榜数据，退出。
2025-06-11 09:14:44,654 [ERROR] 请求失败：403 Client Error: Forbidden for url: https://www.zhihu.com/api/v4/search/top_search
2025-06-11 09:14:44,654 [ERROR] 没有获取到热搜数据，退出。
2025-06-11 09:14:44,997 [ERROR] 请求失败：401 Client Error: Authorization Required for url: https://www.zhihu.com/api/v3/feed/topstory/hot-lists/total?limit=50&desktop=true
2025-06-11 09:14:44,997 [ERROR] 没有获取到热榜数据，退出。
2025-06-11 10:14:41,600 [ERROR] 请求失败：403 Client Error: Forbidden for url: https://www.zhihu.com/api/v4/search/top_search
2025-06-11 10:14:41,600 [ERROR] 没有获取到热搜数据，退出。
2025-06-11 10:14:42,153 [ERROR] 请求失败：403 Client Error: Forbidden for url: https://www.zhihu.com/api/v3/feed/topstory/hot-lists/total?limit=50&desktop=true
2025-06-11 10:14:42,153 [ERROR] 没有获取到热榜数据，退出。
2025-06-11 11:11:59,185 [ERROR] 请求失败：403 Client Error: Forbidden for url: https://www.zhihu.com/api/v4/search/top_search
2025-06-11 11:11:59,185 [ERROR] 没有获取到热搜数据，退出。
2025-06-11 11:11:59,632 [ERROR] 请求失败：401 Client Error: Authorization Required for url: https://www.zhihu.com/api/v3/feed/topstory/hot-lists/total?limit=50&desktop=true
2025-06-11 11:11:59,632 [ERROR] 没有获取到热榜数据，退出。
2025-06-11 12:26:56,689 [ERROR] 请求失败：403 Client Error: Forbidden for url: https://www.zhihu.com/api/v4/search/top_search
2025-06-11 12:26:56,689 [ERROR] 没有获取到热搜数据，退出。
2025-06-11 12:26:57,160 [ERROR] 请求失败：401 Client Error: Authorization Required for url: https://www.zhihu.com/api/v3/feed/topstory/hot-lists/total?limit=50&desktop=true
2025-06-11 12:26:57,160 [ERROR] 没有获取到热榜数据，退出。
2025-06-11 13:28:09,386 [ERROR] 请求失败：403 Client Error: Forbidden for url: https://www.zhihu.com/api/v4/search/top_search
2025-06-11 13:28:09,387 [ERROR] 没有获取到热搜数据，退出。
2025-06-11 13:28:09,776 [ERROR] 请求失败：401 Client Error: Authorization Required for url: https://www.zhihu.com/api/v3/feed/topstory/hot-lists/total?limit=50&desktop=true
2025-06-11 13:28:09,776 [ERROR] 没有获取到热榜数据，退出。
2025-06-11 14:11:41,651 [ERROR] 请求失败：403 Client Error: Forbidden for url: https://www.zhihu.com/api/v4/search/top_search
2025-06-11 14:11:41,651 [ERROR] 没有获取到热搜数据，退出。
2025-06-11 14:11:42,165 [ERROR] 请求失败：401 Client Error: Authorization Required for url: https://www.zhihu.com/api/v3/feed/topstory/hot-lists/total?limit=50&desktop=true
2025-06-11 14:11:42,165 [ERROR] 没有获取到热榜数据，退出。
2025-06-11 15:14:30,738 [INFO] 成功写入 10 条热搜到 hotresearch/2025_6_11/2025_6_11_15.txt
2025-06-11 15:14:31,187 [ERROR] 请求失败：401 Client Error: Authorization Required for url: https://www.zhihu.com/api/v3/feed/topstory/hot-lists/total?limit=50&desktop=true
2025-06-11 15:14:31,188 [ERROR] 没有获取到热榜数据，退出。
2025-06-11 16:17:02,502 [ERROR] 请求失败：403 Client Error: Forbidden for url: https://www.zhihu.com/api/v4/search/top_search
2025-06-11 16:17:02,502 [ERROR] 没有获取到热搜数据，退出。
2025-06-11 16:17:03,016 [ERROR] 请求失败：401 Client Error: Authorization Required for url: https://www.zhihu.com/api/v3/feed/topstory/hot-lists/total?limit=50&desktop=true
2025-06-11 16:17:03,016 [ERROR] 没有获取到热榜数据，退出。
2025-06-11 17:11:53,994 [ERROR] 请求失败：403 Client Error: Forbidden for url: https://www.zhihu.com/api/v4/search/top_search
2025-06-11 17:11:53,994 [ERROR] 没有获取到热搜数据，退出。
2025-06-11 17:11:54,449 [ERROR] 请求失败：401 Client Error: Authorization Required for url: https://www.zhihu.com/api/v3/feed/topstory/hot-lists/total?limit=50&desktop=true
2025-06-11 17:11:54,449 [ERROR] 没有获取到热榜数据，退出。
2025-06-11 18:18:33,969 [ERROR] 请求失败：403 Client Error: Forbidden for url: https://www.zhihu.com/api/v4/search/top_search
2025-06-11 18:18:33,969 [ERROR] 没有获取到热搜数据，退出。
2025-06-11 18:18:34,425 [ERROR] 请求失败：401 Client Error: Authorization Required for url: https://www.zhihu.com/api/v3/feed/topstory/hot-lists/total?limit=50&desktop=true
2025-06-11 18:18:34,425 [ERROR] 没有获取到热榜数据，退出。
2025-06-11 19:10:08,314 [ERROR] 请求失败：403 Client Error: Forbidden for url: https://www.zhihu.com/api/v4/search/top_search
2025-06-11 19:10:08,314 [ERROR] 没有获取到热搜数据，退出。
2025-06-11 19:10:08,792 [ERROR] 请求失败：401 Client Error: Authorization Required for url: https://www.zhihu.com/api/v3/feed/topstory/hot-lists/total?limit=50&desktop=true
2025-06-11 19:10:08,792 [ERROR] 没有获取到热榜数据，退出。
2025-06-11 20:13:41,931 [ERROR] 请求失败：403 Client Error: Forbidden for url: https://www.zhihu.com/api/v4/search/top_search
2025-06-11 20:13:41,931 [ERROR] 没有获取到热搜数据，退出。
2025-06-11 20:13:42,397 [ERROR] 请求失败：401 Client Error: Authorization Required for url: https://www.zhihu.com/api/v3/feed/topstory/hot-lists/total?limit=50&desktop=true
2025-06-11 20:13:42,398 [ERROR] 没有获取到热榜数据，退出。
2025-06-11 21:12:33,289 [ERROR] 请求失败：403 Client Error: Forbidden for url: https://www.zhihu.com/api/v4/search/top_search
2025-06-11 21:12:33,289 [ERROR] 没有获取到热搜数据，退出。
2025-06-11 21:12:33,777 [ERROR] 请求失败：401 Client Error: Authorization Required for url: https://www.zhihu.com/api/v3/feed/topstory/hot-lists/total?limit=50&desktop=true
2025-06-11 21:12:33,778 [ERROR] 没有获取到热榜数据，退出。
2025-06-11 22:12:32,853 [ERROR] 请求失败：403 Client Error: Forbidden for url: https://www.zhihu.com/api/v4/search/top_search
2025-06-11 22:12:32,853 [ERROR] 没有获取到热搜数据，退出。
2025-06-11 22:12:33,194 [ERROR] 请求失败：401 Client Error: Authorization Required for url: https://www.zhihu.com/api/v3/feed/topstory/hot-lists/total?limit=50&desktop=true
2025-06-11 22:12:33,194 [ERROR] 没有获取到热榜数据，退出。
