2025-07-04 01:05:43,193 [ERROR] 请求失败：403 Client Error: Forbidden for url: https://www.zhihu.com/api/v4/search/top_search
2025-07-04 01:05:43,193 [ERROR] 没有获取到热搜数据，退出。
2025-07-04 01:05:43,558 [ERROR] 请求失败：401 Client Error: Authorization Required for url: https://www.zhihu.com/api/v3/feed/topstory/hot-lists/total?limit=50&desktop=true
2025-07-04 01:05:43,558 [ERROR] 没有获取到热榜数据，退出。
2025-07-04 03:13:41,268 [ERROR] 请求失败：403 Client Error: Forbidden for url: https://www.zhihu.com/api/v4/search/top_search
2025-07-04 03:13:41,268 [ERROR] 没有获取到热搜数据，退出。
2025-07-04 03:13:41,756 [ERROR] 请求失败：401 Client Error: Authorization Required for url: https://www.zhihu.com/api/v3/feed/topstory/hot-lists/total?limit=50&desktop=true
2025-07-04 03:13:41,756 [ERROR] 没有获取到热榜数据，退出。
2025-07-04 04:23:57,422 [ERROR] 请求失败：403 Client Error: Forbidden for url: https://www.zhihu.com/api/v4/search/top_search
2025-07-04 04:23:57,422 [ERROR] 没有获取到热搜数据，退出。
2025-07-04 04:23:57,878 [ERROR] 请求失败：403 Client Error: Forbidden for url: https://www.zhihu.com/api/v3/feed/topstory/hot-lists/total?limit=50&desktop=true
2025-07-04 04:23:57,878 [ERROR] 没有获取到热榜数据，退出。
2025-07-04 05:15:58,446 [ERROR] 请求失败：403 Client Error: Forbidden for url: https://www.zhihu.com/api/v4/search/top_search
2025-07-04 05:15:58,447 [ERROR] 没有获取到热搜数据，退出。
2025-07-04 05:15:58,907 [ERROR] 请求失败：403 Client Error: Forbidden for url: https://www.zhihu.com/api/v3/feed/topstory/hot-lists/total?limit=50&desktop=true
2025-07-04 05:15:58,907 [ERROR] 没有获取到热榜数据，退出。
2025-07-04 06:20:17,448 [ERROR] 请求失败：403 Client Error: Forbidden for url: https://www.zhihu.com/api/v4/search/top_search
2025-07-04 06:20:17,448 [ERROR] 没有获取到热搜数据，退出。
2025-07-04 06:20:17,916 [ERROR] 请求失败：403 Client Error: Forbidden for url: https://www.zhihu.com/api/v3/feed/topstory/hot-lists/total?limit=50&desktop=true
2025-07-04 06:20:17,916 [ERROR] 没有获取到热榜数据，退出。
2025-07-04 07:14:11,017 [ERROR] 请求失败：403 Client Error: Forbidden for url: https://www.zhihu.com/api/v4/search/top_search
2025-07-04 07:14:11,017 [ERROR] 没有获取到热搜数据，退出。
2025-07-04 07:14:11,468 [ERROR] 请求失败：401 Client Error: Authorization Required for url: https://www.zhihu.com/api/v3/feed/topstory/hot-lists/total?limit=50&desktop=true
2025-07-04 07:14:11,468 [ERROR] 没有获取到热榜数据，退出。
2025-07-04 08:18:15,513 [ERROR] 请求失败：403 Client Error: Forbidden for url: https://www.zhihu.com/api/v4/search/top_search
2025-07-04 08:18:15,514 [ERROR] 没有获取到热搜数据，退出。
2025-07-04 08:18:15,988 [ERROR] 请求失败：401 Client Error: Authorization Required for url: https://www.zhihu.com/api/v3/feed/topstory/hot-lists/total?limit=50&desktop=true
2025-07-04 08:18:15,988 [ERROR] 没有获取到热榜数据，退出。
2025-07-04 09:14:28,903 [ERROR] 请求失败：403 Client Error: Forbidden for url: https://www.zhihu.com/api/v4/search/top_search
2025-07-04 09:14:28,903 [ERROR] 没有获取到热搜数据，退出。
2025-07-04 09:14:29,369 [ERROR] 请求失败：401 Client Error: Authorization Required for url: https://www.zhihu.com/api/v3/feed/topstory/hot-lists/total?limit=50&desktop=true
2025-07-04 09:14:29,369 [ERROR] 没有获取到热榜数据，退出。
2025-07-04 10:14:15,625 [ERROR] 请求失败：403 Client Error: Forbidden for url: https://www.zhihu.com/api/v4/search/top_search
2025-07-04 10:14:15,625 [ERROR] 没有获取到热搜数据，退出。
2025-07-04 10:14:16,090 [ERROR] 请求失败：403 Client Error: Forbidden for url: https://www.zhihu.com/api/v3/feed/topstory/hot-lists/total?limit=50&desktop=true
2025-07-04 10:14:16,090 [ERROR] 没有获取到热榜数据，退出。
2025-07-04 11:12:26,254 [ERROR] 请求失败：403 Client Error: Forbidden for url: https://www.zhihu.com/api/v4/search/top_search
2025-07-04 11:12:26,254 [ERROR] 没有获取到热搜数据，退出。
2025-07-04 11:12:26,610 [ERROR] 请求失败：401 Client Error: Authorization Required for url: https://www.zhihu.com/api/v3/feed/topstory/hot-lists/total?limit=50&desktop=true
2025-07-04 11:12:26,610 [ERROR] 没有获取到热榜数据，退出。
2025-07-04 12:26:31,350 [ERROR] 请求失败：403 Client Error: Forbidden for url: https://www.zhihu.com/api/v4/search/top_search
2025-07-04 12:26:31,350 [ERROR] 没有获取到热搜数据，退出。
2025-07-04 12:26:31,693 [ERROR] 请求失败：401 Client Error: Authorization Required for url: https://www.zhihu.com/api/v3/feed/topstory/hot-lists/total?limit=50&desktop=true
2025-07-04 12:26:31,694 [ERROR] 没有获取到热榜数据，退出。
2025-07-04 13:26:18,462 [ERROR] 请求失败：403 Client Error: Forbidden for url: https://www.zhihu.com/api/v4/search/top_search
2025-07-04 13:26:18,463 [ERROR] 没有获取到热搜数据，退出。
2025-07-04 13:26:18,814 [ERROR] 请求失败：401 Client Error: Authorization Required for url: https://www.zhihu.com/api/v3/feed/topstory/hot-lists/total?limit=50&desktop=true
2025-07-04 13:26:18,814 [ERROR] 没有获取到热榜数据，退出。
2025-07-04 14:13:03,186 [ERROR] 请求失败：403 Client Error: Forbidden for url: https://www.zhihu.com/api/v4/search/top_search
2025-07-04 14:13:03,187 [ERROR] 没有获取到热搜数据，退出。
2025-07-04 14:13:03,641 [ERROR] 请求失败：401 Client Error: Authorization Required for url: https://www.zhihu.com/api/v3/feed/topstory/hot-lists/total?limit=50&desktop=true
2025-07-04 14:13:03,641 [ERROR] 没有获取到热榜数据，退出。
2025-07-04 15:13:02,172 [ERROR] 请求失败：403 Client Error: Forbidden for url: https://www.zhihu.com/api/v4/search/top_search
2025-07-04 15:13:02,173 [ERROR] 没有获取到热搜数据，退出。
2025-07-04 15:13:02,548 [ERROR] 请求失败：401 Client Error: Authorization Required for url: https://www.zhihu.com/api/v3/feed/topstory/hot-lists/total?limit=50&desktop=true
2025-07-04 15:13:02,548 [ERROR] 没有获取到热榜数据，退出。
2025-07-04 16:16:01,503 [ERROR] 请求失败：403 Client Error: Forbidden for url: https://www.zhihu.com/api/v4/search/top_search
2025-07-04 16:16:01,503 [ERROR] 没有获取到热搜数据，退出。
2025-07-04 16:16:01,869 [ERROR] 请求失败：401 Client Error: Authorization Required for url: https://www.zhihu.com/api/v3/feed/topstory/hot-lists/total?limit=50&desktop=true
2025-07-04 16:16:01,869 [ERROR] 没有获取到热榜数据，退出。
2025-07-04 17:11:26,692 [ERROR] 请求失败：403 Client Error: Forbidden for url: https://www.zhihu.com/api/v4/search/top_search
2025-07-04 17:11:26,692 [ERROR] 没有获取到热搜数据，退出。
2025-07-04 17:11:27,132 [ERROR] 请求失败：401 Client Error: Authorization Required for url: https://www.zhihu.com/api/v3/feed/topstory/hot-lists/total?limit=50&desktop=true
2025-07-04 17:11:27,132 [ERROR] 没有获取到热榜数据，退出。
2025-07-04 18:17:43,186 [ERROR] 请求失败：403 Client Error: Forbidden for url: https://www.zhihu.com/api/v4/search/top_search
2025-07-04 18:17:43,186 [ERROR] 没有获取到热搜数据，退出。
2025-07-04 18:17:43,717 [ERROR] 请求失败：403 Client Error: Forbidden for url: https://www.zhihu.com/api/v3/feed/topstory/hot-lists/total?limit=50&desktop=true
2025-07-04 18:17:43,717 [ERROR] 没有获取到热榜数据，退出。
2025-07-04 19:10:46,085 [ERROR] 请求失败：403 Client Error: Forbidden for url: https://www.zhihu.com/api/v4/search/top_search
2025-07-04 19:10:46,085 [ERROR] 没有获取到热搜数据，退出。
2025-07-04 19:10:46,576 [ERROR] 请求失败：401 Client Error: Authorization Required for url: https://www.zhihu.com/api/v3/feed/topstory/hot-lists/total?limit=50&desktop=true
2025-07-04 19:10:46,576 [ERROR] 没有获取到热榜数据，退出。
2025-07-04 20:14:13,240 [ERROR] 请求失败：403 Client Error: Forbidden for url: https://www.zhihu.com/api/v4/search/top_search
2025-07-04 20:14:13,240 [ERROR] 没有获取到热搜数据，退出。
2025-07-04 20:14:13,625 [ERROR] 请求失败：401 Client Error: Authorization Required for url: https://www.zhihu.com/api/v3/feed/topstory/hot-lists/total?limit=50&desktop=true
2025-07-04 20:14:13,625 [ERROR] 没有获取到热榜数据，退出。
2025-07-04 21:12:33,200 [ERROR] 请求失败：403 Client Error: Forbidden for url: https://www.zhihu.com/api/v4/search/top_search
2025-07-04 21:12:33,200 [ERROR] 没有获取到热搜数据，退出。
2025-07-04 21:12:33,664 [ERROR] 请求失败：401 Client Error: Authorization Required for url: https://www.zhihu.com/api/v3/feed/topstory/hot-lists/total?limit=50&desktop=true
2025-07-04 21:12:33,664 [ERROR] 没有获取到热榜数据，退出。
2025-07-04 22:12:48,711 [ERROR] 请求失败：403 Client Error: Forbidden for url: https://www.zhihu.com/api/v4/search/top_search
2025-07-04 22:12:48,711 [ERROR] 没有获取到热搜数据，退出。
2025-07-04 22:12:49,185 [ERROR] 请求失败：401 Client Error: Authorization Required for url: https://www.zhihu.com/api/v3/feed/topstory/hot-lists/total?limit=50&desktop=true
2025-07-04 22:12:49,185 [ERROR] 没有获取到热榜数据，退出。
