2025-09-01 01:10:45,055 [ERROR] 请求失败：403 Client Error: Forbidden for url: https://www.zhihu.com/api/v4/search/top_search
2025-09-01 01:10:45,055 [ERROR] 没有获取到热搜数据，退出。
2025-09-01 01:10:45,438 [ERROR] 请求失败：403 Client Error: Forbidden for url: https://www.zhihu.com/api/v3/feed/topstory/hot-lists/total?limit=50&desktop=true
2025-09-01 01:10:45,438 [ERROR] 没有获取到热榜数据，退出。
2025-09-01 03:16:07,501 [WARNING] Retrying (Retry(total=4, connect=None, read=None, redirect=None, status=None)) after connection broken by 'NewConnectionError('<urllib3.connection.HTTPSConnection object at 0x7fd74ca49d60>: Failed to establish a new connection: [Errno 101] Network is unreachable')': /api/v4/search/top_search
2025-09-01 03:16:19,512 [WARNING] Retrying (Retry(total=3, connect=None, read=None, redirect=None, status=None)) after connection broken by 'NewConnectionError('<urllib3.connection.HTTPSConnection object at 0x7fd74d6184a0>: Failed to establish a new connection: [Errno 101] Network is unreachable')': /api/v4/search/top_search
2025-09-01 03:16:33,517 [WARNING] Retrying (Retry(total=2, connect=None, read=None, redirect=None, status=None)) after connection broken by 'NewConnectionError('<urllib3.connection.HTTPSConnection object at 0x7fd74ca4a780>: Failed to establish a new connection: [Errno 101] Network is unreachable')': /api/v4/search/top_search
2025-09-01 03:16:51,528 [WARNING] Retrying (Retry(total=1, connect=None, read=None, redirect=None, status=None)) after connection broken by 'NewConnectionError('<urllib3.connection.HTTPSConnection object at 0x7fd74ca4a8d0>: Failed to establish a new connection: [Errno 101] Network is unreachable')': /api/v4/search/top_search
2025-09-01 03:17:17,539 [WARNING] Retrying (Retry(total=0, connect=None, read=None, redirect=None, status=None)) after connection broken by 'NewConnectionError('<urllib3.connection.HTTPSConnection object at 0x7fd74ca4aa20>: Failed to establish a new connection: [Errno 101] Network is unreachable')': /api/v4/search/top_search
2025-09-01 03:17:27,719 [ERROR] 请求失败：HTTPSConnectionPool(host='www.zhihu.com', port=443): Max retries exceeded with url: /api/v4/search/top_search (Caused by NewConnectionError('<urllib3.connection.HTTPSConnection object at 0x7fd74ca4ab70>: Failed to establish a new connection: [Errno 101] Network is unreachable'))
2025-09-01 03:17:27,719 [ERROR] 没有获取到热搜数据，退出。
2025-09-01 03:17:37,831 [WARNING] Retrying (Retry(total=4, connect=None, read=None, redirect=None, status=None)) after connection broken by 'NewConnectionError('<urllib3.connection.HTTPSConnection object at 0x7f88f1927fb0>: Failed to establish a new connection: [Errno 101] Network is unreachable')': /api/v3/feed/topstory/hot-lists/total?limit=50&desktop=true
2025-09-01 03:17:49,842 [WARNING] Retrying (Retry(total=3, connect=None, read=None, redirect=None, status=None)) after connection broken by 'NewConnectionError('<urllib3.connection.HTTPSConnection object at 0x7f88f1536b40>: Failed to establish a new connection: [Errno 101] Network is unreachable')': /api/v3/feed/topstory/hot-lists/total?limit=50&desktop=true
2025-09-01 03:18:03,854 [WARNING] Retrying (Retry(total=2, connect=None, read=None, redirect=None, status=None)) after connection broken by 'NewConnectionError('<urllib3.connection.HTTPSConnection object at 0x7f88f1536d50>: Failed to establish a new connection: [Errno 101] Network is unreachable')': /api/v3/feed/topstory/hot-lists/total?limit=50&desktop=true
2025-09-01 03:18:21,865 [WARNING] Retrying (Retry(total=1, connect=None, read=None, redirect=None, status=None)) after connection broken by 'NewConnectionError('<urllib3.connection.HTTPSConnection object at 0x7f88f1536ea0>: Failed to establish a new connection: [Errno 101] Network is unreachable')': /api/v3/feed/topstory/hot-lists/total?limit=50&desktop=true
2025-09-01 03:18:48,033 [WARNING] Retrying (Retry(total=0, connect=None, read=None, redirect=None, status=None)) after connection broken by 'NewConnectionError('<urllib3.connection.HTTPSConnection object at 0x7f88f1536ff0>: Failed to establish a new connection: [Errno 101] Network is unreachable')': /api/v3/feed/topstory/hot-lists/total?limit=50&desktop=true
2025-09-01 03:18:58,036 [ERROR] 请求失败：HTTPSConnectionPool(host='www.zhihu.com', port=443): Max retries exceeded with url: /api/v3/feed/topstory/hot-lists/total?limit=50&desktop=true (Caused by NewConnectionError('<urllib3.connection.HTTPSConnection object at 0x7f88f1537140>: Failed to establish a new connection: [Errno 101] Network is unreachable'))
2025-09-01 03:18:58,036 [ERROR] 没有获取到热榜数据，退出。
2025-09-01 04:22:47,091 [ERROR] 请求失败：403 Client Error: Forbidden for url: https://www.zhihu.com/api/v4/search/top_search
2025-09-01 04:22:47,091 [ERROR] 没有获取到热搜数据，退出。
2025-09-01 04:22:47,513 [ERROR] 请求失败：403 Client Error: Forbidden for url: https://www.zhihu.com/api/v3/feed/topstory/hot-lists/total?limit=50&desktop=true
2025-09-01 04:22:47,513 [ERROR] 没有获取到热榜数据，退出。
2025-09-01 05:13:39,997 [ERROR] 请求失败：403 Client Error: Forbidden for url: https://www.zhihu.com/api/v4/search/top_search
2025-09-01 05:13:39,998 [ERROR] 没有获取到热搜数据，退出。
2025-09-01 05:13:40,398 [ERROR] 请求失败：403 Client Error: Forbidden for url: https://www.zhihu.com/api/v3/feed/topstory/hot-lists/total?limit=50&desktop=true
2025-09-01 05:13:40,398 [ERROR] 没有获取到热榜数据，退出。
2025-09-01 06:21:18,075 [ERROR] 请求失败：403 Client Error: Forbidden for url: https://www.zhihu.com/api/v4/search/top_search
2025-09-01 06:21:18,075 [ERROR] 没有获取到热搜数据，退出。
2025-09-01 06:21:18,525 [ERROR] 请求失败：401 Client Error: Authorization Required for url: https://www.zhihu.com/api/v3/feed/topstory/hot-lists/total?limit=50&desktop=true
2025-09-01 06:21:18,525 [ERROR] 没有获取到热榜数据，退出。
2025-09-01 07:13:56,338 [ERROR] 请求失败：403 Client Error: Forbidden for url: https://www.zhihu.com/api/v4/search/top_search
2025-09-01 07:13:56,338 [ERROR] 没有获取到热搜数据，退出。
2025-09-01 07:13:56,795 [ERROR] 请求失败：403 Client Error: Forbidden for url: https://www.zhihu.com/api/v3/feed/topstory/hot-lists/total?limit=50&desktop=true
2025-09-01 07:13:56,795 [ERROR] 没有获取到热榜数据，退出。
2025-09-01 08:18:43,439 [ERROR] 请求失败：403 Client Error: Forbidden for url: https://www.zhihu.com/api/v4/search/top_search
2025-09-01 08:18:43,439 [ERROR] 没有获取到热搜数据，退出。
2025-09-01 08:18:43,849 [ERROR] 请求失败：401 Client Error: Authorization Required for url: https://www.zhihu.com/api/v3/feed/topstory/hot-lists/total?limit=50&desktop=true
2025-09-01 08:18:43,849 [ERROR] 没有获取到热榜数据，退出。
2025-09-01 09:15:39,905 [ERROR] 请求失败：403 Client Error: Forbidden for url: https://www.zhihu.com/api/v4/search/top_search
2025-09-01 09:15:39,905 [ERROR] 没有获取到热搜数据，退出。
2025-09-01 09:15:40,755 [ERROR] 请求失败：403 Client Error: Forbidden for url: https://www.zhihu.com/api/v3/feed/topstory/hot-lists/total?limit=50&desktop=true
2025-09-01 09:15:40,755 [ERROR] 没有获取到热榜数据，退出。
2025-09-01 10:14:43,043 [ERROR] 请求失败：403 Client Error: Forbidden for url: https://www.zhihu.com/api/v4/search/top_search
2025-09-01 10:14:43,043 [ERROR] 没有获取到热搜数据，退出。
2025-09-01 10:14:43,538 [ERROR] 请求失败：403 Client Error: Forbidden for url: https://www.zhihu.com/api/v3/feed/topstory/hot-lists/total?limit=50&desktop=true
2025-09-01 10:14:43,538 [ERROR] 没有获取到热榜数据，退出。
2025-09-01 11:10:52,085 [ERROR] 请求失败：403 Client Error: Forbidden for url: https://www.zhihu.com/api/v4/search/top_search
2025-09-01 11:10:52,085 [ERROR] 没有获取到热搜数据，退出。
2025-09-01 11:10:53,081 [ERROR] 请求失败：403 Client Error: Forbidden for url: https://www.zhihu.com/api/v3/feed/topstory/hot-lists/total?limit=50&desktop=true
2025-09-01 11:10:53,081 [ERROR] 没有获取到热榜数据，退出。
2025-09-01 12:26:39,069 [ERROR] 请求失败：403 Client Error: Forbidden for url: https://www.zhihu.com/api/v4/search/top_search
2025-09-01 12:26:39,069 [ERROR] 没有获取到热搜数据，退出。
2025-09-01 12:26:39,524 [ERROR] 请求失败：401 Client Error: Authorization Required for url: https://www.zhihu.com/api/v3/feed/topstory/hot-lists/total?limit=50&desktop=true
2025-09-01 12:26:39,524 [ERROR] 没有获取到热榜数据，退出。
