2025-05-09 01:02:38,247 [ERROR] 请求失败：403 Client Error: Forbidden for url: https://www.zhihu.com/api/v4/search/top_search
2025-05-09 01:02:38,247 [ERROR] 没有获取到热搜数据，退出。
2025-05-09 01:02:38,809 [ERROR] 请求失败：403 Client Error: Forbidden for url: https://www.zhihu.com/api/v3/feed/topstory/hot-lists/total?limit=50&desktop=true
2025-05-09 01:02:38,809 [ERROR] 没有获取到热榜数据，退出。
2025-05-09 03:05:38,433 [ERROR] 请求失败：403 Client Error: Forbidden for url: https://www.zhihu.com/api/v4/search/top_search
2025-05-09 03:05:38,434 [ERROR] 没有获取到热搜数据，退出。
2025-05-09 03:05:39,042 [ERROR] 请求失败：401 Client Error: Authorization Required for url: https://www.zhihu.com/api/v3/feed/topstory/hot-lists/total?limit=50&desktop=true
2025-05-09 03:05:39,043 [ERROR] 没有获取到热榜数据，退出。
2025-05-09 04:16:27,190 [ERROR] 请求失败：403 Client Error: Forbidden for url: https://www.zhihu.com/api/v4/search/top_search
2025-05-09 04:16:27,190 [ERROR] 没有获取到热搜数据，退出。
2025-05-09 04:16:27,715 [ERROR] 请求失败：403 Client Error: Forbidden for url: https://www.zhihu.com/api/v3/feed/topstory/hot-lists/total?limit=50&desktop=true
2025-05-09 04:16:27,715 [ERROR] 没有获取到热榜数据，退出。
2025-05-09 05:13:13,608 [ERROR] 请求失败：403 Client Error: Forbidden for url: https://www.zhihu.com/api/v4/search/top_search
2025-05-09 05:13:13,608 [ERROR] 没有获取到热搜数据，退出。
2025-05-09 05:13:14,130 [ERROR] 请求失败：403 Client Error: Forbidden for url: https://www.zhihu.com/api/v3/feed/topstory/hot-lists/total?limit=50&desktop=true
2025-05-09 05:13:14,130 [ERROR] 没有获取到热榜数据，退出。
2025-05-09 06:19:12,344 [ERROR] 请求失败：403 Client Error: Forbidden for url: https://www.zhihu.com/api/v4/search/top_search
2025-05-09 06:19:12,344 [ERROR] 没有获取到热搜数据，退出。
2025-05-09 06:19:12,823 [ERROR] 请求失败：401 Client Error: Authorization Required for url: https://www.zhihu.com/api/v3/feed/topstory/hot-lists/total?limit=50&desktop=true
2025-05-09 06:19:12,823 [ERROR] 没有获取到热榜数据，退出。
2025-05-09 07:12:45,084 [ERROR] 请求失败：403 Client Error: Forbidden for url: https://www.zhihu.com/api/v4/search/top_search
2025-05-09 07:12:45,085 [ERROR] 没有获取到热搜数据，退出。
2025-05-09 07:12:45,588 [ERROR] 请求失败：403 Client Error: Forbidden for url: https://www.zhihu.com/api/v3/feed/topstory/hot-lists/total?limit=50&desktop=true
2025-05-09 07:12:45,588 [ERROR] 没有获取到热榜数据，退出。
