2025-07-05 01:03:25,455 [ERROR] 请求失败：403 Client Error: Forbidden for url: https://www.zhihu.com/api/v4/search/top_search
2025-07-05 01:03:25,455 [ERROR] 没有获取到热搜数据，退出。
2025-07-05 01:03:25,926 [ERROR] 请求失败：401 Client Error: Authorization Required for url: https://www.zhihu.com/api/v3/feed/topstory/hot-lists/total?limit=50&desktop=true
2025-07-05 01:03:25,926 [ERROR] 没有获取到热榜数据，退出。
2025-07-05 03:09:12,462 [ERROR] 请求失败：403 Client Error: Forbidden for url: https://www.zhihu.com/api/v4/search/top_search
2025-07-05 03:09:12,463 [ERROR] 没有获取到热搜数据，退出。
2025-07-05 03:09:12,945 [ERROR] 请求失败：401 Client Error: Authorization Required for url: https://www.zhihu.com/api/v3/feed/topstory/hot-lists/total?limit=50&desktop=true
2025-07-05 03:09:12,945 [ERROR] 没有获取到热榜数据，退出。
2025-07-05 04:18:15,756 [ERROR] 请求失败：403 Client Error: Forbidden for url: https://www.zhihu.com/api/v4/search/top_search
2025-07-05 04:18:15,756 [ERROR] 没有获取到热搜数据，退出。
2025-07-05 04:18:16,122 [ERROR] 请求失败：401 Client Error: Authorization Required for url: https://www.zhihu.com/api/v3/feed/topstory/hot-lists/total?limit=50&desktop=true
2025-07-05 04:18:16,122 [ERROR] 没有获取到热榜数据，退出。
2025-07-05 05:12:58,637 [INFO] 成功写入 10 条热搜到 hotresearch/2025_7_5/2025_7_5_5.txt
2025-07-05 05:12:59,137 [ERROR] 请求失败：401 Client Error: Authorization Required for url: https://www.zhihu.com/api/v3/feed/topstory/hot-lists/total?limit=50&desktop=true
2025-07-05 05:12:59,137 [ERROR] 没有获取到热榜数据，退出。
2025-07-05 06:18:03,436 [ERROR] 请求失败：403 Client Error: Forbidden for url: https://www.zhihu.com/api/v4/search/top_search
2025-07-05 06:18:03,436 [ERROR] 没有获取到热搜数据，退出。
2025-07-05 06:18:03,914 [ERROR] 请求失败：403 Client Error: Forbidden for url: https://www.zhihu.com/api/v3/feed/topstory/hot-lists/total?limit=50&desktop=true
2025-07-05 06:18:03,914 [ERROR] 没有获取到热榜数据，退出。
2025-07-05 07:12:07,434 [ERROR] 请求失败：403 Client Error: Forbidden for url: https://www.zhihu.com/api/v4/search/top_search
2025-07-05 07:12:07,434 [ERROR] 没有获取到热搜数据，退出。
2025-07-05 07:12:07,901 [ERROR] 请求失败：401 Client Error: Authorization Required for url: https://www.zhihu.com/api/v3/feed/topstory/hot-lists/total?limit=50&desktop=true
2025-07-05 07:12:07,901 [ERROR] 没有获取到热榜数据，退出。
2025-07-05 08:16:19,669 [ERROR] 请求失败：403 Client Error: Forbidden for url: https://www.zhihu.com/api/v4/search/top_search
2025-07-05 08:16:19,669 [ERROR] 没有获取到热搜数据，退出。
2025-07-05 08:16:20,139 [ERROR] 请求失败：401 Client Error: Authorization Required for url: https://www.zhihu.com/api/v3/feed/topstory/hot-lists/total?limit=50&desktop=true
2025-07-05 08:16:20,139 [ERROR] 没有获取到热榜数据，退出。
2025-07-05 09:12:43,913 [ERROR] 请求失败：403 Client Error: Forbidden for url: https://www.zhihu.com/api/v4/search/top_search
2025-07-05 09:12:43,913 [ERROR] 没有获取到热搜数据，退出。
2025-07-05 09:12:44,384 [ERROR] 请求失败：401 Client Error: Authorization Required for url: https://www.zhihu.com/api/v3/feed/topstory/hot-lists/total?limit=50&desktop=true
2025-07-05 09:12:44,384 [ERROR] 没有获取到热榜数据，退出。
2025-07-05 10:12:54,489 [ERROR] 请求失败：403 Client Error: Forbidden for url: https://www.zhihu.com/api/v4/search/top_search
2025-07-05 10:12:54,489 [ERROR] 没有获取到热搜数据，退出。
2025-07-05 10:12:54,952 [ERROR] 请求失败：403 Client Error: Forbidden for url: https://www.zhihu.com/api/v3/feed/topstory/hot-lists/total?limit=50&desktop=true
2025-07-05 10:12:54,952 [ERROR] 没有获取到热榜数据，退出。
2025-07-05 11:10:10,227 [ERROR] 请求失败：403 Client Error: Forbidden for url: https://www.zhihu.com/api/v4/search/top_search
2025-07-05 11:10:10,228 [ERROR] 没有获取到热搜数据，退出。
2025-07-05 11:10:10,765 [ERROR] 请求失败：403 Client Error: Forbidden for url: https://www.zhihu.com/api/v3/feed/topstory/hot-lists/total?limit=50&desktop=true
2025-07-05 11:10:10,765 [ERROR] 没有获取到热榜数据，退出。
2025-07-05 12:23:44,603 [ERROR] 请求失败：403 Client Error: Forbidden for url: https://www.zhihu.com/api/v4/search/top_search
2025-07-05 12:23:44,603 [ERROR] 没有获取到热搜数据，退出。
2025-07-05 12:23:45,063 [ERROR] 请求失败：401 Client Error: Authorization Required for url: https://www.zhihu.com/api/v3/feed/topstory/hot-lists/total?limit=50&desktop=true
2025-07-05 12:23:45,063 [ERROR] 没有获取到热榜数据，退出。
2025-07-05 13:22:22,198 [ERROR] 请求失败：403 Client Error: Forbidden for url: https://www.zhihu.com/api/v4/search/top_search
2025-07-05 13:22:22,198 [ERROR] 没有获取到热搜数据，退出。
2025-07-05 13:22:22,661 [ERROR] 请求失败：401 Client Error: Authorization Required for url: https://www.zhihu.com/api/v3/feed/topstory/hot-lists/total?limit=50&desktop=true
2025-07-05 13:22:22,661 [ERROR] 没有获取到热榜数据，退出。
2025-07-05 14:12:22,665 [ERROR] 请求失败：403 Client Error: Forbidden for url: https://www.zhihu.com/api/v4/search/top_search
2025-07-05 14:12:22,665 [ERROR] 没有获取到热搜数据，退出。
2025-07-05 14:12:23,189 [ERROR] 请求失败：401 Client Error: Authorization Required for url: https://www.zhihu.com/api/v3/feed/topstory/hot-lists/total?limit=50&desktop=true
2025-07-05 14:12:23,189 [ERROR] 没有获取到热榜数据，退出。
2025-07-05 15:12:11,538 [ERROR] 请求失败：403 Client Error: Forbidden for url: https://www.zhihu.com/api/v4/search/top_search
2025-07-05 15:12:11,538 [ERROR] 没有获取到热搜数据，退出。
2025-07-05 15:12:11,922 [ERROR] 请求失败：403 Client Error: Forbidden for url: https://www.zhihu.com/api/v3/feed/topstory/hot-lists/total?limit=50&desktop=true
2025-07-05 15:12:11,922 [ERROR] 没有获取到热榜数据，退出。
2025-07-05 16:14:43,215 [ERROR] 请求失败：403 Client Error: Forbidden for url: https://www.zhihu.com/api/v4/search/top_search
2025-07-05 16:14:43,215 [ERROR] 没有获取到热搜数据，退出。
2025-07-05 16:14:43,684 [ERROR] 请求失败：401 Client Error: Authorization Required for url: https://www.zhihu.com/api/v3/feed/topstory/hot-lists/total?limit=50&desktop=true
2025-07-05 16:14:43,684 [ERROR] 没有获取到热榜数据，退出。
2025-07-05 17:11:14,894 [ERROR] 请求失败：403 Client Error: Forbidden for url: https://www.zhihu.com/api/v4/search/top_search
2025-07-05 17:11:14,894 [ERROR] 没有获取到热搜数据，退出。
2025-07-05 17:11:15,407 [ERROR] 请求失败：401 Client Error: Authorization Required for url: https://www.zhihu.com/api/v3/feed/topstory/hot-lists/total?limit=50&desktop=true
2025-07-05 17:11:15,407 [ERROR] 没有获取到热榜数据，退出。
2025-07-05 18:16:20,370 [ERROR] 请求失败：403 Client Error: Forbidden for url: https://www.zhihu.com/api/v4/search/top_search
2025-07-05 18:16:20,371 [ERROR] 没有获取到热搜数据，退出。
2025-07-05 18:16:20,729 [ERROR] 请求失败：401 Client Error: Authorization Required for url: https://www.zhihu.com/api/v3/feed/topstory/hot-lists/total?limit=50&desktop=true
2025-07-05 18:16:20,729 [ERROR] 没有获取到热榜数据，退出。
2025-07-05 19:10:25,577 [ERROR] 请求失败：403 Client Error: Forbidden for url: https://www.zhihu.com/api/v4/search/top_search
2025-07-05 19:10:25,577 [ERROR] 没有获取到热搜数据，退出。
2025-07-05 19:10:26,039 [ERROR] 请求失败：401 Client Error: Authorization Required for url: https://www.zhihu.com/api/v3/feed/topstory/hot-lists/total?limit=50&desktop=true
2025-07-05 19:10:26,039 [ERROR] 没有获取到热榜数据，退出。
2025-07-05 20:13:19,038 [ERROR] 请求失败：403 Client Error: Forbidden for url: https://www.zhihu.com/api/v4/search/top_search
2025-07-05 20:13:19,038 [ERROR] 没有获取到热搜数据，退出。
2025-07-05 20:13:19,544 [ERROR] 请求失败：401 Client Error: Authorization Required for url: https://www.zhihu.com/api/v3/feed/topstory/hot-lists/total?limit=50&desktop=true
2025-07-05 20:13:19,544 [ERROR] 没有获取到热榜数据，退出。
2025-07-05 21:12:22,509 [ERROR] 请求失败：403 Client Error: Forbidden for url: https://www.zhihu.com/api/v4/search/top_search
2025-07-05 21:12:22,509 [ERROR] 没有获取到热搜数据，退出。
2025-07-05 21:12:22,990 [ERROR] 请求失败：401 Client Error: Authorization Required for url: https://www.zhihu.com/api/v3/feed/topstory/hot-lists/total?limit=50&desktop=true
2025-07-05 21:12:22,990 [ERROR] 没有获取到热榜数据，退出。
