2025-05-11 01:07:06,023 [INFO] 成功写入 10 条热搜到 hotresearch/2025_5_11/2025_5_11_1.txt
2025-05-11 01:07:06,626 [ERROR] 请求失败：403 Client Error: Forbidden for url: https://www.zhihu.com/api/v3/feed/topstory/hot-lists/total?limit=50&desktop=true
2025-05-11 01:07:06,626 [ERROR] 没有获取到热榜数据，退出。
2025-05-11 03:10:04,282 [ERROR] 请求失败：403 Client Error: Forbidden for url: https://www.zhihu.com/api/v4/search/top_search
2025-05-11 03:10:04,282 [ERROR] 没有获取到热搜数据，退出。
2025-05-11 03:10:04,868 [ERROR] 请求失败：403 Client Error: Forbidden for url: https://www.zhihu.com/api/v3/feed/topstory/hot-lists/total?limit=50&desktop=true
2025-05-11 03:10:04,868 [ERROR] 没有获取到热榜数据，退出。
2025-05-11 04:15:52,429 [INFO] 成功写入 10 条热搜到 hotresearch/2025_5_11/2025_5_11_4.txt
2025-05-11 04:15:52,891 [ERROR] 请求失败：401 Client Error: Authorization Required for url: https://www.zhihu.com/api/v3/feed/topstory/hot-lists/total?limit=50&desktop=true
2025-05-11 04:15:52,891 [ERROR] 没有获取到热榜数据，退出。
2025-05-11 05:12:10,299 [ERROR] 请求失败：403 Client Error: Forbidden for url: https://www.zhihu.com/api/v4/search/top_search
2025-05-11 05:12:10,300 [ERROR] 没有获取到热搜数据，退出。
2025-05-11 05:12:10,919 [ERROR] 请求失败：401 Client Error: Authorization Required for url: https://www.zhihu.com/api/v3/feed/topstory/hot-lists/total?limit=50&desktop=true
2025-05-11 05:12:10,919 [ERROR] 没有获取到热榜数据，退出。
2025-05-11 06:16:56,543 [ERROR] 请求失败：403 Client Error: Forbidden for url: https://www.zhihu.com/api/v4/search/top_search
2025-05-11 06:16:56,543 [ERROR] 没有获取到热搜数据，退出。
2025-05-11 06:16:57,008 [ERROR] 请求失败：401 Client Error: Authorization Required for url: https://www.zhihu.com/api/v3/feed/topstory/hot-lists/total?limit=50&desktop=true
2025-05-11 06:16:57,008 [ERROR] 没有获取到热榜数据，退出。
2025-05-11 07:12:02,829 [ERROR] 请求失败：403 Client Error: Forbidden for url: https://www.zhihu.com/api/v4/search/top_search
2025-05-11 07:12:02,830 [ERROR] 没有获取到热搜数据，退出。
2025-05-11 07:12:03,291 [ERROR] 请求失败：401 Client Error: Authorization Required for url: https://www.zhihu.com/api/v3/feed/topstory/hot-lists/total?limit=50&desktop=true
2025-05-11 07:12:03,291 [ERROR] 没有获取到热榜数据，退出。
2025-05-11 08:15:19,768 [ERROR] 请求失败：403 Client Error: Forbidden for url: https://www.zhihu.com/api/v4/search/top_search
2025-05-11 08:15:19,769 [ERROR] 没有获取到热搜数据，退出。
2025-05-11 08:15:20,234 [ERROR] 请求失败：401 Client Error: Authorization Required for url: https://www.zhihu.com/api/v3/feed/topstory/hot-lists/total?limit=50&desktop=true
2025-05-11 08:15:20,234 [ERROR] 没有获取到热榜数据，退出。
2025-05-11 09:12:11,975 [ERROR] 请求失败：403 Client Error: Forbidden for url: https://www.zhihu.com/api/v4/search/top_search
2025-05-11 09:12:11,975 [ERROR] 没有获取到热搜数据，退出。
2025-05-11 09:12:12,577 [ERROR] 请求失败：403 Client Error: Forbidden for url: https://www.zhihu.com/api/v3/feed/topstory/hot-lists/total?limit=50&desktop=true
2025-05-11 09:12:12,578 [ERROR] 没有获取到热榜数据，退出。
2025-05-11 10:11:54,964 [ERROR] 请求失败：403 Client Error: Forbidden for url: https://www.zhihu.com/api/v4/search/top_search
2025-05-11 10:11:54,964 [ERROR] 没有获取到热搜数据，退出。
2025-05-11 10:11:55,415 [ERROR] 请求失败：401 Client Error: Authorization Required for url: https://www.zhihu.com/api/v3/feed/topstory/hot-lists/total?limit=50&desktop=true
2025-05-11 10:11:55,415 [ERROR] 没有获取到热榜数据，退出。
2025-05-11 11:09:33,748 [ERROR] 请求失败：403 Client Error: Forbidden for url: https://www.zhihu.com/api/v4/search/top_search
2025-05-11 11:09:33,748 [ERROR] 没有获取到热搜数据，退出。
2025-05-11 11:09:34,257 [ERROR] 请求失败：401 Client Error: Authorization Required for url: https://www.zhihu.com/api/v3/feed/topstory/hot-lists/total?limit=50&desktop=true
2025-05-11 11:09:34,257 [ERROR] 没有获取到热榜数据，退出。
2025-05-11 12:21:50,905 [ERROR] 请求失败：403 Client Error: Forbidden for url: https://www.zhihu.com/api/v4/search/top_search
2025-05-11 12:21:50,905 [ERROR] 没有获取到热搜数据，退出。
2025-05-11 12:21:51,448 [ERROR] 请求失败：403 Client Error: Forbidden for url: https://www.zhihu.com/api/v3/feed/topstory/hot-lists/total?limit=50&desktop=true
2025-05-11 12:21:51,448 [ERROR] 没有获取到热榜数据，退出。
2025-05-11 13:19:54,782 [ERROR] 请求失败：403 Client Error: Forbidden for url: https://www.zhihu.com/api/v4/search/top_search
2025-05-11 13:19:54,782 [ERROR] 没有获取到热搜数据，退出。
2025-05-11 13:19:55,233 [ERROR] 请求失败：403 Client Error: Forbidden for url: https://www.zhihu.com/api/v3/feed/topstory/hot-lists/total?limit=50&desktop=true
2025-05-11 13:19:55,233 [ERROR] 没有获取到热榜数据，退出。
2025-05-11 14:10:56,539 [ERROR] 请求失败：403 Client Error: Forbidden for url: https://www.zhihu.com/api/v4/search/top_search
2025-05-11 14:10:56,539 [ERROR] 没有获取到热搜数据，退出。
2025-05-11 14:10:57,026 [ERROR] 请求失败：401 Client Error: Authorization Required for url: https://www.zhihu.com/api/v3/feed/topstory/hot-lists/total?limit=50&desktop=true
2025-05-11 14:10:57,026 [ERROR] 没有获取到热榜数据，退出。
2025-05-11 15:11:35,788 [ERROR] 请求失败：403 Client Error: Forbidden for url: https://www.zhihu.com/api/v4/search/top_search
2025-05-11 15:11:35,789 [ERROR] 没有获取到热搜数据，退出。
2025-05-11 15:11:36,288 [ERROR] 请求失败：403 Client Error: Forbidden for url: https://www.zhihu.com/api/v3/feed/topstory/hot-lists/total?limit=50&desktop=true
2025-05-11 15:11:36,288 [ERROR] 没有获取到热榜数据，退出。
2025-05-11 16:13:38,347 [ERROR] 请求失败：403 Client Error: Forbidden for url: https://www.zhihu.com/api/v4/search/top_search
2025-05-11 16:13:38,347 [ERROR] 没有获取到热搜数据，退出。
2025-05-11 16:13:38,875 [ERROR] 请求失败：403 Client Error: Forbidden for url: https://www.zhihu.com/api/v3/feed/topstory/hot-lists/total?limit=50&desktop=true
2025-05-11 16:13:38,875 [ERROR] 没有获取到热榜数据，退出。
2025-05-11 17:10:15,109 [ERROR] 请求失败：403 Client Error: Forbidden for url: https://www.zhihu.com/api/v4/search/top_search
2025-05-11 17:10:15,109 [ERROR] 没有获取到热搜数据，退出。
2025-05-11 17:10:15,666 [ERROR] 请求失败：401 Client Error: Authorization Required for url: https://www.zhihu.com/api/v3/feed/topstory/hot-lists/total?limit=50&desktop=true
2025-05-11 17:10:15,666 [ERROR] 没有获取到热榜数据，退出。
2025-05-11 18:15:40,533 [ERROR] 请求失败：403 Client Error: Forbidden for url: https://www.zhihu.com/api/v4/search/top_search
2025-05-11 18:15:40,533 [ERROR] 没有获取到热搜数据，退出。
2025-05-11 18:15:41,124 [ERROR] 请求失败：401 Client Error: Authorization Required for url: https://www.zhihu.com/api/v3/feed/topstory/hot-lists/total?limit=50&desktop=true
2025-05-11 18:15:41,124 [ERROR] 没有获取到热榜数据，退出。
2025-05-11 19:09:15,548 [ERROR] 请求失败：403 Client Error: Forbidden for url: https://www.zhihu.com/api/v4/search/top_search
2025-05-11 19:09:15,548 [ERROR] 没有获取到热搜数据，退出。
2025-05-11 19:09:16,107 [ERROR] 请求失败：401 Client Error: Authorization Required for url: https://www.zhihu.com/api/v3/feed/topstory/hot-lists/total?limit=50&desktop=true
2025-05-11 19:09:16,108 [ERROR] 没有获取到热榜数据，退出。
2025-05-11 20:12:39,714 [ERROR] 请求失败：403 Client Error: Forbidden for url: https://www.zhihu.com/api/v4/search/top_search
2025-05-11 20:12:39,714 [ERROR] 没有获取到热搜数据，退出。
2025-05-11 20:12:40,167 [ERROR] 请求失败：401 Client Error: Authorization Required for url: https://www.zhihu.com/api/v3/feed/topstory/hot-lists/total?limit=50&desktop=true
2025-05-11 20:12:40,167 [ERROR] 没有获取到热榜数据，退出。
2025-05-11 21:10:50,754 [ERROR] 请求失败：403 Client Error: Forbidden for url: https://www.zhihu.com/api/v4/search/top_search
2025-05-11 21:10:50,754 [ERROR] 没有获取到热搜数据，退出。
2025-05-11 21:10:51,210 [ERROR] 请求失败：401 Client Error: Authorization Required for url: https://www.zhihu.com/api/v3/feed/topstory/hot-lists/total?limit=50&desktop=true
2025-05-11 21:10:51,210 [ERROR] 没有获取到热榜数据，退出。
2025-05-11 22:11:20,692 [ERROR] 请求失败：403 Client Error: Forbidden for url: https://www.zhihu.com/api/v4/search/top_search
2025-05-11 22:11:20,692 [ERROR] 没有获取到热搜数据，退出。
2025-05-11 22:11:21,178 [ERROR] 请求失败：401 Client Error: Authorization Required for url: https://www.zhihu.com/api/v3/feed/topstory/hot-lists/total?limit=50&desktop=true
2025-05-11 22:11:21,178 [ERROR] 没有获取到热榜数据，退出。
2025-05-11 23:11:38,870 [ERROR] 请求失败：403 Client Error: Forbidden for url: https://www.zhihu.com/api/v4/search/top_search
2025-05-11 23:11:38,870 [ERROR] 没有获取到热搜数据，退出。
2025-05-11 23:11:39,435 [ERROR] 请求失败：401 Client Error: Authorization Required for url: https://www.zhihu.com/api/v3/feed/topstory/hot-lists/total?limit=50&desktop=true
2025-05-11 23:11:39,435 [ERROR] 没有获取到热榜数据，退出。
