2025-09-03 00:57:29,098 [ERROR] 请求失败：403 Client Error: Forbidden for url: https://www.zhihu.com/api/v4/search/top_search
2025-09-03 00:57:29,098 [ERROR] 没有获取到热搜数据，退出。
2025-09-03 00:57:29,633 [ERROR] 请求失败：403 Client Error: Forbidden for url: https://www.zhihu.com/api/v3/feed/topstory/hot-lists/total?limit=50&desktop=true
2025-09-03 00:57:29,633 [ERROR] 没有获取到热榜数据，退出。
2025-09-03 02:17:33,707 [ERROR] 请求失败：403 Client Error: Forbidden for url: https://www.zhihu.com/api/v4/search/top_search
2025-09-03 02:17:33,707 [ERROR] 没有获取到热搜数据，退出。
2025-09-03 02:17:34,732 [ERROR] 请求失败：403 Client Error: Forbidden for url: https://www.zhihu.com/api/v3/feed/topstory/hot-lists/total?limit=50&desktop=true
2025-09-03 02:17:34,732 [ERROR] 没有获取到热榜数据，退出。
2025-09-03 03:21:49,260 [ERROR] 请求失败：403 Client Error: Forbidden for url: https://www.zhihu.com/api/v4/search/top_search
2025-09-03 03:21:49,260 [ERROR] 没有获取到热搜数据，退出。
2025-09-03 03:21:50,134 [ERROR] 请求失败：401 Client Error: Authorization Required for url: https://www.zhihu.com/api/v3/feed/topstory/hot-lists/total?limit=50&desktop=true
2025-09-03 03:21:50,134 [ERROR] 没有获取到热榜数据，退出。
2025-09-03 04:14:52,223 [ERROR] 请求失败：403 Client Error: Forbidden for url: https://www.zhihu.com/api/v4/search/top_search
2025-09-03 04:14:52,223 [ERROR] 没有获取到热搜数据，退出。
2025-09-03 04:14:52,935 [ERROR] 请求失败：403 Client Error: Forbidden for url: https://www.zhihu.com/api/v3/feed/topstory/hot-lists/total?limit=50&desktop=true
2025-09-03 04:14:52,935 [ERROR] 没有获取到热榜数据，退出。
2025-09-03 05:11:47,793 [ERROR] 请求失败：403 Client Error: Forbidden for url: https://www.zhihu.com/api/v4/search/top_search
2025-09-03 05:11:47,793 [ERROR] 没有获取到热搜数据，退出。
2025-09-03 05:11:48,216 [ERROR] 请求失败：403 Client Error: Forbidden for url: https://www.zhihu.com/api/v3/feed/topstory/hot-lists/total?limit=50&desktop=true
2025-09-03 05:11:48,217 [ERROR] 没有获取到热榜数据，退出。
2025-09-03 06:18:07,983 [ERROR] 请求失败：403 Client Error: Forbidden for url: https://www.zhihu.com/api/v4/search/top_search
2025-09-03 06:18:07,983 [ERROR] 没有获取到热搜数据，退出。
2025-09-03 06:18:08,456 [ERROR] 请求失败：403 Client Error: Forbidden for url: https://www.zhihu.com/api/v3/feed/topstory/hot-lists/total?limit=50&desktop=true
2025-09-03 06:18:08,457 [ERROR] 没有获取到热榜数据，退出。
