2025-06-27 01:06:22,077 [ERROR] 请求失败：403 Client Error: Forbidden for url: https://www.zhihu.com/api/v4/search/top_search
2025-06-27 01:06:22,078 [ERROR] 没有获取到热搜数据，退出。
2025-06-27 01:06:22,541 [ERROR] 请求失败：403 Client Error: Forbidden for url: https://www.zhihu.com/api/v3/feed/topstory/hot-lists/total?limit=50&desktop=true
2025-06-27 01:06:22,541 [ERROR] 没有获取到热榜数据，退出。
2025-06-27 03:14:43,059 [ERROR] 请求失败：403 Client Error: Forbidden for url: https://www.zhihu.com/api/v4/search/top_search
2025-06-27 03:14:43,059 [ERROR] 没有获取到热搜数据，退出。
2025-06-27 03:14:43,533 [ERROR] 请求失败：401 Client Error: Authorization Required for url: https://www.zhihu.com/api/v3/feed/topstory/hot-lists/total?limit=50&desktop=true
2025-06-27 03:14:43,533 [ERROR] 没有获取到热榜数据，退出。
2025-06-27 04:22:38,004 [ERROR] 请求失败：403 Client Error: Forbidden for url: https://www.zhihu.com/api/v4/search/top_search
2025-06-27 04:22:38,004 [ERROR] 没有获取到热搜数据，退出。
2025-06-27 04:22:38,343 [ERROR] 请求失败：401 Client Error: Authorization Required for url: https://www.zhihu.com/api/v3/feed/topstory/hot-lists/total?limit=50&desktop=true
2025-06-27 04:22:38,343 [ERROR] 没有获取到热榜数据，退出。
2025-06-27 05:14:35,816 [ERROR] 请求失败：403 Client Error: Forbidden for url: https://www.zhihu.com/api/v4/search/top_search
2025-06-27 05:14:35,816 [ERROR] 没有获取到热搜数据，退出。
2025-06-27 05:14:36,154 [ERROR] 请求失败：401 Client Error: Authorization Required for url: https://www.zhihu.com/api/v3/feed/topstory/hot-lists/total?limit=50&desktop=true
2025-06-27 05:14:36,154 [ERROR] 没有获取到热榜数据，退出。
2025-06-27 06:20:18,477 [ERROR] 请求失败：403 Client Error: Forbidden for url: https://www.zhihu.com/api/v4/search/top_search
2025-06-27 06:20:18,477 [ERROR] 没有获取到热搜数据，退出。
2025-06-27 06:20:18,977 [ERROR] 请求失败：401 Client Error: Authorization Required for url: https://www.zhihu.com/api/v3/feed/topstory/hot-lists/total?limit=50&desktop=true
2025-06-27 06:20:18,977 [ERROR] 没有获取到热榜数据，退出。
