2025-07-23 01:11:08,446 [ERROR] 请求失败：403 Client Error: Forbidden for url: https://www.zhihu.com/api/v4/search/top_search
2025-07-23 01:11:08,446 [ERROR] 没有获取到热搜数据，退出。
2025-07-23 01:11:08,912 [ERROR] 请求失败：403 Client Error: Forbidden for url: https://www.zhihu.com/api/v3/feed/topstory/hot-lists/total?limit=50&desktop=true
2025-07-23 01:11:08,912 [ERROR] 没有获取到热榜数据，退出。
2025-07-23 03:25:57,197 [ERROR] 请求失败：403 Client Error: Forbidden for url: https://www.zhihu.com/api/v4/search/top_search
2025-07-23 03:25:57,197 [ERROR] 没有获取到热搜数据，退出。
2025-07-23 03:25:57,660 [ERROR] 请求失败：403 Client Error: Forbidden for url: https://www.zhihu.com/api/v3/feed/topstory/hot-lists/total?limit=50&desktop=true
2025-07-23 03:25:57,660 [ERROR] 没有获取到热榜数据，退出。
2025-07-23 04:35:08,139 [ERROR] 请求失败：403 Client Error: Forbidden for url: https://www.zhihu.com/api/v4/search/top_search
2025-07-23 04:35:08,139 [ERROR] 没有获取到热搜数据，退出。
2025-07-23 04:35:08,487 [ERROR] 请求失败：401 Client Error: Authorization Required for url: https://www.zhihu.com/api/v3/feed/topstory/hot-lists/total?limit=50&desktop=true
2025-07-23 04:35:08,487 [ERROR] 没有获取到热榜数据，退出。
2025-07-23 05:21:48,570 [ERROR] 请求失败：403 Client Error: Forbidden for url: https://www.zhihu.com/api/v4/search/top_search
2025-07-23 05:21:48,570 [ERROR] 没有获取到热搜数据，退出。
2025-07-23 05:21:49,074 [ERROR] 请求失败：403 Client Error: Forbidden for url: https://www.zhihu.com/api/v3/feed/topstory/hot-lists/total?limit=50&desktop=true
2025-07-23 05:21:49,074 [ERROR] 没有获取到热榜数据，退出。
2025-07-23 06:21:12,748 [ERROR] 请求失败：403 Client Error: Forbidden for url: https://www.zhihu.com/api/v4/search/top_search
2025-07-23 06:21:12,748 [ERROR] 没有获取到热搜数据，退出。
2025-07-23 06:21:13,233 [ERROR] 请求失败：403 Client Error: Forbidden for url: https://www.zhihu.com/api/v3/feed/topstory/hot-lists/total?limit=50&desktop=true
2025-07-23 06:21:13,233 [ERROR] 没有获取到热榜数据，退出。
2025-07-23 07:18:27,908 [ERROR] 请求失败：403 Client Error: Forbidden for url: https://www.zhihu.com/api/v4/search/top_search
2025-07-23 07:18:27,908 [ERROR] 没有获取到热搜数据，退出。
2025-07-23 07:18:28,382 [ERROR] 请求失败：403 Client Error: Forbidden for url: https://www.zhihu.com/api/v3/feed/topstory/hot-lists/total?limit=50&desktop=true
2025-07-23 07:18:28,382 [ERROR] 没有获取到热榜数据，退出。
2025-07-23 08:19:48,342 [ERROR] 请求失败：403 Client Error: Forbidden for url: https://www.zhihu.com/api/v4/search/top_search
2025-07-23 08:19:48,342 [ERROR] 没有获取到热搜数据，退出。
2025-07-23 08:19:48,692 [ERROR] 请求失败：401 Client Error: Authorization Required for url: https://www.zhihu.com/api/v3/feed/topstory/hot-lists/total?limit=50&desktop=true
2025-07-23 08:19:48,692 [ERROR] 没有获取到热榜数据，退出。
2025-07-23 09:19:46,726 [ERROR] 请求失败：403 Client Error: Forbidden for url: https://www.zhihu.com/api/v4/search/top_search
2025-07-23 09:19:46,726 [ERROR] 没有获取到热搜数据，退出。
2025-07-23 09:19:47,215 [ERROR] 请求失败：403 Client Error: Forbidden for url: https://www.zhihu.com/api/v3/feed/topstory/hot-lists/total?limit=50&desktop=true
2025-07-23 09:19:47,216 [ERROR] 没有获取到热榜数据，退出。
2025-07-23 10:15:16,492 [ERROR] 请求失败：403 Client Error: Forbidden for url: https://www.zhihu.com/api/v4/search/top_search
2025-07-23 10:15:16,492 [ERROR] 没有获取到热搜数据，退出。
2025-07-23 10:15:17,010 [ERROR] 请求失败：401 Client Error: Authorization Required for url: https://www.zhihu.com/api/v3/feed/topstory/hot-lists/total?limit=50&desktop=true
2025-07-23 10:15:17,010 [ERROR] 没有获取到热榜数据，退出。
2025-07-23 11:12:50,908 [ERROR] 请求失败：403 Client Error: Forbidden for url: https://www.zhihu.com/api/v4/search/top_search
2025-07-23 11:12:50,908 [ERROR] 没有获取到热搜数据，退出。
2025-07-23 11:12:51,258 [ERROR] 请求失败：401 Client Error: Authorization Required for url: https://www.zhihu.com/api/v3/feed/topstory/hot-lists/total?limit=50&desktop=true
2025-07-23 11:12:51,258 [ERROR] 没有获取到热榜数据，退出。
2025-07-23 12:28:39,233 [ERROR] 请求失败：403 Client Error: Forbidden for url: https://www.zhihu.com/api/v4/search/top_search
2025-07-23 12:28:39,233 [ERROR] 没有获取到热搜数据，退出。
2025-07-23 12:28:39,690 [ERROR] 请求失败：401 Client Error: Authorization Required for url: https://www.zhihu.com/api/v3/feed/topstory/hot-lists/total?limit=50&desktop=true
2025-07-23 12:28:39,690 [ERROR] 没有获取到热榜数据，退出。
2025-07-23 13:33:35,851 [ERROR] 请求失败：403 Client Error: Forbidden for url: https://www.zhihu.com/api/v4/search/top_search
2025-07-23 13:33:35,851 [ERROR] 没有获取到热搜数据，退出。
2025-07-23 13:33:36,305 [ERROR] 请求失败：403 Client Error: Forbidden for url: https://www.zhihu.com/api/v3/feed/topstory/hot-lists/total?limit=50&desktop=true
2025-07-23 13:33:36,305 [ERROR] 没有获取到热榜数据，退出。
2025-07-23 14:15:46,484 [ERROR] 请求失败：403 Client Error: Forbidden for url: https://www.zhihu.com/api/v4/search/top_search
2025-07-23 14:15:46,484 [ERROR] 没有获取到热搜数据，退出。
2025-07-23 14:15:46,827 [ERROR] 请求失败：401 Client Error: Authorization Required for url: https://www.zhihu.com/api/v3/feed/topstory/hot-lists/total?limit=50&desktop=true
2025-07-23 14:15:46,827 [ERROR] 没有获取到热榜数据，退出。
2025-07-23 15:15:20,588 [ERROR] 请求失败：403 Client Error: Forbidden for url: https://www.zhihu.com/api/v4/search/top_search
2025-07-23 15:15:20,588 [ERROR] 没有获取到热搜数据，退出。
2025-07-23 15:15:21,041 [ERROR] 请求失败：403 Client Error: Forbidden for url: https://www.zhihu.com/api/v3/feed/topstory/hot-lists/total?limit=50&desktop=true
2025-07-23 15:15:21,041 [ERROR] 没有获取到热榜数据，退出。
2025-07-23 16:17:52,390 [ERROR] 请求失败：403 Client Error: Forbidden for url: https://www.zhihu.com/api/v4/search/top_search
2025-07-23 16:17:52,390 [ERROR] 没有获取到热搜数据，退出。
2025-07-23 16:17:52,833 [ERROR] 请求失败：403 Client Error: Forbidden for url: https://www.zhihu.com/api/v3/feed/topstory/hot-lists/total?limit=50&desktop=true
2025-07-23 16:17:52,833 [ERROR] 没有获取到热榜数据，退出。
2025-07-23 17:15:55,801 [ERROR] 请求失败：403 Client Error: Forbidden for url: https://www.zhihu.com/api/v4/search/top_search
2025-07-23 17:15:55,801 [ERROR] 没有获取到热搜数据，退出。
2025-07-23 17:15:56,242 [ERROR] 请求失败：401 Client Error: Authorization Required for url: https://www.zhihu.com/api/v3/feed/topstory/hot-lists/total?limit=50&desktop=true
2025-07-23 17:15:56,242 [ERROR] 没有获取到热榜数据，退出。
2025-07-23 18:19:58,676 [ERROR] 请求失败：403 Client Error: Forbidden for url: https://www.zhihu.com/api/v4/search/top_search
2025-07-23 18:19:58,677 [ERROR] 没有获取到热搜数据，退出。
2025-07-23 18:19:59,145 [ERROR] 请求失败：401 Client Error: Authorization Required for url: https://www.zhihu.com/api/v3/feed/topstory/hot-lists/total?limit=50&desktop=true
2025-07-23 18:19:59,145 [ERROR] 没有获取到热榜数据，退出。
2025-07-23 19:13:11,061 [ERROR] 请求失败：403 Client Error: Forbidden for url: https://www.zhihu.com/api/v4/search/top_search
2025-07-23 19:13:11,061 [ERROR] 没有获取到热搜数据，退出。
2025-07-23 19:13:11,501 [ERROR] 请求失败：401 Client Error: Authorization Required for url: https://www.zhihu.com/api/v3/feed/topstory/hot-lists/total?limit=50&desktop=true
2025-07-23 19:13:11,501 [ERROR] 没有获取到热榜数据，退出。
2025-07-23 20:15:19,229 [ERROR] 请求失败：403 Client Error: Forbidden for url: https://www.zhihu.com/api/v4/search/top_search
2025-07-23 20:15:19,229 [ERROR] 没有获取到热搜数据，退出。
2025-07-23 20:15:19,593 [ERROR] 请求失败：401 Client Error: Authorization Required for url: https://www.zhihu.com/api/v3/feed/topstory/hot-lists/total?limit=50&desktop=true
2025-07-23 20:15:19,593 [ERROR] 没有获取到热榜数据，退出。
2025-07-23 21:13:48,310 [ERROR] 请求失败：403 Client Error: Forbidden for url: https://www.zhihu.com/api/v4/search/top_search
2025-07-23 21:13:48,310 [ERROR] 没有获取到热搜数据，退出。
2025-07-23 21:13:48,818 [ERROR] 请求失败：401 Client Error: Authorization Required for url: https://www.zhihu.com/api/v3/feed/topstory/hot-lists/total?limit=50&desktop=true
2025-07-23 21:13:48,818 [ERROR] 没有获取到热榜数据，退出。
2025-07-23 22:13:56,133 [ERROR] 请求失败：403 Client Error: Forbidden for url: https://www.zhihu.com/api/v4/search/top_search
2025-07-23 22:13:56,133 [ERROR] 没有获取到热搜数据，退出。
2025-07-23 22:13:56,620 [ERROR] 请求失败：401 Client Error: Authorization Required for url: https://www.zhihu.com/api/v3/feed/topstory/hot-lists/total?limit=50&desktop=true
2025-07-23 22:13:56,620 [ERROR] 没有获取到热榜数据，退出。
