2025-12-11 01:07:45,088 [INFO] 成功写入 10 条热搜到 hotresearch/2025_12_11/2025_12_11_1.txt
2025-12-11 01:07:45,607 [ERROR] 请求失败：401 Client Error: Authorization Required for url: https://www.zhihu.com/api/v3/feed/topstory/hot-lists/total?limit=50&desktop=true
2025-12-11 01:07:45,607 [ERROR] 没有获取到热榜数据，退出。
2025-12-11 03:19:07,160 [INFO] 成功写入 10 条热搜到 hotresearch/2025_12_11/2025_12_11_3.txt
2025-12-11 03:19:07,535 [ERROR] 请求失败：401 Client Error: Authorization Required for url: https://www.zhihu.com/api/v3/feed/topstory/hot-lists/total?limit=50&desktop=true
2025-12-11 03:19:07,535 [ERROR] 没有获取到热榜数据，退出。
2025-12-11 04:29:15,400 [ERROR] 请求失败：403 Client Error: Forbidden for url: https://www.zhihu.com/api/v4/search/top_search
2025-12-11 04:29:15,400 [ERROR] 没有获取到热搜数据，退出。
2025-12-11 04:29:15,746 [ERROR] 请求失败：403 Client Error: Forbidden for url: https://www.zhihu.com/api/v3/feed/topstory/hot-lists/total?limit=50&desktop=true
2025-12-11 04:29:15,746 [ERROR] 没有获取到热榜数据，退出。
2025-12-11 05:17:01,262 [ERROR] 请求失败：403 Client Error: Forbidden for url: https://www.zhihu.com/api/v4/search/top_search
2025-12-11 05:17:01,262 [ERROR] 没有获取到热搜数据，退出。
2025-12-11 05:17:01,596 [ERROR] 请求失败：403 Client Error: Forbidden for url: https://www.zhihu.com/api/v3/feed/topstory/hot-lists/total?limit=50&desktop=true
2025-12-11 05:17:01,596 [ERROR] 没有获取到热榜数据，退出。
2025-12-11 06:23:24,833 [INFO] 成功写入 10 条热搜到 hotresearch/2025_12_11/2025_12_11_6.txt
2025-12-11 06:23:25,319 [ERROR] 请求失败：403 Client Error: Forbidden for url: https://www.zhihu.com/api/v3/feed/topstory/hot-lists/total?limit=50&desktop=true
2025-12-11 06:23:25,320 [ERROR] 没有获取到热榜数据，退出。
2025-12-11 07:18:58,028 [INFO] 成功写入 10 条热搜到 hotresearch/2025_12_11/2025_12_11_7.txt
2025-12-11 07:18:58,414 [ERROR] 请求失败：401 Client Error: Authorization Required for url: https://www.zhihu.com/api/v3/feed/topstory/hot-lists/total?limit=50&desktop=true
2025-12-11 07:18:58,414 [ERROR] 没有获取到热榜数据，退出。
2025-12-11 08:20:59,752 [INFO] 成功写入 10 条热搜到 hotresearch/2025_12_11/2025_12_11_8.txt
2025-12-11 08:21:00,248 [ERROR] 请求失败：403 Client Error: Forbidden for url: https://www.zhihu.com/api/v3/feed/topstory/hot-lists/total?limit=50&desktop=true
2025-12-11 08:21:00,248 [ERROR] 没有获取到热榜数据，退出。
2025-12-11 09:19:10,082 [INFO] 成功写入 10 条热搜到 hotresearch/2025_12_11/2025_12_11_9.txt
2025-12-11 09:19:10,418 [ERROR] 请求失败：401 Client Error: Authorization Required for url: https://www.zhihu.com/api/v3/feed/topstory/hot-lists/total?limit=50&desktop=true
2025-12-11 09:19:10,418 [ERROR] 没有获取到热榜数据，退出。
2025-12-11 10:16:37,431 [INFO] 成功写入 10 条热搜到 hotresearch/2025_12_11/2025_12_11_10.txt
2025-12-11 10:16:37,937 [ERROR] 请求失败：401 Client Error: Authorization Required for url: https://www.zhihu.com/api/v3/feed/topstory/hot-lists/total?limit=50&desktop=true
2025-12-11 10:16:37,938 [ERROR] 没有获取到热榜数据，退出。
2025-12-11 11:13:25,824 [INFO] 成功写入 10 条热搜到 hotresearch/2025_12_11/2025_12_11_11.txt
2025-12-11 11:13:26,294 [ERROR] 请求失败：403 Client Error: Forbidden for url: https://www.zhihu.com/api/v3/feed/topstory/hot-lists/total?limit=50&desktop=true
2025-12-11 11:13:26,294 [ERROR] 没有获取到热榜数据，退出。
2025-12-11 12:30:02,563 [INFO] 成功写入 10 条热搜到 hotresearch/2025_12_11/2025_12_11_12.txt
2025-12-11 12:30:03,149 [ERROR] 请求失败：403 Client Error: Forbidden for url: https://www.zhihu.com/api/v3/feed/topstory/hot-lists/total?limit=50&desktop=true
2025-12-11 12:30:03,149 [ERROR] 没有获取到热榜数据，退出。
2025-12-11 13:33:23,980 [INFO] 成功写入 10 条热搜到 hotresearch/2025_12_11/2025_12_11_13.txt
2025-12-11 13:33:24,456 [ERROR] 请求失败：403 Client Error: Forbidden for url: https://www.zhihu.com/api/v3/feed/topstory/hot-lists/total?limit=50&desktop=true
2025-12-11 13:33:24,456 [ERROR] 没有获取到热榜数据，退出。
2025-12-11 14:17:06,721 [ERROR] 请求失败：403 Client Error: Forbidden for url: https://www.zhihu.com/api/v4/search/top_search
2025-12-11 14:17:06,721 [ERROR] 没有获取到热搜数据，退出。
2025-12-11 14:17:07,231 [ERROR] 请求失败：401 Client Error: Authorization Required for url: https://www.zhihu.com/api/v3/feed/topstory/hot-lists/total?limit=50&desktop=true
2025-12-11 14:17:07,231 [ERROR] 没有获取到热榜数据，退出。
2025-12-11 15:16:30,940 [INFO] 成功写入 10 条热搜到 hotresearch/2025_12_11/2025_12_11_15.txt
2025-12-11 15:16:31,307 [ERROR] 请求失败：401 Client Error: Authorization Required for url: https://www.zhihu.com/api/v3/feed/topstory/hot-lists/total?limit=50&desktop=true
2025-12-11 15:16:31,307 [ERROR] 没有获取到热榜数据，退出。
2025-12-11 16:20:49,669 [INFO] 成功写入 10 条热搜到 hotresearch/2025_12_11/2025_12_11_16.txt
2025-12-11 16:20:50,163 [ERROR] 请求失败：401 Client Error: Authorization Required for url: https://www.zhihu.com/api/v3/feed/topstory/hot-lists/total?limit=50&desktop=true
2025-12-11 16:20:50,163 [ERROR] 没有获取到热榜数据，退出。
2025-12-11 17:20:03,352 [INFO] 成功写入 10 条热搜到 hotresearch/2025_12_11/2025_12_11_17.txt
2025-12-11 17:20:03,861 [ERROR] 请求失败：401 Client Error: Authorization Required for url: https://www.zhihu.com/api/v3/feed/topstory/hot-lists/total?limit=50&desktop=true
2025-12-11 17:20:03,861 [ERROR] 没有获取到热榜数据，退出。
2025-12-11 18:19:40,898 [INFO] 成功写入 10 条热搜到 hotresearch/2025_12_11/2025_12_11_18.txt
2025-12-11 18:19:41,399 [ERROR] 请求失败：401 Client Error: Authorization Required for url: https://www.zhihu.com/api/v3/feed/topstory/hot-lists/total?limit=50&desktop=true
2025-12-11 18:19:41,399 [ERROR] 没有获取到热榜数据，退出。
2025-12-11 19:14:16,336 [INFO] 成功写入 10 条热搜到 hotresearch/2025_12_11/2025_12_11_19.txt
2025-12-11 19:14:16,835 [ERROR] 请求失败：401 Client Error: Authorization Required for url: https://www.zhihu.com/api/v3/feed/topstory/hot-lists/total?limit=50&desktop=true
2025-12-11 19:14:16,835 [ERROR] 没有获取到热榜数据，退出。
2025-12-11 20:16:50,305 [INFO] 成功写入 10 条热搜到 hotresearch/2025_12_11/2025_12_11_20.txt
2025-12-11 20:16:50,810 [ERROR] 请求失败：401 Client Error: Authorization Required for url: https://www.zhihu.com/api/v3/feed/topstory/hot-lists/total?limit=50&desktop=true
2025-12-11 20:16:50,810 [ERROR] 没有获取到热榜数据，退出。
2025-12-11 21:15:32,175 [INFO] 成功写入 10 条热搜到 hotresearch/2025_12_11/2025_12_11_21.txt
2025-12-11 21:15:32,540 [ERROR] 请求失败：401 Client Error: Authorization Required for url: https://www.zhihu.com/api/v3/feed/topstory/hot-lists/total?limit=50&desktop=true
2025-12-11 21:15:32,540 [ERROR] 没有获取到热榜数据，退出。
