2025-05-29 01:04:27,823 [ERROR] 请求失败：403 Client Error: Forbidden for url: https://www.zhihu.com/api/v4/search/top_search
2025-05-29 01:04:27,824 [ERROR] 没有获取到热搜数据，退出。
2025-05-29 01:04:28,295 [ERROR] 请求失败：403 Client Error: Forbidden for url: https://www.zhihu.com/api/v3/feed/topstory/hot-lists/total?limit=50&desktop=true
2025-05-29 01:04:28,295 [ERROR] 没有获取到热榜数据，退出。
2025-05-29 03:08:59,390 [ERROR] 请求失败：403 Client Error: Forbidden for url: https://www.zhihu.com/api/v4/search/top_search
2025-05-29 03:08:59,390 [ERROR] 没有获取到热搜数据，退出。
2025-05-29 03:08:59,769 [ERROR] 请求失败：403 Client Error: Forbidden for url: https://www.zhihu.com/api/v3/feed/topstory/hot-lists/total?limit=50&desktop=true
2025-05-29 03:08:59,769 [ERROR] 没有获取到热榜数据，退出。
2025-05-29 04:18:33,090 [ERROR] 请求失败：403 Client Error: Forbidden for url: https://www.zhihu.com/api/v4/search/top_search
2025-05-29 04:18:33,090 [ERROR] 没有获取到热搜数据，退出。
2025-05-29 04:18:33,584 [ERROR] 请求失败：401 Client Error: Authorization Required for url: https://www.zhihu.com/api/v3/feed/topstory/hot-lists/total?limit=50&desktop=true
2025-05-29 04:18:33,584 [ERROR] 没有获取到热榜数据，退出。
2025-05-29 05:13:40,303 [ERROR] 请求失败：403 Client Error: Forbidden for url: https://www.zhihu.com/api/v4/search/top_search
2025-05-29 05:13:40,303 [ERROR] 没有获取到热搜数据，退出。
2025-05-29 05:13:40,787 [ERROR] 请求失败：403 Client Error: Forbidden for url: https://www.zhihu.com/api/v3/feed/topstory/hot-lists/total?limit=50&desktop=true
2025-05-29 05:13:40,787 [ERROR] 没有获取到热榜数据，退出。
2025-05-29 06:19:02,254 [ERROR] 请求失败：403 Client Error: Forbidden for url: https://www.zhihu.com/api/v4/search/top_search
2025-05-29 06:19:02,254 [ERROR] 没有获取到热搜数据，退出。
2025-05-29 06:19:02,761 [ERROR] 请求失败：401 Client Error: Authorization Required for url: https://www.zhihu.com/api/v3/feed/topstory/hot-lists/total?limit=50&desktop=true
2025-05-29 06:19:02,761 [ERROR] 没有获取到热榜数据，退出。
2025-05-29 07:13:02,403 [ERROR] 请求失败：403 Client Error: Forbidden for url: https://www.zhihu.com/api/v4/search/top_search
2025-05-29 07:13:02,403 [ERROR] 没有获取到热搜数据，退出。
2025-05-29 07:13:02,757 [ERROR] 请求失败：401 Client Error: Authorization Required for url: https://www.zhihu.com/api/v3/feed/topstory/hot-lists/total?limit=50&desktop=true
2025-05-29 07:13:02,757 [ERROR] 没有获取到热榜数据，退出。
2025-05-29 08:17:52,547 [INFO] 成功写入 10 条热搜到 hotresearch/2025_5_29/2025_5_29_8.txt
2025-05-29 08:17:52,912 [ERROR] 请求失败：401 Client Error: Authorization Required for url: https://www.zhihu.com/api/v3/feed/topstory/hot-lists/total?limit=50&desktop=true
2025-05-29 08:17:52,912 [ERROR] 没有获取到热榜数据，退出。
2025-05-29 09:14:00,687 [ERROR] 请求失败：403 Client Error: Forbidden for url: https://www.zhihu.com/api/v4/search/top_search
2025-05-29 09:14:00,687 [ERROR] 没有获取到热搜数据，退出。
2025-05-29 09:14:01,194 [ERROR] 请求失败：403 Client Error: Forbidden for url: https://www.zhihu.com/api/v3/feed/topstory/hot-lists/total?limit=50&desktop=true
2025-05-29 09:14:01,194 [ERROR] 没有获取到热榜数据，退出。
2025-05-29 10:14:31,522 [ERROR] 请求失败：403 Client Error: Forbidden for url: https://www.zhihu.com/api/v4/search/top_search
2025-05-29 10:14:31,522 [ERROR] 没有获取到热搜数据，退出。
2025-05-29 10:14:32,007 [ERROR] 请求失败：403 Client Error: Forbidden for url: https://www.zhihu.com/api/v3/feed/topstory/hot-lists/total?limit=50&desktop=true
2025-05-29 10:14:32,007 [ERROR] 没有获取到热榜数据，退出。
2025-05-29 11:11:17,041 [ERROR] 请求失败：403 Client Error: Forbidden for url: https://www.zhihu.com/api/v4/search/top_search
2025-05-29 11:11:17,041 [ERROR] 没有获取到热搜数据，退出。
2025-05-29 11:11:17,529 [ERROR] 请求失败：401 Client Error: Authorization Required for url: https://www.zhihu.com/api/v3/feed/topstory/hot-lists/total?limit=50&desktop=true
2025-05-29 11:11:17,529 [ERROR] 没有获取到热榜数据，退出。
2025-05-29 12:25:38,226 [ERROR] 请求失败：403 Client Error: Forbidden for url: https://www.zhihu.com/api/v4/search/top_search
2025-05-29 12:25:38,226 [ERROR] 没有获取到热搜数据，退出。
2025-05-29 12:25:38,685 [ERROR] 请求失败：401 Client Error: Authorization Required for url: https://www.zhihu.com/api/v3/feed/topstory/hot-lists/total?limit=50&desktop=true
2025-05-29 12:25:38,685 [ERROR] 没有获取到热榜数据，退出。
2025-05-29 13:25:14,726 [ERROR] 请求失败：403 Client Error: Forbidden for url: https://www.zhihu.com/api/v4/search/top_search
2025-05-29 13:25:14,726 [ERROR] 没有获取到热搜数据，退出。
2025-05-29 13:25:15,178 [ERROR] 请求失败：401 Client Error: Authorization Required for url: https://www.zhihu.com/api/v3/feed/topstory/hot-lists/total?limit=50&desktop=true
2025-05-29 13:25:15,178 [ERROR] 没有获取到热榜数据，退出。
2025-05-29 14:12:44,507 [ERROR] 请求失败：403 Client Error: Forbidden for url: https://www.zhihu.com/api/v4/search/top_search
2025-05-29 14:12:44,507 [ERROR] 没有获取到热搜数据，退出。
2025-05-29 14:12:45,032 [ERROR] 请求失败：401 Client Error: Authorization Required for url: https://www.zhihu.com/api/v3/feed/topstory/hot-lists/total?limit=50&desktop=true
2025-05-29 14:12:45,032 [ERROR] 没有获取到热榜数据，退出。
2025-05-29 15:13:22,186 [ERROR] 请求失败：403 Client Error: Forbidden for url: https://www.zhihu.com/api/v4/search/top_search
2025-05-29 15:13:22,186 [ERROR] 没有获取到热搜数据，退出。
2025-05-29 15:13:22,541 [ERROR] 请求失败：401 Client Error: Authorization Required for url: https://www.zhihu.com/api/v3/feed/topstory/hot-lists/total?limit=50&desktop=true
2025-05-29 15:13:22,541 [ERROR] 没有获取到热榜数据，退出。
2025-05-29 16:15:50,401 [ERROR] 请求失败：403 Client Error: Forbidden for url: https://www.zhihu.com/api/v4/search/top_search
2025-05-29 16:15:50,401 [ERROR] 没有获取到热搜数据，退出。
2025-05-29 16:15:50,885 [ERROR] 请求失败：401 Client Error: Authorization Required for url: https://www.zhihu.com/api/v3/feed/topstory/hot-lists/total?limit=50&desktop=true
2025-05-29 16:15:50,885 [ERROR] 没有获取到热榜数据，退出。
2025-05-29 17:11:41,057 [ERROR] 请求失败：403 Client Error: Forbidden for url: https://www.zhihu.com/api/v4/search/top_search
2025-05-29 17:11:41,057 [ERROR] 没有获取到热搜数据，退出。
2025-05-29 17:11:41,523 [ERROR] 请求失败：401 Client Error: Authorization Required for url: https://www.zhihu.com/api/v3/feed/topstory/hot-lists/total?limit=50&desktop=true
2025-05-29 17:11:41,523 [ERROR] 没有获取到热榜数据，退出。
2025-05-29 18:17:53,339 [ERROR] 请求失败：403 Client Error: Forbidden for url: https://www.zhihu.com/api/v4/search/top_search
2025-05-29 18:17:53,340 [ERROR] 没有获取到热搜数据，退出。
2025-05-29 18:17:53,824 [ERROR] 请求失败：401 Client Error: Authorization Required for url: https://www.zhihu.com/api/v3/feed/topstory/hot-lists/total?limit=50&desktop=true
2025-05-29 18:17:53,824 [ERROR] 没有获取到热榜数据，退出。
2025-05-29 19:09:41,850 [ERROR] 请求失败：403 Client Error: Forbidden for url: https://www.zhihu.com/api/v4/search/top_search
2025-05-29 19:09:41,851 [ERROR] 没有获取到热搜数据，退出。
2025-05-29 19:09:42,323 [ERROR] 请求失败：401 Client Error: Authorization Required for url: https://www.zhihu.com/api/v3/feed/topstory/hot-lists/total?limit=50&desktop=true
2025-05-29 19:09:42,324 [ERROR] 没有获取到热榜数据，退出。
2025-05-29 20:14:44,908 [ERROR] 请求失败：403 Client Error: Forbidden for url: https://www.zhihu.com/api/v4/search/top_search
2025-05-29 20:14:44,908 [ERROR] 没有获取到热搜数据，退出。
2025-05-29 20:14:45,385 [ERROR] 请求失败：403 Client Error: Forbidden for url: https://www.zhihu.com/api/v3/feed/topstory/hot-lists/total?limit=50&desktop=true
2025-05-29 20:14:45,385 [ERROR] 没有获取到热榜数据，退出。
2025-05-29 21:12:28,748 [INFO] 成功写入 10 条热搜到 hotresearch/2025_5_29/2025_5_29_21.txt
2025-05-29 21:12:29,169 [ERROR] 请求失败：401 Client Error: Authorization Required for url: https://www.zhihu.com/api/v3/feed/topstory/hot-lists/total?limit=50&desktop=true
2025-05-29 21:12:29,169 [ERROR] 没有获取到热榜数据，退出。
2025-05-29 22:12:17,836 [ERROR] 请求失败：403 Client Error: Forbidden for url: https://www.zhihu.com/api/v4/search/top_search
2025-05-29 22:12:17,836 [ERROR] 没有获取到热搜数据，退出。
2025-05-29 22:12:18,358 [ERROR] 请求失败：401 Client Error: Authorization Required for url: https://www.zhihu.com/api/v3/feed/topstory/hot-lists/total?limit=50&desktop=true
2025-05-29 22:12:18,358 [ERROR] 没有获取到热榜数据，退出。
