2025-06-29 01:13:29,337 [ERROR] 请求失败：403 Client Error: Forbidden for url: https://www.zhihu.com/api/v4/search/top_search
2025-06-29 01:13:29,337 [ERROR] 没有获取到热搜数据，退出。
2025-06-29 01:13:29,806 [ERROR] 请求失败：401 Client Error: Authorization Required for url: https://www.zhihu.com/api/v3/feed/topstory/hot-lists/total?limit=50&desktop=true
2025-06-29 01:13:29,806 [ERROR] 没有获取到热榜数据，退出。
2025-06-29 03:23:40,990 [ERROR] 请求失败：403 Client Error: Forbidden for url: https://www.zhihu.com/api/v4/search/top_search
2025-06-29 03:23:40,990 [ERROR] 没有获取到热搜数据，退出。
2025-06-29 03:23:41,462 [ERROR] 请求失败：403 Client Error: Forbidden for url: https://www.zhihu.com/api/v3/feed/topstory/hot-lists/total?limit=50&desktop=true
2025-06-29 03:23:41,462 [ERROR] 没有获取到热榜数据，退出。
2025-06-29 04:29:23,176 [ERROR] 请求失败：403 Client Error: Forbidden for url: https://www.zhihu.com/api/v4/search/top_search
2025-06-29 04:29:23,177 [ERROR] 没有获取到热搜数据，退出。
2025-06-29 04:29:23,697 [ERROR] 请求失败：401 Client Error: Authorization Required for url: https://www.zhihu.com/api/v3/feed/topstory/hot-lists/total?limit=50&desktop=true
2025-06-29 04:29:23,698 [ERROR] 没有获取到热榜数据，退出。
2025-06-29 05:17:00,414 [ERROR] 请求失败：403 Client Error: Forbidden for url: https://www.zhihu.com/api/v4/search/top_search
2025-06-29 05:17:00,415 [ERROR] 没有获取到热搜数据，退出。
2025-06-29 05:17:00,764 [ERROR] 请求失败：401 Client Error: Authorization Required for url: https://www.zhihu.com/api/v3/feed/topstory/hot-lists/total?limit=50&desktop=true
2025-06-29 05:17:00,764 [ERROR] 没有获取到热榜数据，退出。
2025-06-29 06:18:16,867 [ERROR] 请求失败：403 Client Error: Forbidden for url: https://www.zhihu.com/api/v4/search/top_search
2025-06-29 06:18:16,867 [ERROR] 没有获取到热搜数据，退出。
2025-06-29 06:18:17,214 [ERROR] 请求失败：401 Client Error: Authorization Required for url: https://www.zhihu.com/api/v3/feed/topstory/hot-lists/total?limit=50&desktop=true
2025-06-29 06:18:17,214 [ERROR] 没有获取到热榜数据，退出。
2025-06-29 07:11:56,607 [ERROR] 请求失败：403 Client Error: Forbidden for url: https://www.zhihu.com/api/v4/search/top_search
2025-06-29 07:11:56,607 [ERROR] 没有获取到热搜数据，退出。
2025-06-29 07:11:57,118 [ERROR] 请求失败：401 Client Error: Authorization Required for url: https://www.zhihu.com/api/v3/feed/topstory/hot-lists/total?limit=50&desktop=true
2025-06-29 07:11:57,119 [ERROR] 没有获取到热榜数据，退出。
2025-06-29 08:16:00,379 [ERROR] 请求失败：403 Client Error: Forbidden for url: https://www.zhihu.com/api/v4/search/top_search
2025-06-29 08:16:00,379 [ERROR] 没有获取到热搜数据，退出。
2025-06-29 08:16:00,912 [ERROR] 请求失败：403 Client Error: Forbidden for url: https://www.zhihu.com/api/v3/feed/topstory/hot-lists/total?limit=50&desktop=true
2025-06-29 08:16:00,912 [ERROR] 没有获取到热榜数据，退出。
2025-06-29 09:12:57,373 [ERROR] 请求失败：403 Client Error: Forbidden for url: https://www.zhihu.com/api/v4/search/top_search
2025-06-29 09:12:57,374 [ERROR] 没有获取到热搜数据，退出。
2025-06-29 09:12:57,860 [ERROR] 请求失败：403 Client Error: Forbidden for url: https://www.zhihu.com/api/v3/feed/topstory/hot-lists/total?limit=50&desktop=true
2025-06-29 09:12:57,860 [ERROR] 没有获取到热榜数据，退出。
