2025-09-26 00:58:30,745 [ERROR] 请求失败：403 Client Error: Forbidden for url: https://www.zhihu.com/api/v4/search/top_search
2025-09-26 00:58:30,745 [ERROR] 没有获取到热搜数据，退出。
2025-09-26 00:58:31,263 [ERROR] 请求失败：403 Client Error: Forbidden for url: https://www.zhihu.com/api/v3/feed/topstory/hot-lists/total?limit=50&desktop=true
2025-09-26 00:58:31,263 [ERROR] 没有获取到热榜数据，退出。
2025-09-26 02:22:16,737 [ERROR] 请求失败：403 Client Error: Forbidden for url: https://www.zhihu.com/api/v4/search/top_search
2025-09-26 02:22:16,737 [ERROR] 没有获取到热搜数据，退出。
2025-09-26 02:22:17,313 [ERROR] 请求失败：403 Client Error: Forbidden for url: https://www.zhihu.com/api/v3/feed/topstory/hot-lists/total?limit=50&desktop=true
2025-09-26 02:22:17,313 [ERROR] 没有获取到热榜数据，退出。
2025-09-26 03:27:53,789 [ERROR] 请求失败：403 Client Error: Forbidden for url: https://www.zhihu.com/api/v4/search/top_search
2025-09-26 03:27:53,789 [ERROR] 没有获取到热搜数据，退出。
2025-09-26 03:27:54,245 [ERROR] 请求失败：403 Client Error: Forbidden for url: https://www.zhihu.com/api/v3/feed/topstory/hot-lists/total?limit=50&desktop=true
2025-09-26 03:27:54,245 [ERROR] 没有获取到热榜数据，退出。
2025-09-26 04:14:57,035 [ERROR] 请求失败：403 Client Error: Forbidden for url: https://www.zhihu.com/api/v4/search/top_search
2025-09-26 04:14:57,035 [ERROR] 没有获取到热搜数据，退出。
2025-09-26 04:14:57,657 [ERROR] 请求失败：403 Client Error: Forbidden for url: https://www.zhihu.com/api/v3/feed/topstory/hot-lists/total?limit=50&desktop=true
2025-09-26 04:14:57,657 [ERROR] 没有获取到热榜数据，退出。
2025-09-26 05:12:20,038 [ERROR] 请求失败：403 Client Error: Forbidden for url: https://www.zhihu.com/api/v4/search/top_search
2025-09-26 05:12:20,038 [ERROR] 没有获取到热搜数据，退出。
2025-09-26 05:12:20,624 [ERROR] 请求失败：403 Client Error: Forbidden for url: https://www.zhihu.com/api/v3/feed/topstory/hot-lists/total?limit=50&desktop=true
2025-09-26 05:12:20,624 [ERROR] 没有获取到热榜数据，退出。
2025-09-26 06:18:56,113 [ERROR] 请求失败：403 Client Error: Forbidden for url: https://www.zhihu.com/api/v4/search/top_search
2025-09-26 06:18:56,113 [ERROR] 没有获取到热搜数据，退出。
2025-09-26 06:18:56,524 [ERROR] 请求失败：401 Client Error: Authorization Required for url: https://www.zhihu.com/api/v3/feed/topstory/hot-lists/total?limit=50&desktop=true
2025-09-26 06:18:56,525 [ERROR] 没有获取到热榜数据，退出。
