2025-05-14 01:02:57,068 [ERROR] 请求失败：403 Client Error: Forbidden for url: https://www.zhihu.com/api/v4/search/top_search
2025-05-14 01:02:57,068 [ERROR] 没有获取到热搜数据，退出。
2025-05-14 01:02:57,538 [ERROR] 请求失败：403 Client Error: Forbidden for url: https://www.zhihu.com/api/v3/feed/topstory/hot-lists/total?limit=50&desktop=true
2025-05-14 01:02:57,538 [ERROR] 没有获取到热榜数据，退出。
2025-05-14 03:05:35,859 [ERROR] 请求失败：403 Client Error: Forbidden for url: https://www.zhihu.com/api/v4/search/top_search
2025-05-14 03:05:35,859 [ERROR] 没有获取到热搜数据，退出。
2025-05-14 03:05:36,383 [ERROR] 请求失败：401 Client Error: Authorization Required for url: https://www.zhihu.com/api/v3/feed/topstory/hot-lists/total?limit=50&desktop=true
2025-05-14 03:05:36,384 [ERROR] 没有获取到热榜数据，退出。
2025-05-14 04:16:37,721 [ERROR] 请求失败：403 Client Error: Forbidden for url: https://www.zhihu.com/api/v4/search/top_search
2025-05-14 04:16:37,721 [ERROR] 没有获取到热搜数据，退出。
2025-05-14 04:16:38,236 [ERROR] 请求失败：401 Client Error: Authorization Required for url: https://www.zhihu.com/api/v3/feed/topstory/hot-lists/total?limit=50&desktop=true
2025-05-14 04:16:38,236 [ERROR] 没有获取到热榜数据，退出。
2025-05-14 05:13:18,017 [ERROR] 请求失败：403 Client Error: Forbidden for url: https://www.zhihu.com/api/v4/search/top_search
2025-05-14 05:13:18,017 [ERROR] 没有获取到热搜数据，退出。
2025-05-14 05:13:18,464 [ERROR] 请求失败：401 Client Error: Authorization Required for url: https://www.zhihu.com/api/v3/feed/topstory/hot-lists/total?limit=50&desktop=true
2025-05-14 05:13:18,465 [ERROR] 没有获取到热榜数据，退出。
2025-05-14 06:18:48,128 [ERROR] 请求失败：403 Client Error: Forbidden for url: https://www.zhihu.com/api/v4/search/top_search
2025-05-14 06:18:48,128 [ERROR] 没有获取到热搜数据，退出。
2025-05-14 06:18:48,584 [ERROR] 请求失败：401 Client Error: Authorization Required for url: https://www.zhihu.com/api/v3/feed/topstory/hot-lists/total?limit=50&desktop=true
2025-05-14 06:18:48,584 [ERROR] 没有获取到热榜数据，退出。
2025-05-14 07:12:51,785 [ERROR] 请求失败：403 Client Error: Forbidden for url: https://www.zhihu.com/api/v4/search/top_search
2025-05-14 07:12:51,785 [ERROR] 没有获取到热搜数据，退出。
2025-05-14 07:12:52,269 [ERROR] 请求失败：401 Client Error: Authorization Required for url: https://www.zhihu.com/api/v3/feed/topstory/hot-lists/total?limit=50&desktop=true
2025-05-14 07:12:52,270 [ERROR] 没有获取到热榜数据，退出。
2025-05-14 08:17:37,148 [INFO] 成功写入 10 条热搜到 hotresearch/2025_5_14/2025_5_14_8.txt
2025-05-14 08:17:37,726 [ERROR] 请求失败：403 Client Error: Forbidden for url: https://www.zhihu.com/api/v3/feed/topstory/hot-lists/total?limit=50&desktop=true
2025-05-14 08:17:37,726 [ERROR] 没有获取到热榜数据，退出。
2025-05-14 09:13:47,564 [ERROR] 请求失败：403 Client Error: Forbidden for url: https://www.zhihu.com/api/v4/search/top_search
2025-05-14 09:13:47,564 [ERROR] 没有获取到热搜数据，退出。
2025-05-14 09:13:48,086 [ERROR] 请求失败：403 Client Error: Forbidden for url: https://www.zhihu.com/api/v3/feed/topstory/hot-lists/total?limit=50&desktop=true
2025-05-14 09:13:48,086 [ERROR] 没有获取到热榜数据，退出。
2025-05-14 10:13:58,682 [ERROR] 请求失败：403 Client Error: Forbidden for url: https://www.zhihu.com/api/v4/search/top_search
2025-05-14 10:13:58,683 [ERROR] 没有获取到热搜数据，退出。
2025-05-14 10:13:59,206 [ERROR] 请求失败：401 Client Error: Authorization Required for url: https://www.zhihu.com/api/v3/feed/topstory/hot-lists/total?limit=50&desktop=true
2025-05-14 10:13:59,206 [ERROR] 没有获取到热榜数据，退出。
2025-05-14 11:11:13,930 [ERROR] 请求失败：403 Client Error: Forbidden for url: https://www.zhihu.com/api/v4/search/top_search
2025-05-14 11:11:13,930 [ERROR] 没有获取到热搜数据，退出。
2025-05-14 11:11:14,413 [ERROR] 请求失败：401 Client Error: Authorization Required for url: https://www.zhihu.com/api/v3/feed/topstory/hot-lists/total?limit=50&desktop=true
2025-05-14 11:11:14,413 [ERROR] 没有获取到热榜数据，退出。
2025-05-14 12:25:21,943 [ERROR] 请求失败：403 Client Error: Forbidden for url: https://www.zhihu.com/api/v4/search/top_search
2025-05-14 12:25:21,943 [ERROR] 没有获取到热搜数据，退出。
2025-05-14 12:25:22,427 [ERROR] 请求失败：401 Client Error: Authorization Required for url: https://www.zhihu.com/api/v3/feed/topstory/hot-lists/total?limit=50&desktop=true
2025-05-14 12:25:22,428 [ERROR] 没有获取到热榜数据，退出。
2025-05-14 13:25:37,049 [ERROR] 请求失败：403 Client Error: Forbidden for url: https://www.zhihu.com/api/v4/search/top_search
2025-05-14 13:25:37,049 [ERROR] 没有获取到热搜数据，退出。
2025-05-14 13:25:37,496 [ERROR] 请求失败：401 Client Error: Authorization Required for url: https://www.zhihu.com/api/v3/feed/topstory/hot-lists/total?limit=50&desktop=true
2025-05-14 13:25:37,496 [ERROR] 没有获取到热榜数据，退出。
