2025-08-13 01:06:17,063 [ERROR] 请求失败：403 Client Error: Forbidden for url: https://www.zhihu.com/api/v4/search/top_search
2025-08-13 01:06:17,063 [ERROR] 没有获取到热搜数据，退出。
2025-08-13 01:06:17,405 [ERROR] 请求失败：401 Client Error: Authorization Required for url: https://www.zhihu.com/api/v3/feed/topstory/hot-lists/total?limit=50&desktop=true
2025-08-13 01:06:17,405 [ERROR] 没有获取到热榜数据，退出。
2025-08-13 03:15:10,979 [ERROR] 请求失败：403 Client Error: Forbidden for url: https://www.zhihu.com/api/v4/search/top_search
2025-08-13 03:15:10,979 [ERROR] 没有获取到热搜数据，退出。
2025-08-13 03:15:11,912 [ERROR] 请求失败：403 Client Error: Forbidden for url: https://www.zhihu.com/api/v3/feed/topstory/hot-lists/total?limit=50&desktop=true
2025-08-13 03:15:11,912 [ERROR] 没有获取到热榜数据，退出。
2025-08-13 04:24:01,696 [ERROR] 请求失败：403 Client Error: Forbidden for url: https://www.zhihu.com/api/v4/search/top_search
2025-08-13 04:24:01,696 [ERROR] 没有获取到热搜数据，退出。
2025-08-13 04:24:02,178 [ERROR] 请求失败：401 Client Error: Authorization Required for url: https://www.zhihu.com/api/v3/feed/topstory/hot-lists/total?limit=50&desktop=true
2025-08-13 04:24:02,179 [ERROR] 没有获取到热榜数据，退出。
2025-08-13 05:15:25,841 [ERROR] 请求失败：403 Client Error: Forbidden for url: https://www.zhihu.com/api/v4/search/top_search
2025-08-13 05:15:25,841 [ERROR] 没有获取到热搜数据，退出。
2025-08-13 05:15:26,190 [ERROR] 请求失败：401 Client Error: Authorization Required for url: https://www.zhihu.com/api/v3/feed/topstory/hot-lists/total?limit=50&desktop=true
2025-08-13 05:15:26,190 [ERROR] 没有获取到热榜数据，退出。
2025-08-13 06:20:54,844 [ERROR] 请求失败：403 Client Error: Forbidden for url: https://www.zhihu.com/api/v4/search/top_search
2025-08-13 06:20:54,844 [ERROR] 没有获取到热搜数据，退出。
2025-08-13 06:20:55,690 [ERROR] 请求失败：403 Client Error: Forbidden for url: https://www.zhihu.com/api/v3/feed/topstory/hot-lists/total?limit=50&desktop=true
2025-08-13 06:20:55,691 [ERROR] 没有获取到热榜数据，退出。
2025-08-13 07:15:16,925 [ERROR] 请求失败：403 Client Error: Forbidden for url: https://www.zhihu.com/api/v4/search/top_search
2025-08-13 07:15:16,925 [ERROR] 没有获取到热搜数据，退出。
2025-08-13 07:15:17,336 [ERROR] 请求失败：403 Client Error: Forbidden for url: https://www.zhihu.com/api/v3/feed/topstory/hot-lists/total?limit=50&desktop=true
2025-08-13 07:15:17,336 [ERROR] 没有获取到热榜数据，退出。
2025-08-13 08:18:58,365 [ERROR] 请求失败：403 Client Error: Forbidden for url: https://www.zhihu.com/api/v4/search/top_search
2025-08-13 08:18:58,366 [ERROR] 没有获取到热搜数据，退出。
2025-08-13 08:18:58,767 [ERROR] 请求失败：401 Client Error: Authorization Required for url: https://www.zhihu.com/api/v3/feed/topstory/hot-lists/total?limit=50&desktop=true
2025-08-13 08:18:58,768 [ERROR] 没有获取到热榜数据，退出。
2025-08-13 09:16:16,652 [ERROR] 请求失败：403 Client Error: Forbidden for url: https://www.zhihu.com/api/v4/search/top_search
2025-08-13 09:16:16,653 [ERROR] 没有获取到热搜数据，退出。
2025-08-13 09:16:17,223 [ERROR] 请求失败：403 Client Error: Forbidden for url: https://www.zhihu.com/api/v3/feed/topstory/hot-lists/total?limit=50&desktop=true
2025-08-13 09:16:17,223 [ERROR] 没有获取到热榜数据，退出。
2025-08-13 10:14:55,919 [ERROR] 请求失败：403 Client Error: Forbidden for url: https://www.zhihu.com/api/v4/search/top_search
2025-08-13 10:14:55,919 [ERROR] 没有获取到热搜数据，退出。
2025-08-13 10:14:56,319 [ERROR] 请求失败：403 Client Error: Forbidden for url: https://www.zhihu.com/api/v3/feed/topstory/hot-lists/total?limit=50&desktop=true
2025-08-13 10:14:56,319 [ERROR] 没有获取到热榜数据，退出。
