2025-11-24 01:07:44,155 [INFO] 成功写入 10 条热搜到 hotresearch/2025_11_24/2025_11_24_1.txt
2025-11-24 01:07:44,617 [ERROR] 请求失败：403 Client Error: Forbidden for url: https://www.zhihu.com/api/v3/feed/topstory/hot-lists/total?limit=50&desktop=true
2025-11-24 01:07:44,618 [ERROR] 没有获取到热榜数据，退出。
2025-11-24 03:17:57,012 [INFO] 成功写入 10 条热搜到 hotresearch/2025_11_24/2025_11_24_3.txt
2025-11-24 03:17:57,366 [ERROR] 请求失败：401 Client Error: Authorization Required for url: https://www.zhihu.com/api/v3/feed/topstory/hot-lists/total?limit=50&desktop=true
2025-11-24 03:17:57,366 [ERROR] 没有获取到热榜数据，退出。
2025-11-24 04:28:09,867 [INFO] 成功写入 10 条热搜到 hotresearch/2025_11_24/2025_11_24_4.txt
2025-11-24 04:28:10,325 [ERROR] 请求失败：401 Client Error: Authorization Required for url: https://www.zhihu.com/api/v3/feed/topstory/hot-lists/total?limit=50&desktop=true
2025-11-24 04:28:10,325 [ERROR] 没有获取到热榜数据，退出。
2025-11-24 05:15:03,981 [INFO] 成功写入 10 条热搜到 hotresearch/2025_11_24/2025_11_24_5.txt
2025-11-24 05:15:04,467 [ERROR] 请求失败：401 Client Error: Authorization Required for url: https://www.zhihu.com/api/v3/feed/topstory/hot-lists/total?limit=50&desktop=true
2025-11-24 05:15:04,467 [ERROR] 没有获取到热榜数据，退出。
2025-11-24 06:21:33,782 [INFO] 成功写入 10 条热搜到 hotresearch/2025_11_24/2025_11_24_6.txt
2025-11-24 06:21:34,216 [ERROR] 请求失败：401 Client Error: Authorization Required for url: https://www.zhihu.com/api/v3/feed/topstory/hot-lists/total?limit=50&desktop=true
2025-11-24 06:21:34,216 [ERROR] 没有获取到热榜数据，退出。
2025-11-24 07:14:13,196 [INFO] 成功写入 10 条热搜到 hotresearch/2025_11_24/2025_11_24_7.txt
2025-11-24 07:14:13,784 [ERROR] 请求失败：401 Client Error: Authorization Required for url: https://www.zhihu.com/api/v3/feed/topstory/hot-lists/total?limit=50&desktop=true
2025-11-24 07:14:13,784 [ERROR] 没有获取到热榜数据，退出。
2025-11-24 08:20:06,303 [INFO] 成功写入 10 条热搜到 hotresearch/2025_11_24/2025_11_24_8.txt
2025-11-24 08:20:06,788 [ERROR] 请求失败：401 Client Error: Authorization Required for url: https://www.zhihu.com/api/v3/feed/topstory/hot-lists/total?limit=50&desktop=true
2025-11-24 08:20:06,788 [ERROR] 没有获取到热榜数据，退出。
2025-11-24 09:17:24,564 [INFO] 成功写入 10 条热搜到 hotresearch/2025_11_24/2025_11_24_9.txt
2025-11-24 09:17:24,939 [ERROR] 请求失败：403 Client Error: Forbidden for url: https://www.zhihu.com/api/v3/feed/topstory/hot-lists/total?limit=50&desktop=true
2025-11-24 09:17:24,940 [ERROR] 没有获取到热榜数据，退出。
2025-11-24 10:15:55,062 [INFO] 成功写入 10 条热搜到 hotresearch/2025_11_24/2025_11_24_10.txt
2025-11-24 10:15:55,416 [ERROR] 请求失败：401 Client Error: Authorization Required for url: https://www.zhihu.com/api/v3/feed/topstory/hot-lists/total?limit=50&desktop=true
2025-11-24 10:15:55,416 [ERROR] 没有获取到热榜数据，退出。
2025-11-24 11:12:18,662 [INFO] 成功写入 10 条热搜到 hotresearch/2025_11_24/2025_11_24_11.txt
2025-11-24 11:12:19,120 [ERROR] 请求失败：403 Client Error: Forbidden for url: https://www.zhihu.com/api/v3/feed/topstory/hot-lists/total?limit=50&desktop=true
2025-11-24 11:12:19,120 [ERROR] 没有获取到热榜数据，退出。
2025-11-24 12:27:53,142 [INFO] 成功写入 10 条热搜到 hotresearch/2025_11_24/2025_11_24_12.txt
2025-11-24 12:27:53,493 [ERROR] 请求失败：401 Client Error: Authorization Required for url: https://www.zhihu.com/api/v3/feed/topstory/hot-lists/total?limit=50&desktop=true
2025-11-24 12:27:53,493 [ERROR] 没有获取到热榜数据，退出。
2025-11-24 13:28:22,120 [INFO] 成功写入 10 条热搜到 hotresearch/2025_11_24/2025_11_24_13.txt
2025-11-24 13:28:22,641 [ERROR] 请求失败：403 Client Error: Forbidden for url: https://www.zhihu.com/api/v3/feed/topstory/hot-lists/total?limit=50&desktop=true
2025-11-24 13:28:22,642 [ERROR] 没有获取到热榜数据，退出。
2025-11-24 14:14:04,276 [INFO] 成功写入 10 条热搜到 hotresearch/2025_11_24/2025_11_24_14.txt
2025-11-24 14:14:04,674 [ERROR] 请求失败：401 Client Error: Authorization Required for url: https://www.zhihu.com/api/v3/feed/topstory/hot-lists/total?limit=50&desktop=true
2025-11-24 14:14:04,675 [ERROR] 没有获取到热榜数据，退出。
2025-11-24 15:15:23,677 [INFO] 成功写入 10 条热搜到 hotresearch/2025_11_24/2025_11_24_15.txt
2025-11-24 15:15:24,080 [ERROR] 请求失败：401 Client Error: Authorization Required for url: https://www.zhihu.com/api/v3/feed/topstory/hot-lists/total?limit=50&desktop=true
2025-11-24 15:15:24,080 [ERROR] 没有获取到热榜数据，退出。
2025-11-24 16:14:52,726 [ERROR] 请求失败：403 Client Error: Forbidden for url: https://www.zhihu.com/api/v4/search/top_search
2025-11-24 16:14:52,726 [ERROR] 没有获取到热搜数据，退出。
2025-11-24 16:14:53,254 [ERROR] 请求失败：403 Client Error: Forbidden for url: https://www.zhihu.com/api/v3/feed/topstory/hot-lists/total?limit=50&desktop=true
2025-11-24 16:14:53,254 [ERROR] 没有获取到热榜数据，退出。
2025-11-24 17:13:00,174 [INFO] 成功写入 10 条热搜到 hotresearch/2025_11_24/2025_11_24_17.txt
2025-11-24 17:13:00,719 [ERROR] 请求失败：401 Client Error: Authorization Required for url: https://www.zhihu.com/api/v3/feed/topstory/hot-lists/total?limit=50&desktop=true
2025-11-24 17:13:00,719 [ERROR] 没有获取到热榜数据，退出。
2025-11-24 18:20:50,015 [INFO] 成功写入 10 条热搜到 hotresearch/2025_11_24/2025_11_24_18.txt
2025-11-24 18:20:50,393 [ERROR] 请求失败：401 Client Error: Authorization Required for url: https://www.zhihu.com/api/v3/feed/topstory/hot-lists/total?limit=50&desktop=true
2025-11-24 18:20:50,394 [ERROR] 没有获取到热榜数据，退出。
2025-11-24 19:09:01,812 [INFO] 成功写入 10 条热搜到 hotresearch/2025_11_24/2025_11_24_19.txt
2025-11-24 19:09:02,414 [ERROR] 请求失败：401 Client Error: Authorization Required for url: https://www.zhihu.com/api/v3/feed/topstory/hot-lists/total?limit=50&desktop=true
2025-11-24 19:09:02,414 [ERROR] 没有获取到热榜数据，退出。
2025-11-24 20:15:44,926 [INFO] 成功写入 10 条热搜到 hotresearch/2025_11_24/2025_11_24_20.txt
2025-11-24 20:15:45,406 [ERROR] 请求失败：401 Client Error: Authorization Required for url: https://www.zhihu.com/api/v3/feed/topstory/hot-lists/total?limit=50&desktop=true
2025-11-24 20:15:45,406 [ERROR] 没有获取到热榜数据，退出。
2025-11-24 21:12:48,860 [INFO] 成功写入 10 条热搜到 hotresearch/2025_11_24/2025_11_24_21.txt
2025-11-24 21:12:49,202 [ERROR] 请求失败：401 Client Error: Authorization Required for url: https://www.zhihu.com/api/v3/feed/topstory/hot-lists/total?limit=50&desktop=true
2025-11-24 21:12:49,202 [ERROR] 没有获取到热榜数据，退出。
2025-11-24 22:12:26,387 [INFO] 成功写入 10 条热搜到 hotresearch/2025_11_24/2025_11_24_22.txt
2025-11-24 22:12:26,956 [ERROR] 请求失败：401 Client Error: Authorization Required for url: https://www.zhihu.com/api/v3/feed/topstory/hot-lists/total?limit=50&desktop=true
2025-11-24 22:12:26,956 [ERROR] 没有获取到热榜数据，退出。
2025-11-24 23:12:42,933 [INFO] 成功写入 10 条热搜到 hotresearch/2025_11_24/2025_11_24_23.txt
2025-11-24 23:12:43,431 [ERROR] 请求失败：401 Client Error: Authorization Required for url: https://www.zhihu.com/api/v3/feed/topstory/hot-lists/total?limit=50&desktop=true
2025-11-24 23:12:43,431 [ERROR] 没有获取到热榜数据，退出。
