2025-07-26 01:08:19,537 [ERROR] 请求失败：403 Client Error: Forbidden for url: https://www.zhihu.com/api/v4/search/top_search
2025-07-26 01:08:19,537 [ERROR] 没有获取到热搜数据，退出。
2025-07-26 01:08:20,028 [ERROR] 请求失败：403 Client Error: Forbidden for url: https://www.zhihu.com/api/v3/feed/topstory/hot-lists/total?limit=50&desktop=true
2025-07-26 01:08:20,028 [ERROR] 没有获取到热榜数据，退出。
2025-07-26 03:21:11,216 [ERROR] 请求失败：403 Client Error: Forbidden for url: https://www.zhihu.com/api/v4/search/top_search
2025-07-26 03:21:11,216 [ERROR] 没有获取到热搜数据，退出。
2025-07-26 03:21:11,579 [ERROR] 请求失败：401 Client Error: Authorization Required for url: https://www.zhihu.com/api/v3/feed/topstory/hot-lists/total?limit=50&desktop=true
2025-07-26 03:21:11,579 [ERROR] 没有获取到热榜数据，退出。
2025-07-26 04:30:40,160 [ERROR] 请求失败：403 Client Error: Forbidden for url: https://www.zhihu.com/api/v4/search/top_search
2025-07-26 04:30:40,160 [ERROR] 没有获取到热搜数据，退出。
2025-07-26 04:30:40,628 [ERROR] 请求失败：403 Client Error: Forbidden for url: https://www.zhihu.com/api/v3/feed/topstory/hot-lists/total?limit=50&desktop=true
2025-07-26 04:30:40,629 [ERROR] 没有获取到热榜数据，退出。
2025-07-26 05:17:11,718 [ERROR] 请求失败：403 Client Error: Forbidden for url: https://www.zhihu.com/api/v4/search/top_search
2025-07-26 05:17:11,718 [ERROR] 没有获取到热搜数据，退出。
2025-07-26 05:17:12,060 [ERROR] 请求失败：403 Client Error: Forbidden for url: https://www.zhihu.com/api/v3/feed/topstory/hot-lists/total?limit=50&desktop=true
2025-07-26 05:17:12,061 [ERROR] 没有获取到热榜数据，退出。
2025-07-26 06:19:20,660 [INFO] 成功写入 10 条热搜到 hotresearch/2025_7_26/2025_7_26_6.txt
2025-07-26 06:19:21,001 [ERROR] 请求失败：401 Client Error: Authorization Required for url: https://www.zhihu.com/api/v3/feed/topstory/hot-lists/total?limit=50&desktop=true
2025-07-26 06:19:21,001 [ERROR] 没有获取到热榜数据，退出。
2025-07-26 07:13:27,725 [ERROR] 请求失败：403 Client Error: Forbidden for url: https://www.zhihu.com/api/v4/search/top_search
2025-07-26 07:13:27,726 [ERROR] 没有获取到热搜数据，退出。
2025-07-26 07:13:28,210 [ERROR] 请求失败：403 Client Error: Forbidden for url: https://www.zhihu.com/api/v3/feed/topstory/hot-lists/total?limit=50&desktop=true
2025-07-26 07:13:28,210 [ERROR] 没有获取到热榜数据，退出。
2025-07-26 08:17:01,619 [ERROR] 请求失败：403 Client Error: Forbidden for url: https://www.zhihu.com/api/v4/search/top_search
2025-07-26 08:17:01,619 [ERROR] 没有获取到热搜数据，退出。
2025-07-26 08:17:02,103 [ERROR] 请求失败：401 Client Error: Authorization Required for url: https://www.zhihu.com/api/v3/feed/topstory/hot-lists/total?limit=50&desktop=true
2025-07-26 08:17:02,103 [ERROR] 没有获取到热榜数据，退出。
2025-07-26 09:13:22,707 [ERROR] 请求失败：403 Client Error: Forbidden for url: https://www.zhihu.com/api/v4/search/top_search
2025-07-26 09:13:22,707 [ERROR] 没有获取到热搜数据，退出。
2025-07-26 09:13:23,173 [ERROR] 请求失败：401 Client Error: Authorization Required for url: https://www.zhihu.com/api/v3/feed/topstory/hot-lists/total?limit=50&desktop=true
2025-07-26 09:13:23,173 [ERROR] 没有获取到热榜数据，退出。
2025-07-26 10:13:34,560 [ERROR] 请求失败：403 Client Error: Forbidden for url: https://www.zhihu.com/api/v4/search/top_search
2025-07-26 10:13:34,560 [ERROR] 没有获取到热搜数据，退出。
2025-07-26 10:13:35,072 [ERROR] 请求失败：401 Client Error: Authorization Required for url: https://www.zhihu.com/api/v3/feed/topstory/hot-lists/total?limit=50&desktop=true
2025-07-26 10:13:35,072 [ERROR] 没有获取到热榜数据，退出。
2025-07-26 11:11:24,776 [ERROR] 请求失败：403 Client Error: Forbidden for url: https://www.zhihu.com/api/v4/search/top_search
2025-07-26 11:11:24,776 [ERROR] 没有获取到热搜数据，退出。
2025-07-26 11:11:25,206 [ERROR] 请求失败：401 Client Error: Authorization Required for url: https://www.zhihu.com/api/v3/feed/topstory/hot-lists/total?limit=50&desktop=true
2025-07-26 11:11:25,206 [ERROR] 没有获取到热榜数据，退出。
2025-07-26 12:25:27,801 [ERROR] 请求失败：403 Client Error: Forbidden for url: https://www.zhihu.com/api/v4/search/top_search
2025-07-26 12:25:27,801 [ERROR] 没有获取到热搜数据，退出。
2025-07-26 12:25:28,197 [ERROR] 请求失败：401 Client Error: Authorization Required for url: https://www.zhihu.com/api/v3/feed/topstory/hot-lists/total?limit=50&desktop=true
2025-07-26 12:25:28,197 [ERROR] 没有获取到热榜数据，退出。
2025-07-26 13:25:13,500 [ERROR] 请求失败：403 Client Error: Forbidden for url: https://www.zhihu.com/api/v4/search/top_search
2025-07-26 13:25:13,500 [ERROR] 没有获取到热搜数据，退出。
2025-07-26 13:25:13,849 [ERROR] 请求失败：401 Client Error: Authorization Required for url: https://www.zhihu.com/api/v3/feed/topstory/hot-lists/total?limit=50&desktop=true
2025-07-26 13:25:13,849 [ERROR] 没有获取到热榜数据，退出。
