2025-07-12 01:10:02,111 [ERROR] 请求失败：403 Client Error: Forbidden for url: https://www.zhihu.com/api/v4/search/top_search
2025-07-12 01:10:02,111 [ERROR] 没有获取到热搜数据，退出。
2025-07-12 01:10:02,570 [ERROR] 请求失败：401 Client Error: Authorization Required for url: https://www.zhihu.com/api/v3/feed/topstory/hot-lists/total?limit=50&desktop=true
2025-07-12 01:10:02,570 [ERROR] 没有获取到热榜数据，退出。
2025-07-12 03:20:43,220 [ERROR] 请求失败：403 Client Error: Forbidden for url: https://www.zhihu.com/api/v4/search/top_search
2025-07-12 03:20:43,221 [ERROR] 没有获取到热搜数据，退出。
2025-07-12 03:20:43,695 [ERROR] 请求失败：401 Client Error: Authorization Required for url: https://www.zhihu.com/api/v3/feed/topstory/hot-lists/total?limit=50&desktop=true
2025-07-12 03:20:43,695 [ERROR] 没有获取到热榜数据，退出。
2025-07-12 04:25:29,836 [ERROR] 请求失败：403 Client Error: Forbidden for url: https://www.zhihu.com/api/v4/search/top_search
2025-07-12 04:25:29,836 [ERROR] 没有获取到热搜数据，退出。
2025-07-12 04:25:30,298 [ERROR] 请求失败：403 Client Error: Forbidden for url: https://www.zhihu.com/api/v3/feed/topstory/hot-lists/total?limit=50&desktop=true
2025-07-12 04:25:30,298 [ERROR] 没有获取到热榜数据，退出。
2025-07-12 05:14:13,018 [ERROR] 请求失败：403 Client Error: Forbidden for url: https://www.zhihu.com/api/v4/search/top_search
2025-07-12 05:14:13,018 [ERROR] 没有获取到热搜数据，退出。
2025-07-12 05:14:13,475 [ERROR] 请求失败：403 Client Error: Forbidden for url: https://www.zhihu.com/api/v3/feed/topstory/hot-lists/total?limit=50&desktop=true
2025-07-12 05:14:13,475 [ERROR] 没有获取到热榜数据，退出。
2025-07-12 06:18:43,571 [ERROR] 请求失败：403 Client Error: Forbidden for url: https://www.zhihu.com/api/v4/search/top_search
2025-07-12 06:18:43,571 [ERROR] 没有获取到热搜数据，退出。
2025-07-12 06:18:44,009 [ERROR] 请求失败：401 Client Error: Authorization Required for url: https://www.zhihu.com/api/v3/feed/topstory/hot-lists/total?limit=50&desktop=true
2025-07-12 06:18:44,009 [ERROR] 没有获取到热榜数据，退出。
2025-07-12 07:12:50,871 [ERROR] 请求失败：403 Client Error: Forbidden for url: https://www.zhihu.com/api/v4/search/top_search
2025-07-12 07:12:50,871 [ERROR] 没有获取到热搜数据，退出。
2025-07-12 07:12:51,316 [ERROR] 请求失败：401 Client Error: Authorization Required for url: https://www.zhihu.com/api/v3/feed/topstory/hot-lists/total?limit=50&desktop=true
2025-07-12 07:12:51,316 [ERROR] 没有获取到热榜数据，退出。
2025-07-12 08:16:14,355 [ERROR] 请求失败：403 Client Error: Forbidden for url: https://www.zhihu.com/api/v4/search/top_search
2025-07-12 08:16:14,355 [ERROR] 没有获取到热搜数据，退出。
2025-07-12 08:16:14,843 [ERROR] 请求失败：403 Client Error: Forbidden for url: https://www.zhihu.com/api/v3/feed/topstory/hot-lists/total?limit=50&desktop=true
2025-07-12 08:16:14,843 [ERROR] 没有获取到热榜数据，退出。
2025-07-12 09:13:10,584 [ERROR] 请求失败：403 Client Error: Forbidden for url: https://www.zhihu.com/api/v4/search/top_search
2025-07-12 09:13:10,584 [ERROR] 没有获取到热搜数据，退出。
2025-07-12 09:13:10,963 [ERROR] 请求失败：401 Client Error: Authorization Required for url: https://www.zhihu.com/api/v3/feed/topstory/hot-lists/total?limit=50&desktop=true
2025-07-12 09:13:10,963 [ERROR] 没有获取到热榜数据，退出。
2025-07-12 10:13:14,481 [ERROR] 请求失败：403 Client Error: Forbidden for url: https://www.zhihu.com/api/v4/search/top_search
2025-07-12 10:13:14,481 [ERROR] 没有获取到热搜数据，退出。
2025-07-12 10:13:14,953 [ERROR] 请求失败：401 Client Error: Authorization Required for url: https://www.zhihu.com/api/v3/feed/topstory/hot-lists/total?limit=50&desktop=true
2025-07-12 10:13:14,953 [ERROR] 没有获取到热榜数据，退出。
2025-07-12 11:11:06,712 [INFO] 成功写入 10 条热搜到 hotresearch/2025_7_12/2025_7_12_11.txt
2025-07-12 11:11:07,056 [ERROR] 请求失败：401 Client Error: Authorization Required for url: https://www.zhihu.com/api/v3/feed/topstory/hot-lists/total?limit=50&desktop=true
2025-07-12 11:11:07,056 [ERROR] 没有获取到热榜数据，退出。
2025-07-12 12:24:08,312 [ERROR] 请求失败：403 Client Error: Forbidden for url: https://www.zhihu.com/api/v4/search/top_search
2025-07-12 12:24:08,312 [ERROR] 没有获取到热搜数据，退出。
2025-07-12 12:24:08,815 [ERROR] 请求失败：401 Client Error: Authorization Required for url: https://www.zhihu.com/api/v3/feed/topstory/hot-lists/total?limit=50&desktop=true
2025-07-12 12:24:08,815 [ERROR] 没有获取到热榜数据，退出。
2025-07-12 13:23:25,873 [INFO] 成功写入 10 条热搜到 hotresearch/2025_7_12/2025_7_12_13.txt
2025-07-12 13:23:26,333 [ERROR] 请求失败：403 Client Error: Forbidden for url: https://www.zhihu.com/api/v3/feed/topstory/hot-lists/total?limit=50&desktop=true
2025-07-12 13:23:26,333 [ERROR] 没有获取到热榜数据，退出。
2025-07-12 14:11:52,453 [ERROR] 请求失败：403 Client Error: Forbidden for url: https://www.zhihu.com/api/v4/search/top_search
2025-07-12 14:11:52,453 [ERROR] 没有获取到热搜数据，退出。
2025-07-12 14:11:52,970 [ERROR] 请求失败：401 Client Error: Authorization Required for url: https://www.zhihu.com/api/v3/feed/topstory/hot-lists/total?limit=50&desktop=true
2025-07-12 14:11:52,970 [ERROR] 没有获取到热榜数据，退出。
2025-07-12 15:12:55,656 [ERROR] 请求失败：403 Client Error: Forbidden for url: https://www.zhihu.com/api/v4/search/top_search
2025-07-12 15:12:55,656 [ERROR] 没有获取到热搜数据，退出。
2025-07-12 15:12:56,093 [ERROR] 请求失败：401 Client Error: Authorization Required for url: https://www.zhihu.com/api/v3/feed/topstory/hot-lists/total?limit=50&desktop=true
2025-07-12 15:12:56,093 [ERROR] 没有获取到热榜数据，退出。
2025-07-12 16:14:55,349 [ERROR] 请求失败：403 Client Error: Forbidden for url: https://www.zhihu.com/api/v4/search/top_search
2025-07-12 16:14:55,349 [ERROR] 没有获取到热搜数据，退出。
2025-07-12 16:14:55,830 [ERROR] 请求失败：403 Client Error: Forbidden for url: https://www.zhihu.com/api/v3/feed/topstory/hot-lists/total?limit=50&desktop=true
2025-07-12 16:14:55,830 [ERROR] 没有获取到热榜数据，退出。
2025-07-12 17:11:00,389 [ERROR] 请求失败：403 Client Error: Forbidden for url: https://www.zhihu.com/api/v4/search/top_search
2025-07-12 17:11:00,389 [ERROR] 没有获取到热搜数据，退出。
2025-07-12 17:11:00,738 [ERROR] 请求失败：401 Client Error: Authorization Required for url: https://www.zhihu.com/api/v3/feed/topstory/hot-lists/total?limit=50&desktop=true
2025-07-12 17:11:00,738 [ERROR] 没有获取到热榜数据，退出。
2025-07-12 18:17:12,606 [ERROR] 请求失败：403 Client Error: Forbidden for url: https://www.zhihu.com/api/v4/search/top_search
2025-07-12 18:17:12,606 [ERROR] 没有获取到热搜数据，退出。
2025-07-12 18:17:12,965 [ERROR] 请求失败：401 Client Error: Authorization Required for url: https://www.zhihu.com/api/v3/feed/topstory/hot-lists/total?limit=50&desktop=true
2025-07-12 18:17:12,965 [ERROR] 没有获取到热榜数据，退出。
2025-07-12 19:09:48,293 [ERROR] 请求失败：403 Client Error: Forbidden for url: https://www.zhihu.com/api/v4/search/top_search
2025-07-12 19:09:48,293 [ERROR] 没有获取到热搜数据，退出。
2025-07-12 19:09:48,648 [ERROR] 请求失败：401 Client Error: Authorization Required for url: https://www.zhihu.com/api/v3/feed/topstory/hot-lists/total?limit=50&desktop=true
2025-07-12 19:09:48,648 [ERROR] 没有获取到热榜数据，退出。
