2025-07-11 01:08:21,329 [ERROR] 请求失败：403 Client Error: Forbidden for url: https://www.zhihu.com/api/v4/search/top_search
2025-07-11 01:08:21,330 [ERROR] 没有获取到热搜数据，退出。
2025-07-11 01:08:21,843 [ERROR] 请求失败：401 Client Error: Authorization Required for url: https://www.zhihu.com/api/v3/feed/topstory/hot-lists/total?limit=50&desktop=true
2025-07-11 01:08:21,843 [ERROR] 没有获取到热榜数据，退出。
2025-07-11 03:22:47,179 [INFO] 成功写入 10 条热搜到 hotresearch/2025_7_11/2025_7_11_3.txt
2025-07-11 03:22:47,668 [ERROR] 请求失败：401 Client Error: Authorization Required for url: https://www.zhihu.com/api/v3/feed/topstory/hot-lists/total?limit=50&desktop=true
2025-07-11 03:22:47,668 [ERROR] 没有获取到热榜数据，退出。
2025-07-11 04:31:09,160 [ERROR] 请求失败：403 Client Error: Forbidden for url: https://www.zhihu.com/api/v4/search/top_search
2025-07-11 04:31:09,160 [ERROR] 没有获取到热搜数据，退出。
2025-07-11 04:31:09,682 [ERROR] 请求失败：401 Client Error: Authorization Required for url: https://www.zhihu.com/api/v3/feed/topstory/hot-lists/total?limit=50&desktop=true
2025-07-11 04:31:09,682 [ERROR] 没有获取到热榜数据，退出。
2025-07-11 05:17:31,713 [ERROR] 请求失败：403 Client Error: Forbidden for url: https://www.zhihu.com/api/v4/search/top_search
2025-07-11 05:17:31,713 [ERROR] 没有获取到热搜数据，退出。
2025-07-11 05:17:32,064 [ERROR] 请求失败：401 Client Error: Authorization Required for url: https://www.zhihu.com/api/v3/feed/topstory/hot-lists/total?limit=50&desktop=true
2025-07-11 05:17:32,065 [ERROR] 没有获取到热榜数据，退出。
2025-07-11 06:20:27,490 [ERROR] 请求失败：403 Client Error: Forbidden for url: https://www.zhihu.com/api/v4/search/top_search
2025-07-11 06:20:27,490 [ERROR] 没有获取到热搜数据，退出。
2025-07-11 06:20:27,894 [ERROR] 请求失败：401 Client Error: Authorization Required for url: https://www.zhihu.com/api/v3/feed/topstory/hot-lists/total?limit=50&desktop=true
2025-07-11 06:20:27,895 [ERROR] 没有获取到热榜数据，退出。
2025-07-11 07:15:01,902 [ERROR] 请求失败：403 Client Error: Forbidden for url: https://www.zhihu.com/api/v4/search/top_search
2025-07-11 07:15:01,903 [ERROR] 没有获取到热搜数据，退出。
2025-07-11 07:15:02,343 [ERROR] 请求失败：401 Client Error: Authorization Required for url: https://www.zhihu.com/api/v3/feed/topstory/hot-lists/total?limit=50&desktop=true
2025-07-11 07:15:02,343 [ERROR] 没有获取到热榜数据，退出。
2025-07-11 08:18:28,222 [ERROR] 请求失败：403 Client Error: Forbidden for url: https://www.zhihu.com/api/v4/search/top_search
2025-07-11 08:18:28,222 [ERROR] 没有获取到热搜数据，退出。
2025-07-11 08:18:28,720 [ERROR] 请求失败：403 Client Error: Forbidden for url: https://www.zhihu.com/api/v3/feed/topstory/hot-lists/total?limit=50&desktop=true
2025-07-11 08:18:28,720 [ERROR] 没有获取到热榜数据，退出。
2025-07-11 09:15:16,036 [ERROR] 请求失败：403 Client Error: Forbidden for url: https://www.zhihu.com/api/v4/search/top_search
2025-07-11 09:15:16,036 [ERROR] 没有获取到热搜数据，退出。
2025-07-11 09:15:16,378 [ERROR] 请求失败：401 Client Error: Authorization Required for url: https://www.zhihu.com/api/v3/feed/topstory/hot-lists/total?limit=50&desktop=true
2025-07-11 09:15:16,379 [ERROR] 没有获取到热榜数据，退出。
2025-07-11 10:14:48,538 [ERROR] 请求失败：403 Client Error: Forbidden for url: https://www.zhihu.com/api/v4/search/top_search
2025-07-11 10:14:48,538 [ERROR] 没有获取到热搜数据，退出。
2025-07-11 10:14:49,064 [ERROR] 请求失败：403 Client Error: Forbidden for url: https://www.zhihu.com/api/v3/feed/topstory/hot-lists/total?limit=50&desktop=true
2025-07-11 10:14:49,064 [ERROR] 没有获取到热榜数据，退出。
2025-07-11 11:12:28,441 [ERROR] 请求失败：403 Client Error: Forbidden for url: https://www.zhihu.com/api/v4/search/top_search
2025-07-11 11:12:28,441 [ERROR] 没有获取到热搜数据，退出。
2025-07-11 11:12:28,801 [ERROR] 请求失败：401 Client Error: Authorization Required for url: https://www.zhihu.com/api/v3/feed/topstory/hot-lists/total?limit=50&desktop=true
2025-07-11 11:12:28,802 [ERROR] 没有获取到热榜数据，退出。
2025-07-11 12:26:39,500 [ERROR] 请求失败：403 Client Error: Forbidden for url: https://www.zhihu.com/api/v4/search/top_search
2025-07-11 12:26:39,500 [ERROR] 没有获取到热搜数据，退出。
2025-07-11 12:26:39,853 [ERROR] 请求失败：401 Client Error: Authorization Required for url: https://www.zhihu.com/api/v3/feed/topstory/hot-lists/total?limit=50&desktop=true
2025-07-11 12:26:39,854 [ERROR] 没有获取到热榜数据，退出。
2025-07-11 13:27:42,094 [ERROR] 请求失败：403 Client Error: Forbidden for url: https://www.zhihu.com/api/v4/search/top_search
2025-07-11 13:27:42,094 [ERROR] 没有获取到热搜数据，退出。
2025-07-11 13:27:42,551 [ERROR] 请求失败：403 Client Error: Forbidden for url: https://www.zhihu.com/api/v3/feed/topstory/hot-lists/total?limit=50&desktop=true
2025-07-11 13:27:42,551 [ERROR] 没有获取到热榜数据，退出。
2025-07-11 14:13:54,463 [ERROR] 请求失败：403 Client Error: Forbidden for url: https://www.zhihu.com/api/v4/search/top_search
2025-07-11 14:13:54,463 [ERROR] 没有获取到热搜数据，退出。
2025-07-11 14:13:54,924 [ERROR] 请求失败：403 Client Error: Forbidden for url: https://www.zhihu.com/api/v3/feed/topstory/hot-lists/total?limit=50&desktop=true
2025-07-11 14:13:54,924 [ERROR] 没有获取到热榜数据，退出。
2025-07-11 15:14:18,526 [ERROR] 请求失败：403 Client Error: Forbidden for url: https://www.zhihu.com/api/v4/search/top_search
2025-07-11 15:14:18,526 [ERROR] 没有获取到热搜数据，退出。
2025-07-11 15:14:19,022 [ERROR] 请求失败：403 Client Error: Forbidden for url: https://www.zhihu.com/api/v3/feed/topstory/hot-lists/total?limit=50&desktop=true
2025-07-11 15:14:19,022 [ERROR] 没有获取到热榜数据，退出。
2025-07-11 16:16:33,381 [ERROR] 请求失败：403 Client Error: Forbidden for url: https://www.zhihu.com/api/v4/search/top_search
2025-07-11 16:16:33,381 [ERROR] 没有获取到热搜数据，退出。
2025-07-11 16:16:33,860 [ERROR] 请求失败：403 Client Error: Forbidden for url: https://www.zhihu.com/api/v3/feed/topstory/hot-lists/total?limit=50&desktop=true
2025-07-11 16:16:33,860 [ERROR] 没有获取到热榜数据，退出。
2025-07-11 17:12:56,886 [ERROR] 请求失败：403 Client Error: Forbidden for url: https://www.zhihu.com/api/v4/search/top_search
2025-07-11 17:12:56,887 [ERROR] 没有获取到热搜数据，退出。
2025-07-11 17:12:57,262 [ERROR] 请求失败：401 Client Error: Authorization Required for url: https://www.zhihu.com/api/v3/feed/topstory/hot-lists/total?limit=50&desktop=true
2025-07-11 17:12:57,262 [ERROR] 没有获取到热榜数据，退出。
2025-07-11 18:18:52,145 [ERROR] 请求失败：403 Client Error: Forbidden for url: https://www.zhihu.com/api/v4/search/top_search
2025-07-11 18:18:52,145 [ERROR] 没有获取到热搜数据，退出。
2025-07-11 18:18:52,611 [ERROR] 请求失败：401 Client Error: Authorization Required for url: https://www.zhihu.com/api/v3/feed/topstory/hot-lists/total?limit=50&desktop=true
2025-07-11 18:18:52,611 [ERROR] 没有获取到热榜数据，退出。
