2025-09-02 01:01:04,787 [ERROR] 请求失败：403 Client Error: Forbidden for url: https://www.zhihu.com/api/v4/search/top_search
2025-09-02 01:01:04,787 [ERROR] 没有获取到热搜数据，退出。
2025-09-02 01:01:05,587 [ERROR] 请求失败：401 Client Error: Authorization Required for url: https://www.zhihu.com/api/v3/feed/topstory/hot-lists/total?limit=50&desktop=true
2025-09-02 01:01:05,587 [ERROR] 没有获取到热榜数据，退出。
2025-09-02 03:01:21,826 [ERROR] 请求失败：403 Client Error: Forbidden for url: https://www.zhihu.com/api/v4/search/top_search
2025-09-02 03:01:21,826 [ERROR] 没有获取到热搜数据，退出。
2025-09-02 03:01:22,370 [ERROR] 请求失败：403 Client Error: Forbidden for url: https://www.zhihu.com/api/v3/feed/topstory/hot-lists/total?limit=50&desktop=true
2025-09-02 03:01:22,370 [ERROR] 没有获取到热榜数据，退出。
2025-09-02 04:15:39,257 [ERROR] 请求失败：403 Client Error: Forbidden for url: https://www.zhihu.com/api/v4/search/top_search
2025-09-02 04:15:39,257 [ERROR] 没有获取到热搜数据，退出。
2025-09-02 04:15:40,189 [ERROR] 请求失败：403 Client Error: Forbidden for url: https://www.zhihu.com/api/v3/feed/topstory/hot-lists/total?limit=50&desktop=true
2025-09-02 04:15:40,189 [ERROR] 没有获取到热榜数据，退出。
2025-09-02 05:13:16,712 [ERROR] 请求失败：403 Client Error: Forbidden for url: https://www.zhihu.com/api/v4/search/top_search
2025-09-02 05:13:16,712 [ERROR] 没有获取到热搜数据，退出。
2025-09-02 05:13:17,211 [ERROR] 请求失败：401 Client Error: Authorization Required for url: https://www.zhihu.com/api/v3/feed/topstory/hot-lists/total?limit=50&desktop=true
2025-09-02 05:13:17,211 [ERROR] 没有获取到热榜数据，退出。
2025-09-02 06:20:04,244 [ERROR] 请求失败：403 Client Error: Forbidden for url: https://www.zhihu.com/api/v4/search/top_search
2025-09-02 06:20:04,244 [ERROR] 没有获取到热搜数据，退出。
2025-09-02 06:20:05,002 [ERROR] 请求失败：403 Client Error: Forbidden for url: https://www.zhihu.com/api/v3/feed/topstory/hot-lists/total?limit=50&desktop=true
2025-09-02 06:20:05,002 [ERROR] 没有获取到热榜数据，退出。
2025-09-02 07:12:45,970 [ERROR] 请求失败：403 Client Error: Forbidden for url: https://www.zhihu.com/api/v4/search/top_search
2025-09-02 07:12:45,970 [ERROR] 没有获取到热搜数据，退出。
2025-09-02 07:12:46,654 [ERROR] 请求失败：403 Client Error: Forbidden for url: https://www.zhihu.com/api/v3/feed/topstory/hot-lists/total?limit=50&desktop=true
2025-09-02 07:12:46,654 [ERROR] 没有获取到热榜数据，退出。
2025-09-02 08:17:59,708 [ERROR] 请求失败：403 Client Error: Forbidden for url: https://www.zhihu.com/api/v4/search/top_search
2025-09-02 08:17:59,709 [ERROR] 没有获取到热搜数据，退出。
2025-09-02 08:18:00,268 [ERROR] 请求失败：401 Client Error: Authorization Required for url: https://www.zhihu.com/api/v3/feed/topstory/hot-lists/total?limit=50&desktop=true
2025-09-02 08:18:00,268 [ERROR] 没有获取到热榜数据，退出。
2025-09-02 09:13:52,405 [ERROR] 请求失败：403 Client Error: Forbidden for url: https://www.zhihu.com/api/v4/search/top_search
2025-09-02 09:13:52,405 [ERROR] 没有获取到热搜数据，退出。
2025-09-02 09:13:53,041 [ERROR] 请求失败：403 Client Error: Forbidden for url: https://www.zhihu.com/api/v3/feed/topstory/hot-lists/total?limit=50&desktop=true
2025-09-02 09:13:53,041 [ERROR] 没有获取到热榜数据，退出。
2025-09-02 10:14:01,018 [ERROR] 请求失败：403 Client Error: Forbidden for url: https://www.zhihu.com/api/v4/search/top_search
2025-09-02 10:14:01,019 [ERROR] 没有获取到热搜数据，退出。
2025-09-02 10:14:01,420 [ERROR] 请求失败：403 Client Error: Forbidden for url: https://www.zhihu.com/api/v3/feed/topstory/hot-lists/total?limit=50&desktop=true
2025-09-02 10:14:01,420 [ERROR] 没有获取到热榜数据，退出。
2025-09-02 11:11:07,628 [ERROR] 请求失败：403 Client Error: Forbidden for url: https://www.zhihu.com/api/v4/search/top_search
2025-09-02 11:11:07,628 [ERROR] 没有获取到热搜数据，退出。
2025-09-02 11:11:08,033 [ERROR] 请求失败：401 Client Error: Authorization Required for url: https://www.zhihu.com/api/v3/feed/topstory/hot-lists/total?limit=50&desktop=true
2025-09-02 11:11:08,033 [ERROR] 没有获取到热榜数据，退出。
2025-09-02 12:26:17,991 [ERROR] 请求失败：403 Client Error: Forbidden for url: https://www.zhihu.com/api/v4/search/top_search
2025-09-02 12:26:17,991 [ERROR] 没有获取到热搜数据，退出。
2025-09-02 12:26:18,341 [ERROR] 请求失败：401 Client Error: Authorization Required for url: https://www.zhihu.com/api/v3/feed/topstory/hot-lists/total?limit=50&desktop=true
2025-09-02 12:26:18,341 [ERROR] 没有获取到热榜数据，退出。
2025-09-02 13:24:41,781 [ERROR] 请求失败：403 Client Error: Forbidden for url: https://www.zhihu.com/api/v4/search/top_search
2025-09-02 13:24:41,781 [ERROR] 没有获取到热搜数据，退出。
2025-09-02 13:24:42,238 [ERROR] 请求失败：401 Client Error: Authorization Required for url: https://www.zhihu.com/api/v3/feed/topstory/hot-lists/total?limit=50&desktop=true
2025-09-02 13:24:42,238 [ERROR] 没有获取到热榜数据，退出。
2025-09-02 14:13:03,554 [INFO] 成功写入 10 条热搜到 hotresearch/2025_9_2/2025_9_2_14.txt
2025-09-02 14:13:03,958 [ERROR] 请求失败：403 Client Error: Forbidden for url: https://www.zhihu.com/api/v3/feed/topstory/hot-lists/total?limit=50&desktop=true
2025-09-02 14:13:03,958 [ERROR] 没有获取到热榜数据，退出。
2025-09-02 15:13:28,827 [ERROR] 请求失败：403 Client Error: Forbidden for url: https://www.zhihu.com/api/v4/search/top_search
2025-09-02 15:13:28,827 [ERROR] 没有获取到热搜数据，退出。
2025-09-02 15:13:29,203 [ERROR] 请求失败：401 Client Error: Authorization Required for url: https://www.zhihu.com/api/v3/feed/topstory/hot-lists/total?limit=50&desktop=true
2025-09-02 15:13:29,203 [ERROR] 没有获取到热榜数据，退出。
