2025-08-08 01:11:51,918 [ERROR] 请求失败：403 Client Error: Forbidden for url: https://www.zhihu.com/api/v4/search/top_search
2025-08-08 01:11:51,918 [ERROR] 没有获取到热搜数据，退出。
2025-08-08 01:11:52,399 [ERROR] 请求失败：403 Client Error: Forbidden for url: https://www.zhihu.com/api/v3/feed/topstory/hot-lists/total?limit=50&desktop=true
2025-08-08 01:11:52,399 [ERROR] 没有获取到热榜数据，退出。
2025-08-08 03:38:27,868 [ERROR] 请求失败：403 Client Error: Forbidden for url: https://www.zhihu.com/api/v4/search/top_search
2025-08-08 03:38:27,868 [ERROR] 没有获取到热搜数据，退出。
2025-08-08 03:38:28,283 [ERROR] 请求失败：403 Client Error: Forbidden for url: https://www.zhihu.com/api/v3/feed/topstory/hot-lists/total?limit=50&desktop=true
2025-08-08 03:38:28,283 [ERROR] 没有获取到热榜数据，退出。
2025-08-08 04:37:58,904 [ERROR] 请求失败：403 Client Error: Forbidden for url: https://www.zhihu.com/api/v4/search/top_search
2025-08-08 04:37:58,904 [ERROR] 没有获取到热搜数据，退出。
2025-08-08 04:37:59,254 [ERROR] 请求失败：401 Client Error: Authorization Required for url: https://www.zhihu.com/api/v3/feed/topstory/hot-lists/total?limit=50&desktop=true
2025-08-08 04:37:59,254 [ERROR] 没有获取到热榜数据，退出。
2025-08-08 05:23:18,215 [ERROR] 请求失败：403 Client Error: Forbidden for url: https://www.zhihu.com/api/v4/search/top_search
2025-08-08 05:23:18,216 [ERROR] 没有获取到热搜数据，退出。
2025-08-08 05:23:18,567 [ERROR] 请求失败：401 Client Error: Authorization Required for url: https://www.zhihu.com/api/v3/feed/topstory/hot-lists/total?limit=50&desktop=true
2025-08-08 05:23:18,567 [ERROR] 没有获取到热榜数据，退出。
2025-08-08 06:22:37,358 [ERROR] 请求失败：403 Client Error: Forbidden for url: https://www.zhihu.com/api/v4/search/top_search
2025-08-08 06:22:37,359 [ERROR] 没有获取到热搜数据，退出。
2025-08-08 06:22:37,773 [ERROR] 请求失败：403 Client Error: Forbidden for url: https://www.zhihu.com/api/v3/feed/topstory/hot-lists/total?limit=50&desktop=true
2025-08-08 06:22:37,774 [ERROR] 没有获取到热榜数据，退出。
2025-08-08 07:20:12,011 [ERROR] 请求失败：403 Client Error: Forbidden for url: https://www.zhihu.com/api/v4/search/top_search
2025-08-08 07:20:12,012 [ERROR] 没有获取到热搜数据，退出。
2025-08-08 07:20:12,440 [ERROR] 请求失败：401 Client Error: Authorization Required for url: https://www.zhihu.com/api/v3/feed/topstory/hot-lists/total?limit=50&desktop=true
2025-08-08 07:20:12,440 [ERROR] 没有获取到热榜数据，退出。
