2025-07-30 01:11:52,206 [ERROR] 请求失败：403 Client Error: Forbidden for url: https://www.zhihu.com/api/v4/search/top_search
2025-07-30 01:11:52,206 [ERROR] 没有获取到热搜数据，退出。
2025-07-30 01:11:52,563 [ERROR] 请求失败：401 Client Error: Authorization Required for url: https://www.zhihu.com/api/v3/feed/topstory/hot-lists/total?limit=50&desktop=true
2025-07-30 01:11:52,563 [ERROR] 没有获取到热榜数据，退出。
2025-07-30 03:37:59,222 [ERROR] 请求失败：403 Client Error: Forbidden for url: https://www.zhihu.com/api/v4/search/top_search
2025-07-30 03:37:59,222 [ERROR] 没有获取到热搜数据，退出。
2025-07-30 03:37:59,728 [ERROR] 请求失败：403 Client Error: Forbidden for url: https://www.zhihu.com/api/v3/feed/topstory/hot-lists/total?limit=50&desktop=true
2025-07-30 03:37:59,728 [ERROR] 没有获取到热榜数据，退出。
2025-07-30 04:36:53,311 [ERROR] 请求失败：403 Client Error: Forbidden for url: https://www.zhihu.com/api/v4/search/top_search
2025-07-30 04:36:53,311 [ERROR] 没有获取到热搜数据，退出。
2025-07-30 04:36:53,789 [ERROR] 请求失败：403 Client Error: Forbidden for url: https://www.zhihu.com/api/v3/feed/topstory/hot-lists/total?limit=50&desktop=true
2025-07-30 04:36:53,789 [ERROR] 没有获取到热榜数据，退出。
2025-07-30 05:23:54,657 [ERROR] 请求失败：403 Client Error: Forbidden for url: https://www.zhihu.com/api/v4/search/top_search
2025-07-30 05:23:54,657 [ERROR] 没有获取到热搜数据，退出。
2025-07-30 05:23:55,115 [ERROR] 请求失败：403 Client Error: Forbidden for url: https://www.zhihu.com/api/v3/feed/topstory/hot-lists/total?limit=50&desktop=true
2025-07-30 05:23:55,115 [ERROR] 没有获取到热榜数据，退出。
2025-07-30 06:23:18,879 [ERROR] 请求失败：403 Client Error: Forbidden for url: https://www.zhihu.com/api/v4/search/top_search
2025-07-30 06:23:18,879 [ERROR] 没有获取到热搜数据，退出。
2025-07-30 06:23:19,330 [ERROR] 请求失败：403 Client Error: Forbidden for url: https://www.zhihu.com/api/v3/feed/topstory/hot-lists/total?limit=50&desktop=true
2025-07-30 06:23:19,330 [ERROR] 没有获取到热榜数据，退出。
2025-07-30 07:19:25,134 [ERROR] 请求失败：403 Client Error: Forbidden for url: https://www.zhihu.com/api/v4/search/top_search
2025-07-30 07:19:25,134 [ERROR] 没有获取到热搜数据，退出。
2025-07-30 07:19:25,611 [ERROR] 请求失败：401 Client Error: Authorization Required for url: https://www.zhihu.com/api/v3/feed/topstory/hot-lists/total?limit=50&desktop=true
2025-07-30 07:19:25,612 [ERROR] 没有获取到热榜数据，退出。
2025-07-30 08:19:44,961 [ERROR] 请求失败：403 Client Error: Forbidden for url: https://www.zhihu.com/api/v4/search/top_search
2025-07-30 08:19:44,961 [ERROR] 没有获取到热搜数据，退出。
2025-07-30 08:19:45,331 [ERROR] 请求失败：401 Client Error: Authorization Required for url: https://www.zhihu.com/api/v3/feed/topstory/hot-lists/total?limit=50&desktop=true
2025-07-30 08:19:45,331 [ERROR] 没有获取到热榜数据，退出。
