2025-10-12 01:01:48,984 [ERROR] 请求失败：403 Client Error: Forbidden for url: https://www.zhihu.com/api/v4/search/top_search
2025-10-12 01:01:48,984 [ERROR] 没有获取到热搜数据，退出。
2025-10-12 01:01:49,807 [ERROR] 请求失败：401 Client Error: Authorization Required for url: https://www.zhihu.com/api/v3/feed/topstory/hot-lists/total?limit=50&desktop=true
2025-10-12 01:01:49,807 [ERROR] 没有获取到热榜数据，退出。
2025-10-12 02:57:24,537 [ERROR] 请求失败：403 Client Error: Forbidden for url: https://www.zhihu.com/api/v4/search/top_search
2025-10-12 02:57:24,537 [ERROR] 没有获取到热搜数据，退出。
2025-10-12 02:57:25,134 [ERROR] 请求失败：403 Client Error: Forbidden for url: https://www.zhihu.com/api/v3/feed/topstory/hot-lists/total?limit=50&desktop=true
2025-10-12 02:57:25,134 [ERROR] 没有获取到热榜数据，退出。
2025-10-12 03:32:12,380 [ERROR] 请求失败：403 Client Error: Forbidden for url: https://www.zhihu.com/api/v4/search/top_search
2025-10-12 03:32:12,380 [ERROR] 没有获取到热搜数据，退出。
2025-10-12 03:32:12,804 [ERROR] 请求失败：401 Client Error: Authorization Required for url: https://www.zhihu.com/api/v3/feed/topstory/hot-lists/total?limit=50&desktop=true
2025-10-12 03:32:12,804 [ERROR] 没有获取到热榜数据，退出。
2025-10-12 04:14:35,743 [INFO] 成功写入 10 条热搜到 hotresearch/2025_10_12/2025_10_12_4.txt
2025-10-12 04:14:36,153 [ERROR] 请求失败：401 Client Error: Authorization Required for url: https://www.zhihu.com/api/v3/feed/topstory/hot-lists/total?limit=50&desktop=true
2025-10-12 04:14:36,154 [ERROR] 没有获取到热榜数据，退出。
2025-10-12 05:11:31,607 [INFO] 成功写入 10 条热搜到 hotresearch/2025_10_12/2025_10_12_5.txt
2025-10-12 05:11:32,013 [ERROR] 请求失败：403 Client Error: Forbidden for url: https://www.zhihu.com/api/v3/feed/topstory/hot-lists/total?limit=50&desktop=true
2025-10-12 05:11:32,013 [ERROR] 没有获取到热榜数据，退出。
2025-10-12 06:16:57,111 [ERROR] 请求失败：403 Client Error: Forbidden for url: https://www.zhihu.com/api/v4/search/top_search
2025-10-12 06:16:57,111 [ERROR] 没有获取到热搜数据，退出。
2025-10-12 06:16:57,585 [ERROR] 请求失败：403 Client Error: Forbidden for url: https://www.zhihu.com/api/v3/feed/topstory/hot-lists/total?limit=50&desktop=true
2025-10-12 06:16:57,585 [ERROR] 没有获取到热榜数据，退出。
2025-10-12 07:11:00,458 [ERROR] 请求失败：403 Client Error: Forbidden for url: https://www.zhihu.com/api/v4/search/top_search
2025-10-12 07:11:00,458 [ERROR] 没有获取到热搜数据，退出。
2025-10-12 07:11:00,803 [ERROR] 请求失败：403 Client Error: Forbidden for url: https://www.zhihu.com/api/v3/feed/topstory/hot-lists/total?limit=50&desktop=true
2025-10-12 07:11:00,803 [ERROR] 没有获取到热榜数据，退出。
2025-10-12 08:14:44,199 [ERROR] 请求失败：403 Client Error: Forbidden for url: https://www.zhihu.com/api/v4/search/top_search
2025-10-12 08:14:44,199 [ERROR] 没有获取到热搜数据，退出。
2025-10-12 08:14:44,727 [ERROR] 请求失败：401 Client Error: Authorization Required for url: https://www.zhihu.com/api/v3/feed/topstory/hot-lists/total?limit=50&desktop=true
2025-10-12 08:14:44,727 [ERROR] 没有获取到热榜数据，退出。
2025-10-12 09:11:31,058 [ERROR] 请求失败：403 Client Error: Forbidden for url: https://www.zhihu.com/api/v4/search/top_search
2025-10-12 09:11:31,058 [ERROR] 没有获取到热搜数据，退出。
2025-10-12 09:11:31,505 [ERROR] 请求失败：401 Client Error: Authorization Required for url: https://www.zhihu.com/api/v3/feed/topstory/hot-lists/total?limit=50&desktop=true
2025-10-12 09:11:31,505 [ERROR] 没有获取到热榜数据，退出。
2025-10-12 10:11:39,629 [ERROR] 请求失败：403 Client Error: Forbidden for url: https://www.zhihu.com/api/v4/search/top_search
2025-10-12 10:11:39,629 [ERROR] 没有获取到热搜数据，退出。
2025-10-12 10:11:39,984 [ERROR] 请求失败：401 Client Error: Authorization Required for url: https://www.zhihu.com/api/v3/feed/topstory/hot-lists/total?limit=50&desktop=true
2025-10-12 10:11:39,984 [ERROR] 没有获取到热榜数据，退出。
2025-10-12 11:08:57,367 [ERROR] 请求失败：403 Client Error: Forbidden for url: https://www.zhihu.com/api/v4/search/top_search
2025-10-12 11:08:57,367 [ERROR] 没有获取到热搜数据，退出。
2025-10-12 11:08:57,866 [ERROR] 请求失败：401 Client Error: Authorization Required for url: https://www.zhihu.com/api/v3/feed/topstory/hot-lists/total?limit=50&desktop=true
2025-10-12 11:08:57,867 [ERROR] 没有获取到热榜数据，退出。
2025-10-12 12:22:11,909 [ERROR] 请求失败：403 Client Error: Forbidden for url: https://www.zhihu.com/api/v4/search/top_search
2025-10-12 12:22:11,909 [ERROR] 没有获取到热搜数据，退出。
2025-10-12 12:22:12,336 [ERROR] 请求失败：401 Client Error: Authorization Required for url: https://www.zhihu.com/api/v3/feed/topstory/hot-lists/total?limit=50&desktop=true
2025-10-12 12:22:12,336 [ERROR] 没有获取到热榜数据，退出。
2025-10-12 13:16:49,056 [ERROR] 请求失败：403 Client Error: Forbidden for url: https://www.zhihu.com/api/v4/search/top_search
2025-10-12 13:16:49,056 [ERROR] 没有获取到热搜数据，退出。
2025-10-12 13:16:49,465 [ERROR] 请求失败：403 Client Error: Forbidden for url: https://www.zhihu.com/api/v3/feed/topstory/hot-lists/total?limit=50&desktop=true
2025-10-12 13:16:49,465 [ERROR] 没有获取到热榜数据，退出。
2025-10-12 14:10:15,122 [ERROR] 请求失败：403 Client Error: Forbidden for url: https://www.zhihu.com/api/v4/search/top_search
2025-10-12 14:10:15,122 [ERROR] 没有获取到热搜数据，退出。
2025-10-12 14:10:15,574 [ERROR] 请求失败：401 Client Error: Authorization Required for url: https://www.zhihu.com/api/v3/feed/topstory/hot-lists/total?limit=50&desktop=true
2025-10-12 14:10:15,574 [ERROR] 没有获取到热榜数据，退出。
2025-10-12 15:10:25,156 [ERROR] 请求失败：403 Client Error: Forbidden for url: https://www.zhihu.com/api/v4/search/top_search
2025-10-12 15:10:25,156 [ERROR] 没有获取到热搜数据，退出。
2025-10-12 15:10:25,709 [ERROR] 请求失败：401 Client Error: Authorization Required for url: https://www.zhihu.com/api/v3/feed/topstory/hot-lists/total?limit=50&desktop=true
2025-10-12 15:10:25,709 [ERROR] 没有获取到热榜数据，退出。
