2025-09-10 00:57:56,467 [ERROR] 请求失败：403 Client Error: Forbidden for url: https://www.zhihu.com/api/v4/search/top_search
2025-09-10 00:57:56,467 [ERROR] 没有获取到热搜数据，退出。
2025-09-10 00:57:56,819 [ERROR] 请求失败：401 Client Error: Authorization Required for url: https://www.zhihu.com/api/v3/feed/topstory/hot-lists/total?limit=50&desktop=true
2025-09-10 00:57:56,819 [ERROR] 没有获取到热榜数据，退出。
2025-09-10 02:18:29,301 [ERROR] 请求失败：403 Client Error: Forbidden for url: https://www.zhihu.com/api/v4/search/top_search
2025-09-10 02:18:29,301 [ERROR] 没有获取到热搜数据，退出。
2025-09-10 02:18:29,718 [ERROR] 请求失败：401 Client Error: Authorization Required for url: https://www.zhihu.com/api/v3/feed/topstory/hot-lists/total?limit=50&desktop=true
2025-09-10 02:18:29,718 [ERROR] 没有获取到热榜数据，退出。
2025-09-10 03:21:43,715 [ERROR] 请求失败：403 Client Error: Forbidden for url: https://www.zhihu.com/api/v4/search/top_search
2025-09-10 03:21:43,715 [ERROR] 没有获取到热搜数据，退出。
2025-09-10 03:21:44,132 [ERROR] 请求失败：401 Client Error: Authorization Required for url: https://www.zhihu.com/api/v3/feed/topstory/hot-lists/total?limit=50&desktop=true
2025-09-10 03:21:44,132 [ERROR] 没有获取到热榜数据，退出。
2025-09-10 04:14:46,011 [ERROR] 请求失败：403 Client Error: Forbidden for url: https://www.zhihu.com/api/v4/search/top_search
2025-09-10 04:14:46,012 [ERROR] 没有获取到热搜数据，退出。
2025-09-10 04:14:46,832 [ERROR] 请求失败：403 Client Error: Forbidden for url: https://www.zhihu.com/api/v3/feed/topstory/hot-lists/total?limit=50&desktop=true
2025-09-10 04:14:46,832 [ERROR] 没有获取到热榜数据，退出。
2025-09-10 05:12:12,260 [WARNING] Retrying (Retry(total=4, connect=None, read=None, redirect=None, status=None)) after connection broken by 'NewConnectionError('<urllib3.connection.HTTPSConnection object at 0x7f415850a150>: Failed to establish a new connection: [Errno 101] Network is unreachable')': /api/v4/search/top_search
2025-09-10 05:12:24,271 [WARNING] Retrying (Retry(total=3, connect=None, read=None, redirect=None, status=None)) after connection broken by 'NewConnectionError('<urllib3.connection.HTTPSConnection object at 0x7f41588edfd0>: Failed to establish a new connection: [Errno 101] Network is unreachable')': /api/v4/search/top_search
2025-09-10 05:12:38,283 [WARNING] Retrying (Retry(total=2, connect=None, read=None, redirect=None, status=None)) after connection broken by 'NewConnectionError('<urllib3.connection.HTTPSConnection object at 0x7f415850a9c0>: Failed to establish a new connection: [Errno 101] Network is unreachable')': /api/v4/search/top_search
2025-09-10 05:12:56,294 [WARNING] Retrying (Retry(total=1, connect=None, read=None, redirect=None, status=None)) after connection broken by 'NewConnectionError('<urllib3.connection.HTTPSConnection object at 0x7f415850ab10>: Failed to establish a new connection: [Errno 101] Network is unreachable')': /api/v4/search/top_search
2025-09-10 05:13:22,306 [WARNING] Retrying (Retry(total=0, connect=None, read=None, redirect=None, status=None)) after connection broken by 'NewConnectionError('<urllib3.connection.HTTPSConnection object at 0x7f415850ac60>: Failed to establish a new connection: [Errno 101] Network is unreachable')': /api/v4/search/top_search
2025-09-10 05:13:32,420 [ERROR] 请求失败：HTTPSConnectionPool(host='www.zhihu.com', port=443): Max retries exceeded with url: /api/v4/search/top_search (Caused by NewConnectionError('<urllib3.connection.HTTPSConnection object at 0x7f415850adb0>: Failed to establish a new connection: [Errno 101] Network is unreachable'))
2025-09-10 05:13:32,420 [ERROR] 没有获取到热搜数据，退出。
2025-09-10 05:13:42,537 [WARNING] Retrying (Retry(total=4, connect=None, read=None, redirect=None, status=None)) after connection broken by 'NewConnectionError('<urllib3.connection.HTTPSConnection object at 0x7f06b91dffb0>: Failed to establish a new connection: [Errno 101] Network is unreachable')': /api/v3/feed/topstory/hot-lists/total?limit=50&desktop=true
2025-09-10 05:13:54,546 [WARNING] Retrying (Retry(total=3, connect=None, read=None, redirect=None, status=None)) after connection broken by 'NewConnectionError('<urllib3.connection.HTTPSConnection object at 0x7f06b8e26870>: Failed to establish a new connection: [Errno 101] Network is unreachable')': /api/v3/feed/topstory/hot-lists/total?limit=50&desktop=true
2025-09-10 05:14:08,557 [WARNING] Retrying (Retry(total=2, connect=None, read=None, redirect=None, status=None)) after connection broken by 'NewConnectionError('<urllib3.connection.HTTPSConnection object at 0x7f06b8e26ae0>: Failed to establish a new connection: [Errno 101] Network is unreachable')': /api/v3/feed/topstory/hot-lists/total?limit=50&desktop=true
2025-09-10 05:14:26,569 [WARNING] Retrying (Retry(total=1, connect=None, read=None, redirect=None, status=None)) after connection broken by 'NewConnectionError('<urllib3.connection.HTTPSConnection object at 0x7f06b8e26c30>: Failed to establish a new connection: [Errno 101] Network is unreachable')': /api/v3/feed/topstory/hot-lists/total?limit=50&desktop=true
2025-09-10 05:14:52,907 [WARNING] Retrying (Retry(total=0, connect=None, read=None, redirect=None, status=None)) after connection broken by 'NewConnectionError('<urllib3.connection.HTTPSConnection object at 0x7f06b8e26d80>: Failed to establish a new connection: [Errno 101] Network is unreachable')': /api/v3/feed/topstory/hot-lists/total?limit=50&desktop=true
2025-09-10 05:15:02,915 [ERROR] 请求失败：HTTPSConnectionPool(host='www.zhihu.com', port=443): Max retries exceeded with url: /api/v3/feed/topstory/hot-lists/total?limit=50&desktop=true (Caused by NewConnectionError('<urllib3.connection.HTTPSConnection object at 0x7f06b8e26ed0>: Failed to establish a new connection: [Errno 101] Network is unreachable'))
2025-09-10 05:15:02,915 [ERROR] 没有获取到热榜数据，退出。
2025-09-10 06:18:37,603 [ERROR] 请求失败：403 Client Error: Forbidden for url: https://www.zhihu.com/api/v4/search/top_search
2025-09-10 06:18:37,603 [ERROR] 没有获取到热搜数据，退出。
2025-09-10 06:18:38,082 [ERROR] 请求失败：401 Client Error: Authorization Required for url: https://www.zhihu.com/api/v3/feed/topstory/hot-lists/total?limit=50&desktop=true
2025-09-10 06:18:38,082 [ERROR] 没有获取到热榜数据，退出。
2025-09-10 07:12:29,321 [INFO] 成功写入 10 条热搜到 hotresearch/2025_9_10/2025_9_10_7.txt
2025-09-10 07:12:29,830 [ERROR] 请求失败：403 Client Error: Forbidden for url: https://www.zhihu.com/api/v3/feed/topstory/hot-lists/total?limit=50&desktop=true
2025-09-10 07:12:29,831 [ERROR] 没有获取到热榜数据，退出。
2025-09-10 08:16:56,104 [ERROR] 请求失败：403 Client Error: Forbidden for url: https://www.zhihu.com/api/v4/search/top_search
2025-09-10 08:16:56,104 [ERROR] 没有获取到热搜数据，退出。
2025-09-10 08:16:56,686 [ERROR] 请求失败：401 Client Error: Authorization Required for url: https://www.zhihu.com/api/v3/feed/topstory/hot-lists/total?limit=50&desktop=true
2025-09-10 08:16:56,687 [ERROR] 没有获取到热榜数据，退出。
2025-09-10 09:13:04,247 [ERROR] 请求失败：403 Client Error: Forbidden for url: https://www.zhihu.com/api/v4/search/top_search
2025-09-10 09:13:04,247 [ERROR] 没有获取到热搜数据，退出。
2025-09-10 09:13:05,082 [ERROR] 请求失败：401 Client Error: Authorization Required for url: https://www.zhihu.com/api/v3/feed/topstory/hot-lists/total?limit=50&desktop=true
2025-09-10 09:13:05,082 [ERROR] 没有获取到热榜数据，退出。
2025-09-10 10:12:46,198 [ERROR] 请求失败：403 Client Error: Forbidden for url: https://www.zhihu.com/api/v4/search/top_search
2025-09-10 10:12:46,198 [ERROR] 没有获取到热搜数据，退出。
2025-09-10 10:12:46,744 [ERROR] 请求失败：403 Client Error: Forbidden for url: https://www.zhihu.com/api/v3/feed/topstory/hot-lists/total?limit=50&desktop=true
2025-09-10 10:12:46,744 [ERROR] 没有获取到热榜数据，退出。
2025-09-10 11:09:41,347 [ERROR] 请求失败：403 Client Error: Forbidden for url: https://www.zhihu.com/api/v4/search/top_search
2025-09-10 11:09:41,347 [ERROR] 没有获取到热搜数据，退出。
2025-09-10 11:09:41,695 [ERROR] 请求失败：401 Client Error: Authorization Required for url: https://www.zhihu.com/api/v3/feed/topstory/hot-lists/total?limit=50&desktop=true
2025-09-10 11:09:41,695 [ERROR] 没有获取到热榜数据，退出。
