2025-06-25 01:06:26,675 [ERROR] 请求失败：403 Client Error: Forbidden for url: https://www.zhihu.com/api/v4/search/top_search
2025-06-25 01:06:26,675 [ERROR] 没有获取到热搜数据，退出。
2025-06-25 01:06:27,185 [ERROR] 请求失败：403 Client Error: Forbidden for url: https://www.zhihu.com/api/v3/feed/topstory/hot-lists/total?limit=50&desktop=true
2025-06-25 01:06:27,185 [ERROR] 没有获取到热榜数据，退出。
2025-06-25 03:14:56,736 [ERROR] 请求失败：403 Client Error: Forbidden for url: https://www.zhihu.com/api/v4/search/top_search
2025-06-25 03:14:56,736 [ERROR] 没有获取到热搜数据，退出。
2025-06-25 03:14:57,211 [ERROR] 请求失败：403 Client Error: Forbidden for url: https://www.zhihu.com/api/v3/feed/topstory/hot-lists/total?limit=50&desktop=true
2025-06-25 03:14:57,211 [ERROR] 没有获取到热榜数据，退出。
2025-06-25 04:24:13,791 [ERROR] 请求失败：403 Client Error: Forbidden for url: https://www.zhihu.com/api/v4/search/top_search
2025-06-25 04:24:13,791 [ERROR] 没有获取到热搜数据，退出。
2025-06-25 04:24:14,170 [ERROR] 请求失败：401 Client Error: Authorization Required for url: https://www.zhihu.com/api/v3/feed/topstory/hot-lists/total?limit=50&desktop=true
2025-06-25 04:24:14,171 [ERROR] 没有获取到热榜数据，退出。
2025-06-25 05:15:26,491 [ERROR] 请求失败：403 Client Error: Forbidden for url: https://www.zhihu.com/api/v4/search/top_search
2025-06-25 05:15:26,491 [ERROR] 没有获取到热搜数据，退出。
2025-06-25 05:15:26,967 [ERROR] 请求失败：401 Client Error: Authorization Required for url: https://www.zhihu.com/api/v3/feed/topstory/hot-lists/total?limit=50&desktop=true
2025-06-25 05:15:26,967 [ERROR] 没有获取到热榜数据，退出。
2025-06-25 06:20:26,940 [ERROR] 请求失败：403 Client Error: Forbidden for url: https://www.zhihu.com/api/v4/search/top_search
2025-06-25 06:20:26,940 [ERROR] 没有获取到热搜数据，退出。
2025-06-25 06:20:27,291 [ERROR] 请求失败：401 Client Error: Authorization Required for url: https://www.zhihu.com/api/v3/feed/topstory/hot-lists/total?limit=50&desktop=true
2025-06-25 06:20:27,291 [ERROR] 没有获取到热榜数据，退出。
2025-06-25 07:14:22,300 [ERROR] 请求失败：403 Client Error: Forbidden for url: https://www.zhihu.com/api/v4/search/top_search
2025-06-25 07:14:22,300 [ERROR] 没有获取到热搜数据，退出。
2025-06-25 07:14:22,778 [ERROR] 请求失败：401 Client Error: Authorization Required for url: https://www.zhihu.com/api/v3/feed/topstory/hot-lists/total?limit=50&desktop=true
2025-06-25 07:14:22,778 [ERROR] 没有获取到热榜数据，退出。
