2025-07-27 01:16:38,930 [ERROR] 请求失败：403 Client Error: Forbidden for url: https://www.zhihu.com/api/v4/search/top_search
2025-07-27 01:16:38,931 [ERROR] 没有获取到热搜数据，退出。
2025-07-27 01:16:39,392 [ERROR] 请求失败：401 Client Error: Authorization Required for url: https://www.zhihu.com/api/v3/feed/topstory/hot-lists/total?limit=50&desktop=true
2025-07-27 01:16:39,392 [ERROR] 没有获取到热榜数据，退出。
2025-07-27 03:42:01,584 [ERROR] 请求失败：403 Client Error: Forbidden for url: https://www.zhihu.com/api/v4/search/top_search
2025-07-27 03:42:01,584 [ERROR] 没有获取到热搜数据，退出。
2025-07-27 03:42:02,049 [ERROR] 请求失败：401 Client Error: Authorization Required for url: https://www.zhihu.com/api/v3/feed/topstory/hot-lists/total?limit=50&desktop=true
2025-07-27 03:42:02,049 [ERROR] 没有获取到热榜数据，退出。
2025-07-27 04:37:58,096 [ERROR] 请求失败：403 Client Error: Forbidden for url: https://www.zhihu.com/api/v4/search/top_search
2025-07-27 04:37:58,096 [ERROR] 没有获取到热搜数据，退出。
2025-07-27 04:37:58,635 [ERROR] 请求失败：403 Client Error: Forbidden for url: https://www.zhihu.com/api/v3/feed/topstory/hot-lists/total?limit=50&desktop=true
2025-07-27 04:37:58,635 [ERROR] 没有获取到热榜数据，退出。
2025-07-27 05:19:56,371 [ERROR] 请求失败：403 Client Error: Forbidden for url: https://www.zhihu.com/api/v4/search/top_search
2025-07-27 05:19:56,372 [ERROR] 没有获取到热搜数据，退出。
2025-07-27 05:19:56,869 [ERROR] 请求失败：403 Client Error: Forbidden for url: https://www.zhihu.com/api/v3/feed/topstory/hot-lists/total?limit=50&desktop=true
2025-07-27 05:19:56,869 [ERROR] 没有获取到热榜数据，退出。
2025-07-27 06:19:51,901 [ERROR] 请求失败：403 Client Error: Forbidden for url: https://www.zhihu.com/api/v4/search/top_search
2025-07-27 06:19:51,901 [ERROR] 没有获取到热搜数据，退出。
2025-07-27 06:19:52,433 [ERROR] 请求失败：401 Client Error: Authorization Required for url: https://www.zhihu.com/api/v3/feed/topstory/hot-lists/total?limit=50&desktop=true
2025-07-27 06:19:52,433 [ERROR] 没有获取到热榜数据，退出。
2025-07-27 07:13:24,610 [ERROR] 请求失败：403 Client Error: Forbidden for url: https://www.zhihu.com/api/v4/search/top_search
2025-07-27 07:13:24,610 [ERROR] 没有获取到热搜数据，退出。
2025-07-27 07:13:25,067 [ERROR] 请求失败：401 Client Error: Authorization Required for url: https://www.zhihu.com/api/v3/feed/topstory/hot-lists/total?limit=50&desktop=true
2025-07-27 07:13:25,067 [ERROR] 没有获取到热榜数据，退出。
2025-07-27 08:17:09,244 [ERROR] 请求失败：403 Client Error: Forbidden for url: https://www.zhihu.com/api/v4/search/top_search
2025-07-27 08:17:09,244 [ERROR] 没有获取到热搜数据，退出。
2025-07-27 08:17:09,685 [ERROR] 请求失败：403 Client Error: Forbidden for url: https://www.zhihu.com/api/v3/feed/topstory/hot-lists/total?limit=50&desktop=true
2025-07-27 08:17:09,685 [ERROR] 没有获取到热榜数据，退出。
2025-07-27 09:13:52,068 [ERROR] 请求失败：403 Client Error: Forbidden for url: https://www.zhihu.com/api/v4/search/top_search
2025-07-27 09:13:52,068 [ERROR] 没有获取到热搜数据，退出。
2025-07-27 09:13:52,526 [ERROR] 请求失败：403 Client Error: Forbidden for url: https://www.zhihu.com/api/v3/feed/topstory/hot-lists/total?limit=50&desktop=true
2025-07-27 09:13:52,526 [ERROR] 没有获取到热榜数据，退出。
2025-07-27 10:13:52,086 [ERROR] 请求失败：403 Client Error: Forbidden for url: https://www.zhihu.com/api/v4/search/top_search
2025-07-27 10:13:52,086 [ERROR] 没有获取到热搜数据，退出。
2025-07-27 10:13:52,441 [ERROR] 请求失败：401 Client Error: Authorization Required for url: https://www.zhihu.com/api/v3/feed/topstory/hot-lists/total?limit=50&desktop=true
2025-07-27 10:13:52,441 [ERROR] 没有获取到热榜数据，退出。
2025-07-27 11:11:00,731 [ERROR] 请求失败：403 Client Error: Forbidden for url: https://www.zhihu.com/api/v4/search/top_search
2025-07-27 11:11:00,731 [ERROR] 没有获取到热搜数据，退出。
2025-07-27 11:11:01,118 [ERROR] 请求失败：401 Client Error: Authorization Required for url: https://www.zhihu.com/api/v3/feed/topstory/hot-lists/total?limit=50&desktop=true
2025-07-27 11:11:01,119 [ERROR] 没有获取到热榜数据，退出。
2025-07-27 12:26:23,701 [ERROR] 请求失败：403 Client Error: Forbidden for url: https://www.zhihu.com/api/v4/search/top_search
2025-07-27 12:26:23,701 [ERROR] 没有获取到热搜数据，退出。
2025-07-27 12:26:24,216 [ERROR] 请求失败：403 Client Error: Forbidden for url: https://www.zhihu.com/api/v3/feed/topstory/hot-lists/total?limit=50&desktop=true
2025-07-27 12:26:24,216 [ERROR] 没有获取到热榜数据，退出。
2025-07-27 13:26:11,471 [ERROR] 请求失败：403 Client Error: Forbidden for url: https://www.zhihu.com/api/v4/search/top_search
2025-07-27 13:26:11,471 [ERROR] 没有获取到热搜数据，退出。
2025-07-27 13:26:11,930 [ERROR] 请求失败：401 Client Error: Authorization Required for url: https://www.zhihu.com/api/v3/feed/topstory/hot-lists/total?limit=50&desktop=true
2025-07-27 13:26:11,930 [ERROR] 没有获取到热榜数据，退出。
2025-07-27 14:11:59,390 [ERROR] 请求失败：403 Client Error: Forbidden for url: https://www.zhihu.com/api/v4/search/top_search
2025-07-27 14:11:59,390 [ERROR] 没有获取到热搜数据，退出。
2025-07-27 14:11:59,861 [ERROR] 请求失败：403 Client Error: Forbidden for url: https://www.zhihu.com/api/v3/feed/topstory/hot-lists/total?limit=50&desktop=true
2025-07-27 14:11:59,861 [ERROR] 没有获取到热榜数据，退出。
2025-07-27 15:13:01,114 [ERROR] 请求失败：403 Client Error: Forbidden for url: https://www.zhihu.com/api/v4/search/top_search
2025-07-27 15:13:01,115 [ERROR] 没有获取到热搜数据，退出。
2025-07-27 15:13:01,598 [ERROR] 请求失败：401 Client Error: Authorization Required for url: https://www.zhihu.com/api/v3/feed/topstory/hot-lists/total?limit=50&desktop=true
2025-07-27 15:13:01,598 [ERROR] 没有获取到热榜数据，退出。
2025-07-27 16:15:36,202 [ERROR] 请求失败：403 Client Error: Forbidden for url: https://www.zhihu.com/api/v4/search/top_search
2025-07-27 16:15:36,202 [ERROR] 没有获取到热搜数据，退出。
2025-07-27 16:15:36,676 [ERROR] 请求失败：403 Client Error: Forbidden for url: https://www.zhihu.com/api/v3/feed/topstory/hot-lists/total?limit=50&desktop=true
2025-07-27 16:15:36,676 [ERROR] 没有获取到热榜数据，退出。
2025-07-27 17:11:27,861 [INFO] 成功写入 10 条热搜到 hotresearch/2025_7_27/2025_7_27_17.txt
2025-07-27 17:11:28,210 [ERROR] 请求失败：401 Client Error: Authorization Required for url: https://www.zhihu.com/api/v3/feed/topstory/hot-lists/total?limit=50&desktop=true
2025-07-27 17:11:28,210 [ERROR] 没有获取到热榜数据，退出。
2025-07-27 18:18:10,222 [ERROR] 请求失败：403 Client Error: Forbidden for url: https://www.zhihu.com/api/v4/search/top_search
2025-07-27 18:18:10,222 [ERROR] 没有获取到热搜数据，退出。
2025-07-27 18:18:10,606 [ERROR] 请求失败：401 Client Error: Authorization Required for url: https://www.zhihu.com/api/v3/feed/topstory/hot-lists/total?limit=50&desktop=true
2025-07-27 18:18:10,606 [ERROR] 没有获取到热榜数据，退出。
2025-07-27 19:10:39,605 [ERROR] 请求失败：403 Client Error: Forbidden for url: https://www.zhihu.com/api/v4/search/top_search
2025-07-27 19:10:39,605 [ERROR] 没有获取到热搜数据，退出。
2025-07-27 19:10:40,083 [ERROR] 请求失败：401 Client Error: Authorization Required for url: https://www.zhihu.com/api/v3/feed/topstory/hot-lists/total?limit=50&desktop=true
2025-07-27 19:10:40,083 [ERROR] 没有获取到热榜数据，退出。
2025-07-27 20:14:36,380 [ERROR] 请求失败：403 Client Error: Forbidden for url: https://www.zhihu.com/api/v4/search/top_search
2025-07-27 20:14:36,380 [ERROR] 没有获取到热搜数据，退出。
2025-07-27 20:14:36,837 [ERROR] 请求失败：401 Client Error: Authorization Required for url: https://www.zhihu.com/api/v3/feed/topstory/hot-lists/total?limit=50&desktop=true
2025-07-27 20:14:36,837 [ERROR] 没有获取到热榜数据，退出。
