2025-09-06 00:57:21,328 [ERROR] 请求失败：403 Client Error: Forbidden for url: https://www.zhihu.com/api/v4/search/top_search
2025-09-06 00:57:21,329 [ERROR] 没有获取到热搜数据，退出。
2025-09-06 00:57:21,727 [ERROR] 请求失败：401 Client Error: Authorization Required for url: https://www.zhihu.com/api/v3/feed/topstory/hot-lists/total?limit=50&desktop=true
2025-09-06 00:57:21,727 [ERROR] 没有获取到热榜数据，退出。
2025-09-06 02:17:12,511 [ERROR] 请求失败：403 Client Error: Forbidden for url: https://www.zhihu.com/api/v4/search/top_search
2025-09-06 02:17:12,511 [ERROR] 没有获取到热搜数据，退出。
2025-09-06 02:17:12,973 [ERROR] 请求失败：401 Client Error: Authorization Required for url: https://www.zhihu.com/api/v3/feed/topstory/hot-lists/total?limit=50&desktop=true
2025-09-06 02:17:12,973 [ERROR] 没有获取到热榜数据，退出。
2025-09-06 03:21:23,548 [INFO] 成功写入 10 条热搜到 hotresearch/2025_9_6/2025_9_6_3.txt
2025-09-06 03:21:24,054 [ERROR] 请求失败：403 Client Error: Forbidden for url: https://www.zhihu.com/api/v3/feed/topstory/hot-lists/total?limit=50&desktop=true
2025-09-06 03:21:24,054 [ERROR] 没有获取到热榜数据，退出。
2025-09-06 04:14:15,727 [ERROR] 请求失败：403 Client Error: Forbidden for url: https://www.zhihu.com/api/v4/search/top_search
2025-09-06 04:14:15,727 [ERROR] 没有获取到热搜数据，退出。
2025-09-06 04:14:16,142 [ERROR] 请求失败：401 Client Error: Authorization Required for url: https://www.zhihu.com/api/v3/feed/topstory/hot-lists/total?limit=50&desktop=true
2025-09-06 04:14:16,143 [ERROR] 没有获取到热榜数据，退出。
2025-09-06 05:11:16,467 [ERROR] 请求失败：403 Client Error: Forbidden for url: https://www.zhihu.com/api/v4/search/top_search
2025-09-06 05:11:16,467 [ERROR] 没有获取到热搜数据，退出。
2025-09-06 05:11:17,092 [ERROR] 请求失败：403 Client Error: Forbidden for url: https://www.zhihu.com/api/v3/feed/topstory/hot-lists/total?limit=50&desktop=true
2025-09-06 05:11:17,092 [ERROR] 没有获取到热榜数据，退出。
2025-09-06 06:16:26,229 [ERROR] 请求失败：403 Client Error: Forbidden for url: https://www.zhihu.com/api/v4/search/top_search
2025-09-06 06:16:26,230 [ERROR] 没有获取到热搜数据，退出。
2025-09-06 06:16:26,638 [ERROR] 请求失败：401 Client Error: Authorization Required for url: https://www.zhihu.com/api/v3/feed/topstory/hot-lists/total?limit=50&desktop=true
2025-09-06 06:16:26,638 [ERROR] 没有获取到热榜数据，退出。
2025-09-06 07:10:27,768 [ERROR] 请求失败：403 Client Error: Forbidden for url: https://www.zhihu.com/api/v4/search/top_search
2025-09-06 07:10:27,768 [ERROR] 没有获取到热搜数据，退出。
2025-09-06 07:10:28,125 [ERROR] 请求失败：401 Client Error: Authorization Required for url: https://www.zhihu.com/api/v3/feed/topstory/hot-lists/total?limit=50&desktop=true
2025-09-06 07:10:28,125 [ERROR] 没有获取到热榜数据，退出。
2025-09-06 08:14:09,756 [ERROR] 请求失败：403 Client Error: Forbidden for url: https://www.zhihu.com/api/v4/search/top_search
2025-09-06 08:14:09,756 [ERROR] 没有获取到热搜数据，退出。
2025-09-06 08:14:10,210 [ERROR] 请求失败：403 Client Error: Forbidden for url: https://www.zhihu.com/api/v3/feed/topstory/hot-lists/total?limit=50&desktop=true
2025-09-06 08:14:10,210 [ERROR] 没有获取到热榜数据，退出。
2025-09-06 09:11:12,928 [ERROR] 请求失败：403 Client Error: Forbidden for url: https://www.zhihu.com/api/v4/search/top_search
2025-09-06 09:11:12,928 [ERROR] 没有获取到热搜数据，退出。
2025-09-06 09:11:13,273 [ERROR] 请求失败：401 Client Error: Authorization Required for url: https://www.zhihu.com/api/v3/feed/topstory/hot-lists/total?limit=50&desktop=true
2025-09-06 09:11:13,273 [ERROR] 没有获取到热榜数据，退出。
2025-09-06 10:10:53,118 [INFO] 成功写入 10 条热搜到 hotresearch/2025_9_6/2025_9_6_10.txt
2025-09-06 10:10:53,573 [ERROR] 请求失败：401 Client Error: Authorization Required for url: https://www.zhihu.com/api/v3/feed/topstory/hot-lists/total?limit=50&desktop=true
2025-09-06 10:10:53,574 [ERROR] 没有获取到热榜数据，退出。
