2025-07-08 01:06:40,890 [ERROR] 请求失败：403 Client Error: Forbidden for url: https://www.zhihu.com/api/v4/search/top_search
2025-07-08 01:06:40,891 [ERROR] 没有获取到热搜数据，退出。
2025-07-08 01:06:41,332 [ERROR] 请求失败：401 Client Error: Authorization Required for url: https://www.zhihu.com/api/v3/feed/topstory/hot-lists/total?limit=50&desktop=true
2025-07-08 01:06:41,332 [ERROR] 没有获取到热榜数据，退出。
2025-07-08 03:15:08,882 [ERROR] 请求失败：403 Client Error: Forbidden for url: https://www.zhihu.com/api/v4/search/top_search
2025-07-08 03:15:08,882 [ERROR] 没有获取到热搜数据，退出。
2025-07-08 03:15:09,230 [ERROR] 请求失败：401 Client Error: Authorization Required for url: https://www.zhihu.com/api/v3/feed/topstory/hot-lists/total?limit=50&desktop=true
2025-07-08 03:15:09,230 [ERROR] 没有获取到热榜数据，退出。
2025-07-08 04:24:04,590 [ERROR] 请求失败：403 Client Error: Forbidden for url: https://www.zhihu.com/api/v4/search/top_search
2025-07-08 04:24:04,590 [ERROR] 没有获取到热搜数据，退出。
2025-07-08 04:24:05,036 [ERROR] 请求失败：403 Client Error: Forbidden for url: https://www.zhihu.com/api/v3/feed/topstory/hot-lists/total?limit=50&desktop=true
2025-07-08 04:24:05,036 [ERROR] 没有获取到热榜数据，退出。
2025-07-08 05:14:56,124 [ERROR] 请求失败：403 Client Error: Forbidden for url: https://www.zhihu.com/api/v4/search/top_search
2025-07-08 05:14:56,124 [ERROR] 没有获取到热搜数据，退出。
2025-07-08 05:14:56,643 [ERROR] 请求失败：403 Client Error: Forbidden for url: https://www.zhihu.com/api/v3/feed/topstory/hot-lists/total?limit=50&desktop=true
2025-07-08 05:14:56,643 [ERROR] 没有获取到热榜数据，退出。
2025-07-08 06:20:24,480 [ERROR] 请求失败：403 Client Error: Forbidden for url: https://www.zhihu.com/api/v4/search/top_search
2025-07-08 06:20:24,480 [ERROR] 没有获取到热搜数据，退出。
2025-07-08 06:20:25,046 [ERROR] 请求失败：401 Client Error: Authorization Required for url: https://www.zhihu.com/api/v3/feed/topstory/hot-lists/total?limit=50&desktop=true
2025-07-08 06:20:25,046 [ERROR] 没有获取到热榜数据，退出。
2025-07-08 07:14:16,334 [ERROR] 请求失败：403 Client Error: Forbidden for url: https://www.zhihu.com/api/v4/search/top_search
2025-07-08 07:14:16,334 [ERROR] 没有获取到热搜数据，退出。
2025-07-08 07:14:16,810 [ERROR] 请求失败：401 Client Error: Authorization Required for url: https://www.zhihu.com/api/v3/feed/topstory/hot-lists/total?limit=50&desktop=true
2025-07-08 07:14:16,810 [ERROR] 没有获取到热榜数据，退出。
2025-07-08 08:18:59,551 [ERROR] 请求失败：403 Client Error: Forbidden for url: https://www.zhihu.com/api/v4/search/top_search
2025-07-08 08:18:59,552 [ERROR] 没有获取到热搜数据，退出。
2025-07-08 08:19:00,103 [ERROR] 请求失败：401 Client Error: Authorization Required for url: https://www.zhihu.com/api/v3/feed/topstory/hot-lists/total?limit=50&desktop=true
2025-07-08 08:19:00,103 [ERROR] 没有获取到热榜数据，退出。
2025-07-08 09:15:45,395 [ERROR] 请求失败：403 Client Error: Forbidden for url: https://www.zhihu.com/api/v4/search/top_search
2025-07-08 09:15:45,395 [ERROR] 没有获取到热搜数据，退出。
2025-07-08 09:15:45,760 [ERROR] 请求失败：401 Client Error: Authorization Required for url: https://www.zhihu.com/api/v3/feed/topstory/hot-lists/total?limit=50&desktop=true
2025-07-08 09:15:45,760 [ERROR] 没有获取到热榜数据，退出。
2025-07-08 10:14:37,058 [ERROR] 请求失败：403 Client Error: Forbidden for url: https://www.zhihu.com/api/v4/search/top_search
2025-07-08 10:14:37,058 [ERROR] 没有获取到热搜数据，退出。
2025-07-08 10:14:37,536 [ERROR] 请求失败：401 Client Error: Authorization Required for url: https://www.zhihu.com/api/v3/feed/topstory/hot-lists/total?limit=50&desktop=true
2025-07-08 10:14:37,537 [ERROR] 没有获取到热榜数据，退出。
