2025-05-26 01:05:28,936 [ERROR] 请求失败：403 Client Error: Forbidden for url: https://www.zhihu.com/api/v4/search/top_search
2025-05-26 01:05:28,936 [ERROR] 没有获取到热搜数据，退出。
2025-05-26 01:05:29,458 [ERROR] 请求失败：403 Client Error: Forbidden for url: https://www.zhihu.com/api/v3/feed/topstory/hot-lists/total?limit=50&desktop=true
2025-05-26 01:05:29,458 [ERROR] 没有获取到热榜数据，退出。
2025-05-26 03:12:06,159 [ERROR] 请求失败：403 Client Error: Forbidden for url: https://www.zhihu.com/api/v4/search/top_search
2025-05-26 03:12:06,159 [ERROR] 没有获取到热搜数据，退出。
2025-05-26 03:12:06,701 [ERROR] 请求失败：403 Client Error: Forbidden for url: https://www.zhihu.com/api/v3/feed/topstory/hot-lists/total?limit=50&desktop=true
2025-05-26 03:12:06,701 [ERROR] 没有获取到热榜数据，退出。
2025-05-26 04:19:26,649 [ERROR] 请求失败：403 Client Error: Forbidden for url: https://www.zhihu.com/api/v4/search/top_search
2025-05-26 04:19:26,649 [ERROR] 没有获取到热搜数据，退出。
2025-05-26 04:19:27,111 [ERROR] 请求失败：403 Client Error: Forbidden for url: https://www.zhihu.com/api/v3/feed/topstory/hot-lists/total?limit=50&desktop=true
2025-05-26 04:19:27,111 [ERROR] 没有获取到热榜数据，退出。
2025-05-26 05:13:53,781 [ERROR] 请求失败：403 Client Error: Forbidden for url: https://www.zhihu.com/api/v4/search/top_search
2025-05-26 05:13:53,781 [ERROR] 没有获取到热搜数据，退出。
2025-05-26 05:13:54,224 [ERROR] 请求失败：401 Client Error: Authorization Required for url: https://www.zhihu.com/api/v3/feed/topstory/hot-lists/total?limit=50&desktop=true
2025-05-26 05:13:54,224 [ERROR] 没有获取到热榜数据，退出。
2025-05-26 06:19:53,678 [INFO] 成功写入 10 条热搜到 hotresearch/2025_5_26/2025_5_26_6.txt
2025-05-26 06:19:54,190 [ERROR] 请求失败：401 Client Error: Authorization Required for url: https://www.zhihu.com/api/v3/feed/topstory/hot-lists/total?limit=50&desktop=true
2025-05-26 06:19:54,190 [ERROR] 没有获取到热榜数据，退出。
2025-05-26 07:16:36,580 [ERROR] 请求失败：403 Client Error: Forbidden for url: https://www.zhihu.com/api/v4/search/top_search
2025-05-26 07:16:36,580 [ERROR] 没有获取到热搜数据，退出。
2025-05-26 07:16:37,076 [ERROR] 请求失败：403 Client Error: Forbidden for url: https://www.zhihu.com/api/v3/feed/topstory/hot-lists/total?limit=50&desktop=true
2025-05-26 07:16:37,076 [ERROR] 没有获取到热榜数据，退出。
