2025-12-14 01:12:13,121 [INFO] 成功写入 10 条热搜到 hotresearch/2025_12_14/2025_12_14_1.txt
2025-12-14 01:12:13,571 [ERROR] 请求失败：401 Client Error: Authorization Required for url: https://www.zhihu.com/api/v3/feed/topstory/hot-lists/total?limit=50&desktop=true
2025-12-14 01:12:13,572 [ERROR] 没有获取到热榜数据，退出。
2025-12-14 03:23:01,882 [INFO] 成功写入 10 条热搜到 hotresearch/2025_12_14/2025_12_14_3.txt
2025-12-14 03:23:02,344 [ERROR] 请求失败：401 Client Error: Authorization Required for url: https://www.zhihu.com/api/v3/feed/topstory/hot-lists/total?limit=50&desktop=true
2025-12-14 03:23:02,345 [ERROR] 没有获取到热榜数据，退出。
2025-12-14 04:30:54,159 [ERROR] 请求失败：403 Client Error: Forbidden for url: https://www.zhihu.com/api/v4/search/top_search
2025-12-14 04:30:54,159 [ERROR] 没有获取到热搜数据，退出。
2025-12-14 04:30:54,681 [ERROR] 请求失败：403 Client Error: Forbidden for url: https://www.zhihu.com/api/v3/feed/topstory/hot-lists/total?limit=50&desktop=true
2025-12-14 04:30:54,681 [ERROR] 没有获取到热榜数据，退出。
2025-12-14 05:14:12,258 [INFO] 成功写入 10 条热搜到 hotresearch/2025_12_14/2025_12_14_5.txt
2025-12-14 05:14:12,736 [ERROR] 请求失败：403 Client Error: Forbidden for url: https://www.zhihu.com/api/v3/feed/topstory/hot-lists/total?limit=50&desktop=true
2025-12-14 05:14:12,737 [ERROR] 没有获取到热榜数据，退出。
2025-12-14 06:20:18,841 [INFO] 成功写入 10 条热搜到 hotresearch/2025_12_14/2025_12_14_6.txt
2025-12-14 06:20:19,341 [ERROR] 请求失败：401 Client Error: Authorization Required for url: https://www.zhihu.com/api/v3/feed/topstory/hot-lists/total?limit=50&desktop=true
2025-12-14 06:20:19,341 [ERROR] 没有获取到热榜数据，退出。
2025-12-14 07:13:27,018 [INFO] 成功写入 10 条热搜到 hotresearch/2025_12_14/2025_12_14_7.txt
2025-12-14 07:13:27,479 [ERROR] 请求失败：401 Client Error: Authorization Required for url: https://www.zhihu.com/api/v3/feed/topstory/hot-lists/total?limit=50&desktop=true
2025-12-14 07:13:27,479 [ERROR] 没有获取到热榜数据，退出。
2025-12-14 08:17:38,399 [INFO] 成功写入 10 条热搜到 hotresearch/2025_12_14/2025_12_14_8.txt
2025-12-14 08:17:38,864 [ERROR] 请求失败：401 Client Error: Authorization Required for url: https://www.zhihu.com/api/v3/feed/topstory/hot-lists/total?limit=50&desktop=true
2025-12-14 08:17:38,864 [ERROR] 没有获取到热榜数据，退出。
2025-12-14 09:13:27,837 [INFO] 成功写入 10 条热搜到 hotresearch/2025_12_14/2025_12_14_9.txt
2025-12-14 09:13:28,175 [ERROR] 请求失败：403 Client Error: Forbidden for url: https://www.zhihu.com/api/v3/feed/topstory/hot-lists/total?limit=50&desktop=true
2025-12-14 09:13:28,175 [ERROR] 没有获取到热榜数据，退出。
2025-12-14 10:13:16,322 [INFO] 成功写入 10 条热搜到 hotresearch/2025_12_14/2025_12_14_10.txt
2025-12-14 10:13:16,836 [ERROR] 请求失败：403 Client Error: Forbidden for url: https://www.zhihu.com/api/v3/feed/topstory/hot-lists/total?limit=50&desktop=true
2025-12-14 10:13:16,836 [ERROR] 没有获取到热榜数据，退出。
2025-12-14 11:10:55,363 [INFO] 成功写入 10 条热搜到 hotresearch/2025_12_14/2025_12_14_11.txt
2025-12-14 11:10:55,816 [ERROR] 请求失败：401 Client Error: Authorization Required for url: https://www.zhihu.com/api/v3/feed/topstory/hot-lists/total?limit=50&desktop=true
2025-12-14 11:10:55,816 [ERROR] 没有获取到热榜数据，退出。
