2025-09-22 01:03:43,300 [ERROR] 请求失败：403 Client Error: Forbidden for url: https://www.zhihu.com/api/v4/search/top_search
2025-09-22 01:03:43,300 [ERROR] 没有获取到热搜数据，退出。
2025-09-22 01:03:43,817 [ERROR] 请求失败：403 Client Error: Forbidden for url: https://www.zhihu.com/api/v3/feed/topstory/hot-lists/total?limit=50&desktop=true
2025-09-22 01:03:43,817 [ERROR] 没有获取到热榜数据，退出。
2025-09-22 03:02:05,276 [ERROR] 请求失败：403 Client Error: Forbidden for url: https://www.zhihu.com/api/v4/search/top_search
2025-09-22 03:02:05,276 [ERROR] 没有获取到热搜数据，退出。
2025-09-22 03:02:05,697 [ERROR] 请求失败：401 Client Error: Authorization Required for url: https://www.zhihu.com/api/v3/feed/topstory/hot-lists/total?limit=50&desktop=true
2025-09-22 03:02:05,697 [ERROR] 没有获取到热榜数据，退出。
2025-09-22 04:15:20,455 [ERROR] 请求失败：403 Client Error: Forbidden for url: https://www.zhihu.com/api/v4/search/top_search
2025-09-22 04:15:20,455 [ERROR] 没有获取到热搜数据，退出。
2025-09-22 04:15:20,916 [ERROR] 请求失败：401 Client Error: Authorization Required for url: https://www.zhihu.com/api/v3/feed/topstory/hot-lists/total?limit=50&desktop=true
2025-09-22 04:15:20,916 [ERROR] 没有获取到热榜数据，退出。
2025-09-22 05:13:04,507 [ERROR] 请求失败：403 Client Error: Forbidden for url: https://www.zhihu.com/api/v4/search/top_search
2025-09-22 05:13:04,507 [ERROR] 没有获取到热搜数据，退出。
2025-09-22 05:13:04,904 [ERROR] 请求失败：401 Client Error: Authorization Required for url: https://www.zhihu.com/api/v3/feed/topstory/hot-lists/total?limit=50&desktop=true
2025-09-22 05:13:04,904 [ERROR] 没有获取到热榜数据，退出。
2025-09-22 06:20:16,793 [ERROR] 请求失败：403 Client Error: Forbidden for url: https://www.zhihu.com/api/v4/search/top_search
2025-09-22 06:20:16,793 [ERROR] 没有获取到热搜数据，退出。
2025-09-22 06:20:17,252 [ERROR] 请求失败：401 Client Error: Authorization Required for url: https://www.zhihu.com/api/v3/feed/topstory/hot-lists/total?limit=50&desktop=true
2025-09-22 06:20:17,252 [ERROR] 没有获取到热榜数据，退出。
2025-09-22 07:13:13,082 [ERROR] 请求失败：403 Client Error: Forbidden for url: https://www.zhihu.com/api/v4/search/top_search
2025-09-22 07:13:13,082 [ERROR] 没有获取到热搜数据，退出。
2025-09-22 07:13:13,561 [ERROR] 请求失败：401 Client Error: Authorization Required for url: https://www.zhihu.com/api/v3/feed/topstory/hot-lists/total?limit=50&desktop=true
2025-09-22 07:13:13,562 [ERROR] 没有获取到热榜数据，退出。
2025-09-22 08:18:00,841 [ERROR] 请求失败：403 Client Error: Forbidden for url: https://www.zhihu.com/api/v4/search/top_search
2025-09-22 08:18:00,841 [ERROR] 没有获取到热搜数据，退出。
2025-09-22 08:18:01,195 [ERROR] 请求失败：401 Client Error: Authorization Required for url: https://www.zhihu.com/api/v3/feed/topstory/hot-lists/total?limit=50&desktop=true
2025-09-22 08:18:01,195 [ERROR] 没有获取到热榜数据，退出。
