2025-08-10 01:15:27,858 [ERROR] 请求失败：403 Client Error: Forbidden for url: https://www.zhihu.com/api/v4/search/top_search
2025-08-10 01:15:27,859 [ERROR] 没有获取到热搜数据，退出。
2025-08-10 01:15:28,572 [ERROR] 请求失败：403 Client Error: Forbidden for url: https://www.zhihu.com/api/v3/feed/topstory/hot-lists/total?limit=50&desktop=true
2025-08-10 01:15:28,572 [ERROR] 没有获取到热榜数据，退出。
2025-08-10 03:38:28,078 [ERROR] 请求失败：403 Client Error: Forbidden for url: https://www.zhihu.com/api/v4/search/top_search
2025-08-10 03:38:28,078 [ERROR] 没有获取到热搜数据，退出。
2025-08-10 03:38:28,504 [ERROR] 请求失败：401 Client Error: Authorization Required for url: https://www.zhihu.com/api/v3/feed/topstory/hot-lists/total?limit=50&desktop=true
2025-08-10 03:38:28,504 [ERROR] 没有获取到热榜数据，退出。
2025-08-10 04:34:31,326 [ERROR] 请求失败：403 Client Error: Forbidden for url: https://www.zhihu.com/api/v4/search/top_search
2025-08-10 04:34:31,327 [ERROR] 没有获取到热搜数据，退出。
2025-08-10 04:34:31,787 [ERROR] 请求失败：403 Client Error: Forbidden for url: https://www.zhihu.com/api/v3/feed/topstory/hot-lists/total?limit=50&desktop=true
2025-08-10 04:34:31,787 [ERROR] 没有获取到热榜数据，退出。
2025-08-10 05:18:14,611 [ERROR] 请求失败：403 Client Error: Forbidden for url: https://www.zhihu.com/api/v4/search/top_search
2025-08-10 05:18:14,611 [ERROR] 没有获取到热搜数据，退出。
2025-08-10 05:18:14,953 [ERROR] 请求失败：401 Client Error: Authorization Required for url: https://www.zhihu.com/api/v3/feed/topstory/hot-lists/total?limit=50&desktop=true
2025-08-10 05:18:14,953 [ERROR] 没有获取到热榜数据，退出。
2025-08-10 06:19:30,263 [ERROR] 请求失败：403 Client Error: Forbidden for url: https://www.zhihu.com/api/v4/search/top_search
2025-08-10 06:19:30,263 [ERROR] 没有获取到热搜数据，退出。
2025-08-10 06:19:30,713 [ERROR] 请求失败：401 Client Error: Authorization Required for url: https://www.zhihu.com/api/v3/feed/topstory/hot-lists/total?limit=50&desktop=true
2025-08-10 06:19:30,713 [ERROR] 没有获取到热榜数据，退出。
2025-08-10 07:12:09,188 [ERROR] 请求失败：403 Client Error: Forbidden for url: https://www.zhihu.com/api/v4/search/top_search
2025-08-10 07:12:09,188 [ERROR] 没有获取到热搜数据，退出。
2025-08-10 07:12:09,592 [ERROR] 请求失败：401 Client Error: Authorization Required for url: https://www.zhihu.com/api/v3/feed/topstory/hot-lists/total?limit=50&desktop=true
2025-08-10 07:12:09,592 [ERROR] 没有获取到热榜数据，退出。
2025-08-10 08:17:05,752 [ERROR] 请求失败：403 Client Error: Forbidden for url: https://www.zhihu.com/api/v4/search/top_search
2025-08-10 08:17:05,752 [ERROR] 没有获取到热搜数据，退出。
2025-08-10 08:17:06,612 [ERROR] 请求失败：403 Client Error: Forbidden for url: https://www.zhihu.com/api/v3/feed/topstory/hot-lists/total?limit=50&desktop=true
2025-08-10 08:17:06,612 [ERROR] 没有获取到热榜数据，退出。
2025-08-10 09:13:31,333 [ERROR] 请求失败：403 Client Error: Forbidden for url: https://www.zhihu.com/api/v4/search/top_search
2025-08-10 09:13:31,334 [ERROR] 没有获取到热搜数据，退出。
2025-08-10 09:13:31,860 [ERROR] 请求失败：403 Client Error: Forbidden for url: https://www.zhihu.com/api/v3/feed/topstory/hot-lists/total?limit=50&desktop=true
2025-08-10 09:13:31,860 [ERROR] 没有获取到热榜数据，退出。
2025-08-10 10:13:40,162 [ERROR] 请求失败：403 Client Error: Forbidden for url: https://www.zhihu.com/api/v4/search/top_search
2025-08-10 10:13:40,162 [ERROR] 没有获取到热搜数据，退出。
2025-08-10 10:13:40,565 [ERROR] 请求失败：401 Client Error: Authorization Required for url: https://www.zhihu.com/api/v3/feed/topstory/hot-lists/total?limit=50&desktop=true
2025-08-10 10:13:40,565 [ERROR] 没有获取到热榜数据，退出。
2025-08-10 11:10:43,398 [ERROR] 请求失败：403 Client Error: Forbidden for url: https://www.zhihu.com/api/v4/search/top_search
2025-08-10 11:10:43,398 [ERROR] 没有获取到热搜数据，退出。
2025-08-10 11:10:44,164 [ERROR] 请求失败：403 Client Error: Forbidden for url: https://www.zhihu.com/api/v3/feed/topstory/hot-lists/total?limit=50&desktop=true
2025-08-10 11:10:44,164 [ERROR] 没有获取到热榜数据，退出。
2025-08-10 12:25:53,735 [ERROR] 请求失败：403 Client Error: Forbidden for url: https://www.zhihu.com/api/v4/search/top_search
2025-08-10 12:25:53,735 [ERROR] 没有获取到热搜数据，退出。
2025-08-10 12:25:54,115 [ERROR] 请求失败：401 Client Error: Authorization Required for url: https://www.zhihu.com/api/v3/feed/topstory/hot-lists/total?limit=50&desktop=true
2025-08-10 12:25:54,115 [ERROR] 没有获取到热榜数据，退出。
2025-08-10 13:24:36,194 [INFO] 成功写入 10 条热搜到 hotresearch/2025_8_10/2025_8_10_13.txt
2025-08-10 13:24:37,024 [ERROR] 请求失败：403 Client Error: Forbidden for url: https://www.zhihu.com/api/v3/feed/topstory/hot-lists/total?limit=50&desktop=true
2025-08-10 13:24:37,024 [ERROR] 没有获取到热榜数据，退出。
2025-08-10 14:11:48,708 [ERROR] 请求失败：403 Client Error: Forbidden for url: https://www.zhihu.com/api/v4/search/top_search
2025-08-10 14:11:48,708 [ERROR] 没有获取到热搜数据，退出。
2025-08-10 14:11:49,120 [ERROR] 请求失败：401 Client Error: Authorization Required for url: https://www.zhihu.com/api/v3/feed/topstory/hot-lists/total?limit=50&desktop=true
2025-08-10 14:11:49,120 [ERROR] 没有获取到热榜数据，退出。
2025-08-10 15:12:47,643 [ERROR] 请求失败：403 Client Error: Forbidden for url: https://www.zhihu.com/api/v4/search/top_search
2025-08-10 15:12:47,643 [ERROR] 没有获取到热搜数据，退出。
2025-08-10 15:12:48,147 [ERROR] 请求失败：401 Client Error: Authorization Required for url: https://www.zhihu.com/api/v3/feed/topstory/hot-lists/total?limit=50&desktop=true
2025-08-10 15:12:48,147 [ERROR] 没有获取到热榜数据，退出。
2025-08-10 16:15:36,650 [ERROR] 请求失败：403 Client Error: Forbidden for url: https://www.zhihu.com/api/v4/search/top_search
2025-08-10 16:15:36,650 [ERROR] 没有获取到热搜数据，退出。
2025-08-10 16:15:37,060 [ERROR] 请求失败：403 Client Error: Forbidden for url: https://www.zhihu.com/api/v3/feed/topstory/hot-lists/total?limit=50&desktop=true
2025-08-10 16:15:37,060 [ERROR] 没有获取到热榜数据，退出。
2025-08-10 17:10:46,164 [ERROR] 请求失败：403 Client Error: Forbidden for url: https://www.zhihu.com/api/v4/search/top_search
2025-08-10 17:10:46,164 [ERROR] 没有获取到热搜数据，退出。
2025-08-10 17:10:47,042 [ERROR] 请求失败：403 Client Error: Forbidden for url: https://www.zhihu.com/api/v3/feed/topstory/hot-lists/total?limit=50&desktop=true
2025-08-10 17:10:47,043 [ERROR] 没有获取到热榜数据，退出。
2025-08-10 18:17:25,941 [ERROR] 请求失败：403 Client Error: Forbidden for url: https://www.zhihu.com/api/v4/search/top_search
2025-08-10 18:17:25,941 [ERROR] 没有获取到热搜数据，退出。
2025-08-10 18:17:26,311 [ERROR] 请求失败：401 Client Error: Authorization Required for url: https://www.zhihu.com/api/v3/feed/topstory/hot-lists/total?limit=50&desktop=true
2025-08-10 18:17:26,311 [ERROR] 没有获取到热榜数据，退出。
2025-08-10 19:10:01,760 [ERROR] 请求失败：403 Client Error: Forbidden for url: https://www.zhihu.com/api/v4/search/top_search
2025-08-10 19:10:01,760 [ERROR] 没有获取到热搜数据，退出。
2025-08-10 19:10:02,808 [ERROR] 请求失败：403 Client Error: Forbidden for url: https://www.zhihu.com/api/v3/feed/topstory/hot-lists/total?limit=50&desktop=true
2025-08-10 19:10:02,808 [ERROR] 没有获取到热榜数据，退出。
2025-08-10 20:14:17,301 [ERROR] 请求失败：403 Client Error: Forbidden for url: https://www.zhihu.com/api/v4/search/top_search
2025-08-10 20:14:17,301 [ERROR] 没有获取到热搜数据，退出。
2025-08-10 20:14:17,789 [ERROR] 请求失败：401 Client Error: Authorization Required for url: https://www.zhihu.com/api/v3/feed/topstory/hot-lists/total?limit=50&desktop=true
2025-08-10 20:14:17,789 [ERROR] 没有获取到热榜数据，退出。
