2025-06-05 01:04:16,339 [ERROR] 请求失败：403 Client Error: Forbidden for url: https://www.zhihu.com/api/v4/search/top_search
2025-06-05 01:04:16,339 [ERROR] 没有获取到热搜数据，退出。
2025-06-05 01:04:16,856 [ERROR] 请求失败：401 Client Error: Authorization Required for url: https://www.zhihu.com/api/v3/feed/topstory/hot-lists/total?limit=50&desktop=true
2025-06-05 01:04:16,857 [ERROR] 没有获取到热榜数据，退出。
2025-06-05 03:11:27,634 [ERROR] 请求失败：403 Client Error: Forbidden for url: https://www.zhihu.com/api/v4/search/top_search
2025-06-05 03:11:27,634 [ERROR] 没有获取到热搜数据，退出。
2025-06-05 03:11:27,991 [ERROR] 请求失败：401 Client Error: Authorization Required for url: https://www.zhihu.com/api/v3/feed/topstory/hot-lists/total?limit=50&desktop=true
2025-06-05 03:11:27,991 [ERROR] 没有获取到热榜数据，退出。
2025-06-05 04:21:15,236 [ERROR] 请求失败：403 Client Error: Forbidden for url: https://www.zhihu.com/api/v4/search/top_search
2025-06-05 04:21:15,236 [ERROR] 没有获取到热搜数据，退出。
2025-06-05 04:21:15,579 [ERROR] 请求失败：401 Client Error: Authorization Required for url: https://www.zhihu.com/api/v3/feed/topstory/hot-lists/total?limit=50&desktop=true
2025-06-05 04:21:15,579 [ERROR] 没有获取到热榜数据，退出。
2025-06-05 05:14:02,439 [ERROR] 请求失败：403 Client Error: Forbidden for url: https://www.zhihu.com/api/v4/search/top_search
2025-06-05 05:14:02,439 [ERROR] 没有获取到热搜数据，退出。
2025-06-05 05:14:02,875 [ERROR] 请求失败：401 Client Error: Authorization Required for url: https://www.zhihu.com/api/v3/feed/topstory/hot-lists/total?limit=50&desktop=true
2025-06-05 05:14:02,875 [ERROR] 没有获取到热榜数据，退出。
2025-06-05 06:19:49,683 [ERROR] 请求失败：403 Client Error: Forbidden for url: https://www.zhihu.com/api/v4/search/top_search
2025-06-05 06:19:49,683 [ERROR] 没有获取到热搜数据，退出。
2025-06-05 06:19:50,032 [ERROR] 请求失败：401 Client Error: Authorization Required for url: https://www.zhihu.com/api/v3/feed/topstory/hot-lists/total?limit=50&desktop=true
2025-06-05 06:19:50,032 [ERROR] 没有获取到热榜数据，退出。
2025-06-05 07:13:10,599 [ERROR] 请求失败：403 Client Error: Forbidden for url: https://www.zhihu.com/api/v4/search/top_search
2025-06-05 07:13:10,599 [ERROR] 没有获取到热搜数据，退出。
2025-06-05 07:13:11,199 [ERROR] 请求失败：403 Client Error: Forbidden for url: https://www.zhihu.com/api/v3/feed/topstory/hot-lists/total?limit=50&desktop=true
2025-06-05 07:13:11,199 [ERROR] 没有获取到热榜数据，退出。
2025-06-05 08:18:02,270 [ERROR] 请求失败：403 Client Error: Forbidden for url: https://www.zhihu.com/api/v4/search/top_search
2025-06-05 08:18:02,270 [ERROR] 没有获取到热搜数据，退出。
2025-06-05 08:18:02,855 [ERROR] 请求失败：403 Client Error: Forbidden for url: https://www.zhihu.com/api/v3/feed/topstory/hot-lists/total?limit=50&desktop=true
2025-06-05 08:18:02,855 [ERROR] 没有获取到热榜数据，退出。
2025-06-05 09:14:08,107 [ERROR] 请求失败：403 Client Error: Forbidden for url: https://www.zhihu.com/api/v4/search/top_search
2025-06-05 09:14:08,107 [ERROR] 没有获取到热搜数据，退出。
2025-06-05 09:14:08,581 [ERROR] 请求失败：401 Client Error: Authorization Required for url: https://www.zhihu.com/api/v3/feed/topstory/hot-lists/total?limit=50&desktop=true
2025-06-05 09:14:08,581 [ERROR] 没有获取到热榜数据，退出。
