2025-12-13 01:03:12,505 [INFO] 成功写入 10 条热搜到 hotresearch/2025_12_13/2025_12_13_1.txt
2025-12-13 01:03:13,007 [ERROR] 请求失败：401 Client Error: Authorization Required for url: https://www.zhihu.com/api/v3/feed/topstory/hot-lists/total?limit=50&desktop=true
2025-12-13 01:03:13,007 [ERROR] 没有获取到热榜数据，退出。
2025-12-13 03:10:03,941 [INFO] 成功写入 10 条热搜到 hotresearch/2025_12_13/2025_12_13_3.txt
2025-12-13 03:10:04,396 [ERROR] 请求失败：403 Client Error: Forbidden for url: https://www.zhihu.com/api/v3/feed/topstory/hot-lists/total?limit=50&desktop=true
2025-12-13 03:10:04,396 [ERROR] 没有获取到热榜数据，退出。
2025-12-13 04:19:26,652 [INFO] 成功写入 10 条热搜到 hotresearch/2025_12_13/2025_12_13_4.txt
2025-12-13 04:19:27,285 [ERROR] 请求失败：403 Client Error: Forbidden for url: https://www.zhihu.com/api/v3/feed/topstory/hot-lists/total?limit=50&desktop=true
2025-12-13 04:19:27,285 [ERROR] 没有获取到热榜数据，退出。
2025-12-13 05:13:57,909 [ERROR] 请求失败：403 Client Error: Forbidden for url: https://www.zhihu.com/api/v4/search/top_search
2025-12-13 05:13:57,909 [ERROR] 没有获取到热搜数据，退出。
2025-12-13 05:13:58,371 [ERROR] 请求失败：403 Client Error: Forbidden for url: https://www.zhihu.com/api/v3/feed/topstory/hot-lists/total?limit=50&desktop=true
2025-12-13 05:13:58,371 [ERROR] 没有获取到热榜数据，退出。
2025-12-13 06:19:50,379 [INFO] 成功写入 10 条热搜到 hotresearch/2025_12_13/2025_12_13_6.txt
2025-12-13 06:19:50,845 [ERROR] 请求失败：403 Client Error: Forbidden for url: https://www.zhihu.com/api/v3/feed/topstory/hot-lists/total?limit=50&desktop=true
2025-12-13 06:19:50,845 [ERROR] 没有获取到热榜数据，退出。
2025-12-13 07:12:37,946 [INFO] 成功写入 10 条热搜到 hotresearch/2025_12_13/2025_12_13_7.txt
2025-12-13 07:12:38,399 [ERROR] 请求失败：401 Client Error: Authorization Required for url: https://www.zhihu.com/api/v3/feed/topstory/hot-lists/total?limit=50&desktop=true
2025-12-13 07:12:38,399 [ERROR] 没有获取到热榜数据，退出。
2025-12-13 08:17:00,271 [ERROR] 请求失败：403 Client Error: Forbidden for url: https://www.zhihu.com/api/v4/search/top_search
2025-12-13 08:17:00,272 [ERROR] 没有获取到热搜数据，退出。
2025-12-13 08:17:00,795 [ERROR] 请求失败：403 Client Error: Forbidden for url: https://www.zhihu.com/api/v3/feed/topstory/hot-lists/total?limit=50&desktop=true
2025-12-13 08:17:00,795 [ERROR] 没有获取到热榜数据，退出。
