2025-07-16 01:09:29,622 [ERROR] 请求失败：403 Client Error: Forbidden for url: https://www.zhihu.com/api/v4/search/top_search
2025-07-16 01:09:29,622 [ERROR] 没有获取到热搜数据，退出。
2025-07-16 01:09:30,079 [ERROR] 请求失败：403 Client Error: Forbidden for url: https://www.zhihu.com/api/v3/feed/topstory/hot-lists/total?limit=50&desktop=true
2025-07-16 01:09:30,079 [ERROR] 没有获取到热榜数据，退出。
2025-07-16 03:23:01,785 [ERROR] 请求失败：403 Client Error: Forbidden for url: https://www.zhihu.com/api/v4/search/top_search
2025-07-16 03:23:01,785 [ERROR] 没有获取到热搜数据，退出。
2025-07-16 03:23:02,256 [ERROR] 请求失败：401 Client Error: Authorization Required for url: https://www.zhihu.com/api/v3/feed/topstory/hot-lists/total?limit=50&desktop=true
2025-07-16 03:23:02,256 [ERROR] 没有获取到热榜数据，退出。
2025-07-16 04:32:48,355 [ERROR] 请求失败：403 Client Error: Forbidden for url: https://www.zhihu.com/api/v4/search/top_search
2025-07-16 04:32:48,355 [ERROR] 没有获取到热搜数据，退出。
2025-07-16 04:32:48,799 [ERROR] 请求失败：403 Client Error: Forbidden for url: https://www.zhihu.com/api/v3/feed/topstory/hot-lists/total?limit=50&desktop=true
2025-07-16 04:32:48,799 [ERROR] 没有获取到热榜数据，退出。
2025-07-16 05:19:50,905 [INFO] 成功写入 10 条热搜到 hotresearch/2025_7_16/2025_7_16_5.txt
2025-07-16 05:19:51,382 [ERROR] 请求失败：401 Client Error: Authorization Required for url: https://www.zhihu.com/api/v3/feed/topstory/hot-lists/total?limit=50&desktop=true
2025-07-16 05:19:51,382 [ERROR] 没有获取到热榜数据，退出。
2025-07-16 06:20:48,937 [ERROR] 请求失败：403 Client Error: Forbidden for url: https://www.zhihu.com/api/v4/search/top_search
2025-07-16 06:20:48,937 [ERROR] 没有获取到热搜数据，退出。
2025-07-16 06:20:49,386 [ERROR] 请求失败：401 Client Error: Authorization Required for url: https://www.zhihu.com/api/v3/feed/topstory/hot-lists/total?limit=50&desktop=true
2025-07-16 06:20:49,386 [ERROR] 没有获取到热榜数据，退出。
2025-07-16 07:16:20,845 [INFO] 成功写入 10 条热搜到 hotresearch/2025_7_16/2025_7_16_7.txt
2025-07-16 07:16:21,352 [ERROR] 请求失败：403 Client Error: Forbidden for url: https://www.zhihu.com/api/v3/feed/topstory/hot-lists/total?limit=50&desktop=true
2025-07-16 07:16:21,352 [ERROR] 没有获取到热榜数据，退出。
2025-07-16 08:19:11,470 [ERROR] 请求失败：403 Client Error: Forbidden for url: https://www.zhihu.com/api/v4/search/top_search
2025-07-16 08:19:11,470 [ERROR] 没有获取到热搜数据，退出。
2025-07-16 08:19:11,988 [ERROR] 请求失败：403 Client Error: Forbidden for url: https://www.zhihu.com/api/v3/feed/topstory/hot-lists/total?limit=50&desktop=true
2025-07-16 08:19:11,988 [ERROR] 没有获取到热榜数据，退出。
2025-07-16 09:18:55,277 [ERROR] 请求失败：403 Client Error: Forbidden for url: https://www.zhihu.com/api/v4/search/top_search
2025-07-16 09:18:55,277 [ERROR] 没有获取到热搜数据，退出。
2025-07-16 09:18:55,641 [ERROR] 请求失败：401 Client Error: Authorization Required for url: https://www.zhihu.com/api/v3/feed/topstory/hot-lists/total?limit=50&desktop=true
2025-07-16 09:18:55,641 [ERROR] 没有获取到热榜数据，退出。
2025-07-16 10:15:06,645 [ERROR] 请求失败：403 Client Error: Forbidden for url: https://www.zhihu.com/api/v4/search/top_search
2025-07-16 10:15:06,645 [ERROR] 没有获取到热搜数据，退出。
2025-07-16 10:15:07,124 [ERROR] 请求失败：403 Client Error: Forbidden for url: https://www.zhihu.com/api/v3/feed/topstory/hot-lists/total?limit=50&desktop=true
2025-07-16 10:15:07,124 [ERROR] 没有获取到热榜数据，退出。
2025-07-16 11:12:17,555 [ERROR] 请求失败：403 Client Error: Forbidden for url: https://www.zhihu.com/api/v4/search/top_search
2025-07-16 11:12:17,555 [ERROR] 没有获取到热搜数据，退出。
2025-07-16 11:12:18,019 [ERROR] 请求失败：403 Client Error: Forbidden for url: https://www.zhihu.com/api/v3/feed/topstory/hot-lists/total?limit=50&desktop=true
2025-07-16 11:12:18,019 [ERROR] 没有获取到热榜数据，退出。
2025-07-16 12:28:12,570 [ERROR] 请求失败：403 Client Error: Forbidden for url: https://www.zhihu.com/api/v4/search/top_search
2025-07-16 12:28:12,570 [ERROR] 没有获取到热搜数据，退出。
2025-07-16 12:28:13,024 [ERROR] 请求失败：401 Client Error: Authorization Required for url: https://www.zhihu.com/api/v3/feed/topstory/hot-lists/total?limit=50&desktop=true
2025-07-16 12:28:13,024 [ERROR] 没有获取到热榜数据，退出。
2025-07-16 13:32:47,515 [ERROR] 请求失败：403 Client Error: Forbidden for url: https://www.zhihu.com/api/v4/search/top_search
2025-07-16 13:32:47,515 [ERROR] 没有获取到热搜数据，退出。
2025-07-16 13:32:47,865 [ERROR] 请求失败：401 Client Error: Authorization Required for url: https://www.zhihu.com/api/v3/feed/topstory/hot-lists/total?limit=50&desktop=true
2025-07-16 13:32:47,865 [ERROR] 没有获取到热榜数据，退出。
2025-07-16 14:13:13,939 [ERROR] 请求失败：403 Client Error: Forbidden for url: https://www.zhihu.com/api/v4/search/top_search
2025-07-16 14:13:13,939 [ERROR] 没有获取到热搜数据，退出。
2025-07-16 14:13:14,283 [ERROR] 请求失败：401 Client Error: Authorization Required for url: https://www.zhihu.com/api/v3/feed/topstory/hot-lists/total?limit=50&desktop=true
2025-07-16 14:13:14,283 [ERROR] 没有获取到热榜数据，退出。
2025-07-16 15:14:56,196 [ERROR] 请求失败：403 Client Error: Forbidden for url: https://www.zhihu.com/api/v4/search/top_search
2025-07-16 15:14:56,196 [ERROR] 没有获取到热搜数据，退出。
2025-07-16 15:14:56,553 [ERROR] 请求失败：401 Client Error: Authorization Required for url: https://www.zhihu.com/api/v3/feed/topstory/hot-lists/total?limit=50&desktop=true
2025-07-16 15:14:56,553 [ERROR] 没有获取到热榜数据，退出。
2025-07-16 16:17:52,164 [ERROR] 请求失败：403 Client Error: Forbidden for url: https://www.zhihu.com/api/v4/search/top_search
2025-07-16 16:17:52,164 [ERROR] 没有获取到热搜数据，退出。
2025-07-16 16:17:52,667 [ERROR] 请求失败：401 Client Error: Authorization Required for url: https://www.zhihu.com/api/v3/feed/topstory/hot-lists/total?limit=50&desktop=true
2025-07-16 16:17:52,667 [ERROR] 没有获取到热榜数据，退出。
2025-07-16 17:15:10,346 [ERROR] 请求失败：403 Client Error: Forbidden for url: https://www.zhihu.com/api/v4/search/top_search
2025-07-16 17:15:10,346 [ERROR] 没有获取到热搜数据，退出。
2025-07-16 17:15:10,699 [ERROR] 请求失败：401 Client Error: Authorization Required for url: https://www.zhihu.com/api/v3/feed/topstory/hot-lists/total?limit=50&desktop=true
2025-07-16 17:15:10,699 [ERROR] 没有获取到热榜数据，退出。
2025-07-16 18:19:40,533 [ERROR] 请求失败：403 Client Error: Forbidden for url: https://www.zhihu.com/api/v4/search/top_search
2025-07-16 18:19:40,533 [ERROR] 没有获取到热搜数据，退出。
2025-07-16 18:19:40,993 [ERROR] 请求失败：403 Client Error: Forbidden for url: https://www.zhihu.com/api/v3/feed/topstory/hot-lists/total?limit=50&desktop=true
2025-07-16 18:19:40,993 [ERROR] 没有获取到热榜数据，退出。
2025-07-16 19:12:27,428 [ERROR] 请求失败：403 Client Error: Forbidden for url: https://www.zhihu.com/api/v4/search/top_search
2025-07-16 19:12:27,428 [ERROR] 没有获取到热搜数据，退出。
2025-07-16 19:12:27,877 [ERROR] 请求失败：401 Client Error: Authorization Required for url: https://www.zhihu.com/api/v3/feed/topstory/hot-lists/total?limit=50&desktop=true
2025-07-16 19:12:27,877 [ERROR] 没有获取到热榜数据，退出。
2025-07-16 20:15:18,798 [ERROR] 请求失败：403 Client Error: Forbidden for url: https://www.zhihu.com/api/v4/search/top_search
2025-07-16 20:15:18,799 [ERROR] 没有获取到热搜数据，退出。
2025-07-16 20:15:19,264 [ERROR] 请求失败：401 Client Error: Authorization Required for url: https://www.zhihu.com/api/v3/feed/topstory/hot-lists/total?limit=50&desktop=true
2025-07-16 20:15:19,264 [ERROR] 没有获取到热榜数据，退出。
2025-07-16 21:13:29,309 [ERROR] 请求失败：403 Client Error: Forbidden for url: https://www.zhihu.com/api/v4/search/top_search
2025-07-16 21:13:29,309 [ERROR] 没有获取到热搜数据，退出。
2025-07-16 21:13:29,691 [ERROR] 请求失败：401 Client Error: Authorization Required for url: https://www.zhihu.com/api/v3/feed/topstory/hot-lists/total?limit=50&desktop=true
2025-07-16 21:13:29,691 [ERROR] 没有获取到热榜数据，退出。
2025-07-16 22:13:23,455 [ERROR] 请求失败：403 Client Error: Forbidden for url: https://www.zhihu.com/api/v4/search/top_search
2025-07-16 22:13:23,455 [ERROR] 没有获取到热搜数据，退出。
2025-07-16 22:13:23,834 [ERROR] 请求失败：401 Client Error: Authorization Required for url: https://www.zhihu.com/api/v3/feed/topstory/hot-lists/total?limit=50&desktop=true
2025-07-16 22:13:23,834 [ERROR] 没有获取到热榜数据，退出。
2025-07-16 23:13:22,030 [ERROR] 请求失败：403 Client Error: Forbidden for url: https://www.zhihu.com/api/v4/search/top_search
2025-07-16 23:13:22,030 [ERROR] 没有获取到热搜数据，退出。
2025-07-16 23:13:22,383 [ERROR] 请求失败：401 Client Error: Authorization Required for url: https://www.zhihu.com/api/v3/feed/topstory/hot-lists/total?limit=50&desktop=true
2025-07-16 23:13:22,383 [ERROR] 没有获取到热榜数据，退出。
