2025-08-14 01:06:59,160 [ERROR] 请求失败：403 Client Error: Forbidden for url: https://www.zhihu.com/api/v4/search/top_search
2025-08-14 01:06:59,161 [ERROR] 没有获取到热搜数据，退出。
2025-08-14 01:07:00,095 [ERROR] 请求失败：403 Client Error: Forbidden for url: https://www.zhihu.com/api/v3/feed/topstory/hot-lists/total?limit=50&desktop=true
2025-08-14 01:07:00,095 [ERROR] 没有获取到热榜数据，退出。
2025-08-14 03:15:30,932 [ERROR] 请求失败：403 Client Error: Forbidden for url: https://www.zhihu.com/api/v4/search/top_search
2025-08-14 03:15:30,932 [ERROR] 没有获取到热搜数据，退出。
2025-08-14 03:15:31,401 [ERROR] 请求失败：401 Client Error: Authorization Required for url: https://www.zhihu.com/api/v3/feed/topstory/hot-lists/total?limit=50&desktop=true
2025-08-14 03:15:31,401 [ERROR] 没有获取到热榜数据，退出。
2025-08-14 04:24:07,680 [ERROR] 请求失败：403 Client Error: Forbidden for url: https://www.zhihu.com/api/v4/search/top_search
2025-08-14 04:24:07,680 [ERROR] 没有获取到热搜数据，退出。
2025-08-14 04:24:08,079 [ERROR] 请求失败：403 Client Error: Forbidden for url: https://www.zhihu.com/api/v3/feed/topstory/hot-lists/total?limit=50&desktop=true
2025-08-14 04:24:08,079 [ERROR] 没有获取到热榜数据，退出。
2025-08-14 05:15:10,510 [ERROR] 请求失败：403 Client Error: Forbidden for url: https://www.zhihu.com/api/v4/search/top_search
2025-08-14 05:15:10,510 [ERROR] 没有获取到热搜数据，退出。
2025-08-14 05:15:11,330 [ERROR] 请求失败：403 Client Error: Forbidden for url: https://www.zhihu.com/api/v3/feed/topstory/hot-lists/total?limit=50&desktop=true
2025-08-14 05:15:11,331 [ERROR] 没有获取到热榜数据，退出。
2025-08-14 06:20:58,865 [ERROR] 请求失败：403 Client Error: Forbidden for url: https://www.zhihu.com/api/v4/search/top_search
2025-08-14 06:20:58,865 [ERROR] 没有获取到热搜数据，退出。
2025-08-14 06:20:59,302 [ERROR] 请求失败：401 Client Error: Authorization Required for url: https://www.zhihu.com/api/v3/feed/topstory/hot-lists/total?limit=50&desktop=true
2025-08-14 06:20:59,302 [ERROR] 没有获取到热榜数据，退出。
