2025-10-04 00:55:36,878 [ERROR] 请求失败：403 Client Error: Forbidden for url: https://www.zhihu.com/api/v4/search/top_search
2025-10-04 00:55:36,879 [ERROR] 没有获取到热搜数据，退出。
2025-10-04 00:55:37,402 [ERROR] 请求失败：403 Client Error: Forbidden for url: https://www.zhihu.com/api/v3/feed/topstory/hot-lists/total?limit=50&desktop=true
2025-10-04 00:55:37,402 [ERROR] 没有获取到热榜数据，退出。
2025-10-04 02:12:27,455 [ERROR] 请求失败：403 Client Error: Forbidden for url: https://www.zhihu.com/api/v4/search/top_search
2025-10-04 02:12:27,455 [ERROR] 没有获取到热搜数据，退出。
2025-10-04 02:12:27,863 [ERROR] 请求失败：403 Client Error: Forbidden for url: https://www.zhihu.com/api/v3/feed/topstory/hot-lists/total?limit=50&desktop=true
2025-10-04 02:12:27,863 [ERROR] 没有获取到热榜数据，退出。
2025-10-04 03:18:57,912 [ERROR] 请求失败：403 Client Error: Forbidden for url: https://www.zhihu.com/api/v4/search/top_search
2025-10-04 03:18:57,912 [ERROR] 没有获取到热搜数据，退出。
2025-10-04 03:18:58,258 [ERROR] 请求失败：401 Client Error: Authorization Required for url: https://www.zhihu.com/api/v3/feed/topstory/hot-lists/total?limit=50&desktop=true
2025-10-04 03:18:58,258 [ERROR] 没有获取到热榜数据，退出。
2025-10-04 04:14:00,851 [ERROR] 请求失败：403 Client Error: Forbidden for url: https://www.zhihu.com/api/v4/search/top_search
2025-10-04 04:14:00,851 [ERROR] 没有获取到热搜数据，退出。
2025-10-04 04:14:01,209 [ERROR] 请求失败：403 Client Error: Forbidden for url: https://www.zhihu.com/api/v3/feed/topstory/hot-lists/total?limit=50&desktop=true
2025-10-04 04:14:01,209 [ERROR] 没有获取到热榜数据，退出。
2025-10-04 05:11:26,230 [ERROR] 请求失败：403 Client Error: Forbidden for url: https://www.zhihu.com/api/v4/search/top_search
2025-10-04 05:11:26,230 [ERROR] 没有获取到热搜数据，退出。
2025-10-04 05:11:26,636 [ERROR] 请求失败：401 Client Error: Authorization Required for url: https://www.zhihu.com/api/v3/feed/topstory/hot-lists/total?limit=50&desktop=true
2025-10-04 05:11:26,636 [ERROR] 没有获取到热榜数据，退出。
