2025-10-14 00:59:08,221 [ERROR] 请求失败：403 Client Error: Forbidden for url: https://www.zhihu.com/api/v4/search/top_search
2025-10-14 00:59:08,221 [ERROR] 没有获取到热搜数据，退出。
2025-10-14 00:59:08,681 [ERROR] 请求失败：403 Client Error: Forbidden for url: https://www.zhihu.com/api/v3/feed/topstory/hot-lists/total?limit=50&desktop=true
2025-10-14 00:59:08,681 [ERROR] 没有获取到热榜数据，退出。
2025-10-14 02:23:15,719 [ERROR] 请求失败：403 Client Error: Forbidden for url: https://www.zhihu.com/api/v4/search/top_search
2025-10-14 02:23:15,719 [ERROR] 没有获取到热搜数据，退出。
2025-10-14 02:23:16,074 [ERROR] 请求失败：401 Client Error: Authorization Required for url: https://www.zhihu.com/api/v3/feed/topstory/hot-lists/total?limit=50&desktop=true
2025-10-14 02:23:16,074 [ERROR] 没有获取到热榜数据，退出。
2025-10-14 03:29:14,260 [ERROR] 请求失败：403 Client Error: Forbidden for url: https://www.zhihu.com/api/v4/search/top_search
2025-10-14 03:29:14,260 [ERROR] 没有获取到热搜数据，退出。
2025-10-14 03:29:14,659 [ERROR] 请求失败：403 Client Error: Forbidden for url: https://www.zhihu.com/api/v3/feed/topstory/hot-lists/total?limit=50&desktop=true
2025-10-14 03:29:14,660 [ERROR] 没有获取到热榜数据，退出。
2025-10-14 04:15:10,709 [ERROR] 请求失败：403 Client Error: Forbidden for url: https://www.zhihu.com/api/v4/search/top_search
2025-10-14 04:15:10,709 [ERROR] 没有获取到热搜数据，退出。
2025-10-14 04:15:11,079 [ERROR] 请求失败：401 Client Error: Authorization Required for url: https://www.zhihu.com/api/v3/feed/topstory/hot-lists/total?limit=50&desktop=true
2025-10-14 04:15:11,079 [ERROR] 没有获取到热榜数据，退出。
2025-10-14 05:12:46,328 [ERROR] 请求失败：403 Client Error: Forbidden for url: https://www.zhihu.com/api/v4/search/top_search
2025-10-14 05:12:46,328 [ERROR] 没有获取到热搜数据，退出。
2025-10-14 05:12:46,687 [ERROR] 请求失败：401 Client Error: Authorization Required for url: https://www.zhihu.com/api/v3/feed/topstory/hot-lists/total?limit=50&desktop=true
2025-10-14 05:12:46,687 [ERROR] 没有获取到热榜数据，退出。
2025-10-14 06:19:45,275 [INFO] 成功写入 10 条热搜到 hotresearch/2025_10_14/2025_10_14_6.txt
2025-10-14 06:19:45,648 [ERROR] 请求失败：401 Client Error: Authorization Required for url: https://www.zhihu.com/api/v3/feed/topstory/hot-lists/total?limit=50&desktop=true
2025-10-14 06:19:45,648 [ERROR] 没有获取到热榜数据，退出。
2025-10-14 07:13:23,750 [INFO] 成功写入 10 条热搜到 hotresearch/2025_10_14/2025_10_14_7.txt
2025-10-14 07:13:24,118 [ERROR] 请求失败：401 Client Error: Authorization Required for url: https://www.zhihu.com/api/v3/feed/topstory/hot-lists/total?limit=50&desktop=true
2025-10-14 07:13:24,118 [ERROR] 没有获取到热榜数据，退出。
2025-10-14 08:15:57,015 [ERROR] 请求失败：403 Client Error: Forbidden for url: https://www.zhihu.com/api/v4/search/top_search
2025-10-14 08:15:57,015 [ERROR] 没有获取到热搜数据，退出。
2025-10-14 08:15:57,469 [ERROR] 请求失败：403 Client Error: Forbidden for url: https://www.zhihu.com/api/v3/feed/topstory/hot-lists/total?limit=50&desktop=true
2025-10-14 08:15:57,469 [ERROR] 没有获取到热榜数据，退出。
2025-10-14 09:14:27,313 [ERROR] 请求失败：403 Client Error: Forbidden for url: https://www.zhihu.com/api/v4/search/top_search
2025-10-14 09:14:27,314 [ERROR] 没有获取到热搜数据，退出。
2025-10-14 09:14:27,693 [ERROR] 请求失败：401 Client Error: Authorization Required for url: https://www.zhihu.com/api/v3/feed/topstory/hot-lists/total?limit=50&desktop=true
2025-10-14 09:14:27,693 [ERROR] 没有获取到热榜数据，退出。
2025-10-14 10:14:02,514 [ERROR] 请求失败：403 Client Error: Forbidden for url: https://www.zhihu.com/api/v4/search/top_search
2025-10-14 10:14:02,515 [ERROR] 没有获取到热搜数据，退出。
2025-10-14 10:14:02,856 [ERROR] 请求失败：401 Client Error: Authorization Required for url: https://www.zhihu.com/api/v3/feed/topstory/hot-lists/total?limit=50&desktop=true
2025-10-14 10:14:02,856 [ERROR] 没有获取到热榜数据，退出。
2025-10-14 11:10:53,028 [ERROR] 请求失败：403 Client Error: Forbidden for url: https://www.zhihu.com/api/v4/search/top_search
2025-10-14 11:10:53,029 [ERROR] 没有获取到热搜数据，退出。
2025-10-14 11:10:53,449 [ERROR] 请求失败：403 Client Error: Forbidden for url: https://www.zhihu.com/api/v3/feed/topstory/hot-lists/total?limit=50&desktop=true
2025-10-14 11:10:53,450 [ERROR] 没有获取到热榜数据，退出。
2025-10-14 12:27:21,152 [ERROR] 请求失败：403 Client Error: Forbidden for url: https://www.zhihu.com/api/v4/search/top_search
2025-10-14 12:27:21,152 [ERROR] 没有获取到热搜数据，退出。
2025-10-14 12:27:21,502 [ERROR] 请求失败：401 Client Error: Authorization Required for url: https://www.zhihu.com/api/v3/feed/topstory/hot-lists/total?limit=50&desktop=true
2025-10-14 12:27:21,502 [ERROR] 没有获取到热榜数据，退出。
2025-10-14 13:24:59,648 [ERROR] 请求失败：403 Client Error: Forbidden for url: https://www.zhihu.com/api/v4/search/top_search
2025-10-14 13:24:59,649 [ERROR] 没有获取到热搜数据，退出。
2025-10-14 13:25:00,062 [ERROR] 请求失败：401 Client Error: Authorization Required for url: https://www.zhihu.com/api/v3/feed/topstory/hot-lists/total?limit=50&desktop=true
2025-10-14 13:25:00,063 [ERROR] 没有获取到热榜数据，退出。
