2025-11-04 01:02:42,216 [INFO] 成功写入 10 条热搜到 hotresearch/2025_11_4/2025_11_4_1.txt
2025-11-04 01:02:42,640 [ERROR] 请求失败：401 Client Error: Authorization Required for url: https://www.zhihu.com/api/v3/feed/topstory/hot-lists/total?limit=50&desktop=true
2025-11-04 01:02:42,640 [ERROR] 没有获取到热榜数据，退出。
2025-11-04 03:04:40,556 [INFO] 成功写入 10 条热搜到 hotresearch/2025_11_4/2025_11_4_3.txt
2025-11-04 03:04:44,211 [ERROR] 请求失败：403 Client Error: Forbidden for url: https://www.zhihu.com/api/v3/feed/topstory/hot-lists/total?limit=50&desktop=true
2025-11-04 03:04:44,211 [ERROR] 没有获取到热榜数据，退出。
2025-11-04 04:15:47,244 [INFO] 成功写入 10 条热搜到 hotresearch/2025_11_4/2025_11_4_4.txt
2025-11-04 04:15:47,766 [ERROR] 请求失败：403 Client Error: Forbidden for url: https://www.zhihu.com/api/v3/feed/topstory/hot-lists/total?limit=50&desktop=true
2025-11-04 04:15:47,766 [ERROR] 没有获取到热榜数据，退出。
2025-11-04 05:13:24,375 [INFO] 成功写入 10 条热搜到 hotresearch/2025_11_4/2025_11_4_5.txt
2025-11-04 05:13:24,873 [ERROR] 请求失败：403 Client Error: Forbidden for url: https://www.zhihu.com/api/v3/feed/topstory/hot-lists/total?limit=50&desktop=true
2025-11-04 05:13:24,873 [ERROR] 没有获取到热榜数据，退出。
2025-11-04 06:20:48,889 [INFO] 成功写入 10 条热搜到 hotresearch/2025_11_4/2025_11_4_6.txt
2025-11-04 06:20:49,381 [ERROR] 请求失败：401 Client Error: Authorization Required for url: https://www.zhihu.com/api/v3/feed/topstory/hot-lists/total?limit=50&desktop=true
2025-11-04 06:20:49,381 [ERROR] 没有获取到热榜数据，退出。
2025-11-04 07:13:20,523 [INFO] 成功写入 10 条热搜到 hotresearch/2025_11_4/2025_11_4_7.txt
2025-11-04 07:13:20,992 [ERROR] 请求失败：401 Client Error: Authorization Required for url: https://www.zhihu.com/api/v3/feed/topstory/hot-lists/total?limit=50&desktop=true
2025-11-04 07:13:20,992 [ERROR] 没有获取到热榜数据，退出。
2025-11-04 08:18:46,594 [INFO] 成功写入 10 条热搜到 hotresearch/2025_11_4/2025_11_4_8.txt
2025-11-04 08:18:47,136 [ERROR] 请求失败：401 Client Error: Authorization Required for url: https://www.zhihu.com/api/v3/feed/topstory/hot-lists/total?limit=50&desktop=true
2025-11-04 08:18:47,136 [ERROR] 没有获取到热榜数据，退出。
2025-11-04 09:15:35,725 [INFO] 成功写入 10 条热搜到 hotresearch/2025_11_4/2025_11_4_9.txt
2025-11-04 09:15:36,219 [ERROR] 请求失败：403 Client Error: Forbidden for url: https://www.zhihu.com/api/v3/feed/topstory/hot-lists/total?limit=50&desktop=true
2025-11-04 09:15:36,219 [ERROR] 没有获取到热榜数据，退出。
2025-11-04 10:15:29,281 [INFO] 成功写入 10 条热搜到 hotresearch/2025_11_4/2025_11_4_10.txt
2025-11-04 10:15:29,659 [ERROR] 请求失败：403 Client Error: Forbidden for url: https://www.zhihu.com/api/v3/feed/topstory/hot-lists/total?limit=50&desktop=true
2025-11-04 10:15:29,659 [ERROR] 没有获取到热榜数据，退出。
2025-11-04 11:11:49,350 [INFO] 成功写入 10 条热搜到 hotresearch/2025_11_4/2025_11_4_11.txt
2025-11-04 11:11:49,778 [ERROR] 请求失败：401 Client Error: Authorization Required for url: https://www.zhihu.com/api/v3/feed/topstory/hot-lists/total?limit=50&desktop=true
2025-11-04 11:11:49,778 [ERROR] 没有获取到热榜数据，退出。
2025-11-04 12:28:37,344 [INFO] 成功写入 10 条热搜到 hotresearch/2025_11_4/2025_11_4_12.txt
2025-11-04 12:28:37,909 [ERROR] 请求失败：401 Client Error: Authorization Required for url: https://www.zhihu.com/api/v3/feed/topstory/hot-lists/total?limit=50&desktop=true
2025-11-04 12:28:37,909 [ERROR] 没有获取到热榜数据，退出。
2025-11-04 13:28:41,873 [INFO] 成功写入 10 条热搜到 hotresearch/2025_11_4/2025_11_4_13.txt
2025-11-04 13:28:42,279 [ERROR] 请求失败：401 Client Error: Authorization Required for url: https://www.zhihu.com/api/v3/feed/topstory/hot-lists/total?limit=50&desktop=true
2025-11-04 13:28:42,279 [ERROR] 没有获取到热榜数据，退出。
2025-11-04 14:13:36,010 [INFO] 成功写入 10 条热搜到 hotresearch/2025_11_4/2025_11_4_14.txt
2025-11-04 14:13:36,589 [ERROR] 请求失败：403 Client Error: Forbidden for url: https://www.zhihu.com/api/v3/feed/topstory/hot-lists/total?limit=50&desktop=true
2025-11-04 14:13:36,589 [ERROR] 没有获取到热榜数据，退出。
2025-11-04 15:15:32,784 [INFO] 成功写入 10 条热搜到 hotresearch/2025_11_4/2025_11_4_15.txt
2025-11-04 15:15:33,392 [ERROR] 请求失败：401 Client Error: Authorization Required for url: https://www.zhihu.com/api/v3/feed/topstory/hot-lists/total?limit=50&desktop=true
2025-11-04 15:15:33,392 [ERROR] 没有获取到热榜数据，退出。
2025-11-04 16:16:24,796 [INFO] 成功写入 10 条热搜到 hotresearch/2025_11_4/2025_11_4_16.txt
2025-11-04 16:16:25,322 [ERROR] 请求失败：403 Client Error: Forbidden for url: https://www.zhihu.com/api/v3/feed/topstory/hot-lists/total?limit=50&desktop=true
2025-11-04 16:16:25,322 [ERROR] 没有获取到热榜数据，退出。
2025-11-04 17:10:26,126 [WARNING] Retrying (Retry(total=4, connect=None, read=None, redirect=None, status=None)) after connection broken by 'NewConnectionError('<urllib3.connection.HTTPSConnection object at 0x7f5f00d18d40>: Failed to establish a new connection: [Errno 101] Network is unreachable')': /api/v4/search/top_search
2025-11-04 17:10:38,137 [WARNING] Retrying (Retry(total=3, connect=None, read=None, redirect=None, status=None)) after connection broken by 'NewConnectionError('<urllib3.connection.HTTPSConnection object at 0x7f5f00a4ddf0>: Failed to establish a new connection: [Errno 101] Network is unreachable')': /api/v4/search/top_search
2025-11-04 17:10:52,149 [WARNING] Retrying (Retry(total=2, connect=None, read=None, redirect=None, status=None)) after connection broken by 'NewConnectionError('<urllib3.connection.HTTPSConnection object at 0x7f5f00a4e720>: Failed to establish a new connection: [Errno 101] Network is unreachable')': /api/v4/search/top_search
2025-11-04 17:11:10,160 [WARNING] Retrying (Retry(total=1, connect=None, read=None, redirect=None, status=None)) after connection broken by 'NewConnectionError('<urllib3.connection.HTTPSConnection object at 0x7f5f00a4e870>: Failed to establish a new connection: [Errno 101] Network is unreachable')': /api/v4/search/top_search
2025-11-04 17:11:36,172 [WARNING] Retrying (Retry(total=0, connect=None, read=None, redirect=None, status=None)) after connection broken by 'NewConnectionError('<urllib3.connection.HTTPSConnection object at 0x7f5f00a4e9c0>: Failed to establish a new connection: [Errno 101] Network is unreachable')': /api/v4/search/top_search
2025-11-04 17:11:46,351 [ERROR] 请求失败：HTTPSConnectionPool(host='www.zhihu.com', port=443): Max retries exceeded with url: /api/v4/search/top_search (Caused by NewConnectionError('<urllib3.connection.HTTPSConnection object at 0x7f5f00a4eb10>: Failed to establish a new connection: [Errno 101] Network is unreachable'))
2025-11-04 17:11:46,352 [ERROR] 没有获取到热搜数据，退出。
2025-11-04 17:11:56,469 [WARNING] Retrying (Retry(total=4, connect=None, read=None, redirect=None, status=None)) after connection broken by 'NewConnectionError('<urllib3.connection.HTTPSConnection object at 0x7f17e22f3ef0>: Failed to establish a new connection: [Errno 101] Network is unreachable')': /api/v3/feed/topstory/hot-lists/total?limit=50&desktop=true
2025-11-04 17:12:08,478 [WARNING] Retrying (Retry(total=3, connect=None, read=None, redirect=None, status=None)) after connection broken by 'NewConnectionError('<urllib3.connection.HTTPSConnection object at 0x7f17e1f6ae70>: Failed to establish a new connection: [Errno 101] Network is unreachable')': /api/v3/feed/topstory/hot-lists/total?limit=50&desktop=true
2025-11-04 17:12:22,490 [WARNING] Retrying (Retry(total=2, connect=None, read=None, redirect=None, status=None)) after connection broken by 'NewConnectionError('<urllib3.connection.HTTPSConnection object at 0x7f17e1f6b0b0>: Failed to establish a new connection: [Errno 101] Network is unreachable')': /api/v3/feed/topstory/hot-lists/total?limit=50&desktop=true
2025-11-04 17:12:40,501 [WARNING] Retrying (Retry(total=1, connect=None, read=None, redirect=None, status=None)) after connection broken by 'NewConnectionError('<urllib3.connection.HTTPSConnection object at 0x7f17e1f6b200>: Failed to establish a new connection: [Errno 101] Network is unreachable')': /api/v3/feed/topstory/hot-lists/total?limit=50&desktop=true
2025-11-04 17:13:06,657 [WARNING] Retrying (Retry(total=0, connect=None, read=None, redirect=None, status=None)) after connection broken by 'NewConnectionError('<urllib3.connection.HTTPSConnection object at 0x7f17e1f6b350>: Failed to establish a new connection: [Errno 101] Network is unreachable')': /api/v3/feed/topstory/hot-lists/total?limit=50&desktop=true
2025-11-04 17:13:16,668 [ERROR] 请求失败：HTTPSConnectionPool(host='www.zhihu.com', port=443): Max retries exceeded with url: /api/v3/feed/topstory/hot-lists/total?limit=50&desktop=true (Caused by NewConnectionError('<urllib3.connection.HTTPSConnection object at 0x7f17e1f6b4a0>: Failed to establish a new connection: [Errno 101] Network is unreachable'))
2025-11-04 17:13:16,668 [ERROR] 没有获取到热榜数据，退出。
2025-11-04 18:19:07,395 [INFO] 成功写入 10 条热搜到 hotresearch/2025_11_4/2025_11_4_18.txt
2025-11-04 18:19:07,809 [ERROR] 请求失败：401 Client Error: Authorization Required for url: https://www.zhihu.com/api/v3/feed/topstory/hot-lists/total?limit=50&desktop=true
2025-11-04 18:19:07,809 [ERROR] 没有获取到热榜数据，退出。
2025-11-04 19:10:45,714 [ERROR] 请求失败：403 Client Error: Forbidden for url: https://www.zhihu.com/api/v4/search/top_search
2025-11-04 19:10:45,714 [ERROR] 没有获取到热搜数据，退出。
2025-11-04 19:10:46,081 [ERROR] 请求失败：401 Client Error: Authorization Required for url: https://www.zhihu.com/api/v3/feed/topstory/hot-lists/total?limit=50&desktop=true
2025-11-04 19:10:46,081 [ERROR] 没有获取到热榜数据，退出。
2025-11-04 20:14:59,072 [INFO] 成功写入 10 条热搜到 hotresearch/2025_11_4/2025_11_4_20.txt
2025-11-04 20:14:59,575 [ERROR] 请求失败：401 Client Error: Authorization Required for url: https://www.zhihu.com/api/v3/feed/topstory/hot-lists/total?limit=50&desktop=true
2025-11-04 20:14:59,575 [ERROR] 没有获取到热榜数据，退出。
2025-11-04 21:12:07,775 [INFO] 成功写入 10 条热搜到 hotresearch/2025_11_4/2025_11_4_21.txt
2025-11-04 21:12:08,303 [ERROR] 请求失败：401 Client Error: Authorization Required for url: https://www.zhihu.com/api/v3/feed/topstory/hot-lists/total?limit=50&desktop=true
2025-11-04 21:12:08,303 [ERROR] 没有获取到热榜数据，退出。
