2025-05-20 01:04:28,335 [ERROR] 请求失败：403 Client Error: Forbidden for url: https://www.zhihu.com/api/v4/search/top_search
2025-05-20 01:04:28,335 [ERROR] 没有获取到热搜数据，退出。
2025-05-20 01:04:28,780 [ERROR] 请求失败：403 Client Error: Forbidden for url: https://www.zhihu.com/api/v3/feed/topstory/hot-lists/total?limit=50&desktop=true
2025-05-20 01:04:28,780 [ERROR] 没有获取到热榜数据，退出。
2025-05-20 03:07:40,239 [ERROR] 请求失败：403 Client Error: Forbidden for url: https://www.zhihu.com/api/v4/search/top_search
2025-05-20 03:07:40,239 [ERROR] 没有获取到热搜数据，退出。
2025-05-20 03:07:40,712 [ERROR] 请求失败：401 Client Error: Authorization Required for url: https://www.zhihu.com/api/v3/feed/topstory/hot-lists/total?limit=50&desktop=true
2025-05-20 03:07:40,712 [ERROR] 没有获取到热榜数据，退出。
2025-05-20 04:16:46,440 [ERROR] 请求失败：403 Client Error: Forbidden for url: https://www.zhihu.com/api/v4/search/top_search
2025-05-20 04:16:46,440 [ERROR] 没有获取到热搜数据，退出。
2025-05-20 04:16:47,002 [ERROR] 请求失败：403 Client Error: Forbidden for url: https://www.zhihu.com/api/v3/feed/topstory/hot-lists/total?limit=50&desktop=true
2025-05-20 04:16:47,002 [ERROR] 没有获取到热榜数据，退出。
2025-05-20 05:13:20,254 [ERROR] 请求失败：403 Client Error: Forbidden for url: https://www.zhihu.com/api/v4/search/top_search
2025-05-20 05:13:20,254 [ERROR] 没有获取到热搜数据，退出。
2025-05-20 05:13:20,709 [ERROR] 请求失败：403 Client Error: Forbidden for url: https://www.zhihu.com/api/v3/feed/topstory/hot-lists/total?limit=50&desktop=true
2025-05-20 05:13:20,709 [ERROR] 没有获取到热榜数据，退出。
2025-05-20 06:19:13,009 [ERROR] 请求失败：403 Client Error: Forbidden for url: https://www.zhihu.com/api/v4/search/top_search
2025-05-20 06:19:13,009 [ERROR] 没有获取到热搜数据，退出。
2025-05-20 06:19:13,525 [ERROR] 请求失败：401 Client Error: Authorization Required for url: https://www.zhihu.com/api/v3/feed/topstory/hot-lists/total?limit=50&desktop=true
2025-05-20 06:19:13,525 [ERROR] 没有获取到热榜数据，退出。
2025-05-20 07:13:13,181 [ERROR] 请求失败：403 Client Error: Forbidden for url: https://www.zhihu.com/api/v4/search/top_search
2025-05-20 07:13:13,181 [ERROR] 没有获取到热搜数据，退出。
2025-05-20 07:13:13,653 [ERROR] 请求失败：403 Client Error: Forbidden for url: https://www.zhihu.com/api/v3/feed/topstory/hot-lists/total?limit=50&desktop=true
2025-05-20 07:13:13,653 [ERROR] 没有获取到热榜数据，退出。
2025-05-20 08:18:23,024 [ERROR] 请求失败：403 Client Error: Forbidden for url: https://www.zhihu.com/api/v4/search/top_search
2025-05-20 08:18:23,024 [ERROR] 没有获取到热搜数据，退出。
2025-05-20 08:18:23,479 [ERROR] 请求失败：401 Client Error: Authorization Required for url: https://www.zhihu.com/api/v3/feed/topstory/hot-lists/total?limit=50&desktop=true
2025-05-20 08:18:23,479 [ERROR] 没有获取到热榜数据，退出。
2025-05-20 09:14:29,749 [ERROR] 请求失败：403 Client Error: Forbidden for url: https://www.zhihu.com/api/v4/search/top_search
2025-05-20 09:14:29,749 [ERROR] 没有获取到热搜数据，退出。
2025-05-20 09:14:30,239 [ERROR] 请求失败：401 Client Error: Authorization Required for url: https://www.zhihu.com/api/v3/feed/topstory/hot-lists/total?limit=50&desktop=true
2025-05-20 09:14:30,240 [ERROR] 没有获取到热榜数据，退出。
2025-05-20 10:14:36,279 [ERROR] 请求失败：403 Client Error: Forbidden for url: https://www.zhihu.com/api/v4/search/top_search
2025-05-20 10:14:36,279 [ERROR] 没有获取到热搜数据，退出。
2025-05-20 10:14:36,855 [ERROR] 请求失败：401 Client Error: Authorization Required for url: https://www.zhihu.com/api/v3/feed/topstory/hot-lists/total?limit=50&desktop=true
2025-05-20 10:14:36,855 [ERROR] 没有获取到热榜数据，退出。
2025-05-20 11:11:16,244 [ERROR] 请求失败：403 Client Error: Forbidden for url: https://www.zhihu.com/api/v4/search/top_search
2025-05-20 11:11:16,244 [ERROR] 没有获取到热搜数据，退出。
2025-05-20 11:11:16,815 [ERROR] 请求失败：401 Client Error: Authorization Required for url: https://www.zhihu.com/api/v3/feed/topstory/hot-lists/total?limit=50&desktop=true
2025-05-20 11:11:16,816 [ERROR] 没有获取到热榜数据，退出。
2025-05-20 12:26:42,569 [ERROR] 请求失败：403 Client Error: Forbidden for url: https://www.zhihu.com/api/v4/search/top_search
2025-05-20 12:26:42,569 [ERROR] 没有获取到热搜数据，退出。
2025-05-20 12:26:43,184 [ERROR] 请求失败：403 Client Error: Forbidden for url: https://www.zhihu.com/api/v3/feed/topstory/hot-lists/total?limit=50&desktop=true
2025-05-20 12:26:43,184 [ERROR] 没有获取到热榜数据，退出。
