2025-07-17 01:09:58,195 [ERROR] 请求失败：403 Client Error: Forbidden for url: https://www.zhihu.com/api/v4/search/top_search
2025-07-17 01:09:58,195 [ERROR] 没有获取到热搜数据，退出。
2025-07-17 01:09:58,670 [ERROR] 请求失败：401 Client Error: Authorization Required for url: https://www.zhihu.com/api/v3/feed/topstory/hot-lists/total?limit=50&desktop=true
2025-07-17 01:09:58,670 [ERROR] 没有获取到热榜数据，退出。
2025-07-17 03:22:59,709 [ERROR] 请求失败：403 Client Error: Forbidden for url: https://www.zhihu.com/api/v4/search/top_search
2025-07-17 03:22:59,710 [ERROR] 没有获取到热搜数据，退出。
2025-07-17 03:23:00,088 [ERROR] 请求失败：401 Client Error: Authorization Required for url: https://www.zhihu.com/api/v3/feed/topstory/hot-lists/total?limit=50&desktop=true
2025-07-17 03:23:00,088 [ERROR] 没有获取到热榜数据，退出。
2025-07-17 04:32:27,217 [ERROR] 请求失败：403 Client Error: Forbidden for url: https://www.zhihu.com/api/v4/search/top_search
2025-07-17 04:32:27,217 [ERROR] 没有获取到热搜数据，退出。
2025-07-17 04:32:27,570 [ERROR] 请求失败：403 Client Error: Forbidden for url: https://www.zhihu.com/api/v3/feed/topstory/hot-lists/total?limit=50&desktop=true
2025-07-17 04:32:27,570 [ERROR] 没有获取到热榜数据，退出。
2025-07-17 05:19:06,808 [ERROR] 请求失败：403 Client Error: Forbidden for url: https://www.zhihu.com/api/v4/search/top_search
2025-07-17 05:19:06,808 [ERROR] 没有获取到热搜数据，退出。
2025-07-17 05:19:07,286 [ERROR] 请求失败：403 Client Error: Forbidden for url: https://www.zhihu.com/api/v3/feed/topstory/hot-lists/total?limit=50&desktop=true
2025-07-17 05:19:07,286 [ERROR] 没有获取到热榜数据，退出。
2025-07-17 06:20:43,727 [ERROR] 请求失败：403 Client Error: Forbidden for url: https://www.zhihu.com/api/v4/search/top_search
2025-07-17 06:20:43,727 [ERROR] 没有获取到热搜数据，退出。
2025-07-17 06:20:44,216 [ERROR] 请求失败：401 Client Error: Authorization Required for url: https://www.zhihu.com/api/v3/feed/topstory/hot-lists/total?limit=50&desktop=true
2025-07-17 06:20:44,216 [ERROR] 没有获取到热榜数据，退出。
2025-07-17 07:16:22,925 [ERROR] 请求失败：403 Client Error: Forbidden for url: https://www.zhihu.com/api/v4/search/top_search
2025-07-17 07:16:22,925 [ERROR] 没有获取到热搜数据，退出。
2025-07-17 07:16:23,441 [ERROR] 请求失败：403 Client Error: Forbidden for url: https://www.zhihu.com/api/v3/feed/topstory/hot-lists/total?limit=50&desktop=true
2025-07-17 07:16:23,441 [ERROR] 没有获取到热榜数据，退出。
2025-07-17 08:19:05,468 [ERROR] 请求失败：403 Client Error: Forbidden for url: https://www.zhihu.com/api/v4/search/top_search
2025-07-17 08:19:05,468 [ERROR] 没有获取到热搜数据，退出。
2025-07-17 08:19:05,946 [ERROR] 请求失败：401 Client Error: Authorization Required for url: https://www.zhihu.com/api/v3/feed/topstory/hot-lists/total?limit=50&desktop=true
2025-07-17 08:19:05,946 [ERROR] 没有获取到热榜数据，退出。
2025-07-17 09:17:48,403 [ERROR] 请求失败：403 Client Error: Forbidden for url: https://www.zhihu.com/api/v4/search/top_search
2025-07-17 09:17:48,403 [ERROR] 没有获取到热搜数据，退出。
2025-07-17 09:17:48,848 [ERROR] 请求失败：401 Client Error: Authorization Required for url: https://www.zhihu.com/api/v3/feed/topstory/hot-lists/total?limit=50&desktop=true
2025-07-17 09:17:48,848 [ERROR] 没有获取到热榜数据，退出。
