2025-09-20 00:56:43,190 [ERROR] 请求失败：403 Client Error: Forbidden for url: https://www.zhihu.com/api/v4/search/top_search
2025-09-20 00:56:43,190 [ERROR] 没有获取到热搜数据，退出。
2025-09-20 00:56:43,624 [ERROR] 请求失败：403 Client Error: Forbidden for url: https://www.zhihu.com/api/v3/feed/topstory/hot-lists/total?limit=50&desktop=true
2025-09-20 00:56:43,624 [ERROR] 没有获取到热榜数据，退出。
2025-09-20 02:15:35,799 [ERROR] 请求失败：403 Client Error: Forbidden for url: https://www.zhihu.com/api/v4/search/top_search
2025-09-20 02:15:35,800 [ERROR] 没有获取到热搜数据，退出。
2025-09-20 02:15:36,138 [ERROR] 请求失败：401 Client Error: Authorization Required for url: https://www.zhihu.com/api/v3/feed/topstory/hot-lists/total?limit=50&desktop=true
2025-09-20 02:15:36,138 [ERROR] 没有获取到热榜数据，退出。
2025-09-20 03:21:49,669 [ERROR] 请求失败：403 Client Error: Forbidden for url: https://www.zhihu.com/api/v4/search/top_search
2025-09-20 03:21:49,669 [ERROR] 没有获取到热搜数据，退出。
2025-09-20 03:21:50,023 [ERROR] 请求失败：401 Client Error: Authorization Required for url: https://www.zhihu.com/api/v3/feed/topstory/hot-lists/total?limit=50&desktop=true
2025-09-20 03:21:50,023 [ERROR] 没有获取到热榜数据，退出。
2025-09-20 04:14:33,577 [ERROR] 请求失败：403 Client Error: Forbidden for url: https://www.zhihu.com/api/v4/search/top_search
2025-09-20 04:14:33,577 [ERROR] 没有获取到热搜数据，退出。
2025-09-20 04:14:34,021 [ERROR] 请求失败：401 Client Error: Authorization Required for url: https://www.zhihu.com/api/v3/feed/topstory/hot-lists/total?limit=50&desktop=true
2025-09-20 04:14:34,021 [ERROR] 没有获取到热榜数据，退出。
2025-09-20 05:11:51,908 [ERROR] 请求失败：403 Client Error: Forbidden for url: https://www.zhihu.com/api/v4/search/top_search
2025-09-20 05:11:51,908 [ERROR] 没有获取到热搜数据，退出。
2025-09-20 05:11:52,256 [ERROR] 请求失败：403 Client Error: Forbidden for url: https://www.zhihu.com/api/v3/feed/topstory/hot-lists/total?limit=50&desktop=true
2025-09-20 05:11:52,256 [ERROR] 没有获取到热榜数据，退出。
2025-09-20 06:16:47,394 [ERROR] 请求失败：403 Client Error: Forbidden for url: https://www.zhihu.com/api/v4/search/top_search
2025-09-20 06:16:47,394 [ERROR] 没有获取到热搜数据，退出。
2025-09-20 06:16:47,747 [ERROR] 请求失败：401 Client Error: Authorization Required for url: https://www.zhihu.com/api/v3/feed/topstory/hot-lists/total?limit=50&desktop=true
2025-09-20 06:16:47,747 [ERROR] 没有获取到热榜数据，退出。
2025-09-20 07:10:50,637 [ERROR] 请求失败：403 Client Error: Forbidden for url: https://www.zhihu.com/api/v4/search/top_search
2025-09-20 07:10:50,637 [ERROR] 没有获取到热搜数据，退出。
2025-09-20 07:10:51,118 [ERROR] 请求失败：401 Client Error: Authorization Required for url: https://www.zhihu.com/api/v3/feed/topstory/hot-lists/total?limit=50&desktop=true
2025-09-20 07:10:51,118 [ERROR] 没有获取到热榜数据，退出。
2025-09-20 08:15:09,467 [INFO] 成功写入 10 条热搜到 hotresearch/2025_9_20/2025_9_20_8.txt
2025-09-20 08:15:10,237 [ERROR] 请求失败：403 Client Error: Forbidden for url: https://www.zhihu.com/api/v3/feed/topstory/hot-lists/total?limit=50&desktop=true
2025-09-20 08:15:10,237 [ERROR] 没有获取到热榜数据，退出。
2025-09-20 09:11:48,899 [ERROR] 请求失败：403 Client Error: Forbidden for url: https://www.zhihu.com/api/v4/search/top_search
2025-09-20 09:11:48,900 [ERROR] 没有获取到热搜数据，退出。
2025-09-20 09:11:49,783 [ERROR] 请求失败：403 Client Error: Forbidden for url: https://www.zhihu.com/api/v3/feed/topstory/hot-lists/total?limit=50&desktop=true
2025-09-20 09:11:49,783 [ERROR] 没有获取到热榜数据，退出。
2025-09-20 10:11:38,906 [ERROR] 请求失败：403 Client Error: Forbidden for url: https://www.zhihu.com/api/v4/search/top_search
2025-09-20 10:11:38,906 [ERROR] 没有获取到热搜数据，退出。
2025-09-20 10:11:39,356 [ERROR] 请求失败：401 Client Error: Authorization Required for url: https://www.zhihu.com/api/v3/feed/topstory/hot-lists/total?limit=50&desktop=true
2025-09-20 10:11:39,356 [ERROR] 没有获取到热榜数据，退出。
2025-09-20 11:09:18,175 [ERROR] 请求失败：403 Client Error: Forbidden for url: https://www.zhihu.com/api/v4/search/top_search
2025-09-20 11:09:18,175 [ERROR] 没有获取到热搜数据，退出。
2025-09-20 11:09:18,584 [ERROR] 请求失败：403 Client Error: Forbidden for url: https://www.zhihu.com/api/v3/feed/topstory/hot-lists/total?limit=50&desktop=true
2025-09-20 11:09:18,584 [ERROR] 没有获取到热榜数据，退出。
2025-09-20 12:22:13,392 [ERROR] 请求失败：403 Client Error: Forbidden for url: https://www.zhihu.com/api/v4/search/top_search
2025-09-20 12:22:13,392 [ERROR] 没有获取到热搜数据，退出。
2025-09-20 12:22:13,838 [ERROR] 请求失败：401 Client Error: Authorization Required for url: https://www.zhihu.com/api/v3/feed/topstory/hot-lists/total?limit=50&desktop=true
2025-09-20 12:22:13,838 [ERROR] 没有获取到热榜数据，退出。
2025-09-20 13:17:10,145 [ERROR] 请求失败：403 Client Error: Forbidden for url: https://www.zhihu.com/api/v4/search/top_search
2025-09-20 13:17:10,145 [ERROR] 没有获取到热搜数据，退出。
2025-09-20 13:17:10,592 [ERROR] 请求失败：401 Client Error: Authorization Required for url: https://www.zhihu.com/api/v3/feed/topstory/hot-lists/total?limit=50&desktop=true
2025-09-20 13:17:10,593 [ERROR] 没有获取到热榜数据，退出。
2025-09-20 14:09:52,308 [INFO] 成功写入 10 条热搜到 hotresearch/2025_9_20/2025_9_20_14.txt
2025-09-20 14:09:53,137 [ERROR] 请求失败：403 Client Error: Forbidden for url: https://www.zhihu.com/api/v3/feed/topstory/hot-lists/total?limit=50&desktop=true
2025-09-20 14:09:53,137 [ERROR] 没有获取到热榜数据，退出。
2025-09-20 15:10:43,342 [ERROR] 请求失败：403 Client Error: Forbidden for url: https://www.zhihu.com/api/v4/search/top_search
2025-09-20 15:10:43,342 [ERROR] 没有获取到热搜数据，退出。
2025-09-20 15:10:43,686 [ERROR] 请求失败：401 Client Error: Authorization Required for url: https://www.zhihu.com/api/v3/feed/topstory/hot-lists/total?limit=50&desktop=true
2025-09-20 15:10:43,686 [ERROR] 没有获取到热榜数据，退出。
2025-09-20 16:13:27,807 [ERROR] 请求失败：403 Client Error: Forbidden for url: https://www.zhihu.com/api/v4/search/top_search
2025-09-20 16:13:27,807 [ERROR] 没有获取到热搜数据，退出。
2025-09-20 16:13:28,178 [ERROR] 请求失败：401 Client Error: Authorization Required for url: https://www.zhihu.com/api/v3/feed/topstory/hot-lists/total?limit=50&desktop=true
2025-09-20 16:13:28,179 [ERROR] 没有获取到热榜数据，退出。
2025-09-20 17:08:55,165 [ERROR] 请求失败：403 Client Error: Forbidden for url: https://www.zhihu.com/api/v4/search/top_search
2025-09-20 17:08:55,165 [ERROR] 没有获取到热搜数据，退出。
2025-09-20 17:08:56,115 [ERROR] 请求失败：403 Client Error: Forbidden for url: https://www.zhihu.com/api/v3/feed/topstory/hot-lists/total?limit=50&desktop=true
2025-09-20 17:08:56,116 [ERROR] 没有获取到热榜数据，退出。
2025-09-20 18:14:41,052 [ERROR] 请求失败：403 Client Error: Forbidden for url: https://www.zhihu.com/api/v4/search/top_search
2025-09-20 18:14:41,052 [ERROR] 没有获取到热搜数据，退出。
2025-09-20 18:14:41,895 [ERROR] 请求失败：401 Client Error: Authorization Required for url: https://www.zhihu.com/api/v3/feed/topstory/hot-lists/total?limit=50&desktop=true
2025-09-20 18:14:41,895 [ERROR] 没有获取到热榜数据，退出。
2025-09-20 19:08:07,817 [ERROR] 请求失败：403 Client Error: Forbidden for url: https://www.zhihu.com/api/v4/search/top_search
2025-09-20 19:08:07,817 [ERROR] 没有获取到热搜数据，退出。
2025-09-20 19:08:08,658 [ERROR] 请求失败：401 Client Error: Authorization Required for url: https://www.zhihu.com/api/v3/feed/topstory/hot-lists/total?limit=50&desktop=true
2025-09-20 19:08:08,658 [ERROR] 没有获取到热榜数据，退出。
2025-09-20 20:11:52,824 [ERROR] 请求失败：403 Client Error: Forbidden for url: https://www.zhihu.com/api/v4/search/top_search
2025-09-20 20:11:52,824 [ERROR] 没有获取到热搜数据，退出。
2025-09-20 20:11:53,281 [ERROR] 请求失败：401 Client Error: Authorization Required for url: https://www.zhihu.com/api/v3/feed/topstory/hot-lists/total?limit=50&desktop=true
2025-09-20 20:11:53,281 [ERROR] 没有获取到热榜数据，退出。
2025-09-20 21:09:44,915 [ERROR] 请求失败：403 Client Error: Forbidden for url: https://www.zhihu.com/api/v4/search/top_search
2025-09-20 21:09:44,915 [ERROR] 没有获取到热搜数据，退出。
2025-09-20 21:09:45,852 [ERROR] 请求失败：401 Client Error: Authorization Required for url: https://www.zhihu.com/api/v3/feed/topstory/hot-lists/total?limit=50&desktop=true
2025-09-20 21:09:45,852 [ERROR] 没有获取到热榜数据，退出。
