2025-09-12 00:56:47,889 [ERROR] 请求失败：403 Client Error: Forbidden for url: https://www.zhihu.com/api/v4/search/top_search
2025-09-12 00:56:47,889 [ERROR] 没有获取到热搜数据，退出。
2025-09-12 00:56:48,393 [ERROR] 请求失败：403 Client Error: Forbidden for url: https://www.zhihu.com/api/v3/feed/topstory/hot-lists/total?limit=50&desktop=true
2025-09-12 00:56:48,393 [ERROR] 没有获取到热榜数据，退出。
2025-09-12 02:16:32,294 [ERROR] 请求失败：403 Client Error: Forbidden for url: https://www.zhihu.com/api/v4/search/top_search
2025-09-12 02:16:32,294 [ERROR] 没有获取到热搜数据，退出。
2025-09-12 02:16:32,656 [ERROR] 请求失败：401 Client Error: Authorization Required for url: https://www.zhihu.com/api/v3/feed/topstory/hot-lists/total?limit=50&desktop=true
2025-09-12 02:16:32,657 [ERROR] 没有获取到热榜数据，退出。
2025-09-12 03:21:42,660 [ERROR] 请求失败：403 Client Error: Forbidden for url: https://www.zhihu.com/api/v4/search/top_search
2025-09-12 03:21:42,660 [ERROR] 没有获取到热搜数据，退出。
2025-09-12 03:21:43,228 [ERROR] 请求失败：401 Client Error: Authorization Required for url: https://www.zhihu.com/api/v3/feed/topstory/hot-lists/total?limit=50&desktop=true
2025-09-12 03:21:43,228 [ERROR] 没有获取到热榜数据，退出。
2025-09-12 04:14:27,750 [ERROR] 请求失败：403 Client Error: Forbidden for url: https://www.zhihu.com/api/v4/search/top_search
2025-09-12 04:14:27,750 [ERROR] 没有获取到热搜数据，退出。
2025-09-12 04:14:28,260 [ERROR] 请求失败：403 Client Error: Forbidden for url: https://www.zhihu.com/api/v3/feed/topstory/hot-lists/total?limit=50&desktop=true
2025-09-12 04:14:28,260 [ERROR] 没有获取到热榜数据，退出。
2025-09-12 05:11:50,468 [ERROR] 请求失败：403 Client Error: Forbidden for url: https://www.zhihu.com/api/v4/search/top_search
2025-09-12 05:11:50,469 [ERROR] 没有获取到热搜数据，退出。
2025-09-12 05:11:50,929 [ERROR] 请求失败：401 Client Error: Authorization Required for url: https://www.zhihu.com/api/v3/feed/topstory/hot-lists/total?limit=50&desktop=true
2025-09-12 05:11:50,929 [ERROR] 没有获取到热榜数据，退出。
2025-09-12 06:18:19,346 [ERROR] 请求失败：403 Client Error: Forbidden for url: https://www.zhihu.com/api/v4/search/top_search
2025-09-12 06:18:19,346 [ERROR] 没有获取到热搜数据，退出。
2025-09-12 06:18:19,754 [ERROR] 请求失败：401 Client Error: Authorization Required for url: https://www.zhihu.com/api/v3/feed/topstory/hot-lists/total?limit=50&desktop=true
2025-09-12 06:18:19,754 [ERROR] 没有获取到热榜数据，退出。
2025-09-12 07:11:57,000 [ERROR] 请求失败：403 Client Error: Forbidden for url: https://www.zhihu.com/api/v4/search/top_search
2025-09-12 07:11:57,000 [ERROR] 没有获取到热搜数据，退出。
2025-09-12 07:11:57,446 [ERROR] 请求失败：401 Client Error: Authorization Required for url: https://www.zhihu.com/api/v3/feed/topstory/hot-lists/total?limit=50&desktop=true
2025-09-12 07:11:57,446 [ERROR] 没有获取到热榜数据，退出。
2025-09-12 08:16:02,088 [ERROR] 请求失败：403 Client Error: Forbidden for url: https://www.zhihu.com/api/v4/search/top_search
2025-09-12 08:16:02,088 [ERROR] 没有获取到热搜数据，退出。
2025-09-12 08:16:02,726 [ERROR] 请求失败：403 Client Error: Forbidden for url: https://www.zhihu.com/api/v3/feed/topstory/hot-lists/total?limit=50&desktop=true
2025-09-12 08:16:02,726 [ERROR] 没有获取到热榜数据，退出。
2025-09-12 09:12:35,404 [ERROR] 请求失败：403 Client Error: Forbidden for url: https://www.zhihu.com/api/v4/search/top_search
2025-09-12 09:12:35,404 [ERROR] 没有获取到热搜数据，退出。
2025-09-12 09:12:35,857 [ERROR] 请求失败：401 Client Error: Authorization Required for url: https://www.zhihu.com/api/v3/feed/topstory/hot-lists/total?limit=50&desktop=true
2025-09-12 09:12:35,857 [ERROR] 没有获取到热榜数据，退出。
2025-09-12 10:13:14,198 [ERROR] 请求失败：403 Client Error: Forbidden for url: https://www.zhihu.com/api/v4/search/top_search
2025-09-12 10:13:14,198 [ERROR] 没有获取到热搜数据，退出。
2025-09-12 10:13:14,627 [ERROR] 请求失败：401 Client Error: Authorization Required for url: https://www.zhihu.com/api/v3/feed/topstory/hot-lists/total?limit=50&desktop=true
2025-09-12 10:13:14,627 [ERROR] 没有获取到热榜数据，退出。
2025-09-12 11:09:46,541 [ERROR] 请求失败：403 Client Error: Forbidden for url: https://www.zhihu.com/api/v4/search/top_search
2025-09-12 11:09:46,541 [ERROR] 没有获取到热搜数据，退出。
2025-09-12 11:09:46,900 [ERROR] 请求失败：401 Client Error: Authorization Required for url: https://www.zhihu.com/api/v3/feed/topstory/hot-lists/total?limit=50&desktop=true
2025-09-12 11:09:46,901 [ERROR] 没有获取到热榜数据，退出。
2025-09-12 12:24:12,062 [WARNING] Retrying (Retry(total=4, connect=None, read=None, redirect=None, status=None)) after connection broken by 'NewConnectionError('<urllib3.connection.HTTPSConnection object at 0x7f9eda64a6c0>: Failed to establish a new connection: [Errno 101] Network is unreachable')': /api/v4/search/top_search
2025-09-12 12:24:24,074 [WARNING] Retrying (Retry(total=3, connect=None, read=None, redirect=None, status=None)) after connection broken by 'NewConnectionError('<urllib3.connection.HTTPSConnection object at 0x7f9edb498b60>: Failed to establish a new connection: [Errno 101] Network is unreachable')': /api/v4/search/top_search
2025-09-12 12:24:38,085 [WARNING] Retrying (Retry(total=2, connect=None, read=None, redirect=None, status=None)) after connection broken by 'NewConnectionError('<urllib3.connection.HTTPSConnection object at 0x7f9eda64a7b0>: Failed to establish a new connection: [Errno 101] Network is unreachable')': /api/v4/search/top_search
2025-09-12 12:24:56,097 [WARNING] Retrying (Retry(total=1, connect=None, read=None, redirect=None, status=None)) after connection broken by 'NewConnectionError('<urllib3.connection.HTTPSConnection object at 0x7f9eda64a900>: Failed to establish a new connection: [Errno 101] Network is unreachable')': /api/v4/search/top_search
2025-09-12 12:25:22,108 [WARNING] Retrying (Retry(total=0, connect=None, read=None, redirect=None, status=None)) after connection broken by 'NewConnectionError('<urllib3.connection.HTTPSConnection object at 0x7f9eda64aa50>: Failed to establish a new connection: [Errno 101] Network is unreachable')': /api/v4/search/top_search
2025-09-12 12:25:32,341 [ERROR] 请求失败：HTTPSConnectionPool(host='www.zhihu.com', port=443): Max retries exceeded with url: /api/v4/search/top_search (Caused by NewConnectionError('<urllib3.connection.HTTPSConnection object at 0x7f9eda64aba0>: Failed to establish a new connection: [Errno 101] Network is unreachable'))
2025-09-12 12:25:32,341 [ERROR] 没有获取到热搜数据，退出。
2025-09-12 12:25:42,459 [WARNING] Retrying (Retry(total=4, connect=None, read=None, redirect=None, status=None)) after connection broken by 'NewConnectionError('<urllib3.connection.HTTPSConnection object at 0x7fd53e617fb0>: Failed to establish a new connection: [Errno 101] Network is unreachable')': /api/v3/feed/topstory/hot-lists/total?limit=50&desktop=true
2025-09-12 12:25:54,470 [WARNING] Retrying (Retry(total=3, connect=None, read=None, redirect=None, status=None)) after connection broken by 'NewConnectionError('<urllib3.connection.HTTPSConnection object at 0x7fd53dcc2b70>: Failed to establish a new connection: [Errno 101] Network is unreachable')': /api/v3/feed/topstory/hot-lists/total?limit=50&desktop=true
2025-09-12 12:26:08,479 [WARNING] Retrying (Retry(total=2, connect=None, read=None, redirect=None, status=None)) after connection broken by 'NewConnectionError('<urllib3.connection.HTTPSConnection object at 0x7fd53dcc2db0>: Failed to establish a new connection: [Errno 101] Network is unreachable')': /api/v3/feed/topstory/hot-lists/total?limit=50&desktop=true
2025-09-12 12:26:26,490 [WARNING] Retrying (Retry(total=1, connect=None, read=None, redirect=None, status=None)) after connection broken by 'NewConnectionError('<urllib3.connection.HTTPSConnection object at 0x7fd53dcc2f00>: Failed to establish a new connection: [Errno 101] Network is unreachable')': /api/v3/feed/topstory/hot-lists/total?limit=50&desktop=true
2025-09-12 12:26:52,632 [WARNING] Retrying (Retry(total=0, connect=None, read=None, redirect=None, status=None)) after connection broken by 'NewConnectionError('<urllib3.connection.HTTPSConnection object at 0x7fd53dcc3050>: Failed to establish a new connection: [Errno 101] Network is unreachable')': /api/v3/feed/topstory/hot-lists/total?limit=50&desktop=true
2025-09-12 12:27:02,633 [ERROR] 请求失败：HTTPSConnectionPool(host='www.zhihu.com', port=443): Max retries exceeded with url: /api/v3/feed/topstory/hot-lists/total?limit=50&desktop=true (Caused by NewConnectionError('<urllib3.connection.HTTPSConnection object at 0x7fd53dcc31a0>: Failed to establish a new connection: [Errno 101] Network is unreachable'))
2025-09-12 12:27:02,633 [ERROR] 没有获取到热榜数据，退出。
2025-09-12 13:20:05,468 [ERROR] 请求失败：403 Client Error: Forbidden for url: https://www.zhihu.com/api/v4/search/top_search
2025-09-12 13:20:05,468 [ERROR] 没有获取到热搜数据，退出。
2025-09-12 13:20:05,878 [ERROR] 请求失败：401 Client Error: Authorization Required for url: https://www.zhihu.com/api/v3/feed/topstory/hot-lists/total?limit=50&desktop=true
2025-09-12 13:20:05,878 [ERROR] 没有获取到热榜数据，退出。
2025-09-12 14:11:44,108 [INFO] 成功写入 10 条热搜到 hotresearch/2025_9_12/2025_9_12_14.txt
2025-09-12 14:11:44,693 [ERROR] 请求失败：403 Client Error: Forbidden for url: https://www.zhihu.com/api/v3/feed/topstory/hot-lists/total?limit=50&desktop=true
2025-09-12 14:11:44,693 [ERROR] 没有获取到热榜数据，退出。
2025-09-12 15:12:20,231 [ERROR] 请求失败：403 Client Error: Forbidden for url: https://www.zhihu.com/api/v4/search/top_search
2025-09-12 15:12:20,232 [ERROR] 没有获取到热搜数据，退出。
2025-09-12 15:12:20,655 [ERROR] 请求失败：401 Client Error: Authorization Required for url: https://www.zhihu.com/api/v3/feed/topstory/hot-lists/total?limit=50&desktop=true
2025-09-12 15:12:20,655 [ERROR] 没有获取到热榜数据，退出。
2025-09-12 16:12:38,202 [ERROR] 请求失败：403 Client Error: Forbidden for url: https://www.zhihu.com/api/v4/search/top_search
2025-09-12 16:12:38,203 [ERROR] 没有获取到热搜数据，退出。
2025-09-12 16:12:38,610 [ERROR] 请求失败：401 Client Error: Authorization Required for url: https://www.zhihu.com/api/v3/feed/topstory/hot-lists/total?limit=50&desktop=true
2025-09-12 16:12:38,610 [ERROR] 没有获取到热榜数据，退出。
2025-09-12 17:09:53,058 [ERROR] 请求失败：403 Client Error: Forbidden for url: https://www.zhihu.com/api/v4/search/top_search
2025-09-12 17:09:53,058 [ERROR] 没有获取到热搜数据，退出。
2025-09-12 17:09:53,507 [ERROR] 请求失败：401 Client Error: Authorization Required for url: https://www.zhihu.com/api/v3/feed/topstory/hot-lists/total?limit=50&desktop=true
2025-09-12 17:09:53,507 [ERROR] 没有获取到热榜数据，退出。
2025-09-12 18:15:10,119 [ERROR] 请求失败：403 Client Error: Forbidden for url: https://www.zhihu.com/api/v4/search/top_search
2025-09-12 18:15:10,119 [ERROR] 没有获取到热搜数据，退出。
2025-09-12 18:15:11,090 [ERROR] 请求失败：401 Client Error: Authorization Required for url: https://www.zhihu.com/api/v3/feed/topstory/hot-lists/total?limit=50&desktop=true
2025-09-12 18:15:11,090 [ERROR] 没有获取到热榜数据，退出。
2025-09-12 19:09:20,662 [ERROR] 请求失败：403 Client Error: Forbidden for url: https://www.zhihu.com/api/v4/search/top_search
2025-09-12 19:09:20,662 [ERROR] 没有获取到热搜数据，退出。
2025-09-12 19:09:21,014 [ERROR] 请求失败：401 Client Error: Authorization Required for url: https://www.zhihu.com/api/v3/feed/topstory/hot-lists/total?limit=50&desktop=true
2025-09-12 19:09:21,014 [ERROR] 没有获取到热榜数据，退出。
2025-09-12 20:12:54,525 [ERROR] 请求失败：403 Client Error: Forbidden for url: https://www.zhihu.com/api/v4/search/top_search
2025-09-12 20:12:54,525 [ERROR] 没有获取到热搜数据，退出。
2025-09-12 20:12:54,931 [ERROR] 请求失败：401 Client Error: Authorization Required for url: https://www.zhihu.com/api/v3/feed/topstory/hot-lists/total?limit=50&desktop=true
2025-09-12 20:12:54,931 [ERROR] 没有获取到热榜数据，退出。
2025-09-12 21:10:08,682 [ERROR] 请求失败：403 Client Error: Forbidden for url: https://www.zhihu.com/api/v4/search/top_search
2025-09-12 21:10:08,682 [ERROR] 没有获取到热搜数据，退出。
2025-09-12 21:10:09,097 [ERROR] 请求失败：401 Client Error: Authorization Required for url: https://www.zhihu.com/api/v3/feed/topstory/hot-lists/total?limit=50&desktop=true
2025-09-12 21:10:09,097 [ERROR] 没有获取到热榜数据，退出。
2025-09-12 22:10:47,324 [ERROR] 请求失败：403 Client Error: Forbidden for url: https://www.zhihu.com/api/v4/search/top_search
2025-09-12 22:10:47,324 [ERROR] 没有获取到热搜数据，退出。
2025-09-12 22:10:47,795 [ERROR] 请求失败：401 Client Error: Authorization Required for url: https://www.zhihu.com/api/v3/feed/topstory/hot-lists/total?limit=50&desktop=true
2025-09-12 22:10:47,795 [ERROR] 没有获取到热榜数据，退出。
2025-09-12 23:10:34,571 [ERROR] 请求失败：403 Client Error: Forbidden for url: https://www.zhihu.com/api/v4/search/top_search
2025-09-12 23:10:34,571 [ERROR] 没有获取到热搜数据，退出。
2025-09-12 23:10:34,941 [ERROR] 请求失败：401 Client Error: Authorization Required for url: https://www.zhihu.com/api/v3/feed/topstory/hot-lists/total?limit=50&desktop=true
2025-09-12 23:10:34,941 [ERROR] 没有获取到热榜数据，退出。
