2025-06-03 01:05:29,958 [ERROR] 请求失败：403 Client Error: Forbidden for url: https://www.zhihu.com/api/v4/search/top_search
2025-06-03 01:05:29,958 [ERROR] 没有获取到热搜数据，退出。
2025-06-03 01:05:30,469 [ERROR] 请求失败：403 Client Error: Forbidden for url: https://www.zhihu.com/api/v3/feed/topstory/hot-lists/total?limit=50&desktop=true
2025-06-03 01:05:30,469 [ERROR] 没有获取到热榜数据，退出。
2025-06-03 03:11:18,919 [ERROR] 请求失败：403 Client Error: Forbidden for url: https://www.zhihu.com/api/v4/search/top_search
2025-06-03 03:11:18,919 [ERROR] 没有获取到热搜数据，退出。
2025-06-03 03:11:19,263 [ERROR] 请求失败：401 Client Error: Authorization Required for url: https://www.zhihu.com/api/v3/feed/topstory/hot-lists/total?limit=50&desktop=true
2025-06-03 03:11:19,264 [ERROR] 没有获取到热榜数据，退出。
2025-06-03 04:20:09,247 [ERROR] 请求失败：403 Client Error: Forbidden for url: https://www.zhihu.com/api/v4/search/top_search
2025-06-03 04:20:09,247 [ERROR] 没有获取到热搜数据，退出。
2025-06-03 04:20:09,692 [ERROR] 请求失败：403 Client Error: Forbidden for url: https://www.zhihu.com/api/v3/feed/topstory/hot-lists/total?limit=50&desktop=true
2025-06-03 04:20:09,692 [ERROR] 没有获取到热榜数据，退出。
2025-06-03 05:14:10,199 [ERROR] 请求失败：403 Client Error: Forbidden for url: https://www.zhihu.com/api/v4/search/top_search
2025-06-03 05:14:10,199 [ERROR] 没有获取到热搜数据，退出。
2025-06-03 05:14:10,639 [ERROR] 请求失败：403 Client Error: Forbidden for url: https://www.zhihu.com/api/v3/feed/topstory/hot-lists/total?limit=50&desktop=true
2025-06-03 05:14:10,639 [ERROR] 没有获取到热榜数据，退出。
2025-06-03 06:19:41,074 [ERROR] 请求失败：403 Client Error: Forbidden for url: https://www.zhihu.com/api/v4/search/top_search
2025-06-03 06:19:41,074 [ERROR] 没有获取到热搜数据，退出。
2025-06-03 06:19:41,594 [ERROR] 请求失败：403 Client Error: Forbidden for url: https://www.zhihu.com/api/v3/feed/topstory/hot-lists/total?limit=50&desktop=true
2025-06-03 06:19:41,594 [ERROR] 没有获取到热榜数据，退出。
2025-06-03 07:13:48,875 [INFO] 成功写入 10 条热搜到 hotresearch/2025_6_3/2025_6_3_7.txt
2025-06-03 07:13:49,381 [ERROR] 请求失败：403 Client Error: Forbidden for url: https://www.zhihu.com/api/v3/feed/topstory/hot-lists/total?limit=50&desktop=true
2025-06-03 07:13:49,381 [ERROR] 没有获取到热榜数据，退出。
2025-06-03 08:19:00,628 [ERROR] 请求失败：403 Client Error: Forbidden for url: https://www.zhihu.com/api/v4/search/top_search
2025-06-03 08:19:00,628 [ERROR] 没有获取到热搜数据，退出。
2025-06-03 08:19:00,966 [ERROR] 请求失败：401 Client Error: Authorization Required for url: https://www.zhihu.com/api/v3/feed/topstory/hot-lists/total?limit=50&desktop=true
2025-06-03 08:19:00,966 [ERROR] 没有获取到热榜数据，退出。
2025-06-03 09:14:47,370 [ERROR] 请求失败：403 Client Error: Forbidden for url: https://www.zhihu.com/api/v4/search/top_search
2025-06-03 09:14:47,370 [ERROR] 没有获取到热搜数据，退出。
2025-06-03 09:14:47,851 [ERROR] 请求失败：401 Client Error: Authorization Required for url: https://www.zhihu.com/api/v3/feed/topstory/hot-lists/total?limit=50&desktop=true
2025-06-03 09:14:47,851 [ERROR] 没有获取到热榜数据，退出。
2025-06-03 10:14:33,399 [ERROR] 请求失败：403 Client Error: Forbidden for url: https://www.zhihu.com/api/v4/search/top_search
2025-06-03 10:14:33,399 [ERROR] 没有获取到热搜数据，退出。
2025-06-03 10:14:33,889 [ERROR] 请求失败：403 Client Error: Forbidden for url: https://www.zhihu.com/api/v3/feed/topstory/hot-lists/total?limit=50&desktop=true
2025-06-03 10:14:33,889 [ERROR] 没有获取到热榜数据，退出。
2025-06-03 11:11:38,132 [ERROR] 请求失败：403 Client Error: Forbidden for url: https://www.zhihu.com/api/v4/search/top_search
2025-06-03 11:11:38,132 [ERROR] 没有获取到热搜数据，退出。
2025-06-03 11:11:38,583 [ERROR] 请求失败：401 Client Error: Authorization Required for url: https://www.zhihu.com/api/v3/feed/topstory/hot-lists/total?limit=50&desktop=true
2025-06-03 11:11:38,583 [ERROR] 没有获取到热榜数据，退出。
2025-06-03 12:26:39,089 [ERROR] 请求失败：403 Client Error: Forbidden for url: https://www.zhihu.com/api/v4/search/top_search
2025-06-03 12:26:39,090 [ERROR] 没有获取到热搜数据，退出。
2025-06-03 12:26:39,543 [ERROR] 请求失败：401 Client Error: Authorization Required for url: https://www.zhihu.com/api/v3/feed/topstory/hot-lists/total?limit=50&desktop=true
2025-06-03 12:26:39,543 [ERROR] 没有获取到热榜数据，退出。
2025-06-03 13:28:21,321 [ERROR] 请求失败：403 Client Error: Forbidden for url: https://www.zhihu.com/api/v4/search/top_search
2025-06-03 13:28:21,322 [ERROR] 没有获取到热搜数据，退出。
2025-06-03 13:28:21,671 [ERROR] 请求失败：401 Client Error: Authorization Required for url: https://www.zhihu.com/api/v3/feed/topstory/hot-lists/total?limit=50&desktop=true
2025-06-03 13:28:21,672 [ERROR] 没有获取到热榜数据，退出。
2025-06-03 14:13:53,167 [ERROR] 请求失败：403 Client Error: Forbidden for url: https://www.zhihu.com/api/v4/search/top_search
2025-06-03 14:13:53,167 [ERROR] 没有获取到热搜数据，退出。
2025-06-03 14:13:53,511 [ERROR] 请求失败：401 Client Error: Authorization Required for url: https://www.zhihu.com/api/v3/feed/topstory/hot-lists/total?limit=50&desktop=true
2025-06-03 14:13:53,511 [ERROR] 没有获取到热榜数据，退出。
2025-06-03 15:14:54,682 [ERROR] 请求失败：403 Client Error: Forbidden for url: https://www.zhihu.com/api/v4/search/top_search
2025-06-03 15:14:54,682 [ERROR] 没有获取到热搜数据，退出。
2025-06-03 15:14:55,165 [ERROR] 请求失败：401 Client Error: Authorization Required for url: https://www.zhihu.com/api/v3/feed/topstory/hot-lists/total?limit=50&desktop=true
2025-06-03 15:14:55,165 [ERROR] 没有获取到热榜数据，退出。
2025-06-03 16:17:53,344 [ERROR] 请求失败：403 Client Error: Forbidden for url: https://www.zhihu.com/api/v4/search/top_search
2025-06-03 16:17:53,344 [ERROR] 没有获取到热搜数据，退出。
2025-06-03 16:17:53,701 [ERROR] 请求失败：401 Client Error: Authorization Required for url: https://www.zhihu.com/api/v3/feed/topstory/hot-lists/total?limit=50&desktop=true
2025-06-03 16:17:53,701 [ERROR] 没有获取到热榜数据，退出。
