2025-11-28 01:01:20,236 [INFO] 成功写入 10 条热搜到 hotresearch/2025_11_28/2025_11_28_1.txt
2025-11-28 01:01:20,791 [ERROR] 请求失败：403 Client Error: Forbidden for url: https://www.zhihu.com/api/v3/feed/topstory/hot-lists/total?limit=50&desktop=true
2025-11-28 01:01:20,791 [ERROR] 没有获取到热榜数据，退出。
2025-11-28 03:05:30,465 [INFO] 成功写入 10 条热搜到 hotresearch/2025_11_28/2025_11_28_3.txt
2025-11-28 03:05:30,817 [ERROR] 请求失败：401 Client Error: Authorization Required for url: https://www.zhihu.com/api/v3/feed/topstory/hot-lists/total?limit=50&desktop=true
2025-11-28 03:05:30,817 [ERROR] 没有获取到热榜数据，退出。
2025-11-28 04:17:12,869 [INFO] 成功写入 10 条热搜到 hotresearch/2025_11_28/2025_11_28_4.txt
2025-11-28 04:17:13,327 [ERROR] 请求失败：401 Client Error: Authorization Required for url: https://www.zhihu.com/api/v3/feed/topstory/hot-lists/total?limit=50&desktop=true
2025-11-28 04:17:13,327 [ERROR] 没有获取到热榜数据，退出。
2025-11-28 05:14:35,797 [INFO] 成功写入 10 条热搜到 hotresearch/2025_11_28/2025_11_28_5.txt
2025-11-28 05:14:36,258 [ERROR] 请求失败：401 Client Error: Authorization Required for url: https://www.zhihu.com/api/v3/feed/topstory/hot-lists/total?limit=50&desktop=true
2025-11-28 05:14:36,258 [ERROR] 没有获取到热榜数据，退出。
2025-11-28 06:21:41,371 [INFO] 成功写入 10 条热搜到 hotresearch/2025_11_28/2025_11_28_6.txt
2025-11-28 06:21:41,875 [ERROR] 请求失败：401 Client Error: Authorization Required for url: https://www.zhihu.com/api/v3/feed/topstory/hot-lists/total?limit=50&desktop=true
2025-11-28 06:21:41,875 [ERROR] 没有获取到热榜数据，退出。
2025-11-28 07:14:01,712 [INFO] 成功写入 10 条热搜到 hotresearch/2025_11_28/2025_11_28_7.txt
2025-11-28 07:14:02,316 [ERROR] 请求失败：401 Client Error: Authorization Required for url: https://www.zhihu.com/api/v3/feed/topstory/hot-lists/total?limit=50&desktop=true
2025-11-28 07:14:02,316 [ERROR] 没有获取到热榜数据，退出。
2025-11-28 08:19:02,351 [INFO] 成功写入 10 条热搜到 hotresearch/2025_11_28/2025_11_28_8.txt
2025-11-28 08:19:02,831 [ERROR] 请求失败：403 Client Error: Forbidden for url: https://www.zhihu.com/api/v3/feed/topstory/hot-lists/total?limit=50&desktop=true
2025-11-28 08:19:02,832 [ERROR] 没有获取到热榜数据，退出。
2025-11-28 09:14:33,549 [INFO] 成功写入 10 条热搜到 hotresearch/2025_11_28/2025_11_28_9.txt
2025-11-28 09:14:34,017 [ERROR] 请求失败：403 Client Error: Forbidden for url: https://www.zhihu.com/api/v3/feed/topstory/hot-lists/total?limit=50&desktop=true
2025-11-28 09:14:34,018 [ERROR] 没有获取到热榜数据，退出。
2025-11-28 10:15:32,495 [INFO] 成功写入 10 条热搜到 hotresearch/2025_11_28/2025_11_28_10.txt
2025-11-28 10:15:32,991 [ERROR] 请求失败：401 Client Error: Authorization Required for url: https://www.zhihu.com/api/v3/feed/topstory/hot-lists/total?limit=50&desktop=true
2025-11-28 10:15:32,991 [ERROR] 没有获取到热榜数据，退出。
2025-11-28 11:11:50,480 [INFO] 成功写入 10 条热搜到 hotresearch/2025_11_28/2025_11_28_11.txt
2025-11-28 11:11:51,081 [ERROR] 请求失败：401 Client Error: Authorization Required for url: https://www.zhihu.com/api/v3/feed/topstory/hot-lists/total?limit=50&desktop=true
2025-11-28 11:11:51,081 [ERROR] 没有获取到热榜数据，退出。
2025-11-28 12:27:09,929 [INFO] 成功写入 10 条热搜到 hotresearch/2025_11_28/2025_11_28_12.txt
2025-11-28 12:27:10,399 [ERROR] 请求失败：401 Client Error: Authorization Required for url: https://www.zhihu.com/api/v3/feed/topstory/hot-lists/total?limit=50&desktop=true
2025-11-28 12:27:10,399 [ERROR] 没有获取到热榜数据，退出。
2025-11-28 13:25:38,397 [INFO] 成功写入 10 条热搜到 hotresearch/2025_11_28/2025_11_28_13.txt
2025-11-28 13:25:38,747 [ERROR] 请求失败：401 Client Error: Authorization Required for url: https://www.zhihu.com/api/v3/feed/topstory/hot-lists/total?limit=50&desktop=true
2025-11-28 13:25:38,748 [ERROR] 没有获取到热榜数据，退出。
2025-11-28 14:13:19,275 [INFO] 成功写入 10 条热搜到 hotresearch/2025_11_28/2025_11_28_14.txt
2025-11-28 14:13:19,704 [ERROR] 请求失败：401 Client Error: Authorization Required for url: https://www.zhihu.com/api/v3/feed/topstory/hot-lists/total?limit=50&desktop=true
2025-11-28 14:13:19,704 [ERROR] 没有获取到热榜数据，退出。
2025-11-28 15:13:19,956 [INFO] 成功写入 10 条热搜到 hotresearch/2025_11_28/2025_11_28_15.txt
2025-11-28 15:13:20,314 [ERROR] 请求失败：401 Client Error: Authorization Required for url: https://www.zhihu.com/api/v3/feed/topstory/hot-lists/total?limit=50&desktop=true
2025-11-28 15:13:20,314 [ERROR] 没有获取到热榜数据，退出。
2025-11-28 16:16:19,042 [INFO] 成功写入 10 条热搜到 hotresearch/2025_11_28/2025_11_28_16.txt
2025-11-28 16:16:19,533 [ERROR] 请求失败：403 Client Error: Forbidden for url: https://www.zhihu.com/api/v3/feed/topstory/hot-lists/total?limit=50&desktop=true
2025-11-28 16:16:19,533 [ERROR] 没有获取到热榜数据，退出。
2025-11-28 17:11:35,933 [INFO] 成功写入 10 条热搜到 hotresearch/2025_11_28/2025_11_28_17.txt
2025-11-28 17:11:36,419 [ERROR] 请求失败：401 Client Error: Authorization Required for url: https://www.zhihu.com/api/v3/feed/topstory/hot-lists/total?limit=50&desktop=true
2025-11-28 17:11:36,419 [ERROR] 没有获取到热榜数据，退出。
2025-11-28 18:18:45,188 [INFO] 成功写入 10 条热搜到 hotresearch/2025_11_28/2025_11_28_18.txt
2025-11-28 18:18:45,530 [ERROR] 请求失败：401 Client Error: Authorization Required for url: https://www.zhihu.com/api/v3/feed/topstory/hot-lists/total?limit=50&desktop=true
2025-11-28 18:18:45,530 [ERROR] 没有获取到热榜数据，退出。
2025-11-28 19:10:10,131 [INFO] 成功写入 10 条热搜到 hotresearch/2025_11_28/2025_11_28_19.txt
2025-11-28 19:10:10,480 [ERROR] 请求失败：401 Client Error: Authorization Required for url: https://www.zhihu.com/api/v3/feed/topstory/hot-lists/total?limit=50&desktop=true
2025-11-28 19:10:10,480 [ERROR] 没有获取到热榜数据，退出。
2025-11-28 20:14:15,302 [INFO] 成功写入 10 条热搜到 hotresearch/2025_11_28/2025_11_28_20.txt
2025-11-28 20:14:15,774 [ERROR] 请求失败：401 Client Error: Authorization Required for url: https://www.zhihu.com/api/v3/feed/topstory/hot-lists/total?limit=50&desktop=true
2025-11-28 20:14:15,775 [ERROR] 没有获取到热榜数据，退出。
2025-11-28 21:11:17,686 [INFO] 成功写入 10 条热搜到 hotresearch/2025_11_28/2025_11_28_21.txt
2025-11-28 21:11:18,156 [ERROR] 请求失败：401 Client Error: Authorization Required for url: https://www.zhihu.com/api/v3/feed/topstory/hot-lists/total?limit=50&desktop=true
2025-11-28 21:11:18,156 [ERROR] 没有获取到热榜数据，退出。
2025-11-28 22:12:26,225 [WARNING] Retrying (Retry(total=4, connect=None, read=None, redirect=None, status=None)) after connection broken by 'NewConnectionError('<urllib3.connection.HTTPSConnection object at 0x7fb167229df0>: Failed to establish a new connection: [Errno 101] Network is unreachable')': /api/v4/search/top_search
2025-11-28 22:12:38,236 [WARNING] Retrying (Retry(total=3, connect=None, read=None, redirect=None, status=None)) after connection broken by 'NewConnectionError('<urllib3.connection.HTTPSConnection object at 0x7fb16722a5a0>: Failed to establish a new connection: [Errno 101] Network is unreachable')': /api/v4/search/top_search
2025-11-28 22:12:52,243 [WARNING] Retrying (Retry(total=2, connect=None, read=None, redirect=None, status=None)) after connection broken by 'NewConnectionError('<urllib3.connection.HTTPSConnection object at 0x7fb16722a6c0>: Failed to establish a new connection: [Errno 101] Network is unreachable')': /api/v4/search/top_search
2025-11-28 22:13:10,255 [WARNING] Retrying (Retry(total=1, connect=None, read=None, redirect=None, status=None)) after connection broken by 'NewConnectionError('<urllib3.connection.HTTPSConnection object at 0x7fb16722a810>: Failed to establish a new connection: [Errno 101] Network is unreachable')': /api/v4/search/top_search
2025-11-28 22:13:36,266 [WARNING] Retrying (Retry(total=0, connect=None, read=None, redirect=None, status=None)) after connection broken by 'NewConnectionError('<urllib3.connection.HTTPSConnection object at 0x7fb16722a960>: Failed to establish a new connection: [Errno 101] Network is unreachable')': /api/v4/search/top_search
2025-11-28 22:13:46,446 [ERROR] 请求失败：HTTPSConnectionPool(host='www.zhihu.com', port=443): Max retries exceeded with url: /api/v4/search/top_search (Caused by NewConnectionError('<urllib3.connection.HTTPSConnection object at 0x7fb16722aab0>: Failed to establish a new connection: [Errno 101] Network is unreachable'))
2025-11-28 22:13:46,446 [ERROR] 没有获取到热搜数据，退出。
2025-11-28 22:13:56,571 [WARNING] Retrying (Retry(total=4, connect=None, read=None, redirect=None, status=None)) after connection broken by 'NewConnectionError('<urllib3.connection.HTTPSConnection object at 0x7f714d6f3ef0>: Failed to establish a new connection: [Errno 101] Network is unreachable')': /api/v3/feed/topstory/hot-lists/total?limit=50&desktop=true
2025-11-28 22:14:08,583 [WARNING] Retrying (Retry(total=3, connect=None, read=None, redirect=None, status=None)) after connection broken by 'NewConnectionError('<urllib3.connection.HTTPSConnection object at 0x7f714d36ae70>: Failed to establish a new connection: [Errno 101] Network is unreachable')': /api/v3/feed/topstory/hot-lists/total?limit=50&desktop=true
2025-11-28 22:14:22,595 [WARNING] Retrying (Retry(total=2, connect=None, read=None, redirect=None, status=None)) after connection broken by 'NewConnectionError('<urllib3.connection.HTTPSConnection object at 0x7f714d36b0b0>: Failed to establish a new connection: [Errno 101] Network is unreachable')': /api/v3/feed/topstory/hot-lists/total?limit=50&desktop=true
2025-11-28 22:14:40,606 [WARNING] Retrying (Retry(total=1, connect=None, read=None, redirect=None, status=None)) after connection broken by 'NewConnectionError('<urllib3.connection.HTTPSConnection object at 0x7f714d36b200>: Failed to establish a new connection: [Errno 101] Network is unreachable')': /api/v3/feed/topstory/hot-lists/total?limit=50&desktop=true
2025-11-28 22:15:06,796 [WARNING] Retrying (Retry(total=0, connect=None, read=None, redirect=None, status=None)) after connection broken by 'NewConnectionError('<urllib3.connection.HTTPSConnection object at 0x7f714d36b350>: Failed to establish a new connection: [Errno 101] Network is unreachable')': /api/v3/feed/topstory/hot-lists/total?limit=50&desktop=true
2025-11-28 22:15:16,807 [ERROR] 请求失败：HTTPSConnectionPool(host='www.zhihu.com', port=443): Max retries exceeded with url: /api/v3/feed/topstory/hot-lists/total?limit=50&desktop=true (Caused by NewConnectionError('<urllib3.connection.HTTPSConnection object at 0x7f714d36b4a0>: Failed to establish a new connection: [Errno 101] Network is unreachable'))
2025-11-28 22:15:16,807 [ERROR] 没有获取到热榜数据，退出。
