2025-06-26 01:05:37,431 [ERROR] 请求失败：403 Client Error: Forbidden for url: https://www.zhihu.com/api/v4/search/top_search
2025-06-26 01:05:37,431 [ERROR] 没有获取到热搜数据，退出。
2025-06-26 01:05:37,888 [ERROR] 请求失败：403 Client Error: Forbidden for url: https://www.zhihu.com/api/v3/feed/topstory/hot-lists/total?limit=50&desktop=true
2025-06-26 01:05:37,888 [ERROR] 没有获取到热榜数据，退出。
2025-06-26 03:13:30,167 [ERROR] 请求失败：403 Client Error: Forbidden for url: https://www.zhihu.com/api/v4/search/top_search
2025-06-26 03:13:30,167 [ERROR] 没有获取到热搜数据，退出。
2025-06-26 03:13:30,681 [ERROR] 请求失败：403 Client Error: Forbidden for url: https://www.zhihu.com/api/v3/feed/topstory/hot-lists/total?limit=50&desktop=true
2025-06-26 03:13:30,681 [ERROR] 没有获取到热榜数据，退出。
2025-06-26 04:22:46,208 [ERROR] 请求失败：403 Client Error: Forbidden for url: https://www.zhihu.com/api/v4/search/top_search
2025-06-26 04:22:46,208 [ERROR] 没有获取到热搜数据，退出。
2025-06-26 04:22:46,554 [ERROR] 请求失败：401 Client Error: Authorization Required for url: https://www.zhihu.com/api/v3/feed/topstory/hot-lists/total?limit=50&desktop=true
2025-06-26 04:22:46,554 [ERROR] 没有获取到热榜数据，退出。
2025-06-26 05:14:18,258 [ERROR] 请求失败：403 Client Error: Forbidden for url: https://www.zhihu.com/api/v4/search/top_search
2025-06-26 05:14:18,258 [ERROR] 没有获取到热搜数据，退出。
2025-06-26 05:14:18,773 [ERROR] 请求失败：403 Client Error: Forbidden for url: https://www.zhihu.com/api/v3/feed/topstory/hot-lists/total?limit=50&desktop=true
2025-06-26 05:14:18,773 [ERROR] 没有获取到热榜数据，退出。
2025-06-26 06:20:04,550 [ERROR] 请求失败：403 Client Error: Forbidden for url: https://www.zhihu.com/api/v4/search/top_search
2025-06-26 06:20:04,551 [ERROR] 没有获取到热搜数据，退出。
2025-06-26 06:20:04,924 [ERROR] 请求失败：401 Client Error: Authorization Required for url: https://www.zhihu.com/api/v3/feed/topstory/hot-lists/total?limit=50&desktop=true
2025-06-26 06:20:04,924 [ERROR] 没有获取到热榜数据，退出。
2025-06-26 07:13:52,144 [ERROR] 请求失败：403 Client Error: Forbidden for url: https://www.zhihu.com/api/v4/search/top_search
2025-06-26 07:13:52,145 [ERROR] 没有获取到热搜数据，退出。
2025-06-26 07:13:52,590 [ERROR] 请求失败：403 Client Error: Forbidden for url: https://www.zhihu.com/api/v3/feed/topstory/hot-lists/total?limit=50&desktop=true
2025-06-26 07:13:52,590 [ERROR] 没有获取到热榜数据，退出。
2025-06-26 08:18:19,900 [ERROR] 请求失败：403 Client Error: Forbidden for url: https://www.zhihu.com/api/v4/search/top_search
2025-06-26 08:18:19,900 [ERROR] 没有获取到热搜数据，退出。
2025-06-26 08:18:20,365 [ERROR] 请求失败：403 Client Error: Forbidden for url: https://www.zhihu.com/api/v3/feed/topstory/hot-lists/total?limit=50&desktop=true
2025-06-26 08:18:20,366 [ERROR] 没有获取到热榜数据，退出。
2025-06-26 09:14:51,379 [ERROR] 请求失败：403 Client Error: Forbidden for url: https://www.zhihu.com/api/v4/search/top_search
2025-06-26 09:14:51,379 [ERROR] 没有获取到热搜数据，退出。
2025-06-26 09:14:51,848 [ERROR] 请求失败：403 Client Error: Forbidden for url: https://www.zhihu.com/api/v3/feed/topstory/hot-lists/total?limit=50&desktop=true
2025-06-26 09:14:51,849 [ERROR] 没有获取到热榜数据，退出。
2025-06-26 10:14:19,162 [ERROR] 请求失败：403 Client Error: Forbidden for url: https://www.zhihu.com/api/v4/search/top_search
2025-06-26 10:14:19,162 [ERROR] 没有获取到热搜数据，退出。
2025-06-26 10:14:19,611 [ERROR] 请求失败：401 Client Error: Authorization Required for url: https://www.zhihu.com/api/v3/feed/topstory/hot-lists/total?limit=50&desktop=true
2025-06-26 10:14:19,611 [ERROR] 没有获取到热榜数据，退出。
2025-06-26 11:11:53,573 [ERROR] 请求失败：403 Client Error: Forbidden for url: https://www.zhihu.com/api/v4/search/top_search
2025-06-26 11:11:53,574 [ERROR] 没有获取到热搜数据，退出。
2025-06-26 11:11:54,017 [ERROR] 请求失败：401 Client Error: Authorization Required for url: https://www.zhihu.com/api/v3/feed/topstory/hot-lists/total?limit=50&desktop=true
2025-06-26 11:11:54,017 [ERROR] 没有获取到热榜数据，退出。
2025-06-26 12:26:59,627 [ERROR] 请求失败：403 Client Error: Forbidden for url: https://www.zhihu.com/api/v4/search/top_search
2025-06-26 12:26:59,627 [ERROR] 没有获取到热搜数据，退出。
2025-06-26 12:27:00,086 [ERROR] 请求失败：403 Client Error: Forbidden for url: https://www.zhihu.com/api/v3/feed/topstory/hot-lists/total?limit=50&desktop=true
2025-06-26 12:27:00,086 [ERROR] 没有获取到热榜数据，退出。
2025-06-26 13:28:00,632 [ERROR] 请求失败：403 Client Error: Forbidden for url: https://www.zhihu.com/api/v4/search/top_search
2025-06-26 13:28:00,632 [ERROR] 没有获取到热搜数据，退出。
2025-06-26 13:28:00,979 [ERROR] 请求失败：401 Client Error: Authorization Required for url: https://www.zhihu.com/api/v3/feed/topstory/hot-lists/total?limit=50&desktop=true
2025-06-26 13:28:00,979 [ERROR] 没有获取到热榜数据，退出。
2025-06-26 14:12:54,808 [ERROR] 请求失败：403 Client Error: Forbidden for url: https://www.zhihu.com/api/v4/search/top_search
2025-06-26 14:12:54,808 [ERROR] 没有获取到热搜数据，退出。
2025-06-26 14:12:55,163 [ERROR] 请求失败：401 Client Error: Authorization Required for url: https://www.zhihu.com/api/v3/feed/topstory/hot-lists/total?limit=50&desktop=true
2025-06-26 14:12:55,163 [ERROR] 没有获取到热榜数据，退出。
2025-06-26 15:14:10,887 [ERROR] 请求失败：403 Client Error: Forbidden for url: https://www.zhihu.com/api/v4/search/top_search
2025-06-26 15:14:10,888 [ERROR] 没有获取到热搜数据，退出。
2025-06-26 15:14:11,414 [ERROR] 请求失败：403 Client Error: Forbidden for url: https://www.zhihu.com/api/v3/feed/topstory/hot-lists/total?limit=50&desktop=true
2025-06-26 15:14:11,414 [ERROR] 没有获取到热榜数据，退出。
2025-06-26 16:16:44,210 [ERROR] 请求失败：403 Client Error: Forbidden for url: https://www.zhihu.com/api/v4/search/top_search
2025-06-26 16:16:44,210 [ERROR] 没有获取到热搜数据，退出。
2025-06-26 16:16:44,728 [ERROR] 请求失败：403 Client Error: Forbidden for url: https://www.zhihu.com/api/v3/feed/topstory/hot-lists/total?limit=50&desktop=true
2025-06-26 16:16:44,728 [ERROR] 没有获取到热榜数据，退出。
2025-06-26 17:12:24,824 [ERROR] 请求失败：403 Client Error: Forbidden for url: https://www.zhihu.com/api/v4/search/top_search
2025-06-26 17:12:24,824 [ERROR] 没有获取到热搜数据，退出。
2025-06-26 17:12:25,265 [ERROR] 请求失败：401 Client Error: Authorization Required for url: https://www.zhihu.com/api/v3/feed/topstory/hot-lists/total?limit=50&desktop=true
2025-06-26 17:12:25,265 [ERROR] 没有获取到热榜数据，退出。
2025-06-26 18:18:41,888 [INFO] 成功写入 10 条热搜到 hotresearch/2025_6_26/2025_6_26_18.txt
2025-06-26 18:18:42,384 [ERROR] 请求失败：401 Client Error: Authorization Required for url: https://www.zhihu.com/api/v3/feed/topstory/hot-lists/total?limit=50&desktop=true
2025-06-26 18:18:42,384 [ERROR] 没有获取到热榜数据，退出。
2025-06-26 19:10:08,303 [ERROR] 请求失败：403 Client Error: Forbidden for url: https://www.zhihu.com/api/v4/search/top_search
2025-06-26 19:10:08,303 [ERROR] 没有获取到热搜数据，退出。
2025-06-26 19:10:08,776 [ERROR] 请求失败：401 Client Error: Authorization Required for url: https://www.zhihu.com/api/v3/feed/topstory/hot-lists/total?limit=50&desktop=true
2025-06-26 19:10:08,776 [ERROR] 没有获取到热榜数据，退出。
2025-06-26 20:14:22,608 [ERROR] 请求失败：403 Client Error: Forbidden for url: https://www.zhihu.com/api/v4/search/top_search
2025-06-26 20:14:22,608 [ERROR] 没有获取到热搜数据，退出。
2025-06-26 20:14:23,108 [ERROR] 请求失败：401 Client Error: Authorization Required for url: https://www.zhihu.com/api/v3/feed/topstory/hot-lists/total?limit=50&desktop=true
2025-06-26 20:14:23,108 [ERROR] 没有获取到热榜数据，退出。
2025-06-26 21:12:23,580 [ERROR] 请求失败：403 Client Error: Forbidden for url: https://www.zhihu.com/api/v4/search/top_search
2025-06-26 21:12:23,580 [ERROR] 没有获取到热搜数据，退出。
2025-06-26 21:12:24,086 [ERROR] 请求失败：401 Client Error: Authorization Required for url: https://www.zhihu.com/api/v3/feed/topstory/hot-lists/total?limit=50&desktop=true
2025-06-26 21:12:24,086 [ERROR] 没有获取到热榜数据，退出。
2025-06-26 22:12:39,892 [ERROR] 请求失败：403 Client Error: Forbidden for url: https://www.zhihu.com/api/v4/search/top_search
2025-06-26 22:12:39,892 [ERROR] 没有获取到热搜数据，退出。
2025-06-26 22:12:40,343 [ERROR] 请求失败：401 Client Error: Authorization Required for url: https://www.zhihu.com/api/v3/feed/topstory/hot-lists/total?limit=50&desktop=true
2025-06-26 22:12:40,343 [ERROR] 没有获取到热榜数据，退出。
2025-06-26 23:12:46,128 [ERROR] 请求失败：403 Client Error: Forbidden for url: https://www.zhihu.com/api/v4/search/top_search
2025-06-26 23:12:46,128 [ERROR] 没有获取到热搜数据，退出。
2025-06-26 23:12:46,612 [ERROR] 请求失败：401 Client Error: Authorization Required for url: https://www.zhihu.com/api/v3/feed/topstory/hot-lists/total?limit=50&desktop=true
2025-06-26 23:12:46,612 [ERROR] 没有获取到热榜数据，退出。
