2025-12-17 01:02:46,260 [INFO] 成功写入 10 条热搜到 hotresearch/2025_12_17/2025_12_17_1.txt
2025-12-17 01:02:46,709 [ERROR] 请求失败：401 Client Error: Authorization Required for url: https://www.zhihu.com/api/v3/feed/topstory/hot-lists/total?limit=50&desktop=true
2025-12-17 01:02:46,709 [ERROR] 没有获取到热榜数据，退出。
2025-12-17 03:14:26,144 [INFO] 成功写入 10 条热搜到 hotresearch/2025_12_17/2025_12_17_3.txt
2025-12-17 03:14:26,514 [ERROR] 请求失败：403 Client Error: Forbidden for url: https://www.zhihu.com/api/v3/feed/topstory/hot-lists/total?limit=50&desktop=true
2025-12-17 03:14:26,514 [ERROR] 没有获取到热榜数据，退出。
2025-12-17 04:27:29,723 [INFO] 成功写入 10 条热搜到 hotresearch/2025_12_17/2025_12_17_4.txt
2025-12-17 04:27:30,160 [ERROR] 请求失败：403 Client Error: Forbidden for url: https://www.zhihu.com/api/v3/feed/topstory/hot-lists/total?limit=50&desktop=true
2025-12-17 04:27:30,160 [ERROR] 没有获取到热榜数据，退出。
2025-12-17 05:16:26,258 [INFO] 成功写入 10 条热搜到 hotresearch/2025_12_17/2025_12_17_5.txt
2025-12-17 05:16:26,721 [ERROR] 请求失败：403 Client Error: Forbidden for url: https://www.zhihu.com/api/v3/feed/topstory/hot-lists/total?limit=50&desktop=true
2025-12-17 05:16:26,721 [ERROR] 没有获取到热榜数据，退出。
2025-12-17 06:22:24,405 [INFO] 成功写入 10 条热搜到 hotresearch/2025_12_17/2025_12_17_6.txt
2025-12-17 06:22:24,886 [ERROR] 请求失败：401 Client Error: Authorization Required for url: https://www.zhihu.com/api/v3/feed/topstory/hot-lists/total?limit=50&desktop=true
2025-12-17 06:22:24,886 [ERROR] 没有获取到热榜数据，退出。
2025-12-17 07:17:23,340 [INFO] 成功写入 10 条热搜到 hotresearch/2025_12_17/2025_12_17_7.txt
2025-12-17 07:17:23,739 [ERROR] 请求失败：401 Client Error: Authorization Required for url: https://www.zhihu.com/api/v3/feed/topstory/hot-lists/total?limit=50&desktop=true
2025-12-17 07:17:23,739 [ERROR] 没有获取到热榜数据，退出。
2025-12-17 08:20:40,897 [ERROR] 请求失败：403 Client Error: Forbidden for url: https://www.zhihu.com/api/v4/search/top_search
2025-12-17 08:20:40,898 [ERROR] 没有获取到热搜数据，退出。
2025-12-17 08:20:41,423 [ERROR] 请求失败：401 Client Error: Authorization Required for url: https://www.zhihu.com/api/v3/feed/topstory/hot-lists/total?limit=50&desktop=true
2025-12-17 08:20:41,423 [ERROR] 没有获取到热榜数据，退出。
2025-12-17 09:20:56,850 [INFO] 成功写入 10 条热搜到 hotresearch/2025_12_17/2025_12_17_9.txt
2025-12-17 09:20:57,196 [ERROR] 请求失败：401 Client Error: Authorization Required for url: https://www.zhihu.com/api/v3/feed/topstory/hot-lists/total?limit=50&desktop=true
2025-12-17 09:20:57,196 [ERROR] 没有获取到热榜数据，退出。
2025-12-17 10:16:39,089 [INFO] 成功写入 10 条热搜到 hotresearch/2025_12_17/2025_12_17_10.txt
2025-12-17 10:16:39,661 [ERROR] 请求失败：401 Client Error: Authorization Required for url: https://www.zhihu.com/api/v3/feed/topstory/hot-lists/total?limit=50&desktop=true
2025-12-17 10:16:39,661 [ERROR] 没有获取到热榜数据，退出。
2025-12-17 11:13:31,851 [INFO] 成功写入 10 条热搜到 hotresearch/2025_12_17/2025_12_17_11.txt
2025-12-17 11:13:32,336 [ERROR] 请求失败：403 Client Error: Forbidden for url: https://www.zhihu.com/api/v3/feed/topstory/hot-lists/total?limit=50&desktop=true
2025-12-17 11:13:32,337 [ERROR] 没有获取到热榜数据，退出。
