2025-10-08 00:58:11,498 [ERROR] 请求失败：403 Client Error: Forbidden for url: https://www.zhihu.com/api/v4/search/top_search
2025-10-08 00:58:11,498 [ERROR] 没有获取到热搜数据，退出。
2025-10-08 00:58:11,919 [ERROR] 请求失败：401 Client Error: Authorization Required for url: https://www.zhihu.com/api/v3/feed/topstory/hot-lists/total?limit=50&desktop=true
2025-10-08 00:58:11,919 [ERROR] 没有获取到热榜数据，退出。
2025-10-08 02:19:55,408 [ERROR] 请求失败：403 Client Error: Forbidden for url: https://www.zhihu.com/api/v4/search/top_search
2025-10-08 02:19:55,408 [ERROR] 没有获取到热搜数据，退出。
2025-10-08 02:19:55,832 [ERROR] 请求失败：403 Client Error: Forbidden for url: https://www.zhihu.com/api/v3/feed/topstory/hot-lists/total?limit=50&desktop=true
2025-10-08 02:19:55,832 [ERROR] 没有获取到热榜数据，退出。
2025-10-08 03:25:13,346 [ERROR] 请求失败：403 Client Error: Forbidden for url: https://www.zhihu.com/api/v4/search/top_search
2025-10-08 03:25:13,346 [ERROR] 没有获取到热搜数据，退出。
2025-10-08 03:25:13,691 [ERROR] 请求失败：401 Client Error: Authorization Required for url: https://www.zhihu.com/api/v3/feed/topstory/hot-lists/total?limit=50&desktop=true
2025-10-08 03:25:13,691 [ERROR] 没有获取到热榜数据，退出。
2025-10-08 04:14:54,846 [ERROR] 请求失败：403 Client Error: Forbidden for url: https://www.zhihu.com/api/v4/search/top_search
2025-10-08 04:14:54,846 [ERROR] 没有获取到热搜数据，退出。
2025-10-08 04:14:55,415 [ERROR] 请求失败：401 Client Error: Authorization Required for url: https://www.zhihu.com/api/v3/feed/topstory/hot-lists/total?limit=50&desktop=true
2025-10-08 04:14:55,415 [ERROR] 没有获取到热榜数据，退出。
2025-10-08 05:12:24,035 [ERROR] 请求失败：403 Client Error: Forbidden for url: https://www.zhihu.com/api/v4/search/top_search
2025-10-08 05:12:24,035 [ERROR] 没有获取到热搜数据，退出。
2025-10-08 05:12:24,484 [ERROR] 请求失败：403 Client Error: Forbidden for url: https://www.zhihu.com/api/v3/feed/topstory/hot-lists/total?limit=50&desktop=true
2025-10-08 05:12:24,484 [ERROR] 没有获取到热榜数据，退出。
2025-10-08 06:19:24,975 [ERROR] 请求失败：403 Client Error: Forbidden for url: https://www.zhihu.com/api/v4/search/top_search
2025-10-08 06:19:24,975 [ERROR] 没有获取到热搜数据，退出。
2025-10-08 06:19:25,417 [ERROR] 请求失败：401 Client Error: Authorization Required for url: https://www.zhihu.com/api/v3/feed/topstory/hot-lists/total?limit=50&desktop=true
2025-10-08 06:19:25,417 [ERROR] 没有获取到热榜数据，退出。
2025-10-08 07:12:10,818 [ERROR] 请求失败：403 Client Error: Forbidden for url: https://www.zhihu.com/api/v4/search/top_search
2025-10-08 07:12:10,818 [ERROR] 没有获取到热搜数据，退出。
2025-10-08 07:12:11,273 [ERROR] 请求失败：401 Client Error: Authorization Required for url: https://www.zhihu.com/api/v3/feed/topstory/hot-lists/total?limit=50&desktop=true
2025-10-08 07:12:11,273 [ERROR] 没有获取到热榜数据，退出。
2025-10-08 08:17:49,458 [ERROR] 请求失败：403 Client Error: Forbidden for url: https://www.zhihu.com/api/v4/search/top_search
2025-10-08 08:17:49,458 [ERROR] 没有获取到热搜数据，退出。
2025-10-08 08:17:49,991 [ERROR] 请求失败：401 Client Error: Authorization Required for url: https://www.zhihu.com/api/v3/feed/topstory/hot-lists/total?limit=50&desktop=true
2025-10-08 08:17:49,991 [ERROR] 没有获取到热榜数据，退出。
2025-10-08 09:13:48,094 [ERROR] 请求失败：403 Client Error: Forbidden for url: https://www.zhihu.com/api/v4/search/top_search
2025-10-08 09:13:48,094 [ERROR] 没有获取到热搜数据，退出。
2025-10-08 09:13:48,592 [ERROR] 请求失败：401 Client Error: Authorization Required for url: https://www.zhihu.com/api/v3/feed/topstory/hot-lists/total?limit=50&desktop=true
2025-10-08 09:13:48,592 [ERROR] 没有获取到热榜数据，退出。
2025-10-08 10:13:13,806 [ERROR] 请求失败：403 Client Error: Forbidden for url: https://www.zhihu.com/api/v4/search/top_search
2025-10-08 10:13:13,806 [ERROR] 没有获取到热搜数据，退出。
2025-10-08 10:13:14,257 [ERROR] 请求失败：401 Client Error: Authorization Required for url: https://www.zhihu.com/api/v3/feed/topstory/hot-lists/total?limit=50&desktop=true
2025-10-08 10:13:14,257 [ERROR] 没有获取到热榜数据，退出。
2025-10-08 11:10:34,195 [ERROR] 请求失败：403 Client Error: Forbidden for url: https://www.zhihu.com/api/v4/search/top_search
2025-10-08 11:10:34,195 [ERROR] 没有获取到热搜数据，退出。
2025-10-08 11:10:34,714 [ERROR] 请求失败：401 Client Error: Authorization Required for url: https://www.zhihu.com/api/v3/feed/topstory/hot-lists/total?limit=50&desktop=true
2025-10-08 11:10:34,714 [ERROR] 没有获取到热榜数据，退出。
2025-10-08 12:26:36,577 [ERROR] 请求失败：403 Client Error: Forbidden for url: https://www.zhihu.com/api/v4/search/top_search
2025-10-08 12:26:36,578 [ERROR] 没有获取到热搜数据，退出。
2025-10-08 12:26:36,983 [ERROR] 请求失败：401 Client Error: Authorization Required for url: https://www.zhihu.com/api/v3/feed/topstory/hot-lists/total?limit=50&desktop=true
2025-10-08 12:26:36,983 [ERROR] 没有获取到热榜数据，退出。
2025-10-08 13:24:13,042 [ERROR] 请求失败：403 Client Error: Forbidden for url: https://www.zhihu.com/api/v4/search/top_search
2025-10-08 13:24:13,042 [ERROR] 没有获取到热搜数据，退出。
2025-10-08 13:24:13,438 [ERROR] 请求失败：401 Client Error: Authorization Required for url: https://www.zhihu.com/api/v3/feed/topstory/hot-lists/total?limit=50&desktop=true
2025-10-08 13:24:13,438 [ERROR] 没有获取到热榜数据，退出。
2025-10-08 14:13:08,056 [ERROR] 请求失败：403 Client Error: Forbidden for url: https://www.zhihu.com/api/v4/search/top_search
2025-10-08 14:13:08,056 [ERROR] 没有获取到热搜数据，退出。
2025-10-08 14:13:09,010 [ERROR] 请求失败：403 Client Error: Forbidden for url: https://www.zhihu.com/api/v3/feed/topstory/hot-lists/total?limit=50&desktop=true
2025-10-08 14:13:09,011 [ERROR] 没有获取到热榜数据，退出。
2025-10-08 15:13:21,562 [ERROR] 请求失败：403 Client Error: Forbidden for url: https://www.zhihu.com/api/v4/search/top_search
2025-10-08 15:13:21,562 [ERROR] 没有获取到热搜数据，退出。
2025-10-08 15:13:22,036 [ERROR] 请求失败：403 Client Error: Forbidden for url: https://www.zhihu.com/api/v3/feed/topstory/hot-lists/total?limit=50&desktop=true
2025-10-08 15:13:22,036 [ERROR] 没有获取到热榜数据，退出。
2025-10-08 16:15:57,368 [ERROR] 请求失败：403 Client Error: Forbidden for url: https://www.zhihu.com/api/v4/search/top_search
2025-10-08 16:15:57,368 [ERROR] 没有获取到热搜数据，退出。
2025-10-08 16:15:57,831 [ERROR] 请求失败：403 Client Error: Forbidden for url: https://www.zhihu.com/api/v3/feed/topstory/hot-lists/total?limit=50&desktop=true
2025-10-08 16:15:57,831 [ERROR] 没有获取到热榜数据，退出。
