2025-12-25 01:07:23,862 [INFO] 成功写入 10 条热搜到 hotresearch/2025_12_25/2025_12_25_1.txt
2025-12-25 01:07:24,227 [ERROR] 请求失败：401 Client Error: Authorization Required for url: https://www.zhihu.com/api/v3/feed/topstory/hot-lists/total?limit=50&desktop=true
2025-12-25 01:07:24,227 [ERROR] 没有获取到热榜数据，退出。
2025-12-25 03:20:54,461 [INFO] 成功写入 10 条热搜到 hotresearch/2025_12_25/2025_12_25_3.txt
2025-12-25 03:20:54,907 [ERROR] 请求失败：403 Client Error: Forbidden for url: https://www.zhihu.com/api/v3/feed/topstory/hot-lists/total?limit=50&desktop=true
2025-12-25 03:20:54,907 [ERROR] 没有获取到热榜数据，退出。
2025-12-25 04:32:15,380 [INFO] 成功写入 10 条热搜到 hotresearch/2025_12_25/2025_12_25_4.txt
2025-12-25 04:32:15,841 [ERROR] 请求失败：401 Client Error: Authorization Required for url: https://www.zhihu.com/api/v3/feed/topstory/hot-lists/total?limit=50&desktop=true
2025-12-25 04:32:15,841 [ERROR] 没有获取到热榜数据，退出。
2025-12-25 05:18:16,583 [ERROR] 请求失败：403 Client Error: Forbidden for url: https://www.zhihu.com/api/v4/search/top_search
2025-12-25 05:18:16,583 [ERROR] 没有获取到热搜数据，退出。
2025-12-25 05:18:17,072 [ERROR] 请求失败：403 Client Error: Forbidden for url: https://www.zhihu.com/api/v3/feed/topstory/hot-lists/total?limit=50&desktop=true
2025-12-25 05:18:17,072 [ERROR] 没有获取到热榜数据，退出。
2025-12-25 06:22:33,374 [INFO] 成功写入 10 条热搜到 hotresearch/2025_12_25/2025_12_25_6.txt
2025-12-25 06:22:33,758 [ERROR] 请求失败：403 Client Error: Forbidden for url: https://www.zhihu.com/api/v3/feed/topstory/hot-lists/total?limit=50&desktop=true
2025-12-25 06:22:33,758 [ERROR] 没有获取到热榜数据，退出。
2025-12-25 07:16:38,238 [INFO] 成功写入 10 条热搜到 hotresearch/2025_12_25/2025_12_25_7.txt
2025-12-25 07:16:38,761 [ERROR] 请求失败：403 Client Error: Forbidden for url: https://www.zhihu.com/api/v3/feed/topstory/hot-lists/total?limit=50&desktop=true
2025-12-25 07:16:38,761 [ERROR] 没有获取到热榜数据，退出。
2025-12-25 08:19:40,473 [INFO] 成功写入 10 条热搜到 hotresearch/2025_12_25/2025_12_25_8.txt
2025-12-25 08:19:40,830 [ERROR] 请求失败：401 Client Error: Authorization Required for url: https://www.zhihu.com/api/v3/feed/topstory/hot-lists/total?limit=50&desktop=true
2025-12-25 08:19:40,830 [ERROR] 没有获取到热榜数据，退出。
2025-12-25 09:16:40,023 [INFO] 成功写入 10 条热搜到 hotresearch/2025_12_25/2025_12_25_9.txt
2025-12-25 09:16:40,476 [ERROR] 请求失败：403 Client Error: Forbidden for url: https://www.zhihu.com/api/v3/feed/topstory/hot-lists/total?limit=50&desktop=true
2025-12-25 09:16:40,476 [ERROR] 没有获取到热榜数据，退出。
2025-12-25 10:15:07,749 [INFO] 成功写入 10 条热搜到 hotresearch/2025_12_25/2025_12_25_10.txt
2025-12-25 10:15:08,094 [ERROR] 请求失败：401 Client Error: Authorization Required for url: https://www.zhihu.com/api/v3/feed/topstory/hot-lists/total?limit=50&desktop=true
2025-12-25 10:15:08,094 [ERROR] 没有获取到热榜数据，退出。
2025-12-25 11:12:23,210 [INFO] 成功写入 10 条热搜到 hotresearch/2025_12_25/2025_12_25_11.txt
2025-12-25 11:12:23,698 [ERROR] 请求失败：401 Client Error: Authorization Required for url: https://www.zhihu.com/api/v3/feed/topstory/hot-lists/total?limit=50&desktop=true
2025-12-25 11:12:23,699 [ERROR] 没有获取到热榜数据，退出。
2025-12-25 12:28:11,445 [INFO] 成功写入 10 条热搜到 hotresearch/2025_12_25/2025_12_25_12.txt
2025-12-25 12:28:11,838 [ERROR] 请求失败：401 Client Error: Authorization Required for url: https://www.zhihu.com/api/v3/feed/topstory/hot-lists/total?limit=50&desktop=true
2025-12-25 12:28:11,838 [ERROR] 没有获取到热榜数据，退出。
2025-12-25 13:27:22,105 [INFO] 成功写入 10 条热搜到 hotresearch/2025_12_25/2025_12_25_13.txt
2025-12-25 13:27:22,543 [ERROR] 请求失败：401 Client Error: Authorization Required for url: https://www.zhihu.com/api/v3/feed/topstory/hot-lists/total?limit=50&desktop=true
2025-12-25 13:27:22,543 [ERROR] 没有获取到热榜数据，退出。
2025-12-25 14:13:32,814 [ERROR] 请求失败：403 Client Error: Forbidden for url: https://www.zhihu.com/api/v4/search/top_search
2025-12-25 14:13:32,814 [ERROR] 没有获取到热搜数据，退出。
2025-12-25 14:13:33,166 [ERROR] 请求失败：401 Client Error: Authorization Required for url: https://www.zhihu.com/api/v3/feed/topstory/hot-lists/total?limit=50&desktop=true
2025-12-25 14:13:33,166 [ERROR] 没有获取到热榜数据，退出。
2025-12-25 15:13:41,593 [INFO] 成功写入 10 条热搜到 hotresearch/2025_12_25/2025_12_25_15.txt
2025-12-25 15:13:41,929 [ERROR] 请求失败：401 Client Error: Authorization Required for url: https://www.zhihu.com/api/v3/feed/topstory/hot-lists/total?limit=50&desktop=true
2025-12-25 15:13:41,929 [ERROR] 没有获取到热榜数据，退出。
2025-12-25 16:17:09,227 [INFO] 成功写入 10 条热搜到 hotresearch/2025_12_25/2025_12_25_16.txt
2025-12-25 16:17:09,692 [ERROR] 请求失败：401 Client Error: Authorization Required for url: https://www.zhihu.com/api/v3/feed/topstory/hot-lists/total?limit=50&desktop=true
2025-12-25 16:17:09,692 [ERROR] 没有获取到热榜数据，退出。
2025-12-25 17:12:32,428 [INFO] 成功写入 10 条热搜到 hotresearch/2025_12_25/2025_12_25_17.txt
2025-12-25 17:12:32,771 [ERROR] 请求失败：401 Client Error: Authorization Required for url: https://www.zhihu.com/api/v3/feed/topstory/hot-lists/total?limit=50&desktop=true
2025-12-25 17:12:32,772 [ERROR] 没有获取到热榜数据，退出。
2025-12-25 18:19:58,233 [INFO] 成功写入 10 条热搜到 hotresearch/2025_12_25/2025_12_25_18.txt
2025-12-25 18:19:58,742 [ERROR] 请求失败：401 Client Error: Authorization Required for url: https://www.zhihu.com/api/v3/feed/topstory/hot-lists/total?limit=50&desktop=true
2025-12-25 18:19:58,742 [ERROR] 没有获取到热榜数据，退出。
2025-12-25 19:10:57,030 [INFO] 成功写入 10 条热搜到 hotresearch/2025_12_25/2025_12_25_19.txt
2025-12-25 19:10:57,543 [ERROR] 请求失败：401 Client Error: Authorization Required for url: https://www.zhihu.com/api/v3/feed/topstory/hot-lists/total?limit=50&desktop=true
2025-12-25 19:10:57,543 [ERROR] 没有获取到热榜数据，退出。
2025-12-25 20:15:33,494 [INFO] 成功写入 10 条热搜到 hotresearch/2025_12_25/2025_12_25_20.txt
2025-12-25 20:15:33,845 [ERROR] 请求失败：401 Client Error: Authorization Required for url: https://www.zhihu.com/api/v3/feed/topstory/hot-lists/total?limit=50&desktop=true
2025-12-25 20:15:33,845 [ERROR] 没有获取到热榜数据，退出。
2025-12-25 21:12:39,695 [INFO] 成功写入 10 条热搜到 hotresearch/2025_12_25/2025_12_25_21.txt
2025-12-25 21:12:40,172 [ERROR] 请求失败：401 Client Error: Authorization Required for url: https://www.zhihu.com/api/v3/feed/topstory/hot-lists/total?limit=50&desktop=true
2025-12-25 21:12:40,172 [ERROR] 没有获取到热榜数据，退出。
2025-12-25 22:13:19,317 [INFO] 成功写入 10 条热搜到 hotresearch/2025_12_25/2025_12_25_22.txt
2025-12-25 22:13:19,671 [ERROR] 请求失败：401 Client Error: Authorization Required for url: https://www.zhihu.com/api/v3/feed/topstory/hot-lists/total?limit=50&desktop=true
2025-12-25 22:13:19,671 [ERROR] 没有获取到热榜数据，退出。
