2025-06-10 01:06:12,393 [ERROR] 请求失败：403 Client Error: Forbidden for url: https://www.zhihu.com/api/v4/search/top_search
2025-06-10 01:06:12,393 [ERROR] 没有获取到热搜数据，退出。
2025-06-10 01:06:12,734 [ERROR] 请求失败：401 Client Error: Authorization Required for url: https://www.zhihu.com/api/v3/feed/topstory/hot-lists/total?limit=50&desktop=true
2025-06-10 01:06:12,734 [ERROR] 没有获取到热榜数据，退出。
2025-06-10 03:14:06,431 [ERROR] 请求失败：403 Client Error: Forbidden for url: https://www.zhihu.com/api/v4/search/top_search
2025-06-10 03:14:06,431 [ERROR] 没有获取到热搜数据，退出。
2025-06-10 03:14:06,894 [ERROR] 请求失败：401 Client Error: Authorization Required for url: https://www.zhihu.com/api/v3/feed/topstory/hot-lists/total?limit=50&desktop=true
2025-06-10 03:14:06,894 [ERROR] 没有获取到热榜数据，退出。
2025-06-10 04:21:47,582 [ERROR] 请求失败：403 Client Error: Forbidden for url: https://www.zhihu.com/api/v4/search/top_search
2025-06-10 04:21:47,582 [ERROR] 没有获取到热搜数据，退出。
2025-06-10 04:21:47,964 [ERROR] 请求失败：401 Client Error: Authorization Required for url: https://www.zhihu.com/api/v3/feed/topstory/hot-lists/total?limit=50&desktop=true
2025-06-10 04:21:47,964 [ERROR] 没有获取到热榜数据，退出。
2025-06-10 05:13:29,974 [ERROR] 请求失败：403 Client Error: Forbidden for url: https://www.zhihu.com/api/v4/search/top_search
2025-06-10 05:13:29,975 [ERROR] 没有获取到热搜数据，退出。
2025-06-10 05:13:30,434 [ERROR] 请求失败：401 Client Error: Authorization Required for url: https://www.zhihu.com/api/v3/feed/topstory/hot-lists/total?limit=50&desktop=true
2025-06-10 05:13:30,434 [ERROR] 没有获取到热榜数据，退出。
2025-06-10 06:19:17,020 [INFO] 成功写入 10 条热搜到 hotresearch/2025_6_10/2025_6_10_6.txt
2025-06-10 06:19:17,497 [ERROR] 请求失败：403 Client Error: Forbidden for url: https://www.zhihu.com/api/v3/feed/topstory/hot-lists/total?limit=50&desktop=true
2025-06-10 06:19:17,497 [ERROR] 没有获取到热榜数据，退出。
2025-06-10 07:12:52,477 [ERROR] 请求失败：403 Client Error: Forbidden for url: https://www.zhihu.com/api/v4/search/top_search
2025-06-10 07:12:52,477 [ERROR] 没有获取到热搜数据，退出。
2025-06-10 07:12:52,935 [ERROR] 请求失败：401 Client Error: Authorization Required for url: https://www.zhihu.com/api/v3/feed/topstory/hot-lists/total?limit=50&desktop=true
2025-06-10 07:12:52,935 [ERROR] 没有获取到热榜数据，退出。
2025-06-10 08:18:32,622 [ERROR] 请求失败：403 Client Error: Forbidden for url: https://www.zhihu.com/api/v4/search/top_search
2025-06-10 08:18:32,622 [ERROR] 没有获取到热搜数据，退出。
2025-06-10 08:18:33,113 [ERROR] 请求失败：403 Client Error: Forbidden for url: https://www.zhihu.com/api/v3/feed/topstory/hot-lists/total?limit=50&desktop=true
2025-06-10 08:18:33,113 [ERROR] 没有获取到热榜数据，退出。
2025-06-10 09:14:51,613 [ERROR] 请求失败：403 Client Error: Forbidden for url: https://www.zhihu.com/api/v4/search/top_search
2025-06-10 09:14:51,613 [ERROR] 没有获取到热搜数据，退出。
2025-06-10 09:14:52,119 [ERROR] 请求失败：403 Client Error: Forbidden for url: https://www.zhihu.com/api/v3/feed/topstory/hot-lists/total?limit=50&desktop=true
2025-06-10 09:14:52,119 [ERROR] 没有获取到热榜数据，退出。
2025-06-10 10:14:25,488 [ERROR] 请求失败：403 Client Error: Forbidden for url: https://www.zhihu.com/api/v4/search/top_search
2025-06-10 10:14:25,488 [ERROR] 没有获取到热搜数据，退出。
2025-06-10 10:14:25,835 [ERROR] 请求失败：401 Client Error: Authorization Required for url: https://www.zhihu.com/api/v3/feed/topstory/hot-lists/total?limit=50&desktop=true
2025-06-10 10:14:25,836 [ERROR] 没有获取到热榜数据，退出。
2025-06-10 11:11:31,866 [INFO] 成功写入 10 条热搜到 hotresearch/2025_6_10/2025_6_10_11.txt
2025-06-10 11:11:32,328 [ERROR] 请求失败：401 Client Error: Authorization Required for url: https://www.zhihu.com/api/v3/feed/topstory/hot-lists/total?limit=50&desktop=true
2025-06-10 11:11:32,328 [ERROR] 没有获取到热榜数据，退出。
2025-06-10 12:27:11,306 [ERROR] 请求失败：403 Client Error: Forbidden for url: https://www.zhihu.com/api/v4/search/top_search
2025-06-10 12:27:11,306 [ERROR] 没有获取到热搜数据，退出。
2025-06-10 12:27:11,681 [ERROR] 请求失败：401 Client Error: Authorization Required for url: https://www.zhihu.com/api/v3/feed/topstory/hot-lists/total?limit=50&desktop=true
2025-06-10 12:27:11,681 [ERROR] 没有获取到热榜数据，退出。
2025-06-10 13:28:29,664 [ERROR] 请求失败：403 Client Error: Forbidden for url: https://www.zhihu.com/api/v4/search/top_search
2025-06-10 13:28:29,664 [ERROR] 没有获取到热搜数据，退出。
2025-06-10 13:28:30,113 [ERROR] 请求失败：401 Client Error: Authorization Required for url: https://www.zhihu.com/api/v3/feed/topstory/hot-lists/total?limit=50&desktop=true
2025-06-10 13:28:30,113 [ERROR] 没有获取到热榜数据，退出。
2025-06-10 14:13:26,900 [ERROR] 请求失败：403 Client Error: Forbidden for url: https://www.zhihu.com/api/v4/search/top_search
2025-06-10 14:13:26,901 [ERROR] 没有获取到热搜数据，退出。
2025-06-10 14:13:27,344 [ERROR] 请求失败：401 Client Error: Authorization Required for url: https://www.zhihu.com/api/v3/feed/topstory/hot-lists/total?limit=50&desktop=true
2025-06-10 14:13:27,344 [ERROR] 没有获取到热榜数据，退出。
2025-06-10 15:14:07,692 [ERROR] 请求失败：403 Client Error: Forbidden for url: https://www.zhihu.com/api/v4/search/top_search
2025-06-10 15:14:07,692 [ERROR] 没有获取到热搜数据，退出。
2025-06-10 15:14:08,140 [ERROR] 请求失败：403 Client Error: Forbidden for url: https://www.zhihu.com/api/v3/feed/topstory/hot-lists/total?limit=50&desktop=true
2025-06-10 15:14:08,140 [ERROR] 没有获取到热榜数据，退出。
2025-06-10 16:16:42,764 [ERROR] 请求失败：403 Client Error: Forbidden for url: https://www.zhihu.com/api/v4/search/top_search
2025-06-10 16:16:42,765 [ERROR] 没有获取到热搜数据，退出。
2025-06-10 16:16:43,235 [ERROR] 请求失败：401 Client Error: Authorization Required for url: https://www.zhihu.com/api/v3/feed/topstory/hot-lists/total?limit=50&desktop=true
2025-06-10 16:16:43,235 [ERROR] 没有获取到热榜数据，退出。
2025-06-10 17:11:29,943 [ERROR] 请求失败：403 Client Error: Forbidden for url: https://www.zhihu.com/api/v4/search/top_search
2025-06-10 17:11:29,943 [ERROR] 没有获取到热搜数据，退出。
2025-06-10 17:11:30,344 [ERROR] 请求失败：401 Client Error: Authorization Required for url: https://www.zhihu.com/api/v3/feed/topstory/hot-lists/total?limit=50&desktop=true
2025-06-10 17:11:30,344 [ERROR] 没有获取到热榜数据，退出。
2025-06-10 18:18:20,232 [INFO] 成功写入 10 条热搜到 hotresearch/2025_6_10/2025_6_10_18.txt
2025-06-10 18:18:20,736 [ERROR] 请求失败：401 Client Error: Authorization Required for url: https://www.zhihu.com/api/v3/feed/topstory/hot-lists/total?limit=50&desktop=true
2025-06-10 18:18:20,736 [ERROR] 没有获取到热榜数据，退出。
2025-06-10 19:10:07,803 [ERROR] 请求失败：403 Client Error: Forbidden for url: https://www.zhihu.com/api/v4/search/top_search
2025-06-10 19:10:07,803 [ERROR] 没有获取到热搜数据，退出。
2025-06-10 19:10:08,278 [ERROR] 请求失败：401 Client Error: Authorization Required for url: https://www.zhihu.com/api/v3/feed/topstory/hot-lists/total?limit=50&desktop=true
2025-06-10 19:10:08,278 [ERROR] 没有获取到热榜数据，退出。
2025-06-10 20:14:45,257 [ERROR] 请求失败：403 Client Error: Forbidden for url: https://www.zhihu.com/api/v4/search/top_search
2025-06-10 20:14:45,257 [ERROR] 没有获取到热搜数据，退出。
2025-06-10 20:14:45,707 [ERROR] 请求失败：401 Client Error: Authorization Required for url: https://www.zhihu.com/api/v3/feed/topstory/hot-lists/total?limit=50&desktop=true
2025-06-10 20:14:45,707 [ERROR] 没有获取到热榜数据，退出。
2025-06-10 21:12:42,783 [INFO] 成功写入 10 条热搜到 hotresearch/2025_6_10/2025_6_10_21.txt
2025-06-10 21:12:43,252 [ERROR] 请求失败：401 Client Error: Authorization Required for url: https://www.zhihu.com/api/v3/feed/topstory/hot-lists/total?limit=50&desktop=true
2025-06-10 21:12:43,252 [ERROR] 没有获取到热榜数据，退出。
2025-06-10 22:12:24,328 [ERROR] 请求失败：403 Client Error: Forbidden for url: https://www.zhihu.com/api/v4/search/top_search
2025-06-10 22:12:24,328 [ERROR] 没有获取到热搜数据，退出。
2025-06-10 22:12:24,709 [ERROR] 请求失败：401 Client Error: Authorization Required for url: https://www.zhihu.com/api/v3/feed/topstory/hot-lists/total?limit=50&desktop=true
2025-06-10 22:12:24,709 [ERROR] 没有获取到热榜数据，退出。
