2025-05-04 01:08:22,116 [ERROR] 请求失败：403 Client Error: Forbidden for url: https://www.zhihu.com/api/v4/search/top_search
2025-05-04 01:08:22,116 [ERROR] 没有获取到热搜数据，退出。
2025-05-04 01:08:22,669 [INFO] 成功写入 30 条热榜到 hotquestion/2025_5_4/2025_5_4_1.txt
2025-05-04 03:12:09,945 [ERROR] 请求失败：403 Client Error: Forbidden for url: https://www.zhihu.com/api/v4/search/top_search
2025-05-04 03:12:09,945 [ERROR] 没有获取到热搜数据，退出。
2025-05-04 03:12:10,514 [INFO] 成功写入 30 条热榜到 hotquestion/2025_5_4/2025_5_4_3.txt
2025-05-04 04:16:21,858 [ERROR] 请求失败：403 Client Error: Forbidden for url: https://www.zhihu.com/api/v4/search/top_search
2025-05-04 04:16:21,859 [ERROR] 没有获取到热搜数据，退出。
2025-05-04 04:16:22,396 [INFO] 成功写入 30 条热榜到 hotquestion/2025_5_4/2025_5_4_4.txt
2025-05-04 05:12:28,425 [ERROR] 请求失败：403 Client Error: Forbidden for url: https://www.zhihu.com/api/v4/search/top_search
2025-05-04 05:12:28,425 [ERROR] 没有获取到热搜数据，退出。
2025-05-04 05:12:28,953 [ERROR] 请求失败：403 Client Error: Forbidden for url: https://www.zhihu.com/api/v3/feed/topstory/hot-lists/total?limit=50&desktop=true
2025-05-04 05:12:28,953 [ERROR] 没有获取到热榜数据，退出。
2025-05-04 06:17:19,676 [ERROR] 请求失败：403 Client Error: Forbidden for url: https://www.zhihu.com/api/v4/search/top_search
2025-05-04 06:17:19,676 [ERROR] 没有获取到热搜数据，退出。
2025-05-04 06:17:20,224 [INFO] 成功写入 30 条热榜到 hotquestion/2025_5_4/2025_5_4_6.txt
2025-05-04 07:11:28,342 [ERROR] 请求失败：403 Client Error: Forbidden for url: https://www.zhihu.com/api/v4/search/top_search
2025-05-04 07:11:28,342 [ERROR] 没有获取到热搜数据，退出。
2025-05-04 07:11:28,898 [INFO] 成功写入 30 条热榜到 hotquestion/2025_5_4/2025_5_4_7.txt
2025-05-04 08:15:07,198 [ERROR] 请求失败：403 Client Error: Forbidden for url: https://www.zhihu.com/api/v4/search/top_search
2025-05-04 08:15:07,198 [ERROR] 没有获取到热搜数据，退出。
2025-05-04 08:15:07,747 [INFO] 成功写入 30 条热榜到 hotquestion/2025_5_4/2025_5_4_8.txt
2025-05-04 09:12:24,264 [ERROR] 请求失败：403 Client Error: Forbidden for url: https://www.zhihu.com/api/v4/search/top_search
2025-05-04 09:12:24,264 [ERROR] 没有获取到热搜数据，退出。
2025-05-04 09:12:24,841 [INFO] 成功写入 30 条热榜到 hotquestion/2025_5_4/2025_5_4_9.txt
2025-05-04 10:12:11,302 [ERROR] 请求失败：403 Client Error: Forbidden for url: https://www.zhihu.com/api/v4/search/top_search
2025-05-04 10:12:11,302 [ERROR] 没有获取到热搜数据，退出。
2025-05-04 10:12:11,864 [INFO] 成功写入 30 条热榜到 hotquestion/2025_5_4/2025_5_4_10.txt
2025-05-04 11:09:40,811 [ERROR] 请求失败：403 Client Error: Forbidden for url: https://www.zhihu.com/api/v4/search/top_search
2025-05-04 11:09:40,811 [ERROR] 没有获取到热搜数据，退出。
2025-05-04 11:09:41,376 [ERROR] 请求失败：403 Client Error: Forbidden for url: https://www.zhihu.com/api/v3/feed/topstory/hot-lists/total?limit=50&desktop=true
2025-05-04 11:09:41,376 [ERROR] 没有获取到热榜数据，退出。
2025-05-04 12:22:24,867 [ERROR] 请求失败：403 Client Error: Forbidden for url: https://www.zhihu.com/api/v4/search/top_search
2025-05-04 12:22:24,867 [ERROR] 没有获取到热搜数据，退出。
2025-05-04 12:22:25,478 [INFO] 成功写入 30 条热榜到 hotquestion/2025_5_4/2025_5_4_12.txt
