2025-06-28 01:03:53,990 [ERROR] 请求失败：403 Client Error: Forbidden for url: https://www.zhihu.com/api/v4/search/top_search
2025-06-28 01:03:53,990 [ERROR] 没有获取到热搜数据，退出。
2025-06-28 01:03:54,351 [ERROR] 请求失败：401 Client Error: Authorization Required for url: https://www.zhihu.com/api/v3/feed/topstory/hot-lists/total?limit=50&desktop=true
2025-06-28 01:03:54,352 [ERROR] 没有获取到热榜数据，退出。
2025-06-28 03:09:34,393 [ERROR] 请求失败：403 Client Error: Forbidden for url: https://www.zhihu.com/api/v4/search/top_search
2025-06-28 03:09:34,393 [ERROR] 没有获取到热搜数据，退出。
2025-06-28 03:09:34,840 [ERROR] 请求失败：401 Client Error: Authorization Required for url: https://www.zhihu.com/api/v3/feed/topstory/hot-lists/total?limit=50&desktop=true
2025-06-28 03:09:34,840 [ERROR] 没有获取到热榜数据，退出。
2025-06-28 04:17:12,347 [ERROR] 请求失败：403 Client Error: Forbidden for url: https://www.zhihu.com/api/v4/search/top_search
2025-06-28 04:17:12,348 [ERROR] 没有获取到热搜数据，退出。
2025-06-28 04:17:12,728 [ERROR] 请求失败：401 Client Error: Authorization Required for url: https://www.zhihu.com/api/v3/feed/topstory/hot-lists/total?limit=50&desktop=true
2025-06-28 04:17:12,728 [ERROR] 没有获取到热榜数据，退出。
2025-06-28 05:13:45,599 [ERROR] 请求失败：403 Client Error: Forbidden for url: https://www.zhihu.com/api/v4/search/top_search
2025-06-28 05:13:45,599 [ERROR] 没有获取到热搜数据，退出。
2025-06-28 05:13:45,997 [ERROR] 请求失败：401 Client Error: Authorization Required for url: https://www.zhihu.com/api/v3/feed/topstory/hot-lists/total?limit=50&desktop=true
2025-06-28 05:13:45,997 [ERROR] 没有获取到热榜数据，退出。
2025-06-28 06:17:36,548 [ERROR] 请求失败：403 Client Error: Forbidden for url: https://www.zhihu.com/api/v4/search/top_search
2025-06-28 06:17:36,548 [ERROR] 没有获取到热搜数据，退出。
2025-06-28 06:17:36,894 [ERROR] 请求失败：401 Client Error: Authorization Required for url: https://www.zhihu.com/api/v3/feed/topstory/hot-lists/total?limit=50&desktop=true
2025-06-28 06:17:36,894 [ERROR] 没有获取到热榜数据，退出。
2025-06-28 07:11:55,111 [ERROR] 请求失败：403 Client Error: Forbidden for url: https://www.zhihu.com/api/v4/search/top_search
2025-06-28 07:11:55,111 [ERROR] 没有获取到热搜数据，退出。
2025-06-28 07:11:55,615 [ERROR] 请求失败：401 Client Error: Authorization Required for url: https://www.zhihu.com/api/v3/feed/topstory/hot-lists/total?limit=50&desktop=true
2025-06-28 07:11:55,615 [ERROR] 没有获取到热榜数据，退出。
2025-06-28 08:16:06,683 [ERROR] 请求失败：403 Client Error: Forbidden for url: https://www.zhihu.com/api/v4/search/top_search
2025-06-28 08:16:06,683 [ERROR] 没有获取到热搜数据，退出。
2025-06-28 08:16:07,157 [ERROR] 请求失败：403 Client Error: Forbidden for url: https://www.zhihu.com/api/v3/feed/topstory/hot-lists/total?limit=50&desktop=true
2025-06-28 08:16:07,157 [ERROR] 没有获取到热榜数据，退出。
2025-06-28 09:12:42,780 [ERROR] 请求失败：403 Client Error: Forbidden for url: https://www.zhihu.com/api/v4/search/top_search
2025-06-28 09:12:42,780 [ERROR] 没有获取到热搜数据，退出。
2025-06-28 09:12:43,248 [ERROR] 请求失败：403 Client Error: Forbidden for url: https://www.zhihu.com/api/v3/feed/topstory/hot-lists/total?limit=50&desktop=true
2025-06-28 09:12:43,248 [ERROR] 没有获取到热榜数据，退出。
