2025-09-23 00:57:52,953 [ERROR] 请求失败：403 Client Error: Forbidden for url: https://www.zhihu.com/api/v4/search/top_search
2025-09-23 00:57:52,954 [ERROR] 没有获取到热搜数据，退出。
2025-09-23 00:57:53,533 [ERROR] 请求失败：401 Client Error: Authorization Required for url: https://www.zhihu.com/api/v3/feed/topstory/hot-lists/total?limit=50&desktop=true
2025-09-23 00:57:53,534 [ERROR] 没有获取到热榜数据，退出。
2025-09-23 02:19:39,468 [ERROR] 请求失败：403 Client Error: Forbidden for url: https://www.zhihu.com/api/v4/search/top_search
2025-09-23 02:19:39,468 [ERROR] 没有获取到热搜数据，退出。
2025-09-23 02:19:39,846 [ERROR] 请求失败：401 Client Error: Authorization Required for url: https://www.zhihu.com/api/v3/feed/topstory/hot-lists/total?limit=50&desktop=true
2025-09-23 02:19:39,846 [ERROR] 没有获取到热榜数据，退出。
2025-09-23 03:25:33,078 [INFO] 成功写入 10 条热搜到 hotresearch/2025_9_23/2025_9_23_3.txt
2025-09-23 03:25:33,532 [ERROR] 请求失败：401 Client Error: Authorization Required for url: https://www.zhihu.com/api/v3/feed/topstory/hot-lists/total?limit=50&desktop=true
2025-09-23 03:25:33,532 [ERROR] 没有获取到热榜数据，退出。
2025-09-23 04:15:05,582 [ERROR] 请求失败：403 Client Error: Forbidden for url: https://www.zhihu.com/api/v4/search/top_search
2025-09-23 04:15:05,583 [ERROR] 没有获取到热搜数据，退出。
2025-09-23 04:15:05,989 [ERROR] 请求失败：403 Client Error: Forbidden for url: https://www.zhihu.com/api/v3/feed/topstory/hot-lists/total?limit=50&desktop=true
2025-09-23 04:15:05,989 [ERROR] 没有获取到热榜数据，退出。
2025-09-23 05:12:16,219 [ERROR] 请求失败：403 Client Error: Forbidden for url: https://www.zhihu.com/api/v4/search/top_search
2025-09-23 05:12:16,219 [ERROR] 没有获取到热搜数据，退出。
2025-09-23 05:12:17,122 [ERROR] 请求失败：403 Client Error: Forbidden for url: https://www.zhihu.com/api/v3/feed/topstory/hot-lists/total?limit=50&desktop=true
2025-09-23 05:12:17,122 [ERROR] 没有获取到热榜数据，退出。
2025-09-23 06:19:36,564 [ERROR] 请求失败：403 Client Error: Forbidden for url: https://www.zhihu.com/api/v4/search/top_search
2025-09-23 06:19:36,565 [ERROR] 没有获取到热搜数据，退出。
2025-09-23 06:19:37,100 [ERROR] 请求失败：401 Client Error: Authorization Required for url: https://www.zhihu.com/api/v3/feed/topstory/hot-lists/total?limit=50&desktop=true
2025-09-23 06:19:37,100 [ERROR] 没有获取到热榜数据，退出。
2025-09-23 07:13:00,803 [ERROR] 请求失败：403 Client Error: Forbidden for url: https://www.zhihu.com/api/v4/search/top_search
2025-09-23 07:13:00,803 [ERROR] 没有获取到热搜数据，退出。
2025-09-23 07:13:01,286 [ERROR] 请求失败：401 Client Error: Authorization Required for url: https://www.zhihu.com/api/v3/feed/topstory/hot-lists/total?limit=50&desktop=true
2025-09-23 07:13:01,286 [ERROR] 没有获取到热榜数据，退出。
2025-09-23 08:16:59,933 [INFO] 成功写入 10 条热搜到 hotresearch/2025_9_23/2025_9_23_8.txt
2025-09-23 08:17:00,293 [ERROR] 请求失败：401 Client Error: Authorization Required for url: https://www.zhihu.com/api/v3/feed/topstory/hot-lists/total?limit=50&desktop=true
2025-09-23 08:17:00,293 [ERROR] 没有获取到热榜数据，退出。
2025-09-23 09:13:56,630 [ERROR] 请求失败：403 Client Error: Forbidden for url: https://www.zhihu.com/api/v4/search/top_search
2025-09-23 09:13:56,630 [ERROR] 没有获取到热搜数据，退出。
2025-09-23 09:13:57,017 [ERROR] 请求失败：403 Client Error: Forbidden for url: https://www.zhihu.com/api/v3/feed/topstory/hot-lists/total?limit=50&desktop=true
2025-09-23 09:13:57,017 [ERROR] 没有获取到热榜数据，退出。
2025-09-23 10:12:52,396 [ERROR] 请求失败：403 Client Error: Forbidden for url: https://www.zhihu.com/api/v4/search/top_search
2025-09-23 10:12:52,396 [ERROR] 没有获取到热搜数据，退出。
2025-09-23 10:12:52,841 [ERROR] 请求失败：401 Client Error: Authorization Required for url: https://www.zhihu.com/api/v3/feed/topstory/hot-lists/total?limit=50&desktop=true
2025-09-23 10:12:52,841 [ERROR] 没有获取到热榜数据，退出。
2025-09-23 11:10:02,850 [INFO] 成功写入 10 条热搜到 hotresearch/2025_9_23/2025_9_23_11.txt
2025-09-23 11:10:03,263 [ERROR] 请求失败：403 Client Error: Forbidden for url: https://www.zhihu.com/api/v3/feed/topstory/hot-lists/total?limit=50&desktop=true
2025-09-23 11:10:03,263 [ERROR] 没有获取到热榜数据，退出。
