2025-05-24 01:01:08,615 [ERROR] 请求失败：403 Client Error: Forbidden for url: https://www.zhihu.com/api/v4/search/top_search
2025-05-24 01:01:08,615 [ERROR] 没有获取到热搜数据，退出。
2025-05-24 01:01:08,962 [ERROR] 请求失败：401 Client Error: Authorization Required for url: https://www.zhihu.com/api/v3/feed/topstory/hot-lists/total?limit=50&desktop=true
2025-05-24 01:01:08,962 [ERROR] 没有获取到热榜数据，退出。
2025-05-24 03:01:12,100 [INFO] 成功写入 10 条热搜到 hotresearch/2025_5_24/2025_5_24_3.txt
2025-05-24 03:01:12,632 [ERROR] 请求失败：401 Client Error: Authorization Required for url: https://www.zhihu.com/api/v3/feed/topstory/hot-lists/total?limit=50&desktop=true
2025-05-24 03:01:12,632 [ERROR] 没有获取到热榜数据，退出。
2025-05-24 04:14:47,572 [ERROR] 请求失败：403 Client Error: Forbidden for url: https://www.zhihu.com/api/v4/search/top_search
2025-05-24 04:14:47,573 [ERROR] 没有获取到热搜数据，退出。
2025-05-24 04:14:48,016 [ERROR] 请求失败：403 Client Error: Forbidden for url: https://www.zhihu.com/api/v3/feed/topstory/hot-lists/total?limit=50&desktop=true
2025-05-24 04:14:48,016 [ERROR] 没有获取到热榜数据，退出。
2025-05-24 05:12:27,238 [ERROR] 请求失败：403 Client Error: Forbidden for url: https://www.zhihu.com/api/v4/search/top_search
2025-05-24 05:12:27,238 [ERROR] 没有获取到热搜数据，退出。
2025-05-24 05:12:27,718 [ERROR] 请求失败：401 Client Error: Authorization Required for url: https://www.zhihu.com/api/v3/feed/topstory/hot-lists/total?limit=50&desktop=true
2025-05-24 05:12:27,718 [ERROR] 没有获取到热榜数据，退出。
2025-05-24 06:16:34,854 [ERROR] 请求失败：403 Client Error: Forbidden for url: https://www.zhihu.com/api/v4/search/top_search
2025-05-24 06:16:34,854 [ERROR] 没有获取到热搜数据，退出。
2025-05-24 06:16:35,395 [ERROR] 请求失败：401 Client Error: Authorization Required for url: https://www.zhihu.com/api/v3/feed/topstory/hot-lists/total?limit=50&desktop=true
2025-05-24 06:16:35,395 [ERROR] 没有获取到热榜数据，退出。
2025-05-24 07:11:18,216 [ERROR] 请求失败：403 Client Error: Forbidden for url: https://www.zhihu.com/api/v4/search/top_search
2025-05-24 07:11:18,216 [ERROR] 没有获取到热搜数据，退出。
2025-05-24 07:11:18,693 [ERROR] 请求失败：401 Client Error: Authorization Required for url: https://www.zhihu.com/api/v3/feed/topstory/hot-lists/total?limit=50&desktop=true
2025-05-24 07:11:18,693 [ERROR] 没有获取到热榜数据，退出。
2025-05-24 08:14:52,372 [ERROR] 请求失败：403 Client Error: Forbidden for url: https://www.zhihu.com/api/v4/search/top_search
2025-05-24 08:14:52,372 [ERROR] 没有获取到热搜数据，退出。
2025-05-24 08:14:52,784 [ERROR] 请求失败：401 Client Error: Authorization Required for url: https://www.zhihu.com/api/v3/feed/topstory/hot-lists/total?limit=50&desktop=true
2025-05-24 08:14:52,784 [ERROR] 没有获取到热榜数据，退出。
2025-05-24 09:11:50,574 [ERROR] 请求失败：403 Client Error: Forbidden for url: https://www.zhihu.com/api/v4/search/top_search
2025-05-24 09:11:50,574 [ERROR] 没有获取到热搜数据，退出。
2025-05-24 09:11:51,016 [ERROR] 请求失败：403 Client Error: Forbidden for url: https://www.zhihu.com/api/v3/feed/topstory/hot-lists/total?limit=50&desktop=true
2025-05-24 09:11:51,016 [ERROR] 没有获取到热榜数据，退出。
2025-05-24 10:12:05,506 [ERROR] 请求失败：403 Client Error: Forbidden for url: https://www.zhihu.com/api/v4/search/top_search
2025-05-24 10:12:05,506 [ERROR] 没有获取到热搜数据，退出。
2025-05-24 10:12:05,908 [ERROR] 请求失败：401 Client Error: Authorization Required for url: https://www.zhihu.com/api/v3/feed/topstory/hot-lists/total?limit=50&desktop=true
2025-05-24 10:12:05,908 [ERROR] 没有获取到热榜数据，退出。
2025-05-24 11:09:27,636 [ERROR] 请求失败：403 Client Error: Forbidden for url: https://www.zhihu.com/api/v4/search/top_search
2025-05-24 11:09:27,636 [ERROR] 没有获取到热搜数据，退出。
2025-05-24 11:09:28,084 [ERROR] 请求失败：401 Client Error: Authorization Required for url: https://www.zhihu.com/api/v3/feed/topstory/hot-lists/total?limit=50&desktop=true
2025-05-24 11:09:28,084 [ERROR] 没有获取到热榜数据，退出。
2025-05-24 12:22:34,820 [ERROR] 请求失败：403 Client Error: Forbidden for url: https://www.zhihu.com/api/v4/search/top_search
2025-05-24 12:22:34,820 [ERROR] 没有获取到热搜数据，退出。
2025-05-24 12:22:35,284 [ERROR] 请求失败：401 Client Error: Authorization Required for url: https://www.zhihu.com/api/v3/feed/topstory/hot-lists/total?limit=50&desktop=true
2025-05-24 12:22:35,284 [ERROR] 没有获取到热榜数据，退出。
2025-05-24 13:21:34,164 [ERROR] 请求失败：403 Client Error: Forbidden for url: https://www.zhihu.com/api/v4/search/top_search
2025-05-24 13:21:34,164 [ERROR] 没有获取到热搜数据，退出。
2025-05-24 13:21:34,683 [ERROR] 请求失败：403 Client Error: Forbidden for url: https://www.zhihu.com/api/v3/feed/topstory/hot-lists/total?limit=50&desktop=true
2025-05-24 13:21:34,683 [ERROR] 没有获取到热榜数据，退出。
2025-05-24 14:10:30,297 [ERROR] 请求失败：403 Client Error: Forbidden for url: https://www.zhihu.com/api/v4/search/top_search
2025-05-24 14:10:30,297 [ERROR] 没有获取到热搜数据，退出。
2025-05-24 14:10:30,756 [ERROR] 请求失败：401 Client Error: Authorization Required for url: https://www.zhihu.com/api/v3/feed/topstory/hot-lists/total?limit=50&desktop=true
2025-05-24 14:10:30,756 [ERROR] 没有获取到热榜数据，退出。
2025-05-24 15:11:27,723 [ERROR] 请求失败：403 Client Error: Forbidden for url: https://www.zhihu.com/api/v4/search/top_search
2025-05-24 15:11:27,723 [ERROR] 没有获取到热搜数据，退出。
2025-05-24 15:11:28,078 [ERROR] 请求失败：401 Client Error: Authorization Required for url: https://www.zhihu.com/api/v3/feed/topstory/hot-lists/total?limit=50&desktop=true
2025-05-24 15:11:28,078 [ERROR] 没有获取到热榜数据，退出。
