2025-05-15 01:00:24,595 [ERROR] 请求失败：403 Client Error: Forbidden for url: https://www.zhihu.com/api/v4/search/top_search
2025-05-15 01:00:24,595 [ERROR] 没有获取到热搜数据，退出。
2025-05-15 01:00:25,067 [ERROR] 请求失败：403 Client Error: Forbidden for url: https://www.zhihu.com/api/v3/feed/topstory/hot-lists/total?limit=50&desktop=true
2025-05-15 01:00:25,067 [ERROR] 没有获取到热榜数据，退出。
2025-05-15 03:05:14,797 [ERROR] 请求失败：403 Client Error: Forbidden for url: https://www.zhihu.com/api/v4/search/top_search
2025-05-15 03:05:14,797 [ERROR] 没有获取到热搜数据，退出。
2025-05-15 03:05:15,321 [ERROR] 请求失败：403 Client Error: Forbidden for url: https://www.zhihu.com/api/v3/feed/topstory/hot-lists/total?limit=50&desktop=true
2025-05-15 03:05:15,321 [ERROR] 没有获取到热榜数据，退出。
2025-05-15 04:16:33,494 [ERROR] 请求失败：403 Client Error: Forbidden for url: https://www.zhihu.com/api/v4/search/top_search
2025-05-15 04:16:33,494 [ERROR] 没有获取到热搜数据，退出。
2025-05-15 04:16:33,948 [ERROR] 请求失败：401 Client Error: Authorization Required for url: https://www.zhihu.com/api/v3/feed/topstory/hot-lists/total?limit=50&desktop=true
2025-05-15 04:16:33,948 [ERROR] 没有获取到热榜数据，退出。
2025-05-15 05:13:47,241 [ERROR] 请求失败：403 Client Error: Forbidden for url: https://www.zhihu.com/api/v4/search/top_search
2025-05-15 05:13:47,241 [ERROR] 没有获取到热搜数据，退出。
2025-05-15 05:13:47,816 [ERROR] 请求失败：403 Client Error: Forbidden for url: https://www.zhihu.com/api/v3/feed/topstory/hot-lists/total?limit=50&desktop=true
2025-05-15 05:13:47,816 [ERROR] 没有获取到热榜数据，退出。
2025-05-15 06:19:13,347 [INFO] 成功写入 10 条热搜到 hotresearch/2025_5_15/2025_5_15_6.txt
2025-05-15 06:19:13,807 [ERROR] 请求失败：403 Client Error: Forbidden for url: https://www.zhihu.com/api/v3/feed/topstory/hot-lists/total?limit=50&desktop=true
2025-05-15 06:19:13,807 [ERROR] 没有获取到热榜数据，退出。
2025-05-15 07:13:04,308 [INFO] 成功写入 10 条热搜到 hotresearch/2025_5_15/2025_5_15_7.txt
2025-05-15 07:13:04,815 [ERROR] 请求失败：401 Client Error: Authorization Required for url: https://www.zhihu.com/api/v3/feed/topstory/hot-lists/total?limit=50&desktop=true
2025-05-15 07:13:04,815 [ERROR] 没有获取到热榜数据，退出。
2025-05-15 08:18:06,945 [ERROR] 请求失败：403 Client Error: Forbidden for url: https://www.zhihu.com/api/v4/search/top_search
2025-05-15 08:18:06,945 [ERROR] 没有获取到热搜数据，退出。
2025-05-15 08:18:07,427 [ERROR] 请求失败：403 Client Error: Forbidden for url: https://www.zhihu.com/api/v3/feed/topstory/hot-lists/total?limit=50&desktop=true
2025-05-15 08:18:07,427 [ERROR] 没有获取到热榜数据，退出。
2025-05-15 09:13:49,549 [ERROR] 请求失败：403 Client Error: Forbidden for url: https://www.zhihu.com/api/v4/search/top_search
2025-05-15 09:13:49,549 [ERROR] 没有获取到热搜数据，退出。
2025-05-15 09:13:50,027 [ERROR] 请求失败：401 Client Error: Authorization Required for url: https://www.zhihu.com/api/v3/feed/topstory/hot-lists/total?limit=50&desktop=true
2025-05-15 09:13:50,027 [ERROR] 没有获取到热榜数据，退出。
