2025-06-20 01:05:13,073 [ERROR] 请求失败：403 Client Error: Forbidden for url: https://www.zhihu.com/api/v4/search/top_search
2025-06-20 01:05:13,073 [ERROR] 没有获取到热搜数据，退出。
2025-06-20 01:05:13,597 [ERROR] 请求失败：401 Client Error: Authorization Required for url: https://www.zhihu.com/api/v3/feed/topstory/hot-lists/total?limit=50&desktop=true
2025-06-20 01:05:13,597 [ERROR] 没有获取到热榜数据，退出。
2025-06-20 03:12:02,166 [ERROR] 请求失败：403 Client Error: Forbidden for url: https://www.zhihu.com/api/v4/search/top_search
2025-06-20 03:12:02,166 [ERROR] 没有获取到热搜数据，退出。
2025-06-20 03:12:02,631 [ERROR] 请求失败：401 Client Error: Authorization Required for url: https://www.zhihu.com/api/v3/feed/topstory/hot-lists/total?limit=50&desktop=true
2025-06-20 03:12:02,631 [ERROR] 没有获取到热榜数据，退出。
2025-06-20 04:20:35,563 [ERROR] 请求失败：403 Client Error: Forbidden for url: https://www.zhihu.com/api/v4/search/top_search
2025-06-20 04:20:35,563 [ERROR] 没有获取到热搜数据，退出。
2025-06-20 04:20:36,034 [ERROR] 请求失败：403 Client Error: Forbidden for url: https://www.zhihu.com/api/v3/feed/topstory/hot-lists/total?limit=50&desktop=true
2025-06-20 04:20:36,034 [ERROR] 没有获取到热榜数据，退出。
2025-06-20 05:14:09,077 [ERROR] 请求失败：403 Client Error: Forbidden for url: https://www.zhihu.com/api/v4/search/top_search
2025-06-20 05:14:09,077 [ERROR] 没有获取到热搜数据，退出。
2025-06-20 05:14:09,617 [ERROR] 请求失败：401 Client Error: Authorization Required for url: https://www.zhihu.com/api/v3/feed/topstory/hot-lists/total?limit=50&desktop=true
2025-06-20 05:14:09,617 [ERROR] 没有获取到热榜数据，退出。
2025-06-20 06:19:41,451 [ERROR] 请求失败：403 Client Error: Forbidden for url: https://www.zhihu.com/api/v4/search/top_search
2025-06-20 06:19:41,451 [ERROR] 没有获取到热搜数据，退出。
2025-06-20 06:19:41,796 [ERROR] 请求失败：401 Client Error: Authorization Required for url: https://www.zhihu.com/api/v3/feed/topstory/hot-lists/total?limit=50&desktop=true
2025-06-20 06:19:41,797 [ERROR] 没有获取到热榜数据，退出。
2025-06-20 07:13:05,091 [ERROR] 请求失败：403 Client Error: Forbidden for url: https://www.zhihu.com/api/v4/search/top_search
2025-06-20 07:13:05,091 [ERROR] 没有获取到热搜数据，退出。
2025-06-20 07:13:05,656 [ERROR] 请求失败：403 Client Error: Forbidden for url: https://www.zhihu.com/api/v3/feed/topstory/hot-lists/total?limit=50&desktop=true
2025-06-20 07:13:05,656 [ERROR] 没有获取到热榜数据，退出。
2025-06-20 08:17:57,127 [ERROR] 请求失败：403 Client Error: Forbidden for url: https://www.zhihu.com/api/v4/search/top_search
2025-06-20 08:17:57,128 [ERROR] 没有获取到热搜数据，退出。
2025-06-20 08:17:57,480 [ERROR] 请求失败：401 Client Error: Authorization Required for url: https://www.zhihu.com/api/v3/feed/topstory/hot-lists/total?limit=50&desktop=true
2025-06-20 08:17:57,480 [ERROR] 没有获取到热榜数据，退出。
