2025-09-29 01:00:26,732 [ERROR] 请求失败：403 Client Error: Forbidden for url: https://www.zhihu.com/api/v4/search/top_search
2025-09-29 01:00:26,732 [ERROR] 没有获取到热搜数据，退出。
2025-09-29 01:00:27,153 [ERROR] 请求失败：401 Client Error: Authorization Required for url: https://www.zhihu.com/api/v3/feed/topstory/hot-lists/total?limit=50&desktop=true
2025-09-29 01:00:27,153 [ERROR] 没有获取到热榜数据，退出。
2025-09-29 02:59:05,347 [ERROR] 请求失败：403 Client Error: Forbidden for url: https://www.zhihu.com/api/v4/search/top_search
2025-09-29 02:59:05,347 [ERROR] 没有获取到热搜数据，退出。
2025-09-29 02:59:05,876 [ERROR] 请求失败：403 Client Error: Forbidden for url: https://www.zhihu.com/api/v3/feed/topstory/hot-lists/total?limit=50&desktop=true
2025-09-29 02:59:05,876 [ERROR] 没有获取到热榜数据，退出。
2025-09-29 03:37:25,649 [ERROR] 请求失败：403 Client Error: Forbidden for url: https://www.zhihu.com/api/v4/search/top_search
2025-09-29 03:37:25,649 [ERROR] 没有获取到热搜数据，退出。
2025-09-29 03:37:25,996 [ERROR] 请求失败：401 Client Error: Authorization Required for url: https://www.zhihu.com/api/v3/feed/topstory/hot-lists/total?limit=50&desktop=true
2025-09-29 03:37:25,996 [ERROR] 没有获取到热榜数据，退出。
2025-09-29 04:15:30,954 [ERROR] 请求失败：403 Client Error: Forbidden for url: https://www.zhihu.com/api/v4/search/top_search
2025-09-29 04:15:30,954 [ERROR] 没有获取到热搜数据，退出。
2025-09-29 04:15:31,368 [ERROR] 请求失败：401 Client Error: Authorization Required for url: https://www.zhihu.com/api/v3/feed/topstory/hot-lists/total?limit=50&desktop=true
2025-09-29 04:15:31,368 [ERROR] 没有获取到热榜数据，退出。
2025-09-29 05:13:33,113 [ERROR] 请求失败：403 Client Error: Forbidden for url: https://www.zhihu.com/api/v4/search/top_search
2025-09-29 05:13:33,113 [ERROR] 没有获取到热搜数据，退出。
2025-09-29 05:13:33,521 [ERROR] 请求失败：403 Client Error: Forbidden for url: https://www.zhihu.com/api/v3/feed/topstory/hot-lists/total?limit=50&desktop=true
2025-09-29 05:13:33,521 [ERROR] 没有获取到热榜数据，退出。
2025-09-29 06:20:18,271 [ERROR] 请求失败：403 Client Error: Forbidden for url: https://www.zhihu.com/api/v4/search/top_search
2025-09-29 06:20:18,271 [ERROR] 没有获取到热搜数据，退出。
2025-09-29 06:20:18,849 [ERROR] 请求失败：403 Client Error: Forbidden for url: https://www.zhihu.com/api/v3/feed/topstory/hot-lists/total?limit=50&desktop=true
2025-09-29 06:20:18,849 [ERROR] 没有获取到热榜数据，退出。
2025-09-29 07:13:15,934 [ERROR] 请求失败：403 Client Error: Forbidden for url: https://www.zhihu.com/api/v4/search/top_search
2025-09-29 07:13:15,934 [ERROR] 没有获取到热搜数据，退出。
2025-09-29 07:13:16,413 [ERROR] 请求失败：401 Client Error: Authorization Required for url: https://www.zhihu.com/api/v3/feed/topstory/hot-lists/total?limit=50&desktop=true
2025-09-29 07:13:16,413 [ERROR] 没有获取到热榜数据，退出。
2025-09-29 08:18:53,627 [ERROR] 请求失败：403 Client Error: Forbidden for url: https://www.zhihu.com/api/v4/search/top_search
2025-09-29 08:18:53,627 [ERROR] 没有获取到热搜数据，退出。
2025-09-29 08:18:54,104 [ERROR] 请求失败：401 Client Error: Authorization Required for url: https://www.zhihu.com/api/v3/feed/topstory/hot-lists/total?limit=50&desktop=true
2025-09-29 08:18:54,105 [ERROR] 没有获取到热榜数据，退出。
2025-09-29 09:14:50,826 [ERROR] 请求失败：403 Client Error: Forbidden for url: https://www.zhihu.com/api/v4/search/top_search
2025-09-29 09:14:50,826 [ERROR] 没有获取到热搜数据，退出。
2025-09-29 09:14:51,308 [ERROR] 请求失败：401 Client Error: Authorization Required for url: https://www.zhihu.com/api/v3/feed/topstory/hot-lists/total?limit=50&desktop=true
2025-09-29 09:14:51,308 [ERROR] 没有获取到热榜数据，退出。
2025-09-29 10:14:29,226 [ERROR] 请求失败：403 Client Error: Forbidden for url: https://www.zhihu.com/api/v4/search/top_search
2025-09-29 10:14:29,226 [ERROR] 没有获取到热搜数据，退出。
2025-09-29 10:14:29,773 [ERROR] 请求失败：403 Client Error: Forbidden for url: https://www.zhihu.com/api/v3/feed/topstory/hot-lists/total?limit=50&desktop=true
2025-09-29 10:14:29,773 [ERROR] 没有获取到热榜数据，退出。
