2025-07-29 01:18:10,788 [ERROR] 请求失败：403 Client Error: Forbidden for url: https://www.zhihu.com/api/v4/search/top_search
2025-07-29 01:18:10,788 [ERROR] 没有获取到热搜数据，退出。
2025-07-29 01:18:11,293 [ERROR] 请求失败：401 Client Error: Authorization Required for url: https://www.zhihu.com/api/v3/feed/topstory/hot-lists/total?limit=50&desktop=true
2025-07-29 01:18:11,293 [ERROR] 没有获取到热榜数据，退出。
2025-07-29 03:44:18,688 [ERROR] 请求失败：403 Client Error: Forbidden for url: https://www.zhihu.com/api/v4/search/top_search
2025-07-29 03:44:18,688 [ERROR] 没有获取到热搜数据，退出。
2025-07-29 03:44:19,035 [ERROR] 请求失败：401 Client Error: Authorization Required for url: https://www.zhihu.com/api/v3/feed/topstory/hot-lists/total?limit=50&desktop=true
2025-07-29 03:44:19,035 [ERROR] 没有获取到热榜数据，退出。
2025-07-29 04:41:18,158 [ERROR] 请求失败：403 Client Error: Forbidden for url: https://www.zhihu.com/api/v4/search/top_search
2025-07-29 04:41:18,158 [ERROR] 没有获取到热搜数据，退出。
2025-07-29 04:41:18,618 [ERROR] 请求失败：401 Client Error: Authorization Required for url: https://www.zhihu.com/api/v3/feed/topstory/hot-lists/total?limit=50&desktop=true
2025-07-29 04:41:18,618 [ERROR] 没有获取到热榜数据，退出。
2025-07-29 05:22:12,738 [ERROR] 请求失败：403 Client Error: Forbidden for url: https://www.zhihu.com/api/v4/search/top_search
2025-07-29 05:22:12,738 [ERROR] 没有获取到热搜数据，退出。
2025-07-29 05:22:13,258 [ERROR] 请求失败：401 Client Error: Authorization Required for url: https://www.zhihu.com/api/v3/feed/topstory/hot-lists/total?limit=50&desktop=true
2025-07-29 05:22:13,258 [ERROR] 没有获取到热榜数据，退出。
2025-07-29 06:21:54,177 [ERROR] 请求失败：403 Client Error: Forbidden for url: https://www.zhihu.com/api/v4/search/top_search
2025-07-29 06:21:54,177 [ERROR] 没有获取到热搜数据，退出。
2025-07-29 06:21:54,653 [ERROR] 请求失败：401 Client Error: Authorization Required for url: https://www.zhihu.com/api/v3/feed/topstory/hot-lists/total?limit=50&desktop=true
2025-07-29 06:21:54,653 [ERROR] 没有获取到热榜数据，退出。
2025-07-29 07:18:44,319 [ERROR] 请求失败：403 Client Error: Forbidden for url: https://www.zhihu.com/api/v4/search/top_search
2025-07-29 07:18:44,319 [ERROR] 没有获取到热搜数据，退出。
2025-07-29 07:18:44,675 [ERROR] 请求失败：401 Client Error: Authorization Required for url: https://www.zhihu.com/api/v3/feed/topstory/hot-lists/total?limit=50&desktop=true
2025-07-29 07:18:44,675 [ERROR] 没有获取到热榜数据，退出。
2025-07-29 08:19:41,564 [ERROR] 请求失败：403 Client Error: Forbidden for url: https://www.zhihu.com/api/v4/search/top_search
2025-07-29 08:19:41,564 [ERROR] 没有获取到热搜数据，退出。
2025-07-29 08:19:42,026 [ERROR] 请求失败：403 Client Error: Forbidden for url: https://www.zhihu.com/api/v3/feed/topstory/hot-lists/total?limit=50&desktop=true
2025-07-29 08:19:42,026 [ERROR] 没有获取到热榜数据，退出。
2025-07-29 09:19:12,604 [INFO] 成功写入 10 条热搜到 hotresearch/2025_7_29/2025_7_29_9.txt
2025-07-29 09:19:13,055 [ERROR] 请求失败：401 Client Error: Authorization Required for url: https://www.zhihu.com/api/v3/feed/topstory/hot-lists/total?limit=50&desktop=true
2025-07-29 09:19:13,055 [ERROR] 没有获取到热榜数据，退出。
2025-07-29 10:15:12,294 [ERROR] 请求失败：403 Client Error: Forbidden for url: https://www.zhihu.com/api/v4/search/top_search
2025-07-29 10:15:12,294 [ERROR] 没有获取到热搜数据，退出。
2025-07-29 10:15:12,855 [ERROR] 请求失败：403 Client Error: Forbidden for url: https://www.zhihu.com/api/v3/feed/topstory/hot-lists/total?limit=50&desktop=true
2025-07-29 10:15:12,856 [ERROR] 没有获取到热榜数据，退出。
