2025-08-03 01:17:42,626 [ERROR] 请求失败：403 Client Error: Forbidden for url: https://www.zhihu.com/api/v4/search/top_search
2025-08-03 01:17:42,626 [ERROR] 没有获取到热搜数据，退出。
2025-08-03 01:17:43,001 [ERROR] 请求失败：403 Client Error: Forbidden for url: https://www.zhihu.com/api/v3/feed/topstory/hot-lists/total?limit=50&desktop=true
2025-08-03 01:17:43,001 [ERROR] 没有获取到热榜数据，退出。
2025-08-03 03:45:20,540 [ERROR] 请求失败：403 Client Error: Forbidden for url: https://www.zhihu.com/api/v4/search/top_search
2025-08-03 03:45:20,540 [ERROR] 没有获取到热搜数据，退出。
2025-08-03 03:45:21,013 [ERROR] 请求失败：403 Client Error: Forbidden for url: https://www.zhihu.com/api/v3/feed/topstory/hot-lists/total?limit=50&desktop=true
2025-08-03 03:45:21,013 [ERROR] 没有获取到热榜数据，退出。
2025-08-03 04:42:01,819 [ERROR] 请求失败：403 Client Error: Forbidden for url: https://www.zhihu.com/api/v4/search/top_search
2025-08-03 04:42:01,819 [ERROR] 没有获取到热搜数据，退出。
2025-08-03 04:42:02,435 [ERROR] 请求失败：403 Client Error: Forbidden for url: https://www.zhihu.com/api/v3/feed/topstory/hot-lists/total?limit=50&desktop=true
2025-08-03 04:42:02,435 [ERROR] 没有获取到热榜数据，退出。
2025-08-03 05:21:14,831 [ERROR] 请求失败：403 Client Error: Forbidden for url: https://www.zhihu.com/api/v4/search/top_search
2025-08-03 05:21:14,831 [ERROR] 没有获取到热搜数据，退出。
2025-08-03 05:21:15,184 [ERROR] 请求失败：403 Client Error: Forbidden for url: https://www.zhihu.com/api/v3/feed/topstory/hot-lists/total?limit=50&desktop=true
2025-08-03 05:21:15,184 [ERROR] 没有获取到热榜数据，退出。
2025-08-03 06:19:16,460 [ERROR] 请求失败：403 Client Error: Forbidden for url: https://www.zhihu.com/api/v4/search/top_search
2025-08-03 06:19:16,460 [ERROR] 没有获取到热搜数据，退出。
2025-08-03 06:19:16,816 [ERROR] 请求失败：401 Client Error: Authorization Required for url: https://www.zhihu.com/api/v3/feed/topstory/hot-lists/total?limit=50&desktop=true
2025-08-03 06:19:16,817 [ERROR] 没有获取到热榜数据，退出。
