2025-05-30 01:02:32,819 [ERROR] 请求失败：403 Client Error: Forbidden for url: https://www.zhihu.com/api/v4/search/top_search
2025-05-30 01:02:32,819 [ERROR] 没有获取到热搜数据，退出。
2025-05-30 01:02:33,218 [ERROR] 请求失败：401 Client Error: Authorization Required for url: https://www.zhihu.com/api/v3/feed/topstory/hot-lists/total?limit=50&desktop=true
2025-05-30 01:02:33,218 [ERROR] 没有获取到热榜数据，退出。
2025-05-30 03:07:00,979 [ERROR] 请求失败：403 Client Error: Forbidden for url: https://www.zhihu.com/api/v4/search/top_search
2025-05-30 03:07:00,979 [ERROR] 没有获取到热搜数据，退出。
2025-05-30 03:07:01,425 [ERROR] 请求失败：403 Client Error: Forbidden for url: https://www.zhihu.com/api/v3/feed/topstory/hot-lists/total?limit=50&desktop=true
2025-05-30 03:07:01,425 [ERROR] 没有获取到热榜数据，退出。
2025-05-30 04:17:30,603 [ERROR] 请求失败：403 Client Error: Forbidden for url: https://www.zhihu.com/api/v4/search/top_search
2025-05-30 04:17:30,603 [ERROR] 没有获取到热搜数据，退出。
2025-05-30 04:17:31,058 [ERROR] 请求失败：401 Client Error: Authorization Required for url: https://www.zhihu.com/api/v3/feed/topstory/hot-lists/total?limit=50&desktop=true
2025-05-30 04:17:31,058 [ERROR] 没有获取到热榜数据，退出。
2025-05-30 05:13:26,715 [ERROR] 请求失败：403 Client Error: Forbidden for url: https://www.zhihu.com/api/v4/search/top_search
2025-05-30 05:13:26,715 [ERROR] 没有获取到热搜数据，退出。
2025-05-30 05:13:27,186 [ERROR] 请求失败：401 Client Error: Authorization Required for url: https://www.zhihu.com/api/v3/feed/topstory/hot-lists/total?limit=50&desktop=true
2025-05-30 05:13:27,186 [ERROR] 没有获取到热榜数据，退出。
2025-05-30 06:18:39,852 [ERROR] 请求失败：403 Client Error: Forbidden for url: https://www.zhihu.com/api/v4/search/top_search
2025-05-30 06:18:39,852 [ERROR] 没有获取到热搜数据，退出。
2025-05-30 06:18:40,323 [ERROR] 请求失败：401 Client Error: Authorization Required for url: https://www.zhihu.com/api/v3/feed/topstory/hot-lists/total?limit=50&desktop=true
2025-05-30 06:18:40,324 [ERROR] 没有获取到热榜数据，退出。
2025-05-30 07:12:33,125 [ERROR] 请求失败：403 Client Error: Forbidden for url: https://www.zhihu.com/api/v4/search/top_search
2025-05-30 07:12:33,125 [ERROR] 没有获取到热搜数据，退出。
2025-05-30 07:12:33,597 [ERROR] 请求失败：401 Client Error: Authorization Required for url: https://www.zhihu.com/api/v3/feed/topstory/hot-lists/total?limit=50&desktop=true
2025-05-30 07:12:33,597 [ERROR] 没有获取到热榜数据，退出。
2025-05-30 08:17:27,016 [INFO] 成功写入 10 条热搜到 hotresearch/2025_5_30/2025_5_30_8.txt
2025-05-30 08:17:27,481 [ERROR] 请求失败：401 Client Error: Authorization Required for url: https://www.zhihu.com/api/v3/feed/topstory/hot-lists/total?limit=50&desktop=true
2025-05-30 08:17:27,481 [ERROR] 没有获取到热榜数据，退出。
2025-05-30 09:13:35,876 [ERROR] 请求失败：403 Client Error: Forbidden for url: https://www.zhihu.com/api/v4/search/top_search
2025-05-30 09:13:35,877 [ERROR] 没有获取到热搜数据，退出。
2025-05-30 09:13:36,387 [ERROR] 请求失败：401 Client Error: Authorization Required for url: https://www.zhihu.com/api/v3/feed/topstory/hot-lists/total?limit=50&desktop=true
2025-05-30 09:13:36,387 [ERROR] 没有获取到热榜数据，退出。
2025-05-30 10:13:40,267 [ERROR] 请求失败：403 Client Error: Forbidden for url: https://www.zhihu.com/api/v4/search/top_search
2025-05-30 10:13:40,267 [ERROR] 没有获取到热搜数据，退出。
2025-05-30 10:13:40,790 [ERROR] 请求失败：403 Client Error: Forbidden for url: https://www.zhihu.com/api/v3/feed/topstory/hot-lists/total?limit=50&desktop=true
2025-05-30 10:13:40,790 [ERROR] 没有获取到热榜数据，退出。
2025-05-30 11:10:40,247 [ERROR] 请求失败：403 Client Error: Forbidden for url: https://www.zhihu.com/api/v4/search/top_search
2025-05-30 11:10:40,247 [ERROR] 没有获取到热搜数据，退出。
2025-05-30 11:10:40,659 [ERROR] 请求失败：401 Client Error: Authorization Required for url: https://www.zhihu.com/api/v3/feed/topstory/hot-lists/total?limit=50&desktop=true
2025-05-30 11:10:40,659 [ERROR] 没有获取到热榜数据，退出。
2025-05-30 12:25:18,651 [ERROR] 请求失败：403 Client Error: Forbidden for url: https://www.zhihu.com/api/v4/search/top_search
2025-05-30 12:25:18,652 [ERROR] 没有获取到热搜数据，退出。
2025-05-30 12:25:19,120 [ERROR] 请求失败：401 Client Error: Authorization Required for url: https://www.zhihu.com/api/v3/feed/topstory/hot-lists/total?limit=50&desktop=true
2025-05-30 12:25:19,120 [ERROR] 没有获取到热榜数据，退出。
2025-05-30 13:25:10,554 [ERROR] 请求失败：403 Client Error: Forbidden for url: https://www.zhihu.com/api/v4/search/top_search
2025-05-30 13:25:10,554 [ERROR] 没有获取到热搜数据，退出。
2025-05-30 13:25:10,980 [ERROR] 请求失败：401 Client Error: Authorization Required for url: https://www.zhihu.com/api/v3/feed/topstory/hot-lists/total?limit=50&desktop=true
2025-05-30 13:25:10,980 [ERROR] 没有获取到热榜数据，退出。
