2025-08-05 01:13:05,027 [ERROR] 请求失败：403 Client Error: Forbidden for url: https://www.zhihu.com/api/v4/search/top_search
2025-08-05 01:13:05,027 [ERROR] 没有获取到热搜数据，退出。
2025-08-05 01:13:05,819 [ERROR] 请求失败：403 Client Error: Forbidden for url: https://www.zhihu.com/api/v3/feed/topstory/hot-lists/total?limit=50&desktop=true
2025-08-05 01:13:05,819 [ERROR] 没有获取到热榜数据，退出。
2025-08-05 03:41:56,925 [ERROR] 请求失败：403 Client Error: Forbidden for url: https://www.zhihu.com/api/v4/search/top_search
2025-08-05 03:41:56,925 [ERROR] 没有获取到热搜数据，退出。
2025-08-05 03:41:57,347 [ERROR] 请求失败：403 Client Error: Forbidden for url: https://www.zhihu.com/api/v3/feed/topstory/hot-lists/total?limit=50&desktop=true
2025-08-05 03:41:57,347 [ERROR] 没有获取到热榜数据，退出。
2025-08-05 04:41:16,364 [ERROR] 请求失败：403 Client Error: Forbidden for url: https://www.zhihu.com/api/v4/search/top_search
2025-08-05 04:41:16,364 [ERROR] 没有获取到热搜数据，退出。
2025-08-05 04:41:17,200 [ERROR] 请求失败：403 Client Error: Forbidden for url: https://www.zhihu.com/api/v3/feed/topstory/hot-lists/total?limit=50&desktop=true
2025-08-05 04:41:17,200 [ERROR] 没有获取到热榜数据，退出。
2025-08-05 05:23:31,116 [ERROR] 请求失败：403 Client Error: Forbidden for url: https://www.zhihu.com/api/v4/search/top_search
2025-08-05 05:23:31,117 [ERROR] 没有获取到热搜数据，退出。
2025-08-05 05:23:31,525 [ERROR] 请求失败：403 Client Error: Forbidden for url: https://www.zhihu.com/api/v3/feed/topstory/hot-lists/total?limit=50&desktop=true
2025-08-05 05:23:31,525 [ERROR] 没有获取到热榜数据，退出。
2025-08-05 06:23:33,790 [INFO] 成功写入 10 条热搜到 hotresearch/2025_8_5/2025_8_5_6.txt
2025-08-05 06:23:34,345 [ERROR] 请求失败：401 Client Error: Authorization Required for url: https://www.zhihu.com/api/v3/feed/topstory/hot-lists/total?limit=50&desktop=true
2025-08-05 06:23:34,345 [ERROR] 没有获取到热榜数据，退出。
2025-08-05 07:20:35,151 [ERROR] 请求失败：403 Client Error: Forbidden for url: https://www.zhihu.com/api/v4/search/top_search
2025-08-05 07:20:35,151 [ERROR] 没有获取到热搜数据，退出。
2025-08-05 07:20:35,682 [ERROR] 请求失败：403 Client Error: Forbidden for url: https://www.zhihu.com/api/v3/feed/topstory/hot-lists/total?limit=50&desktop=true
2025-08-05 07:20:35,682 [ERROR] 没有获取到热榜数据，退出。
