2025-06-12 01:04:44,695 [ERROR] 请求失败：403 Client Error: Forbidden for url: https://www.zhihu.com/api/v4/search/top_search
2025-06-12 01:04:44,695 [ERROR] 没有获取到热搜数据，退出。
2025-06-12 01:04:45,288 [ERROR] 请求失败：401 Client Error: Authorization Required for url: https://www.zhihu.com/api/v3/feed/topstory/hot-lists/total?limit=50&desktop=true
2025-06-12 01:04:45,288 [ERROR] 没有获取到热榜数据，退出。
2025-06-12 03:11:26,265 [ERROR] 请求失败：403 Client Error: Forbidden for url: https://www.zhihu.com/api/v4/search/top_search
2025-06-12 03:11:26,265 [ERROR] 没有获取到热搜数据，退出。
2025-06-12 03:11:26,716 [ERROR] 请求失败：401 Client Error: Authorization Required for url: https://www.zhihu.com/api/v3/feed/topstory/hot-lists/total?limit=50&desktop=true
2025-06-12 03:11:26,716 [ERROR] 没有获取到热榜数据，退出。
2025-06-12 04:20:25,339 [ERROR] 请求失败：403 Client Error: Forbidden for url: https://www.zhihu.com/api/v4/search/top_search
2025-06-12 04:20:25,340 [ERROR] 没有获取到热搜数据，退出。
2025-06-12 04:20:25,827 [ERROR] 请求失败：403 Client Error: Forbidden for url: https://www.zhihu.com/api/v3/feed/topstory/hot-lists/total?limit=50&desktop=true
2025-06-12 04:20:25,827 [ERROR] 没有获取到热榜数据，退出。
2025-06-12 05:13:35,020 [ERROR] 请求失败：403 Client Error: Forbidden for url: https://www.zhihu.com/api/v4/search/top_search
2025-06-12 05:13:35,020 [ERROR] 没有获取到热搜数据，退出。
2025-06-12 05:13:35,387 [ERROR] 请求失败：401 Client Error: Authorization Required for url: https://www.zhihu.com/api/v3/feed/topstory/hot-lists/total?limit=50&desktop=true
2025-06-12 05:13:35,387 [ERROR] 没有获取到热榜数据，退出。
2025-06-12 06:20:04,044 [ERROR] 请求失败：403 Client Error: Forbidden for url: https://www.zhihu.com/api/v4/search/top_search
2025-06-12 06:20:04,044 [ERROR] 没有获取到热搜数据，退出。
2025-06-12 06:20:04,526 [ERROR] 请求失败：403 Client Error: Forbidden for url: https://www.zhihu.com/api/v3/feed/topstory/hot-lists/total?limit=50&desktop=true
2025-06-12 06:20:04,526 [ERROR] 没有获取到热榜数据，退出。
2025-06-12 07:13:27,799 [ERROR] 请求失败：403 Client Error: Forbidden for url: https://www.zhihu.com/api/v4/search/top_search
2025-06-12 07:13:27,799 [ERROR] 没有获取到热搜数据，退出。
2025-06-12 07:13:28,171 [ERROR] 请求失败：401 Client Error: Authorization Required for url: https://www.zhihu.com/api/v3/feed/topstory/hot-lists/total?limit=50&desktop=true
2025-06-12 07:13:28,171 [ERROR] 没有获取到热榜数据，退出。
2025-06-12 08:18:13,488 [ERROR] 请求失败：403 Client Error: Forbidden for url: https://www.zhihu.com/api/v4/search/top_search
2025-06-12 08:18:13,488 [ERROR] 没有获取到热搜数据，退出。
2025-06-12 08:18:13,957 [ERROR] 请求失败：403 Client Error: Forbidden for url: https://www.zhihu.com/api/v3/feed/topstory/hot-lists/total?limit=50&desktop=true
2025-06-12 08:18:13,957 [ERROR] 没有获取到热榜数据，退出。
2025-06-12 09:14:08,815 [ERROR] 请求失败：403 Client Error: Forbidden for url: https://www.zhihu.com/api/v4/search/top_search
2025-06-12 09:14:08,815 [ERROR] 没有获取到热搜数据，退出。
2025-06-12 09:14:09,324 [ERROR] 请求失败：403 Client Error: Forbidden for url: https://www.zhihu.com/api/v3/feed/topstory/hot-lists/total?limit=50&desktop=true
2025-06-12 09:14:09,324 [ERROR] 没有获取到热榜数据，退出。
2025-06-12 10:14:55,559 [ERROR] 请求失败：403 Client Error: Forbidden for url: https://www.zhihu.com/api/v4/search/top_search
2025-06-12 10:14:55,559 [ERROR] 没有获取到热搜数据，退出。
2025-06-12 10:14:55,913 [ERROR] 请求失败：401 Client Error: Authorization Required for url: https://www.zhihu.com/api/v3/feed/topstory/hot-lists/total?limit=50&desktop=true
2025-06-12 10:14:55,913 [ERROR] 没有获取到热榜数据，退出。
2025-06-12 11:11:33,796 [ERROR] 请求失败：403 Client Error: Forbidden for url: https://www.zhihu.com/api/v4/search/top_search
2025-06-12 11:11:33,796 [ERROR] 没有获取到热搜数据，退出。
2025-06-12 11:11:34,280 [ERROR] 请求失败：401 Client Error: Authorization Required for url: https://www.zhihu.com/api/v3/feed/topstory/hot-lists/total?limit=50&desktop=true
2025-06-12 11:11:34,281 [ERROR] 没有获取到热榜数据，退出。
2025-06-12 12:26:06,223 [INFO] 成功写入 10 条热搜到 hotresearch/2025_6_12/2025_6_12_12.txt
2025-06-12 12:26:06,701 [ERROR] 请求失败：403 Client Error: Forbidden for url: https://www.zhihu.com/api/v3/feed/topstory/hot-lists/total?limit=50&desktop=true
2025-06-12 12:26:06,701 [ERROR] 没有获取到热榜数据，退出。
2025-06-12 13:27:51,339 [ERROR] 请求失败：403 Client Error: Forbidden for url: https://www.zhihu.com/api/v4/search/top_search
2025-06-12 13:27:51,339 [ERROR] 没有获取到热搜数据，退出。
2025-06-12 13:27:51,826 [ERROR] 请求失败：401 Client Error: Authorization Required for url: https://www.zhihu.com/api/v3/feed/topstory/hot-lists/total?limit=50&desktop=true
2025-06-12 13:27:51,826 [ERROR] 没有获取到热榜数据，退出。
2025-06-12 14:13:16,791 [ERROR] 请求失败：403 Client Error: Forbidden for url: https://www.zhihu.com/api/v4/search/top_search
2025-06-12 14:13:16,791 [ERROR] 没有获取到热搜数据，退出。
2025-06-12 14:13:17,296 [ERROR] 请求失败：401 Client Error: Authorization Required for url: https://www.zhihu.com/api/v3/feed/topstory/hot-lists/total?limit=50&desktop=true
2025-06-12 14:13:17,296 [ERROR] 没有获取到热榜数据，退出。
2025-06-12 15:14:05,203 [ERROR] 请求失败：403 Client Error: Forbidden for url: https://www.zhihu.com/api/v4/search/top_search
2025-06-12 15:14:05,203 [ERROR] 没有获取到热搜数据，退出。
2025-06-12 15:14:05,692 [ERROR] 请求失败：401 Client Error: Authorization Required for url: https://www.zhihu.com/api/v3/feed/topstory/hot-lists/total?limit=50&desktop=true
2025-06-12 15:14:05,692 [ERROR] 没有获取到热榜数据，退出。
2025-06-12 16:16:21,455 [ERROR] 请求失败：403 Client Error: Forbidden for url: https://www.zhihu.com/api/v4/search/top_search
2025-06-12 16:16:21,455 [ERROR] 没有获取到热搜数据，退出。
2025-06-12 16:16:21,967 [ERROR] 请求失败：401 Client Error: Authorization Required for url: https://www.zhihu.com/api/v3/feed/topstory/hot-lists/total?limit=50&desktop=true
2025-06-12 16:16:21,967 [ERROR] 没有获取到热榜数据，退出。
