2025-12-27 01:05:35,194 [INFO] 成功写入 10 条热搜到 hotresearch/2025_12_27/2025_12_27_1.txt
2025-12-27 01:05:35,712 [ERROR] 请求失败：401 Client Error: Authorization Required for url: https://www.zhihu.com/api/v3/feed/topstory/hot-lists/total?limit=50&desktop=true
2025-12-27 01:05:35,713 [ERROR] 没有获取到热榜数据，退出。
2025-12-27 03:17:29,562 [INFO] 成功写入 10 条热搜到 hotresearch/2025_12_27/2025_12_27_3.txt
2025-12-27 03:17:30,115 [ERROR] 请求失败：403 Client Error: Forbidden for url: https://www.zhihu.com/api/v3/feed/topstory/hot-lists/total?limit=50&desktop=true
2025-12-27 03:17:30,115 [ERROR] 没有获取到热榜数据，退出。
2025-12-27 04:26:58,043 [INFO] 成功写入 10 条热搜到 hotresearch/2025_12_27/2025_12_27_4.txt
2025-12-27 04:26:58,501 [ERROR] 请求失败：401 Client Error: Authorization Required for url: https://www.zhihu.com/api/v3/feed/topstory/hot-lists/total?limit=50&desktop=true
2025-12-27 04:26:58,501 [ERROR] 没有获取到热榜数据，退出。
2025-12-27 05:15:30,721 [INFO] 成功写入 10 条热搜到 hotresearch/2025_12_27/2025_12_27_5.txt
2025-12-27 05:15:31,233 [ERROR] 请求失败：401 Client Error: Authorization Required for url: https://www.zhihu.com/api/v3/feed/topstory/hot-lists/total?limit=50&desktop=true
2025-12-27 05:15:31,233 [ERROR] 没有获取到热榜数据，退出。
2025-12-27 06:21:05,786 [INFO] 成功写入 10 条热搜到 hotresearch/2025_12_27/2025_12_27_6.txt
2025-12-27 06:21:06,139 [ERROR] 请求失败：401 Client Error: Authorization Required for url: https://www.zhihu.com/api/v3/feed/topstory/hot-lists/total?limit=50&desktop=true
2025-12-27 06:21:06,139 [ERROR] 没有获取到热榜数据，退出。
2025-12-27 07:13:27,791 [INFO] 成功写入 10 条热搜到 hotresearch/2025_12_27/2025_12_27_7.txt
2025-12-27 07:13:28,237 [ERROR] 请求失败：401 Client Error: Authorization Required for url: https://www.zhihu.com/api/v3/feed/topstory/hot-lists/total?limit=50&desktop=true
2025-12-27 07:13:28,237 [ERROR] 没有获取到热榜数据，退出。
2025-12-27 08:18:17,880 [INFO] 成功写入 10 条热搜到 hotresearch/2025_12_27/2025_12_27_8.txt
2025-12-27 08:18:18,350 [ERROR] 请求失败：401 Client Error: Authorization Required for url: https://www.zhihu.com/api/v3/feed/topstory/hot-lists/total?limit=50&desktop=true
2025-12-27 08:18:18,350 [ERROR] 没有获取到热榜数据，退出。
2025-12-27 09:13:44,749 [INFO] 成功写入 10 条热搜到 hotresearch/2025_12_27/2025_12_27_9.txt
2025-12-27 09:13:45,213 [ERROR] 请求失败：401 Client Error: Authorization Required for url: https://www.zhihu.com/api/v3/feed/topstory/hot-lists/total?limit=50&desktop=true
2025-12-27 09:13:45,214 [ERROR] 没有获取到热榜数据，退出。
2025-12-27 10:13:32,491 [ERROR] 请求失败：403 Client Error: Forbidden for url: https://www.zhihu.com/api/v4/search/top_search
2025-12-27 10:13:32,491 [ERROR] 没有获取到热搜数据，退出。
2025-12-27 10:13:33,009 [ERROR] 请求失败：401 Client Error: Authorization Required for url: https://www.zhihu.com/api/v3/feed/topstory/hot-lists/total?limit=50&desktop=true
2025-12-27 10:13:33,009 [ERROR] 没有获取到热榜数据，退出。
2025-12-27 11:10:47,473 [INFO] 成功写入 10 条热搜到 hotresearch/2025_12_27/2025_12_27_11.txt
2025-12-27 11:10:47,946 [ERROR] 请求失败：401 Client Error: Authorization Required for url: https://www.zhihu.com/api/v3/feed/topstory/hot-lists/total?limit=50&desktop=true
2025-12-27 11:10:47,946 [ERROR] 没有获取到热榜数据，退出。
2025-12-27 12:26:06,212 [INFO] 成功写入 10 条热搜到 hotresearch/2025_12_27/2025_12_27_12.txt
2025-12-27 12:26:07,104 [ERROR] 请求失败：403 Client Error: Forbidden for url: https://www.zhihu.com/api/v3/feed/topstory/hot-lists/total?limit=50&desktop=true
2025-12-27 12:26:07,105 [ERROR] 没有获取到热榜数据，退出。
2025-12-27 13:23:46,514 [INFO] 成功写入 10 条热搜到 hotresearch/2025_12_27/2025_12_27_13.txt
2025-12-27 13:23:46,871 [ERROR] 请求失败：401 Client Error: Authorization Required for url: https://www.zhihu.com/api/v3/feed/topstory/hot-lists/total?limit=50&desktop=true
2025-12-27 13:23:46,871 [ERROR] 没有获取到热榜数据，退出。
2025-12-27 14:12:15,147 [INFO] 成功写入 10 条热搜到 hotresearch/2025_12_27/2025_12_27_14.txt
2025-12-27 14:12:15,566 [ERROR] 请求失败：401 Client Error: Authorization Required for url: https://www.zhihu.com/api/v3/feed/topstory/hot-lists/total?limit=50&desktop=true
2025-12-27 14:12:15,566 [ERROR] 没有获取到热榜数据，退出。
2025-12-27 15:12:57,515 [INFO] 成功写入 10 条热搜到 hotresearch/2025_12_27/2025_12_27_15.txt
2025-12-27 15:12:58,036 [ERROR] 请求失败：403 Client Error: Forbidden for url: https://www.zhihu.com/api/v3/feed/topstory/hot-lists/total?limit=50&desktop=true
2025-12-27 15:12:58,036 [ERROR] 没有获取到热榜数据，退出。
2025-12-27 16:15:35,315 [INFO] 成功写入 10 条热搜到 hotresearch/2025_12_27/2025_12_27_16.txt
2025-12-27 16:15:35,774 [ERROR] 请求失败：403 Client Error: Forbidden for url: https://www.zhihu.com/api/v3/feed/topstory/hot-lists/total?limit=50&desktop=true
2025-12-27 16:15:35,774 [ERROR] 没有获取到热榜数据，退出。
2025-12-27 17:11:02,833 [INFO] 成功写入 10 条热搜到 hotresearch/2025_12_27/2025_12_27_17.txt
2025-12-27 17:11:03,289 [ERROR] 请求失败：401 Client Error: Authorization Required for url: https://www.zhihu.com/api/v3/feed/topstory/hot-lists/total?limit=50&desktop=true
2025-12-27 17:11:03,289 [ERROR] 没有获取到热榜数据，退出。
2025-12-27 18:19:12,172 [INFO] 成功写入 10 条热搜到 hotresearch/2025_12_27/2025_12_27_18.txt
2025-12-27 18:19:12,627 [ERROR] 请求失败：401 Client Error: Authorization Required for url: https://www.zhihu.com/api/v3/feed/topstory/hot-lists/total?limit=50&desktop=true
2025-12-27 18:19:12,627 [ERROR] 没有获取到热榜数据，退出。
2025-12-27 19:10:21,031 [INFO] 成功写入 10 条热搜到 hotresearch/2025_12_27/2025_12_27_19.txt
2025-12-27 19:10:21,520 [ERROR] 请求失败：401 Client Error: Authorization Required for url: https://www.zhihu.com/api/v3/feed/topstory/hot-lists/total?limit=50&desktop=true
2025-12-27 19:10:21,520 [ERROR] 没有获取到热榜数据，退出。
