2025-08-20 01:01:43,735 [ERROR] 请求失败：403 Client Error: Forbidden for url: https://www.zhihu.com/api/v4/search/top_search
2025-08-20 01:01:43,735 [ERROR] 没有获取到热搜数据，退出。
2025-08-20 01:01:44,812 [ERROR] 请求失败：403 Client Error: Forbidden for url: https://www.zhihu.com/api/v3/feed/topstory/hot-lists/total?limit=50&desktop=true
2025-08-20 01:01:44,812 [ERROR] 没有获取到热榜数据，退出。
2025-08-20 03:03:45,839 [ERROR] 请求失败：403 Client Error: Forbidden for url: https://www.zhihu.com/api/v4/search/top_search
2025-08-20 03:03:45,839 [ERROR] 没有获取到热搜数据，退出。
2025-08-20 03:03:46,295 [ERROR] 请求失败：401 Client Error: Authorization Required for url: https://www.zhihu.com/api/v3/feed/topstory/hot-lists/total?limit=50&desktop=true
2025-08-20 03:03:46,295 [ERROR] 没有获取到热榜数据，退出。
2025-08-20 04:16:31,278 [ERROR] 请求失败：403 Client Error: Forbidden for url: https://www.zhihu.com/api/v4/search/top_search
2025-08-20 04:16:31,278 [ERROR] 没有获取到热搜数据，退出。
2025-08-20 04:16:31,623 [ERROR] 请求失败：401 Client Error: Authorization Required for url: https://www.zhihu.com/api/v3/feed/topstory/hot-lists/total?limit=50&desktop=true
2025-08-20 04:16:31,624 [ERROR] 没有获取到热榜数据，退出。
2025-08-20 05:13:28,157 [ERROR] 请求失败：403 Client Error: Forbidden for url: https://www.zhihu.com/api/v4/search/top_search
2025-08-20 05:13:28,158 [ERROR] 没有获取到热搜数据，退出。
2025-08-20 05:13:28,505 [ERROR] 请求失败：401 Client Error: Authorization Required for url: https://www.zhihu.com/api/v3/feed/topstory/hot-lists/total?limit=50&desktop=true
2025-08-20 05:13:28,505 [ERROR] 没有获取到热榜数据，退出。
2025-08-20 06:20:10,853 [ERROR] 请求失败：403 Client Error: Forbidden for url: https://www.zhihu.com/api/v4/search/top_search
2025-08-20 06:20:10,853 [ERROR] 没有获取到热搜数据，退出。
2025-08-20 06:20:11,261 [ERROR] 请求失败：401 Client Error: Authorization Required for url: https://www.zhihu.com/api/v3/feed/topstory/hot-lists/total?limit=50&desktop=true
2025-08-20 06:20:11,261 [ERROR] 没有获取到热榜数据，退出。
2025-08-20 07:13:07,668 [ERROR] 请求失败：403 Client Error: Forbidden for url: https://www.zhihu.com/api/v4/search/top_search
2025-08-20 07:13:07,669 [ERROR] 没有获取到热搜数据，退出。
2025-08-20 07:13:08,037 [ERROR] 请求失败：401 Client Error: Authorization Required for url: https://www.zhihu.com/api/v3/feed/topstory/hot-lists/total?limit=50&desktop=true
2025-08-20 07:13:08,037 [ERROR] 没有获取到热榜数据，退出。
2025-08-20 08:17:38,865 [ERROR] 请求失败：403 Client Error: Forbidden for url: https://www.zhihu.com/api/v4/search/top_search
2025-08-20 08:17:38,865 [ERROR] 没有获取到热搜数据，退出。
2025-08-20 08:17:39,360 [ERROR] 请求失败：401 Client Error: Authorization Required for url: https://www.zhihu.com/api/v3/feed/topstory/hot-lists/total?limit=50&desktop=true
2025-08-20 08:17:39,360 [ERROR] 没有获取到热榜数据，退出。
2025-08-20 09:14:19,943 [ERROR] 请求失败：403 Client Error: Forbidden for url: https://www.zhihu.com/api/v4/search/top_search
2025-08-20 09:14:19,943 [ERROR] 没有获取到热搜数据，退出。
2025-08-20 09:14:20,367 [ERROR] 请求失败：401 Client Error: Authorization Required for url: https://www.zhihu.com/api/v3/feed/topstory/hot-lists/total?limit=50&desktop=true
2025-08-20 09:14:20,368 [ERROR] 没有获取到热榜数据，退出。
2025-08-20 10:14:00,755 [ERROR] 请求失败：403 Client Error: Forbidden for url: https://www.zhihu.com/api/v4/search/top_search
2025-08-20 10:14:00,755 [ERROR] 没有获取到热搜数据，退出。
2025-08-20 10:14:01,178 [ERROR] 请求失败：401 Client Error: Authorization Required for url: https://www.zhihu.com/api/v3/feed/topstory/hot-lists/total?limit=50&desktop=true
2025-08-20 10:14:01,178 [ERROR] 没有获取到热榜数据，退出。
2025-08-20 11:11:03,826 [ERROR] 请求失败：403 Client Error: Forbidden for url: https://www.zhihu.com/api/v4/search/top_search
2025-08-20 11:11:03,826 [ERROR] 没有获取到热搜数据，退出。
2025-08-20 11:11:04,457 [ERROR] 请求失败：403 Client Error: Forbidden for url: https://www.zhihu.com/api/v3/feed/topstory/hot-lists/total?limit=50&desktop=true
2025-08-20 11:11:04,458 [ERROR] 没有获取到热榜数据，退出。
2025-08-20 12:26:18,505 [ERROR] 请求失败：403 Client Error: Forbidden for url: https://www.zhihu.com/api/v4/search/top_search
2025-08-20 12:26:18,505 [ERROR] 没有获取到热搜数据，退出。
2025-08-20 12:26:18,921 [ERROR] 请求失败：401 Client Error: Authorization Required for url: https://www.zhihu.com/api/v3/feed/topstory/hot-lists/total?limit=50&desktop=true
2025-08-20 12:26:18,921 [ERROR] 没有获取到热榜数据，退出。
2025-08-20 13:25:29,869 [ERROR] 请求失败：403 Client Error: Forbidden for url: https://www.zhihu.com/api/v4/search/top_search
2025-08-20 13:25:29,869 [ERROR] 没有获取到热搜数据，退出。
2025-08-20 13:25:30,275 [ERROR] 请求失败：401 Client Error: Authorization Required for url: https://www.zhihu.com/api/v3/feed/topstory/hot-lists/total?limit=50&desktop=true
2025-08-20 13:25:30,275 [ERROR] 没有获取到热榜数据，退出。
2025-08-20 14:13:25,330 [ERROR] 请求失败：403 Client Error: Forbidden for url: https://www.zhihu.com/api/v4/search/top_search
2025-08-20 14:13:25,330 [ERROR] 没有获取到热搜数据，退出。
2025-08-20 14:13:25,677 [ERROR] 请求失败：401 Client Error: Authorization Required for url: https://www.zhihu.com/api/v3/feed/topstory/hot-lists/total?limit=50&desktop=true
2025-08-20 14:13:25,677 [ERROR] 没有获取到热榜数据，退出。
