2025-08-24 01:08:39,310 [INFO] 成功写入 10 条热搜到 hotresearch/2025_8_24/2025_8_24_1.txt
2025-08-24 01:08:39,649 [ERROR] 请求失败：401 Client Error: Authorization Required for url: https://www.zhihu.com/api/v3/feed/topstory/hot-lists/total?limit=50&desktop=true
2025-08-24 01:08:39,649 [ERROR] 没有获取到热榜数据，退出。
2025-08-24 03:14:02,198 [ERROR] 请求失败：403 Client Error: Forbidden for url: https://www.zhihu.com/api/v4/search/top_search
2025-08-24 03:14:02,198 [ERROR] 没有获取到热搜数据，退出。
2025-08-24 03:14:02,793 [ERROR] 请求失败：403 Client Error: Forbidden for url: https://www.zhihu.com/api/v3/feed/topstory/hot-lists/total?limit=50&desktop=true
2025-08-24 03:14:02,793 [ERROR] 没有获取到热榜数据，退出。
2025-08-24 04:19:24,581 [ERROR] 请求失败：403 Client Error: Forbidden for url: https://www.zhihu.com/api/v4/search/top_search
2025-08-24 04:19:24,581 [ERROR] 没有获取到热搜数据，退出。
2025-08-24 04:19:25,099 [ERROR] 请求失败：401 Client Error: Authorization Required for url: https://www.zhihu.com/api/v3/feed/topstory/hot-lists/total?limit=50&desktop=true
2025-08-24 04:19:25,099 [ERROR] 没有获取到热榜数据，退出。
2025-08-24 05:12:32,647 [ERROR] 请求失败：403 Client Error: Forbidden for url: https://www.zhihu.com/api/v4/search/top_search
2025-08-24 05:12:32,647 [ERROR] 没有获取到热搜数据，退出。
2025-08-24 05:12:33,049 [ERROR] 请求失败：401 Client Error: Authorization Required for url: https://www.zhihu.com/api/v3/feed/topstory/hot-lists/total?limit=50&desktop=true
2025-08-24 05:12:33,049 [ERROR] 没有获取到热榜数据，退出。
2025-08-24 06:18:21,680 [ERROR] 请求失败：403 Client Error: Forbidden for url: https://www.zhihu.com/api/v4/search/top_search
2025-08-24 06:18:21,680 [ERROR] 没有获取到热搜数据，退出。
2025-08-24 06:18:22,176 [ERROR] 请求失败：401 Client Error: Authorization Required for url: https://www.zhihu.com/api/v3/feed/topstory/hot-lists/total?limit=50&desktop=true
2025-08-24 06:18:22,176 [ERROR] 没有获取到热榜数据，退出。
2025-08-24 07:11:44,946 [ERROR] 请求失败：403 Client Error: Forbidden for url: https://www.zhihu.com/api/v4/search/top_search
2025-08-24 07:11:44,946 [ERROR] 没有获取到热搜数据，退出。
2025-08-24 07:11:45,602 [ERROR] 请求失败：403 Client Error: Forbidden for url: https://www.zhihu.com/api/v3/feed/topstory/hot-lists/total?limit=50&desktop=true
2025-08-24 07:11:45,602 [ERROR] 没有获取到热榜数据，退出。
2025-08-24 08:15:13,496 [ERROR] 请求失败：403 Client Error: Forbidden for url: https://www.zhihu.com/api/v4/search/top_search
2025-08-24 08:15:13,496 [ERROR] 没有获取到热搜数据，退出。
2025-08-24 08:15:13,943 [ERROR] 请求失败：403 Client Error: Forbidden for url: https://www.zhihu.com/api/v3/feed/topstory/hot-lists/total?limit=50&desktop=true
2025-08-24 08:15:13,943 [ERROR] 没有获取到热榜数据，退出。
2025-08-24 09:12:08,299 [ERROR] 请求失败：403 Client Error: Forbidden for url: https://www.zhihu.com/api/v4/search/top_search
2025-08-24 09:12:08,299 [ERROR] 没有获取到热搜数据，退出。
2025-08-24 09:12:08,649 [ERROR] 请求失败：401 Client Error: Authorization Required for url: https://www.zhihu.com/api/v3/feed/topstory/hot-lists/total?limit=50&desktop=true
2025-08-24 09:12:08,649 [ERROR] 没有获取到热榜数据，退出。
2025-08-24 10:11:50,523 [ERROR] 请求失败：403 Client Error: Forbidden for url: https://www.zhihu.com/api/v4/search/top_search
2025-08-24 10:11:50,523 [ERROR] 没有获取到热搜数据，退出。
2025-08-24 10:11:51,009 [ERROR] 请求失败：401 Client Error: Authorization Required for url: https://www.zhihu.com/api/v3/feed/topstory/hot-lists/total?limit=50&desktop=true
2025-08-24 10:11:51,009 [ERROR] 没有获取到热榜数据，退出。
2025-08-24 11:09:40,440 [ERROR] 请求失败：403 Client Error: Forbidden for url: https://www.zhihu.com/api/v4/search/top_search
2025-08-24 11:09:40,440 [ERROR] 没有获取到热搜数据，退出。
2025-08-24 11:09:40,854 [ERROR] 请求失败：401 Client Error: Authorization Required for url: https://www.zhihu.com/api/v3/feed/topstory/hot-lists/total?limit=50&desktop=true
2025-08-24 11:09:40,855 [ERROR] 没有获取到热榜数据，退出。
2025-08-24 12:23:19,628 [ERROR] 请求失败：403 Client Error: Forbidden for url: https://www.zhihu.com/api/v4/search/top_search
2025-08-24 12:23:19,628 [ERROR] 没有获取到热搜数据，退出。
2025-08-24 12:23:20,043 [ERROR] 请求失败：401 Client Error: Authorization Required for url: https://www.zhihu.com/api/v3/feed/topstory/hot-lists/total?limit=50&desktop=true
2025-08-24 12:23:20,044 [ERROR] 没有获取到热榜数据，退出。
2025-08-24 13:20:18,074 [ERROR] 请求失败：403 Client Error: Forbidden for url: https://www.zhihu.com/api/v4/search/top_search
2025-08-24 13:20:18,074 [ERROR] 没有获取到热搜数据，退出。
2025-08-24 13:20:18,416 [ERROR] 请求失败：401 Client Error: Authorization Required for url: https://www.zhihu.com/api/v3/feed/topstory/hot-lists/total?limit=50&desktop=true
2025-08-24 13:20:18,416 [ERROR] 没有获取到热榜数据，退出。
2025-08-24 14:10:36,619 [ERROR] 请求失败：403 Client Error: Forbidden for url: https://www.zhihu.com/api/v4/search/top_search
2025-08-24 14:10:36,619 [ERROR] 没有获取到热搜数据，退出。
2025-08-24 14:10:36,996 [ERROR] 请求失败：403 Client Error: Forbidden for url: https://www.zhihu.com/api/v3/feed/topstory/hot-lists/total?limit=50&desktop=true
2025-08-24 14:10:36,996 [ERROR] 没有获取到热榜数据，退出。
2025-08-24 15:11:26,670 [ERROR] 请求失败：403 Client Error: Forbidden for url: https://www.zhihu.com/api/v4/search/top_search
2025-08-24 15:11:26,670 [ERROR] 没有获取到热搜数据，退出。
2025-08-24 15:11:27,580 [ERROR] 请求失败：403 Client Error: Forbidden for url: https://www.zhihu.com/api/v3/feed/topstory/hot-lists/total?limit=50&desktop=true
2025-08-24 15:11:27,580 [ERROR] 没有获取到热榜数据，退出。
2025-08-24 16:13:56,065 [ERROR] 请求失败：403 Client Error: Forbidden for url: https://www.zhihu.com/api/v4/search/top_search
2025-08-24 16:13:56,065 [ERROR] 没有获取到热搜数据，退出。
2025-08-24 16:13:56,807 [ERROR] 请求失败：403 Client Error: Forbidden for url: https://www.zhihu.com/api/v3/feed/topstory/hot-lists/total?limit=50&desktop=true
2025-08-24 16:13:56,807 [ERROR] 没有获取到热榜数据，退出。
2025-08-24 17:10:28,087 [ERROR] 请求失败：403 Client Error: Forbidden for url: https://www.zhihu.com/api/v4/search/top_search
2025-08-24 17:10:28,088 [ERROR] 没有获取到热搜数据，退出。
2025-08-24 17:10:28,538 [ERROR] 请求失败：401 Client Error: Authorization Required for url: https://www.zhihu.com/api/v3/feed/topstory/hot-lists/total?limit=50&desktop=true
2025-08-24 17:10:28,538 [ERROR] 没有获取到热榜数据，退出。
2025-08-24 18:16:25,701 [ERROR] 请求失败：403 Client Error: Forbidden for url: https://www.zhihu.com/api/v4/search/top_search
2025-08-24 18:16:25,702 [ERROR] 没有获取到热搜数据，退出。
2025-08-24 18:16:26,200 [ERROR] 请求失败：403 Client Error: Forbidden for url: https://www.zhihu.com/api/v3/feed/topstory/hot-lists/total?limit=50&desktop=true
2025-08-24 18:16:26,200 [ERROR] 没有获取到热榜数据，退出。
2025-08-24 19:09:34,155 [ERROR] 请求失败：403 Client Error: Forbidden for url: https://www.zhihu.com/api/v4/search/top_search
2025-08-24 19:09:34,155 [ERROR] 没有获取到热搜数据，退出。
2025-08-24 19:09:34,591 [ERROR] 请求失败：401 Client Error: Authorization Required for url: https://www.zhihu.com/api/v3/feed/topstory/hot-lists/total?limit=50&desktop=true
2025-08-24 19:09:34,592 [ERROR] 没有获取到热榜数据，退出。
2025-08-24 20:13:11,855 [ERROR] 请求失败：403 Client Error: Forbidden for url: https://www.zhihu.com/api/v4/search/top_search
2025-08-24 20:13:11,855 [ERROR] 没有获取到热搜数据，退出。
2025-08-24 20:13:12,323 [ERROR] 请求失败：401 Client Error: Authorization Required for url: https://www.zhihu.com/api/v3/feed/topstory/hot-lists/total?limit=50&desktop=true
2025-08-24 20:13:12,323 [ERROR] 没有获取到热榜数据，退出。
2025-08-24 21:10:50,835 [ERROR] 请求失败：403 Client Error: Forbidden for url: https://www.zhihu.com/api/v4/search/top_search
2025-08-24 21:10:50,835 [ERROR] 没有获取到热搜数据，退出。
2025-08-24 21:10:51,478 [ERROR] 请求失败：401 Client Error: Authorization Required for url: https://www.zhihu.com/api/v3/feed/topstory/hot-lists/total?limit=50&desktop=true
2025-08-24 21:10:51,478 [ERROR] 没有获取到热榜数据，退出。
2025-08-24 22:11:42,525 [ERROR] 请求失败：403 Client Error: Forbidden for url: https://www.zhihu.com/api/v4/search/top_search
2025-08-24 22:11:42,525 [ERROR] 没有获取到热搜数据，退出。
2025-08-24 22:11:42,917 [ERROR] 请求失败：401 Client Error: Authorization Required for url: https://www.zhihu.com/api/v3/feed/topstory/hot-lists/total?limit=50&desktop=true
2025-08-24 22:11:42,917 [ERROR] 没有获取到热榜数据，退出。
2025-08-24 23:11:44,490 [ERROR] 请求失败：403 Client Error: Forbidden for url: https://www.zhihu.com/api/v4/search/top_search
2025-08-24 23:11:44,490 [ERROR] 没有获取到热搜数据，退出。
2025-08-24 23:11:44,898 [ERROR] 请求失败：401 Client Error: Authorization Required for url: https://www.zhihu.com/api/v3/feed/topstory/hot-lists/total?limit=50&desktop=true
2025-08-24 23:11:44,898 [ERROR] 没有获取到热榜数据，退出。
