2025-09-13 00:54:48,678 [ERROR] 请求失败：403 Client Error: Forbidden for url: https://www.zhihu.com/api/v4/search/top_search
2025-09-13 00:54:48,678 [ERROR] 没有获取到热搜数据，退出。
2025-09-13 00:54:49,147 [ERROR] 请求失败：401 Client Error: Authorization Required for url: https://www.zhihu.com/api/v3/feed/topstory/hot-lists/total?limit=50&desktop=true
2025-09-13 00:54:49,147 [ERROR] 没有获取到热榜数据，退出。
2025-09-13 02:09:39,303 [ERROR] 请求失败：403 Client Error: Forbidden for url: https://www.zhihu.com/api/v4/search/top_search
2025-09-13 02:09:39,303 [ERROR] 没有获取到热搜数据，退出。
2025-09-13 02:09:39,773 [ERROR] 请求失败：401 Client Error: Authorization Required for url: https://www.zhihu.com/api/v3/feed/topstory/hot-lists/total?limit=50&desktop=true
2025-09-13 02:09:39,773 [ERROR] 没有获取到热榜数据，退出。
2025-09-13 03:15:42,325 [ERROR] 请求失败：403 Client Error: Forbidden for url: https://www.zhihu.com/api/v4/search/top_search
2025-09-13 03:15:42,325 [ERROR] 没有获取到热搜数据，退出。
2025-09-13 03:15:42,761 [ERROR] 请求失败：403 Client Error: Forbidden for url: https://www.zhihu.com/api/v3/feed/topstory/hot-lists/total?limit=50&desktop=true
2025-09-13 03:15:42,761 [ERROR] 没有获取到热榜数据，退出。
2025-09-13 04:13:34,574 [ERROR] 请求失败：403 Client Error: Forbidden for url: https://www.zhihu.com/api/v4/search/top_search
2025-09-13 04:13:34,574 [ERROR] 没有获取到热搜数据，退出。
2025-09-13 04:13:35,022 [ERROR] 请求失败：401 Client Error: Authorization Required for url: https://www.zhihu.com/api/v3/feed/topstory/hot-lists/total?limit=50&desktop=true
2025-09-13 04:13:35,022 [ERROR] 没有获取到热榜数据，退出。
2025-09-13 05:10:49,690 [ERROR] 请求失败：403 Client Error: Forbidden for url: https://www.zhihu.com/api/v4/search/top_search
2025-09-13 05:10:49,690 [ERROR] 没有获取到热搜数据，退出。
2025-09-13 05:10:50,061 [ERROR] 请求失败：401 Client Error: Authorization Required for url: https://www.zhihu.com/api/v3/feed/topstory/hot-lists/total?limit=50&desktop=true
2025-09-13 05:10:50,061 [ERROR] 没有获取到热榜数据，退出。
2025-09-13 06:15:57,075 [ERROR] 请求失败：403 Client Error: Forbidden for url: https://www.zhihu.com/api/v4/search/top_search
2025-09-13 06:15:57,075 [ERROR] 没有获取到热搜数据，退出。
2025-09-13 06:15:57,540 [ERROR] 请求失败：403 Client Error: Forbidden for url: https://www.zhihu.com/api/v3/feed/topstory/hot-lists/total?limit=50&desktop=true
2025-09-13 06:15:57,540 [ERROR] 没有获取到热榜数据，退出。
2025-09-13 07:10:14,377 [ERROR] 请求失败：403 Client Error: Forbidden for url: https://www.zhihu.com/api/v4/search/top_search
2025-09-13 07:10:14,377 [ERROR] 没有获取到热搜数据，退出。
2025-09-13 07:10:14,837 [ERROR] 请求失败：401 Client Error: Authorization Required for url: https://www.zhihu.com/api/v3/feed/topstory/hot-lists/total?limit=50&desktop=true
2025-09-13 07:10:14,838 [ERROR] 没有获取到热榜数据，退出。
2025-09-13 08:14:07,817 [INFO] 成功写入 10 条热搜到 hotresearch/2025_9_13/2025_9_13_8.txt
2025-09-13 08:14:08,223 [ERROR] 请求失败：401 Client Error: Authorization Required for url: https://www.zhihu.com/api/v3/feed/topstory/hot-lists/total?limit=50&desktop=true
2025-09-13 08:14:08,223 [ERROR] 没有获取到热榜数据，退出。
2025-09-13 09:10:46,006 [ERROR] 请求失败：403 Client Error: Forbidden for url: https://www.zhihu.com/api/v4/search/top_search
2025-09-13 09:10:46,006 [ERROR] 没有获取到热搜数据，退出。
2025-09-13 09:10:46,412 [ERROR] 请求失败：401 Client Error: Authorization Required for url: https://www.zhihu.com/api/v3/feed/topstory/hot-lists/total?limit=50&desktop=true
2025-09-13 09:10:46,412 [ERROR] 没有获取到热榜数据，退出。
2025-09-13 10:11:23,834 [ERROR] 请求失败：403 Client Error: Forbidden for url: https://www.zhihu.com/api/v4/search/top_search
2025-09-13 10:11:23,834 [ERROR] 没有获取到热搜数据，退出。
2025-09-13 10:11:24,374 [ERROR] 请求失败：403 Client Error: Forbidden for url: https://www.zhihu.com/api/v3/feed/topstory/hot-lists/total?limit=50&desktop=true
2025-09-13 10:11:24,374 [ERROR] 没有获取到热榜数据，退出。
2025-09-13 11:08:58,428 [ERROR] 请求失败：403 Client Error: Forbidden for url: https://www.zhihu.com/api/v4/search/top_search
2025-09-13 11:08:58,428 [ERROR] 没有获取到热搜数据，退出。
2025-09-13 11:08:58,945 [ERROR] 请求失败：401 Client Error: Authorization Required for url: https://www.zhihu.com/api/v3/feed/topstory/hot-lists/total?limit=50&desktop=true
2025-09-13 11:08:58,945 [ERROR] 没有获取到热榜数据，退出。
2025-09-13 12:21:30,688 [ERROR] 请求失败：403 Client Error: Forbidden for url: https://www.zhihu.com/api/v4/search/top_search
2025-09-13 12:21:30,688 [ERROR] 没有获取到热搜数据，退出。
2025-09-13 12:21:31,136 [ERROR] 请求失败：401 Client Error: Authorization Required for url: https://www.zhihu.com/api/v3/feed/topstory/hot-lists/total?limit=50&desktop=true
2025-09-13 12:21:31,137 [ERROR] 没有获取到热榜数据，退出。
2025-09-13 13:15:43,506 [ERROR] 请求失败：403 Client Error: Forbidden for url: https://www.zhihu.com/api/v4/search/top_search
2025-09-13 13:15:43,506 [ERROR] 没有获取到热搜数据，退出。
2025-09-13 13:15:43,956 [ERROR] 请求失败：401 Client Error: Authorization Required for url: https://www.zhihu.com/api/v3/feed/topstory/hot-lists/total?limit=50&desktop=true
2025-09-13 13:15:43,957 [ERROR] 没有获取到热榜数据，退出。
2025-09-13 14:09:13,478 [INFO] 成功写入 10 条热搜到 hotresearch/2025_9_13/2025_9_13_14.txt
2025-09-13 14:09:14,235 [ERROR] 请求失败：403 Client Error: Forbidden for url: https://www.zhihu.com/api/v3/feed/topstory/hot-lists/total?limit=50&desktop=true
2025-09-13 14:09:14,235 [ERROR] 没有获取到热榜数据，退出。
2025-09-13 15:09:44,635 [ERROR] 请求失败：403 Client Error: Forbidden for url: https://www.zhihu.com/api/v4/search/top_search
2025-09-13 15:09:44,635 [ERROR] 没有获取到热搜数据，退出。
2025-09-13 15:09:45,084 [ERROR] 请求失败：403 Client Error: Forbidden for url: https://www.zhihu.com/api/v3/feed/topstory/hot-lists/total?limit=50&desktop=true
2025-09-13 15:09:45,084 [ERROR] 没有获取到热榜数据，退出。
2025-09-13 16:12:38,330 [ERROR] 请求失败：403 Client Error: Forbidden for url: https://www.zhihu.com/api/v4/search/top_search
2025-09-13 16:12:38,331 [ERROR] 没有获取到热搜数据，退出。
2025-09-13 16:12:38,752 [ERROR] 请求失败：403 Client Error: Forbidden for url: https://www.zhihu.com/api/v3/feed/topstory/hot-lists/total?limit=50&desktop=true
2025-09-13 16:12:38,752 [ERROR] 没有获取到热榜数据，退出。
2025-09-13 17:08:46,773 [INFO] 成功写入 10 条热搜到 hotresearch/2025_9_13/2025_9_13_17.txt
2025-09-13 17:08:47,723 [ERROR] 请求失败：403 Client Error: Forbidden for url: https://www.zhihu.com/api/v3/feed/topstory/hot-lists/total?limit=50&desktop=true
2025-09-13 17:08:47,723 [ERROR] 没有获取到热榜数据，退出。
2025-09-13 18:14:26,109 [ERROR] 请求失败：403 Client Error: Forbidden for url: https://www.zhihu.com/api/v4/search/top_search
2025-09-13 18:14:26,109 [ERROR] 没有获取到热搜数据，退出。
2025-09-13 18:14:26,526 [ERROR] 请求失败：401 Client Error: Authorization Required for url: https://www.zhihu.com/api/v3/feed/topstory/hot-lists/total?limit=50&desktop=true
2025-09-13 18:14:26,527 [ERROR] 没有获取到热榜数据，退出。
2025-09-13 19:07:47,079 [ERROR] 请求失败：403 Client Error: Forbidden for url: https://www.zhihu.com/api/v4/search/top_search
2025-09-13 19:07:47,079 [ERROR] 没有获取到热搜数据，退出。
2025-09-13 19:07:47,571 [ERROR] 请求失败：401 Client Error: Authorization Required for url: https://www.zhihu.com/api/v3/feed/topstory/hot-lists/total?limit=50&desktop=true
2025-09-13 19:07:47,571 [ERROR] 没有获取到热榜数据，退出。
2025-09-13 20:11:40,855 [ERROR] 请求失败：403 Client Error: Forbidden for url: https://www.zhihu.com/api/v4/search/top_search
2025-09-13 20:11:40,856 [ERROR] 没有获取到热搜数据，退出。
2025-09-13 20:11:41,297 [ERROR] 请求失败：401 Client Error: Authorization Required for url: https://www.zhihu.com/api/v3/feed/topstory/hot-lists/total?limit=50&desktop=true
2025-09-13 20:11:41,298 [ERROR] 没有获取到热榜数据，退出。
2025-09-13 21:09:20,735 [ERROR] 请求失败：403 Client Error: Forbidden for url: https://www.zhihu.com/api/v4/search/top_search
2025-09-13 21:09:20,735 [ERROR] 没有获取到热搜数据，退出。
2025-09-13 21:09:21,120 [ERROR] 请求失败：401 Client Error: Authorization Required for url: https://www.zhihu.com/api/v3/feed/topstory/hot-lists/total?limit=50&desktop=true
2025-09-13 21:09:21,120 [ERROR] 没有获取到热榜数据，退出。
2025-09-13 22:10:13,610 [ERROR] 请求失败：403 Client Error: Forbidden for url: https://www.zhihu.com/api/v4/search/top_search
2025-09-13 22:10:13,611 [ERROR] 没有获取到热搜数据，退出。
2025-09-13 22:10:13,963 [ERROR] 请求失败：401 Client Error: Authorization Required for url: https://www.zhihu.com/api/v3/feed/topstory/hot-lists/total?limit=50&desktop=true
2025-09-13 22:10:13,963 [ERROR] 没有获取到热榜数据，退出。
