2025-06-02 01:07:06,907 [ERROR] 请求失败：403 Client Error: Forbidden for url: https://www.zhihu.com/api/v4/search/top_search
2025-06-02 01:07:06,907 [ERROR] 没有获取到热搜数据，退出。
2025-06-02 01:07:07,251 [ERROR] 请求失败：401 Client Error: Authorization Required for url: https://www.zhihu.com/api/v3/feed/topstory/hot-lists/total?limit=50&desktop=true
2025-06-02 01:07:07,251 [ERROR] 没有获取到热榜数据，退出。
2025-06-02 03:16:02,259 [ERROR] 请求失败：403 Client Error: Forbidden for url: https://www.zhihu.com/api/v4/search/top_search
2025-06-02 03:16:02,259 [ERROR] 没有获取到热搜数据，退出。
2025-06-02 03:16:02,707 [ERROR] 请求失败：401 Client Error: Authorization Required for url: https://www.zhihu.com/api/v3/feed/topstory/hot-lists/total?limit=50&desktop=true
2025-06-02 03:16:02,707 [ERROR] 没有获取到热榜数据，退出。
2025-06-02 04:24:11,279 [ERROR] 请求失败：403 Client Error: Forbidden for url: https://www.zhihu.com/api/v4/search/top_search
2025-06-02 04:24:11,279 [ERROR] 没有获取到热搜数据，退出。
2025-06-02 04:24:11,787 [ERROR] 请求失败：403 Client Error: Forbidden for url: https://www.zhihu.com/api/v3/feed/topstory/hot-lists/total?limit=50&desktop=true
2025-06-02 04:24:11,787 [ERROR] 没有获取到热榜数据，退出。
2025-06-02 05:14:38,425 [ERROR] 请求失败：403 Client Error: Forbidden for url: https://www.zhihu.com/api/v4/search/top_search
2025-06-02 05:14:38,426 [ERROR] 没有获取到热搜数据，退出。
2025-06-02 05:14:38,907 [ERROR] 请求失败：401 Client Error: Authorization Required for url: https://www.zhihu.com/api/v3/feed/topstory/hot-lists/total?limit=50&desktop=true
2025-06-02 05:14:38,908 [ERROR] 没有获取到热榜数据，退出。
2025-06-02 06:20:12,041 [ERROR] 请求失败：403 Client Error: Forbidden for url: https://www.zhihu.com/api/v4/search/top_search
2025-06-02 06:20:12,041 [ERROR] 没有获取到热搜数据，退出。
2025-06-02 06:20:12,496 [ERROR] 请求失败：401 Client Error: Authorization Required for url: https://www.zhihu.com/api/v3/feed/topstory/hot-lists/total?limit=50&desktop=true
2025-06-02 06:20:12,496 [ERROR] 没有获取到热榜数据，退出。
2025-06-02 07:14:02,878 [ERROR] 请求失败：403 Client Error: Forbidden for url: https://www.zhihu.com/api/v4/search/top_search
2025-06-02 07:14:02,878 [ERROR] 没有获取到热搜数据，退出。
2025-06-02 07:14:03,392 [ERROR] 请求失败：401 Client Error: Authorization Required for url: https://www.zhihu.com/api/v3/feed/topstory/hot-lists/total?limit=50&desktop=true
2025-06-02 07:14:03,392 [ERROR] 没有获取到热榜数据，退出。
2025-06-02 08:19:22,516 [ERROR] 请求失败：403 Client Error: Forbidden for url: https://www.zhihu.com/api/v4/search/top_search
2025-06-02 08:19:22,516 [ERROR] 没有获取到热搜数据，退出。
2025-06-02 08:19:23,068 [ERROR] 请求失败：401 Client Error: Authorization Required for url: https://www.zhihu.com/api/v3/feed/topstory/hot-lists/total?limit=50&desktop=true
2025-06-02 08:19:23,068 [ERROR] 没有获取到热榜数据，退出。
2025-06-02 09:15:02,746 [ERROR] 请求失败：403 Client Error: Forbidden for url: https://www.zhihu.com/api/v4/search/top_search
2025-06-02 09:15:02,746 [ERROR] 没有获取到热搜数据，退出。
2025-06-02 09:15:03,088 [ERROR] 请求失败：401 Client Error: Authorization Required for url: https://www.zhihu.com/api/v3/feed/topstory/hot-lists/total?limit=50&desktop=true
2025-06-02 09:15:03,088 [ERROR] 没有获取到热榜数据，退出。
2025-06-02 10:14:45,348 [ERROR] 请求失败：403 Client Error: Forbidden for url: https://www.zhihu.com/api/v4/search/top_search
2025-06-02 10:14:45,349 [ERROR] 没有获取到热搜数据，退出。
2025-06-02 10:14:45,911 [ERROR] 请求失败：403 Client Error: Forbidden for url: https://www.zhihu.com/api/v3/feed/topstory/hot-lists/total?limit=50&desktop=true
2025-06-02 10:14:45,911 [ERROR] 没有获取到热榜数据，退出。
2025-06-02 11:11:45,819 [ERROR] 请求失败：403 Client Error: Forbidden for url: https://www.zhihu.com/api/v4/search/top_search
2025-06-02 11:11:45,819 [ERROR] 没有获取到热搜数据，退出。
2025-06-02 11:11:46,319 [ERROR] 请求失败：403 Client Error: Forbidden for url: https://www.zhihu.com/api/v3/feed/topstory/hot-lists/total?limit=50&desktop=true
2025-06-02 11:11:46,319 [ERROR] 没有获取到热榜数据，退出。
2025-06-02 12:26:43,266 [ERROR] 请求失败：403 Client Error: Forbidden for url: https://www.zhihu.com/api/v4/search/top_search
2025-06-02 12:26:43,266 [ERROR] 没有获取到热搜数据，退出。
2025-06-02 12:26:43,740 [ERROR] 请求失败：401 Client Error: Authorization Required for url: https://www.zhihu.com/api/v3/feed/topstory/hot-lists/total?limit=50&desktop=true
2025-06-02 12:26:43,740 [ERROR] 没有获取到热榜数据，退出。
2025-06-02 13:27:31,426 [ERROR] 请求失败：403 Client Error: Forbidden for url: https://www.zhihu.com/api/v4/search/top_search
2025-06-02 13:27:31,426 [ERROR] 没有获取到热搜数据，退出。
2025-06-02 13:27:31,939 [ERROR] 请求失败：403 Client Error: Forbidden for url: https://www.zhihu.com/api/v3/feed/topstory/hot-lists/total?limit=50&desktop=true
2025-06-02 13:27:31,939 [ERROR] 没有获取到热榜数据，退出。
2025-06-02 14:13:56,630 [ERROR] 请求失败：403 Client Error: Forbidden for url: https://www.zhihu.com/api/v4/search/top_search
2025-06-02 14:13:56,631 [ERROR] 没有获取到热搜数据，退出。
2025-06-02 14:13:57,100 [ERROR] 请求失败：401 Client Error: Authorization Required for url: https://www.zhihu.com/api/v3/feed/topstory/hot-lists/total?limit=50&desktop=true
2025-06-02 14:13:57,100 [ERROR] 没有获取到热榜数据，退出。
2025-06-02 15:14:26,399 [ERROR] 请求失败：403 Client Error: Forbidden for url: https://www.zhihu.com/api/v4/search/top_search
2025-06-02 15:14:26,399 [ERROR] 没有获取到热搜数据，退出。
2025-06-02 15:14:26,920 [ERROR] 请求失败：403 Client Error: Forbidden for url: https://www.zhihu.com/api/v3/feed/topstory/hot-lists/total?limit=50&desktop=true
2025-06-02 15:14:26,920 [ERROR] 没有获取到热榜数据，退出。
2025-06-02 16:16:56,608 [ERROR] 请求失败：403 Client Error: Forbidden for url: https://www.zhihu.com/api/v4/search/top_search
2025-06-02 16:16:56,608 [ERROR] 没有获取到热搜数据，退出。
2025-06-02 16:16:57,065 [ERROR] 请求失败：401 Client Error: Authorization Required for url: https://www.zhihu.com/api/v3/feed/topstory/hot-lists/total?limit=50&desktop=true
2025-06-02 16:16:57,065 [ERROR] 没有获取到热榜数据，退出。
2025-06-02 17:12:20,014 [ERROR] 请求失败：403 Client Error: Forbidden for url: https://www.zhihu.com/api/v4/search/top_search
2025-06-02 17:12:20,014 [ERROR] 没有获取到热搜数据，退出。
2025-06-02 17:12:20,467 [ERROR] 请求失败：401 Client Error: Authorization Required for url: https://www.zhihu.com/api/v3/feed/topstory/hot-lists/total?limit=50&desktop=true
2025-06-02 17:12:20,467 [ERROR] 没有获取到热榜数据，退出。
