2025-07-20 01:16:23,872 [ERROR] 请求失败：403 Client Error: Forbidden for url: https://www.zhihu.com/api/v4/search/top_search
2025-07-20 01:16:23,872 [ERROR] 没有获取到热搜数据，退出。
2025-07-20 01:16:24,369 [ERROR] 请求失败：401 Client Error: Authorization Required for url: https://www.zhihu.com/api/v3/feed/topstory/hot-lists/total?limit=50&desktop=true
2025-07-20 01:16:24,369 [ERROR] 没有获取到热榜数据，退出。
2025-07-20 03:40:43,909 [ERROR] 请求失败：403 Client Error: Forbidden for url: https://www.zhihu.com/api/v4/search/top_search
2025-07-20 03:40:43,909 [ERROR] 没有获取到热搜数据，退出。
2025-07-20 03:40:44,408 [ERROR] 请求失败：401 Client Error: Authorization Required for url: https://www.zhihu.com/api/v3/feed/topstory/hot-lists/total?limit=50&desktop=true
2025-07-20 03:40:44,408 [ERROR] 没有获取到热榜数据，退出。
2025-07-20 04:36:24,639 [ERROR] 请求失败：403 Client Error: Forbidden for url: https://www.zhihu.com/api/v4/search/top_search
2025-07-20 04:36:24,639 [ERROR] 没有获取到热搜数据，退出。
2025-07-20 04:36:25,087 [ERROR] 请求失败：403 Client Error: Forbidden for url: https://www.zhihu.com/api/v3/feed/topstory/hot-lists/total?limit=50&desktop=true
2025-07-20 04:36:25,087 [ERROR] 没有获取到热榜数据，退出。
2025-07-20 05:19:31,832 [ERROR] 请求失败：403 Client Error: Forbidden for url: https://www.zhihu.com/api/v4/search/top_search
2025-07-20 05:19:31,832 [ERROR] 没有获取到热搜数据，退出。
2025-07-20 05:19:32,343 [ERROR] 请求失败：403 Client Error: Forbidden for url: https://www.zhihu.com/api/v3/feed/topstory/hot-lists/total?limit=50&desktop=true
2025-07-20 05:19:32,343 [ERROR] 没有获取到热榜数据，退出。
2025-07-20 06:19:03,532 [ERROR] 请求失败：403 Client Error: Forbidden for url: https://www.zhihu.com/api/v4/search/top_search
2025-07-20 06:19:03,533 [ERROR] 没有获取到热搜数据，退出。
2025-07-20 06:19:03,912 [ERROR] 请求失败：401 Client Error: Authorization Required for url: https://www.zhihu.com/api/v3/feed/topstory/hot-lists/total?limit=50&desktop=true
2025-07-20 06:19:03,912 [ERROR] 没有获取到热榜数据，退出。
2025-07-20 07:12:25,529 [ERROR] 请求失败：403 Client Error: Forbidden for url: https://www.zhihu.com/api/v4/search/top_search
2025-07-20 07:12:25,530 [ERROR] 没有获取到热搜数据，退出。
2025-07-20 07:12:26,018 [ERROR] 请求失败：403 Client Error: Forbidden for url: https://www.zhihu.com/api/v3/feed/topstory/hot-lists/total?limit=50&desktop=true
2025-07-20 07:12:26,019 [ERROR] 没有获取到热榜数据，退出。
2025-07-20 08:17:02,236 [ERROR] 请求失败：403 Client Error: Forbidden for url: https://www.zhihu.com/api/v4/search/top_search
2025-07-20 08:17:02,237 [ERROR] 没有获取到热搜数据，退出。
2025-07-20 08:17:02,760 [ERROR] 请求失败：401 Client Error: Authorization Required for url: https://www.zhihu.com/api/v3/feed/topstory/hot-lists/total?limit=50&desktop=true
2025-07-20 08:17:02,760 [ERROR] 没有获取到热榜数据，退出。
2025-07-20 09:13:28,407 [ERROR] 请求失败：403 Client Error: Forbidden for url: https://www.zhihu.com/api/v4/search/top_search
2025-07-20 09:13:28,407 [ERROR] 没有获取到热搜数据，退出。
2025-07-20 09:13:28,886 [ERROR] 请求失败：401 Client Error: Authorization Required for url: https://www.zhihu.com/api/v3/feed/topstory/hot-lists/total?limit=50&desktop=true
2025-07-20 09:13:28,886 [ERROR] 没有获取到热榜数据，退出。
2025-07-20 10:13:55,762 [ERROR] 请求失败：403 Client Error: Forbidden for url: https://www.zhihu.com/api/v4/search/top_search
2025-07-20 10:13:55,763 [ERROR] 没有获取到热搜数据，退出。
2025-07-20 10:13:56,105 [ERROR] 请求失败：403 Client Error: Forbidden for url: https://www.zhihu.com/api/v3/feed/topstory/hot-lists/total?limit=50&desktop=true
2025-07-20 10:13:56,105 [ERROR] 没有获取到热榜数据，退出。
2025-07-20 11:11:18,906 [ERROR] 请求失败：403 Client Error: Forbidden for url: https://www.zhihu.com/api/v4/search/top_search
2025-07-20 11:11:18,906 [ERROR] 没有获取到热搜数据，退出。
2025-07-20 11:11:19,349 [ERROR] 请求失败：403 Client Error: Forbidden for url: https://www.zhihu.com/api/v3/feed/topstory/hot-lists/total?limit=50&desktop=true
2025-07-20 11:11:19,349 [ERROR] 没有获取到热榜数据，退出。
