2025-05-10 01:00:40,790 [ERROR] 请求失败：403 Client Error: Forbidden for url: https://www.zhihu.com/api/v4/search/top_search
2025-05-10 01:00:40,790 [ERROR] 没有获取到热搜数据，退出。
2025-05-10 01:00:41,297 [ERROR] 请求失败：403 Client Error: Forbidden for url: https://www.zhihu.com/api/v3/feed/topstory/hot-lists/total?limit=50&desktop=true
2025-05-10 01:00:41,297 [ERROR] 没有获取到热榜数据，退出。
2025-05-10 02:59:03,294 [INFO] 成功写入 10 条热搜到 hotresearch/2025_5_10/2025_5_10_2.txt
2025-05-10 02:59:03,795 [ERROR] 请求失败：401 Client Error: Authorization Required for url: https://www.zhihu.com/api/v3/feed/topstory/hot-lists/total?limit=50&desktop=true
2025-05-10 02:59:03,795 [ERROR] 没有获取到热榜数据，退出。
2025-05-10 03:36:40,689 [ERROR] 请求失败：403 Client Error: Forbidden for url: https://www.zhihu.com/api/v4/search/top_search
2025-05-10 03:36:40,689 [ERROR] 没有获取到热搜数据，退出。
2025-05-10 03:36:41,214 [ERROR] 请求失败：403 Client Error: Forbidden for url: https://www.zhihu.com/api/v3/feed/topstory/hot-lists/total?limit=50&desktop=true
2025-05-10 03:36:41,214 [ERROR] 没有获取到热榜数据，退出。
2025-05-10 04:14:15,435 [ERROR] 请求失败：403 Client Error: Forbidden for url: https://www.zhihu.com/api/v4/search/top_search
2025-05-10 04:14:15,435 [ERROR] 没有获取到热搜数据，退出。
2025-05-10 04:14:15,940 [ERROR] 请求失败：401 Client Error: Authorization Required for url: https://www.zhihu.com/api/v3/feed/topstory/hot-lists/total?limit=50&desktop=true
2025-05-10 04:14:15,940 [ERROR] 没有获取到热榜数据，退出。
2025-05-10 05:12:09,128 [ERROR] 请求失败：403 Client Error: Forbidden for url: https://www.zhihu.com/api/v4/search/top_search
2025-05-10 05:12:09,128 [ERROR] 没有获取到热搜数据，退出。
2025-05-10 05:12:09,570 [ERROR] 请求失败：401 Client Error: Authorization Required for url: https://www.zhihu.com/api/v3/feed/topstory/hot-lists/total?limit=50&desktop=true
2025-05-10 05:12:09,570 [ERROR] 没有获取到热榜数据，退出。
2025-05-10 06:16:17,935 [ERROR] 请求失败：403 Client Error: Forbidden for url: https://www.zhihu.com/api/v4/search/top_search
2025-05-10 06:16:17,936 [ERROR] 没有获取到热搜数据，退出。
2025-05-10 06:16:18,521 [ERROR] 请求失败：401 Client Error: Authorization Required for url: https://www.zhihu.com/api/v3/feed/topstory/hot-lists/total?limit=50&desktop=true
2025-05-10 06:16:18,521 [ERROR] 没有获取到热榜数据，退出。
2025-05-10 07:11:06,256 [INFO] 成功写入 10 条热搜到 hotresearch/2025_5_10/2025_5_10_7.txt
2025-05-10 07:11:06,843 [ERROR] 请求失败：403 Client Error: Forbidden for url: https://www.zhihu.com/api/v3/feed/topstory/hot-lists/total?limit=50&desktop=true
2025-05-10 07:11:06,843 [ERROR] 没有获取到热榜数据，退出。
2025-05-10 08:14:49,490 [ERROR] 请求失败：403 Client Error: Forbidden for url: https://www.zhihu.com/api/v4/search/top_search
2025-05-10 08:14:49,491 [ERROR] 没有获取到热搜数据，退出。
2025-05-10 08:14:50,005 [ERROR] 请求失败：403 Client Error: Forbidden for url: https://www.zhihu.com/api/v3/feed/topstory/hot-lists/total?limit=50&desktop=true
2025-05-10 08:14:50,005 [ERROR] 没有获取到热榜数据，退出。
2025-05-10 09:11:56,556 [ERROR] 请求失败：403 Client Error: Forbidden for url: https://www.zhihu.com/api/v4/search/top_search
2025-05-10 09:11:56,557 [ERROR] 没有获取到热搜数据，退出。
2025-05-10 09:11:57,031 [ERROR] 请求失败：401 Client Error: Authorization Required for url: https://www.zhihu.com/api/v3/feed/topstory/hot-lists/total?limit=50&desktop=true
2025-05-10 09:11:57,031 [ERROR] 没有获取到热榜数据，退出。
2025-05-10 10:11:56,532 [ERROR] 请求失败：403 Client Error: Forbidden for url: https://www.zhihu.com/api/v4/search/top_search
2025-05-10 10:11:56,532 [ERROR] 没有获取到热搜数据，退出。
2025-05-10 10:11:56,992 [ERROR] 请求失败：401 Client Error: Authorization Required for url: https://www.zhihu.com/api/v3/feed/topstory/hot-lists/total?limit=50&desktop=true
2025-05-10 10:11:56,992 [ERROR] 没有获取到热榜数据，退出。
2025-05-10 11:10:42,479 [ERROR] 请求失败：403 Client Error: Forbidden for url: https://www.zhihu.com/api/v4/search/top_search
2025-05-10 11:10:42,479 [ERROR] 没有获取到热搜数据，退出。
2025-05-10 11:10:42,936 [ERROR] 请求失败：401 Client Error: Authorization Required for url: https://www.zhihu.com/api/v3/feed/topstory/hot-lists/total?limit=50&desktop=true
2025-05-10 11:10:42,936 [ERROR] 没有获取到热榜数据，退出。
