2025-06-15 01:12:38,036 [INFO] 成功写入 10 条热搜到 hotresearch/2025_6_15/2025_6_15_1.txt
2025-06-15 01:12:38,507 [ERROR] 请求失败：401 Client Error: Authorization Required for url: https://www.zhihu.com/api/v3/feed/topstory/hot-lists/total?limit=50&desktop=true
2025-06-15 01:12:38,508 [ERROR] 没有获取到热榜数据，退出。
2025-06-15 03:19:31,829 [ERROR] 请求失败：403 Client Error: Forbidden for url: https://www.zhihu.com/api/v4/search/top_search
2025-06-15 03:19:31,829 [ERROR] 没有获取到热搜数据，退出。
2025-06-15 03:19:32,297 [ERROR] 请求失败：401 Client Error: Authorization Required for url: https://www.zhihu.com/api/v3/feed/topstory/hot-lists/total?limit=50&desktop=true
2025-06-15 03:19:32,297 [ERROR] 没有获取到热榜数据，退出。
2025-06-15 04:23:25,149 [ERROR] 请求失败：403 Client Error: Forbidden for url: https://www.zhihu.com/api/v4/search/top_search
2025-06-15 04:23:25,149 [ERROR] 没有获取到热搜数据，退出。
2025-06-15 04:23:25,647 [ERROR] 请求失败：403 Client Error: Forbidden for url: https://www.zhihu.com/api/v3/feed/topstory/hot-lists/total?limit=50&desktop=true
2025-06-15 04:23:25,647 [ERROR] 没有获取到热榜数据，退出。
2025-06-15 05:13:10,476 [ERROR] 请求失败：403 Client Error: Forbidden for url: https://www.zhihu.com/api/v4/search/top_search
2025-06-15 05:13:10,476 [ERROR] 没有获取到热搜数据，退出。
2025-06-15 05:13:10,993 [ERROR] 请求失败：401 Client Error: Authorization Required for url: https://www.zhihu.com/api/v3/feed/topstory/hot-lists/total?limit=50&desktop=true
2025-06-15 05:13:10,994 [ERROR] 没有获取到热榜数据，退出。
2025-06-15 06:17:33,089 [ERROR] 请求失败：403 Client Error: Forbidden for url: https://www.zhihu.com/api/v4/search/top_search
2025-06-15 06:17:33,089 [ERROR] 没有获取到热搜数据，退出。
2025-06-15 06:17:33,458 [ERROR] 请求失败：401 Client Error: Authorization Required for url: https://www.zhihu.com/api/v3/feed/topstory/hot-lists/total?limit=50&desktop=true
2025-06-15 06:17:33,458 [ERROR] 没有获取到热榜数据，退出。
2025-06-15 07:12:20,474 [INFO] 成功写入 10 条热搜到 hotresearch/2025_6_15/2025_6_15_7.txt
2025-06-15 07:12:20,943 [ERROR] 请求失败：401 Client Error: Authorization Required for url: https://www.zhihu.com/api/v3/feed/topstory/hot-lists/total?limit=50&desktop=true
2025-06-15 07:12:20,943 [ERROR] 没有获取到热榜数据，退出。
2025-06-15 08:15:41,410 [ERROR] 请求失败：403 Client Error: Forbidden for url: https://www.zhihu.com/api/v4/search/top_search
2025-06-15 08:15:41,410 [ERROR] 没有获取到热搜数据，退出。
2025-06-15 08:15:41,890 [ERROR] 请求失败：401 Client Error: Authorization Required for url: https://www.zhihu.com/api/v3/feed/topstory/hot-lists/total?limit=50&desktop=true
2025-06-15 08:15:41,890 [ERROR] 没有获取到热榜数据，退出。
2025-06-15 09:13:11,711 [INFO] 成功写入 10 条热搜到 hotresearch/2025_6_15/2025_6_15_9.txt
2025-06-15 09:13:12,211 [ERROR] 请求失败：401 Client Error: Authorization Required for url: https://www.zhihu.com/api/v3/feed/topstory/hot-lists/total?limit=50&desktop=true
2025-06-15 09:13:12,211 [ERROR] 没有获取到热榜数据，退出。
2025-06-15 10:13:31,650 [ERROR] 请求失败：403 Client Error: Forbidden for url: https://www.zhihu.com/api/v4/search/top_search
2025-06-15 10:13:31,650 [ERROR] 没有获取到热搜数据，退出。
2025-06-15 10:13:32,179 [ERROR] 请求失败：403 Client Error: Forbidden for url: https://www.zhihu.com/api/v3/feed/topstory/hot-lists/total?limit=50&desktop=true
2025-06-15 10:13:32,179 [ERROR] 没有获取到热榜数据，退出。
2025-06-15 11:10:13,036 [ERROR] 请求失败：403 Client Error: Forbidden for url: https://www.zhihu.com/api/v4/search/top_search
2025-06-15 11:10:13,036 [ERROR] 没有获取到热搜数据，退出。
2025-06-15 11:10:13,528 [ERROR] 请求失败：401 Client Error: Authorization Required for url: https://www.zhihu.com/api/v3/feed/topstory/hot-lists/total?limit=50&desktop=true
2025-06-15 11:10:13,528 [ERROR] 没有获取到热榜数据，退出。
2025-06-15 12:23:39,485 [ERROR] 请求失败：403 Client Error: Forbidden for url: https://www.zhihu.com/api/v4/search/top_search
2025-06-15 12:23:39,485 [ERROR] 没有获取到热搜数据，退出。
2025-06-15 12:23:39,962 [ERROR] 请求失败：401 Client Error: Authorization Required for url: https://www.zhihu.com/api/v3/feed/topstory/hot-lists/total?limit=50&desktop=true
2025-06-15 12:23:39,962 [ERROR] 没有获取到热榜数据，退出。
2025-06-15 13:21:56,220 [ERROR] 请求失败：403 Client Error: Forbidden for url: https://www.zhihu.com/api/v4/search/top_search
2025-06-15 13:21:56,220 [ERROR] 没有获取到热搜数据，退出。
2025-06-15 13:21:56,671 [ERROR] 请求失败：401 Client Error: Authorization Required for url: https://www.zhihu.com/api/v3/feed/topstory/hot-lists/total?limit=50&desktop=true
2025-06-15 13:21:56,671 [ERROR] 没有获取到热榜数据，退出。
2025-06-15 14:10:59,508 [ERROR] 请求失败：403 Client Error: Forbidden for url: https://www.zhihu.com/api/v4/search/top_search
2025-06-15 14:10:59,509 [ERROR] 没有获取到热搜数据，退出。
2025-06-15 14:10:59,980 [ERROR] 请求失败：403 Client Error: Forbidden for url: https://www.zhihu.com/api/v3/feed/topstory/hot-lists/total?limit=50&desktop=true
2025-06-15 14:10:59,980 [ERROR] 没有获取到热榜数据，退出。
2025-06-15 15:11:55,100 [ERROR] 请求失败：403 Client Error: Forbidden for url: https://www.zhihu.com/api/v4/search/top_search
2025-06-15 15:11:55,100 [ERROR] 没有获取到热搜数据，退出。
2025-06-15 15:11:55,449 [ERROR] 请求失败：401 Client Error: Authorization Required for url: https://www.zhihu.com/api/v3/feed/topstory/hot-lists/total?limit=50&desktop=true
2025-06-15 15:11:55,449 [ERROR] 没有获取到热榜数据，退出。
2025-06-15 16:14:28,363 [INFO] 成功写入 10 条热搜到 hotresearch/2025_6_15/2025_6_15_16.txt
2025-06-15 16:14:28,820 [ERROR] 请求失败：401 Client Error: Authorization Required for url: https://www.zhihu.com/api/v3/feed/topstory/hot-lists/total?limit=50&desktop=true
2025-06-15 16:14:28,821 [ERROR] 没有获取到热榜数据，退出。
2025-06-15 17:10:53,098 [INFO] 成功写入 10 条热搜到 hotresearch/2025_6_15/2025_6_15_17.txt
2025-06-15 17:10:53,475 [ERROR] 请求失败：401 Client Error: Authorization Required for url: https://www.zhihu.com/api/v3/feed/topstory/hot-lists/total?limit=50&desktop=true
2025-06-15 17:10:53,475 [ERROR] 没有获取到热榜数据，退出。
2025-06-15 18:16:43,569 [ERROR] 请求失败：403 Client Error: Forbidden for url: https://www.zhihu.com/api/v4/search/top_search
2025-06-15 18:16:43,569 [ERROR] 没有获取到热搜数据，退出。
2025-06-15 18:16:44,014 [ERROR] 请求失败：401 Client Error: Authorization Required for url: https://www.zhihu.com/api/v3/feed/topstory/hot-lists/total?limit=50&desktop=true
2025-06-15 18:16:44,015 [ERROR] 没有获取到热榜数据，退出。
2025-06-15 19:09:47,460 [ERROR] 请求失败：403 Client Error: Forbidden for url: https://www.zhihu.com/api/v4/search/top_search
2025-06-15 19:09:47,460 [ERROR] 没有获取到热搜数据，退出。
2025-06-15 19:09:47,978 [ERROR] 请求失败：401 Client Error: Authorization Required for url: https://www.zhihu.com/api/v3/feed/topstory/hot-lists/total?limit=50&desktop=true
2025-06-15 19:09:47,978 [ERROR] 没有获取到热榜数据，退出。
2025-06-15 20:13:17,893 [ERROR] 请求失败：403 Client Error: Forbidden for url: https://www.zhihu.com/api/v4/search/top_search
2025-06-15 20:13:17,893 [ERROR] 没有获取到热搜数据，退出。
2025-06-15 20:13:18,346 [ERROR] 请求失败：403 Client Error: Forbidden for url: https://www.zhihu.com/api/v3/feed/topstory/hot-lists/total?limit=50&desktop=true
2025-06-15 20:13:18,346 [ERROR] 没有获取到热榜数据，退出。
2025-06-15 21:11:13,936 [ERROR] 请求失败：403 Client Error: Forbidden for url: https://www.zhihu.com/api/v4/search/top_search
2025-06-15 21:11:13,936 [ERROR] 没有获取到热搜数据，退出。
2025-06-15 21:11:14,388 [ERROR] 请求失败：403 Client Error: Forbidden for url: https://www.zhihu.com/api/v3/feed/topstory/hot-lists/total?limit=50&desktop=true
2025-06-15 21:11:14,388 [ERROR] 没有获取到热榜数据，退出。
2025-06-15 22:11:58,674 [ERROR] 请求失败：403 Client Error: Forbidden for url: https://www.zhihu.com/api/v4/search/top_search
2025-06-15 22:11:58,675 [ERROR] 没有获取到热搜数据，退出。
2025-06-15 22:11:59,018 [ERROR] 请求失败：401 Client Error: Authorization Required for url: https://www.zhihu.com/api/v3/feed/topstory/hot-lists/total?limit=50&desktop=true
2025-06-15 22:11:59,018 [ERROR] 没有获取到热榜数据，退出。
2025-06-15 23:11:54,738 [ERROR] 请求失败：403 Client Error: Forbidden for url: https://www.zhihu.com/api/v4/search/top_search
2025-06-15 23:11:54,738 [ERROR] 没有获取到热搜数据，退出。
2025-06-15 23:11:55,073 [ERROR] 请求失败：401 Client Error: Authorization Required for url: https://www.zhihu.com/api/v3/feed/topstory/hot-lists/total?limit=50&desktop=true
2025-06-15 23:11:55,073 [ERROR] 没有获取到热榜数据，退出。
