2025-12-12 01:07:43,385 [INFO] 成功写入 10 条热搜到 hotresearch/2025_12_12/2025_12_12_1.txt
2025-12-12 01:07:43,893 [ERROR] 请求失败：403 Client Error: Forbidden for url: https://www.zhihu.com/api/v3/feed/topstory/hot-lists/total?limit=50&desktop=true
2025-12-12 01:07:43,893 [ERROR] 没有获取到热榜数据，退出。
2025-12-12 03:17:45,363 [INFO] 成功写入 10 条热搜到 hotresearch/2025_12_12/2025_12_12_3.txt
2025-12-12 03:17:45,907 [ERROR] 请求失败：403 Client Error: Forbidden for url: https://www.zhihu.com/api/v3/feed/topstory/hot-lists/total?limit=50&desktop=true
2025-12-12 03:17:45,908 [ERROR] 没有获取到热榜数据，退出。
2025-12-12 04:28:06,502 [INFO] 成功写入 10 条热搜到 hotresearch/2025_12_12/2025_12_12_4.txt
2025-12-12 04:28:07,030 [ERROR] 请求失败：403 Client Error: Forbidden for url: https://www.zhihu.com/api/v3/feed/topstory/hot-lists/total?limit=50&desktop=true
2025-12-12 04:28:07,030 [ERROR] 没有获取到热榜数据，退出。
2025-12-12 05:15:29,935 [INFO] 成功写入 10 条热搜到 hotresearch/2025_12_12/2025_12_12_5.txt
2025-12-12 05:15:30,321 [ERROR] 请求失败：401 Client Error: Authorization Required for url: https://www.zhihu.com/api/v3/feed/topstory/hot-lists/total?limit=50&desktop=true
2025-12-12 05:15:30,322 [ERROR] 没有获取到热榜数据，退出。
2025-12-12 06:22:41,197 [INFO] 成功写入 10 条热搜到 hotresearch/2025_12_12/2025_12_12_6.txt
2025-12-12 06:22:41,713 [ERROR] 请求失败：403 Client Error: Forbidden for url: https://www.zhihu.com/api/v3/feed/topstory/hot-lists/total?limit=50&desktop=true
2025-12-12 06:22:41,713 [ERROR] 没有获取到热榜数据，退出。
2025-12-12 07:17:57,259 [INFO] 成功写入 10 条热搜到 hotresearch/2025_12_12/2025_12_12_7.txt
2025-12-12 07:17:57,662 [ERROR] 请求失败：401 Client Error: Authorization Required for url: https://www.zhihu.com/api/v3/feed/topstory/hot-lists/total?limit=50&desktop=true
2025-12-12 07:17:57,662 [ERROR] 没有获取到热榜数据，退出。
2025-12-12 08:20:29,479 [INFO] 成功写入 10 条热搜到 hotresearch/2025_12_12/2025_12_12_8.txt
2025-12-12 08:20:29,901 [ERROR] 请求失败：401 Client Error: Authorization Required for url: https://www.zhihu.com/api/v3/feed/topstory/hot-lists/total?limit=50&desktop=true
2025-12-12 08:20:29,901 [ERROR] 没有获取到热榜数据，退出。
2025-12-12 09:18:00,587 [INFO] 成功写入 10 条热搜到 hotresearch/2025_12_12/2025_12_12_9.txt
2025-12-12 09:18:01,075 [ERROR] 请求失败：403 Client Error: Forbidden for url: https://www.zhihu.com/api/v3/feed/topstory/hot-lists/total?limit=50&desktop=true
2025-12-12 09:18:01,075 [ERROR] 没有获取到热榜数据，退出。
2025-12-12 10:15:36,031 [INFO] 成功写入 10 条热搜到 hotresearch/2025_12_12/2025_12_12_10.txt
2025-12-12 10:15:36,516 [ERROR] 请求失败：401 Client Error: Authorization Required for url: https://www.zhihu.com/api/v3/feed/topstory/hot-lists/total?limit=50&desktop=true
2025-12-12 10:15:36,516 [ERROR] 没有获取到热榜数据，退出。
2025-12-12 11:13:43,755 [INFO] 成功写入 10 条热搜到 hotresearch/2025_12_12/2025_12_12_11.txt
2025-12-12 11:13:44,288 [ERROR] 请求失败：401 Client Error: Authorization Required for url: https://www.zhihu.com/api/v3/feed/topstory/hot-lists/total?limit=50&desktop=true
2025-12-12 11:13:44,288 [ERROR] 没有获取到热榜数据，退出。
2025-12-12 12:28:34,950 [INFO] 成功写入 10 条热搜到 hotresearch/2025_12_12/2025_12_12_12.txt
2025-12-12 12:28:35,503 [ERROR] 请求失败：403 Client Error: Forbidden for url: https://www.zhihu.com/api/v3/feed/topstory/hot-lists/total?limit=50&desktop=true
2025-12-12 12:28:35,503 [ERROR] 没有获取到热榜数据，退出。
2025-12-12 13:29:59,028 [INFO] 成功写入 10 条热搜到 hotresearch/2025_12_12/2025_12_12_13.txt
2025-12-12 13:29:59,478 [ERROR] 请求失败：401 Client Error: Authorization Required for url: https://www.zhihu.com/api/v3/feed/topstory/hot-lists/total?limit=50&desktop=true
2025-12-12 13:29:59,478 [ERROR] 没有获取到热榜数据，退出。
2025-12-12 14:13:42,268 [INFO] 成功写入 10 条热搜到 hotresearch/2025_12_12/2025_12_12_14.txt
2025-12-12 14:13:42,630 [ERROR] 请求失败：401 Client Error: Authorization Required for url: https://www.zhihu.com/api/v3/feed/topstory/hot-lists/total?limit=50&desktop=true
2025-12-12 14:13:42,630 [ERROR] 没有获取到热榜数据，退出。
2025-12-12 15:15:39,084 [INFO] 成功写入 10 条热搜到 hotresearch/2025_12_12/2025_12_12_15.txt
2025-12-12 15:15:39,562 [ERROR] 请求失败：403 Client Error: Forbidden for url: https://www.zhihu.com/api/v3/feed/topstory/hot-lists/total?limit=50&desktop=true
2025-12-12 15:15:39,562 [ERROR] 没有获取到热榜数据，退出。
2025-12-12 16:16:55,531 [INFO] 成功写入 10 条热搜到 hotresearch/2025_12_12/2025_12_12_16.txt
2025-12-12 16:16:56,001 [ERROR] 请求失败：401 Client Error: Authorization Required for url: https://www.zhihu.com/api/v3/feed/topstory/hot-lists/total?limit=50&desktop=true
2025-12-12 16:16:56,001 [ERROR] 没有获取到热榜数据，退出。
2025-12-12 17:13:27,649 [ERROR] 请求失败：403 Client Error: Forbidden for url: https://www.zhihu.com/api/v4/search/top_search
2025-12-12 17:13:27,649 [ERROR] 没有获取到热搜数据，退出。
2025-12-12 17:13:28,013 [ERROR] 请求失败：401 Client Error: Authorization Required for url: https://www.zhihu.com/api/v3/feed/topstory/hot-lists/total?limit=50&desktop=true
2025-12-12 17:13:28,013 [ERROR] 没有获取到热榜数据，退出。
2025-12-12 18:21:10,542 [INFO] 成功写入 10 条热搜到 hotresearch/2025_12_12/2025_12_12_18.txt
2025-12-12 18:21:11,067 [ERROR] 请求失败：401 Client Error: Authorization Required for url: https://www.zhihu.com/api/v3/feed/topstory/hot-lists/total?limit=50&desktop=true
2025-12-12 18:21:11,068 [ERROR] 没有获取到热榜数据，退出。
2025-12-12 19:12:10,389 [INFO] 成功写入 10 条热搜到 hotresearch/2025_12_12/2025_12_12_19.txt
2025-12-12 19:12:10,872 [ERROR] 请求失败：401 Client Error: Authorization Required for url: https://www.zhihu.com/api/v3/feed/topstory/hot-lists/total?limit=50&desktop=true
2025-12-12 19:12:10,872 [ERROR] 没有获取到热榜数据，退出。
2025-12-12 20:15:18,372 [INFO] 成功写入 10 条热搜到 hotresearch/2025_12_12/2025_12_12_20.txt
2025-12-12 20:15:18,867 [ERROR] 请求失败：401 Client Error: Authorization Required for url: https://www.zhihu.com/api/v3/feed/topstory/hot-lists/total?limit=50&desktop=true
2025-12-12 20:15:18,867 [ERROR] 没有获取到热榜数据，退出。
2025-12-12 21:12:14,362 [INFO] 成功写入 10 条热搜到 hotresearch/2025_12_12/2025_12_12_21.txt
2025-12-12 21:12:14,810 [ERROR] 请求失败：401 Client Error: Authorization Required for url: https://www.zhihu.com/api/v3/feed/topstory/hot-lists/total?limit=50&desktop=true
2025-12-12 21:12:14,810 [ERROR] 没有获取到热榜数据，退出。
