2025-07-09 01:07:33,328 [ERROR] 请求失败：403 Client Error: Forbidden for url: https://www.zhihu.com/api/v4/search/top_search
2025-07-09 01:07:33,328 [ERROR] 没有获取到热搜数据，退出。
2025-07-09 01:07:33,786 [ERROR] 请求失败：403 Client Error: Forbidden for url: https://www.zhihu.com/api/v3/feed/topstory/hot-lists/total?limit=50&desktop=true
2025-07-09 01:07:33,786 [ERROR] 没有获取到热榜数据，退出。
2025-07-09 03:17:30,914 [ERROR] 请求失败：403 Client Error: Forbidden for url: https://www.zhihu.com/api/v4/search/top_search
2025-07-09 03:17:30,914 [ERROR] 没有获取到热搜数据，退出。
2025-07-09 03:17:31,386 [ERROR] 请求失败：401 Client Error: Authorization Required for url: https://www.zhihu.com/api/v3/feed/topstory/hot-lists/total?limit=50&desktop=true
2025-07-09 03:17:31,386 [ERROR] 没有获取到热榜数据，退出。
2025-07-09 04:28:32,166 [ERROR] 请求失败：403 Client Error: Forbidden for url: https://www.zhihu.com/api/v4/search/top_search
2025-07-09 04:28:32,166 [ERROR] 没有获取到热搜数据，退出。
2025-07-09 04:28:32,684 [ERROR] 请求失败：401 Client Error: Authorization Required for url: https://www.zhihu.com/api/v3/feed/topstory/hot-lists/total?limit=50&desktop=true
2025-07-09 04:28:32,684 [ERROR] 没有获取到热榜数据，退出。
2025-07-09 05:18:33,997 [ERROR] 请求失败：403 Client Error: Forbidden for url: https://www.zhihu.com/api/v4/search/top_search
2025-07-09 05:18:33,998 [ERROR] 没有获取到热搜数据，退出。
2025-07-09 05:18:34,466 [ERROR] 请求失败：403 Client Error: Forbidden for url: https://www.zhihu.com/api/v3/feed/topstory/hot-lists/total?limit=50&desktop=true
2025-07-09 05:18:34,466 [ERROR] 没有获取到热榜数据，退出。
2025-07-09 06:20:25,803 [ERROR] 请求失败：403 Client Error: Forbidden for url: https://www.zhihu.com/api/v4/search/top_search
2025-07-09 06:20:25,803 [ERROR] 没有获取到热搜数据，退出。
2025-07-09 06:20:26,259 [ERROR] 请求失败：401 Client Error: Authorization Required for url: https://www.zhihu.com/api/v3/feed/topstory/hot-lists/total?limit=50&desktop=true
2025-07-09 06:20:26,259 [ERROR] 没有获取到热榜数据，退出。
2025-07-09 07:15:00,394 [ERROR] 请求失败：403 Client Error: Forbidden for url: https://www.zhihu.com/api/v4/search/top_search
2025-07-09 07:15:00,394 [ERROR] 没有获取到热搜数据，退出。
2025-07-09 07:15:00,779 [ERROR] 请求失败：401 Client Error: Authorization Required for url: https://www.zhihu.com/api/v3/feed/topstory/hot-lists/total?limit=50&desktop=true
2025-07-09 07:15:00,779 [ERROR] 没有获取到热榜数据，退出。
2025-07-09 08:18:32,568 [ERROR] 请求失败：403 Client Error: Forbidden for url: https://www.zhihu.com/api/v4/search/top_search
2025-07-09 08:18:32,568 [ERROR] 没有获取到热搜数据，退出。
2025-07-09 08:18:32,947 [ERROR] 请求失败：401 Client Error: Authorization Required for url: https://www.zhihu.com/api/v3/feed/topstory/hot-lists/total?limit=50&desktop=true
2025-07-09 08:18:32,947 [ERROR] 没有获取到热榜数据，退出。
2025-07-09 09:16:13,978 [ERROR] 请求失败：403 Client Error: Forbidden for url: https://www.zhihu.com/api/v4/search/top_search
2025-07-09 09:16:13,978 [ERROR] 没有获取到热搜数据，退出。
2025-07-09 09:16:14,328 [ERROR] 请求失败：401 Client Error: Authorization Required for url: https://www.zhihu.com/api/v3/feed/topstory/hot-lists/total?limit=50&desktop=true
2025-07-09 09:16:14,328 [ERROR] 没有获取到热榜数据，退出。
