2025-05-25 01:09:37,206 [ERROR] 请求失败：403 Client Error: Forbidden for url: https://www.zhihu.com/api/v4/search/top_search
2025-05-25 01:09:37,206 [ERROR] 没有获取到热搜数据，退出。
2025-05-25 01:09:37,679 [ERROR] 请求失败：401 Client Error: Authorization Required for url: https://www.zhihu.com/api/v3/feed/topstory/hot-lists/total?limit=50&desktop=true
2025-05-25 01:09:37,679 [ERROR] 没有获取到热榜数据，退出。
2025-05-25 03:15:14,738 [ERROR] 请求失败：403 Client Error: Forbidden for url: https://www.zhihu.com/api/v4/search/top_search
2025-05-25 03:15:14,738 [ERROR] 没有获取到热搜数据，退出。
2025-05-25 03:15:15,217 [ERROR] 请求失败：401 Client Error: Authorization Required for url: https://www.zhihu.com/api/v3/feed/topstory/hot-lists/total?limit=50&desktop=true
2025-05-25 03:15:15,217 [ERROR] 没有获取到热榜数据，退出。
2025-05-25 04:19:43,398 [ERROR] 请求失败：403 Client Error: Forbidden for url: https://www.zhihu.com/api/v4/search/top_search
2025-05-25 04:19:43,398 [ERROR] 没有获取到热搜数据，退出。
2025-05-25 04:19:43,920 [ERROR] 请求失败：401 Client Error: Authorization Required for url: https://www.zhihu.com/api/v3/feed/topstory/hot-lists/total?limit=50&desktop=true
2025-05-25 04:19:43,920 [ERROR] 没有获取到热榜数据，退出。
2025-05-25 05:12:07,891 [ERROR] 请求失败：403 Client Error: Forbidden for url: https://www.zhihu.com/api/v4/search/top_search
2025-05-25 05:12:07,891 [ERROR] 没有获取到热搜数据，退出。
2025-05-25 05:12:08,269 [ERROR] 请求失败：401 Client Error: Authorization Required for url: https://www.zhihu.com/api/v3/feed/topstory/hot-lists/total?limit=50&desktop=true
2025-05-25 05:12:08,269 [ERROR] 没有获取到热榜数据，退出。
2025-05-25 06:17:07,288 [ERROR] 请求失败：403 Client Error: Forbidden for url: https://www.zhihu.com/api/v4/search/top_search
2025-05-25 06:17:07,288 [ERROR] 没有获取到热搜数据，退出。
2025-05-25 06:17:07,802 [ERROR] 请求失败：403 Client Error: Forbidden for url: https://www.zhihu.com/api/v3/feed/topstory/hot-lists/total?limit=50&desktop=true
2025-05-25 06:17:07,802 [ERROR] 没有获取到热榜数据，退出。
2025-05-25 07:11:31,196 [ERROR] 请求失败：403 Client Error: Forbidden for url: https://www.zhihu.com/api/v4/search/top_search
2025-05-25 07:11:31,196 [ERROR] 没有获取到热搜数据，退出。
2025-05-25 07:11:31,658 [ERROR] 请求失败：403 Client Error: Forbidden for url: https://www.zhihu.com/api/v3/feed/topstory/hot-lists/total?limit=50&desktop=true
2025-05-25 07:11:31,658 [ERROR] 没有获取到热榜数据，退出。
2025-05-25 08:15:08,035 [ERROR] 请求失败：403 Client Error: Forbidden for url: https://www.zhihu.com/api/v4/search/top_search
2025-05-25 08:15:08,035 [ERROR] 没有获取到热搜数据，退出。
2025-05-25 08:15:08,392 [ERROR] 请求失败：401 Client Error: Authorization Required for url: https://www.zhihu.com/api/v3/feed/topstory/hot-lists/total?limit=50&desktop=true
2025-05-25 08:15:08,392 [ERROR] 没有获取到热榜数据，退出。
2025-05-25 09:12:00,251 [ERROR] 请求失败：403 Client Error: Forbidden for url: https://www.zhihu.com/api/v4/search/top_search
2025-05-25 09:12:00,251 [ERROR] 没有获取到热搜数据，退出。
2025-05-25 09:12:00,611 [ERROR] 请求失败：401 Client Error: Authorization Required for url: https://www.zhihu.com/api/v3/feed/topstory/hot-lists/total?limit=50&desktop=true
2025-05-25 09:12:00,611 [ERROR] 没有获取到热榜数据，退出。
2025-05-25 10:12:09,967 [ERROR] 请求失败：403 Client Error: Forbidden for url: https://www.zhihu.com/api/v4/search/top_search
2025-05-25 10:12:09,967 [ERROR] 没有获取到热搜数据，退出。
2025-05-25 10:12:10,341 [ERROR] 请求失败：401 Client Error: Authorization Required for url: https://www.zhihu.com/api/v3/feed/topstory/hot-lists/total?limit=50&desktop=true
2025-05-25 10:12:10,341 [ERROR] 没有获取到热榜数据，退出。
2025-05-25 11:09:38,509 [ERROR] 请求失败：403 Client Error: Forbidden for url: https://www.zhihu.com/api/v4/search/top_search
2025-05-25 11:09:38,509 [ERROR] 没有获取到热搜数据，退出。
2025-05-25 11:09:39,012 [ERROR] 请求失败：401 Client Error: Authorization Required for url: https://www.zhihu.com/api/v3/feed/topstory/hot-lists/total?limit=50&desktop=true
2025-05-25 11:09:39,012 [ERROR] 没有获取到热榜数据，退出。
2025-05-25 12:22:36,952 [INFO] 成功写入 10 条热搜到 hotresearch/2025_5_25/2025_5_25_12.txt
2025-05-25 12:22:37,307 [ERROR] 请求失败：401 Client Error: Authorization Required for url: https://www.zhihu.com/api/v3/feed/topstory/hot-lists/total?limit=50&desktop=true
2025-05-25 12:22:37,307 [ERROR] 没有获取到热榜数据，退出。
2025-05-25 13:20:32,758 [ERROR] 请求失败：403 Client Error: Forbidden for url: https://www.zhihu.com/api/v4/search/top_search
2025-05-25 13:20:32,758 [ERROR] 没有获取到热搜数据，退出。
2025-05-25 13:20:33,248 [ERROR] 请求失败：401 Client Error: Authorization Required for url: https://www.zhihu.com/api/v3/feed/topstory/hot-lists/total?limit=50&desktop=true
2025-05-25 13:20:33,248 [ERROR] 没有获取到热榜数据，退出。
2025-05-25 14:10:51,483 [ERROR] 请求失败：403 Client Error: Forbidden for url: https://www.zhihu.com/api/v4/search/top_search
2025-05-25 14:10:51,483 [ERROR] 没有获取到热搜数据，退出。
2025-05-25 14:10:51,854 [ERROR] 请求失败：401 Client Error: Authorization Required for url: https://www.zhihu.com/api/v3/feed/topstory/hot-lists/total?limit=50&desktop=true
2025-05-25 14:10:51,854 [ERROR] 没有获取到热榜数据，退出。
