2025-05-07 01:02:59,093 [ERROR] 请求失败：403 Client Error: Forbidden for url: https://www.zhihu.com/api/v4/search/top_search
2025-05-07 01:02:59,093 [ERROR] 没有获取到热搜数据，退出。
2025-05-07 01:02:59,672 [ERROR] 请求失败：403 Client Error: Forbidden for url: https://www.zhihu.com/api/v3/feed/topstory/hot-lists/total?limit=50&desktop=true
2025-05-07 01:02:59,673 [ERROR] 没有获取到热榜数据，退出。
2025-05-07 03:05:21,478 [ERROR] 请求失败：403 Client Error: Forbidden for url: https://www.zhihu.com/api/v4/search/top_search
2025-05-07 03:05:21,478 [ERROR] 没有获取到热搜数据，退出。
2025-05-07 03:05:22,058 [ERROR] 请求失败：403 Client Error: Forbidden for url: https://www.zhihu.com/api/v3/feed/topstory/hot-lists/total?limit=50&desktop=true
2025-05-07 03:05:22,058 [ERROR] 没有获取到热榜数据，退出。
2025-05-07 04:16:02,854 [ERROR] 请求失败：403 Client Error: Forbidden for url: https://www.zhihu.com/api/v4/search/top_search
2025-05-07 04:16:02,854 [ERROR] 没有获取到热搜数据，退出。
2025-05-07 04:16:03,375 [ERROR] 请求失败：403 Client Error: Forbidden for url: https://www.zhihu.com/api/v3/feed/topstory/hot-lists/total?limit=50&desktop=true
2025-05-07 04:16:03,375 [ERROR] 没有获取到热榜数据，退出。
2025-05-07 05:13:20,571 [ERROR] 请求失败：403 Client Error: Forbidden for url: https://www.zhihu.com/api/v4/search/top_search
2025-05-07 05:13:20,571 [ERROR] 没有获取到热搜数据，退出。
2025-05-07 05:13:21,016 [ERROR] 请求失败：403 Client Error: Forbidden for url: https://www.zhihu.com/api/v3/feed/topstory/hot-lists/total?limit=50&desktop=true
2025-05-07 05:13:21,016 [ERROR] 没有获取到热榜数据，退出。
2025-05-07 06:18:44,355 [ERROR] 请求失败：403 Client Error: Forbidden for url: https://www.zhihu.com/api/v4/search/top_search
2025-05-07 06:18:44,355 [ERROR] 没有获取到热搜数据，退出。
2025-05-07 06:18:44,945 [ERROR] 请求失败：401 Client Error: Authorization Required for url: https://www.zhihu.com/api/v3/feed/topstory/hot-lists/total?limit=50&desktop=true
2025-05-07 06:18:44,946 [ERROR] 没有获取到热榜数据，退出。
2025-05-07 07:13:01,159 [ERROR] 请求失败：403 Client Error: Forbidden for url: https://www.zhihu.com/api/v4/search/top_search
2025-05-07 07:13:01,159 [ERROR] 没有获取到热搜数据，退出。
2025-05-07 07:13:01,679 [ERROR] 请求失败：401 Client Error: Authorization Required for url: https://www.zhihu.com/api/v3/feed/topstory/hot-lists/total?limit=50&desktop=true
2025-05-07 07:13:01,679 [ERROR] 没有获取到热榜数据，退出。
2025-05-07 08:18:12,505 [ERROR] 请求失败：403 Client Error: Forbidden for url: https://www.zhihu.com/api/v4/search/top_search
2025-05-07 08:18:12,505 [ERROR] 没有获取到热搜数据，退出。
2025-05-07 08:18:13,010 [ERROR] 请求失败：401 Client Error: Authorization Required for url: https://www.zhihu.com/api/v3/feed/topstory/hot-lists/total?limit=50&desktop=true
2025-05-07 08:18:13,010 [ERROR] 没有获取到热榜数据，退出。
