2025-11-25 01:03:02,464 [INFO] 成功写入 10 条热搜到 hotresearch/2025_11_25/2025_11_25_1.txt
2025-11-25 01:03:02,981 [ERROR] 请求失败：401 Client Error: Authorization Required for url: https://www.zhihu.com/api/v3/feed/topstory/hot-lists/total?limit=50&desktop=true
2025-11-25 01:03:02,981 [ERROR] 没有获取到热榜数据，退出。
2025-11-25 03:09:33,262 [ERROR] 请求失败：403 Client Error: Forbidden for url: https://www.zhihu.com/api/v4/search/top_search
2025-11-25 03:09:33,262 [ERROR] 没有获取到热搜数据，退出。
2025-11-25 03:09:33,725 [ERROR] 请求失败：401 Client Error: Authorization Required for url: https://www.zhihu.com/api/v3/feed/topstory/hot-lists/total?limit=50&desktop=true
2025-11-25 03:09:33,725 [ERROR] 没有获取到热榜数据，退出。
2025-11-25 04:19:45,268 [INFO] 成功写入 10 条热搜到 hotresearch/2025_11_25/2025_11_25_4.txt
2025-11-25 04:19:45,778 [ERROR] 请求失败：403 Client Error: Forbidden for url: https://www.zhihu.com/api/v3/feed/topstory/hot-lists/total?limit=50&desktop=true
2025-11-25 04:19:45,778 [ERROR] 没有获取到热榜数据，退出。
2025-11-25 05:13:41,096 [ERROR] 请求失败：403 Client Error: Forbidden for url: https://www.zhihu.com/api/v4/search/top_search
2025-11-25 05:13:41,096 [ERROR] 没有获取到热搜数据，退出。
2025-11-25 05:13:41,449 [ERROR] 请求失败：401 Client Error: Authorization Required for url: https://www.zhihu.com/api/v3/feed/topstory/hot-lists/total?limit=50&desktop=true
2025-11-25 05:13:41,449 [ERROR] 没有获取到热榜数据，退出。
2025-11-25 06:21:08,840 [INFO] 成功写入 10 条热搜到 hotresearch/2025_11_25/2025_11_25_6.txt
2025-11-25 06:21:09,411 [ERROR] 请求失败：401 Client Error: Authorization Required for url: https://www.zhihu.com/api/v3/feed/topstory/hot-lists/total?limit=50&desktop=true
2025-11-25 06:21:09,411 [ERROR] 没有获取到热榜数据，退出。
2025-11-25 07:14:18,552 [INFO] 成功写入 10 条热搜到 hotresearch/2025_11_25/2025_11_25_7.txt
2025-11-25 07:14:18,905 [ERROR] 请求失败：401 Client Error: Authorization Required for url: https://www.zhihu.com/api/v3/feed/topstory/hot-lists/total?limit=50&desktop=true
2025-11-25 07:14:18,905 [ERROR] 没有获取到热榜数据，退出。
2025-11-25 08:19:42,460 [INFO] 成功写入 10 条热搜到 hotresearch/2025_11_25/2025_11_25_8.txt
2025-11-25 08:19:42,872 [ERROR] 请求失败：403 Client Error: Forbidden for url: https://www.zhihu.com/api/v3/feed/topstory/hot-lists/total?limit=50&desktop=true
2025-11-25 08:19:42,872 [ERROR] 没有获取到热榜数据，退出。
2025-11-25 09:16:30,103 [INFO] 成功写入 10 条热搜到 hotresearch/2025_11_25/2025_11_25_9.txt
2025-11-25 09:16:30,568 [ERROR] 请求失败：403 Client Error: Forbidden for url: https://www.zhihu.com/api/v3/feed/topstory/hot-lists/total?limit=50&desktop=true
2025-11-25 09:16:30,568 [ERROR] 没有获取到热榜数据，退出。
2025-11-25 10:16:22,479 [INFO] 成功写入 10 条热搜到 hotresearch/2025_11_25/2025_11_25_10.txt
2025-11-25 10:16:22,924 [ERROR] 请求失败：403 Client Error: Forbidden for url: https://www.zhihu.com/api/v3/feed/topstory/hot-lists/total?limit=50&desktop=true
2025-11-25 10:16:22,924 [ERROR] 没有获取到热榜数据，退出。
2025-11-25 11:12:23,979 [INFO] 成功写入 10 条热搜到 hotresearch/2025_11_25/2025_11_25_11.txt
2025-11-25 11:12:24,317 [ERROR] 请求失败：401 Client Error: Authorization Required for url: https://www.zhihu.com/api/v3/feed/topstory/hot-lists/total?limit=50&desktop=true
2025-11-25 11:12:24,318 [ERROR] 没有获取到热榜数据，退出。
2025-11-25 12:28:36,734 [INFO] 成功写入 10 条热搜到 hotresearch/2025_11_25/2025_11_25_12.txt
2025-11-25 12:28:37,212 [ERROR] 请求失败：401 Client Error: Authorization Required for url: https://www.zhihu.com/api/v3/feed/topstory/hot-lists/total?limit=50&desktop=true
2025-11-25 12:28:37,212 [ERROR] 没有获取到热榜数据，退出。
2025-11-25 13:28:54,064 [INFO] 成功写入 10 条热搜到 hotresearch/2025_11_25/2025_11_25_13.txt
2025-11-25 13:28:54,534 [ERROR] 请求失败：401 Client Error: Authorization Required for url: https://www.zhihu.com/api/v3/feed/topstory/hot-lists/total?limit=50&desktop=true
2025-11-25 13:28:54,534 [ERROR] 没有获取到热榜数据，退出。
2025-11-25 14:13:51,039 [INFO] 成功写入 10 条热搜到 hotresearch/2025_11_25/2025_11_25_14.txt
2025-11-25 14:13:51,514 [ERROR] 请求失败：403 Client Error: Forbidden for url: https://www.zhihu.com/api/v3/feed/topstory/hot-lists/total?limit=50&desktop=true
2025-11-25 14:13:51,514 [ERROR] 没有获取到热榜数据，退出。
