2025-11-14 01:03:41,126 [INFO] 成功写入 10 条热搜到 hotresearch/2025_11_14/2025_11_14_1.txt
2025-11-14 01:03:41,670 [ERROR] 请求失败：403 Client Error: Forbidden for url: https://www.zhihu.com/api/v3/feed/topstory/hot-lists/total?limit=50&desktop=true
2025-11-14 01:03:41,670 [ERROR] 没有获取到热榜数据，退出。
2025-11-14 03:07:51,235 [INFO] 成功写入 10 条热搜到 hotresearch/2025_11_14/2025_11_14_3.txt
2025-11-14 03:07:51,795 [ERROR] 请求失败：401 Client Error: Authorization Required for url: https://www.zhihu.com/api/v3/feed/topstory/hot-lists/total?limit=50&desktop=true
2025-11-14 03:07:51,795 [ERROR] 没有获取到热榜数据，退出。
2025-11-14 04:17:12,079 [INFO] 成功写入 10 条热搜到 hotresearch/2025_11_14/2025_11_14_4.txt
2025-11-14 04:17:12,435 [ERROR] 请求失败：401 Client Error: Authorization Required for url: https://www.zhihu.com/api/v3/feed/topstory/hot-lists/total?limit=50&desktop=true
2025-11-14 04:17:12,435 [ERROR] 没有获取到热榜数据，退出。
2025-11-14 05:13:27,330 [INFO] 成功写入 10 条热搜到 hotresearch/2025_11_14/2025_11_14_5.txt
2025-11-14 05:13:27,751 [ERROR] 请求失败：403 Client Error: Forbidden for url: https://www.zhihu.com/api/v3/feed/topstory/hot-lists/total?limit=50&desktop=true
2025-11-14 05:13:27,752 [ERROR] 没有获取到热榜数据，退出。
2025-11-14 06:20:48,345 [INFO] 成功写入 10 条热搜到 hotresearch/2025_11_14/2025_11_14_6.txt
2025-11-14 06:20:48,879 [ERROR] 请求失败：403 Client Error: Forbidden for url: https://www.zhihu.com/api/v3/feed/topstory/hot-lists/total?limit=50&desktop=true
2025-11-14 06:20:48,879 [ERROR] 没有获取到热榜数据，退出。
2025-11-14 07:13:00,270 [INFO] 成功写入 10 条热搜到 hotresearch/2025_11_14/2025_11_14_7.txt
2025-11-14 07:13:00,830 [ERROR] 请求失败：401 Client Error: Authorization Required for url: https://www.zhihu.com/api/v3/feed/topstory/hot-lists/total?limit=50&desktop=true
2025-11-14 07:13:00,830 [ERROR] 没有获取到热榜数据，退出。
2025-11-14 08:18:19,598 [INFO] 成功写入 10 条热搜到 hotresearch/2025_11_14/2025_11_14_8.txt
2025-11-14 08:18:19,999 [ERROR] 请求失败：401 Client Error: Authorization Required for url: https://www.zhihu.com/api/v3/feed/topstory/hot-lists/total?limit=50&desktop=true
2025-11-14 08:18:19,999 [ERROR] 没有获取到热榜数据，退出。
2025-11-14 09:14:04,315 [INFO] 成功写入 10 条热搜到 hotresearch/2025_11_14/2025_11_14_9.txt
2025-11-14 09:14:04,718 [ERROR] 请求失败：401 Client Error: Authorization Required for url: https://www.zhihu.com/api/v3/feed/topstory/hot-lists/total?limit=50&desktop=true
2025-11-14 09:14:04,718 [ERROR] 没有获取到热榜数据，退出。
2025-11-14 10:15:13,612 [INFO] 成功写入 10 条热搜到 hotresearch/2025_11_14/2025_11_14_10.txt
2025-11-14 10:15:14,181 [ERROR] 请求失败：403 Client Error: Forbidden for url: https://www.zhihu.com/api/v3/feed/topstory/hot-lists/total?limit=50&desktop=true
2025-11-14 10:15:14,181 [ERROR] 没有获取到热榜数据，退出。
2025-11-14 11:11:13,713 [INFO] 成功写入 10 条热搜到 hotresearch/2025_11_14/2025_11_14_11.txt
2025-11-14 11:11:14,322 [ERROR] 请求失败：403 Client Error: Forbidden for url: https://www.zhihu.com/api/v3/feed/topstory/hot-lists/total?limit=50&desktop=true
2025-11-14 11:11:14,322 [ERROR] 没有获取到热榜数据，退出。
2025-11-14 12:27:24,254 [INFO] 成功写入 10 条热搜到 hotresearch/2025_11_14/2025_11_14_12.txt
2025-11-14 12:27:24,764 [ERROR] 请求失败：403 Client Error: Forbidden for url: https://www.zhihu.com/api/v3/feed/topstory/hot-lists/total?limit=50&desktop=true
2025-11-14 12:27:24,764 [ERROR] 没有获取到热榜数据，退出。
2025-11-14 13:25:19,526 [INFO] 成功写入 10 条热搜到 hotresearch/2025_11_14/2025_11_14_13.txt
2025-11-14 13:25:20,072 [ERROR] 请求失败：401 Client Error: Authorization Required for url: https://www.zhihu.com/api/v3/feed/topstory/hot-lists/total?limit=50&desktop=true
2025-11-14 13:25:20,072 [ERROR] 没有获取到热榜数据，退出。
2025-11-14 14:13:03,094 [INFO] 成功写入 10 条热搜到 hotresearch/2025_11_14/2025_11_14_14.txt
2025-11-14 14:13:03,523 [ERROR] 请求失败：401 Client Error: Authorization Required for url: https://www.zhihu.com/api/v3/feed/topstory/hot-lists/total?limit=50&desktop=true
2025-11-14 14:13:03,524 [ERROR] 没有获取到热榜数据，退出。
2025-11-14 15:12:53,846 [INFO] 成功写入 10 条热搜到 hotresearch/2025_11_14/2025_11_14_15.txt
2025-11-14 15:12:54,254 [ERROR] 请求失败：401 Client Error: Authorization Required for url: https://www.zhihu.com/api/v3/feed/topstory/hot-lists/total?limit=50&desktop=true
2025-11-14 15:12:54,254 [ERROR] 没有获取到热榜数据，退出。
2025-11-14 16:16:50,970 [INFO] 成功写入 10 条热搜到 hotresearch/2025_11_14/2025_11_14_16.txt
2025-11-14 16:16:51,480 [ERROR] 请求失败：403 Client Error: Forbidden for url: https://www.zhihu.com/api/v3/feed/topstory/hot-lists/total?limit=50&desktop=true
2025-11-14 16:16:51,480 [ERROR] 没有获取到热榜数据，退出。
2025-11-14 17:11:42,183 [ERROR] 请求失败：403 Client Error: Forbidden for url: https://www.zhihu.com/api/v4/search/top_search
2025-11-14 17:11:42,183 [ERROR] 没有获取到热搜数据，退出。
2025-11-14 17:11:42,726 [ERROR] 请求失败：403 Client Error: Forbidden for url: https://www.zhihu.com/api/v3/feed/topstory/hot-lists/total?limit=50&desktop=true
2025-11-14 17:11:42,726 [ERROR] 没有获取到热榜数据，退出。
2025-11-14 18:18:59,017 [INFO] 成功写入 10 条热搜到 hotresearch/2025_11_14/2025_11_14_18.txt
2025-11-14 18:18:59,526 [ERROR] 请求失败：401 Client Error: Authorization Required for url: https://www.zhihu.com/api/v3/feed/topstory/hot-lists/total?limit=50&desktop=true
2025-11-14 18:18:59,526 [ERROR] 没有获取到热榜数据，退出。
2025-11-14 19:10:30,311 [INFO] 成功写入 10 条热搜到 hotresearch/2025_11_14/2025_11_14_19.txt
2025-11-14 19:10:30,781 [ERROR] 请求失败：401 Client Error: Authorization Required for url: https://www.zhihu.com/api/v3/feed/topstory/hot-lists/total?limit=50&desktop=true
2025-11-14 19:10:30,781 [ERROR] 没有获取到热榜数据，退出。
2025-11-14 20:15:02,604 [INFO] 成功写入 10 条热搜到 hotresearch/2025_11_14/2025_11_14_20.txt
2025-11-14 20:15:03,165 [ERROR] 请求失败：401 Client Error: Authorization Required for url: https://www.zhihu.com/api/v3/feed/topstory/hot-lists/total?limit=50&desktop=true
2025-11-14 20:15:03,165 [ERROR] 没有获取到热榜数据，退出。
2025-11-14 21:12:12,730 [INFO] 成功写入 10 条热搜到 hotresearch/2025_11_14/2025_11_14_21.txt
2025-11-14 21:12:13,221 [ERROR] 请求失败：401 Client Error: Authorization Required for url: https://www.zhihu.com/api/v3/feed/topstory/hot-lists/total?limit=50&desktop=true
2025-11-14 21:12:13,221 [ERROR] 没有获取到热榜数据，退出。
2025-11-14 22:12:19,213 [INFO] 成功写入 10 条热搜到 hotresearch/2025_11_14/2025_11_14_22.txt
2025-11-14 22:12:19,658 [ERROR] 请求失败：401 Client Error: Authorization Required for url: https://www.zhihu.com/api/v3/feed/topstory/hot-lists/total?limit=50&desktop=true
2025-11-14 22:12:19,658 [ERROR] 没有获取到热榜数据，退出。
