2025-05-18 01:08:00,991 [ERROR] 请求失败：403 Client Error: Forbidden for url: https://www.zhihu.com/api/v4/search/top_search
2025-05-18 01:08:00,991 [ERROR] 没有获取到热搜数据，退出。
2025-05-18 01:08:01,513 [ERROR] 请求失败：401 Client Error: Authorization Required for url: https://www.zhihu.com/api/v3/feed/topstory/hot-lists/total?limit=50&desktop=true
2025-05-18 01:08:01,513 [ERROR] 没有获取到热榜数据，退出。
2025-05-18 03:12:52,312 [ERROR] 请求失败：403 Client Error: Forbidden for url: https://www.zhihu.com/api/v4/search/top_search
2025-05-18 03:12:52,312 [ERROR] 没有获取到热搜数据，退出。
2025-05-18 03:12:52,820 [ERROR] 请求失败：403 Client Error: Forbidden for url: https://www.zhihu.com/api/v3/feed/topstory/hot-lists/total?limit=50&desktop=true
2025-05-18 03:12:52,820 [ERROR] 没有获取到热榜数据，退出。
2025-05-18 04:18:57,255 [ERROR] 请求失败：403 Client Error: Forbidden for url: https://www.zhihu.com/api/v4/search/top_search
2025-05-18 04:18:57,255 [ERROR] 没有获取到热搜数据，退出。
2025-05-18 04:18:57,830 [ERROR] 请求失败：401 Client Error: Authorization Required for url: https://www.zhihu.com/api/v3/feed/topstory/hot-lists/total?limit=50&desktop=true
2025-05-18 04:18:57,830 [ERROR] 没有获取到热榜数据，退出。
2025-05-18 05:12:42,140 [ERROR] 请求失败：403 Client Error: Forbidden for url: https://www.zhihu.com/api/v4/search/top_search
2025-05-18 05:12:42,140 [ERROR] 没有获取到热搜数据，退出。
2025-05-18 05:12:42,610 [ERROR] 请求失败：403 Client Error: Forbidden for url: https://www.zhihu.com/api/v3/feed/topstory/hot-lists/total?limit=50&desktop=true
2025-05-18 05:12:42,610 [ERROR] 没有获取到热榜数据，退出。
2025-05-18 06:17:33,281 [ERROR] 请求失败：403 Client Error: Forbidden for url: https://www.zhihu.com/api/v4/search/top_search
2025-05-18 06:17:33,281 [ERROR] 没有获取到热搜数据，退出。
2025-05-18 06:17:33,768 [ERROR] 请求失败：401 Client Error: Authorization Required for url: https://www.zhihu.com/api/v3/feed/topstory/hot-lists/total?limit=50&desktop=true
2025-05-18 06:17:33,768 [ERROR] 没有获取到热榜数据，退出。
2025-05-18 07:11:20,293 [ERROR] 请求失败：403 Client Error: Forbidden for url: https://www.zhihu.com/api/v4/search/top_search
2025-05-18 07:11:20,294 [ERROR] 没有获取到热搜数据，退出。
2025-05-18 07:11:20,918 [ERROR] 请求失败：401 Client Error: Authorization Required for url: https://www.zhihu.com/api/v3/feed/topstory/hot-lists/total?limit=50&desktop=true
2025-05-18 07:11:20,918 [ERROR] 没有获取到热榜数据，退出。
2025-05-18 08:14:57,374 [ERROR] 请求失败：403 Client Error: Forbidden for url: https://www.zhihu.com/api/v4/search/top_search
2025-05-18 08:14:57,374 [ERROR] 没有获取到热搜数据，退出。
2025-05-18 08:14:57,821 [ERROR] 请求失败：403 Client Error: Forbidden for url: https://www.zhihu.com/api/v3/feed/topstory/hot-lists/total?limit=50&desktop=true
2025-05-18 08:14:57,821 [ERROR] 没有获取到热榜数据，退出。
2025-05-18 09:12:09,961 [ERROR] 请求失败：403 Client Error: Forbidden for url: https://www.zhihu.com/api/v4/search/top_search
2025-05-18 09:12:09,961 [ERROR] 没有获取到热搜数据，退出。
2025-05-18 09:12:10,404 [ERROR] 请求失败：401 Client Error: Authorization Required for url: https://www.zhihu.com/api/v3/feed/topstory/hot-lists/total?limit=50&desktop=true
2025-05-18 09:12:10,404 [ERROR] 没有获取到热榜数据，退出。
2025-05-18 10:12:22,001 [ERROR] 请求失败：403 Client Error: Forbidden for url: https://www.zhihu.com/api/v4/search/top_search
2025-05-18 10:12:22,001 [ERROR] 没有获取到热搜数据，退出。
2025-05-18 10:12:22,474 [ERROR] 请求失败：401 Client Error: Authorization Required for url: https://www.zhihu.com/api/v3/feed/topstory/hot-lists/total?limit=50&desktop=true
2025-05-18 10:12:22,474 [ERROR] 没有获取到热榜数据，退出。
2025-05-18 11:09:34,144 [ERROR] 请求失败：403 Client Error: Forbidden for url: https://www.zhihu.com/api/v4/search/top_search
2025-05-18 11:09:34,144 [ERROR] 没有获取到热搜数据，退出。
2025-05-18 11:09:34,657 [ERROR] 请求失败：401 Client Error: Authorization Required for url: https://www.zhihu.com/api/v3/feed/topstory/hot-lists/total?limit=50&desktop=true
2025-05-18 11:09:34,658 [ERROR] 没有获取到热榜数据，退出。
2025-05-18 12:22:37,019 [ERROR] 请求失败：403 Client Error: Forbidden for url: https://www.zhihu.com/api/v4/search/top_search
2025-05-18 12:22:37,019 [ERROR] 没有获取到热搜数据，退出。
2025-05-18 12:22:37,560 [ERROR] 请求失败：403 Client Error: Forbidden for url: https://www.zhihu.com/api/v3/feed/topstory/hot-lists/total?limit=50&desktop=true
2025-05-18 12:22:37,560 [ERROR] 没有获取到热榜数据，退出。
2025-05-18 13:20:31,509 [ERROR] 请求失败：403 Client Error: Forbidden for url: https://www.zhihu.com/api/v4/search/top_search
2025-05-18 13:20:31,509 [ERROR] 没有获取到热搜数据，退出。
2025-05-18 13:20:32,088 [ERROR] 请求失败：403 Client Error: Forbidden for url: https://www.zhihu.com/api/v3/feed/topstory/hot-lists/total?limit=50&desktop=true
2025-05-18 13:20:32,088 [ERROR] 没有获取到热榜数据，退出。
