2025-08-12 01:05:01,897 [ERROR] 请求失败：403 Client Error: Forbidden for url: https://www.zhihu.com/api/v4/search/top_search
2025-08-12 01:05:01,897 [ERROR] 没有获取到热搜数据，退出。
2025-08-12 01:05:02,339 [ERROR] 请求失败：401 Client Error: Authorization Required for url: https://www.zhihu.com/api/v3/feed/topstory/hot-lists/total?limit=50&desktop=true
2025-08-12 01:05:02,339 [ERROR] 没有获取到热榜数据，退出。
2025-08-12 03:12:24,209 [ERROR] 请求失败：403 Client Error: Forbidden for url: https://www.zhihu.com/api/v4/search/top_search
2025-08-12 03:12:24,209 [ERROR] 没有获取到热搜数据，退出。
2025-08-12 03:12:24,635 [ERROR] 请求失败：401 Client Error: Authorization Required for url: https://www.zhihu.com/api/v3/feed/topstory/hot-lists/total?limit=50&desktop=true
2025-08-12 03:12:24,635 [ERROR] 没有获取到热榜数据，退出。
2025-08-12 04:21:35,518 [ERROR] 请求失败：403 Client Error: Forbidden for url: https://www.zhihu.com/api/v4/search/top_search
2025-08-12 04:21:35,518 [ERROR] 没有获取到热搜数据，退出。
2025-08-12 04:21:35,973 [ERROR] 请求失败：401 Client Error: Authorization Required for url: https://www.zhihu.com/api/v3/feed/topstory/hot-lists/total?limit=50&desktop=true
2025-08-12 04:21:35,974 [ERROR] 没有获取到热榜数据，退出。
2025-08-12 05:13:50,836 [ERROR] 请求失败：403 Client Error: Forbidden for url: https://www.zhihu.com/api/v4/search/top_search
2025-08-12 05:13:50,837 [ERROR] 没有获取到热搜数据，退出。
2025-08-12 05:13:51,462 [ERROR] 请求失败：403 Client Error: Forbidden for url: https://www.zhihu.com/api/v3/feed/topstory/hot-lists/total?limit=50&desktop=true
2025-08-12 05:13:51,462 [ERROR] 没有获取到热榜数据，退出。
2025-08-12 06:20:52,883 [ERROR] 请求失败：403 Client Error: Forbidden for url: https://www.zhihu.com/api/v4/search/top_search
2025-08-12 06:20:52,883 [ERROR] 没有获取到热搜数据，退出。
2025-08-12 06:20:53,237 [ERROR] 请求失败：401 Client Error: Authorization Required for url: https://www.zhihu.com/api/v3/feed/topstory/hot-lists/total?limit=50&desktop=true
2025-08-12 06:20:53,237 [ERROR] 没有获取到热榜数据，退出。
2025-08-12 07:14:43,384 [ERROR] 请求失败：403 Client Error: Forbidden for url: https://www.zhihu.com/api/v4/search/top_search
2025-08-12 07:14:43,384 [ERROR] 没有获取到热搜数据，退出。
2025-08-12 07:14:43,781 [ERROR] 请求失败：401 Client Error: Authorization Required for url: https://www.zhihu.com/api/v3/feed/topstory/hot-lists/total?limit=50&desktop=true
2025-08-12 07:14:43,781 [ERROR] 没有获取到热榜数据，退出。
2025-08-12 08:18:39,786 [ERROR] 请求失败：403 Client Error: Forbidden for url: https://www.zhihu.com/api/v4/search/top_search
2025-08-12 08:18:39,786 [ERROR] 没有获取到热搜数据，退出。
2025-08-12 08:18:40,705 [ERROR] 请求失败：403 Client Error: Forbidden for url: https://www.zhihu.com/api/v3/feed/topstory/hot-lists/total?limit=50&desktop=true
2025-08-12 08:18:40,705 [ERROR] 没有获取到热榜数据，退出。
2025-08-12 09:16:02,921 [INFO] 成功写入 10 条热搜到 hotresearch/2025_8_12/2025_8_12_9.txt
2025-08-12 09:16:03,775 [ERROR] 请求失败：401 Client Error: Authorization Required for url: https://www.zhihu.com/api/v3/feed/topstory/hot-lists/total?limit=50&desktop=true
2025-08-12 09:16:03,775 [ERROR] 没有获取到热榜数据，退出。
2025-08-12 10:15:08,365 [ERROR] 请求失败：403 Client Error: Forbidden for url: https://www.zhihu.com/api/v4/search/top_search
2025-08-12 10:15:08,365 [ERROR] 没有获取到热搜数据，退出。
2025-08-12 10:15:08,725 [ERROR] 请求失败：401 Client Error: Authorization Required for url: https://www.zhihu.com/api/v3/feed/topstory/hot-lists/total?limit=50&desktop=true
2025-08-12 10:15:08,725 [ERROR] 没有获取到热榜数据，退出。
2025-08-12 11:12:05,631 [ERROR] 请求失败：403 Client Error: Forbidden for url: https://www.zhihu.com/api/v4/search/top_search
2025-08-12 11:12:05,631 [ERROR] 没有获取到热搜数据，退出。
2025-08-12 11:12:06,034 [ERROR] 请求失败：401 Client Error: Authorization Required for url: https://www.zhihu.com/api/v3/feed/topstory/hot-lists/total?limit=50&desktop=true
2025-08-12 11:12:06,034 [ERROR] 没有获取到热榜数据，退出。
2025-08-12 12:27:28,758 [INFO] 成功写入 10 条热搜到 hotresearch/2025_8_12/2025_8_12_12.txt
2025-08-12 12:27:29,676 [ERROR] 请求失败：403 Client Error: Forbidden for url: https://www.zhihu.com/api/v3/feed/topstory/hot-lists/total?limit=50&desktop=true
2025-08-12 12:27:29,676 [ERROR] 没有获取到热榜数据，退出。
