2025-06-23 01:09:34,168 [ERROR] 请求失败：403 Client Error: Forbidden for url: https://www.zhihu.com/api/v4/search/top_search
2025-06-23 01:09:34,169 [ERROR] 没有获取到热搜数据，退出。
2025-06-23 01:09:34,525 [ERROR] 请求失败：401 Client Error: Authorization Required for url: https://www.zhihu.com/api/v3/feed/topstory/hot-lists/total?limit=50&desktop=true
2025-06-23 01:09:34,525 [ERROR] 没有获取到热榜数据，退出。
2025-06-23 03:21:28,712 [ERROR] 请求失败：403 Client Error: Forbidden for url: https://www.zhihu.com/api/v4/search/top_search
2025-06-23 03:21:28,713 [ERROR] 没有获取到热搜数据，退出。
2025-06-23 03:21:29,177 [ERROR] 请求失败：401 Client Error: Authorization Required for url: https://www.zhihu.com/api/v3/feed/topstory/hot-lists/total?limit=50&desktop=true
2025-06-23 03:21:29,177 [ERROR] 没有获取到热榜数据，退出。
2025-06-23 04:28:40,100 [ERROR] 请求失败：403 Client Error: Forbidden for url: https://www.zhihu.com/api/v4/search/top_search
2025-06-23 04:28:40,100 [ERROR] 没有获取到热搜数据，退出。
2025-06-23 04:28:40,600 [ERROR] 请求失败：403 Client Error: Forbidden for url: https://www.zhihu.com/api/v3/feed/topstory/hot-lists/total?limit=50&desktop=true
2025-06-23 04:28:40,600 [ERROR] 没有获取到热榜数据，退出。
2025-06-23 05:15:50,883 [ERROR] 请求失败：403 Client Error: Forbidden for url: https://www.zhihu.com/api/v4/search/top_search
2025-06-23 05:15:50,884 [ERROR] 没有获取到热搜数据，退出。
2025-06-23 05:15:51,351 [ERROR] 请求失败：403 Client Error: Forbidden for url: https://www.zhihu.com/api/v3/feed/topstory/hot-lists/total?limit=50&desktop=true
2025-06-23 05:15:51,352 [ERROR] 没有获取到热榜数据，退出。
2025-06-23 06:20:50,762 [ERROR] 请求失败：403 Client Error: Forbidden for url: https://www.zhihu.com/api/v4/search/top_search
2025-06-23 06:20:50,762 [ERROR] 没有获取到热搜数据，退出。
2025-06-23 06:20:51,228 [ERROR] 请求失败：401 Client Error: Authorization Required for url: https://www.zhihu.com/api/v3/feed/topstory/hot-lists/total?limit=50&desktop=true
2025-06-23 06:20:51,228 [ERROR] 没有获取到热榜数据，退出。
2025-06-23 07:15:09,258 [ERROR] 请求失败：403 Client Error: Forbidden for url: https://www.zhihu.com/api/v4/search/top_search
2025-06-23 07:15:09,258 [ERROR] 没有获取到热搜数据，退出。
2025-06-23 07:15:09,703 [ERROR] 请求失败：403 Client Error: Forbidden for url: https://www.zhihu.com/api/v3/feed/topstory/hot-lists/total?limit=50&desktop=true
2025-06-23 07:15:09,703 [ERROR] 没有获取到热榜数据，退出。
2025-06-23 08:19:30,210 [ERROR] 请求失败：403 Client Error: Forbidden for url: https://www.zhihu.com/api/v4/search/top_search
2025-06-23 08:19:30,210 [ERROR] 没有获取到热搜数据，退出。
2025-06-23 08:19:30,704 [ERROR] 请求失败：401 Client Error: Authorization Required for url: https://www.zhihu.com/api/v3/feed/topstory/hot-lists/total?limit=50&desktop=true
2025-06-23 08:19:30,704 [ERROR] 没有获取到热榜数据，退出。
2025-06-23 09:16:34,309 [ERROR] 请求失败：403 Client Error: Forbidden for url: https://www.zhihu.com/api/v4/search/top_search
2025-06-23 09:16:34,309 [ERROR] 没有获取到热搜数据，退出。
2025-06-23 09:16:34,794 [ERROR] 请求失败：403 Client Error: Forbidden for url: https://www.zhihu.com/api/v3/feed/topstory/hot-lists/total?limit=50&desktop=true
2025-06-23 09:16:34,794 [ERROR] 没有获取到热榜数据，退出。
2025-06-23 10:15:16,485 [ERROR] 请求失败：403 Client Error: Forbidden for url: https://www.zhihu.com/api/v4/search/top_search
2025-06-23 10:15:16,485 [ERROR] 没有获取到热搜数据，退出。
2025-06-23 10:15:16,876 [ERROR] 请求失败：401 Client Error: Authorization Required for url: https://www.zhihu.com/api/v3/feed/topstory/hot-lists/total?limit=50&desktop=true
2025-06-23 10:15:16,877 [ERROR] 没有获取到热榜数据，退出。
2025-06-23 11:12:19,918 [ERROR] 请求失败：403 Client Error: Forbidden for url: https://www.zhihu.com/api/v4/search/top_search
2025-06-23 11:12:19,919 [ERROR] 没有获取到热搜数据，退出。
2025-06-23 11:12:20,473 [ERROR] 请求失败：401 Client Error: Authorization Required for url: https://www.zhihu.com/api/v3/feed/topstory/hot-lists/total?limit=50&desktop=true
2025-06-23 11:12:20,473 [ERROR] 没有获取到热榜数据，退出。
