2025-11-17 01:04:37,297 [INFO] 成功写入 10 条热搜到 hotresearch/2025_11_17/2025_11_17_1.txt
2025-11-17 01:04:37,823 [ERROR] 请求失败：401 Client Error: Authorization Required for url: https://www.zhihu.com/api/v3/feed/topstory/hot-lists/total?limit=50&desktop=true
2025-11-17 01:04:37,823 [ERROR] 没有获取到热榜数据，退出。
2025-11-17 03:10:14,457 [INFO] 成功写入 10 条热搜到 hotresearch/2025_11_17/2025_11_17_3.txt
2025-11-17 03:10:14,921 [ERROR] 请求失败：403 Client Error: Forbidden for url: https://www.zhihu.com/api/v3/feed/topstory/hot-lists/total?limit=50&desktop=true
2025-11-17 03:10:14,921 [ERROR] 没有获取到热榜数据，退出。
2025-11-17 04:19:42,402 [INFO] 成功写入 10 条热搜到 hotresearch/2025_11_17/2025_11_17_4.txt
2025-11-17 04:19:42,750 [ERROR] 请求失败：403 Client Error: Forbidden for url: https://www.zhihu.com/api/v3/feed/topstory/hot-lists/total?limit=50&desktop=true
2025-11-17 04:19:42,750 [ERROR] 没有获取到热榜数据，退出。
2025-11-17 05:14:01,146 [INFO] 成功写入 10 条热搜到 hotresearch/2025_11_17/2025_11_17_5.txt
2025-11-17 05:14:01,580 [ERROR] 请求失败：401 Client Error: Authorization Required for url: https://www.zhihu.com/api/v3/feed/topstory/hot-lists/total?limit=50&desktop=true
2025-11-17 05:14:01,580 [ERROR] 没有获取到热榜数据，退出。
2025-11-17 06:21:20,514 [INFO] 成功写入 10 条热搜到 hotresearch/2025_11_17/2025_11_17_6.txt
2025-11-17 06:21:20,871 [ERROR] 请求失败：401 Client Error: Authorization Required for url: https://www.zhihu.com/api/v3/feed/topstory/hot-lists/total?limit=50&desktop=true
2025-11-17 06:21:20,871 [ERROR] 没有获取到热榜数据，退出。
2025-11-17 07:13:49,145 [INFO] 成功写入 10 条热搜到 hotresearch/2025_11_17/2025_11_17_7.txt
2025-11-17 07:13:49,684 [ERROR] 请求失败：403 Client Error: Forbidden for url: https://www.zhihu.com/api/v3/feed/topstory/hot-lists/total?limit=50&desktop=true
2025-11-17 07:13:49,684 [ERROR] 没有获取到热榜数据，退出。
2025-11-17 08:20:11,365 [INFO] 成功写入 10 条热搜到 hotresearch/2025_11_17/2025_11_17_8.txt
2025-11-17 08:20:11,811 [ERROR] 请求失败：403 Client Error: Forbidden for url: https://www.zhihu.com/api/v3/feed/topstory/hot-lists/total?limit=50&desktop=true
2025-11-17 08:20:11,811 [ERROR] 没有获取到热榜数据，退出。
2025-11-17 09:18:05,897 [ERROR] 请求失败：403 Client Error: Forbidden for url: https://www.zhihu.com/api/v4/search/top_search
2025-11-17 09:18:05,897 [ERROR] 没有获取到热搜数据，退出。
2025-11-17 09:18:06,401 [ERROR] 请求失败：401 Client Error: Authorization Required for url: https://www.zhihu.com/api/v3/feed/topstory/hot-lists/total?limit=50&desktop=true
2025-11-17 09:18:06,401 [ERROR] 没有获取到热榜数据，退出。
