2025-07-10 01:07:37,024 [ERROR] 请求失败：403 Client Error: Forbidden for url: https://www.zhihu.com/api/v4/search/top_search
2025-07-10 01:07:37,024 [ERROR] 没有获取到热搜数据，退出。
2025-07-10 01:07:37,376 [ERROR] 请求失败：401 Client Error: Authorization Required for url: https://www.zhihu.com/api/v3/feed/topstory/hot-lists/total?limit=50&desktop=true
2025-07-10 01:07:37,376 [ERROR] 没有获取到热榜数据，退出。
2025-07-10 03:17:12,601 [ERROR] 请求失败：403 Client Error: Forbidden for url: https://www.zhihu.com/api/v4/search/top_search
2025-07-10 03:17:12,601 [ERROR] 没有获取到热搜数据，退出。
2025-07-10 03:17:13,045 [ERROR] 请求失败：403 Client Error: Forbidden for url: https://www.zhihu.com/api/v3/feed/topstory/hot-lists/total?limit=50&desktop=true
2025-07-10 03:17:13,045 [ERROR] 没有获取到热榜数据，退出。
2025-07-10 04:26:42,831 [ERROR] 请求失败：403 Client Error: Forbidden for url: https://www.zhihu.com/api/v4/search/top_search
2025-07-10 04:26:42,831 [ERROR] 没有获取到热搜数据，退出。
2025-07-10 04:26:43,278 [ERROR] 请求失败：403 Client Error: Forbidden for url: https://www.zhihu.com/api/v3/feed/topstory/hot-lists/total?limit=50&desktop=true
2025-07-10 04:26:43,278 [ERROR] 没有获取到热榜数据，退出。
2025-07-10 05:17:05,374 [ERROR] 请求失败：403 Client Error: Forbidden for url: https://www.zhihu.com/api/v4/search/top_search
2025-07-10 05:17:05,374 [ERROR] 没有获取到热搜数据，退出。
2025-07-10 05:17:05,857 [ERROR] 请求失败：401 Client Error: Authorization Required for url: https://www.zhihu.com/api/v3/feed/topstory/hot-lists/total?limit=50&desktop=true
2025-07-10 05:17:05,857 [ERROR] 没有获取到热榜数据，退出。
2025-07-10 06:21:02,445 [ERROR] 请求失败：403 Client Error: Forbidden for url: https://www.zhihu.com/api/v4/search/top_search
2025-07-10 06:21:02,445 [ERROR] 没有获取到热搜数据，退出。
2025-07-10 06:21:02,951 [ERROR] 请求失败：403 Client Error: Forbidden for url: https://www.zhihu.com/api/v3/feed/topstory/hot-lists/total?limit=50&desktop=true
2025-07-10 06:21:02,951 [ERROR] 没有获取到热榜数据，退出。
2025-07-10 07:15:04,424 [ERROR] 请求失败：403 Client Error: Forbidden for url: https://www.zhihu.com/api/v4/search/top_search
2025-07-10 07:15:04,424 [ERROR] 没有获取到热搜数据，退出。
2025-07-10 07:15:04,866 [ERROR] 请求失败：401 Client Error: Authorization Required for url: https://www.zhihu.com/api/v3/feed/topstory/hot-lists/total?limit=50&desktop=true
2025-07-10 07:15:04,866 [ERROR] 没有获取到热榜数据，退出。
2025-07-10 08:18:44,419 [ERROR] 请求失败：403 Client Error: Forbidden for url: https://www.zhihu.com/api/v4/search/top_search
2025-07-10 08:18:44,419 [ERROR] 没有获取到热搜数据，退出。
2025-07-10 08:18:44,867 [ERROR] 请求失败：401 Client Error: Authorization Required for url: https://www.zhihu.com/api/v3/feed/topstory/hot-lists/total?limit=50&desktop=true
2025-07-10 08:18:44,867 [ERROR] 没有获取到热榜数据，退出。
