2025-05-27 01:02:50,329 [ERROR] 请求失败：403 Client Error: Forbidden for url: https://www.zhihu.com/api/v4/search/top_search
2025-05-27 01:02:50,329 [ERROR] 没有获取到热搜数据，退出。
2025-05-27 01:02:50,792 [ERROR] 请求失败：403 Client Error: Forbidden for url: https://www.zhihu.com/api/v3/feed/topstory/hot-lists/total?limit=50&desktop=true
2025-05-27 01:02:50,792 [ERROR] 没有获取到热榜数据，退出。
2025-05-27 03:06:26,099 [ERROR] 请求失败：403 Client Error: Forbidden for url: https://www.zhihu.com/api/v4/search/top_search
2025-05-27 03:06:26,099 [ERROR] 没有获取到热搜数据，退出。
2025-05-27 03:06:26,564 [ERROR] 请求失败：401 Client Error: Authorization Required for url: https://www.zhihu.com/api/v3/feed/topstory/hot-lists/total?limit=50&desktop=true
2025-05-27 03:06:26,564 [ERROR] 没有获取到热榜数据，退出。
2025-05-27 04:19:07,352 [ERROR] 请求失败：403 Client Error: Forbidden for url: https://www.zhihu.com/api/v4/search/top_search
2025-05-27 04:19:07,352 [ERROR] 没有获取到热搜数据，退出。
2025-05-27 04:19:07,703 [ERROR] 请求失败：401 Client Error: Authorization Required for url: https://www.zhihu.com/api/v3/feed/topstory/hot-lists/total?limit=50&desktop=true
2025-05-27 04:19:07,703 [ERROR] 没有获取到热榜数据，退出。
2025-05-27 05:13:25,904 [ERROR] 请求失败：403 Client Error: Forbidden for url: https://www.zhihu.com/api/v4/search/top_search
2025-05-27 05:13:25,905 [ERROR] 没有获取到热搜数据，退出。
2025-05-27 05:13:26,378 [ERROR] 请求失败：403 Client Error: Forbidden for url: https://www.zhihu.com/api/v3/feed/topstory/hot-lists/total?limit=50&desktop=true
2025-05-27 05:13:26,378 [ERROR] 没有获取到热榜数据，退出。
2025-05-27 06:18:48,521 [ERROR] 请求失败：403 Client Error: Forbidden for url: https://www.zhihu.com/api/v4/search/top_search
2025-05-27 06:18:48,521 [ERROR] 没有获取到热搜数据，退出。
2025-05-27 06:18:49,014 [ERROR] 请求失败：403 Client Error: Forbidden for url: https://www.zhihu.com/api/v3/feed/topstory/hot-lists/total?limit=50&desktop=true
2025-05-27 06:18:49,014 [ERROR] 没有获取到热榜数据，退出。
2025-05-27 07:13:17,605 [ERROR] 请求失败：403 Client Error: Forbidden for url: https://www.zhihu.com/api/v4/search/top_search
2025-05-27 07:13:17,605 [ERROR] 没有获取到热搜数据，退出。
2025-05-27 07:13:18,080 [ERROR] 请求失败：401 Client Error: Authorization Required for url: https://www.zhihu.com/api/v3/feed/topstory/hot-lists/total?limit=50&desktop=true
2025-05-27 07:13:18,080 [ERROR] 没有获取到热榜数据，退出。
2025-05-27 08:17:43,311 [ERROR] 请求失败：403 Client Error: Forbidden for url: https://www.zhihu.com/api/v4/search/top_search
2025-05-27 08:17:43,311 [ERROR] 没有获取到热搜数据，退出。
2025-05-27 08:17:43,773 [ERROR] 请求失败：401 Client Error: Authorization Required for url: https://www.zhihu.com/api/v3/feed/topstory/hot-lists/total?limit=50&desktop=true
2025-05-27 08:17:43,773 [ERROR] 没有获取到热榜数据，退出。
2025-05-27 09:13:30,545 [ERROR] 请求失败：403 Client Error: Forbidden for url: https://www.zhihu.com/api/v4/search/top_search
2025-05-27 09:13:30,545 [ERROR] 没有获取到热搜数据，退出。
2025-05-27 09:13:31,069 [ERROR] 请求失败：401 Client Error: Authorization Required for url: https://www.zhihu.com/api/v3/feed/topstory/hot-lists/total?limit=50&desktop=true
2025-05-27 09:13:31,069 [ERROR] 没有获取到热榜数据，退出。
2025-05-27 10:14:34,650 [ERROR] 请求失败：403 Client Error: Forbidden for url: https://www.zhihu.com/api/v4/search/top_search
2025-05-27 10:14:34,650 [ERROR] 没有获取到热搜数据，退出。
2025-05-27 10:14:35,173 [ERROR] 请求失败：403 Client Error: Forbidden for url: https://www.zhihu.com/api/v3/feed/topstory/hot-lists/total?limit=50&desktop=true
2025-05-27 10:14:35,173 [ERROR] 没有获取到热榜数据，退出。
2025-05-27 11:11:30,461 [ERROR] 请求失败：403 Client Error: Forbidden for url: https://www.zhihu.com/api/v4/search/top_search
2025-05-27 11:11:30,461 [ERROR] 没有获取到热搜数据，退出。
2025-05-27 11:11:30,932 [ERROR] 请求失败：401 Client Error: Authorization Required for url: https://www.zhihu.com/api/v3/feed/topstory/hot-lists/total?limit=50&desktop=true
2025-05-27 11:11:30,932 [ERROR] 没有获取到热榜数据，退出。
2025-05-27 12:26:19,836 [INFO] 成功写入 10 条热搜到 hotresearch/2025_5_27/2025_5_27_12.txt
2025-05-27 12:26:20,328 [ERROR] 请求失败：401 Client Error: Authorization Required for url: https://www.zhihu.com/api/v3/feed/topstory/hot-lists/total?limit=50&desktop=true
2025-05-27 12:26:20,328 [ERROR] 没有获取到热榜数据，退出。
2025-05-27 13:27:12,010 [ERROR] 请求失败：403 Client Error: Forbidden for url: https://www.zhihu.com/api/v4/search/top_search
2025-05-27 13:27:12,010 [ERROR] 没有获取到热搜数据，退出。
2025-05-27 13:27:12,393 [ERROR] 请求失败：401 Client Error: Authorization Required for url: https://www.zhihu.com/api/v3/feed/topstory/hot-lists/total?limit=50&desktop=true
2025-05-27 13:27:12,393 [ERROR] 没有获取到热榜数据，退出。
2025-05-27 14:12:36,895 [ERROR] 请求失败：403 Client Error: Forbidden for url: https://www.zhihu.com/api/v4/search/top_search
2025-05-27 14:12:36,895 [ERROR] 没有获取到热搜数据，退出。
2025-05-27 14:12:37,368 [ERROR] 请求失败：401 Client Error: Authorization Required for url: https://www.zhihu.com/api/v3/feed/topstory/hot-lists/total?limit=50&desktop=true
2025-05-27 14:12:37,368 [ERROR] 没有获取到热榜数据，退出。
2025-05-27 15:13:57,677 [ERROR] 请求失败：403 Client Error: Forbidden for url: https://www.zhihu.com/api/v4/search/top_search
2025-05-27 15:13:57,677 [ERROR] 没有获取到热搜数据，退出。
2025-05-27 15:13:58,190 [ERROR] 请求失败：403 Client Error: Forbidden for url: https://www.zhihu.com/api/v3/feed/topstory/hot-lists/total?limit=50&desktop=true
2025-05-27 15:13:58,190 [ERROR] 没有获取到热榜数据，退出。
2025-05-27 16:16:34,056 [INFO] 成功写入 10 条热搜到 hotresearch/2025_5_27/2025_5_27_16.txt
2025-05-27 16:16:34,534 [ERROR] 请求失败：401 Client Error: Authorization Required for url: https://www.zhihu.com/api/v3/feed/topstory/hot-lists/total?limit=50&desktop=true
2025-05-27 16:16:34,534 [ERROR] 没有获取到热榜数据，退出。
2025-05-27 17:11:53,129 [ERROR] 请求失败：403 Client Error: Forbidden for url: https://www.zhihu.com/api/v4/search/top_search
2025-05-27 17:11:53,129 [ERROR] 没有获取到热搜数据，退出。
2025-05-27 17:11:53,630 [ERROR] 请求失败：401 Client Error: Authorization Required for url: https://www.zhihu.com/api/v3/feed/topstory/hot-lists/total?limit=50&desktop=true
2025-05-27 17:11:53,630 [ERROR] 没有获取到热榜数据，退出。
2025-05-27 18:16:57,948 [ERROR] 请求失败：403 Client Error: Forbidden for url: https://www.zhihu.com/api/v4/search/top_search
2025-05-27 18:16:57,948 [ERROR] 没有获取到热搜数据，退出。
2025-05-27 18:16:58,290 [ERROR] 请求失败：401 Client Error: Authorization Required for url: https://www.zhihu.com/api/v3/feed/topstory/hot-lists/total?limit=50&desktop=true
2025-05-27 18:16:58,291 [ERROR] 没有获取到热榜数据，退出。
2025-05-27 19:09:58,380 [ERROR] 请求失败：403 Client Error: Forbidden for url: https://www.zhihu.com/api/v4/search/top_search
2025-05-27 19:09:58,380 [ERROR] 没有获取到热搜数据，退出。
2025-05-27 19:09:58,866 [ERROR] 请求失败：401 Client Error: Authorization Required for url: https://www.zhihu.com/api/v3/feed/topstory/hot-lists/total?limit=50&desktop=true
2025-05-27 19:09:58,866 [ERROR] 没有获取到热榜数据，退出。
2025-05-27 20:14:31,024 [ERROR] 请求失败：403 Client Error: Forbidden for url: https://www.zhihu.com/api/v4/search/top_search
2025-05-27 20:14:31,024 [ERROR] 没有获取到热搜数据，退出。
2025-05-27 20:14:31,535 [ERROR] 请求失败：401 Client Error: Authorization Required for url: https://www.zhihu.com/api/v3/feed/topstory/hot-lists/total?limit=50&desktop=true
2025-05-27 20:14:31,535 [ERROR] 没有获取到热榜数据，退出。
2025-05-27 21:12:19,428 [INFO] 成功写入 10 条热搜到 hotresearch/2025_5_27/2025_5_27_21.txt
2025-05-27 21:12:19,922 [ERROR] 请求失败：401 Client Error: Authorization Required for url: https://www.zhihu.com/api/v3/feed/topstory/hot-lists/total?limit=50&desktop=true
2025-05-27 21:12:19,922 [ERROR] 没有获取到热榜数据，退出。
2025-05-27 22:12:09,447 [ERROR] 请求失败：403 Client Error: Forbidden for url: https://www.zhihu.com/api/v4/search/top_search
2025-05-27 22:12:09,447 [ERROR] 没有获取到热搜数据，退出。
2025-05-27 22:12:09,965 [ERROR] 请求失败：401 Client Error: Authorization Required for url: https://www.zhihu.com/api/v3/feed/topstory/hot-lists/total?limit=50&desktop=true
2025-05-27 22:12:09,965 [ERROR] 没有获取到热榜数据，退出。
