2025-09-17 00:57:47,151 [ERROR] 请求失败：403 Client Error: Forbidden for url: https://www.zhihu.com/api/v4/search/top_search
2025-09-17 00:57:47,151 [ERROR] 没有获取到热搜数据，退出。
2025-09-17 00:57:47,839 [ERROR] 请求失败：403 Client Error: Forbidden for url: https://www.zhihu.com/api/v3/feed/topstory/hot-lists/total?limit=50&desktop=true
2025-09-17 00:57:47,839 [ERROR] 没有获取到热榜数据，退出。
2025-09-17 02:18:48,050 [ERROR] 请求失败：403 Client Error: Forbidden for url: https://www.zhihu.com/api/v4/search/top_search
2025-09-17 02:18:48,050 [ERROR] 没有获取到热搜数据，退出。
2025-09-17 02:18:48,784 [ERROR] 请求失败：403 Client Error: Forbidden for url: https://www.zhihu.com/api/v3/feed/topstory/hot-lists/total?limit=50&desktop=true
2025-09-17 02:18:48,784 [ERROR] 没有获取到热榜数据，退出。
2025-09-17 03:22:28,544 [ERROR] 请求失败：403 Client Error: Forbidden for url: https://www.zhihu.com/api/v4/search/top_search
2025-09-17 03:22:28,544 [ERROR] 没有获取到热搜数据，退出。
2025-09-17 03:22:29,222 [ERROR] 请求失败：403 Client Error: Forbidden for url: https://www.zhihu.com/api/v3/feed/topstory/hot-lists/total?limit=50&desktop=true
2025-09-17 03:22:29,222 [ERROR] 没有获取到热榜数据，退出。
2025-09-17 04:15:06,771 [ERROR] 请求失败：403 Client Error: Forbidden for url: https://www.zhihu.com/api/v4/search/top_search
2025-09-17 04:15:06,771 [ERROR] 没有获取到热搜数据，退出。
2025-09-17 04:15:07,186 [ERROR] 请求失败：403 Client Error: Forbidden for url: https://www.zhihu.com/api/v3/feed/topstory/hot-lists/total?limit=50&desktop=true
2025-09-17 04:15:07,186 [ERROR] 没有获取到热榜数据，退出。
2025-09-17 05:12:12,480 [INFO] 成功写入 10 条热搜到 hotresearch/2025_9_17/2025_9_17_5.txt
2025-09-17 05:12:12,922 [ERROR] 请求失败：403 Client Error: Forbidden for url: https://www.zhihu.com/api/v3/feed/topstory/hot-lists/total?limit=50&desktop=true
2025-09-17 05:12:12,922 [ERROR] 没有获取到热榜数据，退出。
2025-09-17 06:19:35,055 [ERROR] 请求失败：403 Client Error: Forbidden for url: https://www.zhihu.com/api/v4/search/top_search
2025-09-17 06:19:35,055 [ERROR] 没有获取到热搜数据，退出。
2025-09-17 06:19:36,046 [ERROR] 请求失败：403 Client Error: Forbidden for url: https://www.zhihu.com/api/v3/feed/topstory/hot-lists/total?limit=50&desktop=true
2025-09-17 06:19:36,047 [ERROR] 没有获取到热榜数据，退出。
2025-09-17 07:12:10,107 [INFO] 成功写入 10 条热搜到 hotresearch/2025_9_17/2025_9_17_7.txt
2025-09-17 07:12:10,523 [ERROR] 请求失败：401 Client Error: Authorization Required for url: https://www.zhihu.com/api/v3/feed/topstory/hot-lists/total?limit=50&desktop=true
2025-09-17 07:12:10,523 [ERROR] 没有获取到热榜数据，退出。
2025-09-17 08:16:33,022 [INFO] 成功写入 10 条热搜到 hotresearch/2025_9_17/2025_9_17_8.txt
2025-09-17 08:16:33,444 [ERROR] 请求失败：401 Client Error: Authorization Required for url: https://www.zhihu.com/api/v3/feed/topstory/hot-lists/total?limit=50&desktop=true
2025-09-17 08:16:33,444 [ERROR] 没有获取到热榜数据，退出。
2025-09-17 09:13:44,419 [ERROR] 请求失败：403 Client Error: Forbidden for url: https://www.zhihu.com/api/v4/search/top_search
2025-09-17 09:13:44,419 [ERROR] 没有获取到热搜数据，退出。
2025-09-17 09:13:44,859 [ERROR] 请求失败：401 Client Error: Authorization Required for url: https://www.zhihu.com/api/v3/feed/topstory/hot-lists/total?limit=50&desktop=true
2025-09-17 09:13:44,859 [ERROR] 没有获取到热榜数据，退出。
2025-09-17 10:12:47,938 [ERROR] 请求失败：403 Client Error: Forbidden for url: https://www.zhihu.com/api/v4/search/top_search
2025-09-17 10:12:47,939 [ERROR] 没有获取到热搜数据，退出。
2025-09-17 10:12:48,409 [ERROR] 请求失败：401 Client Error: Authorization Required for url: https://www.zhihu.com/api/v3/feed/topstory/hot-lists/total?limit=50&desktop=true
2025-09-17 10:12:48,409 [ERROR] 没有获取到热榜数据，退出。
2025-09-17 11:09:51,399 [INFO] 成功写入 10 条热搜到 hotresearch/2025_9_17/2025_9_17_11.txt
2025-09-17 11:09:52,251 [ERROR] 请求失败：403 Client Error: Forbidden for url: https://www.zhihu.com/api/v3/feed/topstory/hot-lists/total?limit=50&desktop=true
2025-09-17 11:09:52,251 [ERROR] 没有获取到热榜数据，退出。
