2025-05-01 01:07:42,753 [ERROR] 请求失败：403 Client Error: Forbidden for url: https://www.zhihu.com/api/v4/search/top_search
2025-05-01 01:07:42,753 [ERROR] 没有获取到热搜数据，退出。
2025-05-01 01:07:43,258 [INFO] 成功写入 30 条热榜到 hotquestion/2025_5_1/2025_5_1_1.txt
2025-05-01 03:11:59,989 [ERROR] 请求失败：403 Client Error: Forbidden for url: https://www.zhihu.com/api/v4/search/top_search
2025-05-01 03:11:59,989 [ERROR] 没有获取到热搜数据，退出。
2025-05-01 03:12:00,557 [INFO] 成功写入 30 条热榜到 hotquestion/2025_5_1/2025_5_1_3.txt
2025-05-01 04:18:11,585 [ERROR] 请求失败：403 Client Error: Forbidden for url: https://www.zhihu.com/api/v4/search/top_search
2025-05-01 04:18:11,585 [ERROR] 没有获取到热搜数据，退出。
2025-05-01 04:18:12,172 [INFO] 成功写入 30 条热榜到 hotquestion/2025_5_1/2025_5_1_4.txt
2025-05-01 05:13:21,830 [ERROR] 请求失败：403 Client Error: Forbidden for url: https://www.zhihu.com/api/v4/search/top_search
2025-05-01 05:13:21,830 [ERROR] 没有获取到热搜数据，退出。
2025-05-01 05:13:22,405 [INFO] 成功写入 30 条热榜到 hotquestion/2025_5_1/2025_5_1_5.txt
2025-05-01 06:18:57,347 [ERROR] 请求失败：403 Client Error: Forbidden for url: https://www.zhihu.com/api/v4/search/top_search
2025-05-01 06:18:57,347 [ERROR] 没有获取到热搜数据，退出。
2025-05-01 06:18:57,981 [INFO] 成功写入 30 条热榜到 hotquestion/2025_5_1/2025_5_1_6.txt
2025-05-01 07:13:05,481 [ERROR] 请求失败：403 Client Error: Forbidden for url: https://www.zhihu.com/api/v4/search/top_search
2025-05-01 07:13:05,481 [ERROR] 没有获取到热搜数据，退出。
2025-05-01 07:13:06,050 [ERROR] 请求失败：403 Client Error: Forbidden for url: https://www.zhihu.com/api/v3/feed/topstory/hot-lists/total?limit=50&desktop=true
2025-05-01 07:13:06,051 [ERROR] 没有获取到热榜数据，退出。
2025-05-01 08:17:16,536 [ERROR] 请求失败：403 Client Error: Forbidden for url: https://www.zhihu.com/api/v4/search/top_search
2025-05-01 08:17:16,536 [ERROR] 没有获取到热搜数据，退出。
2025-05-01 08:17:17,086 [INFO] 成功写入 30 条热榜到 hotquestion/2025_5_1/2025_5_1_8.txt
2025-05-01 09:13:30,544 [ERROR] 请求失败：403 Client Error: Forbidden for url: https://www.zhihu.com/api/v4/search/top_search
2025-05-01 09:13:30,544 [ERROR] 没有获取到热搜数据，退出。
2025-05-01 09:13:31,107 [INFO] 成功写入 30 条热榜到 hotquestion/2025_5_1/2025_5_1_9.txt
2025-05-01 10:13:39,690 [ERROR] 请求失败：403 Client Error: Forbidden for url: https://www.zhihu.com/api/v4/search/top_search
2025-05-01 10:13:39,690 [ERROR] 没有获取到热搜数据，退出。
2025-05-01 10:13:40,202 [ERROR] 请求失败：403 Client Error: Forbidden for url: https://www.zhihu.com/api/v3/feed/topstory/hot-lists/total?limit=50&desktop=true
2025-05-01 10:13:40,202 [ERROR] 没有获取到热榜数据，退出。
