2025-05-13 01:03:47,457 [ERROR] 请求失败：403 Client Error: Forbidden for url: https://www.zhihu.com/api/v4/search/top_search
2025-05-13 01:03:47,457 [ERROR] 没有获取到热搜数据，退出。
2025-05-13 01:03:47,967 [ERROR] 请求失败：403 Client Error: Forbidden for url: https://www.zhihu.com/api/v3/feed/topstory/hot-lists/total?limit=50&desktop=true
2025-05-13 01:03:47,967 [ERROR] 没有获取到热榜数据，退出。
2025-05-13 03:07:16,892 [INFO] 成功写入 10 条热搜到 hotresearch/2025_5_13/2025_5_13_3.txt
2025-05-13 03:07:17,402 [ERROR] 请求失败：401 Client Error: Authorization Required for url: https://www.zhihu.com/api/v3/feed/topstory/hot-lists/total?limit=50&desktop=true
2025-05-13 03:07:17,402 [ERROR] 没有获取到热榜数据，退出。
2025-05-13 04:16:48,029 [ERROR] 请求失败：403 Client Error: Forbidden for url: https://www.zhihu.com/api/v4/search/top_search
2025-05-13 04:16:48,029 [ERROR] 没有获取到热搜数据，退出。
2025-05-13 04:16:48,472 [ERROR] 请求失败：401 Client Error: Authorization Required for url: https://www.zhihu.com/api/v3/feed/topstory/hot-lists/total?limit=50&desktop=true
2025-05-13 04:16:48,472 [ERROR] 没有获取到热榜数据，退出。
2025-05-13 05:13:11,654 [ERROR] 请求失败：403 Client Error: Forbidden for url: https://www.zhihu.com/api/v4/search/top_search
2025-05-13 05:13:11,654 [ERROR] 没有获取到热搜数据，退出。
2025-05-13 05:13:12,123 [ERROR] 请求失败：401 Client Error: Authorization Required for url: https://www.zhihu.com/api/v3/feed/topstory/hot-lists/total?limit=50&desktop=true
2025-05-13 05:13:12,123 [ERROR] 没有获取到热榜数据，退出。
2025-05-13 06:18:54,451 [ERROR] 请求失败：403 Client Error: Forbidden for url: https://www.zhihu.com/api/v4/search/top_search
2025-05-13 06:18:54,451 [ERROR] 没有获取到热搜数据，退出。
2025-05-13 06:18:54,956 [ERROR] 请求失败：403 Client Error: Forbidden for url: https://www.zhihu.com/api/v3/feed/topstory/hot-lists/total?limit=50&desktop=true
2025-05-13 06:18:54,956 [ERROR] 没有获取到热榜数据，退出。
2025-05-13 07:13:36,228 [ERROR] 请求失败：403 Client Error: Forbidden for url: https://www.zhihu.com/api/v4/search/top_search
2025-05-13 07:13:36,228 [ERROR] 没有获取到热搜数据，退出。
2025-05-13 07:13:36,783 [ERROR] 请求失败：403 Client Error: Forbidden for url: https://www.zhihu.com/api/v3/feed/topstory/hot-lists/total?limit=50&desktop=true
2025-05-13 07:13:36,783 [ERROR] 没有获取到热榜数据，退出。
2025-05-13 08:18:12,440 [ERROR] 请求失败：403 Client Error: Forbidden for url: https://www.zhihu.com/api/v4/search/top_search
2025-05-13 08:18:12,440 [ERROR] 没有获取到热搜数据，退出。
2025-05-13 08:18:12,927 [ERROR] 请求失败：401 Client Error: Authorization Required for url: https://www.zhihu.com/api/v3/feed/topstory/hot-lists/total?limit=50&desktop=true
2025-05-13 08:18:12,927 [ERROR] 没有获取到热榜数据，退出。
2025-05-13 09:13:58,573 [ERROR] 请求失败：403 Client Error: Forbidden for url: https://www.zhihu.com/api/v4/search/top_search
2025-05-13 09:13:58,573 [ERROR] 没有获取到热搜数据，退出。
2025-05-13 09:13:59,054 [ERROR] 请求失败：401 Client Error: Authorization Required for url: https://www.zhihu.com/api/v3/feed/topstory/hot-lists/total?limit=50&desktop=true
2025-05-13 09:13:59,054 [ERROR] 没有获取到热榜数据，退出。
2025-05-13 10:14:28,094 [ERROR] 请求失败：403 Client Error: Forbidden for url: https://www.zhihu.com/api/v4/search/top_search
2025-05-13 10:14:28,094 [ERROR] 没有获取到热搜数据，退出。
2025-05-13 10:14:28,577 [ERROR] 请求失败：401 Client Error: Authorization Required for url: https://www.zhihu.com/api/v3/feed/topstory/hot-lists/total?limit=50&desktop=true
2025-05-13 10:14:28,578 [ERROR] 没有获取到热榜数据，退出。
