2025-09-25 00:59:03,877 [ERROR] 请求失败：403 Client Error: Forbidden for url: https://www.zhihu.com/api/v4/search/top_search
2025-09-25 00:59:03,877 [ERROR] 没有获取到热搜数据，退出。
2025-09-25 00:59:04,307 [ERROR] 请求失败：401 Client Error: Authorization Required for url: https://www.zhihu.com/api/v3/feed/topstory/hot-lists/total?limit=50&desktop=true
2025-09-25 00:59:04,307 [ERROR] 没有获取到热榜数据，退出。
2025-09-25 02:24:03,745 [ERROR] 请求失败：403 Client Error: Forbidden for url: https://www.zhihu.com/api/v4/search/top_search
2025-09-25 02:24:03,745 [ERROR] 没有获取到热搜数据，退出。
2025-09-25 02:24:04,160 [ERROR] 请求失败：401 Client Error: Authorization Required for url: https://www.zhihu.com/api/v3/feed/topstory/hot-lists/total?limit=50&desktop=true
2025-09-25 02:24:04,160 [ERROR] 没有获取到热榜数据，退出。
2025-09-25 03:29:23,159 [ERROR] 请求失败：403 Client Error: Forbidden for url: https://www.zhihu.com/api/v4/search/top_search
2025-09-25 03:29:23,159 [ERROR] 没有获取到热搜数据，退出。
2025-09-25 03:29:24,052 [ERROR] 请求失败：403 Client Error: Forbidden for url: https://www.zhihu.com/api/v3/feed/topstory/hot-lists/total?limit=50&desktop=true
2025-09-25 03:29:24,053 [ERROR] 没有获取到热榜数据，退出。
2025-09-25 04:15:07,618 [ERROR] 请求失败：403 Client Error: Forbidden for url: https://www.zhihu.com/api/v4/search/top_search
2025-09-25 04:15:07,618 [ERROR] 没有获取到热搜数据，退出。
2025-09-25 04:15:07,964 [ERROR] 请求失败：401 Client Error: Authorization Required for url: https://www.zhihu.com/api/v3/feed/topstory/hot-lists/total?limit=50&desktop=true
2025-09-25 04:15:07,964 [ERROR] 没有获取到热榜数据，退出。
2025-09-25 05:12:29,874 [ERROR] 请求失败：403 Client Error: Forbidden for url: https://www.zhihu.com/api/v4/search/top_search
2025-09-25 05:12:29,874 [ERROR] 没有获取到热搜数据，退出。
2025-09-25 05:12:30,277 [ERROR] 请求失败：401 Client Error: Authorization Required for url: https://www.zhihu.com/api/v3/feed/topstory/hot-lists/total?limit=50&desktop=true
2025-09-25 05:12:30,278 [ERROR] 没有获取到热榜数据，退出。
2025-09-25 06:19:38,349 [ERROR] 请求失败：403 Client Error: Forbidden for url: https://www.zhihu.com/api/v4/search/top_search
2025-09-25 06:19:38,349 [ERROR] 没有获取到热搜数据，退出。
2025-09-25 06:19:38,794 [ERROR] 请求失败：401 Client Error: Authorization Required for url: https://www.zhihu.com/api/v3/feed/topstory/hot-lists/total?limit=50&desktop=true
2025-09-25 06:19:38,795 [ERROR] 没有获取到热榜数据，退出。
2025-09-25 07:13:03,197 [ERROR] 请求失败：403 Client Error: Forbidden for url: https://www.zhihu.com/api/v4/search/top_search
2025-09-25 07:13:03,197 [ERROR] 没有获取到热搜数据，退出。
2025-09-25 07:13:04,135 [ERROR] 请求失败：403 Client Error: Forbidden for url: https://www.zhihu.com/api/v3/feed/topstory/hot-lists/total?limit=50&desktop=true
2025-09-25 07:13:04,135 [ERROR] 没有获取到热榜数据，退出。
2025-09-25 08:17:12,699 [ERROR] 请求失败：403 Client Error: Forbidden for url: https://www.zhihu.com/api/v4/search/top_search
2025-09-25 08:17:12,699 [ERROR] 没有获取到热搜数据，退出。
2025-09-25 08:17:13,176 [ERROR] 请求失败：403 Client Error: Forbidden for url: https://www.zhihu.com/api/v3/feed/topstory/hot-lists/total?limit=50&desktop=true
2025-09-25 08:17:13,176 [ERROR] 没有获取到热榜数据，退出。
2025-09-25 09:13:18,952 [ERROR] 请求失败：403 Client Error: Forbidden for url: https://www.zhihu.com/api/v4/search/top_search
2025-09-25 09:13:18,952 [ERROR] 没有获取到热搜数据，退出。
2025-09-25 09:13:19,566 [ERROR] 请求失败：401 Client Error: Authorization Required for url: https://www.zhihu.com/api/v3/feed/topstory/hot-lists/total?limit=50&desktop=true
2025-09-25 09:13:19,566 [ERROR] 没有获取到热榜数据，退出。
2025-09-25 10:13:20,207 [ERROR] 请求失败：403 Client Error: Forbidden for url: https://www.zhihu.com/api/v4/search/top_search
2025-09-25 10:13:20,207 [ERROR] 没有获取到热搜数据，退出。
2025-09-25 10:13:20,681 [ERROR] 请求失败：403 Client Error: Forbidden for url: https://www.zhihu.com/api/v3/feed/topstory/hot-lists/total?limit=50&desktop=true
2025-09-25 10:13:20,681 [ERROR] 没有获取到热榜数据，退出。
