2025-09-30 00:59:40,415 [ERROR] 请求失败：403 Client Error: Forbidden for url: https://www.zhihu.com/api/v4/search/top_search
2025-09-30 00:59:40,415 [ERROR] 没有获取到热搜数据，退出。
2025-09-30 00:59:40,900 [ERROR] 请求失败：403 Client Error: Forbidden for url: https://www.zhihu.com/api/v3/feed/topstory/hot-lists/total?limit=50&desktop=true
2025-09-30 00:59:40,900 [ERROR] 没有获取到热榜数据，退出。
2025-09-30 02:21:23,382 [ERROR] 请求失败：403 Client Error: Forbidden for url: https://www.zhihu.com/api/v4/search/top_search
2025-09-30 02:21:23,382 [ERROR] 没有获取到热搜数据，退出。
2025-09-30 02:21:23,895 [ERROR] 请求失败：401 Client Error: Authorization Required for url: https://www.zhihu.com/api/v3/feed/topstory/hot-lists/total?limit=50&desktop=true
2025-09-30 02:21:23,895 [ERROR] 没有获取到热榜数据，退出。
2025-09-30 03:26:51,701 [ERROR] 请求失败：403 Client Error: Forbidden for url: https://www.zhihu.com/api/v4/search/top_search
2025-09-30 03:26:51,701 [ERROR] 没有获取到热搜数据，退出。
2025-09-30 03:26:52,119 [ERROR] 请求失败：401 Client Error: Authorization Required for url: https://www.zhihu.com/api/v3/feed/topstory/hot-lists/total?limit=50&desktop=true
2025-09-30 03:26:52,119 [ERROR] 没有获取到热榜数据，退出。
2025-09-30 04:15:15,338 [ERROR] 请求失败：403 Client Error: Forbidden for url: https://www.zhihu.com/api/v4/search/top_search
2025-09-30 04:15:15,338 [ERROR] 没有获取到热搜数据，退出。
2025-09-30 04:15:16,171 [ERROR] 请求失败：403 Client Error: Forbidden for url: https://www.zhihu.com/api/v3/feed/topstory/hot-lists/total?limit=50&desktop=true
2025-09-30 04:15:16,171 [ERROR] 没有获取到热榜数据，退出。
2025-09-30 05:12:40,266 [ERROR] 请求失败：403 Client Error: Forbidden for url: https://www.zhihu.com/api/v4/search/top_search
2025-09-30 05:12:40,266 [ERROR] 没有获取到热搜数据，退出。
2025-09-30 05:12:40,688 [ERROR] 请求失败：401 Client Error: Authorization Required for url: https://www.zhihu.com/api/v3/feed/topstory/hot-lists/total?limit=50&desktop=true
2025-09-30 05:12:40,689 [ERROR] 没有获取到热榜数据，退出。
2025-09-30 06:19:55,244 [ERROR] 请求失败：403 Client Error: Forbidden for url: https://www.zhihu.com/api/v4/search/top_search
2025-09-30 06:19:55,244 [ERROR] 没有获取到热搜数据，退出。
2025-09-30 06:19:55,590 [ERROR] 请求失败：401 Client Error: Authorization Required for url: https://www.zhihu.com/api/v3/feed/topstory/hot-lists/total?limit=50&desktop=true
2025-09-30 06:19:55,590 [ERROR] 没有获取到热榜数据，退出。
2025-09-30 07:13:17,267 [ERROR] 请求失败：403 Client Error: Forbidden for url: https://www.zhihu.com/api/v4/search/top_search
2025-09-30 07:13:17,267 [ERROR] 没有获取到热搜数据，退出。
2025-09-30 07:13:17,793 [ERROR] 请求失败：401 Client Error: Authorization Required for url: https://www.zhihu.com/api/v3/feed/topstory/hot-lists/total?limit=50&desktop=true
2025-09-30 07:13:17,794 [ERROR] 没有获取到热榜数据，退出。
2025-09-30 08:18:27,410 [ERROR] 请求失败：403 Client Error: Forbidden for url: https://www.zhihu.com/api/v4/search/top_search
2025-09-30 08:18:27,411 [ERROR] 没有获取到热搜数据，退出。
2025-09-30 08:18:27,817 [ERROR] 请求失败：403 Client Error: Forbidden for url: https://www.zhihu.com/api/v3/feed/topstory/hot-lists/total?limit=50&desktop=true
2025-09-30 08:18:27,817 [ERROR] 没有获取到热榜数据，退出。
2025-09-30 09:13:19,771 [ERROR] 请求失败：403 Client Error: Forbidden for url: https://www.zhihu.com/api/v4/search/top_search
2025-09-30 09:13:19,771 [ERROR] 没有获取到热搜数据，退出。
2025-09-30 09:13:20,141 [ERROR] 请求失败：401 Client Error: Authorization Required for url: https://www.zhihu.com/api/v3/feed/topstory/hot-lists/total?limit=50&desktop=true
2025-09-30 09:13:20,142 [ERROR] 没有获取到热榜数据，退出。
2025-09-30 10:13:08,344 [ERROR] 请求失败：403 Client Error: Forbidden for url: https://www.zhihu.com/api/v4/search/top_search
2025-09-30 10:13:08,345 [ERROR] 没有获取到热搜数据，退出。
2025-09-30 10:13:08,814 [ERROR] 请求失败：401 Client Error: Authorization Required for url: https://www.zhihu.com/api/v3/feed/topstory/hot-lists/total?limit=50&desktop=true
2025-09-30 10:13:08,815 [ERROR] 没有获取到热榜数据，退出。
2025-09-30 11:11:11,220 [ERROR] 请求失败：403 Client Error: Forbidden for url: https://www.zhihu.com/api/v4/search/top_search
2025-09-30 11:11:11,220 [ERROR] 没有获取到热搜数据，退出。
2025-09-30 11:11:11,568 [ERROR] 请求失败：401 Client Error: Authorization Required for url: https://www.zhihu.com/api/v3/feed/topstory/hot-lists/total?limit=50&desktop=true
2025-09-30 11:11:11,568 [ERROR] 没有获取到热榜数据，退出。
2025-09-30 12:26:37,577 [ERROR] 请求失败：403 Client Error: Forbidden for url: https://www.zhihu.com/api/v4/search/top_search
2025-09-30 12:26:37,577 [ERROR] 没有获取到热搜数据，退出。
2025-09-30 12:26:37,979 [ERROR] 请求失败：401 Client Error: Authorization Required for url: https://www.zhihu.com/api/v3/feed/topstory/hot-lists/total?limit=50&desktop=true
2025-09-30 12:26:37,979 [ERROR] 没有获取到热榜数据，退出。
