2025-12-05 01:05:51,292 [INFO] 成功写入 10 条热搜到 hotresearch/2025_12_5/2025_12_5_1.txt
2025-12-05 01:05:51,639 [ERROR] 请求失败：403 Client Error: Forbidden for url: https://www.zhihu.com/api/v3/feed/topstory/hot-lists/total?limit=50&desktop=true
2025-12-05 01:05:51,640 [ERROR] 没有获取到热榜数据，退出。
2025-12-05 03:13:23,233 [INFO] 成功写入 10 条热搜到 hotresearch/2025_12_5/2025_12_5_3.txt
2025-12-05 03:13:23,757 [ERROR] 请求失败：403 Client Error: Forbidden for url: https://www.zhihu.com/api/v3/feed/topstory/hot-lists/total?limit=50&desktop=true
2025-12-05 03:13:23,757 [ERROR] 没有获取到热榜数据，退出。
2025-12-05 04:23:04,865 [INFO] 成功写入 10 条热搜到 hotresearch/2025_12_5/2025_12_5_4.txt
2025-12-05 04:23:05,220 [ERROR] 请求失败：401 Client Error: Authorization Required for url: https://www.zhihu.com/api/v3/feed/topstory/hot-lists/total?limit=50&desktop=true
2025-12-05 04:23:05,220 [ERROR] 没有获取到热榜数据，退出。
2025-12-05 05:13:45,389 [INFO] 成功写入 10 条热搜到 hotresearch/2025_12_5/2025_12_5_5.txt
2025-12-05 05:13:45,750 [ERROR] 请求失败：401 Client Error: Authorization Required for url: https://www.zhihu.com/api/v3/feed/topstory/hot-lists/total?limit=50&desktop=true
2025-12-05 05:13:45,750 [ERROR] 没有获取到热榜数据，退出。
2025-12-05 06:21:49,088 [INFO] 成功写入 10 条热搜到 hotresearch/2025_12_5/2025_12_5_6.txt
2025-12-05 06:21:49,604 [ERROR] 请求失败：403 Client Error: Forbidden for url: https://www.zhihu.com/api/v3/feed/topstory/hot-lists/total?limit=50&desktop=true
2025-12-05 06:21:49,604 [ERROR] 没有获取到热榜数据，退出。
2025-12-05 07:15:17,860 [INFO] 成功写入 10 条热搜到 hotresearch/2025_12_5/2025_12_5_7.txt
2025-12-05 07:15:18,325 [ERROR] 请求失败：401 Client Error: Authorization Required for url: https://www.zhihu.com/api/v3/feed/topstory/hot-lists/total?limit=50&desktop=true
2025-12-05 07:15:18,325 [ERROR] 没有获取到热榜数据，退出。
2025-12-05 08:19:02,529 [INFO] 成功写入 10 条热搜到 hotresearch/2025_12_5/2025_12_5_8.txt
2025-12-05 08:19:03,080 [ERROR] 请求失败：403 Client Error: Forbidden for url: https://www.zhihu.com/api/v3/feed/topstory/hot-lists/total?limit=50&desktop=true
2025-12-05 08:19:03,080 [ERROR] 没有获取到热榜数据，退出。
2025-12-05 09:15:15,094 [INFO] 成功写入 10 条热搜到 hotresearch/2025_12_5/2025_12_5_9.txt
2025-12-05 09:15:15,538 [ERROR] 请求失败：403 Client Error: Forbidden for url: https://www.zhihu.com/api/v3/feed/topstory/hot-lists/total?limit=50&desktop=true
2025-12-05 09:15:15,538 [ERROR] 没有获取到热榜数据，退出。
2025-12-05 10:15:18,371 [INFO] 成功写入 10 条热搜到 hotresearch/2025_12_5/2025_12_5_10.txt
2025-12-05 10:15:18,754 [ERROR] 请求失败：403 Client Error: Forbidden for url: https://www.zhihu.com/api/v3/feed/topstory/hot-lists/total?limit=50&desktop=true
2025-12-05 10:15:18,754 [ERROR] 没有获取到热榜数据，退出。
2025-12-05 11:13:15,684 [INFO] 成功写入 10 条热搜到 hotresearch/2025_12_5/2025_12_5_11.txt
2025-12-05 11:13:16,032 [ERROR] 请求失败：401 Client Error: Authorization Required for url: https://www.zhihu.com/api/v3/feed/topstory/hot-lists/total?limit=50&desktop=true
2025-12-05 11:13:16,032 [ERROR] 没有获取到热榜数据，退出。
2025-12-05 12:28:23,475 [INFO] 成功写入 10 条热搜到 hotresearch/2025_12_5/2025_12_5_12.txt
2025-12-05 12:28:23,829 [ERROR] 请求失败：401 Client Error: Authorization Required for url: https://www.zhihu.com/api/v3/feed/topstory/hot-lists/total?limit=50&desktop=true
2025-12-05 12:28:23,829 [ERROR] 没有获取到热榜数据，退出。
2025-12-05 13:27:41,859 [INFO] 成功写入 10 条热搜到 hotresearch/2025_12_5/2025_12_5_13.txt
2025-12-05 13:27:42,414 [ERROR] 请求失败：403 Client Error: Forbidden for url: https://www.zhihu.com/api/v3/feed/topstory/hot-lists/total?limit=50&desktop=true
2025-12-05 13:27:42,414 [ERROR] 没有获取到热榜数据，退出。
2025-12-05 14:13:59,314 [INFO] 成功写入 10 条热搜到 hotresearch/2025_12_5/2025_12_5_14.txt
2025-12-05 14:13:59,862 [ERROR] 请求失败：403 Client Error: Forbidden for url: https://www.zhihu.com/api/v3/feed/topstory/hot-lists/total?limit=50&desktop=true
2025-12-05 14:13:59,862 [ERROR] 没有获取到热榜数据，退出。
2025-12-05 15:14:42,268 [INFO] 成功写入 10 条热搜到 hotresearch/2025_12_5/2025_12_5_15.txt
2025-12-05 15:14:42,794 [ERROR] 请求失败：401 Client Error: Authorization Required for url: https://www.zhihu.com/api/v3/feed/topstory/hot-lists/total?limit=50&desktop=true
2025-12-05 15:14:42,795 [ERROR] 没有获取到热榜数据，退出。
2025-12-05 16:17:23,470 [INFO] 成功写入 10 条热搜到 hotresearch/2025_12_5/2025_12_5_16.txt
2025-12-05 16:17:23,940 [ERROR] 请求失败：401 Client Error: Authorization Required for url: https://www.zhihu.com/api/v3/feed/topstory/hot-lists/total?limit=50&desktop=true
2025-12-05 16:17:23,940 [ERROR] 没有获取到热榜数据，退出。
2025-12-05 17:13:02,530 [INFO] 成功写入 10 条热搜到 hotresearch/2025_12_5/2025_12_5_17.txt
2025-12-05 17:13:02,872 [ERROR] 请求失败：401 Client Error: Authorization Required for url: https://www.zhihu.com/api/v3/feed/topstory/hot-lists/total?limit=50&desktop=true
2025-12-05 17:13:02,873 [ERROR] 没有获取到热榜数据，退出。
2025-12-05 18:18:35,678 [WARNING] Retrying (Retry(total=4, connect=None, read=None, redirect=None, status=None)) after connection broken by 'NewConnectionError('<urllib3.connection.HTTPSConnection object at 0x7f72c2ea8230>: Failed to establish a new connection: [Errno 101] Network is unreachable')': /api/v4/search/top_search
2025-12-05 18:18:47,690 [WARNING] Retrying (Retry(total=3, connect=None, read=None, redirect=None, status=None)) after connection broken by 'NewConnectionError('<urllib3.connection.HTTPSConnection object at 0x7f72c22731a0>: Failed to establish a new connection: [Errno 101] Network is unreachable')': /api/v4/search/top_search
2025-12-05 18:19:01,701 [WARNING] Retrying (Retry(total=2, connect=None, read=None, redirect=None, status=None)) after connection broken by 'NewConnectionError('<urllib3.connection.HTTPSConnection object at 0x7f72c212aa80>: Failed to establish a new connection: [Errno 101] Network is unreachable')': /api/v4/search/top_search
2025-12-05 18:19:19,712 [WARNING] Retrying (Retry(total=1, connect=None, read=None, redirect=None, status=None)) after connection broken by 'NewConnectionError('<urllib3.connection.HTTPSConnection object at 0x7f72c212abd0>: Failed to establish a new connection: [Errno 101] Network is unreachable')': /api/v4/search/top_search
2025-12-05 18:19:45,724 [WARNING] Retrying (Retry(total=0, connect=None, read=None, redirect=None, status=None)) after connection broken by 'NewConnectionError('<urllib3.connection.HTTPSConnection object at 0x7f72c212ad20>: Failed to establish a new connection: [Errno 101] Network is unreachable')': /api/v4/search/top_search
2025-12-05 18:19:55,821 [ERROR] 请求失败：HTTPSConnectionPool(host='www.zhihu.com', port=443): Max retries exceeded with url: /api/v4/search/top_search (Caused by NewConnectionError('<urllib3.connection.HTTPSConnection object at 0x7f72c212ae70>: Failed to establish a new connection: [Errno 101] Network is unreachable'))
2025-12-05 18:19:55,821 [ERROR] 没有获取到热搜数据，退出。
2025-12-05 18:20:05,938 [WARNING] Retrying (Retry(total=4, connect=None, read=None, redirect=None, status=None)) after connection broken by 'NewConnectionError('<urllib3.connection.HTTPSConnection object at 0x7f3f24ad6480>: Failed to establish a new connection: [Errno 101] Network is unreachable')': /api/v3/feed/topstory/hot-lists/total?limit=50&desktop=true
2025-12-05 18:20:17,950 [WARNING] Retrying (Retry(total=3, connect=None, read=None, redirect=None, status=None)) after connection broken by 'NewConnectionError('<urllib3.connection.HTTPSConnection object at 0x7f3f24ad6bd0>: Failed to establish a new connection: [Errno 101] Network is unreachable')': /api/v3/feed/topstory/hot-lists/total?limit=50&desktop=true
2025-12-05 18:20:31,952 [WARNING] Retrying (Retry(total=2, connect=None, read=None, redirect=None, status=None)) after connection broken by 'NewConnectionError('<urllib3.connection.HTTPSConnection object at 0x7f3f24ad6e10>: Failed to establish a new connection: [Errno 101] Network is unreachable')': /api/v3/feed/topstory/hot-lists/total?limit=50&desktop=true
2025-12-05 18:20:49,964 [WARNING] Retrying (Retry(total=1, connect=None, read=None, redirect=None, status=None)) after connection broken by 'NewConnectionError('<urllib3.connection.HTTPSConnection object at 0x7f3f24ad6f60>: Failed to establish a new connection: [Errno 101] Network is unreachable')': /api/v3/feed/topstory/hot-lists/total?limit=50&desktop=true
2025-12-05 18:21:16,137 [WARNING] Retrying (Retry(total=0, connect=None, read=None, redirect=None, status=None)) after connection broken by 'NewConnectionError('<urllib3.connection.HTTPSConnection object at 0x7f3f24ad70b0>: Failed to establish a new connection: [Errno 101] Network is unreachable')': /api/v3/feed/topstory/hot-lists/total?limit=50&desktop=true
2025-12-05 18:21:26,148 [ERROR] 请求失败：HTTPSConnectionPool(host='www.zhihu.com', port=443): Max retries exceeded with url: /api/v3/feed/topstory/hot-lists/total?limit=50&desktop=true (Caused by NewConnectionError('<urllib3.connection.HTTPSConnection object at 0x7f3f24ad7200>: Failed to establish a new connection: [Errno 101] Network is unreachable'))
2025-12-05 18:21:26,148 [ERROR] 没有获取到热榜数据，退出。
2025-12-05 19:10:57,529 [INFO] 成功写入 10 条热搜到 hotresearch/2025_12_5/2025_12_5_19.txt
2025-12-05 19:10:57,905 [ERROR] 请求失败：401 Client Error: Authorization Required for url: https://www.zhihu.com/api/v3/feed/topstory/hot-lists/total?limit=50&desktop=true
2025-12-05 19:10:57,906 [ERROR] 没有获取到热榜数据，退出。
