2025-11-13 01:03:41,041 [INFO] 成功写入 10 条热搜到 hotresearch/2025_11_13/2025_11_13_1.txt
2025-11-13 01:03:41,421 [ERROR] 请求失败：401 Client Error: Authorization Required for url: https://www.zhihu.com/api/v3/feed/topstory/hot-lists/total?limit=50&desktop=true
2025-11-13 01:03:41,422 [ERROR] 没有获取到热榜数据，退出。
2025-11-13 03:09:28,124 [INFO] 成功写入 10 条热搜到 hotresearch/2025_11_13/2025_11_13_3.txt
2025-11-13 03:09:28,483 [ERROR] 请求失败：401 Client Error: Authorization Required for url: https://www.zhihu.com/api/v3/feed/topstory/hot-lists/total?limit=50&desktop=true
2025-11-13 03:09:28,483 [ERROR] 没有获取到热榜数据，退出。
2025-11-13 04:19:17,012 [INFO] 成功写入 10 条热搜到 hotresearch/2025_11_13/2025_11_13_4.txt
2025-11-13 04:19:17,384 [ERROR] 请求失败：403 Client Error: Forbidden for url: https://www.zhihu.com/api/v3/feed/topstory/hot-lists/total?limit=50&desktop=true
2025-11-13 04:19:17,384 [ERROR] 没有获取到热榜数据，退出。
2025-11-13 05:13:47,539 [WARNING] Retrying (Retry(total=4, connect=None, read=None, redirect=None, status=None)) after connection broken by 'NewConnectionError('<urllib3.connection.HTTPSConnection object at 0x7f8bc6829df0>: Failed to establish a new connection: [Errno 101] Network is unreachable')': /api/v4/search/top_search
2025-11-13 05:13:59,545 [WARNING] Retrying (Retry(total=3, connect=None, read=None, redirect=None, status=None)) after connection broken by 'NewConnectionError('<urllib3.connection.HTTPSConnection object at 0x7f8bc682a5a0>: Failed to establish a new connection: [Errno 101] Network is unreachable')': /api/v4/search/top_search
2025-11-13 05:14:13,557 [WARNING] Retrying (Retry(total=2, connect=None, read=None, redirect=None, status=None)) after connection broken by 'NewConnectionError('<urllib3.connection.HTTPSConnection object at 0x7f8bc682a6c0>: Failed to establish a new connection: [Errno 101] Network is unreachable')': /api/v4/search/top_search
2025-11-13 05:14:31,560 [WARNING] Retrying (Retry(total=1, connect=None, read=None, redirect=None, status=None)) after connection broken by 'NewConnectionError('<urllib3.connection.HTTPSConnection object at 0x7f8bc682a810>: Failed to establish a new connection: [Errno 101] Network is unreachable')': /api/v4/search/top_search
2025-11-13 05:14:57,564 [WARNING] Retrying (Retry(total=0, connect=None, read=None, redirect=None, status=None)) after connection broken by 'NewConnectionError('<urllib3.connection.HTTPSConnection object at 0x7f8bc682a960>: Failed to establish a new connection: [Errno 101] Network is unreachable')': /api/v4/search/top_search
2025-11-13 05:15:07,762 [ERROR] 请求失败：HTTPSConnectionPool(host='www.zhihu.com', port=443): Max retries exceeded with url: /api/v4/search/top_search (Caused by NewConnectionError('<urllib3.connection.HTTPSConnection object at 0x7f8bc682aab0>: Failed to establish a new connection: [Errno 101] Network is unreachable'))
2025-11-13 05:15:07,762 [ERROR] 没有获取到热搜数据，退出。
2025-11-13 05:15:17,880 [WARNING] Retrying (Retry(total=4, connect=None, read=None, redirect=None, status=None)) after connection broken by 'NewConnectionError('<urllib3.connection.HTTPSConnection object at 0x7f5ab460aa50>: Failed to establish a new connection: [Errno 101] Network is unreachable')': /api/v3/feed/topstory/hot-lists/total?limit=50&desktop=true
2025-11-13 05:15:29,892 [WARNING] Retrying (Retry(total=3, connect=None, read=None, redirect=None, status=None)) after connection broken by 'NewConnectionError('<urllib3.connection.HTTPSConnection object at 0x7f5ab49234a0>: Failed to establish a new connection: [Errno 101] Network is unreachable')': /api/v3/feed/topstory/hot-lists/total?limit=50&desktop=true
2025-11-13 05:15:43,901 [WARNING] Retrying (Retry(total=2, connect=None, read=None, redirect=None, status=None)) after connection broken by 'NewConnectionError('<urllib3.connection.HTTPSConnection object at 0x7f5ab460ac00>: Failed to establish a new connection: [Errno 101] Network is unreachable')': /api/v3/feed/topstory/hot-lists/total?limit=50&desktop=true
2025-11-13 05:16:01,913 [WARNING] Retrying (Retry(total=1, connect=None, read=None, redirect=None, status=None)) after connection broken by 'NewConnectionError('<urllib3.connection.HTTPSConnection object at 0x7f5ab460ad50>: Failed to establish a new connection: [Errno 101] Network is unreachable')': /api/v3/feed/topstory/hot-lists/total?limit=50&desktop=true
2025-11-13 05:16:28,043 [WARNING] Retrying (Retry(total=0, connect=None, read=None, redirect=None, status=None)) after connection broken by 'NewConnectionError('<urllib3.connection.HTTPSConnection object at 0x7f5ab460aea0>: Failed to establish a new connection: [Errno 101] Network is unreachable')': /api/v3/feed/topstory/hot-lists/total?limit=50&desktop=true
2025-11-13 05:16:38,054 [ERROR] 请求失败：HTTPSConnectionPool(host='www.zhihu.com', port=443): Max retries exceeded with url: /api/v3/feed/topstory/hot-lists/total?limit=50&desktop=true (Caused by NewConnectionError('<urllib3.connection.HTTPSConnection object at 0x7f5ab460aff0>: Failed to establish a new connection: [Errno 101] Network is unreachable'))
2025-11-13 05:16:38,054 [ERROR] 没有获取到热榜数据，退出。
2025-11-13 06:21:05,464 [INFO] 成功写入 10 条热搜到 hotresearch/2025_11_13/2025_11_13_6.txt
2025-11-13 06:21:06,115 [ERROR] 请求失败：401 Client Error: Authorization Required for url: https://www.zhihu.com/api/v3/feed/topstory/hot-lists/total?limit=50&desktop=true
2025-11-13 06:21:06,115 [ERROR] 没有获取到热榜数据，退出。
2025-11-13 07:13:03,171 [INFO] 成功写入 10 条热搜到 hotresearch/2025_11_13/2025_11_13_7.txt
2025-11-13 07:13:03,537 [ERROR] 请求失败：401 Client Error: Authorization Required for url: https://www.zhihu.com/api/v3/feed/topstory/hot-lists/total?limit=50&desktop=true
2025-11-13 07:13:03,537 [ERROR] 没有获取到热榜数据，退出。
2025-11-13 08:18:24,352 [INFO] 成功写入 10 条热搜到 hotresearch/2025_11_13/2025_11_13_8.txt
2025-11-13 08:18:24,834 [ERROR] 请求失败：403 Client Error: Forbidden for url: https://www.zhihu.com/api/v3/feed/topstory/hot-lists/total?limit=50&desktop=true
2025-11-13 08:18:24,834 [ERROR] 没有获取到热榜数据，退出。
2025-11-13 09:15:32,961 [INFO] 成功写入 10 条热搜到 hotresearch/2025_11_13/2025_11_13_9.txt
2025-11-13 09:15:33,477 [ERROR] 请求失败：403 Client Error: Forbidden for url: https://www.zhihu.com/api/v3/feed/topstory/hot-lists/total?limit=50&desktop=true
2025-11-13 09:15:33,477 [ERROR] 没有获取到热榜数据，退出。
2025-11-13 10:15:05,228 [INFO] 成功写入 10 条热搜到 hotresearch/2025_11_13/2025_11_13_10.txt
2025-11-13 10:15:05,693 [ERROR] 请求失败：401 Client Error: Authorization Required for url: https://www.zhihu.com/api/v3/feed/topstory/hot-lists/total?limit=50&desktop=true
2025-11-13 10:15:05,693 [ERROR] 没有获取到热榜数据，退出。
2025-11-13 11:12:04,909 [INFO] 成功写入 10 条热搜到 hotresearch/2025_11_13/2025_11_13_11.txt
2025-11-13 11:12:05,412 [ERROR] 请求失败：403 Client Error: Forbidden for url: https://www.zhihu.com/api/v3/feed/topstory/hot-lists/total?limit=50&desktop=true
2025-11-13 11:12:05,412 [ERROR] 没有获取到热榜数据，退出。
2025-11-13 12:28:21,335 [INFO] 成功写入 10 条热搜到 hotresearch/2025_11_13/2025_11_13_12.txt
2025-11-13 12:28:21,836 [ERROR] 请求失败：403 Client Error: Forbidden for url: https://www.zhihu.com/api/v3/feed/topstory/hot-lists/total?limit=50&desktop=true
2025-11-13 12:28:21,836 [ERROR] 没有获取到热榜数据，退出。
