2025-07-25 01:09:34,459 [ERROR] 请求失败：403 Client Error: Forbidden for url: https://www.zhihu.com/api/v4/search/top_search
2025-07-25 01:09:34,459 [ERROR] 没有获取到热搜数据，退出。
2025-07-25 01:09:34,938 [ERROR] 请求失败：403 Client Error: Forbidden for url: https://www.zhihu.com/api/v3/feed/topstory/hot-lists/total?limit=50&desktop=true
2025-07-25 01:09:34,938 [ERROR] 没有获取到热榜数据，退出。
2025-07-25 03:24:19,747 [ERROR] 请求失败：403 Client Error: Forbidden for url: https://www.zhihu.com/api/v4/search/top_search
2025-07-25 03:24:19,747 [ERROR] 没有获取到热搜数据，退出。
2025-07-25 03:24:20,269 [ERROR] 请求失败：403 Client Error: Forbidden for url: https://www.zhihu.com/api/v3/feed/topstory/hot-lists/total?limit=50&desktop=true
2025-07-25 03:24:20,269 [ERROR] 没有获取到热榜数据，退出。
2025-07-25 04:33:26,911 [ERROR] 请求失败：403 Client Error: Forbidden for url: https://www.zhihu.com/api/v4/search/top_search
2025-07-25 04:33:26,911 [ERROR] 没有获取到热搜数据，退出。
2025-07-25 04:33:27,263 [ERROR] 请求失败：401 Client Error: Authorization Required for url: https://www.zhihu.com/api/v3/feed/topstory/hot-lists/total?limit=50&desktop=true
2025-07-25 04:33:27,264 [ERROR] 没有获取到热榜数据，退出。
2025-07-25 05:21:09,616 [ERROR] 请求失败：403 Client Error: Forbidden for url: https://www.zhihu.com/api/v4/search/top_search
2025-07-25 05:21:09,616 [ERROR] 没有获取到热搜数据，退出。
2025-07-25 05:21:10,086 [ERROR] 请求失败：401 Client Error: Authorization Required for url: https://www.zhihu.com/api/v3/feed/topstory/hot-lists/total?limit=50&desktop=true
2025-07-25 05:21:10,086 [ERROR] 没有获取到热榜数据，退出。
2025-07-25 06:21:24,011 [ERROR] 请求失败：403 Client Error: Forbidden for url: https://www.zhihu.com/api/v4/search/top_search
2025-07-25 06:21:24,011 [ERROR] 没有获取到热搜数据，退出。
2025-07-25 06:21:24,482 [ERROR] 请求失败：401 Client Error: Authorization Required for url: https://www.zhihu.com/api/v3/feed/topstory/hot-lists/total?limit=50&desktop=true
2025-07-25 06:21:24,482 [ERROR] 没有获取到热榜数据，退出。
2025-07-25 07:17:46,911 [ERROR] 请求失败：403 Client Error: Forbidden for url: https://www.zhihu.com/api/v4/search/top_search
2025-07-25 07:17:46,911 [ERROR] 没有获取到热搜数据，退出。
2025-07-25 07:17:47,378 [ERROR] 请求失败：403 Client Error: Forbidden for url: https://www.zhihu.com/api/v3/feed/topstory/hot-lists/total?limit=50&desktop=true
2025-07-25 07:17:47,378 [ERROR] 没有获取到热榜数据，退出。
2025-07-25 08:18:49,197 [ERROR] 请求失败：403 Client Error: Forbidden for url: https://www.zhihu.com/api/v4/search/top_search
2025-07-25 08:18:49,197 [ERROR] 没有获取到热搜数据，退出。
2025-07-25 08:18:49,557 [ERROR] 请求失败：401 Client Error: Authorization Required for url: https://www.zhihu.com/api/v3/feed/topstory/hot-lists/total?limit=50&desktop=true
2025-07-25 08:18:49,557 [ERROR] 没有获取到热榜数据，退出。
