2025-12-08 01:05:40,762 [INFO] 成功写入 10 条热搜到 hotresearch/2025_12_8/2025_12_8_1.txt
2025-12-08 01:05:41,233 [ERROR] 请求失败：403 Client Error: Forbidden for url: https://www.zhihu.com/api/v3/feed/topstory/hot-lists/total?limit=50&desktop=true
2025-12-08 01:05:41,233 [ERROR] 没有获取到热榜数据，退出。
2025-12-08 03:15:45,555 [INFO] 成功写入 10 条热搜到 hotresearch/2025_12_8/2025_12_8_3.txt
2025-12-08 03:15:46,037 [ERROR] 请求失败：403 Client Error: Forbidden for url: https://www.zhihu.com/api/v3/feed/topstory/hot-lists/total?limit=50&desktop=true
2025-12-08 03:15:46,037 [ERROR] 没有获取到热榜数据，退出。
2025-12-08 04:27:55,678 [INFO] 成功写入 10 条热搜到 hotresearch/2025_12_8/2025_12_8_4.txt
2025-12-08 04:27:56,069 [ERROR] 请求失败：401 Client Error: Authorization Required for url: https://www.zhihu.com/api/v3/feed/topstory/hot-lists/total?limit=50&desktop=true
2025-12-08 04:27:56,069 [ERROR] 没有获取到热榜数据，退出。
2025-12-08 05:16:21,465 [INFO] 成功写入 10 条热搜到 hotresearch/2025_12_8/2025_12_8_5.txt
2025-12-08 05:16:21,891 [ERROR] 请求失败：403 Client Error: Forbidden for url: https://www.zhihu.com/api/v3/feed/topstory/hot-lists/total?limit=50&desktop=true
2025-12-08 05:16:21,891 [ERROR] 没有获取到热榜数据，退出。
2025-12-08 06:24:11,642 [WARNING] Retrying (Retry(total=4, connect=None, read=None, redirect=None, status=None)) after connection broken by 'NewConnectionError('<urllib3.connection.HTTPSConnection object at 0x7f2b533a8230>: Failed to establish a new connection: [Errno 101] Network is unreachable')': /api/v4/search/top_search
2025-12-08 06:24:23,653 [WARNING] Retrying (Retry(total=3, connect=None, read=None, redirect=None, status=None)) after connection broken by 'NewConnectionError('<urllib3.connection.HTTPSConnection object at 0x7f2b528c1bb0>: Failed to establish a new connection: [Errno 101] Network is unreachable')': /api/v4/search/top_search
2025-12-08 06:24:37,665 [WARNING] Retrying (Retry(total=2, connect=None, read=None, redirect=None, status=None)) after connection broken by 'NewConnectionError('<urllib3.connection.HTTPSConnection object at 0x7f2b5260aa80>: Failed to establish a new connection: [Errno 101] Network is unreachable')': /api/v4/search/top_search
2025-12-08 06:24:55,676 [WARNING] Retrying (Retry(total=1, connect=None, read=None, redirect=None, status=None)) after connection broken by 'NewConnectionError('<urllib3.connection.HTTPSConnection object at 0x7f2b5260abd0>: Failed to establish a new connection: [Errno 101] Network is unreachable')': /api/v4/search/top_search
2025-12-08 06:25:21,687 [WARNING] Retrying (Retry(total=0, connect=None, read=None, redirect=None, status=None)) after connection broken by 'NewConnectionError('<urllib3.connection.HTTPSConnection object at 0x7f2b5260ad20>: Failed to establish a new connection: [Errno 101] Network is unreachable')': /api/v4/search/top_search
2025-12-08 06:25:31,835 [ERROR] 请求失败：HTTPSConnectionPool(host='www.zhihu.com', port=443): Max retries exceeded with url: /api/v4/search/top_search (Caused by NewConnectionError('<urllib3.connection.HTTPSConnection object at 0x7f2b5260ae70>: Failed to establish a new connection: [Errno 101] Network is unreachable'))
2025-12-08 06:25:31,835 [ERROR] 没有获取到热搜数据，退出。
2025-12-08 06:25:41,954 [WARNING] Retrying (Retry(total=4, connect=None, read=None, redirect=None, status=None)) after connection broken by 'NewConnectionError('<urllib3.connection.HTTPSConnection object at 0x7f8fbe8fe480>: Failed to establish a new connection: [Errno 101] Network is unreachable')': /api/v3/feed/topstory/hot-lists/total?limit=50&desktop=true
2025-12-08 06:25:53,965 [WARNING] Retrying (Retry(total=3, connect=None, read=None, redirect=None, status=None)) after connection broken by 'NewConnectionError('<urllib3.connection.HTTPSConnection object at 0x7f8fbe8febd0>: Failed to establish a new connection: [Errno 101] Network is unreachable')': /api/v3/feed/topstory/hot-lists/total?limit=50&desktop=true
2025-12-08 06:26:07,977 [WARNING] Retrying (Retry(total=2, connect=None, read=None, redirect=None, status=None)) after connection broken by 'NewConnectionError('<urllib3.connection.HTTPSConnection object at 0x7f8fbe8fee10>: Failed to establish a new connection: [Errno 101] Network is unreachable')': /api/v3/feed/topstory/hot-lists/total?limit=50&desktop=true
2025-12-08 06:26:25,988 [WARNING] Retrying (Retry(total=1, connect=None, read=None, redirect=None, status=None)) after connection broken by 'NewConnectionError('<urllib3.connection.HTTPSConnection object at 0x7f8fbe8fef60>: Failed to establish a new connection: [Errno 101] Network is unreachable')': /api/v3/feed/topstory/hot-lists/total?limit=50&desktop=true
2025-12-08 06:26:52,038 [WARNING] Retrying (Retry(total=0, connect=None, read=None, redirect=None, status=None)) after connection broken by 'NewConnectionError('<urllib3.connection.HTTPSConnection object at 0x7f8fbe8ff0b0>: Failed to establish a new connection: [Errno 101] Network is unreachable')': /api/v3/feed/topstory/hot-lists/total?limit=50&desktop=true
2025-12-08 06:27:02,049 [ERROR] 请求失败：HTTPSConnectionPool(host='www.zhihu.com', port=443): Max retries exceeded with url: /api/v3/feed/topstory/hot-lists/total?limit=50&desktop=true (Caused by NewConnectionError('<urllib3.connection.HTTPSConnection object at 0x7f8fbe8ff200>: Failed to establish a new connection: [Errno 101] Network is unreachable'))
2025-12-08 06:27:02,050 [ERROR] 没有获取到热榜数据，退出。
