2025-12-28 01:15:32,912 [ERROR] 请求失败：403 Client Error: Forbidden for url: https://www.zhihu.com/api/v4/search/top_search
2025-12-28 01:15:32,912 [ERROR] 没有获取到热搜数据，退出。
2025-12-28 01:15:33,397 [ERROR] 请求失败：401 Client Error: Authorization Required for url: https://www.zhihu.com/api/v3/feed/topstory/hot-lists/total?limit=50&desktop=true
2025-12-28 01:15:33,397 [ERROR] 没有获取到热榜数据，退出。
2025-12-28 03:41:26,689 [INFO] 成功写入 10 条热搜到 hotresearch/2025_12_28/2025_12_28_3.txt
2025-12-28 03:41:27,170 [ERROR] 请求失败：401 Client Error: Authorization Required for url: https://www.zhihu.com/api/v3/feed/topstory/hot-lists/total?limit=50&desktop=true
2025-12-28 03:41:27,170 [ERROR] 没有获取到热榜数据，退出。
2025-12-28 04:38:38,147 [INFO] 成功写入 10 条热搜到 hotresearch/2025_12_28/2025_12_28_4.txt
2025-12-28 04:38:38,630 [ERROR] 请求失败：401 Client Error: Authorization Required for url: https://www.zhihu.com/api/v3/feed/topstory/hot-lists/total?limit=50&desktop=true
2025-12-28 04:38:38,630 [ERROR] 没有获取到热榜数据，退出。
2025-12-28 05:17:53,711 [INFO] 成功写入 10 条热搜到 hotresearch/2025_12_28/2025_12_28_5.txt
2025-12-28 05:17:54,212 [ERROR] 请求失败：403 Client Error: Forbidden for url: https://www.zhihu.com/api/v3/feed/topstory/hot-lists/total?limit=50&desktop=true
2025-12-28 05:17:54,213 [ERROR] 没有获取到热榜数据，退出。
2025-12-28 06:21:11,639 [INFO] 成功写入 10 条热搜到 hotresearch/2025_12_28/2025_12_28_6.txt
2025-12-28 06:21:12,086 [ERROR] 请求失败：401 Client Error: Authorization Required for url: https://www.zhihu.com/api/v3/feed/topstory/hot-lists/total?limit=50&desktop=true
2025-12-28 06:21:12,086 [ERROR] 没有获取到热榜数据，退出。
2025-12-28 07:14:26,862 [INFO] 成功写入 10 条热搜到 hotresearch/2025_12_28/2025_12_28_7.txt
2025-12-28 07:14:27,308 [ERROR] 请求失败：401 Client Error: Authorization Required for url: https://www.zhihu.com/api/v3/feed/topstory/hot-lists/total?limit=50&desktop=true
2025-12-28 07:14:27,308 [ERROR] 没有获取到热榜数据，退出。
2025-12-28 08:18:22,060 [INFO] 成功写入 10 条热搜到 hotresearch/2025_12_28/2025_12_28_8.txt
2025-12-28 08:18:22,513 [ERROR] 请求失败：401 Client Error: Authorization Required for url: https://www.zhihu.com/api/v3/feed/topstory/hot-lists/total?limit=50&desktop=true
2025-12-28 08:18:22,513 [ERROR] 没有获取到热榜数据，退出。
2025-12-28 09:13:41,067 [INFO] 成功写入 10 条热搜到 hotresearch/2025_12_28/2025_12_28_9.txt
2025-12-28 09:13:41,534 [ERROR] 请求失败：401 Client Error: Authorization Required for url: https://www.zhihu.com/api/v3/feed/topstory/hot-lists/total?limit=50&desktop=true
2025-12-28 09:13:41,534 [ERROR] 没有获取到热榜数据，退出。
2025-12-28 10:13:38,125 [INFO] 成功写入 10 条热搜到 hotresearch/2025_12_28/2025_12_28_10.txt
2025-12-28 10:13:38,606 [ERROR] 请求失败：401 Client Error: Authorization Required for url: https://www.zhihu.com/api/v3/feed/topstory/hot-lists/total?limit=50&desktop=true
2025-12-28 10:13:38,606 [ERROR] 没有获取到热榜数据，退出。
2025-12-28 11:11:23,203 [INFO] 成功写入 10 条热搜到 hotresearch/2025_12_28/2025_12_28_11.txt
2025-12-28 11:11:23,719 [ERROR] 请求失败：401 Client Error: Authorization Required for url: https://www.zhihu.com/api/v3/feed/topstory/hot-lists/total?limit=50&desktop=true
2025-12-28 11:11:23,719 [ERROR] 没有获取到热榜数据，退出。
2025-12-28 12:26:44,492 [INFO] 成功写入 10 条热搜到 hotresearch/2025_12_28/2025_12_28_12.txt
2025-12-28 12:26:44,966 [ERROR] 请求失败：401 Client Error: Authorization Required for url: https://www.zhihu.com/api/v3/feed/topstory/hot-lists/total?limit=50&desktop=true
2025-12-28 12:26:44,966 [ERROR] 没有获取到热榜数据，退出。
2025-12-28 13:24:36,074 [INFO] 成功写入 10 条热搜到 hotresearch/2025_12_28/2025_12_28_13.txt
2025-12-28 13:24:36,566 [ERROR] 请求失败：401 Client Error: Authorization Required for url: https://www.zhihu.com/api/v3/feed/topstory/hot-lists/total?limit=50&desktop=true
2025-12-28 13:24:36,566 [ERROR] 没有获取到热榜数据，退出。
2025-12-28 14:12:56,069 [INFO] 成功写入 10 条热搜到 hotresearch/2025_12_28/2025_12_28_14.txt
2025-12-28 14:12:56,541 [ERROR] 请求失败：401 Client Error: Authorization Required for url: https://www.zhihu.com/api/v3/feed/topstory/hot-lists/total?limit=50&desktop=true
2025-12-28 14:12:56,541 [ERROR] 没有获取到热榜数据，退出。
2025-12-28 15:12:42,077 [INFO] 成功写入 10 条热搜到 hotresearch/2025_12_28/2025_12_28_15.txt
2025-12-28 15:12:42,598 [ERROR] 请求失败：401 Client Error: Authorization Required for url: https://www.zhihu.com/api/v3/feed/topstory/hot-lists/total?limit=50&desktop=true
2025-12-28 15:12:42,599 [ERROR] 没有获取到热榜数据，退出。
2025-12-28 16:16:11,209 [INFO] 成功写入 10 条热搜到 hotresearch/2025_12_28/2025_12_28_16.txt
2025-12-28 16:16:11,570 [ERROR] 请求失败：401 Client Error: Authorization Required for url: https://www.zhihu.com/api/v3/feed/topstory/hot-lists/total?limit=50&desktop=true
2025-12-28 16:16:11,570 [ERROR] 没有获取到热榜数据，退出。
2025-12-28 17:11:34,851 [INFO] 成功写入 10 条热搜到 hotresearch/2025_12_28/2025_12_28_17.txt
2025-12-28 17:11:35,293 [ERROR] 请求失败：401 Client Error: Authorization Required for url: https://www.zhihu.com/api/v3/feed/topstory/hot-lists/total?limit=50&desktop=true
2025-12-28 17:11:35,293 [ERROR] 没有获取到热榜数据，退出。
2025-12-28 18:19:56,885 [INFO] 成功写入 10 条热搜到 hotresearch/2025_12_28/2025_12_28_18.txt
2025-12-28 18:19:57,225 [ERROR] 请求失败：401 Client Error: Authorization Required for url: https://www.zhihu.com/api/v3/feed/topstory/hot-lists/total?limit=50&desktop=true
2025-12-28 18:19:57,225 [ERROR] 没有获取到热榜数据，退出。
2025-12-28 19:10:31,001 [INFO] 成功写入 10 条热搜到 hotresearch/2025_12_28/2025_12_28_19.txt
2025-12-28 19:10:31,456 [ERROR] 请求失败：401 Client Error: Authorization Required for url: https://www.zhihu.com/api/v3/feed/topstory/hot-lists/total?limit=50&desktop=true
2025-12-28 19:10:31,456 [ERROR] 没有获取到热榜数据，退出。
2025-12-28 20:15:19,671 [INFO] 成功写入 10 条热搜到 hotresearch/2025_12_28/2025_12_28_20.txt
2025-12-28 20:15:20,149 [ERROR] 请求失败：401 Client Error: Authorization Required for url: https://www.zhihu.com/api/v3/feed/topstory/hot-lists/total?limit=50&desktop=true
2025-12-28 20:15:20,149 [ERROR] 没有获取到热榜数据，退出。
2025-12-28 21:12:07,644 [INFO] 成功写入 10 条热搜到 hotresearch/2025_12_28/2025_12_28_21.txt
2025-12-28 21:12:08,118 [ERROR] 请求失败：401 Client Error: Authorization Required for url: https://www.zhihu.com/api/v3/feed/topstory/hot-lists/total?limit=50&desktop=true
2025-12-28 21:12:08,119 [ERROR] 没有获取到热榜数据，退出。
2025-12-28 22:13:31,081 [INFO] 成功写入 10 条热搜到 hotresearch/2025_12_28/2025_12_28_22.txt
2025-12-28 22:13:31,566 [ERROR] 请求失败：401 Client Error: Authorization Required for url: https://www.zhihu.com/api/v3/feed/topstory/hot-lists/total?limit=50&desktop=true
2025-12-28 22:13:31,567 [ERROR] 没有获取到热榜数据，退出。
2025-12-28 23:13:00,087 [INFO] 成功写入 10 条热搜到 hotresearch/2025_12_28/2025_12_28_23.txt
2025-12-28 23:13:00,566 [ERROR] 请求失败：401 Client Error: Authorization Required for url: https://www.zhihu.com/api/v3/feed/topstory/hot-lists/total?limit=50&desktop=true
2025-12-28 23:13:00,566 [ERROR] 没有获取到热榜数据，退出。
