2025-09-05 00:58:38,644 [ERROR] 请求失败：403 Client Error: Forbidden for url: https://www.zhihu.com/api/v4/search/top_search
2025-09-05 00:58:38,644 [ERROR] 没有获取到热搜数据，退出。
2025-09-05 00:58:39,177 [ERROR] 请求失败：403 Client Error: Forbidden for url: https://www.zhihu.com/api/v3/feed/topstory/hot-lists/total?limit=50&desktop=true
2025-09-05 00:58:39,177 [ERROR] 没有获取到热榜数据，退出。
2025-09-05 02:22:32,421 [ERROR] 请求失败：403 Client Error: Forbidden for url: https://www.zhihu.com/api/v4/search/top_search
2025-09-05 02:22:32,421 [ERROR] 没有获取到热搜数据，退出。
2025-09-05 02:22:32,777 [ERROR] 请求失败：401 Client Error: Authorization Required for url: https://www.zhihu.com/api/v3/feed/topstory/hot-lists/total?limit=50&desktop=true
2025-09-05 02:22:32,777 [ERROR] 没有获取到热榜数据，退出。
2025-09-05 03:26:15,341 [ERROR] 请求失败：403 Client Error: Forbidden for url: https://www.zhihu.com/api/v4/search/top_search
2025-09-05 03:26:15,341 [ERROR] 没有获取到热搜数据，退出。
2025-09-05 03:26:16,313 [ERROR] 请求失败：403 Client Error: Forbidden for url: https://www.zhihu.com/api/v3/feed/topstory/hot-lists/total?limit=50&desktop=true
2025-09-05 03:26:16,313 [ERROR] 没有获取到热榜数据，退出。
2025-09-05 04:14:50,236 [ERROR] 请求失败：403 Client Error: Forbidden for url: https://www.zhihu.com/api/v4/search/top_search
2025-09-05 04:14:50,237 [ERROR] 没有获取到热搜数据，退出。
2025-09-05 04:14:50,720 [ERROR] 请求失败：403 Client Error: Forbidden for url: https://www.zhihu.com/api/v3/feed/topstory/hot-lists/total?limit=50&desktop=true
2025-09-05 04:14:50,720 [ERROR] 没有获取到热榜数据，退出。
2025-09-05 05:12:08,568 [ERROR] 请求失败：403 Client Error: Forbidden for url: https://www.zhihu.com/api/v4/search/top_search
2025-09-05 05:12:08,568 [ERROR] 没有获取到热搜数据，退出。
2025-09-05 05:12:09,221 [ERROR] 请求失败：403 Client Error: Forbidden for url: https://www.zhihu.com/api/v3/feed/topstory/hot-lists/total?limit=50&desktop=true
2025-09-05 05:12:09,221 [ERROR] 没有获取到热榜数据，退出。
2025-09-05 06:18:44,742 [ERROR] 请求失败：403 Client Error: Forbidden for url: https://www.zhihu.com/api/v4/search/top_search
2025-09-05 06:18:44,742 [ERROR] 没有获取到热搜数据，退出。
2025-09-05 06:18:45,230 [ERROR] 请求失败：403 Client Error: Forbidden for url: https://www.zhihu.com/api/v3/feed/topstory/hot-lists/total?limit=50&desktop=true
2025-09-05 06:18:45,230 [ERROR] 没有获取到热榜数据，退出。
2025-09-05 07:12:21,185 [ERROR] 请求失败：403 Client Error: Forbidden for url: https://www.zhihu.com/api/v4/search/top_search
2025-09-05 07:12:21,185 [ERROR] 没有获取到热搜数据，退出。
2025-09-05 07:12:21,694 [ERROR] 请求失败：403 Client Error: Forbidden for url: https://www.zhihu.com/api/v3/feed/topstory/hot-lists/total?limit=50&desktop=true
2025-09-05 07:12:21,694 [ERROR] 没有获取到热榜数据，退出。
2025-09-05 08:16:49,392 [ERROR] 请求失败：403 Client Error: Forbidden for url: https://www.zhihu.com/api/v4/search/top_search
2025-09-05 08:16:49,392 [ERROR] 没有获取到热搜数据，退出。
2025-09-05 08:16:49,743 [ERROR] 请求失败：401 Client Error: Authorization Required for url: https://www.zhihu.com/api/v3/feed/topstory/hot-lists/total?limit=50&desktop=true
2025-09-05 08:16:49,743 [ERROR] 没有获取到热榜数据，退出。
2025-09-05 09:13:21,591 [ERROR] 请求失败：403 Client Error: Forbidden for url: https://www.zhihu.com/api/v4/search/top_search
2025-09-05 09:13:21,591 [ERROR] 没有获取到热搜数据，退出。
2025-09-05 09:13:22,154 [ERROR] 请求失败：403 Client Error: Forbidden for url: https://www.zhihu.com/api/v3/feed/topstory/hot-lists/total?limit=50&desktop=true
2025-09-05 09:13:22,154 [ERROR] 没有获取到热榜数据，退出。
2025-09-05 10:12:59,027 [ERROR] 请求失败：403 Client Error: Forbidden for url: https://www.zhihu.com/api/v4/search/top_search
2025-09-05 10:12:59,027 [ERROR] 没有获取到热搜数据，退出。
2025-09-05 10:12:59,520 [ERROR] 请求失败：403 Client Error: Forbidden for url: https://www.zhihu.com/api/v3/feed/topstory/hot-lists/total?limit=50&desktop=true
2025-09-05 10:12:59,521 [ERROR] 没有获取到热榜数据，退出。
2025-09-05 11:09:52,441 [INFO] 成功写入 10 条热搜到 hotresearch/2025_9_5/2025_9_5_11.txt
2025-09-05 11:09:52,940 [ERROR] 请求失败：401 Client Error: Authorization Required for url: https://www.zhihu.com/api/v3/feed/topstory/hot-lists/total?limit=50&desktop=true
2025-09-05 11:09:52,940 [ERROR] 没有获取到热榜数据，退出。
