2025-07-28 01:14:50,930 [ERROR] 请求失败：403 Client Error: Forbidden for url: https://www.zhihu.com/api/v4/search/top_search
2025-07-28 01:14:50,930 [ERROR] 没有获取到热搜数据，退出。
2025-07-28 01:14:51,411 [ERROR] 请求失败：401 Client Error: Authorization Required for url: https://www.zhihu.com/api/v3/feed/topstory/hot-lists/total?limit=50&desktop=true
2025-07-28 01:14:51,411 [ERROR] 没有获取到热榜数据，退出。
2025-07-28 03:40:44,918 [ERROR] 请求失败：403 Client Error: Forbidden for url: https://www.zhihu.com/api/v4/search/top_search
2025-07-28 03:40:44,918 [ERROR] 没有获取到热搜数据，退出。
2025-07-28 03:40:45,370 [ERROR] 请求失败：401 Client Error: Authorization Required for url: https://www.zhihu.com/api/v3/feed/topstory/hot-lists/total?limit=50&desktop=true
2025-07-28 03:40:45,370 [ERROR] 没有获取到热榜数据，退出。
2025-07-28 04:39:42,188 [ERROR] 请求失败：403 Client Error: Forbidden for url: https://www.zhihu.com/api/v4/search/top_search
2025-07-28 04:39:42,189 [ERROR] 没有获取到热搜数据，退出。
2025-07-28 04:39:42,681 [ERROR] 请求失败：403 Client Error: Forbidden for url: https://www.zhihu.com/api/v3/feed/topstory/hot-lists/total?limit=50&desktop=true
2025-07-28 04:39:42,681 [ERROR] 没有获取到热榜数据，退出。
2025-07-28 05:23:02,618 [ERROR] 请求失败：403 Client Error: Forbidden for url: https://www.zhihu.com/api/v4/search/top_search
2025-07-28 05:23:02,618 [ERROR] 没有获取到热搜数据，退出。
2025-07-28 05:23:03,061 [ERROR] 请求失败：403 Client Error: Forbidden for url: https://www.zhihu.com/api/v3/feed/topstory/hot-lists/total?limit=50&desktop=true
2025-07-28 05:23:03,061 [ERROR] 没有获取到热榜数据，退出。
2025-07-28 06:23:24,328 [INFO] 成功写入 10 条热搜到 hotresearch/2025_7_28/2025_7_28_6.txt
2025-07-28 06:23:24,724 [ERROR] 请求失败：401 Client Error: Authorization Required for url: https://www.zhihu.com/api/v3/feed/topstory/hot-lists/total?limit=50&desktop=true
2025-07-28 06:23:24,724 [ERROR] 没有获取到热榜数据，退出。
2025-07-28 07:20:06,765 [ERROR] 请求失败：403 Client Error: Forbidden for url: https://www.zhihu.com/api/v4/search/top_search
2025-07-28 07:20:06,765 [ERROR] 没有获取到热搜数据，退出。
2025-07-28 07:20:07,179 [ERROR] 请求失败：401 Client Error: Authorization Required for url: https://www.zhihu.com/api/v3/feed/topstory/hot-lists/total?limit=50&desktop=true
2025-07-28 07:20:07,179 [ERROR] 没有获取到热榜数据，退出。
2025-07-28 08:21:17,173 [ERROR] 请求失败：403 Client Error: Forbidden for url: https://www.zhihu.com/api/v4/search/top_search
2025-07-28 08:21:17,173 [ERROR] 没有获取到热搜数据，退出。
2025-07-28 08:21:17,626 [ERROR] 请求失败：401 Client Error: Authorization Required for url: https://www.zhihu.com/api/v3/feed/topstory/hot-lists/total?limit=50&desktop=true
2025-07-28 08:21:17,626 [ERROR] 没有获取到热榜数据，退出。
2025-07-28 09:21:32,507 [ERROR] 请求失败：403 Client Error: Forbidden for url: https://www.zhihu.com/api/v4/search/top_search
2025-07-28 09:21:32,507 [ERROR] 没有获取到热搜数据，退出。
2025-07-28 09:21:32,969 [ERROR] 请求失败：403 Client Error: Forbidden for url: https://www.zhihu.com/api/v3/feed/topstory/hot-lists/total?limit=50&desktop=true
2025-07-28 09:21:32,970 [ERROR] 没有获取到热榜数据，退出。
2025-07-28 10:15:57,273 [ERROR] 请求失败：403 Client Error: Forbidden for url: https://www.zhihu.com/api/v4/search/top_search
2025-07-28 10:15:57,273 [ERROR] 没有获取到热搜数据，退出。
2025-07-28 10:15:57,630 [ERROR] 请求失败：401 Client Error: Authorization Required for url: https://www.zhihu.com/api/v3/feed/topstory/hot-lists/total?limit=50&desktop=true
2025-07-28 10:15:57,631 [ERROR] 没有获取到热榜数据，退出。
2025-07-28 11:12:35,549 [ERROR] 请求失败：403 Client Error: Forbidden for url: https://www.zhihu.com/api/v4/search/top_search
2025-07-28 11:12:35,549 [ERROR] 没有获取到热搜数据，退出。
2025-07-28 11:12:36,006 [ERROR] 请求失败：403 Client Error: Forbidden for url: https://www.zhihu.com/api/v3/feed/topstory/hot-lists/total?limit=50&desktop=true
2025-07-28 11:12:36,007 [ERROR] 没有获取到热榜数据，退出。
2025-07-28 12:29:09,004 [ERROR] 请求失败：403 Client Error: Forbidden for url: https://www.zhihu.com/api/v4/search/top_search
2025-07-28 12:29:09,004 [ERROR] 没有获取到热搜数据，退出。
2025-07-28 12:29:09,471 [ERROR] 请求失败：401 Client Error: Authorization Required for url: https://www.zhihu.com/api/v3/feed/topstory/hot-lists/total?limit=50&desktop=true
2025-07-28 12:29:09,471 [ERROR] 没有获取到热榜数据，退出。
2025-07-28 13:34:35,757 [ERROR] 请求失败：403 Client Error: Forbidden for url: https://www.zhihu.com/api/v4/search/top_search
2025-07-28 13:34:35,757 [ERROR] 没有获取到热搜数据，退出。
2025-07-28 13:34:36,126 [ERROR] 请求失败：401 Client Error: Authorization Required for url: https://www.zhihu.com/api/v3/feed/topstory/hot-lists/total?limit=50&desktop=true
2025-07-28 13:34:36,126 [ERROR] 没有获取到热榜数据，退出。
2025-07-28 14:17:01,965 [ERROR] 请求失败：403 Client Error: Forbidden for url: https://www.zhihu.com/api/v4/search/top_search
2025-07-28 14:17:01,965 [ERROR] 没有获取到热搜数据，退出。
2025-07-28 14:17:02,436 [ERROR] 请求失败：403 Client Error: Forbidden for url: https://www.zhihu.com/api/v3/feed/topstory/hot-lists/total?limit=50&desktop=true
2025-07-28 14:17:02,436 [ERROR] 没有获取到热榜数据，退出。
2025-07-28 15:15:36,000 [ERROR] 请求失败：403 Client Error: Forbidden for url: https://www.zhihu.com/api/v4/search/top_search
2025-07-28 15:15:36,000 [ERROR] 没有获取到热搜数据，退出。
2025-07-28 15:15:36,458 [ERROR] 请求失败：403 Client Error: Forbidden for url: https://www.zhihu.com/api/v3/feed/topstory/hot-lists/total?limit=50&desktop=true
2025-07-28 15:15:36,458 [ERROR] 没有获取到热榜数据，退出。
2025-07-28 16:18:31,832 [ERROR] 请求失败：403 Client Error: Forbidden for url: https://www.zhihu.com/api/v4/search/top_search
2025-07-28 16:18:31,832 [ERROR] 没有获取到热搜数据，退出。
2025-07-28 16:18:32,362 [ERROR] 请求失败：403 Client Error: Forbidden for url: https://www.zhihu.com/api/v3/feed/topstory/hot-lists/total?limit=50&desktop=true
2025-07-28 16:18:32,363 [ERROR] 没有获取到热榜数据，退出。
2025-07-28 17:16:51,880 [ERROR] 请求失败：403 Client Error: Forbidden for url: https://www.zhihu.com/api/v4/search/top_search
2025-07-28 17:16:51,880 [ERROR] 没有获取到热搜数据，退出。
2025-07-28 17:16:52,367 [ERROR] 请求失败：401 Client Error: Authorization Required for url: https://www.zhihu.com/api/v3/feed/topstory/hot-lists/total?limit=50&desktop=true
2025-07-28 17:16:52,367 [ERROR] 没有获取到热榜数据，退出。
2025-07-28 18:20:57,773 [ERROR] 请求失败：403 Client Error: Forbidden for url: https://www.zhihu.com/api/v4/search/top_search
2025-07-28 18:20:57,773 [ERROR] 没有获取到热搜数据，退出。
2025-07-28 18:20:58,128 [ERROR] 请求失败：401 Client Error: Authorization Required for url: https://www.zhihu.com/api/v3/feed/topstory/hot-lists/total?limit=50&desktop=true
2025-07-28 18:20:58,128 [ERROR] 没有获取到热榜数据，退出。
2025-07-28 19:14:10,481 [ERROR] 请求失败：403 Client Error: Forbidden for url: https://www.zhihu.com/api/v4/search/top_search
2025-07-28 19:14:10,481 [ERROR] 没有获取到热搜数据，退出。
2025-07-28 19:14:10,937 [ERROR] 请求失败：401 Client Error: Authorization Required for url: https://www.zhihu.com/api/v3/feed/topstory/hot-lists/total?limit=50&desktop=true
2025-07-28 19:14:10,937 [ERROR] 没有获取到热榜数据，退出。
2025-07-28 20:16:02,953 [ERROR] 请求失败：403 Client Error: Forbidden for url: https://www.zhihu.com/api/v4/search/top_search
2025-07-28 20:16:02,953 [ERROR] 没有获取到热搜数据，退出。
2025-07-28 20:16:03,422 [ERROR] 请求失败：401 Client Error: Authorization Required for url: https://www.zhihu.com/api/v3/feed/topstory/hot-lists/total?limit=50&desktop=true
2025-07-28 20:16:03,422 [ERROR] 没有获取到热榜数据，退出。
2025-07-28 21:13:18,529 [ERROR] 请求失败：403 Client Error: Forbidden for url: https://www.zhihu.com/api/v4/search/top_search
2025-07-28 21:13:18,529 [ERROR] 没有获取到热搜数据，退出。
2025-07-28 21:13:18,978 [ERROR] 请求失败：401 Client Error: Authorization Required for url: https://www.zhihu.com/api/v3/feed/topstory/hot-lists/total?limit=50&desktop=true
2025-07-28 21:13:18,978 [ERROR] 没有获取到热榜数据，退出。
