2025-10-25 00:59:32,876 [INFO] 成功写入 10 条热搜到 hotresearch/2025_10_25/2025_10_25_0.txt
2025-10-25 00:59:33,469 [ERROR] 请求失败：401 Client Error: Authorization Required for url: https://www.zhihu.com/api/v3/feed/topstory/hot-lists/total?limit=50&desktop=true
2025-10-25 00:59:33,469 [ERROR] 没有获取到热榜数据，退出。
2025-10-25 02:24:25,761 [INFO] 成功写入 10 条热搜到 hotresearch/2025_10_25/2025_10_25_2.txt
2025-10-25 02:24:26,152 [ERROR] 请求失败：403 Client Error: Forbidden for url: https://www.zhihu.com/api/v3/feed/topstory/hot-lists/total?limit=50&desktop=true
2025-10-25 02:24:26,152 [ERROR] 没有获取到热榜数据，退出。
2025-10-25 03:30:59,807 [INFO] 成功写入 10 条热搜到 hotresearch/2025_10_25/2025_10_25_3.txt
2025-10-25 03:31:00,248 [ERROR] 请求失败：401 Client Error: Authorization Required for url: https://www.zhihu.com/api/v3/feed/topstory/hot-lists/total?limit=50&desktop=true
2025-10-25 03:31:00,248 [ERROR] 没有获取到热榜数据，退出。
2025-10-25 04:14:45,999 [INFO] 成功写入 10 条热搜到 hotresearch/2025_10_25/2025_10_25_4.txt
2025-10-25 04:14:46,486 [ERROR] 请求失败：403 Client Error: Forbidden for url: https://www.zhihu.com/api/v3/feed/topstory/hot-lists/total?limit=50&desktop=true
2025-10-25 04:14:46,486 [ERROR] 没有获取到热榜数据，退出。
2025-10-25 05:12:00,896 [INFO] 成功写入 10 条热搜到 hotresearch/2025_10_25/2025_10_25_5.txt
2025-10-25 05:12:01,318 [ERROR] 请求失败：401 Client Error: Authorization Required for url: https://www.zhihu.com/api/v3/feed/topstory/hot-lists/total?limit=50&desktop=true
2025-10-25 05:12:01,318 [ERROR] 没有获取到热榜数据，退出。
2025-10-25 06:17:22,263 [INFO] 成功写入 10 条热搜到 hotresearch/2025_10_25/2025_10_25_6.txt
2025-10-25 06:17:22,757 [ERROR] 请求失败：403 Client Error: Forbidden for url: https://www.zhihu.com/api/v3/feed/topstory/hot-lists/total?limit=50&desktop=true
2025-10-25 06:17:22,757 [ERROR] 没有获取到热榜数据，退出。
2025-10-25 07:11:33,908 [ERROR] 请求失败：403 Client Error: Forbidden for url: https://www.zhihu.com/api/v4/search/top_search
2025-10-25 07:11:33,908 [ERROR] 没有获取到热搜数据，退出。
2025-10-25 07:11:34,387 [ERROR] 请求失败：403 Client Error: Forbidden for url: https://www.zhihu.com/api/v3/feed/topstory/hot-lists/total?limit=50&desktop=true
2025-10-25 07:11:34,387 [ERROR] 没有获取到热榜数据，退出。
2025-10-25 08:14:51,052 [INFO] 成功写入 10 条热搜到 hotresearch/2025_10_25/2025_10_25_8.txt
2025-10-25 08:14:51,943 [ERROR] 请求失败：403 Client Error: Forbidden for url: https://www.zhihu.com/api/v3/feed/topstory/hot-lists/total?limit=50&desktop=true
2025-10-25 08:14:51,943 [ERROR] 没有获取到热榜数据，退出。
