2025-09-21 01:04:05,611 [ERROR] 请求失败：403 Client Error: Forbidden for url: https://www.zhihu.com/api/v4/search/top_search
2025-09-21 01:04:05,612 [ERROR] 没有获取到热搜数据，退出。
2025-09-21 01:04:06,141 [ERROR] 请求失败：401 Client Error: Authorization Required for url: https://www.zhihu.com/api/v3/feed/topstory/hot-lists/total?limit=50&desktop=true
2025-09-21 01:04:06,141 [ERROR] 没有获取到热榜数据，退出。
2025-09-21 03:02:25,944 [ERROR] 请求失败：403 Client Error: Forbidden for url: https://www.zhihu.com/api/v4/search/top_search
2025-09-21 03:02:25,944 [ERROR] 没有获取到热搜数据，退出。
2025-09-21 03:02:26,343 [ERROR] 请求失败：401 Client Error: Authorization Required for url: https://www.zhihu.com/api/v3/feed/topstory/hot-lists/total?limit=50&desktop=true
2025-09-21 03:02:26,343 [ERROR] 没有获取到热榜数据，退出。
2025-09-21 04:14:26,361 [ERROR] 请求失败：403 Client Error: Forbidden for url: https://www.zhihu.com/api/v4/search/top_search
2025-09-21 04:14:26,361 [ERROR] 没有获取到热搜数据，退出。
2025-09-21 04:14:26,749 [ERROR] 请求失败：401 Client Error: Authorization Required for url: https://www.zhihu.com/api/v3/feed/topstory/hot-lists/total?limit=50&desktop=true
2025-09-21 04:14:26,749 [ERROR] 没有获取到热榜数据，退出。
2025-09-21 05:11:57,083 [ERROR] 请求失败：403 Client Error: Forbidden for url: https://www.zhihu.com/api/v4/search/top_search
2025-09-21 05:11:57,083 [ERROR] 没有获取到热搜数据，退出。
2025-09-21 05:11:57,563 [ERROR] 请求失败：403 Client Error: Forbidden for url: https://www.zhihu.com/api/v3/feed/topstory/hot-lists/total?limit=50&desktop=true
2025-09-21 05:11:57,563 [ERROR] 没有获取到热榜数据，退出。
2025-09-21 06:17:28,872 [ERROR] 请求失败：403 Client Error: Forbidden for url: https://www.zhihu.com/api/v4/search/top_search
2025-09-21 06:17:28,872 [ERROR] 没有获取到热搜数据，退出。
2025-09-21 06:17:29,224 [ERROR] 请求失败：401 Client Error: Authorization Required for url: https://www.zhihu.com/api/v3/feed/topstory/hot-lists/total?limit=50&desktop=true
2025-09-21 06:17:29,224 [ERROR] 没有获取到热榜数据，退出。
2025-09-21 07:10:22,873 [ERROR] 请求失败：403 Client Error: Forbidden for url: https://www.zhihu.com/api/v4/search/top_search
2025-09-21 07:10:22,874 [ERROR] 没有获取到热搜数据，退出。
2025-09-21 07:10:23,215 [ERROR] 请求失败：401 Client Error: Authorization Required for url: https://www.zhihu.com/api/v3/feed/topstory/hot-lists/total?limit=50&desktop=true
2025-09-21 07:10:23,215 [ERROR] 没有获取到热榜数据，退出。
2025-09-21 08:14:07,085 [ERROR] 请求失败：403 Client Error: Forbidden for url: https://www.zhihu.com/api/v4/search/top_search
2025-09-21 08:14:07,085 [ERROR] 没有获取到热搜数据，退出。
2025-09-21 08:14:07,435 [ERROR] 请求失败：401 Client Error: Authorization Required for url: https://www.zhihu.com/api/v3/feed/topstory/hot-lists/total?limit=50&desktop=true
2025-09-21 08:14:07,435 [ERROR] 没有获取到热榜数据，退出。
2025-09-21 09:11:27,634 [ERROR] 请求失败：403 Client Error: Forbidden for url: https://www.zhihu.com/api/v4/search/top_search
2025-09-21 09:11:27,634 [ERROR] 没有获取到热搜数据，退出。
2025-09-21 09:11:28,083 [ERROR] 请求失败：401 Client Error: Authorization Required for url: https://www.zhihu.com/api/v3/feed/topstory/hot-lists/total?limit=50&desktop=true
2025-09-21 09:11:28,083 [ERROR] 没有获取到热榜数据，退出。
2025-09-21 10:11:48,006 [ERROR] 请求失败：403 Client Error: Forbidden for url: https://www.zhihu.com/api/v4/search/top_search
2025-09-21 10:11:48,006 [ERROR] 没有获取到热搜数据，退出。
2025-09-21 10:11:48,371 [ERROR] 请求失败：401 Client Error: Authorization Required for url: https://www.zhihu.com/api/v3/feed/topstory/hot-lists/total?limit=50&desktop=true
2025-09-21 10:11:48,371 [ERROR] 没有获取到热榜数据，退出。
2025-09-21 11:08:57,487 [ERROR] 请求失败：403 Client Error: Forbidden for url: https://www.zhihu.com/api/v4/search/top_search
2025-09-21 11:08:57,487 [ERROR] 没有获取到热搜数据，退出。
2025-09-21 11:08:57,991 [ERROR] 请求失败：401 Client Error: Authorization Required for url: https://www.zhihu.com/api/v3/feed/topstory/hot-lists/total?limit=50&desktop=true
2025-09-21 11:08:57,991 [ERROR] 没有获取到热榜数据，退出。
2025-09-21 12:22:14,738 [ERROR] 请求失败：403 Client Error: Forbidden for url: https://www.zhihu.com/api/v4/search/top_search
2025-09-21 12:22:14,738 [ERROR] 没有获取到热搜数据，退出。
2025-09-21 12:22:15,745 [ERROR] 请求失败：403 Client Error: Forbidden for url: https://www.zhihu.com/api/v3/feed/topstory/hot-lists/total?limit=50&desktop=true
2025-09-21 12:22:15,745 [ERROR] 没有获取到热榜数据，退出。
