2025-12-02 01:05:05,449 [INFO] 成功写入 10 条热搜到 hotresearch/2025_12_2/2025_12_2_1.txt
2025-12-02 01:05:05,806 [ERROR] 请求失败：401 Client Error: Authorization Required for url: https://www.zhihu.com/api/v3/feed/topstory/hot-lists/total?limit=50&desktop=true
2025-12-02 01:05:05,806 [ERROR] 没有获取到热榜数据，退出。
2025-12-02 03:12:46,709 [INFO] 成功写入 10 条热搜到 hotresearch/2025_12_2/2025_12_2_3.txt
2025-12-02 03:12:47,248 [ERROR] 请求失败：401 Client Error: Authorization Required for url: https://www.zhihu.com/api/v3/feed/topstory/hot-lists/total?limit=50&desktop=true
2025-12-02 03:12:47,248 [ERROR] 没有获取到热榜数据，退出。
2025-12-02 04:24:12,518 [INFO] 成功写入 10 条热搜到 hotresearch/2025_12_2/2025_12_2_4.txt
2025-12-02 04:24:12,866 [ERROR] 请求失败：401 Client Error: Authorization Required for url: https://www.zhihu.com/api/v3/feed/topstory/hot-lists/total?limit=50&desktop=true
2025-12-02 04:24:12,866 [ERROR] 没有获取到热榜数据，退出。
2025-12-02 05:14:00,264 [INFO] 成功写入 10 条热搜到 hotresearch/2025_12_2/2025_12_2_5.txt
2025-12-02 05:14:00,761 [ERROR] 请求失败：403 Client Error: Forbidden for url: https://www.zhihu.com/api/v3/feed/topstory/hot-lists/total?limit=50&desktop=true
2025-12-02 05:14:00,761 [ERROR] 没有获取到热榜数据，退出。
2025-12-02 06:22:26,897 [INFO] 成功写入 10 条热搜到 hotresearch/2025_12_2/2025_12_2_6.txt
2025-12-02 06:22:27,425 [ERROR] 请求失败：403 Client Error: Forbidden for url: https://www.zhihu.com/api/v3/feed/topstory/hot-lists/total?limit=50&desktop=true
2025-12-02 06:22:27,425 [ERROR] 没有获取到热榜数据，退出。
2025-12-02 07:16:08,580 [ERROR] 请求失败：403 Client Error: Forbidden for url: https://www.zhihu.com/api/v4/search/top_search
2025-12-02 07:16:08,581 [ERROR] 没有获取到热搜数据，退出。
2025-12-02 07:16:08,958 [ERROR] 请求失败：403 Client Error: Forbidden for url: https://www.zhihu.com/api/v3/feed/topstory/hot-lists/total?limit=50&desktop=true
2025-12-02 07:16:08,959 [ERROR] 没有获取到热榜数据，退出。
2025-12-02 08:20:28,040 [INFO] 成功写入 10 条热搜到 hotresearch/2025_12_2/2025_12_2_8.txt
2025-12-02 08:20:28,573 [ERROR] 请求失败：403 Client Error: Forbidden for url: https://www.zhihu.com/api/v3/feed/topstory/hot-lists/total?limit=50&desktop=true
2025-12-02 08:20:28,574 [ERROR] 没有获取到热榜数据，退出。
2025-12-02 09:19:12,308 [INFO] 成功写入 10 条热搜到 hotresearch/2025_12_2/2025_12_2_9.txt
2025-12-02 09:19:12,764 [ERROR] 请求失败：401 Client Error: Authorization Required for url: https://www.zhihu.com/api/v3/feed/topstory/hot-lists/total?limit=50&desktop=true
2025-12-02 09:19:12,765 [ERROR] 没有获取到热榜数据，退出。
2025-12-02 10:15:55,104 [INFO] 成功写入 10 条热搜到 hotresearch/2025_12_2/2025_12_2_10.txt
2025-12-02 10:15:55,465 [ERROR] 请求失败：401 Client Error: Authorization Required for url: https://www.zhihu.com/api/v3/feed/topstory/hot-lists/total?limit=50&desktop=true
2025-12-02 10:15:55,465 [ERROR] 没有获取到热榜数据，退出。
