2025-08-02 01:08:13,971 [INFO] 成功写入 10 条热搜到 hotresearch/2025_8_2/2025_8_2_1.txt
2025-08-02 01:08:14,855 [ERROR] 请求失败：403 Client Error: Forbidden for url: https://www.zhihu.com/api/v3/feed/topstory/hot-lists/total?limit=50&desktop=true
2025-08-02 01:08:14,855 [ERROR] 没有获取到热榜数据，退出。
2025-08-02 03:21:04,112 [ERROR] 请求失败：403 Client Error: Forbidden for url: https://www.zhihu.com/api/v4/search/top_search
2025-08-02 03:21:04,112 [ERROR] 没有获取到热搜数据，退出。
2025-08-02 03:21:04,574 [ERROR] 请求失败：403 Client Error: Forbidden for url: https://www.zhihu.com/api/v3/feed/topstory/hot-lists/total?limit=50&desktop=true
2025-08-02 03:21:04,575 [ERROR] 没有获取到热榜数据，退出。
2025-08-02 04:29:36,403 [WARNING] Retrying (Retry(total=4, connect=None, read=None, redirect=None, status=None)) after connection broken by 'NewConnectionError('<urllib3.connection.HTTPSConnection object at 0x7f69056c53a0>: Failed to establish a new connection: [Errno 101] Network is unreachable')': /api/v4/search/top_search
2025-08-02 04:29:48,414 [WARNING] Retrying (Retry(total=3, connect=None, read=None, redirect=None, status=None)) after connection broken by 'NewConnectionError('<urllib3.connection.HTTPSConnection object at 0x7f6905596b10>: Failed to establish a new connection: [Errno 101] Network is unreachable')': /api/v4/search/top_search
2025-08-02 04:30:02,426 [WARNING] Retrying (Retry(total=2, connect=None, read=None, redirect=None, status=None)) after connection broken by 'NewConnectionError('<urllib3.connection.HTTPSConnection object at 0x7f6905596c60>: Failed to establish a new connection: [Errno 101] Network is unreachable')': /api/v4/search/top_search
2025-08-02 04:30:20,435 [WARNING] Retrying (Retry(total=1, connect=None, read=None, redirect=None, status=None)) after connection broken by 'NewConnectionError('<urllib3.connection.HTTPSConnection object at 0x7f6905596db0>: Failed to establish a new connection: [Errno 101] Network is unreachable')': /api/v4/search/top_search
2025-08-02 04:30:46,446 [WARNING] Retrying (Retry(total=0, connect=None, read=None, redirect=None, status=None)) after connection broken by 'NewConnectionError('<urllib3.connection.HTTPSConnection object at 0x7f6905596f00>: Failed to establish a new connection: [Errno 101] Network is unreachable')': /api/v4/search/top_search
2025-08-02 04:30:56,570 [ERROR] 请求失败：HTTPSConnectionPool(host='www.zhihu.com', port=443): Max retries exceeded with url: /api/v4/search/top_search (Caused by NewConnectionError('<urllib3.connection.HTTPSConnection object at 0x7f6905597050>: Failed to establish a new connection: [Errno 101] Network is unreachable'))
2025-08-02 04:30:56,570 [ERROR] 没有获取到热搜数据，退出。
2025-08-02 04:31:06,688 [WARNING] Retrying (Retry(total=4, connect=None, read=None, redirect=None, status=None)) after connection broken by 'NewConnectionError('<urllib3.connection.HTTPSConnection object at 0x7ff610f6e540>: Failed to establish a new connection: [Errno 101] Network is unreachable')': /api/v3/feed/topstory/hot-lists/total?limit=50&desktop=true
2025-08-02 04:31:18,691 [WARNING] Retrying (Retry(total=3, connect=None, read=None, redirect=None, status=None)) after connection broken by 'NewConnectionError('<urllib3.connection.HTTPSConnection object at 0x7ff610f6ec90>: Failed to establish a new connection: [Errno 101] Network is unreachable')': /api/v3/feed/topstory/hot-lists/total?limit=50&desktop=true
2025-08-02 04:31:32,696 [WARNING] Retrying (Retry(total=2, connect=None, read=None, redirect=None, status=None)) after connection broken by 'NewConnectionError('<urllib3.connection.HTTPSConnection object at 0x7ff610f6eed0>: Failed to establish a new connection: [Errno 101] Network is unreachable')': /api/v3/feed/topstory/hot-lists/total?limit=50&desktop=true
2025-08-02 04:31:50,708 [WARNING] Retrying (Retry(total=1, connect=None, read=None, redirect=None, status=None)) after connection broken by 'NewConnectionError('<urllib3.connection.HTTPSConnection object at 0x7ff610f6f020>: Failed to establish a new connection: [Errno 101] Network is unreachable')': /api/v3/feed/topstory/hot-lists/total?limit=50&desktop=true
2025-08-02 04:32:16,859 [WARNING] Retrying (Retry(total=0, connect=None, read=None, redirect=None, status=None)) after connection broken by 'NewConnectionError('<urllib3.connection.HTTPSConnection object at 0x7ff610f6f170>: Failed to establish a new connection: [Errno 101] Network is unreachable')': /api/v3/feed/topstory/hot-lists/total?limit=50&desktop=true
2025-08-02 04:32:26,870 [ERROR] 请求失败：HTTPSConnectionPool(host='www.zhihu.com', port=443): Max retries exceeded with url: /api/v3/feed/topstory/hot-lists/total?limit=50&desktop=true (Caused by NewConnectionError('<urllib3.connection.HTTPSConnection object at 0x7ff610f6f2c0>: Failed to establish a new connection: [Errno 101] Network is unreachable'))
2025-08-02 04:32:26,870 [ERROR] 没有获取到热榜数据，退出。
2025-08-02 05:18:11,885 [ERROR] 请求失败：403 Client Error: Forbidden for url: https://www.zhihu.com/api/v4/search/top_search
2025-08-02 05:18:11,885 [ERROR] 没有获取到热搜数据，退出。
2025-08-02 05:18:12,738 [ERROR] 请求失败：403 Client Error: Forbidden for url: https://www.zhihu.com/api/v3/feed/topstory/hot-lists/total?limit=50&desktop=true
2025-08-02 05:18:12,738 [ERROR] 没有获取到热榜数据，退出。
2025-08-02 06:18:56,913 [ERROR] 请求失败：403 Client Error: Forbidden for url: https://www.zhihu.com/api/v4/search/top_search
2025-08-02 06:18:56,913 [ERROR] 没有获取到热搜数据，退出。
2025-08-02 06:18:57,256 [ERROR] 请求失败：401 Client Error: Authorization Required for url: https://www.zhihu.com/api/v3/feed/topstory/hot-lists/total?limit=50&desktop=true
2025-08-02 06:18:57,256 [ERROR] 没有获取到热榜数据，退出。
2025-08-02 07:13:10,031 [ERROR] 请求失败：403 Client Error: Forbidden for url: https://www.zhihu.com/api/v4/search/top_search
2025-08-02 07:13:10,031 [ERROR] 没有获取到热搜数据，退出。
2025-08-02 07:13:10,383 [ERROR] 请求失败：403 Client Error: Forbidden for url: https://www.zhihu.com/api/v3/feed/topstory/hot-lists/total?limit=50&desktop=true
2025-08-02 07:13:10,383 [ERROR] 没有获取到热榜数据，退出。
2025-08-02 08:17:01,678 [ERROR] 请求失败：403 Client Error: Forbidden for url: https://www.zhihu.com/api/v4/search/top_search
2025-08-02 08:17:01,678 [ERROR] 没有获取到热搜数据，退出。
2025-08-02 08:17:02,237 [ERROR] 请求失败：401 Client Error: Authorization Required for url: https://www.zhihu.com/api/v3/feed/topstory/hot-lists/total?limit=50&desktop=true
2025-08-02 08:17:02,237 [ERROR] 没有获取到热榜数据，退出。
2025-08-02 09:15:55,454 [ERROR] 请求失败：403 Client Error: Forbidden for url: https://www.zhihu.com/api/v4/search/top_search
2025-08-02 09:15:55,454 [ERROR] 没有获取到热搜数据，退出。
2025-08-02 09:15:56,302 [ERROR] 请求失败：403 Client Error: Forbidden for url: https://www.zhihu.com/api/v3/feed/topstory/hot-lists/total?limit=50&desktop=true
2025-08-02 09:15:56,302 [ERROR] 没有获取到热榜数据，退出。
2025-08-02 10:13:41,735 [ERROR] 请求失败：403 Client Error: Forbidden for url: https://www.zhihu.com/api/v4/search/top_search
2025-08-02 10:13:41,735 [ERROR] 没有获取到热搜数据，退出。
2025-08-02 10:13:42,185 [ERROR] 请求失败：401 Client Error: Authorization Required for url: https://www.zhihu.com/api/v3/feed/topstory/hot-lists/total?limit=50&desktop=true
2025-08-02 10:13:42,185 [ERROR] 没有获取到热榜数据，退出。
2025-08-02 11:11:35,223 [ERROR] 请求失败：403 Client Error: Forbidden for url: https://www.zhihu.com/api/v4/search/top_search
2025-08-02 11:11:35,224 [ERROR] 没有获取到热搜数据，退出。
2025-08-02 11:11:35,688 [ERROR] 请求失败：401 Client Error: Authorization Required for url: https://www.zhihu.com/api/v3/feed/topstory/hot-lists/total?limit=50&desktop=true
2025-08-02 11:11:35,689 [ERROR] 没有获取到热榜数据，退出。
2025-08-02 12:26:05,112 [ERROR] 请求失败：403 Client Error: Forbidden for url: https://www.zhihu.com/api/v4/search/top_search
2025-08-02 12:26:05,112 [ERROR] 没有获取到热搜数据，退出。
2025-08-02 12:26:05,951 [ERROR] 请求失败：403 Client Error: Forbidden for url: https://www.zhihu.com/api/v3/feed/topstory/hot-lists/total?limit=50&desktop=true
2025-08-02 12:26:05,951 [ERROR] 没有获取到热榜数据，退出。
2025-08-02 13:26:07,423 [ERROR] 请求失败：403 Client Error: Forbidden for url: https://www.zhihu.com/api/v4/search/top_search
2025-08-02 13:26:07,423 [ERROR] 没有获取到热搜数据，退出。
2025-08-02 13:26:07,761 [ERROR] 请求失败：401 Client Error: Authorization Required for url: https://www.zhihu.com/api/v3/feed/topstory/hot-lists/total?limit=50&desktop=true
2025-08-02 13:26:07,761 [ERROR] 没有获取到热榜数据，退出。
2025-08-02 14:12:26,406 [ERROR] 请求失败：403 Client Error: Forbidden for url: https://www.zhihu.com/api/v4/search/top_search
2025-08-02 14:12:26,406 [ERROR] 没有获取到热搜数据，退出。
2025-08-02 14:12:26,758 [ERROR] 请求失败：401 Client Error: Authorization Required for url: https://www.zhihu.com/api/v3/feed/topstory/hot-lists/total?limit=50&desktop=true
2025-08-02 14:12:26,758 [ERROR] 没有获取到热榜数据，退出。
2025-08-02 15:13:06,253 [ERROR] 请求失败：403 Client Error: Forbidden for url: https://www.zhihu.com/api/v4/search/top_search
2025-08-02 15:13:06,253 [ERROR] 没有获取到热搜数据，退出。
2025-08-02 15:13:06,676 [ERROR] 请求失败：403 Client Error: Forbidden for url: https://www.zhihu.com/api/v3/feed/topstory/hot-lists/total?limit=50&desktop=true
2025-08-02 15:13:06,676 [ERROR] 没有获取到热榜数据，退出。
2025-08-02 16:15:31,177 [ERROR] 请求失败：403 Client Error: Forbidden for url: https://www.zhihu.com/api/v4/search/top_search
2025-08-02 16:15:31,177 [ERROR] 没有获取到热搜数据，退出。
2025-08-02 16:15:31,606 [ERROR] 请求失败：401 Client Error: Authorization Required for url: https://www.zhihu.com/api/v3/feed/topstory/hot-lists/total?limit=50&desktop=true
2025-08-02 16:15:31,606 [ERROR] 没有获取到热榜数据，退出。
2025-08-02 17:11:41,104 [ERROR] 请求失败：403 Client Error: Forbidden for url: https://www.zhihu.com/api/v4/search/top_search
2025-08-02 17:11:41,104 [ERROR] 没有获取到热搜数据，退出。
2025-08-02 17:11:41,518 [ERROR] 请求失败：401 Client Error: Authorization Required for url: https://www.zhihu.com/api/v3/feed/topstory/hot-lists/total?limit=50&desktop=true
2025-08-02 17:11:41,518 [ERROR] 没有获取到热榜数据，退出。
2025-08-02 18:18:40,148 [ERROR] 请求失败：403 Client Error: Forbidden for url: https://www.zhihu.com/api/v4/search/top_search
2025-08-02 18:18:40,148 [ERROR] 没有获取到热搜数据，退出。
2025-08-02 18:18:41,122 [ERROR] 请求失败：401 Client Error: Authorization Required for url: https://www.zhihu.com/api/v3/feed/topstory/hot-lists/total?limit=50&desktop=true
2025-08-02 18:18:41,122 [ERROR] 没有获取到热榜数据，退出。
