2025-05-05 01:05:11,446 [ERROR] 请求失败：403 Client Error: Forbidden for url: https://www.zhihu.com/api/v4/search/top_search
2025-05-05 01:05:11,446 [ERROR] 没有获取到热搜数据，退出。
2025-05-05 01:05:12,111 [INFO] 成功写入 30 条热榜到 hotquestion/2025_5_5/2025_5_5_1.txt
2025-05-05 03:08:05,224 [ERROR] 请求失败：403 Client Error: Forbidden for url: https://www.zhihu.com/api/v4/search/top_search
2025-05-05 03:08:05,224 [ERROR] 没有获取到热搜数据，退出。
2025-05-05 03:08:05,778 [INFO] 成功写入 30 条热榜到 hotquestion/2025_5_5/2025_5_5_3.txt
2025-05-05 04:17:04,510 [ERROR] 请求失败：403 Client Error: Forbidden for url: https://www.zhihu.com/api/v4/search/top_search
2025-05-05 04:17:04,510 [ERROR] 没有获取到热搜数据，退出。
2025-05-05 04:17:05,320 [INFO] 成功写入 30 条热榜到 hotquestion/2025_5_5/2025_5_5_4.txt
2025-05-05 05:13:52,367 [ERROR] 请求失败：403 Client Error: Forbidden for url: https://www.zhihu.com/api/v4/search/top_search
2025-05-05 05:13:52,367 [ERROR] 没有获取到热搜数据，退出。
2025-05-05 05:13:53,015 [INFO] 成功写入 30 条热榜到 hotquestion/2025_5_5/2025_5_5_5.txt
2025-05-05 06:19:29,408 [ERROR] 请求失败：403 Client Error: Forbidden for url: https://www.zhihu.com/api/v4/search/top_search
2025-05-05 06:19:29,408 [ERROR] 没有获取到热搜数据，退出。
2025-05-05 06:19:29,912 [INFO] 成功写入 30 条热榜到 hotquestion/2025_5_5/2025_5_5_6.txt
2025-05-05 07:13:26,729 [ERROR] 请求失败：403 Client Error: Forbidden for url: https://www.zhihu.com/api/v4/search/top_search
2025-05-05 07:13:26,729 [ERROR] 没有获取到热搜数据，退出。
2025-05-05 07:13:27,254 [INFO] 成功写入 30 条热榜到 hotquestion/2025_5_5/2025_5_5_7.txt
2025-05-05 08:18:21,869 [ERROR] 请求失败：403 Client Error: Forbidden for url: https://www.zhihu.com/api/v4/search/top_search
2025-05-05 08:18:21,869 [ERROR] 没有获取到热搜数据，退出。
2025-05-05 08:18:22,375 [INFO] 成功写入 30 条热榜到 hotquestion/2025_5_5/2025_5_5_8.txt
2025-05-05 09:14:04,410 [INFO] 成功写入 10 条热搜到 hotresearch/2025_5_5/2025_5_5_9.txt
2025-05-05 09:14:04,995 [INFO] 成功写入 30 条热榜到 hotquestion/2025_5_5/2025_5_5_9.txt
2025-05-05 10:14:17,752 [ERROR] 请求失败：403 Client Error: Forbidden for url: https://www.zhihu.com/api/v4/search/top_search
2025-05-05 10:14:17,752 [ERROR] 没有获取到热搜数据，退出。
2025-05-05 10:14:18,532 [ERROR] 请求失败：403 Client Error: Forbidden for url: https://www.zhihu.com/api/v3/feed/topstory/hot-lists/total?limit=50&desktop=true
2025-05-05 10:14:18,532 [ERROR] 没有获取到热榜数据，退出。
2025-05-05 11:11:06,966 [ERROR] 请求失败：403 Client Error: Forbidden for url: https://www.zhihu.com/api/v4/search/top_search
2025-05-05 11:11:06,966 [ERROR] 没有获取到热搜数据，退出。
2025-05-05 11:11:07,522 [ERROR] 请求失败：403 Client Error: Forbidden for url: https://www.zhihu.com/api/v3/feed/topstory/hot-lists/total?limit=50&desktop=true
2025-05-05 11:11:07,522 [ERROR] 没有获取到热榜数据，退出。
2025-05-05 12:25:18,079 [INFO] 成功写入 10 条热搜到 hotresearch/2025_5_5/2025_5_5_12.txt
2025-05-05 12:25:18,654 [ERROR] 请求失败：403 Client Error: Forbidden for url: https://www.zhihu.com/api/v3/feed/topstory/hot-lists/total?limit=50&desktop=true
2025-05-05 12:25:18,654 [ERROR] 没有获取到热榜数据，退出。
2025-05-05 13:24:23,200 [ERROR] 请求失败：403 Client Error: Forbidden for url: https://www.zhihu.com/api/v4/search/top_search
2025-05-05 13:24:23,200 [ERROR] 没有获取到热搜数据，退出。
2025-05-05 13:24:23,735 [INFO] 成功写入 30 条热榜到 hotquestion/2025_5_5/2025_5_5_13.txt
2025-05-05 14:13:04,893 [ERROR] 请求失败：403 Client Error: Forbidden for url: https://www.zhihu.com/api/v4/search/top_search
2025-05-05 14:13:04,893 [ERROR] 没有获取到热搜数据，退出。
2025-05-05 14:13:05,475 [INFO] 成功写入 30 条热榜到 hotquestion/2025_5_5/2025_5_5_14.txt
2025-05-05 15:13:26,353 [ERROR] 请求失败：403 Client Error: Forbidden for url: https://www.zhihu.com/api/v4/search/top_search
2025-05-05 15:13:26,353 [ERROR] 没有获取到热搜数据，退出。
2025-05-05 15:13:26,880 [ERROR] 请求失败：403 Client Error: Forbidden for url: https://www.zhihu.com/api/v3/feed/topstory/hot-lists/total?limit=50&desktop=true
2025-05-05 15:13:26,880 [ERROR] 没有获取到热榜数据，退出。
2025-05-05 16:16:41,866 [ERROR] 请求失败：403 Client Error: Forbidden for url: https://www.zhihu.com/api/v4/search/top_search
2025-05-05 16:16:41,866 [ERROR] 没有获取到热搜数据，退出。
2025-05-05 16:16:42,419 [INFO] 成功写入 30 条热榜到 hotquestion/2025_5_5/2025_5_5_16.txt
2025-05-05 17:11:28,372 [ERROR] 请求失败：403 Client Error: Forbidden for url: https://www.zhihu.com/api/v4/search/top_search
2025-05-05 17:11:28,372 [ERROR] 没有获取到热搜数据，退出。
2025-05-05 17:11:28,911 [INFO] 成功写入 30 条热榜到 hotquestion/2025_5_5/2025_5_5_17.txt
2025-05-05 18:14:17,754 [ERROR] 请求失败：403 Client Error: Forbidden for url: https://www.zhihu.com/api/v4/search/top_search
2025-05-05 18:14:17,754 [ERROR] 没有获取到热搜数据，退出。
2025-05-05 18:14:18,361 [INFO] 成功写入 30 条热榜到 hotquestion/2025_5_5/2025_5_5_18.txt
2025-05-05 19:09:09,023 [ERROR] 请求失败：403 Client Error: Forbidden for url: https://www.zhihu.com/api/v4/search/top_search
2025-05-05 19:09:09,023 [ERROR] 没有获取到热搜数据，退出。
2025-05-05 19:09:09,551 [INFO] 成功写入 30 条热榜到 hotquestion/2025_5_5/2025_5_5_19.txt
