2025-06-19 01:05:31,808 [ERROR] 请求失败：403 Client Error: Forbidden for url: https://www.zhihu.com/api/v4/search/top_search
2025-06-19 01:05:31,808 [ERROR] 没有获取到热搜数据，退出。
2025-06-19 01:05:32,286 [ERROR] 请求失败：401 Client Error: Authorization Required for url: https://www.zhihu.com/api/v3/feed/topstory/hot-lists/total?limit=50&desktop=true
2025-06-19 01:05:32,286 [ERROR] 没有获取到热榜数据，退出。
2025-06-19 03:13:05,243 [ERROR] 请求失败：403 Client Error: Forbidden for url: https://www.zhihu.com/api/v4/search/top_search
2025-06-19 03:13:05,244 [ERROR] 没有获取到热搜数据，退出。
2025-06-19 03:13:05,704 [ERROR] 请求失败：401 Client Error: Authorization Required for url: https://www.zhihu.com/api/v3/feed/topstory/hot-lists/total?limit=50&desktop=true
2025-06-19 03:13:05,704 [ERROR] 没有获取到热榜数据，退出。
2025-06-19 04:21:49,229 [ERROR] 请求失败：403 Client Error: Forbidden for url: https://www.zhihu.com/api/v4/search/top_search
2025-06-19 04:21:49,229 [ERROR] 没有获取到热搜数据，退出。
2025-06-19 04:21:49,759 [ERROR] 请求失败：403 Client Error: Forbidden for url: https://www.zhihu.com/api/v3/feed/topstory/hot-lists/total?limit=50&desktop=true
2025-06-19 04:21:49,759 [ERROR] 没有获取到热榜数据，退出。
2025-06-19 05:13:30,668 [ERROR] 请求失败：403 Client Error: Forbidden for url: https://www.zhihu.com/api/v4/search/top_search
2025-06-19 05:13:30,668 [ERROR] 没有获取到热搜数据，退出。
2025-06-19 05:13:31,181 [ERROR] 请求失败：401 Client Error: Authorization Required for url: https://www.zhihu.com/api/v3/feed/topstory/hot-lists/total?limit=50&desktop=true
2025-06-19 05:13:31,181 [ERROR] 没有获取到热榜数据，退出。
2025-06-19 06:19:45,954 [ERROR] 请求失败：403 Client Error: Forbidden for url: https://www.zhihu.com/api/v4/search/top_search
2025-06-19 06:19:45,954 [ERROR] 没有获取到热搜数据，退出。
2025-06-19 06:19:46,420 [ERROR] 请求失败：403 Client Error: Forbidden for url: https://www.zhihu.com/api/v3/feed/topstory/hot-lists/total?limit=50&desktop=true
2025-06-19 06:19:46,420 [ERROR] 没有获取到热榜数据，退出。
2025-06-19 07:13:06,049 [ERROR] 请求失败：403 Client Error: Forbidden for url: https://www.zhihu.com/api/v4/search/top_search
2025-06-19 07:13:06,049 [ERROR] 没有获取到热搜数据，退出。
2025-06-19 07:13:06,497 [ERROR] 请求失败：401 Client Error: Authorization Required for url: https://www.zhihu.com/api/v3/feed/topstory/hot-lists/total?limit=50&desktop=true
2025-06-19 07:13:06,497 [ERROR] 没有获取到热榜数据，退出。
2025-06-19 08:18:06,764 [ERROR] 请求失败：403 Client Error: Forbidden for url: https://www.zhihu.com/api/v4/search/top_search
2025-06-19 08:18:06,764 [ERROR] 没有获取到热搜数据，退出。
2025-06-19 08:18:07,225 [ERROR] 请求失败：401 Client Error: Authorization Required for url: https://www.zhihu.com/api/v3/feed/topstory/hot-lists/total?limit=50&desktop=true
2025-06-19 08:18:07,225 [ERROR] 没有获取到热榜数据，退出。
2025-06-19 09:14:28,141 [ERROR] 请求失败：403 Client Error: Forbidden for url: https://www.zhihu.com/api/v4/search/top_search
2025-06-19 09:14:28,141 [ERROR] 没有获取到热搜数据，退出。
2025-06-19 09:14:28,652 [ERROR] 请求失败：401 Client Error: Authorization Required for url: https://www.zhihu.com/api/v3/feed/topstory/hot-lists/total?limit=50&desktop=true
2025-06-19 09:14:28,653 [ERROR] 没有获取到热榜数据，退出。
2025-06-19 10:14:16,898 [INFO] 成功写入 10 条热搜到 hotresearch/2025_6_19/2025_6_19_10.txt
2025-06-19 10:14:17,483 [ERROR] 请求失败：403 Client Error: Forbidden for url: https://www.zhihu.com/api/v3/feed/topstory/hot-lists/total?limit=50&desktop=true
2025-06-19 10:14:17,483 [ERROR] 没有获取到热榜数据，退出。
2025-06-19 11:11:47,080 [ERROR] 请求失败：403 Client Error: Forbidden for url: https://www.zhihu.com/api/v4/search/top_search
2025-06-19 11:11:47,080 [ERROR] 没有获取到热搜数据，退出。
2025-06-19 11:11:47,592 [ERROR] 请求失败：401 Client Error: Authorization Required for url: https://www.zhihu.com/api/v3/feed/topstory/hot-lists/total?limit=50&desktop=true
2025-06-19 11:11:47,592 [ERROR] 没有获取到热榜数据，退出。
2025-06-19 12:26:41,610 [ERROR] 请求失败：403 Client Error: Forbidden for url: https://www.zhihu.com/api/v4/search/top_search
2025-06-19 12:26:41,610 [ERROR] 没有获取到热搜数据，退出。
2025-06-19 12:26:42,123 [ERROR] 请求失败：401 Client Error: Authorization Required for url: https://www.zhihu.com/api/v3/feed/topstory/hot-lists/total?limit=50&desktop=true
2025-06-19 12:26:42,124 [ERROR] 没有获取到热榜数据，退出。
2025-06-19 13:26:56,307 [ERROR] 请求失败：403 Client Error: Forbidden for url: https://www.zhihu.com/api/v4/search/top_search
2025-06-19 13:26:56,307 [ERROR] 没有获取到热搜数据，退出。
2025-06-19 13:26:56,665 [ERROR] 请求失败：401 Client Error: Authorization Required for url: https://www.zhihu.com/api/v3/feed/topstory/hot-lists/total?limit=50&desktop=true
2025-06-19 13:26:56,665 [ERROR] 没有获取到热榜数据，退出。
2025-06-19 14:13:03,282 [ERROR] 请求失败：403 Client Error: Forbidden for url: https://www.zhihu.com/api/v4/search/top_search
2025-06-19 14:13:03,282 [ERROR] 没有获取到热搜数据，退出。
2025-06-19 14:13:03,733 [ERROR] 请求失败：401 Client Error: Authorization Required for url: https://www.zhihu.com/api/v3/feed/topstory/hot-lists/total?limit=50&desktop=true
2025-06-19 14:13:03,733 [ERROR] 没有获取到热榜数据，退出。
2025-06-19 15:13:26,268 [ERROR] 请求失败：403 Client Error: Forbidden for url: https://www.zhihu.com/api/v4/search/top_search
2025-06-19 15:13:26,268 [ERROR] 没有获取到热搜数据，退出。
2025-06-19 15:13:26,748 [ERROR] 请求失败：403 Client Error: Forbidden for url: https://www.zhihu.com/api/v3/feed/topstory/hot-lists/total?limit=50&desktop=true
2025-06-19 15:13:26,748 [ERROR] 没有获取到热榜数据，退出。
