2025-07-07 01:10:25,846 [ERROR] 请求失败：403 Client Error: Forbidden for url: https://www.zhihu.com/api/v4/search/top_search
2025-07-07 01:10:25,846 [ERROR] 没有获取到热搜数据，退出。
2025-07-07 01:10:26,347 [ERROR] 请求失败：401 Client Error: Authorization Required for url: https://www.zhihu.com/api/v3/feed/topstory/hot-lists/total?limit=50&desktop=true
2025-07-07 01:10:26,347 [ERROR] 没有获取到热榜数据，退出。
2025-07-07 03:20:18,020 [ERROR] 请求失败：403 Client Error: Forbidden for url: https://www.zhihu.com/api/v4/search/top_search
2025-07-07 03:20:18,020 [ERROR] 没有获取到热搜数据，退出。
2025-07-07 03:20:18,479 [ERROR] 请求失败：403 Client Error: Forbidden for url: https://www.zhihu.com/api/v3/feed/topstory/hot-lists/total?limit=50&desktop=true
2025-07-07 03:20:18,479 [ERROR] 没有获取到热榜数据，退出。
2025-07-07 04:28:43,289 [ERROR] 请求失败：403 Client Error: Forbidden for url: https://www.zhihu.com/api/v4/search/top_search
2025-07-07 04:28:43,289 [ERROR] 没有获取到热搜数据，退出。
2025-07-07 04:28:43,745 [ERROR] 请求失败：403 Client Error: Forbidden for url: https://www.zhihu.com/api/v3/feed/topstory/hot-lists/total?limit=50&desktop=true
2025-07-07 04:28:43,745 [ERROR] 没有获取到热榜数据，退出。
2025-07-07 05:17:00,508 [ERROR] 请求失败：403 Client Error: Forbidden for url: https://www.zhihu.com/api/v4/search/top_search
2025-07-07 05:17:00,508 [ERROR] 没有获取到热搜数据，退出。
2025-07-07 05:17:01,011 [ERROR] 请求失败：403 Client Error: Forbidden for url: https://www.zhihu.com/api/v3/feed/topstory/hot-lists/total?limit=50&desktop=true
2025-07-07 05:17:01,011 [ERROR] 没有获取到热榜数据，退出。
2025-07-07 06:21:08,434 [ERROR] 请求失败：403 Client Error: Forbidden for url: https://www.zhihu.com/api/v4/search/top_search
2025-07-07 06:21:08,434 [ERROR] 没有获取到热搜数据，退出。
2025-07-07 06:21:08,944 [ERROR] 请求失败：401 Client Error: Authorization Required for url: https://www.zhihu.com/api/v3/feed/topstory/hot-lists/total?limit=50&desktop=true
2025-07-07 06:21:08,944 [ERROR] 没有获取到热榜数据，退出。
