2025-09-14 01:02:49,888 [INFO] 成功写入 10 条热搜到 hotresearch/2025_9_14/2025_9_14_1.txt
2025-09-14 01:02:50,367 [ERROR] 请求失败：401 Client Error: Authorization Required for url: https://www.zhihu.com/api/v3/feed/topstory/hot-lists/total?limit=50&desktop=true
2025-09-14 01:02:50,367 [ERROR] 没有获取到热榜数据，退出。
2025-09-14 02:57:16,427 [ERROR] 请求失败：403 Client Error: Forbidden for url: https://www.zhihu.com/api/v4/search/top_search
2025-09-14 02:57:16,427 [ERROR] 没有获取到热搜数据，退出。
2025-09-14 02:57:16,770 [ERROR] 请求失败：401 Client Error: Authorization Required for url: https://www.zhihu.com/api/v3/feed/topstory/hot-lists/total?limit=50&desktop=true
2025-09-14 02:57:16,770 [ERROR] 没有获取到热榜数据，退出。
2025-09-14 03:30:57,405 [ERROR] 请求失败：403 Client Error: Forbidden for url: https://www.zhihu.com/api/v4/search/top_search
2025-09-14 03:30:57,405 [ERROR] 没有获取到热搜数据，退出。
2025-09-14 03:30:57,804 [ERROR] 请求失败：401 Client Error: Authorization Required for url: https://www.zhihu.com/api/v3/feed/topstory/hot-lists/total?limit=50&desktop=true
2025-09-14 03:30:57,804 [ERROR] 没有获取到热榜数据，退出。
2025-09-14 04:14:24,447 [INFO] 成功写入 10 条热搜到 hotresearch/2025_9_14/2025_9_14_4.txt
2025-09-14 04:14:24,961 [ERROR] 请求失败：403 Client Error: Forbidden for url: https://www.zhihu.com/api/v3/feed/topstory/hot-lists/total?limit=50&desktop=true
2025-09-14 04:14:24,961 [ERROR] 没有获取到热榜数据，退出。
2025-09-14 05:11:06,451 [ERROR] 请求失败：403 Client Error: Forbidden for url: https://www.zhihu.com/api/v4/search/top_search
2025-09-14 05:11:06,451 [ERROR] 没有获取到热搜数据，退出。
2025-09-14 05:11:06,864 [ERROR] 请求失败：403 Client Error: Forbidden for url: https://www.zhihu.com/api/v3/feed/topstory/hot-lists/total?limit=50&desktop=true
2025-09-14 05:11:06,864 [ERROR] 没有获取到热榜数据，退出。
2025-09-14 06:16:28,642 [ERROR] 请求失败：403 Client Error: Forbidden for url: https://www.zhihu.com/api/v4/search/top_search
2025-09-14 06:16:28,642 [ERROR] 没有获取到热搜数据，退出。
2025-09-14 06:16:28,985 [ERROR] 请求失败：401 Client Error: Authorization Required for url: https://www.zhihu.com/api/v3/feed/topstory/hot-lists/total?limit=50&desktop=true
2025-09-14 06:16:28,985 [ERROR] 没有获取到热榜数据，退出。
2025-09-14 07:10:45,235 [ERROR] 请求失败：403 Client Error: Forbidden for url: https://www.zhihu.com/api/v4/search/top_search
2025-09-14 07:10:45,235 [ERROR] 没有获取到热搜数据，退出。
2025-09-14 07:10:45,698 [ERROR] 请求失败：401 Client Error: Authorization Required for url: https://www.zhihu.com/api/v3/feed/topstory/hot-lists/total?limit=50&desktop=true
2025-09-14 07:10:45,698 [ERROR] 没有获取到热榜数据，退出。
2025-09-14 08:14:12,468 [ERROR] 请求失败：403 Client Error: Forbidden for url: https://www.zhihu.com/api/v4/search/top_search
2025-09-14 08:14:12,468 [ERROR] 没有获取到热搜数据，退出。
2025-09-14 08:14:12,943 [ERROR] 请求失败：403 Client Error: Forbidden for url: https://www.zhihu.com/api/v3/feed/topstory/hot-lists/total?limit=50&desktop=true
2025-09-14 08:14:12,943 [ERROR] 没有获取到热榜数据，退出。
2025-09-14 09:10:44,799 [ERROR] 请求失败：403 Client Error: Forbidden for url: https://www.zhihu.com/api/v4/search/top_search
2025-09-14 09:10:44,799 [ERROR] 没有获取到热搜数据，退出。
2025-09-14 09:10:45,148 [ERROR] 请求失败：401 Client Error: Authorization Required for url: https://www.zhihu.com/api/v3/feed/topstory/hot-lists/total?limit=50&desktop=true
2025-09-14 09:10:45,148 [ERROR] 没有获取到热榜数据，退出。
2025-09-14 10:10:31,236 [ERROR] 请求失败：403 Client Error: Forbidden for url: https://www.zhihu.com/api/v4/search/top_search
2025-09-14 10:10:31,236 [ERROR] 没有获取到热搜数据，退出。
2025-09-14 10:10:31,637 [ERROR] 请求失败：401 Client Error: Authorization Required for url: https://www.zhihu.com/api/v3/feed/topstory/hot-lists/total?limit=50&desktop=true
2025-09-14 10:10:31,638 [ERROR] 没有获取到热榜数据，退出。
2025-09-14 11:08:47,425 [ERROR] 请求失败：403 Client Error: Forbidden for url: https://www.zhihu.com/api/v4/search/top_search
2025-09-14 11:08:47,425 [ERROR] 没有获取到热搜数据，退出。
2025-09-14 11:08:47,889 [ERROR] 请求失败：401 Client Error: Authorization Required for url: https://www.zhihu.com/api/v3/feed/topstory/hot-lists/total?limit=50&desktop=true
2025-09-14 11:08:47,889 [ERROR] 没有获取到热榜数据，退出。
2025-09-14 12:21:12,793 [ERROR] 请求失败：403 Client Error: Forbidden for url: https://www.zhihu.com/api/v4/search/top_search
2025-09-14 12:21:12,794 [ERROR] 没有获取到热搜数据，退出。
2025-09-14 12:21:13,251 [ERROR] 请求失败：401 Client Error: Authorization Required for url: https://www.zhihu.com/api/v3/feed/topstory/hot-lists/total?limit=50&desktop=true
2025-09-14 12:21:13,252 [ERROR] 没有获取到热榜数据，退出。
