2025-11-12 01:03:16,716 [INFO] 成功写入 10 条热搜到 hotresearch/2025_11_12/2025_11_12_1.txt
2025-11-12 01:03:17,239 [ERROR] 请求失败：401 Client Error: Authorization Required for url: https://www.zhihu.com/api/v3/feed/topstory/hot-lists/total?limit=50&desktop=true
2025-11-12 01:03:17,240 [ERROR] 没有获取到热榜数据，退出。
2025-11-12 03:06:38,751 [INFO] 成功写入 10 条热搜到 hotresearch/2025_11_12/2025_11_12_3.txt
2025-11-12 03:06:39,223 [ERROR] 请求失败：401 Client Error: Authorization Required for url: https://www.zhihu.com/api/v3/feed/topstory/hot-lists/total?limit=50&desktop=true
2025-11-12 03:06:39,223 [ERROR] 没有获取到热榜数据，退出。
2025-11-12 04:17:03,796 [ERROR] 请求失败：403 Client Error: Forbidden for url: https://www.zhihu.com/api/v4/search/top_search
2025-11-12 04:17:03,797 [ERROR] 没有获取到热搜数据，退出。
2025-11-12 04:17:04,305 [ERROR] 请求失败：401 Client Error: Authorization Required for url: https://www.zhihu.com/api/v3/feed/topstory/hot-lists/total?limit=50&desktop=true
2025-11-12 04:17:04,305 [ERROR] 没有获取到热榜数据，退出。
2025-11-12 05:14:12,229 [INFO] 成功写入 10 条热搜到 hotresearch/2025_11_12/2025_11_12_5.txt
2025-11-12 05:14:12,735 [ERROR] 请求失败：403 Client Error: Forbidden for url: https://www.zhihu.com/api/v3/feed/topstory/hot-lists/total?limit=50&desktop=true
2025-11-12 05:14:12,735 [ERROR] 没有获取到热榜数据，退出。
2025-11-12 06:20:45,422 [INFO] 成功写入 10 条热搜到 hotresearch/2025_11_12/2025_11_12_6.txt
2025-11-12 06:20:45,939 [ERROR] 请求失败：403 Client Error: Forbidden for url: https://www.zhihu.com/api/v3/feed/topstory/hot-lists/total?limit=50&desktop=true
2025-11-12 06:20:45,939 [ERROR] 没有获取到热榜数据，退出。
2025-11-12 07:13:20,639 [INFO] 成功写入 10 条热搜到 hotresearch/2025_11_12/2025_11_12_7.txt
2025-11-12 07:13:21,042 [ERROR] 请求失败：403 Client Error: Forbidden for url: https://www.zhihu.com/api/v3/feed/topstory/hot-lists/total?limit=50&desktop=true
2025-11-12 07:13:21,042 [ERROR] 没有获取到热榜数据，退出。
2025-11-12 08:19:02,613 [INFO] 成功写入 10 条热搜到 hotresearch/2025_11_12/2025_11_12_8.txt
2025-11-12 08:19:03,134 [ERROR] 请求失败：403 Client Error: Forbidden for url: https://www.zhihu.com/api/v3/feed/topstory/hot-lists/total?limit=50&desktop=true
2025-11-12 08:19:03,134 [ERROR] 没有获取到热榜数据，退出。
2025-11-12 09:15:24,024 [INFO] 成功写入 10 条热搜到 hotresearch/2025_11_12/2025_11_12_9.txt
2025-11-12 09:15:24,445 [ERROR] 请求失败：403 Client Error: Forbidden for url: https://www.zhihu.com/api/v3/feed/topstory/hot-lists/total?limit=50&desktop=true
2025-11-12 09:15:24,445 [ERROR] 没有获取到热榜数据，退出。
2025-11-12 10:15:06,800 [INFO] 成功写入 10 条热搜到 hotresearch/2025_11_12/2025_11_12_10.txt
2025-11-12 10:15:07,350 [ERROR] 请求失败：403 Client Error: Forbidden for url: https://www.zhihu.com/api/v3/feed/topstory/hot-lists/total?limit=50&desktop=true
2025-11-12 10:15:07,350 [ERROR] 没有获取到热榜数据，退出。
2025-11-12 11:11:43,024 [INFO] 成功写入 10 条热搜到 hotresearch/2025_11_12/2025_11_12_11.txt
2025-11-12 11:11:43,426 [ERROR] 请求失败：401 Client Error: Authorization Required for url: https://www.zhihu.com/api/v3/feed/topstory/hot-lists/total?limit=50&desktop=true
2025-11-12 11:11:43,426 [ERROR] 没有获取到热榜数据，退出。
2025-11-12 12:27:43,658 [INFO] 成功写入 10 条热搜到 hotresearch/2025_11_12/2025_11_12_12.txt
2025-11-12 12:27:44,149 [ERROR] 请求失败：401 Client Error: Authorization Required for url: https://www.zhihu.com/api/v3/feed/topstory/hot-lists/total?limit=50&desktop=true
2025-11-12 12:27:44,149 [ERROR] 没有获取到热榜数据，退出。
2025-11-12 13:27:59,325 [INFO] 成功写入 10 条热搜到 hotresearch/2025_11_12/2025_11_12_13.txt
2025-11-12 13:27:59,705 [ERROR] 请求失败：401 Client Error: Authorization Required for url: https://www.zhihu.com/api/v3/feed/topstory/hot-lists/total?limit=50&desktop=true
2025-11-12 13:27:59,705 [ERROR] 没有获取到热榜数据，退出。
2025-11-12 14:14:05,368 [INFO] 成功写入 10 条热搜到 hotresearch/2025_11_12/2025_11_12_14.txt
2025-11-12 14:14:05,917 [ERROR] 请求失败：403 Client Error: Forbidden for url: https://www.zhihu.com/api/v3/feed/topstory/hot-lists/total?limit=50&desktop=true
2025-11-12 14:14:05,917 [ERROR] 没有获取到热榜数据，退出。
2025-11-12 15:15:06,168 [INFO] 成功写入 10 条热搜到 hotresearch/2025_11_12/2025_11_12_15.txt
2025-11-12 15:15:06,664 [ERROR] 请求失败：401 Client Error: Authorization Required for url: https://www.zhihu.com/api/v3/feed/topstory/hot-lists/total?limit=50&desktop=true
2025-11-12 15:15:06,664 [ERROR] 没有获取到热榜数据，退出。
2025-11-12 16:18:08,548 [INFO] 成功写入 10 条热搜到 hotresearch/2025_11_12/2025_11_12_16.txt
2025-11-12 16:18:09,061 [ERROR] 请求失败：403 Client Error: Forbidden for url: https://www.zhihu.com/api/v3/feed/topstory/hot-lists/total?limit=50&desktop=true
2025-11-12 16:18:09,062 [ERROR] 没有获取到热榜数据，退出。
2025-11-12 17:13:16,833 [INFO] 成功写入 10 条热搜到 hotresearch/2025_11_12/2025_11_12_17.txt
2025-11-12 17:13:17,200 [ERROR] 请求失败：401 Client Error: Authorization Required for url: https://www.zhihu.com/api/v3/feed/topstory/hot-lists/total?limit=50&desktop=true
2025-11-12 17:13:17,200 [ERROR] 没有获取到热榜数据，退出。
2025-11-12 18:19:41,416 [INFO] 成功写入 10 条热搜到 hotresearch/2025_11_12/2025_11_12_18.txt
2025-11-12 18:19:41,980 [ERROR] 请求失败：401 Client Error: Authorization Required for url: https://www.zhihu.com/api/v3/feed/topstory/hot-lists/total?limit=50&desktop=true
2025-11-12 18:19:41,980 [ERROR] 没有获取到热榜数据，退出。
2025-11-12 19:10:57,528 [INFO] 成功写入 10 条热搜到 hotresearch/2025_11_12/2025_11_12_19.txt
2025-11-12 19:10:57,876 [ERROR] 请求失败：401 Client Error: Authorization Required for url: https://www.zhihu.com/api/v3/feed/topstory/hot-lists/total?limit=50&desktop=true
2025-11-12 19:10:57,876 [ERROR] 没有获取到热榜数据，退出。
2025-11-12 20:15:05,526 [INFO] 成功写入 10 条热搜到 hotresearch/2025_11_12/2025_11_12_20.txt
2025-11-12 20:15:06,109 [ERROR] 请求失败：401 Client Error: Authorization Required for url: https://www.zhihu.com/api/v3/feed/topstory/hot-lists/total?limit=50&desktop=true
2025-11-12 20:15:06,109 [ERROR] 没有获取到热榜数据，退出。
