2025-11-07 01:02:56,837 [INFO] 成功写入 10 条热搜到 hotresearch/2025_11_7/2025_11_7_1.txt
2025-11-07 01:02:57,367 [ERROR] 请求失败：403 Client Error: Forbidden for url: https://www.zhihu.com/api/v3/feed/topstory/hot-lists/total?limit=50&desktop=true
2025-11-07 01:02:57,367 [ERROR] 没有获取到热榜数据，退出。
2025-11-07 03:05:04,863 [INFO] 成功写入 10 条热搜到 hotresearch/2025_11_7/2025_11_7_3.txt
2025-11-07 03:05:05,366 [ERROR] 请求失败：401 Client Error: Authorization Required for url: https://www.zhihu.com/api/v3/feed/topstory/hot-lists/total?limit=50&desktop=true
2025-11-07 03:05:05,366 [ERROR] 没有获取到热榜数据，退出。
2025-11-07 04:15:35,608 [INFO] 成功写入 10 条热搜到 hotresearch/2025_11_7/2025_11_7_4.txt
2025-11-07 04:15:36,075 [ERROR] 请求失败：403 Client Error: Forbidden for url: https://www.zhihu.com/api/v3/feed/topstory/hot-lists/total?limit=50&desktop=true
2025-11-07 04:15:36,075 [ERROR] 没有获取到热榜数据，退出。
2025-11-07 05:13:29,387 [INFO] 成功写入 10 条热搜到 hotresearch/2025_11_7/2025_11_7_5.txt
2025-11-07 05:13:29,895 [ERROR] 请求失败：403 Client Error: Forbidden for url: https://www.zhihu.com/api/v3/feed/topstory/hot-lists/total?limit=50&desktop=true
2025-11-07 05:13:29,895 [ERROR] 没有获取到热榜数据，退出。
2025-11-07 06:20:25,226 [ERROR] 请求失败：403 Client Error: Forbidden for url: https://www.zhihu.com/api/v4/search/top_search
2025-11-07 06:20:25,226 [ERROR] 没有获取到热搜数据，退出。
2025-11-07 06:20:25,747 [ERROR] 请求失败：401 Client Error: Authorization Required for url: https://www.zhihu.com/api/v3/feed/topstory/hot-lists/total?limit=50&desktop=true
2025-11-07 06:20:25,747 [ERROR] 没有获取到热榜数据，退出。
2025-11-07 07:12:50,877 [INFO] 成功写入 10 条热搜到 hotresearch/2025_11_7/2025_11_7_7.txt
2025-11-07 07:12:51,373 [ERROR] 请求失败：403 Client Error: Forbidden for url: https://www.zhihu.com/api/v3/feed/topstory/hot-lists/total?limit=50&desktop=true
2025-11-07 07:12:51,374 [ERROR] 没有获取到热榜数据，退出。
2025-11-07 08:18:22,138 [INFO] 成功写入 10 条热搜到 hotresearch/2025_11_7/2025_11_7_8.txt
2025-11-07 08:18:22,627 [ERROR] 请求失败：401 Client Error: Authorization Required for url: https://www.zhihu.com/api/v3/feed/topstory/hot-lists/total?limit=50&desktop=true
2025-11-07 08:18:22,627 [ERROR] 没有获取到热榜数据，退出。
2025-11-07 09:13:47,561 [INFO] 成功写入 10 条热搜到 hotresearch/2025_11_7/2025_11_7_9.txt
2025-11-07 09:13:48,091 [ERROR] 请求失败：403 Client Error: Forbidden for url: https://www.zhihu.com/api/v3/feed/topstory/hot-lists/total?limit=50&desktop=true
2025-11-07 09:13:48,091 [ERROR] 没有获取到热榜数据，退出。
2025-11-07 10:14:45,907 [INFO] 成功写入 10 条热搜到 hotresearch/2025_11_7/2025_11_7_10.txt
2025-11-07 10:14:46,409 [ERROR] 请求失败：403 Client Error: Forbidden for url: https://www.zhihu.com/api/v3/feed/topstory/hot-lists/total?limit=50&desktop=true
2025-11-07 10:14:46,409 [ERROR] 没有获取到热榜数据，退出。
2025-11-07 11:11:06,113 [INFO] 成功写入 10 条热搜到 hotresearch/2025_11_7/2025_11_7_11.txt
2025-11-07 11:11:06,486 [ERROR] 请求失败：401 Client Error: Authorization Required for url: https://www.zhihu.com/api/v3/feed/topstory/hot-lists/total?limit=50&desktop=true
2025-11-07 11:11:06,486 [ERROR] 没有获取到热榜数据，退出。
2025-11-07 12:26:06,871 [INFO] 成功写入 10 条热搜到 hotresearch/2025_11_7/2025_11_7_12.txt
2025-11-07 12:26:07,366 [ERROR] 请求失败：401 Client Error: Authorization Required for url: https://www.zhihu.com/api/v3/feed/topstory/hot-lists/total?limit=50&desktop=true
2025-11-07 12:26:07,366 [ERROR] 没有获取到热榜数据，退出。
2025-11-07 13:23:19,888 [INFO] 成功写入 10 条热搜到 hotresearch/2025_11_7/2025_11_7_13.txt
2025-11-07 13:23:20,419 [ERROR] 请求失败：403 Client Error: Forbidden for url: https://www.zhihu.com/api/v3/feed/topstory/hot-lists/total?limit=50&desktop=true
2025-11-07 13:23:20,419 [ERROR] 没有获取到热榜数据，退出。
