2025-05-21 01:04:02,330 [ERROR] 请求失败：403 Client Error: Forbidden for url: https://www.zhihu.com/api/v4/search/top_search
2025-05-21 01:04:02,330 [ERROR] 没有获取到热搜数据，退出。
2025-05-21 01:04:02,796 [ERROR] 请求失败：401 Client Error: Authorization Required for url: https://www.zhihu.com/api/v3/feed/topstory/hot-lists/total?limit=50&desktop=true
2025-05-21 01:04:02,796 [ERROR] 没有获取到热榜数据，退出。
2025-05-21 03:07:17,621 [ERROR] 请求失败：403 Client Error: Forbidden for url: https://www.zhihu.com/api/v4/search/top_search
2025-05-21 03:07:17,621 [ERROR] 没有获取到热搜数据，退出。
2025-05-21 03:07:18,143 [ERROR] 请求失败：403 Client Error: Forbidden for url: https://www.zhihu.com/api/v3/feed/topstory/hot-lists/total?limit=50&desktop=true
2025-05-21 03:07:18,143 [ERROR] 没有获取到热榜数据，退出。
2025-05-21 04:17:08,350 [ERROR] 请求失败：403 Client Error: Forbidden for url: https://www.zhihu.com/api/v4/search/top_search
2025-05-21 04:17:08,350 [ERROR] 没有获取到热搜数据，退出。
2025-05-21 04:17:08,894 [ERROR] 请求失败：401 Client Error: Authorization Required for url: https://www.zhihu.com/api/v3/feed/topstory/hot-lists/total?limit=50&desktop=true
2025-05-21 04:17:08,894 [ERROR] 没有获取到热榜数据，退出。
2025-05-21 05:13:29,316 [ERROR] 请求失败：403 Client Error: Forbidden for url: https://www.zhihu.com/api/v4/search/top_search
2025-05-21 05:13:29,316 [ERROR] 没有获取到热搜数据，退出。
2025-05-21 05:13:29,882 [ERROR] 请求失败：403 Client Error: Forbidden for url: https://www.zhihu.com/api/v3/feed/topstory/hot-lists/total?limit=50&desktop=true
2025-05-21 05:13:29,882 [ERROR] 没有获取到热榜数据，退出。
2025-05-21 06:19:09,971 [ERROR] 请求失败：403 Client Error: Forbidden for url: https://www.zhihu.com/api/v4/search/top_search
2025-05-21 06:19:09,971 [ERROR] 没有获取到热搜数据，退出。
2025-05-21 06:19:10,536 [ERROR] 请求失败：403 Client Error: Forbidden for url: https://www.zhihu.com/api/v3/feed/topstory/hot-lists/total?limit=50&desktop=true
2025-05-21 06:19:10,536 [ERROR] 没有获取到热榜数据，退出。
2025-05-21 07:12:59,683 [ERROR] 请求失败：403 Client Error: Forbidden for url: https://www.zhihu.com/api/v4/search/top_search
2025-05-21 07:12:59,683 [ERROR] 没有获取到热搜数据，退出。
2025-05-21 07:13:00,285 [ERROR] 请求失败：403 Client Error: Forbidden for url: https://www.zhihu.com/api/v3/feed/topstory/hot-lists/total?limit=50&desktop=true
2025-05-21 07:13:00,285 [ERROR] 没有获取到热榜数据，退出。
2025-05-21 08:17:42,087 [ERROR] 请求失败：403 Client Error: Forbidden for url: https://www.zhihu.com/api/v4/search/top_search
2025-05-21 08:17:42,087 [ERROR] 没有获取到热搜数据，退出。
2025-05-21 08:17:42,541 [ERROR] 请求失败：401 Client Error: Authorization Required for url: https://www.zhihu.com/api/v3/feed/topstory/hot-lists/total?limit=50&desktop=true
2025-05-21 08:17:42,542 [ERROR] 没有获取到热榜数据，退出。
2025-05-21 09:14:04,623 [ERROR] 请求失败：403 Client Error: Forbidden for url: https://www.zhihu.com/api/v4/search/top_search
2025-05-21 09:14:04,623 [ERROR] 没有获取到热搜数据，退出。
2025-05-21 09:14:05,101 [ERROR] 请求失败：401 Client Error: Authorization Required for url: https://www.zhihu.com/api/v3/feed/topstory/hot-lists/total?limit=50&desktop=true
2025-05-21 09:14:05,101 [ERROR] 没有获取到热榜数据，退出。
2025-05-21 10:14:00,788 [ERROR] 请求失败：403 Client Error: Forbidden for url: https://www.zhihu.com/api/v4/search/top_search
2025-05-21 10:14:00,788 [ERROR] 没有获取到热搜数据，退出。
2025-05-21 10:14:01,242 [ERROR] 请求失败：401 Client Error: Authorization Required for url: https://www.zhihu.com/api/v3/feed/topstory/hot-lists/total?limit=50&desktop=true
2025-05-21 10:14:01,242 [ERROR] 没有获取到热榜数据，退出。
2025-05-21 11:11:11,005 [ERROR] 请求失败：403 Client Error: Forbidden for url: https://www.zhihu.com/api/v4/search/top_search
2025-05-21 11:11:11,005 [ERROR] 没有获取到热搜数据，退出。
2025-05-21 11:11:11,475 [ERROR] 请求失败：401 Client Error: Authorization Required for url: https://www.zhihu.com/api/v3/feed/topstory/hot-lists/total?limit=50&desktop=true
2025-05-21 11:11:11,475 [ERROR] 没有获取到热榜数据，退出。
2025-05-21 12:25:53,660 [ERROR] 请求失败：403 Client Error: Forbidden for url: https://www.zhihu.com/api/v4/search/top_search
2025-05-21 12:25:53,660 [ERROR] 没有获取到热搜数据，退出。
2025-05-21 12:25:54,170 [ERROR] 请求失败：401 Client Error: Authorization Required for url: https://www.zhihu.com/api/v3/feed/topstory/hot-lists/total?limit=50&desktop=true
2025-05-21 12:25:54,170 [ERROR] 没有获取到热榜数据，退出。
2025-05-21 13:26:14,337 [ERROR] 请求失败：403 Client Error: Forbidden for url: https://www.zhihu.com/api/v4/search/top_search
2025-05-21 13:26:14,337 [ERROR] 没有获取到热搜数据，退出。
2025-05-21 13:26:14,911 [ERROR] 请求失败：401 Client Error: Authorization Required for url: https://www.zhihu.com/api/v3/feed/topstory/hot-lists/total?limit=50&desktop=true
2025-05-21 13:26:14,911 [ERROR] 没有获取到热榜数据，退出。
2025-05-21 14:13:25,749 [ERROR] 请求失败：403 Client Error: Forbidden for url: https://www.zhihu.com/api/v4/search/top_search
2025-05-21 14:13:25,749 [ERROR] 没有获取到热搜数据，退出。
2025-05-21 14:13:26,232 [ERROR] 请求失败：401 Client Error: Authorization Required for url: https://www.zhihu.com/api/v3/feed/topstory/hot-lists/total?limit=50&desktop=true
2025-05-21 14:13:26,232 [ERROR] 没有获取到热榜数据，退出。
2025-05-21 15:14:21,396 [ERROR] 请求失败：403 Client Error: Forbidden for url: https://www.zhihu.com/api/v4/search/top_search
2025-05-21 15:14:21,396 [ERROR] 没有获取到热搜数据，退出。
2025-05-21 15:14:21,911 [ERROR] 请求失败：403 Client Error: Forbidden for url: https://www.zhihu.com/api/v3/feed/topstory/hot-lists/total?limit=50&desktop=true
2025-05-21 15:14:21,911 [ERROR] 没有获取到热榜数据，退出。
2025-05-21 16:16:22,774 [ERROR] 请求失败：403 Client Error: Forbidden for url: https://www.zhihu.com/api/v4/search/top_search
2025-05-21 16:16:22,774 [ERROR] 没有获取到热搜数据，退出。
2025-05-21 16:16:23,341 [ERROR] 请求失败：401 Client Error: Authorization Required for url: https://www.zhihu.com/api/v3/feed/topstory/hot-lists/total?limit=50&desktop=true
2025-05-21 16:16:23,341 [ERROR] 没有获取到热榜数据，退出。
2025-05-21 17:11:36,227 [ERROR] 请求失败：403 Client Error: Forbidden for url: https://www.zhihu.com/api/v4/search/top_search
2025-05-21 17:11:36,227 [ERROR] 没有获取到热搜数据，退出。
2025-05-21 17:11:36,789 [ERROR] 请求失败：403 Client Error: Forbidden for url: https://www.zhihu.com/api/v3/feed/topstory/hot-lists/total?limit=50&desktop=true
2025-05-21 17:11:36,789 [ERROR] 没有获取到热榜数据，退出。
2025-05-21 18:18:29,135 [ERROR] 请求失败：403 Client Error: Forbidden for url: https://www.zhihu.com/api/v4/search/top_search
2025-05-21 18:18:29,135 [ERROR] 没有获取到热搜数据，退出。
2025-05-21 18:18:29,624 [ERROR] 请求失败：401 Client Error: Authorization Required for url: https://www.zhihu.com/api/v3/feed/topstory/hot-lists/total?limit=50&desktop=true
2025-05-21 18:18:29,624 [ERROR] 没有获取到热榜数据，退出。
2025-05-21 19:10:13,254 [ERROR] 请求失败：403 Client Error: Forbidden for url: https://www.zhihu.com/api/v4/search/top_search
2025-05-21 19:10:13,255 [ERROR] 没有获取到热搜数据，退出。
2025-05-21 19:10:13,824 [ERROR] 请求失败：401 Client Error: Authorization Required for url: https://www.zhihu.com/api/v3/feed/topstory/hot-lists/total?limit=50&desktop=true
2025-05-21 19:10:13,824 [ERROR] 没有获取到热榜数据，退出。
2025-05-21 20:14:10,192 [ERROR] 请求失败：403 Client Error: Forbidden for url: https://www.zhihu.com/api/v4/search/top_search
2025-05-21 20:14:10,192 [ERROR] 没有获取到热搜数据，退出。
2025-05-21 20:14:10,676 [ERROR] 请求失败：401 Client Error: Authorization Required for url: https://www.zhihu.com/api/v3/feed/topstory/hot-lists/total?limit=50&desktop=true
2025-05-21 20:14:10,676 [ERROR] 没有获取到热榜数据，退出。
