2025-07-18 01:09:15,189 [ERROR] 请求失败：403 Client Error: Forbidden for url: https://www.zhihu.com/api/v4/search/top_search
2025-07-18 01:09:15,189 [ERROR] 没有获取到热搜数据，退出。
2025-07-18 01:09:15,688 [ERROR] 请求失败：403 Client Error: Forbidden for url: https://www.zhihu.com/api/v3/feed/topstory/hot-lists/total?limit=50&desktop=true
2025-07-18 01:09:15,688 [ERROR] 没有获取到热榜数据，退出。
2025-07-18 03:24:26,001 [ERROR] 请求失败：403 Client Error: Forbidden for url: https://www.zhihu.com/api/v4/search/top_search
2025-07-18 03:24:26,001 [ERROR] 没有获取到热搜数据，退出。
2025-07-18 03:24:26,528 [ERROR] 请求失败：403 Client Error: Forbidden for url: https://www.zhihu.com/api/v3/feed/topstory/hot-lists/total?limit=50&desktop=true
2025-07-18 03:24:26,528 [ERROR] 没有获取到热榜数据，退出。
2025-07-18 04:33:14,484 [INFO] 成功写入 10 条热搜到 hotresearch/2025_7_18/2025_7_18_4.txt
2025-07-18 04:33:14,842 [ERROR] 请求失败：401 Client Error: Authorization Required for url: https://www.zhihu.com/api/v3/feed/topstory/hot-lists/total?limit=50&desktop=true
2025-07-18 04:33:14,842 [ERROR] 没有获取到热榜数据，退出。
2025-07-18 05:20:07,267 [ERROR] 请求失败：403 Client Error: Forbidden for url: https://www.zhihu.com/api/v4/search/top_search
2025-07-18 05:20:07,267 [ERROR] 没有获取到热搜数据，退出。
2025-07-18 05:20:07,737 [ERROR] 请求失败：403 Client Error: Forbidden for url: https://www.zhihu.com/api/v3/feed/topstory/hot-lists/total?limit=50&desktop=true
2025-07-18 05:20:07,738 [ERROR] 没有获取到热榜数据，退出。
2025-07-18 06:21:03,706 [ERROR] 请求失败：403 Client Error: Forbidden for url: https://www.zhihu.com/api/v4/search/top_search
2025-07-18 06:21:03,706 [ERROR] 没有获取到热搜数据，退出。
2025-07-18 06:21:04,220 [ERROR] 请求失败：403 Client Error: Forbidden for url: https://www.zhihu.com/api/v3/feed/topstory/hot-lists/total?limit=50&desktop=true
2025-07-18 06:21:04,220 [ERROR] 没有获取到热榜数据，退出。
2025-07-18 07:17:39,898 [ERROR] 请求失败：403 Client Error: Forbidden for url: https://www.zhihu.com/api/v4/search/top_search
2025-07-18 07:17:39,898 [ERROR] 没有获取到热搜数据，退出。
2025-07-18 07:17:40,254 [ERROR] 请求失败：403 Client Error: Forbidden for url: https://www.zhihu.com/api/v3/feed/topstory/hot-lists/total?limit=50&desktop=true
2025-07-18 07:17:40,254 [ERROR] 没有获取到热榜数据，退出。
2025-07-18 08:19:04,683 [ERROR] 请求失败：403 Client Error: Forbidden for url: https://www.zhihu.com/api/v4/search/top_search
2025-07-18 08:19:04,683 [ERROR] 没有获取到热搜数据，退出。
2025-07-18 08:19:05,199 [ERROR] 请求失败：401 Client Error: Authorization Required for url: https://www.zhihu.com/api/v3/feed/topstory/hot-lists/total?limit=50&desktop=true
2025-07-18 08:19:05,199 [ERROR] 没有获取到热榜数据，退出。
2025-07-18 09:18:03,765 [ERROR] 请求失败：403 Client Error: Forbidden for url: https://www.zhihu.com/api/v4/search/top_search
2025-07-18 09:18:03,765 [ERROR] 没有获取到热搜数据，退出。
2025-07-18 09:18:04,268 [ERROR] 请求失败：403 Client Error: Forbidden for url: https://www.zhihu.com/api/v3/feed/topstory/hot-lists/total?limit=50&desktop=true
2025-07-18 09:18:04,268 [ERROR] 没有获取到热榜数据，退出。
2025-07-18 10:15:14,770 [ERROR] 请求失败：403 Client Error: Forbidden for url: https://www.zhihu.com/api/v4/search/top_search
2025-07-18 10:15:14,770 [ERROR] 没有获取到热搜数据，退出。
2025-07-18 10:15:15,124 [ERROR] 请求失败：401 Client Error: Authorization Required for url: https://www.zhihu.com/api/v3/feed/topstory/hot-lists/total?limit=50&desktop=true
2025-07-18 10:15:15,124 [ERROR] 没有获取到热榜数据，退出。
2025-07-18 11:11:48,849 [ERROR] 请求失败：403 Client Error: Forbidden for url: https://www.zhihu.com/api/v4/search/top_search
2025-07-18 11:11:48,849 [ERROR] 没有获取到热搜数据，退出。
2025-07-18 11:11:49,375 [ERROR] 请求失败：403 Client Error: Forbidden for url: https://www.zhihu.com/api/v3/feed/topstory/hot-lists/total?limit=50&desktop=true
2025-07-18 11:11:49,376 [ERROR] 没有获取到热榜数据，退出。
2025-07-18 12:28:04,752 [ERROR] 请求失败：403 Client Error: Forbidden for url: https://www.zhihu.com/api/v4/search/top_search
2025-07-18 12:28:04,752 [ERROR] 没有获取到热搜数据，退出。
2025-07-18 12:28:05,200 [ERROR] 请求失败：401 Client Error: Authorization Required for url: https://www.zhihu.com/api/v3/feed/topstory/hot-lists/total?limit=50&desktop=true
2025-07-18 12:28:05,200 [ERROR] 没有获取到热榜数据，退出。
2025-07-18 13:32:00,350 [ERROR] 请求失败：403 Client Error: Forbidden for url: https://www.zhihu.com/api/v4/search/top_search
2025-07-18 13:32:00,350 [ERROR] 没有获取到热搜数据，退出。
2025-07-18 13:32:00,864 [ERROR] 请求失败：401 Client Error: Authorization Required for url: https://www.zhihu.com/api/v3/feed/topstory/hot-lists/total?limit=50&desktop=true
2025-07-18 13:32:00,864 [ERROR] 没有获取到热榜数据，退出。
2025-07-18 14:13:57,242 [ERROR] 请求失败：403 Client Error: Forbidden for url: https://www.zhihu.com/api/v4/search/top_search
2025-07-18 14:13:57,242 [ERROR] 没有获取到热搜数据，退出。
2025-07-18 14:13:57,733 [ERROR] 请求失败：401 Client Error: Authorization Required for url: https://www.zhihu.com/api/v3/feed/topstory/hot-lists/total?limit=50&desktop=true
2025-07-18 14:13:57,733 [ERROR] 没有获取到热榜数据，退出。
2025-07-18 15:14:02,459 [ERROR] 请求失败：403 Client Error: Forbidden for url: https://www.zhihu.com/api/v4/search/top_search
2025-07-18 15:14:02,459 [ERROR] 没有获取到热搜数据，退出。
2025-07-18 15:14:02,924 [ERROR] 请求失败：401 Client Error: Authorization Required for url: https://www.zhihu.com/api/v3/feed/topstory/hot-lists/total?limit=50&desktop=true
2025-07-18 15:14:02,924 [ERROR] 没有获取到热榜数据，退出。
2025-07-18 16:18:34,101 [ERROR] 请求失败：403 Client Error: Forbidden for url: https://www.zhihu.com/api/v4/search/top_search
2025-07-18 16:18:34,101 [ERROR] 没有获取到热搜数据，退出。
2025-07-18 16:18:34,472 [ERROR] 请求失败：401 Client Error: Authorization Required for url: https://www.zhihu.com/api/v3/feed/topstory/hot-lists/total?limit=50&desktop=true
2025-07-18 16:18:34,472 [ERROR] 没有获取到热榜数据，退出。
2025-07-18 17:15:33,582 [ERROR] 请求失败：403 Client Error: Forbidden for url: https://www.zhihu.com/api/v4/search/top_search
2025-07-18 17:15:33,582 [ERROR] 没有获取到热搜数据，退出。
2025-07-18 17:15:34,025 [ERROR] 请求失败：403 Client Error: Forbidden for url: https://www.zhihu.com/api/v3/feed/topstory/hot-lists/total?limit=50&desktop=true
2025-07-18 17:15:34,025 [ERROR] 没有获取到热榜数据，退出。
2025-07-18 18:19:10,719 [ERROR] 请求失败：403 Client Error: Forbidden for url: https://www.zhihu.com/api/v4/search/top_search
2025-07-18 18:19:10,719 [ERROR] 没有获取到热搜数据，退出。
2025-07-18 18:19:11,188 [ERROR] 请求失败：401 Client Error: Authorization Required for url: https://www.zhihu.com/api/v3/feed/topstory/hot-lists/total?limit=50&desktop=true
2025-07-18 18:19:11,189 [ERROR] 没有获取到热榜数据，退出。
2025-07-18 19:11:47,685 [ERROR] 请求失败：403 Client Error: Forbidden for url: https://www.zhihu.com/api/v4/search/top_search
2025-07-18 19:11:47,685 [ERROR] 没有获取到热搜数据，退出。
2025-07-18 19:11:48,060 [ERROR] 请求失败：401 Client Error: Authorization Required for url: https://www.zhihu.com/api/v3/feed/topstory/hot-lists/total?limit=50&desktop=true
2025-07-18 19:11:48,060 [ERROR] 没有获取到热榜数据，退出。
2025-07-18 20:15:03,200 [ERROR] 请求失败：403 Client Error: Forbidden for url: https://www.zhihu.com/api/v4/search/top_search
2025-07-18 20:15:03,200 [ERROR] 没有获取到热搜数据，退出。
2025-07-18 20:15:03,674 [ERROR] 请求失败：401 Client Error: Authorization Required for url: https://www.zhihu.com/api/v3/feed/topstory/hot-lists/total?limit=50&desktop=true
2025-07-18 20:15:03,674 [ERROR] 没有获取到热榜数据，退出。
2025-07-18 21:12:59,126 [ERROR] 请求失败：403 Client Error: Forbidden for url: https://www.zhihu.com/api/v4/search/top_search
2025-07-18 21:12:59,126 [ERROR] 没有获取到热搜数据，退出。
2025-07-18 21:12:59,642 [ERROR] 请求失败：401 Client Error: Authorization Required for url: https://www.zhihu.com/api/v3/feed/topstory/hot-lists/total?limit=50&desktop=true
2025-07-18 21:12:59,642 [ERROR] 没有获取到热榜数据，退出。
2025-07-18 22:13:39,987 [ERROR] 请求失败：403 Client Error: Forbidden for url: https://www.zhihu.com/api/v4/search/top_search
2025-07-18 22:13:39,987 [ERROR] 没有获取到热搜数据，退出。
2025-07-18 22:13:40,463 [ERROR] 请求失败：401 Client Error: Authorization Required for url: https://www.zhihu.com/api/v3/feed/topstory/hot-lists/total?limit=50&desktop=true
2025-07-18 22:13:40,463 [ERROR] 没有获取到热榜数据，退出。
