2025-08-26 01:02:48,724 [INFO] 成功写入 10 条热搜到 hotresearch/2025_8_26/2025_8_26_1.txt
2025-08-26 01:02:49,077 [ERROR] 请求失败：401 Client Error: Authorization Required for url: https://www.zhihu.com/api/v3/feed/topstory/hot-lists/total?limit=50&desktop=true
2025-08-26 01:02:49,077 [ERROR] 没有获取到热榜数据，退出。
2025-08-26 03:04:29,161 [ERROR] 请求失败：403 Client Error: Forbidden for url: https://www.zhihu.com/api/v4/search/top_search
2025-08-26 03:04:29,161 [ERROR] 没有获取到热搜数据，退出。
2025-08-26 03:04:29,620 [ERROR] 请求失败：403 Client Error: Forbidden for url: https://www.zhihu.com/api/v3/feed/topstory/hot-lists/total?limit=50&desktop=true
2025-08-26 03:04:29,620 [ERROR] 没有获取到热榜数据，退出。
2025-08-26 04:16:14,046 [ERROR] 请求失败：403 Client Error: Forbidden for url: https://www.zhihu.com/api/v4/search/top_search
2025-08-26 04:16:14,046 [ERROR] 没有获取到热搜数据，退出。
2025-08-26 04:16:14,407 [ERROR] 请求失败：401 Client Error: Authorization Required for url: https://www.zhihu.com/api/v3/feed/topstory/hot-lists/total?limit=50&desktop=true
2025-08-26 04:16:14,407 [ERROR] 没有获取到热榜数据，退出。
2025-08-26 05:13:30,970 [ERROR] 请求失败：403 Client Error: Forbidden for url: https://www.zhihu.com/api/v4/search/top_search
2025-08-26 05:13:30,970 [ERROR] 没有获取到热搜数据，退出。
2025-08-26 05:13:31,420 [ERROR] 请求失败：401 Client Error: Authorization Required for url: https://www.zhihu.com/api/v3/feed/topstory/hot-lists/total?limit=50&desktop=true
2025-08-26 05:13:31,420 [ERROR] 没有获取到热榜数据，退出。
2025-08-26 06:20:06,987 [INFO] 成功写入 10 条热搜到 hotresearch/2025_8_26/2025_8_26_6.txt
2025-08-26 06:20:07,352 [ERROR] 请求失败：401 Client Error: Authorization Required for url: https://www.zhihu.com/api/v3/feed/topstory/hot-lists/total?limit=50&desktop=true
2025-08-26 06:20:07,352 [ERROR] 没有获取到热榜数据，退出。
2025-08-26 07:13:15,053 [ERROR] 请求失败：403 Client Error: Forbidden for url: https://www.zhihu.com/api/v4/search/top_search
2025-08-26 07:13:15,053 [ERROR] 没有获取到热搜数据，退出。
2025-08-26 07:13:15,481 [ERROR] 请求失败：401 Client Error: Authorization Required for url: https://www.zhihu.com/api/v3/feed/topstory/hot-lists/total?limit=50&desktop=true
2025-08-26 07:13:15,481 [ERROR] 没有获取到热榜数据，退出。
2025-08-26 08:18:57,084 [ERROR] 请求失败：403 Client Error: Forbidden for url: https://www.zhihu.com/api/v4/search/top_search
2025-08-26 08:18:57,084 [ERROR] 没有获取到热搜数据，退出。
2025-08-26 08:18:57,526 [ERROR] 请求失败：401 Client Error: Authorization Required for url: https://www.zhihu.com/api/v3/feed/topstory/hot-lists/total?limit=50&desktop=true
2025-08-26 08:18:57,526 [ERROR] 没有获取到热榜数据，退出。
2025-08-26 09:14:26,486 [ERROR] 请求失败：403 Client Error: Forbidden for url: https://www.zhihu.com/api/v4/search/top_search
2025-08-26 09:14:26,486 [ERROR] 没有获取到热搜数据，退出。
2025-08-26 09:14:27,327 [ERROR] 请求失败：403 Client Error: Forbidden for url: https://www.zhihu.com/api/v3/feed/topstory/hot-lists/total?limit=50&desktop=true
2025-08-26 09:14:27,327 [ERROR] 没有获取到热榜数据，退出。
2025-08-26 10:14:15,285 [ERROR] 请求失败：403 Client Error: Forbidden for url: https://www.zhihu.com/api/v4/search/top_search
2025-08-26 10:14:15,285 [ERROR] 没有获取到热搜数据，退出。
2025-08-26 10:14:15,729 [ERROR] 请求失败：401 Client Error: Authorization Required for url: https://www.zhihu.com/api/v3/feed/topstory/hot-lists/total?limit=50&desktop=true
2025-08-26 10:14:15,730 [ERROR] 没有获取到热榜数据，退出。
2025-08-26 11:12:00,899 [ERROR] 请求失败：403 Client Error: Forbidden for url: https://www.zhihu.com/api/v4/search/top_search
2025-08-26 11:12:00,899 [ERROR] 没有获取到热搜数据，退出。
2025-08-26 11:12:01,468 [ERROR] 请求失败：403 Client Error: Forbidden for url: https://www.zhihu.com/api/v3/feed/topstory/hot-lists/total?limit=50&desktop=true
2025-08-26 11:12:01,468 [ERROR] 没有获取到热榜数据，退出。
2025-08-26 12:27:43,464 [ERROR] 请求失败：403 Client Error: Forbidden for url: https://www.zhihu.com/api/v4/search/top_search
2025-08-26 12:27:43,464 [ERROR] 没有获取到热搜数据，退出。
2025-08-26 12:27:43,876 [ERROR] 请求失败：403 Client Error: Forbidden for url: https://www.zhihu.com/api/v3/feed/topstory/hot-lists/total?limit=50&desktop=true
2025-08-26 12:27:43,876 [ERROR] 没有获取到热榜数据，退出。
2025-08-26 13:27:22,824 [ERROR] 请求失败：403 Client Error: Forbidden for url: https://www.zhihu.com/api/v4/search/top_search
2025-08-26 13:27:22,824 [ERROR] 没有获取到热搜数据，退出。
2025-08-26 13:27:23,313 [ERROR] 请求失败：401 Client Error: Authorization Required for url: https://www.zhihu.com/api/v3/feed/topstory/hot-lists/total?limit=50&desktop=true
2025-08-26 13:27:23,313 [ERROR] 没有获取到热榜数据，退出。
2025-08-26 14:12:29,340 [ERROR] 请求失败：403 Client Error: Forbidden for url: https://www.zhihu.com/api/v4/search/top_search
2025-08-26 14:12:29,340 [ERROR] 没有获取到热搜数据，退出。
2025-08-26 14:12:29,706 [ERROR] 请求失败：403 Client Error: Forbidden for url: https://www.zhihu.com/api/v3/feed/topstory/hot-lists/total?limit=50&desktop=true
2025-08-26 14:12:29,706 [ERROR] 没有获取到热榜数据，退出。
2025-08-26 15:13:17,229 [ERROR] 请求失败：403 Client Error: Forbidden for url: https://www.zhihu.com/api/v4/search/top_search
2025-08-26 15:13:17,229 [ERROR] 没有获取到热搜数据，退出。
2025-08-26 15:13:18,239 [ERROR] 请求失败：403 Client Error: Forbidden for url: https://www.zhihu.com/api/v3/feed/topstory/hot-lists/total?limit=50&desktop=true
2025-08-26 15:13:18,239 [ERROR] 没有获取到热榜数据，退出。
2025-08-26 16:15:18,698 [ERROR] 请求失败：403 Client Error: Forbidden for url: https://www.zhihu.com/api/v4/search/top_search
2025-08-26 16:15:18,698 [ERROR] 没有获取到热搜数据，退出。
2025-08-26 16:15:19,783 [ERROR] 请求失败：403 Client Error: Forbidden for url: https://www.zhihu.com/api/v3/feed/topstory/hot-lists/total?limit=50&desktop=true
2025-08-26 16:15:19,783 [ERROR] 没有获取到热榜数据，退出。
2025-08-26 17:11:23,263 [ERROR] 请求失败：403 Client Error: Forbidden for url: https://www.zhihu.com/api/v4/search/top_search
2025-08-26 17:11:23,263 [ERROR] 没有获取到热搜数据，退出。
2025-08-26 17:11:23,627 [ERROR] 请求失败：401 Client Error: Authorization Required for url: https://www.zhihu.com/api/v3/feed/topstory/hot-lists/total?limit=50&desktop=true
2025-08-26 17:11:23,628 [ERROR] 没有获取到热榜数据，退出。
2025-08-26 18:17:42,462 [ERROR] 请求失败：403 Client Error: Forbidden for url: https://www.zhihu.com/api/v4/search/top_search
2025-08-26 18:17:42,462 [ERROR] 没有获取到热搜数据，退出。
2025-08-26 18:17:42,979 [ERROR] 请求失败：401 Client Error: Authorization Required for url: https://www.zhihu.com/api/v3/feed/topstory/hot-lists/total?limit=50&desktop=true
2025-08-26 18:17:42,979 [ERROR] 没有获取到热榜数据，退出。
2025-08-26 19:09:49,032 [ERROR] 请求失败：403 Client Error: Forbidden for url: https://www.zhihu.com/api/v4/search/top_search
2025-08-26 19:09:49,033 [ERROR] 没有获取到热搜数据，退出。
2025-08-26 19:09:49,375 [ERROR] 请求失败：401 Client Error: Authorization Required for url: https://www.zhihu.com/api/v3/feed/topstory/hot-lists/total?limit=50&desktop=true
2025-08-26 19:09:49,375 [ERROR] 没有获取到热榜数据，退出。
