2025-05-19 01:06:29,855 [ERROR] 请求失败：403 Client Error: Forbidden for url: https://www.zhihu.com/api/v4/search/top_search
2025-05-19 01:06:29,855 [ERROR] 没有获取到热搜数据，退出。
2025-05-19 01:06:30,429 [ERROR] 请求失败：403 Client Error: Forbidden for url: https://www.zhihu.com/api/v3/feed/topstory/hot-lists/total?limit=50&desktop=true
2025-05-19 01:06:30,429 [ERROR] 没有获取到热榜数据，退出。
2025-05-19 03:13:25,212 [ERROR] 请求失败：403 Client Error: Forbidden for url: https://www.zhihu.com/api/v4/search/top_search
2025-05-19 03:13:25,212 [ERROR] 没有获取到热搜数据，退出。
2025-05-19 03:13:25,824 [ERROR] 请求失败：403 Client Error: Forbidden for url: https://www.zhihu.com/api/v3/feed/topstory/hot-lists/total?limit=50&desktop=true
2025-05-19 03:13:25,824 [ERROR] 没有获取到热榜数据，退出。
2025-05-19 04:21:09,952 [ERROR] 请求失败：403 Client Error: Forbidden for url: https://www.zhihu.com/api/v4/search/top_search
2025-05-19 04:21:09,952 [ERROR] 没有获取到热搜数据，退出。
2025-05-19 04:21:10,424 [ERROR] 请求失败：401 Client Error: Authorization Required for url: https://www.zhihu.com/api/v3/feed/topstory/hot-lists/total?limit=50&desktop=true
2025-05-19 04:21:10,424 [ERROR] 没有获取到热榜数据，退出。
2025-05-19 05:13:28,814 [ERROR] 请求失败：403 Client Error: Forbidden for url: https://www.zhihu.com/api/v4/search/top_search
2025-05-19 05:13:28,814 [ERROR] 没有获取到热搜数据，退出。
2025-05-19 05:13:29,293 [ERROR] 请求失败：401 Client Error: Authorization Required for url: https://www.zhihu.com/api/v3/feed/topstory/hot-lists/total?limit=50&desktop=true
2025-05-19 05:13:29,293 [ERROR] 没有获取到热榜数据，退出。
2025-05-19 06:19:45,376 [ERROR] 请求失败：403 Client Error: Forbidden for url: https://www.zhihu.com/api/v4/search/top_search
2025-05-19 06:19:45,376 [ERROR] 没有获取到热搜数据，退出。
2025-05-19 06:19:45,959 [ERROR] 请求失败：401 Client Error: Authorization Required for url: https://www.zhihu.com/api/v3/feed/topstory/hot-lists/total?limit=50&desktop=true
2025-05-19 06:19:45,960 [ERROR] 没有获取到热榜数据，退出。
2025-05-19 07:13:35,283 [ERROR] 请求失败：403 Client Error: Forbidden for url: https://www.zhihu.com/api/v4/search/top_search
2025-05-19 07:13:35,283 [ERROR] 没有获取到热搜数据，退出。
2025-05-19 07:13:35,884 [ERROR] 请求失败：403 Client Error: Forbidden for url: https://www.zhihu.com/api/v3/feed/topstory/hot-lists/total?limit=50&desktop=true
2025-05-19 07:13:35,884 [ERROR] 没有获取到热榜数据，退出。
2025-05-19 08:19:22,678 [ERROR] 请求失败：403 Client Error: Forbidden for url: https://www.zhihu.com/api/v4/search/top_search
2025-05-19 08:19:22,679 [ERROR] 没有获取到热搜数据，退出。
2025-05-19 08:19:23,158 [ERROR] 请求失败：401 Client Error: Authorization Required for url: https://www.zhihu.com/api/v3/feed/topstory/hot-lists/total?limit=50&desktop=true
2025-05-19 08:19:23,159 [ERROR] 没有获取到热榜数据，退出。
2025-05-19 09:15:03,996 [ERROR] 请求失败：403 Client Error: Forbidden for url: https://www.zhihu.com/api/v4/search/top_search
2025-05-19 09:15:03,996 [ERROR] 没有获取到热搜数据，退出。
2025-05-19 09:15:04,466 [ERROR] 请求失败：403 Client Error: Forbidden for url: https://www.zhihu.com/api/v3/feed/topstory/hot-lists/total?limit=50&desktop=true
2025-05-19 09:15:04,466 [ERROR] 没有获取到热榜数据，退出。
2025-05-19 10:14:41,518 [ERROR] 请求失败：403 Client Error: Forbidden for url: https://www.zhihu.com/api/v4/search/top_search
2025-05-19 10:14:41,518 [ERROR] 没有获取到热搜数据，退出。
2025-05-19 10:14:41,988 [ERROR] 请求失败：403 Client Error: Forbidden for url: https://www.zhihu.com/api/v3/feed/topstory/hot-lists/total?limit=50&desktop=true
2025-05-19 10:14:41,988 [ERROR] 没有获取到热榜数据，退出。
2025-05-19 11:11:22,572 [ERROR] 请求失败：403 Client Error: Forbidden for url: https://www.zhihu.com/api/v4/search/top_search
2025-05-19 11:11:22,572 [ERROR] 没有获取到热搜数据，退出。
2025-05-19 11:11:23,033 [ERROR] 请求失败：401 Client Error: Authorization Required for url: https://www.zhihu.com/api/v3/feed/topstory/hot-lists/total?limit=50&desktop=true
2025-05-19 11:11:23,033 [ERROR] 没有获取到热榜数据，退出。
2025-05-19 12:26:35,221 [ERROR] 请求失败：403 Client Error: Forbidden for url: https://www.zhihu.com/api/v4/search/top_search
2025-05-19 12:26:35,221 [ERROR] 没有获取到热搜数据，退出。
2025-05-19 12:26:35,794 [ERROR] 请求失败：403 Client Error: Forbidden for url: https://www.zhihu.com/api/v3/feed/topstory/hot-lists/total?limit=50&desktop=true
2025-05-19 12:26:35,794 [ERROR] 没有获取到热榜数据，退出。
2025-05-19 13:27:04,983 [ERROR] 请求失败：403 Client Error: Forbidden for url: https://www.zhihu.com/api/v4/search/top_search
2025-05-19 13:27:04,983 [ERROR] 没有获取到热搜数据，退出。
2025-05-19 13:27:05,541 [ERROR] 请求失败：401 Client Error: Authorization Required for url: https://www.zhihu.com/api/v3/feed/topstory/hot-lists/total?limit=50&desktop=true
2025-05-19 13:27:05,541 [ERROR] 没有获取到热榜数据，退出。
2025-05-19 14:13:04,861 [ERROR] 请求失败：403 Client Error: Forbidden for url: https://www.zhihu.com/api/v4/search/top_search
2025-05-19 14:13:04,861 [ERROR] 没有获取到热搜数据，退出。
2025-05-19 14:13:05,350 [ERROR] 请求失败：401 Client Error: Authorization Required for url: https://www.zhihu.com/api/v3/feed/topstory/hot-lists/total?limit=50&desktop=true
2025-05-19 14:13:05,350 [ERROR] 没有获取到热榜数据，退出。
2025-05-19 15:14:10,038 [ERROR] 请求失败：403 Client Error: Forbidden for url: https://www.zhihu.com/api/v4/search/top_search
2025-05-19 15:14:10,038 [ERROR] 没有获取到热搜数据，退出。
2025-05-19 15:14:10,522 [ERROR] 请求失败：403 Client Error: Forbidden for url: https://www.zhihu.com/api/v3/feed/topstory/hot-lists/total?limit=50&desktop=true
2025-05-19 15:14:10,522 [ERROR] 没有获取到热榜数据，退出。
2025-05-19 16:16:07,700 [ERROR] 请求失败：403 Client Error: Forbidden for url: https://www.zhihu.com/api/v4/search/top_search
2025-05-19 16:16:07,700 [ERROR] 没有获取到热搜数据，退出。
2025-05-19 16:16:08,317 [ERROR] 请求失败：401 Client Error: Authorization Required for url: https://www.zhihu.com/api/v3/feed/topstory/hot-lists/total?limit=50&desktop=true
2025-05-19 16:16:08,317 [ERROR] 没有获取到热榜数据，退出。
2025-05-19 17:11:39,377 [ERROR] 请求失败：403 Client Error: Forbidden for url: https://www.zhihu.com/api/v4/search/top_search
2025-05-19 17:11:39,377 [ERROR] 没有获取到热搜数据，退出。
2025-05-19 17:11:39,846 [ERROR] 请求失败：401 Client Error: Authorization Required for url: https://www.zhihu.com/api/v3/feed/topstory/hot-lists/total?limit=50&desktop=true
2025-05-19 17:11:39,846 [ERROR] 没有获取到热榜数据，退出。
2025-05-19 18:18:22,473 [INFO] 成功写入 10 条热搜到 hotresearch/2025_5_19/2025_5_19_18.txt
2025-05-19 18:18:22,963 [ERROR] 请求失败：401 Client Error: Authorization Required for url: https://www.zhihu.com/api/v3/feed/topstory/hot-lists/total?limit=50&desktop=true
2025-05-19 18:18:22,963 [ERROR] 没有获取到热榜数据，退出。
2025-05-19 19:10:05,979 [ERROR] 请求失败：403 Client Error: Forbidden for url: https://www.zhihu.com/api/v4/search/top_search
2025-05-19 19:10:05,980 [ERROR] 没有获取到热搜数据，退出。
2025-05-19 19:10:06,566 [ERROR] 请求失败：401 Client Error: Authorization Required for url: https://www.zhihu.com/api/v3/feed/topstory/hot-lists/total?limit=50&desktop=true
2025-05-19 19:10:06,566 [ERROR] 没有获取到热榜数据，退出。
