2025-09-15 01:02:49,600 [ERROR] 请求失败：403 Client Error: Forbidden for url: https://www.zhihu.com/api/v4/search/top_search
2025-09-15 01:02:49,600 [ERROR] 没有获取到热搜数据，退出。
2025-09-15 01:02:50,051 [ERROR] 请求失败：401 Client Error: Authorization Required for url: https://www.zhihu.com/api/v3/feed/topstory/hot-lists/total?limit=50&desktop=true
2025-09-15 01:02:50,051 [ERROR] 没有获取到热榜数据，退出。
2025-09-15 03:02:24,184 [ERROR] 请求失败：403 Client Error: Forbidden for url: https://www.zhihu.com/api/v4/search/top_search
2025-09-15 03:02:24,185 [ERROR] 没有获取到热搜数据，退出。
2025-09-15 03:02:24,904 [ERROR] 请求失败：403 Client Error: Forbidden for url: https://www.zhihu.com/api/v3/feed/topstory/hot-lists/total?limit=50&desktop=true
2025-09-15 03:02:24,904 [ERROR] 没有获取到热榜数据，退出。
2025-09-15 04:15:34,238 [ERROR] 请求失败：403 Client Error: Forbidden for url: https://www.zhihu.com/api/v4/search/top_search
2025-09-15 04:15:34,239 [ERROR] 没有获取到热搜数据，退出。
2025-09-15 04:15:34,663 [ERROR] 请求失败：403 Client Error: Forbidden for url: https://www.zhihu.com/api/v3/feed/topstory/hot-lists/total?limit=50&desktop=true
2025-09-15 04:15:34,663 [ERROR] 没有获取到热榜数据，退出。
2025-09-15 05:13:19,667 [INFO] 成功写入 10 条热搜到 hotresearch/2025_9_15/2025_9_15_5.txt
2025-09-15 05:13:20,120 [ERROR] 请求失败：403 Client Error: Forbidden for url: https://www.zhihu.com/api/v3/feed/topstory/hot-lists/total?limit=50&desktop=true
2025-09-15 05:13:20,120 [ERROR] 没有获取到热榜数据，退出。
2025-09-15 06:20:05,651 [ERROR] 请求失败：403 Client Error: Forbidden for url: https://www.zhihu.com/api/v4/search/top_search
2025-09-15 06:20:05,651 [ERROR] 没有获取到热搜数据，退出。
2025-09-15 06:20:06,578 [ERROR] 请求失败：403 Client Error: Forbidden for url: https://www.zhihu.com/api/v3/feed/topstory/hot-lists/total?limit=50&desktop=true
2025-09-15 06:20:06,578 [ERROR] 没有获取到热榜数据，退出。
2025-09-15 07:13:10,528 [ERROR] 请求失败：403 Client Error: Forbidden for url: https://www.zhihu.com/api/v4/search/top_search
2025-09-15 07:13:10,528 [ERROR] 没有获取到热搜数据，退出。
2025-09-15 07:13:11,039 [ERROR] 请求失败：403 Client Error: Forbidden for url: https://www.zhihu.com/api/v3/feed/topstory/hot-lists/total?limit=50&desktop=true
2025-09-15 07:13:11,039 [ERROR] 没有获取到热榜数据，退出。
2025-09-15 08:17:37,951 [ERROR] 请求失败：403 Client Error: Forbidden for url: https://www.zhihu.com/api/v4/search/top_search
2025-09-15 08:17:37,952 [ERROR] 没有获取到热搜数据，退出。
2025-09-15 08:17:38,761 [ERROR] 请求失败：403 Client Error: Forbidden for url: https://www.zhihu.com/api/v3/feed/topstory/hot-lists/total?limit=50&desktop=true
2025-09-15 08:17:38,761 [ERROR] 没有获取到热榜数据，退出。
2025-09-15 09:14:45,246 [ERROR] 请求失败：403 Client Error: Forbidden for url: https://www.zhihu.com/api/v4/search/top_search
2025-09-15 09:14:45,246 [ERROR] 没有获取到热搜数据，退出。
2025-09-15 09:14:45,665 [ERROR] 请求失败：401 Client Error: Authorization Required for url: https://www.zhihu.com/api/v3/feed/topstory/hot-lists/total?limit=50&desktop=true
2025-09-15 09:14:45,665 [ERROR] 没有获取到热榜数据，退出。
2025-09-15 10:13:50,882 [ERROR] 请求失败：403 Client Error: Forbidden for url: https://www.zhihu.com/api/v4/search/top_search
2025-09-15 10:13:50,882 [ERROR] 没有获取到热搜数据，退出。
2025-09-15 10:13:51,326 [ERROR] 请求失败：403 Client Error: Forbidden for url: https://www.zhihu.com/api/v3/feed/topstory/hot-lists/total?limit=50&desktop=true
2025-09-15 10:13:51,326 [ERROR] 没有获取到热榜数据，退出。
2025-09-15 11:10:36,333 [ERROR] 请求失败：403 Client Error: Forbidden for url: https://www.zhihu.com/api/v4/search/top_search
2025-09-15 11:10:36,333 [ERROR] 没有获取到热搜数据，退出。
2025-09-15 11:10:36,709 [ERROR] 请求失败：401 Client Error: Authorization Required for url: https://www.zhihu.com/api/v3/feed/topstory/hot-lists/total?limit=50&desktop=true
2025-09-15 11:10:36,709 [ERROR] 没有获取到热榜数据，退出。
2025-09-15 12:25:42,879 [ERROR] 请求失败：403 Client Error: Forbidden for url: https://www.zhihu.com/api/v4/search/top_search
2025-09-15 12:25:42,879 [ERROR] 没有获取到热搜数据，退出。
2025-09-15 12:25:43,235 [ERROR] 请求失败：401 Client Error: Authorization Required for url: https://www.zhihu.com/api/v3/feed/topstory/hot-lists/total?limit=50&desktop=true
2025-09-15 12:25:43,235 [ERROR] 没有获取到热榜数据，退出。
2025-09-15 13:22:10,550 [ERROR] 请求失败：403 Client Error: Forbidden for url: https://www.zhihu.com/api/v4/search/top_search
2025-09-15 13:22:10,550 [ERROR] 没有获取到热搜数据，退出。
2025-09-15 13:22:11,133 [ERROR] 请求失败：403 Client Error: Forbidden for url: https://www.zhihu.com/api/v3/feed/topstory/hot-lists/total?limit=50&desktop=true
2025-09-15 13:22:11,133 [ERROR] 没有获取到热榜数据，退出。
2025-09-15 14:12:59,182 [ERROR] 请求失败：403 Client Error: Forbidden for url: https://www.zhihu.com/api/v4/search/top_search
2025-09-15 14:12:59,182 [ERROR] 没有获取到热搜数据，退出。
2025-09-15 14:12:59,628 [ERROR] 请求失败：403 Client Error: Forbidden for url: https://www.zhihu.com/api/v3/feed/topstory/hot-lists/total?limit=50&desktop=true
2025-09-15 14:12:59,628 [ERROR] 没有获取到热榜数据，退出。
2025-09-15 15:13:51,760 [ERROR] 请求失败：403 Client Error: Forbidden for url: https://www.zhihu.com/api/v4/search/top_search
2025-09-15 15:13:51,760 [ERROR] 没有获取到热搜数据，退出。
2025-09-15 15:13:52,109 [ERROR] 请求失败：401 Client Error: Authorization Required for url: https://www.zhihu.com/api/v3/feed/topstory/hot-lists/total?limit=50&desktop=true
2025-09-15 15:13:52,110 [ERROR] 没有获取到热榜数据，退出。
2025-09-15 16:15:23,827 [ERROR] 请求失败：403 Client Error: Forbidden for url: https://www.zhihu.com/api/v4/search/top_search
2025-09-15 16:15:23,827 [ERROR] 没有获取到热搜数据，退出。
2025-09-15 16:15:24,255 [ERROR] 请求失败：401 Client Error: Authorization Required for url: https://www.zhihu.com/api/v3/feed/topstory/hot-lists/total?limit=50&desktop=true
2025-09-15 16:15:24,255 [ERROR] 没有获取到热榜数据，退出。
2025-09-15 17:10:43,195 [ERROR] 请求失败：403 Client Error: Forbidden for url: https://www.zhihu.com/api/v4/search/top_search
2025-09-15 17:10:43,195 [ERROR] 没有获取到热搜数据，退出。
2025-09-15 17:10:43,535 [ERROR] 请求失败：401 Client Error: Authorization Required for url: https://www.zhihu.com/api/v3/feed/topstory/hot-lists/total?limit=50&desktop=true
2025-09-15 17:10:43,535 [ERROR] 没有获取到热榜数据，退出。
