2025-06-17 01:05:28,201 [ERROR] 请求失败：403 Client Error: Forbidden for url: https://www.zhihu.com/api/v4/search/top_search
2025-06-17 01:05:28,201 [ERROR] 没有获取到热搜数据，退出。
2025-06-17 01:05:28,660 [ERROR] 请求失败：403 Client Error: Forbidden for url: https://www.zhihu.com/api/v3/feed/topstory/hot-lists/total?limit=50&desktop=true
2025-06-17 01:05:28,660 [ERROR] 没有获取到热榜数据，退出。
2025-06-17 03:13:23,228 [ERROR] 请求失败：403 Client Error: Forbidden for url: https://www.zhihu.com/api/v4/search/top_search
2025-06-17 03:13:23,229 [ERROR] 没有获取到热搜数据，退出。
2025-06-17 03:13:23,590 [ERROR] 请求失败：401 Client Error: Authorization Required for url: https://www.zhihu.com/api/v3/feed/topstory/hot-lists/total?limit=50&desktop=true
2025-06-17 03:13:23,590 [ERROR] 没有获取到热榜数据，退出。
2025-06-17 04:22:12,984 [ERROR] 请求失败：403 Client Error: Forbidden for url: https://www.zhihu.com/api/v4/search/top_search
2025-06-17 04:22:12,985 [ERROR] 没有获取到热搜数据，退出。
2025-06-17 04:22:13,466 [ERROR] 请求失败：401 Client Error: Authorization Required for url: https://www.zhihu.com/api/v3/feed/topstory/hot-lists/total?limit=50&desktop=true
2025-06-17 04:22:13,466 [ERROR] 没有获取到热榜数据，退出。
2025-06-17 05:13:34,897 [ERROR] 请求失败：403 Client Error: Forbidden for url: https://www.zhihu.com/api/v4/search/top_search
2025-06-17 05:13:34,897 [ERROR] 没有获取到热搜数据，退出。
2025-06-17 05:13:35,250 [ERROR] 请求失败：401 Client Error: Authorization Required for url: https://www.zhihu.com/api/v3/feed/topstory/hot-lists/total?limit=50&desktop=true
2025-06-17 05:13:35,250 [ERROR] 没有获取到热榜数据，退出。
2025-06-17 06:19:42,844 [ERROR] 请求失败：403 Client Error: Forbidden for url: https://www.zhihu.com/api/v4/search/top_search
2025-06-17 06:19:42,844 [ERROR] 没有获取到热搜数据，退出。
2025-06-17 06:19:43,218 [ERROR] 请求失败：401 Client Error: Authorization Required for url: https://www.zhihu.com/api/v3/feed/topstory/hot-lists/total?limit=50&desktop=true
2025-06-17 06:19:43,218 [ERROR] 没有获取到热榜数据，退出。
2025-06-17 07:13:21,900 [ERROR] 请求失败：403 Client Error: Forbidden for url: https://www.zhihu.com/api/v4/search/top_search
2025-06-17 07:13:21,900 [ERROR] 没有获取到热搜数据，退出。
2025-06-17 07:13:22,412 [ERROR] 请求失败：403 Client Error: Forbidden for url: https://www.zhihu.com/api/v3/feed/topstory/hot-lists/total?limit=50&desktop=true
2025-06-17 07:13:22,412 [ERROR] 没有获取到热榜数据，退出。
2025-06-17 08:18:53,940 [ERROR] 请求失败：403 Client Error: Forbidden for url: https://www.zhihu.com/api/v4/search/top_search
2025-06-17 08:18:53,940 [ERROR] 没有获取到热搜数据，退出。
2025-06-17 08:18:54,295 [ERROR] 请求失败：403 Client Error: Forbidden for url: https://www.zhihu.com/api/v3/feed/topstory/hot-lists/total?limit=50&desktop=true
2025-06-17 08:18:54,295 [ERROR] 没有获取到热榜数据，退出。
2025-06-17 09:15:15,216 [ERROR] 请求失败：403 Client Error: Forbidden for url: https://www.zhihu.com/api/v4/search/top_search
2025-06-17 09:15:15,217 [ERROR] 没有获取到热搜数据，退出。
2025-06-17 09:15:15,722 [ERROR] 请求失败：403 Client Error: Forbidden for url: https://www.zhihu.com/api/v3/feed/topstory/hot-lists/total?limit=50&desktop=true
2025-06-17 09:15:15,722 [ERROR] 没有获取到热榜数据，退出。
2025-06-17 10:14:55,095 [ERROR] 请求失败：403 Client Error: Forbidden for url: https://www.zhihu.com/api/v4/search/top_search
2025-06-17 10:14:55,095 [ERROR] 没有获取到热搜数据，退出。
2025-06-17 10:14:55,550 [ERROR] 请求失败：401 Client Error: Authorization Required for url: https://www.zhihu.com/api/v3/feed/topstory/hot-lists/total?limit=50&desktop=true
2025-06-17 10:14:55,550 [ERROR] 没有获取到热榜数据，退出。
2025-06-17 11:11:38,962 [ERROR] 请求失败：403 Client Error: Forbidden for url: https://www.zhihu.com/api/v4/search/top_search
2025-06-17 11:11:38,962 [ERROR] 没有获取到热搜数据，退出。
2025-06-17 11:11:39,448 [ERROR] 请求失败：401 Client Error: Authorization Required for url: https://www.zhihu.com/api/v3/feed/topstory/hot-lists/total?limit=50&desktop=true
2025-06-17 11:11:39,449 [ERROR] 没有获取到热榜数据，退出。
2025-06-17 12:27:23,457 [ERROR] 请求失败：403 Client Error: Forbidden for url: https://www.zhihu.com/api/v4/search/top_search
2025-06-17 12:27:23,457 [ERROR] 没有获取到热搜数据，退出。
2025-06-17 12:27:23,804 [ERROR] 请求失败：401 Client Error: Authorization Required for url: https://www.zhihu.com/api/v3/feed/topstory/hot-lists/total?limit=50&desktop=true
2025-06-17 12:27:23,804 [ERROR] 没有获取到热榜数据，退出。
2025-06-17 13:27:50,572 [ERROR] 请求失败：403 Client Error: Forbidden for url: https://www.zhihu.com/api/v4/search/top_search
2025-06-17 13:27:50,572 [ERROR] 没有获取到热搜数据，退出。
2025-06-17 13:27:50,916 [ERROR] 请求失败：401 Client Error: Authorization Required for url: https://www.zhihu.com/api/v3/feed/topstory/hot-lists/total?limit=50&desktop=true
2025-06-17 13:27:50,916 [ERROR] 没有获取到热榜数据，退出。
