2025-06-08 01:10:58,711 [ERROR] 请求失败：403 Client Error: Forbidden for url: https://www.zhihu.com/api/v4/search/top_search
2025-06-08 01:10:58,711 [ERROR] 没有获取到热搜数据，退出。
2025-06-08 01:10:59,156 [ERROR] 请求失败：401 Client Error: Authorization Required for url: https://www.zhihu.com/api/v3/feed/topstory/hot-lists/total?limit=50&desktop=true
2025-06-08 01:10:59,156 [ERROR] 没有获取到热榜数据，退出。
2025-06-08 03:19:07,889 [ERROR] 请求失败：403 Client Error: Forbidden for url: https://www.zhihu.com/api/v4/search/top_search
2025-06-08 03:19:07,889 [ERROR] 没有获取到热搜数据，退出。
2025-06-08 03:19:08,235 [ERROR] 请求失败：401 Client Error: Authorization Required for url: https://www.zhihu.com/api/v3/feed/topstory/hot-lists/total?limit=50&desktop=true
2025-06-08 03:19:08,235 [ERROR] 没有获取到热榜数据，退出。
2025-06-08 04:24:32,153 [ERROR] 请求失败：403 Client Error: Forbidden for url: https://www.zhihu.com/api/v4/search/top_search
2025-06-08 04:24:32,153 [ERROR] 没有获取到热搜数据，退出。
2025-06-08 04:24:32,492 [ERROR] 请求失败：401 Client Error: Authorization Required for url: https://www.zhihu.com/api/v3/feed/topstory/hot-lists/total?limit=50&desktop=true
2025-06-08 04:24:32,493 [ERROR] 没有获取到热榜数据，退出。
2025-06-08 05:12:51,383 [ERROR] 请求失败：403 Client Error: Forbidden for url: https://www.zhihu.com/api/v4/search/top_search
2025-06-08 05:12:51,383 [ERROR] 没有获取到热搜数据，退出。
2025-06-08 05:12:51,733 [ERROR] 请求失败：401 Client Error: Authorization Required for url: https://www.zhihu.com/api/v3/feed/topstory/hot-lists/total?limit=50&desktop=true
2025-06-08 05:12:51,733 [ERROR] 没有获取到热榜数据，退出。
2025-06-08 06:18:16,543 [ERROR] 请求失败：403 Client Error: Forbidden for url: https://www.zhihu.com/api/v4/search/top_search
2025-06-08 06:18:16,543 [ERROR] 没有获取到热搜数据，退出。
2025-06-08 06:18:17,027 [ERROR] 请求失败：403 Client Error: Forbidden for url: https://www.zhihu.com/api/v3/feed/topstory/hot-lists/total?limit=50&desktop=true
2025-06-08 06:18:17,027 [ERROR] 没有获取到热榜数据，退出。
2025-06-08 07:11:39,601 [ERROR] 请求失败：403 Client Error: Forbidden for url: https://www.zhihu.com/api/v4/search/top_search
2025-06-08 07:11:39,601 [ERROR] 没有获取到热搜数据，退出。
2025-06-08 07:11:40,059 [ERROR] 请求失败：403 Client Error: Forbidden for url: https://www.zhihu.com/api/v3/feed/topstory/hot-lists/total?limit=50&desktop=true
2025-06-08 07:11:40,059 [ERROR] 没有获取到热榜数据，退出。
2025-06-08 08:15:28,529 [ERROR] 请求失败：403 Client Error: Forbidden for url: https://www.zhihu.com/api/v4/search/top_search
2025-06-08 08:15:28,529 [ERROR] 没有获取到热搜数据，退出。
2025-06-08 08:15:29,031 [ERROR] 请求失败：403 Client Error: Forbidden for url: https://www.zhihu.com/api/v3/feed/topstory/hot-lists/total?limit=50&desktop=true
2025-06-08 08:15:29,031 [ERROR] 没有获取到热榜数据，退出。
2025-06-08 09:12:21,160 [INFO] 成功写入 10 条热搜到 hotresearch/2025_6_8/2025_6_8_9.txt
2025-06-08 09:12:21,505 [ERROR] 请求失败：403 Client Error: Forbidden for url: https://www.zhihu.com/api/v3/feed/topstory/hot-lists/total?limit=50&desktop=true
2025-06-08 09:12:21,505 [ERROR] 没有获取到热榜数据，退出。
2025-06-08 10:12:41,253 [ERROR] 请求失败：403 Client Error: Forbidden for url: https://www.zhihu.com/api/v4/search/top_search
2025-06-08 10:12:41,253 [ERROR] 没有获取到热搜数据，退出。
2025-06-08 10:12:41,620 [ERROR] 请求失败：401 Client Error: Authorization Required for url: https://www.zhihu.com/api/v3/feed/topstory/hot-lists/total?limit=50&desktop=true
2025-06-08 10:12:41,620 [ERROR] 没有获取到热榜数据，退出。
2025-06-08 11:10:23,439 [ERROR] 请求失败：403 Client Error: Forbidden for url: https://www.zhihu.com/api/v4/search/top_search
2025-06-08 11:10:23,439 [ERROR] 没有获取到热搜数据，退出。
2025-06-08 11:10:23,964 [ERROR] 请求失败：403 Client Error: Forbidden for url: https://www.zhihu.com/api/v3/feed/topstory/hot-lists/total?limit=50&desktop=true
2025-06-08 11:10:23,965 [ERROR] 没有获取到热榜数据，退出。
2025-06-08 12:23:05,729 [ERROR] 请求失败：403 Client Error: Forbidden for url: https://www.zhihu.com/api/v4/search/top_search
2025-06-08 12:23:05,729 [ERROR] 没有获取到热搜数据，退出。
2025-06-08 12:23:06,210 [ERROR] 请求失败：401 Client Error: Authorization Required for url: https://www.zhihu.com/api/v3/feed/topstory/hot-lists/total?limit=50&desktop=true
2025-06-08 12:23:06,211 [ERROR] 没有获取到热榜数据，退出。
2025-06-08 13:21:25,790 [ERROR] 请求失败：403 Client Error: Forbidden for url: https://www.zhihu.com/api/v4/search/top_search
2025-06-08 13:21:25,790 [ERROR] 没有获取到热搜数据，退出。
2025-06-08 13:21:26,342 [ERROR] 请求失败：401 Client Error: Authorization Required for url: https://www.zhihu.com/api/v3/feed/topstory/hot-lists/total?limit=50&desktop=true
2025-06-08 13:21:26,342 [ERROR] 没有获取到热榜数据，退出。
2025-06-08 14:11:02,256 [ERROR] 请求失败：403 Client Error: Forbidden for url: https://www.zhihu.com/api/v4/search/top_search
2025-06-08 14:11:02,256 [ERROR] 没有获取到热搜数据，退出。
2025-06-08 14:11:02,775 [ERROR] 请求失败：401 Client Error: Authorization Required for url: https://www.zhihu.com/api/v3/feed/topstory/hot-lists/total?limit=50&desktop=true
2025-06-08 14:11:02,775 [ERROR] 没有获取到热榜数据，退出。
2025-06-08 15:12:59,004 [ERROR] 请求失败：403 Client Error: Forbidden for url: https://www.zhihu.com/api/v4/search/top_search
2025-06-08 15:12:59,004 [ERROR] 没有获取到热搜数据，退出。
2025-06-08 15:12:59,516 [ERROR] 请求失败：403 Client Error: Forbidden for url: https://www.zhihu.com/api/v3/feed/topstory/hot-lists/total?limit=50&desktop=true
2025-06-08 15:12:59,517 [ERROR] 没有获取到热榜数据，退出。
2025-06-08 16:14:39,147 [ERROR] 请求失败：403 Client Error: Forbidden for url: https://www.zhihu.com/api/v4/search/top_search
2025-06-08 16:14:39,147 [ERROR] 没有获取到热搜数据，退出。
2025-06-08 16:14:39,497 [ERROR] 请求失败：401 Client Error: Authorization Required for url: https://www.zhihu.com/api/v3/feed/topstory/hot-lists/total?limit=50&desktop=true
2025-06-08 16:14:39,497 [ERROR] 没有获取到热榜数据，退出。
2025-06-08 17:10:24,355 [ERROR] 请求失败：403 Client Error: Forbidden for url: https://www.zhihu.com/api/v4/search/top_search
2025-06-08 17:10:24,355 [ERROR] 没有获取到热搜数据，退出。
2025-06-08 17:10:24,836 [ERROR] 请求失败：401 Client Error: Authorization Required for url: https://www.zhihu.com/api/v3/feed/topstory/hot-lists/total?limit=50&desktop=true
2025-06-08 17:10:24,837 [ERROR] 没有获取到热榜数据，退出。
2025-06-08 18:15:51,008 [ERROR] 请求失败：403 Client Error: Forbidden for url: https://www.zhihu.com/api/v4/search/top_search
2025-06-08 18:15:51,008 [ERROR] 没有获取到热搜数据，退出。
2025-06-08 18:15:51,474 [ERROR] 请求失败：401 Client Error: Authorization Required for url: https://www.zhihu.com/api/v3/feed/topstory/hot-lists/total?limit=50&desktop=true
2025-06-08 18:15:51,474 [ERROR] 没有获取到热榜数据，退出。
2025-06-08 19:09:54,115 [ERROR] 请求失败：403 Client Error: Forbidden for url: https://www.zhihu.com/api/v4/search/top_search
2025-06-08 19:09:54,116 [ERROR] 没有获取到热搜数据，退出。
2025-06-08 19:09:54,576 [ERROR] 请求失败：401 Client Error: Authorization Required for url: https://www.zhihu.com/api/v3/feed/topstory/hot-lists/total?limit=50&desktop=true
2025-06-08 19:09:54,577 [ERROR] 没有获取到热榜数据，退出。
2025-06-08 20:13:12,145 [ERROR] 请求失败：403 Client Error: Forbidden for url: https://www.zhihu.com/api/v4/search/top_search
2025-06-08 20:13:12,145 [ERROR] 没有获取到热搜数据，退出。
2025-06-08 20:13:12,599 [ERROR] 请求失败：401 Client Error: Authorization Required for url: https://www.zhihu.com/api/v3/feed/topstory/hot-lists/total?limit=50&desktop=true
2025-06-08 20:13:12,599 [ERROR] 没有获取到热榜数据，退出。
