2025-12-16 01:08:13,250 [INFO] 成功写入 10 条热搜到 hotresearch/2025_12_16/2025_12_16_1.txt
2025-12-16 01:08:13,610 [ERROR] 请求失败：401 Client Error: Authorization Required for url: https://www.zhihu.com/api/v3/feed/topstory/hot-lists/total?limit=50&desktop=true
2025-12-16 01:08:13,610 [ERROR] 没有获取到热榜数据，退出。
2025-12-16 03:18:28,027 [INFO] 成功写入 10 条热搜到 hotresearch/2025_12_16/2025_12_16_3.txt
2025-12-16 03:18:28,499 [ERROR] 请求失败：401 Client Error: Authorization Required for url: https://www.zhihu.com/api/v3/feed/topstory/hot-lists/total?limit=50&desktop=true
2025-12-16 03:18:28,499 [ERROR] 没有获取到热榜数据，退出。
2025-12-16 04:29:38,926 [INFO] 成功写入 10 条热搜到 hotresearch/2025_12_16/2025_12_16_4.txt
2025-12-16 04:29:39,451 [ERROR] 请求失败：401 Client Error: Authorization Required for url: https://www.zhihu.com/api/v3/feed/topstory/hot-lists/total?limit=50&desktop=true
2025-12-16 04:29:39,451 [ERROR] 没有获取到热榜数据，退出。
2025-12-16 05:16:55,855 [INFO] 成功写入 10 条热搜到 hotresearch/2025_12_16/2025_12_16_5.txt
2025-12-16 05:16:56,220 [ERROR] 请求失败：401 Client Error: Authorization Required for url: https://www.zhihu.com/api/v3/feed/topstory/hot-lists/total?limit=50&desktop=true
2025-12-16 05:16:56,220 [ERROR] 没有获取到热榜数据，退出。
2025-12-16 06:22:47,048 [INFO] 成功写入 10 条热搜到 hotresearch/2025_12_16/2025_12_16_6.txt
2025-12-16 06:22:47,554 [ERROR] 请求失败：403 Client Error: Forbidden for url: https://www.zhihu.com/api/v3/feed/topstory/hot-lists/total?limit=50&desktop=true
2025-12-16 06:22:47,554 [ERROR] 没有获取到热榜数据，退出。
2025-12-16 07:17:56,461 [INFO] 成功写入 10 条热搜到 hotresearch/2025_12_16/2025_12_16_7.txt
2025-12-16 07:17:56,891 [ERROR] 请求失败：401 Client Error: Authorization Required for url: https://www.zhihu.com/api/v3/feed/topstory/hot-lists/total?limit=50&desktop=true
2025-12-16 07:17:56,892 [ERROR] 没有获取到热榜数据，退出。
2025-12-16 08:20:51,239 [INFO] 成功写入 10 条热搜到 hotresearch/2025_12_16/2025_12_16_8.txt
2025-12-16 08:20:51,646 [ERROR] 请求失败：401 Client Error: Authorization Required for url: https://www.zhihu.com/api/v3/feed/topstory/hot-lists/total?limit=50&desktop=true
2025-12-16 08:20:51,646 [ERROR] 没有获取到热榜数据，退出。
2025-12-16 09:19:41,448 [INFO] 成功写入 10 条热搜到 hotresearch/2025_12_16/2025_12_16_9.txt
2025-12-16 09:19:41,940 [ERROR] 请求失败：401 Client Error: Authorization Required for url: https://www.zhihu.com/api/v3/feed/topstory/hot-lists/total?limit=50&desktop=true
2025-12-16 09:19:41,940 [ERROR] 没有获取到热榜数据，退出。
2025-12-16 10:16:39,501 [INFO] 成功写入 10 条热搜到 hotresearch/2025_12_16/2025_12_16_10.txt
2025-12-16 10:16:39,984 [ERROR] 请求失败：401 Client Error: Authorization Required for url: https://www.zhihu.com/api/v3/feed/topstory/hot-lists/total?limit=50&desktop=true
2025-12-16 10:16:39,984 [ERROR] 没有获取到热榜数据，退出。
2025-12-16 11:13:34,489 [INFO] 成功写入 10 条热搜到 hotresearch/2025_12_16/2025_12_16_11.txt
2025-12-16 11:13:34,841 [ERROR] 请求失败：403 Client Error: Forbidden for url: https://www.zhihu.com/api/v3/feed/topstory/hot-lists/total?limit=50&desktop=true
2025-12-16 11:13:34,841 [ERROR] 没有获取到热榜数据，退出。
2025-12-16 12:29:53,629 [INFO] 成功写入 10 条热搜到 hotresearch/2025_12_16/2025_12_16_12.txt
2025-12-16 12:29:54,042 [ERROR] 请求失败：401 Client Error: Authorization Required for url: https://www.zhihu.com/api/v3/feed/topstory/hot-lists/total?limit=50&desktop=true
2025-12-16 12:29:54,042 [ERROR] 没有获取到热榜数据，退出。
2025-12-16 13:33:31,485 [INFO] 成功写入 10 条热搜到 hotresearch/2025_12_16/2025_12_16_13.txt
2025-12-16 13:33:31,960 [ERROR] 请求失败：401 Client Error: Authorization Required for url: https://www.zhihu.com/api/v3/feed/topstory/hot-lists/total?limit=50&desktop=true
2025-12-16 13:33:31,960 [ERROR] 没有获取到热榜数据，退出。
2025-12-16 14:17:32,162 [ERROR] 请求失败：403 Client Error: Forbidden for url: https://www.zhihu.com/api/v4/search/top_search
2025-12-16 14:17:32,162 [ERROR] 没有获取到热搜数据，退出。
2025-12-16 14:17:32,616 [ERROR] 请求失败：401 Client Error: Authorization Required for url: https://www.zhihu.com/api/v3/feed/topstory/hot-lists/total?limit=50&desktop=true
2025-12-16 14:17:32,616 [ERROR] 没有获取到热榜数据，退出。
2025-12-16 15:16:53,868 [INFO] 成功写入 10 条热搜到 hotresearch/2025_12_16/2025_12_16_15.txt
2025-12-16 15:16:54,387 [ERROR] 请求失败：403 Client Error: Forbidden for url: https://www.zhihu.com/api/v3/feed/topstory/hot-lists/total?limit=50&desktop=true
2025-12-16 15:16:54,387 [ERROR] 没有获取到热榜数据，退出。
2025-12-16 16:19:20,103 [INFO] 成功写入 10 条热搜到 hotresearch/2025_12_16/2025_12_16_16.txt
2025-12-16 16:19:20,573 [ERROR] 请求失败：401 Client Error: Authorization Required for url: https://www.zhihu.com/api/v3/feed/topstory/hot-lists/total?limit=50&desktop=true
2025-12-16 16:19:20,573 [ERROR] 没有获取到热榜数据，退出。
2025-12-16 17:18:05,467 [INFO] 成功写入 10 条热搜到 hotresearch/2025_12_16/2025_12_16_17.txt
2025-12-16 17:18:05,966 [ERROR] 请求失败：401 Client Error: Authorization Required for url: https://www.zhihu.com/api/v3/feed/topstory/hot-lists/total?limit=50&desktop=true
2025-12-16 17:18:05,966 [ERROR] 没有获取到热榜数据，退出。
