2025-05-22 01:03:29,455 [ERROR] 请求失败：403 Client Error: Forbidden for url: https://www.zhihu.com/api/v4/search/top_search
2025-05-22 01:03:29,455 [ERROR] 没有获取到热搜数据，退出。
2025-05-22 01:03:29,970 [ERROR] 请求失败：401 Client Error: Authorization Required for url: https://www.zhihu.com/api/v3/feed/topstory/hot-lists/total?limit=50&desktop=true
2025-05-22 01:03:29,970 [ERROR] 没有获取到热榜数据，退出。
2025-05-22 03:07:18,592 [INFO] 成功写入 10 条热搜到 hotresearch/2025_5_22/2025_5_22_3.txt
2025-05-22 03:07:19,062 [ERROR] 请求失败：401 Client Error: Authorization Required for url: https://www.zhihu.com/api/v3/feed/topstory/hot-lists/total?limit=50&desktop=true
2025-05-22 03:07:19,062 [ERROR] 没有获取到热榜数据，退出。
2025-05-22 04:17:46,406 [ERROR] 请求失败：403 Client Error: Forbidden for url: https://www.zhihu.com/api/v4/search/top_search
2025-05-22 04:17:46,406 [ERROR] 没有获取到热搜数据，退出。
2025-05-22 04:17:46,953 [ERROR] 请求失败：403 Client Error: Forbidden for url: https://www.zhihu.com/api/v3/feed/topstory/hot-lists/total?limit=50&desktop=true
2025-05-22 04:17:46,953 [ERROR] 没有获取到热榜数据，退出。
2025-05-22 05:13:45,270 [ERROR] 请求失败：403 Client Error: Forbidden for url: https://www.zhihu.com/api/v4/search/top_search
2025-05-22 05:13:45,270 [ERROR] 没有获取到热搜数据，退出。
2025-05-22 05:13:45,832 [ERROR] 请求失败：403 Client Error: Forbidden for url: https://www.zhihu.com/api/v3/feed/topstory/hot-lists/total?limit=50&desktop=true
2025-05-22 05:13:45,832 [ERROR] 没有获取到热榜数据，退出。
2025-05-22 06:19:07,812 [ERROR] 请求失败：403 Client Error: Forbidden for url: https://www.zhihu.com/api/v4/search/top_search
2025-05-22 06:19:07,812 [ERROR] 没有获取到热搜数据，退出。
2025-05-22 06:19:08,300 [ERROR] 请求失败：401 Client Error: Authorization Required for url: https://www.zhihu.com/api/v3/feed/topstory/hot-lists/total?limit=50&desktop=true
2025-05-22 06:19:08,300 [ERROR] 没有获取到热榜数据，退出。
2025-05-22 07:12:55,014 [ERROR] 请求失败：403 Client Error: Forbidden for url: https://www.zhihu.com/api/v4/search/top_search
2025-05-22 07:12:55,014 [ERROR] 没有获取到热搜数据，退出。
2025-05-22 07:12:55,574 [ERROR] 请求失败：403 Client Error: Forbidden for url: https://www.zhihu.com/api/v3/feed/topstory/hot-lists/total?limit=50&desktop=true
2025-05-22 07:12:55,574 [ERROR] 没有获取到热榜数据，退出。
2025-05-22 08:17:49,110 [ERROR] 请求失败：403 Client Error: Forbidden for url: https://www.zhihu.com/api/v4/search/top_search
2025-05-22 08:17:49,110 [ERROR] 没有获取到热搜数据，退出。
2025-05-22 08:17:49,732 [ERROR] 请求失败：401 Client Error: Authorization Required for url: https://www.zhihu.com/api/v3/feed/topstory/hot-lists/total?limit=50&desktop=true
2025-05-22 08:17:49,732 [ERROR] 没有获取到热榜数据，退出。
2025-05-22 09:13:43,195 [ERROR] 请求失败：403 Client Error: Forbidden for url: https://www.zhihu.com/api/v4/search/top_search
2025-05-22 09:13:43,195 [ERROR] 没有获取到热搜数据，退出。
2025-05-22 09:13:43,552 [ERROR] 请求失败：403 Client Error: Forbidden for url: https://www.zhihu.com/api/v3/feed/topstory/hot-lists/total?limit=50&desktop=true
2025-05-22 09:13:43,552 [ERROR] 没有获取到热榜数据，退出。
2025-05-22 10:14:07,201 [ERROR] 请求失败：403 Client Error: Forbidden for url: https://www.zhihu.com/api/v4/search/top_search
2025-05-22 10:14:07,201 [ERROR] 没有获取到热搜数据，退出。
2025-05-22 10:14:07,592 [ERROR] 请求失败：401 Client Error: Authorization Required for url: https://www.zhihu.com/api/v3/feed/topstory/hot-lists/total?limit=50&desktop=true
2025-05-22 10:14:07,592 [ERROR] 没有获取到热榜数据，退出。
2025-05-22 11:11:35,337 [ERROR] 请求失败：403 Client Error: Forbidden for url: https://www.zhihu.com/api/v4/search/top_search
2025-05-22 11:11:35,337 [ERROR] 没有获取到热搜数据，退出。
2025-05-22 11:11:35,686 [ERROR] 请求失败：401 Client Error: Authorization Required for url: https://www.zhihu.com/api/v3/feed/topstory/hot-lists/total?limit=50&desktop=true
2025-05-22 11:11:35,687 [ERROR] 没有获取到热榜数据，退出。
2025-05-22 12:26:34,293 [ERROR] 请求失败：403 Client Error: Forbidden for url: https://www.zhihu.com/api/v4/search/top_search
2025-05-22 12:26:34,293 [ERROR] 没有获取到热搜数据，退出。
2025-05-22 12:26:34,738 [ERROR] 请求失败：401 Client Error: Authorization Required for url: https://www.zhihu.com/api/v3/feed/topstory/hot-lists/total?limit=50&desktop=true
2025-05-22 12:26:34,739 [ERROR] 没有获取到热榜数据，退出。
