2025-09-04 00:57:24,703 [ERROR] 请求失败：403 Client Error: Forbidden for url: https://www.zhihu.com/api/v4/search/top_search
2025-09-04 00:57:24,703 [ERROR] 没有获取到热搜数据，退出。
2025-09-04 00:57:25,077 [ERROR] 请求失败：401 Client Error: Authorization Required for url: https://www.zhihu.com/api/v3/feed/topstory/hot-lists/total?limit=50&desktop=true
2025-09-04 00:57:25,077 [ERROR] 没有获取到热榜数据，退出。
2025-09-04 02:18:23,642 [ERROR] 请求失败：403 Client Error: Forbidden for url: https://www.zhihu.com/api/v4/search/top_search
2025-09-04 02:18:23,642 [ERROR] 没有获取到热搜数据，退出。
2025-09-04 02:18:24,122 [ERROR] 请求失败：403 Client Error: Forbidden for url: https://www.zhihu.com/api/v3/feed/topstory/hot-lists/total?limit=50&desktop=true
2025-09-04 02:18:24,122 [ERROR] 没有获取到热榜数据，退出。
2025-09-04 03:22:29,738 [ERROR] 请求失败：403 Client Error: Forbidden for url: https://www.zhihu.com/api/v4/search/top_search
2025-09-04 03:22:29,738 [ERROR] 没有获取到热搜数据，退出。
2025-09-04 03:22:30,190 [ERROR] 请求失败：401 Client Error: Authorization Required for url: https://www.zhihu.com/api/v3/feed/topstory/hot-lists/total?limit=50&desktop=true
2025-09-04 03:22:30,190 [ERROR] 没有获取到热榜数据，退出。
2025-09-04 04:14:28,777 [ERROR] 请求失败：403 Client Error: Forbidden for url: https://www.zhihu.com/api/v4/search/top_search
2025-09-04 04:14:28,777 [ERROR] 没有获取到热搜数据，退出。
2025-09-04 04:14:29,185 [ERROR] 请求失败：401 Client Error: Authorization Required for url: https://www.zhihu.com/api/v3/feed/topstory/hot-lists/total?limit=50&desktop=true
2025-09-04 04:14:29,185 [ERROR] 没有获取到热榜数据，退出。
2025-09-04 05:11:49,801 [ERROR] 请求失败：403 Client Error: Forbidden for url: https://www.zhihu.com/api/v4/search/top_search
2025-09-04 05:11:49,801 [ERROR] 没有获取到热搜数据，退出。
2025-09-04 05:11:50,212 [ERROR] 请求失败：401 Client Error: Authorization Required for url: https://www.zhihu.com/api/v3/feed/topstory/hot-lists/total?limit=50&desktop=true
2025-09-04 05:11:50,212 [ERROR] 没有获取到热榜数据，退出。
2025-09-04 06:18:32,052 [ERROR] 请求失败：403 Client Error: Forbidden for url: https://www.zhihu.com/api/v4/search/top_search
2025-09-04 06:18:32,052 [ERROR] 没有获取到热搜数据，退出。
2025-09-04 06:18:32,401 [ERROR] 请求失败：401 Client Error: Authorization Required for url: https://www.zhihu.com/api/v3/feed/topstory/hot-lists/total?limit=50&desktop=true
2025-09-04 06:18:32,401 [ERROR] 没有获取到热榜数据，退出。
2025-09-04 07:12:05,580 [ERROR] 请求失败：403 Client Error: Forbidden for url: https://www.zhihu.com/api/v4/search/top_search
2025-09-04 07:12:05,580 [ERROR] 没有获取到热搜数据，退出。
2025-09-04 07:12:06,032 [ERROR] 请求失败：403 Client Error: Forbidden for url: https://www.zhihu.com/api/v3/feed/topstory/hot-lists/total?limit=50&desktop=true
2025-09-04 07:12:06,033 [ERROR] 没有获取到热榜数据，退出。
