2025-10-23 01:01:11,239 [INFO] 成功写入 10 条热搜到 hotresearch/2025_10_23/2025_10_23_1.txt
2025-10-23 01:01:11,696 [ERROR] 请求失败：403 Client Error: Forbidden for url: https://www.zhihu.com/api/v3/feed/topstory/hot-lists/total?limit=50&desktop=true
2025-10-23 01:01:11,696 [ERROR] 没有获取到热榜数据，退出。
2025-10-23 02:58:37,685 [INFO] 成功写入 10 条热搜到 hotresearch/2025_10_23/2025_10_23_2.txt
2025-10-23 02:58:38,147 [ERROR] 请求失败：401 Client Error: Authorization Required for url: https://www.zhihu.com/api/v3/feed/topstory/hot-lists/total?limit=50&desktop=true
2025-10-23 02:58:38,147 [ERROR] 没有获取到热榜数据，退出。
2025-10-23 03:36:02,628 [INFO] 成功写入 10 条热搜到 hotresearch/2025_10_23/2025_10_23_3.txt
2025-10-23 03:36:03,149 [ERROR] 请求失败：401 Client Error: Authorization Required for url: https://www.zhihu.com/api/v3/feed/topstory/hot-lists/total?limit=50&desktop=true
2025-10-23 03:36:03,149 [ERROR] 没有获取到热榜数据，退出。
2025-10-23 04:15:22,062 [INFO] 成功写入 10 条热搜到 hotresearch/2025_10_23/2025_10_23_4.txt
2025-10-23 04:15:22,496 [ERROR] 请求失败：401 Client Error: Authorization Required for url: https://www.zhihu.com/api/v3/feed/topstory/hot-lists/total?limit=50&desktop=true
2025-10-23 04:15:22,496 [ERROR] 没有获取到热榜数据，退出。
2025-10-23 05:13:22,421 [INFO] 成功写入 10 条热搜到 hotresearch/2025_10_23/2025_10_23_5.txt
2025-10-23 05:13:22,773 [ERROR] 请求失败：401 Client Error: Authorization Required for url: https://www.zhihu.com/api/v3/feed/topstory/hot-lists/total?limit=50&desktop=true
2025-10-23 05:13:22,773 [ERROR] 没有获取到热榜数据，退出。
2025-10-23 06:19:55,156 [INFO] 成功写入 10 条热搜到 hotresearch/2025_10_23/2025_10_23_6.txt
2025-10-23 06:19:55,813 [ERROR] 请求失败：401 Client Error: Authorization Required for url: https://www.zhihu.com/api/v3/feed/topstory/hot-lists/total?limit=50&desktop=true
2025-10-23 06:19:55,813 [ERROR] 没有获取到热榜数据，退出。
2025-10-23 07:13:12,333 [INFO] 成功写入 10 条热搜到 hotresearch/2025_10_23/2025_10_23_7.txt
2025-10-23 07:13:12,826 [ERROR] 请求失败：403 Client Error: Forbidden for url: https://www.zhihu.com/api/v3/feed/topstory/hot-lists/total?limit=50&desktop=true
2025-10-23 07:13:12,826 [ERROR] 没有获取到热榜数据，退出。
2025-10-23 08:18:16,497 [INFO] 成功写入 10 条热搜到 hotresearch/2025_10_23/2025_10_23_8.txt
2025-10-23 08:18:17,005 [ERROR] 请求失败：401 Client Error: Authorization Required for url: https://www.zhihu.com/api/v3/feed/topstory/hot-lists/total?limit=50&desktop=true
2025-10-23 08:18:17,005 [ERROR] 没有获取到热榜数据，退出。
2025-10-23 09:14:16,199 [INFO] 成功写入 10 条热搜到 hotresearch/2025_10_23/2025_10_23_9.txt
2025-10-23 09:14:16,605 [ERROR] 请求失败：401 Client Error: Authorization Required for url: https://www.zhihu.com/api/v3/feed/topstory/hot-lists/total?limit=50&desktop=true
2025-10-23 09:14:16,605 [ERROR] 没有获取到热榜数据，退出。
2025-10-23 10:14:37,700 [INFO] 成功写入 10 条热搜到 hotresearch/2025_10_23/2025_10_23_10.txt
2025-10-23 10:14:38,130 [ERROR] 请求失败：403 Client Error: Forbidden for url: https://www.zhihu.com/api/v3/feed/topstory/hot-lists/total?limit=50&desktop=true
2025-10-23 10:14:38,130 [ERROR] 没有获取到热榜数据，退出。
2025-10-23 11:11:31,168 [INFO] 成功写入 10 条热搜到 hotresearch/2025_10_23/2025_10_23_11.txt
2025-10-23 11:11:31,564 [ERROR] 请求失败：401 Client Error: Authorization Required for url: https://www.zhihu.com/api/v3/feed/topstory/hot-lists/total?limit=50&desktop=true
2025-10-23 11:11:31,564 [ERROR] 没有获取到热榜数据，退出。
2025-10-23 12:27:12,406 [INFO] 成功写入 10 条热搜到 hotresearch/2025_10_23/2025_10_23_12.txt
2025-10-23 12:27:12,976 [ERROR] 请求失败：401 Client Error: Authorization Required for url: https://www.zhihu.com/api/v3/feed/topstory/hot-lists/total?limit=50&desktop=true
2025-10-23 12:27:12,976 [ERROR] 没有获取到热榜数据，退出。
2025-10-23 13:26:41,574 [ERROR] 请求失败：403 Client Error: Forbidden for url: https://www.zhihu.com/api/v4/search/top_search
2025-10-23 13:26:41,574 [ERROR] 没有获取到热搜数据，退出。
2025-10-23 13:26:42,067 [ERROR] 请求失败：401 Client Error: Authorization Required for url: https://www.zhihu.com/api/v3/feed/topstory/hot-lists/total?limit=50&desktop=true
2025-10-23 13:26:42,067 [ERROR] 没有获取到热榜数据，退出。
2025-10-23 14:13:33,942 [INFO] 成功写入 10 条热搜到 hotresearch/2025_10_23/2025_10_23_14.txt
2025-10-23 14:13:34,365 [ERROR] 请求失败：401 Client Error: Authorization Required for url: https://www.zhihu.com/api/v3/feed/topstory/hot-lists/total?limit=50&desktop=true
2025-10-23 14:13:34,365 [ERROR] 没有获取到热榜数据，退出。
2025-10-23 15:13:33,677 [INFO] 成功写入 10 条热搜到 hotresearch/2025_10_23/2025_10_23_15.txt
2025-10-23 15:13:34,184 [ERROR] 请求失败：403 Client Error: Forbidden for url: https://www.zhihu.com/api/v3/feed/topstory/hot-lists/total?limit=50&desktop=true
2025-10-23 15:13:34,184 [ERROR] 没有获取到热榜数据，退出。
2025-10-23 16:16:11,472 [INFO] 成功写入 10 条热搜到 hotresearch/2025_10_23/2025_10_23_16.txt
2025-10-23 16:16:12,401 [ERROR] 请求失败：403 Client Error: Forbidden for url: https://www.zhihu.com/api/v3/feed/topstory/hot-lists/total?limit=50&desktop=true
2025-10-23 16:16:12,401 [ERROR] 没有获取到热榜数据，退出。
