2025-07-24 01:10:06,580 [ERROR] 请求失败：403 Client Error: Forbidden for url: https://www.zhihu.com/api/v4/search/top_search
2025-07-24 01:10:06,580 [ERROR] 没有获取到热搜数据，退出。
2025-07-24 01:10:07,024 [ERROR] 请求失败：403 Client Error: Forbidden for url: https://www.zhihu.com/api/v3/feed/topstory/hot-lists/total?limit=50&desktop=true
2025-07-24 01:10:07,024 [ERROR] 没有获取到热榜数据，退出。
2025-07-24 03:24:26,637 [ERROR] 请求失败：403 Client Error: Forbidden for url: https://www.zhihu.com/api/v4/search/top_search
2025-07-24 03:24:26,637 [ERROR] 没有获取到热搜数据，退出。
2025-07-24 03:24:27,076 [ERROR] 请求失败：401 Client Error: Authorization Required for url: https://www.zhihu.com/api/v3/feed/topstory/hot-lists/total?limit=50&desktop=true
2025-07-24 03:24:27,076 [ERROR] 没有获取到热榜数据，退出。
2025-07-24 04:34:10,096 [INFO] 成功写入 10 条热搜到 hotresearch/2025_7_24/2025_7_24_4.txt
2025-07-24 04:34:10,558 [ERROR] 请求失败：403 Client Error: Forbidden for url: https://www.zhihu.com/api/v3/feed/topstory/hot-lists/total?limit=50&desktop=true
2025-07-24 04:34:10,558 [ERROR] 没有获取到热榜数据，退出。
2025-07-24 05:19:55,821 [ERROR] 请求失败：403 Client Error: Forbidden for url: https://www.zhihu.com/api/v4/search/top_search
2025-07-24 05:19:55,821 [ERROR] 没有获取到热搜数据，退出。
2025-07-24 05:19:56,281 [ERROR] 请求失败：401 Client Error: Authorization Required for url: https://www.zhihu.com/api/v3/feed/topstory/hot-lists/total?limit=50&desktop=true
2025-07-24 05:19:56,281 [ERROR] 没有获取到热榜数据，退出。
2025-07-24 06:21:22,658 [ERROR] 请求失败：403 Client Error: Forbidden for url: https://www.zhihu.com/api/v4/search/top_search
2025-07-24 06:21:22,658 [ERROR] 没有获取到热搜数据，退出。
2025-07-24 06:21:23,126 [ERROR] 请求失败：403 Client Error: Forbidden for url: https://www.zhihu.com/api/v3/feed/topstory/hot-lists/total?limit=50&desktop=true
2025-07-24 06:21:23,126 [ERROR] 没有获取到热榜数据，退出。
2025-07-24 07:17:31,662 [ERROR] 请求失败：403 Client Error: Forbidden for url: https://www.zhihu.com/api/v4/search/top_search
2025-07-24 07:17:31,663 [ERROR] 没有获取到热搜数据，退出。
2025-07-24 07:17:32,123 [ERROR] 请求失败：403 Client Error: Forbidden for url: https://www.zhihu.com/api/v3/feed/topstory/hot-lists/total?limit=50&desktop=true
2025-07-24 07:17:32,123 [ERROR] 没有获取到热榜数据，退出。
2025-07-24 08:19:39,344 [ERROR] 请求失败：403 Client Error: Forbidden for url: https://www.zhihu.com/api/v4/search/top_search
2025-07-24 08:19:39,344 [ERROR] 没有获取到热搜数据，退出。
2025-07-24 08:19:39,698 [ERROR] 请求失败：401 Client Error: Authorization Required for url: https://www.zhihu.com/api/v3/feed/topstory/hot-lists/total?limit=50&desktop=true
2025-07-24 08:19:39,698 [ERROR] 没有获取到热榜数据，退出。
2025-07-24 09:18:30,306 [ERROR] 请求失败：403 Client Error: Forbidden for url: https://www.zhihu.com/api/v4/search/top_search
2025-07-24 09:18:30,306 [ERROR] 没有获取到热搜数据，退出。
2025-07-24 09:18:30,842 [ERROR] 请求失败：403 Client Error: Forbidden for url: https://www.zhihu.com/api/v3/feed/topstory/hot-lists/total?limit=50&desktop=true
2025-07-24 09:18:30,842 [ERROR] 没有获取到热榜数据，退出。
