2025-06-22 01:11:59,609 [ERROR] 请求失败：403 Client Error: Forbidden for url: https://www.zhihu.com/api/v4/search/top_search
2025-06-22 01:11:59,609 [ERROR] 没有获取到热搜数据，退出。
2025-06-22 01:12:00,052 [ERROR] 请求失败：401 Client Error: Authorization Required for url: https://www.zhihu.com/api/v3/feed/topstory/hot-lists/total?limit=50&desktop=true
2025-06-22 01:12:00,052 [ERROR] 没有获取到热榜数据，退出。
2025-06-22 03:20:47,766 [ERROR] 请求失败：403 Client Error: Forbidden for url: https://www.zhihu.com/api/v4/search/top_search
2025-06-22 03:20:47,766 [ERROR] 没有获取到热搜数据，退出。
2025-06-22 03:20:48,111 [ERROR] 请求失败：401 Client Error: Authorization Required for url: https://www.zhihu.com/api/v3/feed/topstory/hot-lists/total?limit=50&desktop=true
2025-06-22 03:20:48,111 [ERROR] 没有获取到热榜数据，退出。
2025-06-22 04:24:45,207 [ERROR] 请求失败：403 Client Error: Forbidden for url: https://www.zhihu.com/api/v4/search/top_search
2025-06-22 04:24:45,207 [ERROR] 没有获取到热搜数据，退出。
2025-06-22 04:24:45,719 [ERROR] 请求失败：403 Client Error: Forbidden for url: https://www.zhihu.com/api/v3/feed/topstory/hot-lists/total?limit=50&desktop=true
2025-06-22 04:24:45,720 [ERROR] 没有获取到热榜数据，退出。
2025-06-22 05:13:22,552 [ERROR] 请求失败：403 Client Error: Forbidden for url: https://www.zhihu.com/api/v4/search/top_search
2025-06-22 05:13:22,552 [ERROR] 没有获取到热搜数据，退出。
2025-06-22 05:13:22,898 [ERROR] 请求失败：401 Client Error: Authorization Required for url: https://www.zhihu.com/api/v3/feed/topstory/hot-lists/total?limit=50&desktop=true
2025-06-22 05:13:22,898 [ERROR] 没有获取到热榜数据，退出。
2025-06-22 06:18:15,472 [ERROR] 请求失败：403 Client Error: Forbidden for url: https://www.zhihu.com/api/v4/search/top_search
2025-06-22 06:18:15,472 [ERROR] 没有获取到热搜数据，退出。
2025-06-22 06:18:15,988 [ERROR] 请求失败：401 Client Error: Authorization Required for url: https://www.zhihu.com/api/v3/feed/topstory/hot-lists/total?limit=50&desktop=true
2025-06-22 06:18:15,989 [ERROR] 没有获取到热榜数据，退出。
2025-06-22 07:12:33,205 [ERROR] 请求失败：403 Client Error: Forbidden for url: https://www.zhihu.com/api/v4/search/top_search
2025-06-22 07:12:33,205 [ERROR] 没有获取到热搜数据，退出。
2025-06-22 07:12:33,668 [ERROR] 请求失败：401 Client Error: Authorization Required for url: https://www.zhihu.com/api/v3/feed/topstory/hot-lists/total?limit=50&desktop=true
2025-06-22 07:12:33,668 [ERROR] 没有获取到热榜数据，退出。
