2025-08-07 01:12:19,267 [ERROR] 请求失败：403 Client Error: Forbidden for url: https://www.zhihu.com/api/v4/search/top_search
2025-08-07 01:12:19,267 [ERROR] 没有获取到热搜数据，退出。
2025-08-07 01:12:19,998 [ERROR] 请求失败：403 Client Error: Forbidden for url: https://www.zhihu.com/api/v3/feed/topstory/hot-lists/total?limit=50&desktop=true
2025-08-07 01:12:19,998 [ERROR] 没有获取到热榜数据，退出。
2025-08-07 03:39:03,954 [ERROR] 请求失败：403 Client Error: Forbidden for url: https://www.zhihu.com/api/v4/search/top_search
2025-08-07 03:39:03,954 [ERROR] 没有获取到热搜数据，退出。
2025-08-07 03:39:04,560 [ERROR] 请求失败：401 Client Error: Authorization Required for url: https://www.zhihu.com/api/v3/feed/topstory/hot-lists/total?limit=50&desktop=true
2025-08-07 03:39:04,560 [ERROR] 没有获取到热榜数据，退出。
2025-08-07 04:38:14,204 [ERROR] 请求失败：403 Client Error: Forbidden for url: https://www.zhihu.com/api/v4/search/top_search
2025-08-07 04:38:14,204 [ERROR] 没有获取到热搜数据，退出。
2025-08-07 04:38:14,555 [ERROR] 请求失败：401 Client Error: Authorization Required for url: https://www.zhihu.com/api/v3/feed/topstory/hot-lists/total?limit=50&desktop=true
2025-08-07 04:38:14,555 [ERROR] 没有获取到热榜数据，退出。
2025-08-07 05:23:14,374 [ERROR] 请求失败：403 Client Error: Forbidden for url: https://www.zhihu.com/api/v4/search/top_search
2025-08-07 05:23:14,375 [ERROR] 没有获取到热搜数据，退出。
2025-08-07 05:23:15,301 [ERROR] 请求失败：403 Client Error: Forbidden for url: https://www.zhihu.com/api/v3/feed/topstory/hot-lists/total?limit=50&desktop=true
2025-08-07 05:23:15,301 [ERROR] 没有获取到热榜数据，退出。
2025-08-07 06:22:44,650 [ERROR] 请求失败：403 Client Error: Forbidden for url: https://www.zhihu.com/api/v4/search/top_search
2025-08-07 06:22:44,650 [ERROR] 没有获取到热搜数据，退出。
2025-08-07 06:22:45,101 [ERROR] 请求失败：401 Client Error: Authorization Required for url: https://www.zhihu.com/api/v3/feed/topstory/hot-lists/total?limit=50&desktop=true
2025-08-07 06:22:45,101 [ERROR] 没有获取到热榜数据，退出。
2025-08-07 07:20:00,142 [ERROR] 请求失败：403 Client Error: Forbidden for url: https://www.zhihu.com/api/v4/search/top_search
2025-08-07 07:20:00,142 [ERROR] 没有获取到热搜数据，退出。
2025-08-07 07:20:00,608 [ERROR] 请求失败：401 Client Error: Authorization Required for url: https://www.zhihu.com/api/v3/feed/topstory/hot-lists/total?limit=50&desktop=true
2025-08-07 07:20:00,608 [ERROR] 没有获取到热榜数据，退出。
2025-08-07 08:20:03,122 [ERROR] 请求失败：403 Client Error: Forbidden for url: https://www.zhihu.com/api/v4/search/top_search
2025-08-07 08:20:03,122 [ERROR] 没有获取到热搜数据，退出。
2025-08-07 08:20:03,526 [ERROR] 请求失败：401 Client Error: Authorization Required for url: https://www.zhihu.com/api/v3/feed/topstory/hot-lists/total?limit=50&desktop=true
2025-08-07 08:20:03,526 [ERROR] 没有获取到热榜数据，退出。
2025-08-07 09:20:19,419 [ERROR] 请求失败：403 Client Error: Forbidden for url: https://www.zhihu.com/api/v4/search/top_search
2025-08-07 09:20:19,419 [ERROR] 没有获取到热搜数据，退出。
2025-08-07 09:20:19,771 [ERROR] 请求失败：401 Client Error: Authorization Required for url: https://www.zhihu.com/api/v3/feed/topstory/hot-lists/total?limit=50&desktop=true
2025-08-07 09:20:19,771 [ERROR] 没有获取到热榜数据，退出。
2025-08-07 10:15:29,612 [ERROR] 请求失败：403 Client Error: Forbidden for url: https://www.zhihu.com/api/v4/search/top_search
2025-08-07 10:15:29,612 [ERROR] 没有获取到热搜数据，退出。
2025-08-07 10:15:30,059 [ERROR] 请求失败：403 Client Error: Forbidden for url: https://www.zhihu.com/api/v3/feed/topstory/hot-lists/total?limit=50&desktop=true
2025-08-07 10:15:30,059 [ERROR] 没有获取到热榜数据，退出。
2025-08-07 11:13:22,772 [ERROR] 请求失败：403 Client Error: Forbidden for url: https://www.zhihu.com/api/v4/search/top_search
2025-08-07 11:13:22,773 [ERROR] 没有获取到热搜数据，退出。
2025-08-07 11:13:23,506 [ERROR] 请求失败：403 Client Error: Forbidden for url: https://www.zhihu.com/api/v3/feed/topstory/hot-lists/total?limit=50&desktop=true
2025-08-07 11:13:23,506 [ERROR] 没有获取到热榜数据，退出。
2025-08-07 12:29:48,119 [ERROR] 请求失败：403 Client Error: Forbidden for url: https://www.zhihu.com/api/v4/search/top_search
2025-08-07 12:29:48,119 [ERROR] 没有获取到热搜数据，退出。
2025-08-07 12:29:48,575 [ERROR] 请求失败：401 Client Error: Authorization Required for url: https://www.zhihu.com/api/v3/feed/topstory/hot-lists/total?limit=50&desktop=true
2025-08-07 12:29:48,575 [ERROR] 没有获取到热榜数据，退出。
2025-08-07 13:35:45,982 [ERROR] 请求失败：403 Client Error: Forbidden for url: https://www.zhihu.com/api/v4/search/top_search
2025-08-07 13:35:45,982 [ERROR] 没有获取到热搜数据，退出。
2025-08-07 13:35:46,347 [ERROR] 请求失败：401 Client Error: Authorization Required for url: https://www.zhihu.com/api/v3/feed/topstory/hot-lists/total?limit=50&desktop=true
2025-08-07 13:35:46,347 [ERROR] 没有获取到热榜数据，退出。
2025-08-07 14:18:05,033 [ERROR] 请求失败：403 Client Error: Forbidden for url: https://www.zhihu.com/api/v4/search/top_search
2025-08-07 14:18:05,033 [ERROR] 没有获取到热搜数据，退出。
2025-08-07 14:18:05,390 [ERROR] 请求失败：401 Client Error: Authorization Required for url: https://www.zhihu.com/api/v3/feed/topstory/hot-lists/total?limit=50&desktop=true
2025-08-07 14:18:05,390 [ERROR] 没有获取到热榜数据，退出。
2025-08-07 15:16:23,274 [ERROR] 请求失败：403 Client Error: Forbidden for url: https://www.zhihu.com/api/v4/search/top_search
2025-08-07 15:16:23,274 [ERROR] 没有获取到热搜数据，退出。
2025-08-07 15:16:23,694 [ERROR] 请求失败：403 Client Error: Forbidden for url: https://www.zhihu.com/api/v3/feed/topstory/hot-lists/total?limit=50&desktop=true
2025-08-07 15:16:23,694 [ERROR] 没有获取到热榜数据，退出。
2025-08-07 16:18:20,541 [ERROR] 请求失败：403 Client Error: Forbidden for url: https://www.zhihu.com/api/v4/search/top_search
2025-08-07 16:18:20,541 [ERROR] 没有获取到热搜数据，退出。
2025-08-07 16:18:21,039 [ERROR] 请求失败：403 Client Error: Forbidden for url: https://www.zhihu.com/api/v3/feed/topstory/hot-lists/total?limit=50&desktop=true
2025-08-07 16:18:21,039 [ERROR] 没有获取到热榜数据，退出。
2025-08-07 17:16:08,467 [ERROR] 请求失败：403 Client Error: Forbidden for url: https://www.zhihu.com/api/v4/search/top_search
2025-08-07 17:16:08,468 [ERROR] 没有获取到热搜数据，退出。
2025-08-07 17:16:08,875 [ERROR] 请求失败：401 Client Error: Authorization Required for url: https://www.zhihu.com/api/v3/feed/topstory/hot-lists/total?limit=50&desktop=true
2025-08-07 17:16:08,875 [ERROR] 没有获取到热榜数据，退出。
2025-08-07 18:21:33,428 [ERROR] 请求失败：403 Client Error: Forbidden for url: https://www.zhihu.com/api/v4/search/top_search
2025-08-07 18:21:33,429 [ERROR] 没有获取到热搜数据，退出。
2025-08-07 18:21:34,332 [ERROR] 请求失败：403 Client Error: Forbidden for url: https://www.zhihu.com/api/v3/feed/topstory/hot-lists/total?limit=50&desktop=true
2025-08-07 18:21:34,333 [ERROR] 没有获取到热榜数据，退出。
2025-08-07 19:15:24,163 [ERROR] 请求失败：403 Client Error: Forbidden for url: https://www.zhihu.com/api/v4/search/top_search
2025-08-07 19:15:24,163 [ERROR] 没有获取到热搜数据，退出。
2025-08-07 19:15:24,684 [ERROR] 请求失败：401 Client Error: Authorization Required for url: https://www.zhihu.com/api/v3/feed/topstory/hot-lists/total?limit=50&desktop=true
2025-08-07 19:15:24,685 [ERROR] 没有获取到热榜数据，退出。
2025-08-07 20:15:33,552 [ERROR] 请求失败：403 Client Error: Forbidden for url: https://www.zhihu.com/api/v4/search/top_search
2025-08-07 20:15:33,552 [ERROR] 没有获取到热搜数据，退出。
2025-08-07 20:15:34,491 [ERROR] 请求失败：401 Client Error: Authorization Required for url: https://www.zhihu.com/api/v3/feed/topstory/hot-lists/total?limit=50&desktop=true
2025-08-07 20:15:34,491 [ERROR] 没有获取到热榜数据，退出。
2025-08-07 21:12:03,793 [ERROR] 请求失败：403 Client Error: Forbidden for url: https://www.zhihu.com/api/v4/search/top_search
2025-08-07 21:12:03,794 [ERROR] 没有获取到热搜数据，退出。
2025-08-07 21:12:04,310 [ERROR] 请求失败：401 Client Error: Authorization Required for url: https://www.zhihu.com/api/v3/feed/topstory/hot-lists/total?limit=50&desktop=true
2025-08-07 21:12:04,310 [ERROR] 没有获取到热榜数据，退出。
2025-08-07 22:14:09,238 [ERROR] 请求失败：403 Client Error: Forbidden for url: https://www.zhihu.com/api/v4/search/top_search
2025-08-07 22:14:09,238 [ERROR] 没有获取到热搜数据，退出。
2025-08-07 22:14:10,093 [ERROR] 请求失败：401 Client Error: Authorization Required for url: https://www.zhihu.com/api/v3/feed/topstory/hot-lists/total?limit=50&desktop=true
2025-08-07 22:14:10,094 [ERROR] 没有获取到热榜数据，退出。
2025-08-07 23:13:58,432 [ERROR] 请求失败：403 Client Error: Forbidden for url: https://www.zhihu.com/api/v4/search/top_search
2025-08-07 23:13:58,433 [ERROR] 没有获取到热搜数据，退出。
2025-08-07 23:13:59,021 [ERROR] 请求失败：401 Client Error: Authorization Required for url: https://www.zhihu.com/api/v3/feed/topstory/hot-lists/total?limit=50&desktop=true
2025-08-07 23:13:59,021 [ERROR] 没有获取到热榜数据，退出。
