2025-05-16 01:04:01,104 [ERROR] 请求失败：403 Client Error: Forbidden for url: https://www.zhihu.com/api/v4/search/top_search
2025-05-16 01:04:01,104 [ERROR] 没有获取到热搜数据，退出。
2025-05-16 01:04:01,613 [ERROR] 请求失败：403 Client Error: Forbidden for url: https://www.zhihu.com/api/v3/feed/topstory/hot-lists/total?limit=50&desktop=true
2025-05-16 01:04:01,613 [ERROR] 没有获取到热榜数据，退出。
2025-05-16 03:08:03,511 [ERROR] 请求失败：403 Client Error: Forbidden for url: https://www.zhihu.com/api/v4/search/top_search
2025-05-16 03:08:03,512 [ERROR] 没有获取到热搜数据，退出。
2025-05-16 03:08:04,039 [ERROR] 请求失败：401 Client Error: Authorization Required for url: https://www.zhihu.com/api/v3/feed/topstory/hot-lists/total?limit=50&desktop=true
2025-05-16 03:08:04,039 [ERROR] 没有获取到热榜数据，退出。
2025-05-16 04:17:17,530 [ERROR] 请求失败：403 Client Error: Forbidden for url: https://www.zhihu.com/api/v4/search/top_search
2025-05-16 04:17:17,530 [ERROR] 没有获取到热搜数据，退出。
2025-05-16 04:17:18,152 [ERROR] 请求失败：403 Client Error: Forbidden for url: https://www.zhihu.com/api/v3/feed/topstory/hot-lists/total?limit=50&desktop=true
2025-05-16 04:17:18,152 [ERROR] 没有获取到热榜数据，退出。
2025-05-16 05:13:39,683 [ERROR] 请求失败：403 Client Error: Forbidden for url: https://www.zhihu.com/api/v4/search/top_search
2025-05-16 05:13:39,683 [ERROR] 没有获取到热搜数据，退出。
2025-05-16 05:13:40,133 [ERROR] 请求失败：403 Client Error: Forbidden for url: https://www.zhihu.com/api/v3/feed/topstory/hot-lists/total?limit=50&desktop=true
2025-05-16 05:13:40,134 [ERROR] 没有获取到热榜数据，退出。
2025-05-16 06:18:48,720 [ERROR] 请求失败：403 Client Error: Forbidden for url: https://www.zhihu.com/api/v4/search/top_search
2025-05-16 06:18:48,720 [ERROR] 没有获取到热搜数据，退出。
2025-05-16 06:18:49,197 [ERROR] 请求失败：403 Client Error: Forbidden for url: https://www.zhihu.com/api/v3/feed/topstory/hot-lists/total?limit=50&desktop=true
2025-05-16 06:18:49,197 [ERROR] 没有获取到热榜数据，退出。
2025-05-16 07:13:10,342 [ERROR] 请求失败：403 Client Error: Forbidden for url: https://www.zhihu.com/api/v4/search/top_search
2025-05-16 07:13:10,342 [ERROR] 没有获取到热搜数据，退出。
2025-05-16 07:13:10,831 [ERROR] 请求失败：401 Client Error: Authorization Required for url: https://www.zhihu.com/api/v3/feed/topstory/hot-lists/total?limit=50&desktop=true
2025-05-16 07:13:10,831 [ERROR] 没有获取到热榜数据，退出。
2025-05-16 08:17:40,785 [ERROR] 请求失败：403 Client Error: Forbidden for url: https://www.zhihu.com/api/v4/search/top_search
2025-05-16 08:17:40,785 [ERROR] 没有获取到热搜数据，退出。
2025-05-16 08:17:41,364 [ERROR] 请求失败：401 Client Error: Authorization Required for url: https://www.zhihu.com/api/v3/feed/topstory/hot-lists/total?limit=50&desktop=true
2025-05-16 08:17:41,364 [ERROR] 没有获取到热榜数据，退出。
2025-05-16 09:13:27,192 [ERROR] 请求失败：403 Client Error: Forbidden for url: https://www.zhihu.com/api/v4/search/top_search
2025-05-16 09:13:27,192 [ERROR] 没有获取到热搜数据，退出。
2025-05-16 09:13:27,831 [ERROR] 请求失败：403 Client Error: Forbidden for url: https://www.zhihu.com/api/v3/feed/topstory/hot-lists/total?limit=50&desktop=true
2025-05-16 09:13:27,831 [ERROR] 没有获取到热榜数据，退出。
2025-05-16 10:13:50,728 [ERROR] 请求失败：403 Client Error: Forbidden for url: https://www.zhihu.com/api/v4/search/top_search
2025-05-16 10:13:50,728 [ERROR] 没有获取到热搜数据，退出。
2025-05-16 10:13:51,178 [ERROR] 请求失败：403 Client Error: Forbidden for url: https://www.zhihu.com/api/v3/feed/topstory/hot-lists/total?limit=50&desktop=true
2025-05-16 10:13:51,179 [ERROR] 没有获取到热榜数据，退出。
2025-05-16 11:10:55,369 [ERROR] 请求失败：403 Client Error: Forbidden for url: https://www.zhihu.com/api/v4/search/top_search
2025-05-16 11:10:55,369 [ERROR] 没有获取到热搜数据，退出。
2025-05-16 11:10:55,940 [ERROR] 请求失败：403 Client Error: Forbidden for url: https://www.zhihu.com/api/v3/feed/topstory/hot-lists/total?limit=50&desktop=true
2025-05-16 11:10:55,940 [ERROR] 没有获取到热榜数据，退出。
2025-05-16 12:25:56,863 [ERROR] 请求失败：403 Client Error: Forbidden for url: https://www.zhihu.com/api/v4/search/top_search
2025-05-16 12:25:56,863 [ERROR] 没有获取到热搜数据，退出。
2025-05-16 12:25:57,333 [ERROR] 请求失败：401 Client Error: Authorization Required for url: https://www.zhihu.com/api/v3/feed/topstory/hot-lists/total?limit=50&desktop=true
2025-05-16 12:25:57,333 [ERROR] 没有获取到热榜数据，退出。
2025-05-16 13:25:06,640 [ERROR] 请求失败：403 Client Error: Forbidden for url: https://www.zhihu.com/api/v4/search/top_search
2025-05-16 13:25:06,640 [ERROR] 没有获取到热搜数据，退出。
2025-05-16 13:25:07,102 [ERROR] 请求失败：401 Client Error: Authorization Required for url: https://www.zhihu.com/api/v3/feed/topstory/hot-lists/total?limit=50&desktop=true
2025-05-16 13:25:07,102 [ERROR] 没有获取到热榜数据，退出。
2025-05-16 14:12:39,734 [INFO] 成功写入 10 条热搜到 hotresearch/2025_5_16/2025_5_16_14.txt
2025-05-16 14:12:40,203 [ERROR] 请求失败：401 Client Error: Authorization Required for url: https://www.zhihu.com/api/v3/feed/topstory/hot-lists/total?limit=50&desktop=true
2025-05-16 14:12:40,204 [ERROR] 没有获取到热榜数据，退出。
2025-05-16 15:11:54,851 [ERROR] 请求失败：403 Client Error: Forbidden for url: https://www.zhihu.com/api/v4/search/top_search
2025-05-16 15:11:54,851 [ERROR] 没有获取到热搜数据，退出。
2025-05-16 15:11:55,325 [ERROR] 请求失败：401 Client Error: Authorization Required for url: https://www.zhihu.com/api/v3/feed/topstory/hot-lists/total?limit=50&desktop=true
2025-05-16 15:11:55,325 [ERROR] 没有获取到热榜数据，退出。
2025-05-16 16:15:24,059 [ERROR] 请求失败：403 Client Error: Forbidden for url: https://www.zhihu.com/api/v4/search/top_search
2025-05-16 16:15:24,059 [ERROR] 没有获取到热搜数据，退出。
2025-05-16 16:15:24,644 [ERROR] 请求失败：401 Client Error: Authorization Required for url: https://www.zhihu.com/api/v3/feed/topstory/hot-lists/total?limit=50&desktop=true
2025-05-16 16:15:24,644 [ERROR] 没有获取到热榜数据，退出。
2025-05-16 17:10:10,212 [ERROR] 请求失败：403 Client Error: Forbidden for url: https://www.zhihu.com/api/v4/search/top_search
2025-05-16 17:10:10,213 [ERROR] 没有获取到热搜数据，退出。
2025-05-16 17:10:10,689 [ERROR] 请求失败：401 Client Error: Authorization Required for url: https://www.zhihu.com/api/v3/feed/topstory/hot-lists/total?limit=50&desktop=true
2025-05-16 17:10:10,689 [ERROR] 没有获取到热榜数据，退出。
2025-05-16 18:17:40,592 [ERROR] 请求失败：403 Client Error: Forbidden for url: https://www.zhihu.com/api/v4/search/top_search
2025-05-16 18:17:40,592 [ERROR] 没有获取到热搜数据，退出。
2025-05-16 18:17:41,160 [ERROR] 请求失败：401 Client Error: Authorization Required for url: https://www.zhihu.com/api/v3/feed/topstory/hot-lists/total?limit=50&desktop=true
2025-05-16 18:17:41,160 [ERROR] 没有获取到热榜数据，退出。
2025-05-16 19:10:34,621 [ERROR] 请求失败：403 Client Error: Forbidden for url: https://www.zhihu.com/api/v4/search/top_search
2025-05-16 19:10:34,622 [ERROR] 没有获取到热搜数据，退出。
2025-05-16 19:10:35,107 [ERROR] 请求失败：401 Client Error: Authorization Required for url: https://www.zhihu.com/api/v3/feed/topstory/hot-lists/total?limit=50&desktop=true
2025-05-16 19:10:35,107 [ERROR] 没有获取到热榜数据，退出。
2025-05-16 20:14:05,065 [ERROR] 请求失败：403 Client Error: Forbidden for url: https://www.zhihu.com/api/v4/search/top_search
2025-05-16 20:14:05,065 [ERROR] 没有获取到热搜数据，退出。
2025-05-16 20:14:05,536 [ERROR] 请求失败：401 Client Error: Authorization Required for url: https://www.zhihu.com/api/v3/feed/topstory/hot-lists/total?limit=50&desktop=true
2025-05-16 20:14:05,536 [ERROR] 没有获取到热榜数据，退出。
2025-05-16 21:11:40,015 [INFO] 成功写入 10 条热搜到 hotresearch/2025_5_16/2025_5_16_21.txt
2025-05-16 21:11:40,491 [ERROR] 请求失败：401 Client Error: Authorization Required for url: https://www.zhihu.com/api/v3/feed/topstory/hot-lists/total?limit=50&desktop=true
2025-05-16 21:11:40,491 [ERROR] 没有获取到热榜数据，退出。
