2025-08-15 01:07:00,393 [ERROR] 请求失败：403 Client Error: Forbidden for url: https://www.zhihu.com/api/v4/search/top_search
2025-08-15 01:07:00,393 [ERROR] 没有获取到热搜数据，退出。
2025-08-15 01:07:00,743 [ERROR] 请求失败：401 Client Error: Authorization Required for url: https://www.zhihu.com/api/v3/feed/topstory/hot-lists/total?limit=50&desktop=true
2025-08-15 01:07:00,743 [ERROR] 没有获取到热榜数据，退出。
2025-08-15 03:16:34,239 [INFO] 成功写入 10 条热搜到 hotresearch/2025_8_15/2025_8_15_3.txt
2025-08-15 03:16:34,668 [ERROR] 请求失败：403 Client Error: Forbidden for url: https://www.zhihu.com/api/v3/feed/topstory/hot-lists/total?limit=50&desktop=true
2025-08-15 03:16:34,668 [ERROR] 没有获取到热榜数据，退出。
2025-08-15 04:24:52,630 [ERROR] 请求失败：403 Client Error: Forbidden for url: https://www.zhihu.com/api/v4/search/top_search
2025-08-15 04:24:52,631 [ERROR] 没有获取到热搜数据，退出。
2025-08-15 04:24:53,015 [ERROR] 请求失败：403 Client Error: Forbidden for url: https://www.zhihu.com/api/v3/feed/topstory/hot-lists/total?limit=50&desktop=true
2025-08-15 04:24:53,016 [ERROR] 没有获取到热榜数据，退出。
2025-08-15 05:14:40,519 [ERROR] 请求失败：403 Client Error: Forbidden for url: https://www.zhihu.com/api/v4/search/top_search
2025-08-15 05:14:40,519 [ERROR] 没有获取到热搜数据，退出。
2025-08-15 05:14:41,347 [ERROR] 请求失败：403 Client Error: Forbidden for url: https://www.zhihu.com/api/v3/feed/topstory/hot-lists/total?limit=50&desktop=true
2025-08-15 05:14:41,347 [ERROR] 没有获取到热榜数据，退出。
2025-08-15 06:20:45,040 [ERROR] 请求失败：403 Client Error: Forbidden for url: https://www.zhihu.com/api/v4/search/top_search
2025-08-15 06:20:45,040 [ERROR] 没有获取到热搜数据，退出。
2025-08-15 06:20:45,405 [ERROR] 请求失败：401 Client Error: Authorization Required for url: https://www.zhihu.com/api/v3/feed/topstory/hot-lists/total?limit=50&desktop=true
2025-08-15 06:20:45,405 [ERROR] 没有获取到热榜数据，退出。
2025-08-15 07:14:06,100 [ERROR] 请求失败：403 Client Error: Forbidden for url: https://www.zhihu.com/api/v4/search/top_search
2025-08-15 07:14:06,100 [ERROR] 没有获取到热搜数据，退出。
2025-08-15 07:14:06,567 [ERROR] 请求失败：401 Client Error: Authorization Required for url: https://www.zhihu.com/api/v3/feed/topstory/hot-lists/total?limit=50&desktop=true
2025-08-15 07:14:06,567 [ERROR] 没有获取到热榜数据，退出。
2025-08-15 08:18:14,641 [ERROR] 请求失败：403 Client Error: Forbidden for url: https://www.zhihu.com/api/v4/search/top_search
2025-08-15 08:18:14,641 [ERROR] 没有获取到热搜数据，退出。
2025-08-15 08:18:15,534 [ERROR] 请求失败：403 Client Error: Forbidden for url: https://www.zhihu.com/api/v3/feed/topstory/hot-lists/total?limit=50&desktop=true
2025-08-15 08:18:15,534 [ERROR] 没有获取到热榜数据，退出。
2025-08-15 09:14:34,665 [ERROR] 请求失败：403 Client Error: Forbidden for url: https://www.zhihu.com/api/v4/search/top_search
2025-08-15 09:14:34,665 [ERROR] 没有获取到热搜数据，退出。
2025-08-15 09:14:35,618 [ERROR] 请求失败：403 Client Error: Forbidden for url: https://www.zhihu.com/api/v3/feed/topstory/hot-lists/total?limit=50&desktop=true
2025-08-15 09:14:35,618 [ERROR] 没有获取到热榜数据，退出。
2025-08-15 10:14:18,682 [ERROR] 请求失败：403 Client Error: Forbidden for url: https://www.zhihu.com/api/v4/search/top_search
2025-08-15 10:14:18,683 [ERROR] 没有获取到热搜数据，退出。
2025-08-15 10:14:19,179 [ERROR] 请求失败：403 Client Error: Forbidden for url: https://www.zhihu.com/api/v3/feed/topstory/hot-lists/total?limit=50&desktop=true
2025-08-15 10:14:19,179 [ERROR] 没有获取到热榜数据，退出。
2025-08-15 11:11:30,582 [ERROR] 请求失败：403 Client Error: Forbidden for url: https://www.zhihu.com/api/v4/search/top_search
2025-08-15 11:11:30,582 [ERROR] 没有获取到热搜数据，退出。
2025-08-15 11:11:31,021 [ERROR] 请求失败：401 Client Error: Authorization Required for url: https://www.zhihu.com/api/v3/feed/topstory/hot-lists/total?limit=50&desktop=true
2025-08-15 11:11:31,021 [ERROR] 没有获取到热榜数据，退出。
2025-08-15 12:26:25,223 [ERROR] 请求失败：403 Client Error: Forbidden for url: https://www.zhihu.com/api/v4/search/top_search
2025-08-15 12:26:25,223 [ERROR] 没有获取到热搜数据，退出。
2025-08-15 12:26:25,572 [ERROR] 请求失败：401 Client Error: Authorization Required for url: https://www.zhihu.com/api/v3/feed/topstory/hot-lists/total?limit=50&desktop=true
2025-08-15 12:26:25,572 [ERROR] 没有获取到热榜数据，退出。
2025-08-15 13:25:50,988 [ERROR] 请求失败：403 Client Error: Forbidden for url: https://www.zhihu.com/api/v4/search/top_search
2025-08-15 13:25:50,988 [ERROR] 没有获取到热搜数据，退出。
2025-08-15 13:25:51,404 [ERROR] 请求失败：401 Client Error: Authorization Required for url: https://www.zhihu.com/api/v3/feed/topstory/hot-lists/total?limit=50&desktop=true
2025-08-15 13:25:51,404 [ERROR] 没有获取到热榜数据，退出。
2025-08-15 14:13:06,918 [ERROR] 请求失败：403 Client Error: Forbidden for url: https://www.zhihu.com/api/v4/search/top_search
2025-08-15 14:13:06,918 [ERROR] 没有获取到热搜数据，退出。
2025-08-15 14:13:07,477 [ERROR] 请求失败：401 Client Error: Authorization Required for url: https://www.zhihu.com/api/v3/feed/topstory/hot-lists/total?limit=50&desktop=true
2025-08-15 14:13:07,477 [ERROR] 没有获取到热榜数据，退出。
2025-08-15 15:13:34,593 [ERROR] 请求失败：403 Client Error: Forbidden for url: https://www.zhihu.com/api/v4/search/top_search
2025-08-15 15:13:34,593 [ERROR] 没有获取到热搜数据，退出。
2025-08-15 15:13:35,231 [ERROR] 请求失败：403 Client Error: Forbidden for url: https://www.zhihu.com/api/v3/feed/topstory/hot-lists/total?limit=50&desktop=true
2025-08-15 15:13:35,231 [ERROR] 没有获取到热榜数据，退出。
2025-08-15 16:16:14,256 [ERROR] 请求失败：403 Client Error: Forbidden for url: https://www.zhihu.com/api/v4/search/top_search
2025-08-15 16:16:14,256 [ERROR] 没有获取到热搜数据，退出。
2025-08-15 16:16:14,972 [ERROR] 请求失败：403 Client Error: Forbidden for url: https://www.zhihu.com/api/v3/feed/topstory/hot-lists/total?limit=50&desktop=true
2025-08-15 16:16:14,972 [ERROR] 没有获取到热榜数据，退出。
2025-08-15 17:11:40,361 [ERROR] 请求失败：403 Client Error: Forbidden for url: https://www.zhihu.com/api/v4/search/top_search
2025-08-15 17:11:40,362 [ERROR] 没有获取到热搜数据，退出。
2025-08-15 17:11:40,904 [ERROR] 请求失败：401 Client Error: Authorization Required for url: https://www.zhihu.com/api/v3/feed/topstory/hot-lists/total?limit=50&desktop=true
2025-08-15 17:11:40,904 [ERROR] 没有获取到热榜数据，退出。
2025-08-15 18:19:12,971 [ERROR] 请求失败：403 Client Error: Forbidden for url: https://www.zhihu.com/api/v4/search/top_search
2025-08-15 18:19:12,971 [ERROR] 没有获取到热搜数据，退出。
2025-08-15 18:19:13,875 [ERROR] 请求失败：403 Client Error: Forbidden for url: https://www.zhihu.com/api/v3/feed/topstory/hot-lists/total?limit=50&desktop=true
2025-08-15 18:19:13,876 [ERROR] 没有获取到热榜数据，退出。
2025-08-15 19:10:20,053 [ERROR] 请求失败：403 Client Error: Forbidden for url: https://www.zhihu.com/api/v4/search/top_search
2025-08-15 19:10:20,054 [ERROR] 没有获取到热搜数据，退出。
2025-08-15 19:10:20,476 [ERROR] 请求失败：401 Client Error: Authorization Required for url: https://www.zhihu.com/api/v3/feed/topstory/hot-lists/total?limit=50&desktop=true
2025-08-15 19:10:20,477 [ERROR] 没有获取到热榜数据，退出。
2025-08-15 20:14:37,746 [ERROR] 请求失败：403 Client Error: Forbidden for url: https://www.zhihu.com/api/v4/search/top_search
2025-08-15 20:14:37,746 [ERROR] 没有获取到热搜数据，退出。
2025-08-15 20:14:38,597 [ERROR] 请求失败：401 Client Error: Authorization Required for url: https://www.zhihu.com/api/v3/feed/topstory/hot-lists/total?limit=50&desktop=true
2025-08-15 20:14:38,597 [ERROR] 没有获取到热榜数据，退出。
2025-08-15 21:10:51,053 [ERROR] 请求失败：403 Client Error: Forbidden for url: https://www.zhihu.com/api/v4/search/top_search
2025-08-15 21:10:51,053 [ERROR] 没有获取到热搜数据，退出。
2025-08-15 21:10:51,434 [ERROR] 请求失败：401 Client Error: Authorization Required for url: https://www.zhihu.com/api/v3/feed/topstory/hot-lists/total?limit=50&desktop=true
2025-08-15 21:10:51,434 [ERROR] 没有获取到热榜数据，退出。
2025-08-15 22:12:46,617 [ERROR] 请求失败：403 Client Error: Forbidden for url: https://www.zhihu.com/api/v4/search/top_search
2025-08-15 22:12:46,617 [ERROR] 没有获取到热搜数据，退出。
2025-08-15 22:12:47,151 [ERROR] 请求失败：401 Client Error: Authorization Required for url: https://www.zhihu.com/api/v3/feed/topstory/hot-lists/total?limit=50&desktop=true
2025-08-15 22:12:47,151 [ERROR] 没有获取到热榜数据，退出。
