2025-08-21 01:01:00,148 [ERROR] 请求失败：403 Client Error: Forbidden for url: https://www.zhihu.com/api/v4/search/top_search
2025-08-21 01:01:00,149 [ERROR] 没有获取到热搜数据，退出。
2025-08-21 01:01:00,570 [ERROR] 请求失败：401 Client Error: Authorization Required for url: https://www.zhihu.com/api/v3/feed/topstory/hot-lists/total?limit=50&desktop=true
2025-08-21 01:01:00,570 [ERROR] 没有获取到热榜数据，退出。
2025-08-21 03:02:39,017 [ERROR] 请求失败：403 Client Error: Forbidden for url: https://www.zhihu.com/api/v4/search/top_search
2025-08-21 03:02:39,017 [ERROR] 没有获取到热搜数据，退出。
2025-08-21 03:02:39,552 [ERROR] 请求失败：403 Client Error: Forbidden for url: https://www.zhihu.com/api/v3/feed/topstory/hot-lists/total?limit=50&desktop=true
2025-08-21 03:02:39,552 [ERROR] 没有获取到热榜数据，退出。
2025-08-21 04:16:00,314 [ERROR] 请求失败：403 Client Error: Forbidden for url: https://www.zhihu.com/api/v4/search/top_search
2025-08-21 04:16:00,314 [ERROR] 没有获取到热搜数据，退出。
2025-08-21 04:16:00,761 [ERROR] 请求失败：401 Client Error: Authorization Required for url: https://www.zhihu.com/api/v3/feed/topstory/hot-lists/total?limit=50&desktop=true
2025-08-21 04:16:00,762 [ERROR] 没有获取到热榜数据，退出。
2025-08-21 05:13:29,161 [ERROR] 请求失败：403 Client Error: Forbidden for url: https://www.zhihu.com/api/v4/search/top_search
2025-08-21 05:13:29,161 [ERROR] 没有获取到热搜数据，退出。
2025-08-21 05:13:29,572 [ERROR] 请求失败：401 Client Error: Authorization Required for url: https://www.zhihu.com/api/v3/feed/topstory/hot-lists/total?limit=50&desktop=true
2025-08-21 05:13:29,572 [ERROR] 没有获取到热榜数据，退出。
2025-08-21 06:29:14,264 [ERROR] 请求失败：403 Client Error: Forbidden for url: https://www.zhihu.com/api/v4/search/top_search
2025-08-21 06:29:14,265 [ERROR] 没有获取到热搜数据，退出。
2025-08-21 06:29:14,695 [ERROR] 请求失败：401 Client Error: Authorization Required for url: https://www.zhihu.com/api/v3/feed/topstory/hot-lists/total?limit=50&desktop=true
2025-08-21 06:29:14,695 [ERROR] 没有获取到热榜数据，退出。
2025-08-21 07:16:18,515 [ERROR] 请求失败：403 Client Error: Forbidden for url: https://www.zhihu.com/api/v4/search/top_search
2025-08-21 07:16:18,515 [ERROR] 没有获取到热搜数据，退出。
2025-08-21 07:16:18,935 [ERROR] 请求失败：401 Client Error: Authorization Required for url: https://www.zhihu.com/api/v3/feed/topstory/hot-lists/total?limit=50&desktop=true
2025-08-21 07:16:18,936 [ERROR] 没有获取到热榜数据，退出。
