2025-12-21 01:11:42,624 [INFO] 成功写入 10 条热搜到 hotresearch/2025_12_21/2025_12_21_1.txt
2025-12-21 01:11:43,078 [ERROR] 请求失败：401 Client Error: Authorization Required for url: https://www.zhihu.com/api/v3/feed/topstory/hot-lists/total?limit=50&desktop=true
2025-12-21 01:11:43,078 [ERROR] 没有获取到热榜数据，退出。
2025-12-21 03:23:39,864 [INFO] 成功写入 10 条热搜到 hotresearch/2025_12_21/2025_12_21_3.txt
2025-12-21 03:23:40,399 [ERROR] 请求失败：403 Client Error: Forbidden for url: https://www.zhihu.com/api/v3/feed/topstory/hot-lists/total?limit=50&desktop=true
2025-12-21 03:23:40,399 [ERROR] 没有获取到热榜数据，退出。
2025-12-21 04:31:42,973 [INFO] 成功写入 10 条热搜到 hotresearch/2025_12_21/2025_12_21_4.txt
2025-12-21 04:31:43,329 [ERROR] 请求失败：401 Client Error: Authorization Required for url: https://www.zhihu.com/api/v3/feed/topstory/hot-lists/total?limit=50&desktop=true
2025-12-21 04:31:43,329 [ERROR] 没有获取到热榜数据，退出。
2025-12-21 05:14:35,533 [INFO] 成功写入 10 条热搜到 hotresearch/2025_12_21/2025_12_21_5.txt
2025-12-21 05:14:36,064 [ERROR] 请求失败：403 Client Error: Forbidden for url: https://www.zhihu.com/api/v3/feed/topstory/hot-lists/total?limit=50&desktop=true
2025-12-21 05:14:36,064 [ERROR] 没有获取到热榜数据，退出。
2025-12-21 06:20:45,563 [WARNING] Retrying (Retry(total=4, connect=None, read=None, redirect=None, status=None)) after connection broken by 'NewConnectionError('<urllib3.connection.HTTPSConnection object at 0x7f67649f7fb0>: Failed to establish a new connection: [Errno 101] Network is unreachable')': /api/v4/search/top_search
2025-12-21 06:20:57,575 [WARNING] Retrying (Retry(total=3, connect=None, read=None, redirect=None, status=None)) after connection broken by 'NewConnectionError('<urllib3.connection.HTTPSConnection object at 0x7f6764824290>: Failed to establish a new connection: [Errno 101] Network is unreachable')': /api/v4/search/top_search
2025-12-21 06:21:11,582 [WARNING] Retrying (Retry(total=2, connect=None, read=None, redirect=None, status=None)) after connection broken by 'NewConnectionError('<urllib3.connection.HTTPSConnection object at 0x7f6764826840>: Failed to establish a new connection: [Errno 101] Network is unreachable')': /api/v4/search/top_search
2025-12-21 06:21:29,593 [WARNING] Retrying (Retry(total=1, connect=None, read=None, redirect=None, status=None)) after connection broken by 'NewConnectionError('<urllib3.connection.HTTPSConnection object at 0x7f6764826990>: Failed to establish a new connection: [Errno 101] Network is unreachable')': /api/v4/search/top_search
2025-12-21 06:21:55,605 [WARNING] Retrying (Retry(total=0, connect=None, read=None, redirect=None, status=None)) after connection broken by 'NewConnectionError('<urllib3.connection.HTTPSConnection object at 0x7f6764826ae0>: Failed to establish a new connection: [Errno 101] Network is unreachable')': /api/v4/search/top_search
2025-12-21 06:22:05,896 [ERROR] 请求失败：HTTPSConnectionPool(host='www.zhihu.com', port=443): Max retries exceeded with url: /api/v4/search/top_search (Caused by NewConnectionError('<urllib3.connection.HTTPSConnection object at 0x7f6764826c30>: Failed to establish a new connection: [Errno 101] Network is unreachable'))
2025-12-21 06:22:05,896 [ERROR] 没有获取到热搜数据，退出。
2025-12-21 06:22:16,017 [WARNING] Retrying (Retry(total=4, connect=None, read=None, redirect=None, status=None)) after connection broken by 'NewConnectionError('<urllib3.connection.HTTPSConnection object at 0x7faf4e442db0>: Failed to establish a new connection: [Errno 101] Network is unreachable')': /api/v3/feed/topstory/hot-lists/total?limit=50&desktop=true
2025-12-21 06:22:28,028 [WARNING] Retrying (Retry(total=3, connect=None, read=None, redirect=None, status=None)) after connection broken by 'NewConnectionError('<urllib3.connection.HTTPSConnection object at 0x7faf4f151d00>: Failed to establish a new connection: [Errno 101] Network is unreachable')': /api/v3/feed/topstory/hot-lists/total?limit=50&desktop=true
2025-12-21 06:22:42,040 [WARNING] Retrying (Retry(total=2, connect=None, read=None, redirect=None, status=None)) after connection broken by 'NewConnectionError('<urllib3.connection.HTTPSConnection object at 0x7faf4e443080>: Failed to establish a new connection: [Errno 101] Network is unreachable')': /api/v3/feed/topstory/hot-lists/total?limit=50&desktop=true
2025-12-21 06:23:00,051 [WARNING] Retrying (Retry(total=1, connect=None, read=None, redirect=None, status=None)) after connection broken by 'NewConnectionError('<urllib3.connection.HTTPSConnection object at 0x7faf4e4431d0>: Failed to establish a new connection: [Errno 101] Network is unreachable')': /api/v3/feed/topstory/hot-lists/total?limit=50&desktop=true
2025-12-21 06:23:26,208 [WARNING] Retrying (Retry(total=0, connect=None, read=None, redirect=None, status=None)) after connection broken by 'NewConnectionError('<urllib3.connection.HTTPSConnection object at 0x7faf4e443320>: Failed to establish a new connection: [Errno 101] Network is unreachable')': /api/v3/feed/topstory/hot-lists/total?limit=50&desktop=true
2025-12-21 06:23:36,219 [ERROR] 请求失败：HTTPSConnectionPool(host='www.zhihu.com', port=443): Max retries exceeded with url: /api/v3/feed/topstory/hot-lists/total?limit=50&desktop=true (Caused by NewConnectionError('<urllib3.connection.HTTPSConnection object at 0x7faf4e443470>: Failed to establish a new connection: [Errno 101] Network is unreachable'))
2025-12-21 06:23:36,219 [ERROR] 没有获取到热榜数据，退出。
2025-12-21 07:13:38,538 [INFO] 成功写入 10 条热搜到 hotresearch/2025_12_21/2025_12_21_7.txt
2025-12-21 07:13:39,017 [ERROR] 请求失败：401 Client Error: Authorization Required for url: https://www.zhihu.com/api/v3/feed/topstory/hot-lists/total?limit=50&desktop=true
2025-12-21 07:13:39,017 [ERROR] 没有获取到热榜数据，退出。
2025-12-21 08:17:53,819 [INFO] 成功写入 10 条热搜到 hotresearch/2025_12_21/2025_12_21_8.txt
2025-12-21 08:17:54,175 [ERROR] 请求失败：401 Client Error: Authorization Required for url: https://www.zhihu.com/api/v3/feed/topstory/hot-lists/total?limit=50&desktop=true
2025-12-21 08:17:54,175 [ERROR] 没有获取到热榜数据，退出。
2025-12-21 09:13:29,187 [INFO] 成功写入 10 条热搜到 hotresearch/2025_12_21/2025_12_21_9.txt
2025-12-21 09:13:29,632 [ERROR] 请求失败：401 Client Error: Authorization Required for url: https://www.zhihu.com/api/v3/feed/topstory/hot-lists/total?limit=50&desktop=true
2025-12-21 09:13:29,632 [ERROR] 没有获取到热榜数据，退出。
2025-12-21 10:13:41,988 [INFO] 成功写入 10 条热搜到 hotresearch/2025_12_21/2025_12_21_10.txt
2025-12-21 10:13:42,523 [ERROR] 请求失败：401 Client Error: Authorization Required for url: https://www.zhihu.com/api/v3/feed/topstory/hot-lists/total?limit=50&desktop=true
2025-12-21 10:13:42,523 [ERROR] 没有获取到热榜数据，退出。
2025-12-21 11:11:04,949 [INFO] 成功写入 10 条热搜到 hotresearch/2025_12_21/2025_12_21_11.txt
2025-12-21 11:11:05,306 [ERROR] 请求失败：401 Client Error: Authorization Required for url: https://www.zhihu.com/api/v3/feed/topstory/hot-lists/total?limit=50&desktop=true
2025-12-21 11:11:05,306 [ERROR] 没有获取到热榜数据，退出。
2025-12-21 12:26:06,912 [INFO] 成功写入 10 条热搜到 hotresearch/2025_12_21/2025_12_21_12.txt
2025-12-21 12:26:07,436 [ERROR] 请求失败：401 Client Error: Authorization Required for url: https://www.zhihu.com/api/v3/feed/topstory/hot-lists/total?limit=50&desktop=true
2025-12-21 12:26:07,436 [ERROR] 没有获取到热榜数据，退出。
2025-12-21 13:22:47,778 [INFO] 成功写入 10 条热搜到 hotresearch/2025_12_21/2025_12_21_13.txt
2025-12-21 13:22:48,153 [ERROR] 请求失败：401 Client Error: Authorization Required for url: https://www.zhihu.com/api/v3/feed/topstory/hot-lists/total?limit=50&desktop=true
2025-12-21 13:22:48,153 [ERROR] 没有获取到热榜数据，退出。
2025-12-21 14:12:27,031 [INFO] 成功写入 10 条热搜到 hotresearch/2025_12_21/2025_12_21_14.txt
2025-12-21 14:12:27,500 [ERROR] 请求失败：403 Client Error: Forbidden for url: https://www.zhihu.com/api/v3/feed/topstory/hot-lists/total?limit=50&desktop=true
2025-12-21 14:12:27,500 [ERROR] 没有获取到热榜数据，退出。
2025-12-21 15:12:30,806 [INFO] 成功写入 10 条热搜到 hotresearch/2025_12_21/2025_12_21_15.txt
2025-12-21 15:12:31,276 [ERROR] 请求失败：401 Client Error: Authorization Required for url: https://www.zhihu.com/api/v3/feed/topstory/hot-lists/total?limit=50&desktop=true
2025-12-21 15:12:31,276 [ERROR] 没有获取到热榜数据，退出。
2025-12-21 16:15:35,498 [INFO] 成功写入 10 条热搜到 hotresearch/2025_12_21/2025_12_21_16.txt
2025-12-21 16:15:35,873 [ERROR] 请求失败：401 Client Error: Authorization Required for url: https://www.zhihu.com/api/v3/feed/topstory/hot-lists/total?limit=50&desktop=true
2025-12-21 16:15:35,873 [ERROR] 没有获取到热榜数据，退出。
2025-12-21 17:11:40,186 [INFO] 成功写入 10 条热搜到 hotresearch/2025_12_21/2025_12_21_17.txt
2025-12-21 17:11:40,669 [ERROR] 请求失败：403 Client Error: Forbidden for url: https://www.zhihu.com/api/v3/feed/topstory/hot-lists/total?limit=50&desktop=true
2025-12-21 17:11:40,669 [ERROR] 没有获取到热榜数据，退出。
2025-12-21 18:18:59,386 [INFO] 成功写入 10 条热搜到 hotresearch/2025_12_21/2025_12_21_18.txt
2025-12-21 18:18:59,898 [ERROR] 请求失败：401 Client Error: Authorization Required for url: https://www.zhihu.com/api/v3/feed/topstory/hot-lists/total?limit=50&desktop=true
2025-12-21 18:18:59,898 [ERROR] 没有获取到热榜数据，退出。
2025-12-21 19:10:23,207 [INFO] 成功写入 10 条热搜到 hotresearch/2025_12_21/2025_12_21_19.txt
2025-12-21 19:10:23,559 [ERROR] 请求失败：401 Client Error: Authorization Required for url: https://www.zhihu.com/api/v3/feed/topstory/hot-lists/total?limit=50&desktop=true
2025-12-21 19:10:23,559 [ERROR] 没有获取到热榜数据，退出。
2025-12-21 20:14:19,662 [ERROR] 请求失败：403 Client Error: Forbidden for url: https://www.zhihu.com/api/v4/search/top_search
2025-12-21 20:14:19,662 [ERROR] 没有获取到热搜数据，退出。
2025-12-21 20:14:20,120 [ERROR] 请求失败：401 Client Error: Authorization Required for url: https://www.zhihu.com/api/v3/feed/topstory/hot-lists/total?limit=50&desktop=true
2025-12-21 20:14:20,120 [ERROR] 没有获取到热榜数据，退出。
