2025-08-09 01:05:38,617 [ERROR] 请求失败：403 Client Error: Forbidden for url: https://www.zhihu.com/api/v4/search/top_search
2025-08-09 01:05:38,617 [ERROR] 没有获取到热搜数据，退出。
2025-08-09 01:05:39,663 [ERROR] 请求失败：403 Client Error: Forbidden for url: https://www.zhihu.com/api/v3/feed/topstory/hot-lists/total?limit=50&desktop=true
2025-08-09 01:05:39,663 [ERROR] 没有获取到热榜数据，退出。
2025-08-09 03:15:17,806 [ERROR] 请求失败：403 Client Error: Forbidden for url: https://www.zhihu.com/api/v4/search/top_search
2025-08-09 03:15:17,806 [ERROR] 没有获取到热搜数据，退出。
2025-08-09 03:15:18,222 [ERROR] 请求失败：401 Client Error: Authorization Required for url: https://www.zhihu.com/api/v3/feed/topstory/hot-lists/total?limit=50&desktop=true
2025-08-09 03:15:18,222 [ERROR] 没有获取到热榜数据，退出。
2025-08-09 04:23:07,555 [ERROR] 请求失败：403 Client Error: Forbidden for url: https://www.zhihu.com/api/v4/search/top_search
2025-08-09 04:23:07,555 [ERROR] 没有获取到热搜数据，退出。
2025-08-09 04:23:07,897 [ERROR] 请求失败：401 Client Error: Authorization Required for url: https://www.zhihu.com/api/v3/feed/topstory/hot-lists/total?limit=50&desktop=true
2025-08-09 04:23:07,897 [ERROR] 没有获取到热榜数据，退出。
2025-08-09 05:13:42,791 [ERROR] 请求失败：403 Client Error: Forbidden for url: https://www.zhihu.com/api/v4/search/top_search
2025-08-09 05:13:42,791 [ERROR] 没有获取到热搜数据，退出。
2025-08-09 05:13:43,208 [ERROR] 请求失败：403 Client Error: Forbidden for url: https://www.zhihu.com/api/v3/feed/topstory/hot-lists/total?limit=50&desktop=true
2025-08-09 05:13:43,208 [ERROR] 没有获取到热榜数据，退出。
2025-08-09 06:19:17,547 [ERROR] 请求失败：403 Client Error: Forbidden for url: https://www.zhihu.com/api/v4/search/top_search
2025-08-09 06:19:17,547 [ERROR] 没有获取到热搜数据，退出。
2025-08-09 06:19:18,005 [ERROR] 请求失败：403 Client Error: Forbidden for url: https://www.zhihu.com/api/v3/feed/topstory/hot-lists/total?limit=50&desktop=true
2025-08-09 06:19:18,005 [ERROR] 没有获取到热榜数据，退出。
2025-08-09 07:12:27,976 [ERROR] 请求失败：403 Client Error: Forbidden for url: https://www.zhihu.com/api/v4/search/top_search
2025-08-09 07:12:27,976 [ERROR] 没有获取到热搜数据，退出。
2025-08-09 07:12:28,778 [ERROR] 请求失败：403 Client Error: Forbidden for url: https://www.zhihu.com/api/v3/feed/topstory/hot-lists/total?limit=50&desktop=true
2025-08-09 07:12:28,778 [ERROR] 没有获取到热榜数据，退出。
2025-08-09 08:16:53,661 [ERROR] 请求失败：403 Client Error: Forbidden for url: https://www.zhihu.com/api/v4/search/top_search
2025-08-09 08:16:53,661 [ERROR] 没有获取到热搜数据，退出。
2025-08-09 08:16:54,072 [ERROR] 请求失败：401 Client Error: Authorization Required for url: https://www.zhihu.com/api/v3/feed/topstory/hot-lists/total?limit=50&desktop=true
2025-08-09 08:16:54,073 [ERROR] 没有获取到热榜数据，退出。
2025-08-09 09:13:10,820 [ERROR] 请求失败：403 Client Error: Forbidden for url: https://www.zhihu.com/api/v4/search/top_search
2025-08-09 09:13:10,821 [ERROR] 没有获取到热搜数据，退出。
2025-08-09 09:13:11,223 [ERROR] 请求失败：401 Client Error: Authorization Required for url: https://www.zhihu.com/api/v3/feed/topstory/hot-lists/total?limit=50&desktop=true
2025-08-09 09:13:11,223 [ERROR] 没有获取到热榜数据，退出。
2025-08-09 10:13:12,912 [ERROR] 请求失败：403 Client Error: Forbidden for url: https://www.zhihu.com/api/v4/search/top_search
2025-08-09 10:13:12,912 [ERROR] 没有获取到热搜数据，退出。
2025-08-09 10:13:13,373 [ERROR] 请求失败：401 Client Error: Authorization Required for url: https://www.zhihu.com/api/v3/feed/topstory/hot-lists/total?limit=50&desktop=true
2025-08-09 10:13:13,373 [ERROR] 没有获取到热榜数据，退出。
2025-08-09 11:10:54,076 [ERROR] 请求失败：403 Client Error: Forbidden for url: https://www.zhihu.com/api/v4/search/top_search
2025-08-09 11:10:54,076 [ERROR] 没有获取到热搜数据，退出。
2025-08-09 11:10:54,628 [ERROR] 请求失败：401 Client Error: Authorization Required for url: https://www.zhihu.com/api/v3/feed/topstory/hot-lists/total?limit=50&desktop=true
2025-08-09 11:10:54,629 [ERROR] 没有获取到热榜数据，退出。
2025-08-09 12:25:24,647 [ERROR] 请求失败：403 Client Error: Forbidden for url: https://www.zhihu.com/api/v4/search/top_search
2025-08-09 12:25:24,647 [ERROR] 没有获取到热搜数据，退出。
2025-08-09 12:25:25,559 [ERROR] 请求失败：403 Client Error: Forbidden for url: https://www.zhihu.com/api/v3/feed/topstory/hot-lists/total?limit=50&desktop=true
2025-08-09 12:25:25,559 [ERROR] 没有获取到热榜数据，退出。
2025-08-09 13:24:07,460 [ERROR] 请求失败：403 Client Error: Forbidden for url: https://www.zhihu.com/api/v4/search/top_search
2025-08-09 13:24:07,460 [ERROR] 没有获取到热搜数据，退出。
2025-08-09 13:24:07,922 [ERROR] 请求失败：401 Client Error: Authorization Required for url: https://www.zhihu.com/api/v3/feed/topstory/hot-lists/total?limit=50&desktop=true
2025-08-09 13:24:07,922 [ERROR] 没有获取到热榜数据，退出。
2025-08-09 14:12:23,296 [ERROR] 请求失败：403 Client Error: Forbidden for url: https://www.zhihu.com/api/v4/search/top_search
2025-08-09 14:12:23,296 [ERROR] 没有获取到热搜数据，退出。
2025-08-09 14:12:23,683 [ERROR] 请求失败：401 Client Error: Authorization Required for url: https://www.zhihu.com/api/v3/feed/topstory/hot-lists/total?limit=50&desktop=true
2025-08-09 14:12:23,683 [ERROR] 没有获取到热榜数据，退出。
2025-08-09 15:12:41,106 [ERROR] 请求失败：403 Client Error: Forbidden for url: https://www.zhihu.com/api/v4/search/top_search
2025-08-09 15:12:41,106 [ERROR] 没有获取到热搜数据，退出。
2025-08-09 15:12:41,478 [ERROR] 请求失败：401 Client Error: Authorization Required for url: https://www.zhihu.com/api/v3/feed/topstory/hot-lists/total?limit=50&desktop=true
2025-08-09 15:12:41,478 [ERROR] 没有获取到热榜数据，退出。
2025-08-09 16:15:34,794 [ERROR] 请求失败：403 Client Error: Forbidden for url: https://www.zhihu.com/api/v4/search/top_search
2025-08-09 16:15:34,794 [ERROR] 没有获取到热搜数据，退出。
2025-08-09 16:15:35,203 [ERROR] 请求失败：401 Client Error: Authorization Required for url: https://www.zhihu.com/api/v3/feed/topstory/hot-lists/total?limit=50&desktop=true
2025-08-09 16:15:35,204 [ERROR] 没有获取到热榜数据，退出。
2025-08-09 17:11:00,312 [ERROR] 请求失败：403 Client Error: Forbidden for url: https://www.zhihu.com/api/v4/search/top_search
2025-08-09 17:11:00,312 [ERROR] 没有获取到热搜数据，退出。
2025-08-09 17:11:00,717 [ERROR] 请求失败：401 Client Error: Authorization Required for url: https://www.zhihu.com/api/v3/feed/topstory/hot-lists/total?limit=50&desktop=true
2025-08-09 17:11:00,717 [ERROR] 没有获取到热榜数据，退出。
2025-08-09 18:18:14,639 [ERROR] 请求失败：403 Client Error: Forbidden for url: https://www.zhihu.com/api/v4/search/top_search
2025-08-09 18:18:14,640 [ERROR] 没有获取到热搜数据，退出。
2025-08-09 18:18:15,123 [ERROR] 请求失败：401 Client Error: Authorization Required for url: https://www.zhihu.com/api/v3/feed/topstory/hot-lists/total?limit=50&desktop=true
2025-08-09 18:18:15,123 [ERROR] 没有获取到热榜数据，退出。
2025-08-09 19:10:04,008 [WARNING] Retrying (Retry(total=4, connect=None, read=None, redirect=None, status=None)) after connection broken by 'NewConnectionError('<urllib3.connection.HTTPSConnection object at 0x7f10c64acc20>: Failed to establish a new connection: [Errno 101] Network is unreachable')': /api/v4/search/top_search
2025-08-09 19:10:16,019 [WARNING] Retrying (Retry(total=3, connect=None, read=None, redirect=None, status=None)) after connection broken by 'NewConnectionError('<urllib3.connection.HTTPSConnection object at 0x7f10c64d1cd0>: Failed to establish a new connection: [Errno 101] Network is unreachable')': /api/v4/search/top_search
2025-08-09 19:10:30,031 [WARNING] Retrying (Retry(total=2, connect=None, read=None, redirect=None, status=None)) after connection broken by 'NewConnectionError('<urllib3.connection.HTTPSConnection object at 0x7f10c62264e0>: Failed to establish a new connection: [Errno 101] Network is unreachable')': /api/v4/search/top_search
2025-08-09 19:10:48,042 [WARNING] Retrying (Retry(total=1, connect=None, read=None, redirect=None, status=None)) after connection broken by 'NewConnectionError('<urllib3.connection.HTTPSConnection object at 0x7f10c62266c0>: Failed to establish a new connection: [Errno 101] Network is unreachable')': /api/v4/search/top_search
2025-08-09 19:11:14,053 [WARNING] Retrying (Retry(total=0, connect=None, read=None, redirect=None, status=None)) after connection broken by 'NewConnectionError('<urllib3.connection.HTTPSConnection object at 0x7f10c6226810>: Failed to establish a new connection: [Errno 101] Network is unreachable')': /api/v4/search/top_search
2025-08-09 19:11:24,341 [ERROR] 请求失败：HTTPSConnectionPool(host='www.zhihu.com', port=443): Max retries exceeded with url: /api/v4/search/top_search (Caused by NewConnectionError('<urllib3.connection.HTTPSConnection object at 0x7f10c6226960>: Failed to establish a new connection: [Errno 101] Network is unreachable'))
2025-08-09 19:11:24,341 [ERROR] 没有获取到热搜数据，退出。
2025-08-09 19:11:34,458 [WARNING] Retrying (Retry(total=4, connect=None, read=None, redirect=None, status=None)) after connection broken by 'NewConnectionError('<urllib3.connection.HTTPSConnection object at 0x7fd5ef76e4b0>: Failed to establish a new connection: [Errno 101] Network is unreachable')': /api/v3/feed/topstory/hot-lists/total?limit=50&desktop=true
2025-08-09 19:11:46,469 [WARNING] Retrying (Retry(total=3, connect=None, read=None, redirect=None, status=None)) after connection broken by 'NewConnectionError('<urllib3.connection.HTTPSConnection object at 0x7fd5ef76ec60>: Failed to establish a new connection: [Errno 101] Network is unreachable')': /api/v3/feed/topstory/hot-lists/total?limit=50&desktop=true
2025-08-09 19:12:00,476 [WARNING] Retrying (Retry(total=2, connect=None, read=None, redirect=None, status=None)) after connection broken by 'NewConnectionError('<urllib3.connection.HTTPSConnection object at 0x7fd5ef76ee40>: Failed to establish a new connection: [Errno 101] Network is unreachable')': /api/v3/feed/topstory/hot-lists/total?limit=50&desktop=true
2025-08-09 19:12:18,488 [WARNING] Retrying (Retry(total=1, connect=None, read=None, redirect=None, status=None)) after connection broken by 'NewConnectionError('<urllib3.connection.HTTPSConnection object at 0x7fd5ef76ef90>: Failed to establish a new connection: [Errno 101] Network is unreachable')': /api/v3/feed/topstory/hot-lists/total?limit=50&desktop=true
2025-08-09 19:12:44,689 [WARNING] Retrying (Retry(total=0, connect=None, read=None, redirect=None, status=None)) after connection broken by 'NewConnectionError('<urllib3.connection.HTTPSConnection object at 0x7fd5ef76f0e0>: Failed to establish a new connection: [Errno 101] Network is unreachable')': /api/v3/feed/topstory/hot-lists/total?limit=50&desktop=true
2025-08-09 19:12:54,700 [ERROR] 请求失败：HTTPSConnectionPool(host='www.zhihu.com', port=443): Max retries exceeded with url: /api/v3/feed/topstory/hot-lists/total?limit=50&desktop=true (Caused by NewConnectionError('<urllib3.connection.HTTPSConnection object at 0x7fd5ef76f230>: Failed to establish a new connection: [Errno 101] Network is unreachable'))
2025-08-09 19:12:54,701 [ERROR] 没有获取到热榜数据，退出。
2025-08-09 20:13:58,617 [ERROR] 请求失败：403 Client Error: Forbidden for url: https://www.zhihu.com/api/v4/search/top_search
2025-08-09 20:13:58,617 [ERROR] 没有获取到热搜数据，退出。
2025-08-09 20:13:59,510 [ERROR] 请求失败：403 Client Error: Forbidden for url: https://www.zhihu.com/api/v3/feed/topstory/hot-lists/total?limit=50&desktop=true
2025-08-09 20:13:59,511 [ERROR] 没有获取到热榜数据，退出。
2025-08-09 21:11:50,018 [ERROR] 请求失败：403 Client Error: Forbidden for url: https://www.zhihu.com/api/v4/search/top_search
2025-08-09 21:11:50,018 [ERROR] 没有获取到热搜数据，退出。
2025-08-09 21:11:51,014 [ERROR] 请求失败：401 Client Error: Authorization Required for url: https://www.zhihu.com/api/v3/feed/topstory/hot-lists/total?limit=50&desktop=true
2025-08-09 21:11:51,014 [ERROR] 没有获取到热榜数据，退出。
2025-08-09 22:12:44,327 [ERROR] 请求失败：403 Client Error: Forbidden for url: https://www.zhihu.com/api/v4/search/top_search
2025-08-09 22:12:44,327 [ERROR] 没有获取到热搜数据，退出。
2025-08-09 22:12:45,167 [ERROR] 请求失败：401 Client Error: Authorization Required for url: https://www.zhihu.com/api/v3/feed/topstory/hot-lists/total?limit=50&desktop=true
2025-08-09 22:12:45,167 [ERROR] 没有获取到热榜数据，退出。
2025-08-09 23:12:45,095 [ERROR] 请求失败：403 Client Error: Forbidden for url: https://www.zhihu.com/api/v4/search/top_search
2025-08-09 23:12:45,096 [ERROR] 没有获取到热搜数据，退出。
2025-08-09 23:12:45,591 [ERROR] 请求失败：401 Client Error: Authorization Required for url: https://www.zhihu.com/api/v3/feed/topstory/hot-lists/total?limit=50&desktop=true
2025-08-09 23:12:45,591 [ERROR] 没有获取到热榜数据，退出。
