2025-05-31 01:02:37,366 [ERROR] 请求失败：403 Client Error: Forbidden for url: https://www.zhihu.com/api/v4/search/top_search
2025-05-31 01:02:37,367 [ERROR] 没有获取到热搜数据，退出。
2025-05-31 01:02:37,879 [ERROR] 请求失败：403 Client Error: Forbidden for url: https://www.zhihu.com/api/v3/feed/topstory/hot-lists/total?limit=50&desktop=true
2025-05-31 01:02:37,879 [ERROR] 没有获取到热榜数据，退出。
2025-05-31 03:05:42,536 [ERROR] 请求失败：403 Client Error: Forbidden for url: https://www.zhihu.com/api/v4/search/top_search
2025-05-31 03:05:42,536 [ERROR] 没有获取到热搜数据，退出。
2025-05-31 03:05:43,040 [ERROR] 请求失败：401 Client Error: Authorization Required for url: https://www.zhihu.com/api/v3/feed/topstory/hot-lists/total?limit=50&desktop=true
2025-05-31 03:05:43,040 [ERROR] 没有获取到热榜数据，退出。
2025-05-31 04:16:34,447 [ERROR] 请求失败：403 Client Error: Forbidden for url: https://www.zhihu.com/api/v4/search/top_search
2025-05-31 04:16:34,448 [ERROR] 没有获取到热搜数据，退出。
2025-05-31 04:16:34,838 [ERROR] 请求失败：401 Client Error: Authorization Required for url: https://www.zhihu.com/api/v3/feed/topstory/hot-lists/total?limit=50&desktop=true
2025-05-31 04:16:34,839 [ERROR] 没有获取到热榜数据，退出。
2025-05-31 05:12:32,965 [ERROR] 请求失败：403 Client Error: Forbidden for url: https://www.zhihu.com/api/v4/search/top_search
2025-05-31 05:12:32,965 [ERROR] 没有获取到热搜数据，退出。
2025-05-31 05:12:33,321 [ERROR] 请求失败：401 Client Error: Authorization Required for url: https://www.zhihu.com/api/v3/feed/topstory/hot-lists/total?limit=50&desktop=true
2025-05-31 05:12:33,321 [ERROR] 没有获取到热榜数据，退出。
2025-05-31 06:17:08,163 [ERROR] 请求失败：403 Client Error: Forbidden for url: https://www.zhihu.com/api/v4/search/top_search
2025-05-31 06:17:08,163 [ERROR] 没有获取到热搜数据，退出。
2025-05-31 06:17:08,511 [ERROR] 请求失败：401 Client Error: Authorization Required for url: https://www.zhihu.com/api/v3/feed/topstory/hot-lists/total?limit=50&desktop=true
2025-05-31 06:17:08,512 [ERROR] 没有获取到热榜数据，退出。
2025-05-31 07:11:49,110 [ERROR] 请求失败：403 Client Error: Forbidden for url: https://www.zhihu.com/api/v4/search/top_search
2025-05-31 07:11:49,110 [ERROR] 没有获取到热搜数据，退出。
2025-05-31 07:11:49,586 [ERROR] 请求失败：401 Client Error: Authorization Required for url: https://www.zhihu.com/api/v3/feed/topstory/hot-lists/total?limit=50&desktop=true
2025-05-31 07:11:49,586 [ERROR] 没有获取到热榜数据，退出。
2025-05-31 08:15:39,334 [ERROR] 请求失败：403 Client Error: Forbidden for url: https://www.zhihu.com/api/v4/search/top_search
2025-05-31 08:15:39,334 [ERROR] 没有获取到热搜数据，退出。
2025-05-31 08:15:39,689 [ERROR] 请求失败：401 Client Error: Authorization Required for url: https://www.zhihu.com/api/v3/feed/topstory/hot-lists/total?limit=50&desktop=true
2025-05-31 08:15:39,689 [ERROR] 没有获取到热榜数据，退出。
2025-05-31 09:12:30,030 [ERROR] 请求失败：403 Client Error: Forbidden for url: https://www.zhihu.com/api/v4/search/top_search
2025-05-31 09:12:30,030 [ERROR] 没有获取到热搜数据，退出。
2025-05-31 09:12:30,474 [ERROR] 请求失败：401 Client Error: Authorization Required for url: https://www.zhihu.com/api/v3/feed/topstory/hot-lists/total?limit=50&desktop=true
2025-05-31 09:12:30,474 [ERROR] 没有获取到热榜数据，退出。
2025-05-31 10:12:32,128 [ERROR] 请求失败：403 Client Error: Forbidden for url: https://www.zhihu.com/api/v4/search/top_search
2025-05-31 10:12:32,128 [ERROR] 没有获取到热搜数据，退出。
2025-05-31 10:12:32,617 [ERROR] 请求失败：401 Client Error: Authorization Required for url: https://www.zhihu.com/api/v3/feed/topstory/hot-lists/total?limit=50&desktop=true
2025-05-31 10:12:32,617 [ERROR] 没有获取到热榜数据，退出。
2025-05-31 11:09:53,890 [ERROR] 请求失败：403 Client Error: Forbidden for url: https://www.zhihu.com/api/v4/search/top_search
2025-05-31 11:09:53,890 [ERROR] 没有获取到热搜数据，退出。
2025-05-31 11:09:54,253 [ERROR] 请求失败：401 Client Error: Authorization Required for url: https://www.zhihu.com/api/v3/feed/topstory/hot-lists/total?limit=50&desktop=true
2025-05-31 11:09:54,253 [ERROR] 没有获取到热榜数据，退出。
2025-05-31 12:22:55,727 [ERROR] 请求失败：403 Client Error: Forbidden for url: https://www.zhihu.com/api/v4/search/top_search
2025-05-31 12:22:55,727 [ERROR] 没有获取到热搜数据，退出。
2025-05-31 12:22:56,195 [ERROR] 请求失败：401 Client Error: Authorization Required for url: https://www.zhihu.com/api/v3/feed/topstory/hot-lists/total?limit=50&desktop=true
2025-05-31 12:22:56,195 [ERROR] 没有获取到热榜数据，退出。
