2025-10-16 01:00:17,759 [ERROR] 请求失败：403 Client Error: Forbidden for url: https://www.zhihu.com/api/v4/search/top_search
2025-10-16 01:00:17,759 [ERROR] 没有获取到热搜数据，退出。
2025-10-16 01:00:18,193 [ERROR] 请求失败：401 Client Error: Authorization Required for url: https://www.zhihu.com/api/v3/feed/topstory/hot-lists/total?limit=50&desktop=true
2025-10-16 01:00:18,193 [ERROR] 没有获取到热榜数据，退出。
2025-10-16 02:58:12,121 [ERROR] 请求失败：403 Client Error: Forbidden for url: https://www.zhihu.com/api/v4/search/top_search
2025-10-16 02:58:12,121 [ERROR] 没有获取到热搜数据，退出。
2025-10-16 02:58:12,498 [ERROR] 请求失败：401 Client Error: Authorization Required for url: https://www.zhihu.com/api/v3/feed/topstory/hot-lists/total?limit=50&desktop=true
2025-10-16 02:58:12,498 [ERROR] 没有获取到热榜数据，退出。
2025-10-16 03:35:38,987 [ERROR] 请求失败：403 Client Error: Forbidden for url: https://www.zhihu.com/api/v4/search/top_search
2025-10-16 03:35:38,987 [ERROR] 没有获取到热搜数据，退出。
2025-10-16 03:35:39,430 [ERROR] 请求失败：401 Client Error: Authorization Required for url: https://www.zhihu.com/api/v3/feed/topstory/hot-lists/total?limit=50&desktop=true
2025-10-16 03:35:39,430 [ERROR] 没有获取到热榜数据，退出。
2025-10-16 04:14:54,309 [ERROR] 请求失败：403 Client Error: Forbidden for url: https://www.zhihu.com/api/v4/search/top_search
2025-10-16 04:14:54,309 [ERROR] 没有获取到热搜数据，退出。
2025-10-16 04:14:54,785 [ERROR] 请求失败：403 Client Error: Forbidden for url: https://www.zhihu.com/api/v3/feed/topstory/hot-lists/total?limit=50&desktop=true
2025-10-16 04:14:54,785 [ERROR] 没有获取到热榜数据，退出。
2025-10-16 05:13:09,067 [ERROR] 请求失败：403 Client Error: Forbidden for url: https://www.zhihu.com/api/v4/search/top_search
2025-10-16 05:13:09,067 [ERROR] 没有获取到热搜数据，退出。
2025-10-16 05:13:09,507 [ERROR] 请求失败：403 Client Error: Forbidden for url: https://www.zhihu.com/api/v3/feed/topstory/hot-lists/total?limit=50&desktop=true
2025-10-16 05:13:09,507 [ERROR] 没有获取到热榜数据，退出。
