2025-12-15 01:09:30,620 [INFO] 成功写入 10 条热搜到 hotresearch/2025_12_15/2025_12_15_1.txt
2025-12-15 01:09:31,088 [ERROR] 请求失败：401 Client Error: Authorization Required for url: https://www.zhihu.com/api/v3/feed/topstory/hot-lists/total?limit=50&desktop=true
2025-12-15 01:09:31,088 [ERROR] 没有获取到热榜数据，退出。
2025-12-15 03:24:22,146 [INFO] 成功写入 10 条热搜到 hotresearch/2025_12_15/2025_12_15_3.txt
2025-12-15 03:24:22,661 [ERROR] 请求失败：401 Client Error: Authorization Required for url: https://www.zhihu.com/api/v3/feed/topstory/hot-lists/total?limit=50&desktop=true
2025-12-15 03:24:22,661 [ERROR] 没有获取到热榜数据，退出。
2025-12-15 04:33:54,426 [INFO] 成功写入 10 条热搜到 hotresearch/2025_12_15/2025_12_15_4.txt
2025-12-15 04:33:54,900 [ERROR] 请求失败：403 Client Error: Forbidden for url: https://www.zhihu.com/api/v3/feed/topstory/hot-lists/total?limit=50&desktop=true
2025-12-15 04:33:54,900 [ERROR] 没有获取到热榜数据，退出。
2025-12-15 05:19:31,617 [INFO] 成功写入 10 条热搜到 hotresearch/2025_12_15/2025_12_15_5.txt
2025-12-15 05:19:32,310 [ERROR] 请求失败：403 Client Error: Forbidden for url: https://www.zhihu.com/api/v3/feed/topstory/hot-lists/total?limit=50&desktop=true
2025-12-15 05:19:32,310 [ERROR] 没有获取到热榜数据，退出。
2025-12-15 06:24:33,400 [INFO] 成功写入 10 条热搜到 hotresearch/2025_12_15/2025_12_15_6.txt
2025-12-15 06:24:33,863 [ERROR] 请求失败：401 Client Error: Authorization Required for url: https://www.zhihu.com/api/v3/feed/topstory/hot-lists/total?limit=50&desktop=true
2025-12-15 06:24:33,863 [ERROR] 没有获取到热榜数据，退出。
2025-12-15 07:19:06,233 [INFO] 成功写入 10 条热搜到 hotresearch/2025_12_15/2025_12_15_7.txt
2025-12-15 07:19:06,580 [ERROR] 请求失败：401 Client Error: Authorization Required for url: https://www.zhihu.com/api/v3/feed/topstory/hot-lists/total?limit=50&desktop=true
2025-12-15 07:19:06,581 [ERROR] 没有获取到热榜数据，退出。
2025-12-15 08:22:24,451 [INFO] 成功写入 10 条热搜到 hotresearch/2025_12_15/2025_12_15_8.txt
2025-12-15 08:22:24,955 [ERROR] 请求失败：403 Client Error: Forbidden for url: https://www.zhihu.com/api/v3/feed/topstory/hot-lists/total?limit=50&desktop=true
2025-12-15 08:22:24,955 [ERROR] 没有获取到热榜数据，退出。
2025-12-15 09:24:45,580 [INFO] 成功写入 10 条热搜到 hotresearch/2025_12_15/2025_12_15_9.txt
2025-12-15 09:24:45,935 [ERROR] 请求失败：401 Client Error: Authorization Required for url: https://www.zhihu.com/api/v3/feed/topstory/hot-lists/total?limit=50&desktop=true
2025-12-15 09:24:45,935 [ERROR] 没有获取到热榜数据，退出。
2025-12-15 10:18:03,411 [INFO] 成功写入 10 条热搜到 hotresearch/2025_12_15/2025_12_15_10.txt
2025-12-15 10:18:03,864 [ERROR] 请求失败：401 Client Error: Authorization Required for url: https://www.zhihu.com/api/v3/feed/topstory/hot-lists/total?limit=50&desktop=true
2025-12-15 10:18:03,864 [ERROR] 没有获取到热榜数据，退出。
2025-12-15 11:13:19,291 [INFO] 成功写入 10 条热搜到 hotresearch/2025_12_15/2025_12_15_11.txt
2025-12-15 11:13:19,818 [ERROR] 请求失败：403 Client Error: Forbidden for url: https://www.zhihu.com/api/v3/feed/topstory/hot-lists/total?limit=50&desktop=true
2025-12-15 11:13:19,818 [ERROR] 没有获取到热榜数据，退出。
2025-12-15 12:31:48,313 [INFO] 成功写入 10 条热搜到 hotresearch/2025_12_15/2025_12_15_12.txt
2025-12-15 12:31:48,849 [ERROR] 请求失败：401 Client Error: Authorization Required for url: https://www.zhihu.com/api/v3/feed/topstory/hot-lists/total?limit=50&desktop=true
2025-12-15 12:31:48,850 [ERROR] 没有获取到热榜数据，退出。
2025-12-15 13:35:48,194 [INFO] 成功写入 10 条热搜到 hotresearch/2025_12_15/2025_12_15_13.txt
2025-12-15 13:35:48,621 [ERROR] 请求失败：401 Client Error: Authorization Required for url: https://www.zhihu.com/api/v3/feed/topstory/hot-lists/total?limit=50&desktop=true
2025-12-15 13:35:48,621 [ERROR] 没有获取到热榜数据，退出。
2025-12-15 14:18:40,193 [INFO] 成功写入 10 条热搜到 hotresearch/2025_12_15/2025_12_15_14.txt
2025-12-15 14:18:40,598 [ERROR] 请求失败：403 Client Error: Forbidden for url: https://www.zhihu.com/api/v3/feed/topstory/hot-lists/total?limit=50&desktop=true
2025-12-15 14:18:40,598 [ERROR] 没有获取到热榜数据，退出。
2025-12-15 15:18:12,002 [INFO] 成功写入 10 条热搜到 hotresearch/2025_12_15/2025_12_15_15.txt
2025-12-15 15:18:12,487 [ERROR] 请求失败：403 Client Error: Forbidden for url: https://www.zhihu.com/api/v3/feed/topstory/hot-lists/total?limit=50&desktop=true
2025-12-15 15:18:12,487 [ERROR] 没有获取到热榜数据，退出。
2025-12-15 16:20:22,707 [ERROR] 请求失败：403 Client Error: Forbidden for url: https://www.zhihu.com/api/v4/search/top_search
2025-12-15 16:20:22,707 [ERROR] 没有获取到热搜数据，退出。
2025-12-15 16:20:23,241 [ERROR] 请求失败：403 Client Error: Forbidden for url: https://www.zhihu.com/api/v3/feed/topstory/hot-lists/total?limit=50&desktop=true
2025-12-15 16:20:23,241 [ERROR] 没有获取到热榜数据，退出。
2025-12-15 17:19:21,386 [INFO] 成功写入 10 条热搜到 hotresearch/2025_12_15/2025_12_15_17.txt
2025-12-15 17:19:21,736 [ERROR] 请求失败：401 Client Error: Authorization Required for url: https://www.zhihu.com/api/v3/feed/topstory/hot-lists/total?limit=50&desktop=true
2025-12-15 17:19:21,736 [ERROR] 没有获取到热榜数据，退出。
2025-12-15 18:21:30,700 [INFO] 成功写入 10 条热搜到 hotresearch/2025_12_15/2025_12_15_18.txt
2025-12-15 18:21:31,048 [ERROR] 请求失败：401 Client Error: Authorization Required for url: https://www.zhihu.com/api/v3/feed/topstory/hot-lists/total?limit=50&desktop=true
2025-12-15 18:21:31,048 [ERROR] 没有获取到热榜数据，退出。
2025-12-15 19:14:33,843 [INFO] 成功写入 10 条热搜到 hotresearch/2025_12_15/2025_12_15_19.txt
2025-12-15 19:14:34,193 [ERROR] 请求失败：401 Client Error: Authorization Required for url: https://www.zhihu.com/api/v3/feed/topstory/hot-lists/total?limit=50&desktop=true
2025-12-15 19:14:34,193 [ERROR] 没有获取到热榜数据，退出。
