2025-08-23 00:59:30,642 [ERROR] 请求失败：403 Client Error: Forbidden for url: https://www.zhihu.com/api/v4/search/top_search
2025-08-23 00:59:30,642 [ERROR] 没有获取到热搜数据，退出。
2025-08-23 00:59:31,476 [ERROR] 请求失败：403 Client Error: Forbidden for url: https://www.zhihu.com/api/v3/feed/topstory/hot-lists/total?limit=50&desktop=true
2025-08-23 00:59:31,476 [ERROR] 没有获取到热榜数据，退出。
2025-08-23 02:26:25,385 [ERROR] 请求失败：403 Client Error: Forbidden for url: https://www.zhihu.com/api/v4/search/top_search
2025-08-23 02:26:25,385 [ERROR] 没有获取到热搜数据，退出。
2025-08-23 02:26:25,869 [ERROR] 请求失败：401 Client Error: Authorization Required for url: https://www.zhihu.com/api/v3/feed/topstory/hot-lists/total?limit=50&desktop=true
2025-08-23 02:26:25,869 [ERROR] 没有获取到热榜数据，退出。
2025-08-23 03:31:03,435 [ERROR] 请求失败：403 Client Error: Forbidden for url: https://www.zhihu.com/api/v4/search/top_search
2025-08-23 03:31:03,435 [ERROR] 没有获取到热搜数据，退出。
2025-08-23 03:31:03,959 [ERROR] 请求失败：401 Client Error: Authorization Required for url: https://www.zhihu.com/api/v3/feed/topstory/hot-lists/total?limit=50&desktop=true
2025-08-23 03:31:03,959 [ERROR] 没有获取到热榜数据，退出。
2025-08-23 04:14:49,439 [ERROR] 请求失败：403 Client Error: Forbidden for url: https://www.zhihu.com/api/v4/search/top_search
2025-08-23 04:14:49,439 [ERROR] 没有获取到热搜数据，退出。
2025-08-23 04:14:49,926 [ERROR] 请求失败：401 Client Error: Authorization Required for url: https://www.zhihu.com/api/v3/feed/topstory/hot-lists/total?limit=50&desktop=true
2025-08-23 04:14:49,926 [ERROR] 没有获取到热榜数据，退出。
2025-08-23 05:11:54,843 [ERROR] 请求失败：403 Client Error: Forbidden for url: https://www.zhihu.com/api/v4/search/top_search
2025-08-23 05:11:54,843 [ERROR] 没有获取到热搜数据，退出。
2025-08-23 05:11:55,291 [ERROR] 请求失败：401 Client Error: Authorization Required for url: https://www.zhihu.com/api/v3/feed/topstory/hot-lists/total?limit=50&desktop=true
2025-08-23 05:11:55,291 [ERROR] 没有获取到热榜数据，退出。
2025-08-23 06:17:18,277 [ERROR] 请求失败：403 Client Error: Forbidden for url: https://www.zhihu.com/api/v4/search/top_search
2025-08-23 06:17:18,277 [ERROR] 没有获取到热搜数据，退出。
2025-08-23 06:17:18,711 [ERROR] 请求失败：403 Client Error: Forbidden for url: https://www.zhihu.com/api/v3/feed/topstory/hot-lists/total?limit=50&desktop=true
2025-08-23 06:17:18,711 [ERROR] 没有获取到热榜数据，退出。
2025-08-23 07:11:25,886 [ERROR] 请求失败：403 Client Error: Forbidden for url: https://www.zhihu.com/api/v4/search/top_search
2025-08-23 07:11:25,886 [ERROR] 没有获取到热搜数据，退出。
2025-08-23 07:11:26,717 [ERROR] 请求失败：403 Client Error: Forbidden for url: https://www.zhihu.com/api/v3/feed/topstory/hot-lists/total?limit=50&desktop=true
2025-08-23 07:11:26,717 [ERROR] 没有获取到热榜数据，退出。
2025-08-23 08:14:59,214 [ERROR] 请求失败：403 Client Error: Forbidden for url: https://www.zhihu.com/api/v4/search/top_search
2025-08-23 08:14:59,214 [ERROR] 没有获取到热搜数据，退出。
2025-08-23 08:14:59,600 [ERROR] 请求失败：401 Client Error: Authorization Required for url: https://www.zhihu.com/api/v3/feed/topstory/hot-lists/total?limit=50&desktop=true
2025-08-23 08:14:59,600 [ERROR] 没有获取到热榜数据，退出。
2025-08-23 09:12:06,203 [ERROR] 请求失败：403 Client Error: Forbidden for url: https://www.zhihu.com/api/v4/search/top_search
2025-08-23 09:12:06,203 [ERROR] 没有获取到热搜数据，退出。
2025-08-23 09:12:07,031 [ERROR] 请求失败：403 Client Error: Forbidden for url: https://www.zhihu.com/api/v3/feed/topstory/hot-lists/total?limit=50&desktop=true
2025-08-23 09:12:07,031 [ERROR] 没有获取到热榜数据，退出。
2025-08-23 10:12:04,483 [ERROR] 请求失败：403 Client Error: Forbidden for url: https://www.zhihu.com/api/v4/search/top_search
2025-08-23 10:12:04,483 [ERROR] 没有获取到热搜数据，退出。
2025-08-23 10:12:04,922 [ERROR] 请求失败：401 Client Error: Authorization Required for url: https://www.zhihu.com/api/v3/feed/topstory/hot-lists/total?limit=50&desktop=true
2025-08-23 10:12:04,922 [ERROR] 没有获取到热榜数据，退出。
