2025-06-01 01:16:39,522 [INFO] 成功写入 10 条热搜到 hotresearch/2025_6_1/2025_6_1_1.txt
2025-06-01 01:16:40,038 [ERROR] 请求失败：403 Client Error: Forbidden for url: https://www.zhihu.com/api/v3/feed/topstory/hot-lists/total?limit=50&desktop=true
2025-06-01 01:16:40,038 [ERROR] 没有获取到热榜数据，退出。
2025-06-01 03:27:03,438 [ERROR] 请求失败：403 Client Error: Forbidden for url: https://www.zhihu.com/api/v4/search/top_search
2025-06-01 03:27:03,438 [ERROR] 没有获取到热搜数据，退出。
2025-06-01 03:27:03,810 [ERROR] 请求失败：401 Client Error: Authorization Required for url: https://www.zhihu.com/api/v3/feed/topstory/hot-lists/total?limit=50&desktop=true
2025-06-01 03:27:03,811 [ERROR] 没有获取到热榜数据，退出。
2025-06-01 04:29:20,936 [ERROR] 请求失败：403 Client Error: Forbidden for url: https://www.zhihu.com/api/v4/search/top_search
2025-06-01 04:29:20,937 [ERROR] 没有获取到热搜数据，退出。
2025-06-01 04:29:21,423 [ERROR] 请求失败：401 Client Error: Authorization Required for url: https://www.zhihu.com/api/v3/feed/topstory/hot-lists/total?limit=50&desktop=true
2025-06-01 04:29:21,424 [ERROR] 没有获取到热榜数据，退出。
2025-06-01 05:13:14,320 [ERROR] 请求失败：403 Client Error: Forbidden for url: https://www.zhihu.com/api/v4/search/top_search
2025-06-01 05:13:14,320 [ERROR] 没有获取到热搜数据，退出。
2025-06-01 05:13:14,666 [ERROR] 请求失败：401 Client Error: Authorization Required for url: https://www.zhihu.com/api/v3/feed/topstory/hot-lists/total?limit=50&desktop=true
2025-06-01 05:13:14,666 [ERROR] 没有获取到热榜数据，退出。
2025-06-01 06:18:06,594 [ERROR] 请求失败：403 Client Error: Forbidden for url: https://www.zhihu.com/api/v4/search/top_search
2025-06-01 06:18:06,594 [ERROR] 没有获取到热搜数据，退出。
2025-06-01 06:18:07,041 [ERROR] 请求失败：401 Client Error: Authorization Required for url: https://www.zhihu.com/api/v3/feed/topstory/hot-lists/total?limit=50&desktop=true
2025-06-01 06:18:07,041 [ERROR] 没有获取到热榜数据，退出。
2025-06-01 07:12:16,651 [ERROR] 请求失败：403 Client Error: Forbidden for url: https://www.zhihu.com/api/v4/search/top_search
2025-06-01 07:12:16,651 [ERROR] 没有获取到热搜数据，退出。
2025-06-01 07:12:17,118 [ERROR] 请求失败：401 Client Error: Authorization Required for url: https://www.zhihu.com/api/v3/feed/topstory/hot-lists/total?limit=50&desktop=true
2025-06-01 07:12:17,118 [ERROR] 没有获取到热榜数据，退出。
2025-06-01 08:16:13,912 [ERROR] 请求失败：403 Client Error: Forbidden for url: https://www.zhihu.com/api/v4/search/top_search
2025-06-01 08:16:13,912 [ERROR] 没有获取到热搜数据，退出。
2025-06-01 08:16:14,381 [ERROR] 请求失败：401 Client Error: Authorization Required for url: https://www.zhihu.com/api/v3/feed/topstory/hot-lists/total?limit=50&desktop=true
2025-06-01 08:16:14,381 [ERROR] 没有获取到热榜数据，退出。
2025-06-01 09:12:38,062 [ERROR] 请求失败：403 Client Error: Forbidden for url: https://www.zhihu.com/api/v4/search/top_search
2025-06-01 09:12:38,062 [ERROR] 没有获取到热搜数据，退出。
2025-06-01 09:12:38,414 [ERROR] 请求失败：401 Client Error: Authorization Required for url: https://www.zhihu.com/api/v3/feed/topstory/hot-lists/total?limit=50&desktop=true
2025-06-01 09:12:38,415 [ERROR] 没有获取到热榜数据，退出。
2025-06-01 10:13:02,053 [ERROR] 请求失败：403 Client Error: Forbidden for url: https://www.zhihu.com/api/v4/search/top_search
2025-06-01 10:13:02,053 [ERROR] 没有获取到热搜数据，退出。
2025-06-01 10:13:02,540 [ERROR] 请求失败：401 Client Error: Authorization Required for url: https://www.zhihu.com/api/v3/feed/topstory/hot-lists/total?limit=50&desktop=true
2025-06-01 10:13:02,540 [ERROR] 没有获取到热榜数据，退出。
2025-06-01 11:10:08,119 [ERROR] 请求失败：403 Client Error: Forbidden for url: https://www.zhihu.com/api/v4/search/top_search
2025-06-01 11:10:08,119 [ERROR] 没有获取到热搜数据，退出。
2025-06-01 11:10:08,587 [ERROR] 请求失败：401 Client Error: Authorization Required for url: https://www.zhihu.com/api/v3/feed/topstory/hot-lists/total?limit=50&desktop=true
2025-06-01 11:10:08,587 [ERROR] 没有获取到热榜数据，退出。
2025-06-01 12:23:40,023 [ERROR] 请求失败：403 Client Error: Forbidden for url: https://www.zhihu.com/api/v4/search/top_search
2025-06-01 12:23:40,023 [ERROR] 没有获取到热搜数据，退出。
2025-06-01 12:23:40,380 [ERROR] 请求失败：401 Client Error: Authorization Required for url: https://www.zhihu.com/api/v3/feed/topstory/hot-lists/total?limit=50&desktop=true
2025-06-01 12:23:40,380 [ERROR] 没有获取到热榜数据，退出。
2025-06-01 13:21:36,974 [ERROR] 请求失败：403 Client Error: Forbidden for url: https://www.zhihu.com/api/v4/search/top_search
2025-06-01 13:21:36,975 [ERROR] 没有获取到热搜数据，退出。
2025-06-01 13:21:37,326 [ERROR] 请求失败：401 Client Error: Authorization Required for url: https://www.zhihu.com/api/v3/feed/topstory/hot-lists/total?limit=50&desktop=true
2025-06-01 13:21:37,326 [ERROR] 没有获取到热榜数据，退出。
2025-06-01 14:10:52,367 [ERROR] 请求失败：403 Client Error: Forbidden for url: https://www.zhihu.com/api/v4/search/top_search
2025-06-01 14:10:52,368 [ERROR] 没有获取到热搜数据，退出。
2025-06-01 14:10:52,803 [ERROR] 请求失败：401 Client Error: Authorization Required for url: https://www.zhihu.com/api/v3/feed/topstory/hot-lists/total?limit=50&desktop=true
2025-06-01 14:10:52,803 [ERROR] 没有获取到热榜数据，退出。
2025-06-01 15:11:55,284 [ERROR] 请求失败：403 Client Error: Forbidden for url: https://www.zhihu.com/api/v4/search/top_search
2025-06-01 15:11:55,284 [ERROR] 没有获取到热搜数据，退出。
2025-06-01 15:11:55,621 [ERROR] 请求失败：401 Client Error: Authorization Required for url: https://www.zhihu.com/api/v3/feed/topstory/hot-lists/total?limit=50&desktop=true
2025-06-01 15:11:55,621 [ERROR] 没有获取到热榜数据，退出。
2025-06-01 16:14:19,035 [ERROR] 请求失败：403 Client Error: Forbidden for url: https://www.zhihu.com/api/v4/search/top_search
2025-06-01 16:14:19,035 [ERROR] 没有获取到热搜数据，退出。
2025-06-01 16:14:19,519 [ERROR] 请求失败：401 Client Error: Authorization Required for url: https://www.zhihu.com/api/v3/feed/topstory/hot-lists/total?limit=50&desktop=true
2025-06-01 16:14:19,519 [ERROR] 没有获取到热榜数据，退出。
2025-06-01 17:10:37,213 [ERROR] 请求失败：403 Client Error: Forbidden for url: https://www.zhihu.com/api/v4/search/top_search
2025-06-01 17:10:37,214 [ERROR] 没有获取到热搜数据，退出。
2025-06-01 17:10:37,677 [ERROR] 请求失败：401 Client Error: Authorization Required for url: https://www.zhihu.com/api/v3/feed/topstory/hot-lists/total?limit=50&desktop=true
2025-06-01 17:10:37,677 [ERROR] 没有获取到热榜数据，退出。
2025-06-01 18:16:25,454 [ERROR] 请求失败：403 Client Error: Forbidden for url: https://www.zhihu.com/api/v4/search/top_search
2025-06-01 18:16:25,454 [ERROR] 没有获取到热搜数据，退出。
2025-06-01 18:16:25,934 [ERROR] 请求失败：401 Client Error: Authorization Required for url: https://www.zhihu.com/api/v3/feed/topstory/hot-lists/total?limit=50&desktop=true
2025-06-01 18:16:25,934 [ERROR] 没有获取到热榜数据，退出。
2025-06-01 19:09:44,498 [ERROR] 请求失败：403 Client Error: Forbidden for url: https://www.zhihu.com/api/v4/search/top_search
2025-06-01 19:09:44,498 [ERROR] 没有获取到热搜数据，退出。
2025-06-01 19:09:45,014 [ERROR] 请求失败：401 Client Error: Authorization Required for url: https://www.zhihu.com/api/v3/feed/topstory/hot-lists/total?limit=50&desktop=true
2025-06-01 19:09:45,014 [ERROR] 没有获取到热榜数据，退出。
2025-06-01 20:13:26,234 [ERROR] 请求失败：403 Client Error: Forbidden for url: https://www.zhihu.com/api/v4/search/top_search
2025-06-01 20:13:26,234 [ERROR] 没有获取到热搜数据，退出。
2025-06-01 20:13:26,589 [ERROR] 请求失败：401 Client Error: Authorization Required for url: https://www.zhihu.com/api/v3/feed/topstory/hot-lists/total?limit=50&desktop=true
2025-06-01 20:13:26,589 [ERROR] 没有获取到热榜数据，退出。
2025-06-01 21:11:04,450 [ERROR] 请求失败：403 Client Error: Forbidden for url: https://www.zhihu.com/api/v4/search/top_search
2025-06-01 21:11:04,450 [ERROR] 没有获取到热搜数据，退出。
2025-06-01 21:11:04,904 [ERROR] 请求失败：401 Client Error: Authorization Required for url: https://www.zhihu.com/api/v3/feed/topstory/hot-lists/total?limit=50&desktop=true
2025-06-01 21:11:04,904 [ERROR] 没有获取到热榜数据，退出。
