2025-08-28 01:00:00,301 [INFO] 成功写入 10 条热搜到 hotresearch/2025_8_28/2025_8_28_0.txt
2025-08-28 01:00:01,153 [ERROR] 请求失败：403 Client Error: Forbidden for url: https://www.zhihu.com/api/v3/feed/topstory/hot-lists/total?limit=50&desktop=true
2025-08-28 01:00:01,153 [ERROR] 没有获取到热榜数据，退出。
2025-08-28 02:26:43,790 [ERROR] 请求失败：403 Client Error: Forbidden for url: https://www.zhihu.com/api/v4/search/top_search
2025-08-28 02:26:43,790 [ERROR] 没有获取到热搜数据，退出。
2025-08-28 02:26:44,541 [ERROR] 请求失败：403 Client Error: Forbidden for url: https://www.zhihu.com/api/v3/feed/topstory/hot-lists/total?limit=50&desktop=true
2025-08-28 02:26:44,541 [ERROR] 没有获取到热榜数据，退出。
2025-08-28 03:31:06,363 [ERROR] 请求失败：403 Client Error: Forbidden for url: https://www.zhihu.com/api/v4/search/top_search
2025-08-28 03:31:06,363 [ERROR] 没有获取到热搜数据，退出。
2025-08-28 03:31:06,721 [ERROR] 请求失败：401 Client Error: Authorization Required for url: https://www.zhihu.com/api/v3/feed/topstory/hot-lists/total?limit=50&desktop=true
2025-08-28 03:31:06,721 [ERROR] 没有获取到热榜数据，退出。
2025-08-28 04:15:07,293 [ERROR] 请求失败：403 Client Error: Forbidden for url: https://www.zhihu.com/api/v4/search/top_search
2025-08-28 04:15:07,293 [ERROR] 没有获取到热搜数据，退出。
2025-08-28 04:15:07,711 [ERROR] 请求失败：403 Client Error: Forbidden for url: https://www.zhihu.com/api/v3/feed/topstory/hot-lists/total?limit=50&desktop=true
2025-08-28 04:15:07,711 [ERROR] 没有获取到热榜数据，退出。
2025-08-28 05:13:06,917 [WARNING] Retrying (Retry(total=4, connect=None, read=None, redirect=None, status=None)) after connection broken by 'NewConnectionError('<urllib3.connection.HTTPSConnection object at 0x7fdebe69ae40>: Failed to establish a new connection: [Errno 101] Network is unreachable')': /api/v4/search/top_search
2025-08-28 05:13:18,920 [WARNING] Retrying (Retry(total=3, connect=None, read=None, redirect=None, status=None)) after connection broken by 'NewConnectionError('<urllib3.connection.HTTPSConnection object at 0x7fdebf2304a0>: Failed to establish a new connection: [Errno 101] Network is unreachable')': /api/v4/search/top_search
2025-08-28 05:13:32,931 [WARNING] Retrying (Retry(total=2, connect=None, read=None, redirect=None, status=None)) after connection broken by 'NewConnectionError('<urllib3.connection.HTTPSConnection object at 0x7fdebe6c2900>: Failed to establish a new connection: [Errno 101] Network is unreachable')': /api/v4/search/top_search
2025-08-28 05:13:50,942 [WARNING] Retrying (Retry(total=1, connect=None, read=None, redirect=None, status=None)) after connection broken by 'NewConnectionError('<urllib3.connection.HTTPSConnection object at 0x7fdebe6c2a50>: Failed to establish a new connection: [Errno 101] Network is unreachable')': /api/v4/search/top_search
2025-08-28 05:14:16,950 [WARNING] Retrying (Retry(total=0, connect=None, read=None, redirect=None, status=None)) after connection broken by 'NewConnectionError('<urllib3.connection.HTTPSConnection object at 0x7fdebe6c2ba0>: Failed to establish a new connection: [Errno 101] Network is unreachable')': /api/v4/search/top_search
2025-08-28 05:14:27,229 [ERROR] 请求失败：HTTPSConnectionPool(host='www.zhihu.com', port=443): Max retries exceeded with url: /api/v4/search/top_search (Caused by NewConnectionError('<urllib3.connection.HTTPSConnection object at 0x7fdebe6c2cf0>: Failed to establish a new connection: [Errno 101] Network is unreachable'))
2025-08-28 05:14:27,229 [ERROR] 没有获取到热搜数据，退出。
2025-08-28 05:14:37,350 [WARNING] Retrying (Retry(total=4, connect=None, read=None, redirect=None, status=None)) after connection broken by 'NewConnectionError('<urllib3.connection.HTTPSConnection object at 0x7ff11fd1b230>: Failed to establish a new connection: [Errno 101] Network is unreachable')': /api/v3/feed/topstory/hot-lists/total?limit=50&desktop=true
2025-08-28 05:14:49,362 [WARNING] Retrying (Retry(total=3, connect=None, read=None, redirect=None, status=None)) after connection broken by 'NewConnectionError('<urllib3.connection.HTTPSConnection object at 0x7ff11fcf3980>: Failed to establish a new connection: [Errno 101] Network is unreachable')': /api/v3/feed/topstory/hot-lists/total?limit=50&desktop=true
2025-08-28 05:15:03,373 [WARNING] Retrying (Retry(total=2, connect=None, read=None, redirect=None, status=None)) after connection broken by 'NewConnectionError('<urllib3.connection.HTTPSConnection object at 0x7ff11f96af90>: Failed to establish a new connection: [Errno 101] Network is unreachable')': /api/v3/feed/topstory/hot-lists/total?limit=50&desktop=true
2025-08-28 05:15:21,385 [WARNING] Retrying (Retry(total=1, connect=None, read=None, redirect=None, status=None)) after connection broken by 'NewConnectionError('<urllib3.connection.HTTPSConnection object at 0x7ff11f96b140>: Failed to establish a new connection: [Errno 101] Network is unreachable')': /api/v3/feed/topstory/hot-lists/total?limit=50&desktop=true
2025-08-28 05:15:47,545 [WARNING] Retrying (Retry(total=0, connect=None, read=None, redirect=None, status=None)) after connection broken by 'NewConnectionError('<urllib3.connection.HTTPSConnection object at 0x7ff11f96b290>: Failed to establish a new connection: [Errno 101] Network is unreachable')': /api/v3/feed/topstory/hot-lists/total?limit=50&desktop=true
2025-08-28 05:15:57,556 [ERROR] 请求失败：HTTPSConnectionPool(host='www.zhihu.com', port=443): Max retries exceeded with url: /api/v3/feed/topstory/hot-lists/total?limit=50&desktop=true (Caused by NewConnectionError('<urllib3.connection.HTTPSConnection object at 0x7ff11f96b3e0>: Failed to establish a new connection: [Errno 101] Network is unreachable'))
2025-08-28 05:15:57,557 [ERROR] 没有获取到热榜数据，退出。
