2025-08-31 01:04:15,629 [ERROR] 请求失败：403 Client Error: Forbidden for url: https://www.zhihu.com/api/v4/search/top_search
2025-08-31 01:04:15,629 [ERROR] 没有获取到热搜数据，退出。
2025-08-31 01:04:16,046 [ERROR] 请求失败：403 Client Error: Forbidden for url: https://www.zhihu.com/api/v3/feed/topstory/hot-lists/total?limit=50&desktop=true
2025-08-31 01:04:16,046 [ERROR] 没有获取到热榜数据，退出。
2025-08-31 03:02:08,754 [ERROR] 请求失败：403 Client Error: Forbidden for url: https://www.zhihu.com/api/v4/search/top_search
2025-08-31 03:02:08,754 [ERROR] 没有获取到热搜数据，退出。
2025-08-31 03:02:09,143 [ERROR] 请求失败：403 Client Error: Forbidden for url: https://www.zhihu.com/api/v3/feed/topstory/hot-lists/total?limit=50&desktop=true
2025-08-31 03:02:09,143 [ERROR] 没有获取到热榜数据，退出。
2025-08-31 04:14:17,637 [ERROR] 请求失败：403 Client Error: Forbidden for url: https://www.zhihu.com/api/v4/search/top_search
2025-08-31 04:14:17,637 [ERROR] 没有获取到热搜数据，退出。
2025-08-31 04:14:17,996 [ERROR] 请求失败：403 Client Error: Forbidden for url: https://www.zhihu.com/api/v3/feed/topstory/hot-lists/total?limit=50&desktop=true
2025-08-31 04:14:17,996 [ERROR] 没有获取到热榜数据，退出。
2025-08-31 05:11:38,597 [ERROR] 请求失败：403 Client Error: Forbidden for url: https://www.zhihu.com/api/v4/search/top_search
2025-08-31 05:11:38,597 [ERROR] 没有获取到热搜数据，退出。
2025-08-31 05:11:39,517 [ERROR] 请求失败：403 Client Error: Forbidden for url: https://www.zhihu.com/api/v3/feed/topstory/hot-lists/total?limit=50&desktop=true
2025-08-31 05:11:39,518 [ERROR] 没有获取到热榜数据，退出。
2025-08-31 06:17:10,153 [ERROR] 请求失败：403 Client Error: Forbidden for url: https://www.zhihu.com/api/v4/search/top_search
2025-08-31 06:17:10,153 [ERROR] 没有获取到热搜数据，退出。
2025-08-31 06:17:10,999 [ERROR] 请求失败：403 Client Error: Forbidden for url: https://www.zhihu.com/api/v3/feed/topstory/hot-lists/total?limit=50&desktop=true
2025-08-31 06:17:10,999 [ERROR] 没有获取到热榜数据，退出。
2025-08-31 07:11:22,231 [ERROR] 请求失败：403 Client Error: Forbidden for url: https://www.zhihu.com/api/v4/search/top_search
2025-08-31 07:11:22,231 [ERROR] 没有获取到热搜数据，退出。
2025-08-31 07:11:22,632 [ERROR] 请求失败：403 Client Error: Forbidden for url: https://www.zhihu.com/api/v3/feed/topstory/hot-lists/total?limit=50&desktop=true
2025-08-31 07:11:22,632 [ERROR] 没有获取到热榜数据，退出。
2025-08-31 08:14:45,410 [ERROR] 请求失败：403 Client Error: Forbidden for url: https://www.zhihu.com/api/v4/search/top_search
2025-08-31 08:14:45,410 [ERROR] 没有获取到热搜数据，退出。
2025-08-31 08:14:45,876 [ERROR] 请求失败：401 Client Error: Authorization Required for url: https://www.zhihu.com/api/v3/feed/topstory/hot-lists/total?limit=50&desktop=true
2025-08-31 08:14:45,876 [ERROR] 没有获取到热榜数据，退出。
2025-08-31 09:11:19,869 [ERROR] 请求失败：403 Client Error: Forbidden for url: https://www.zhihu.com/api/v4/search/top_search
2025-08-31 09:11:19,869 [ERROR] 没有获取到热搜数据，退出。
2025-08-31 09:11:20,220 [ERROR] 请求失败：401 Client Error: Authorization Required for url: https://www.zhihu.com/api/v3/feed/topstory/hot-lists/total?limit=50&desktop=true
2025-08-31 09:11:20,220 [ERROR] 没有获取到热榜数据，退出。
2025-08-31 10:11:38,435 [ERROR] 请求失败：403 Client Error: Forbidden for url: https://www.zhihu.com/api/v4/search/top_search
2025-08-31 10:11:38,435 [ERROR] 没有获取到热搜数据，退出。
2025-08-31 10:11:38,778 [ERROR] 请求失败：401 Client Error: Authorization Required for url: https://www.zhihu.com/api/v3/feed/topstory/hot-lists/total?limit=50&desktop=true
2025-08-31 10:11:38,778 [ERROR] 没有获取到热榜数据，退出。
2025-08-31 11:09:19,418 [ERROR] 请求失败：403 Client Error: Forbidden for url: https://www.zhihu.com/api/v4/search/top_search
2025-08-31 11:09:19,418 [ERROR] 没有获取到热搜数据，退出。
2025-08-31 11:09:20,322 [ERROR] 请求失败：403 Client Error: Forbidden for url: https://www.zhihu.com/api/v3/feed/topstory/hot-lists/total?limit=50&desktop=true
2025-08-31 11:09:20,322 [ERROR] 没有获取到热榜数据，退出。
2025-08-31 12:22:33,092 [ERROR] 请求失败：403 Client Error: Forbidden for url: https://www.zhihu.com/api/v4/search/top_search
2025-08-31 12:22:33,092 [ERROR] 没有获取到热搜数据，退出。
2025-08-31 12:22:33,507 [ERROR] 请求失败：401 Client Error: Authorization Required for url: https://www.zhihu.com/api/v3/feed/topstory/hot-lists/total?limit=50&desktop=true
2025-08-31 12:22:33,508 [ERROR] 没有获取到热榜数据，退出。
