2025-05-03 01:00:36,385 [INFO] 成功写入 10 条热搜到 hotresearch/2025_5_3/2025_5_3_1.txt
2025-05-03 01:00:36,914 [INFO] 成功写入 30 条热榜到 hotquestion/2025_5_3/2025_5_3_1.txt
2025-05-03 02:59:06,771 [ERROR] 请求失败：403 Client Error: Forbidden for url: https://www.zhihu.com/api/v4/search/top_search
2025-05-03 02:59:06,771 [ERROR] 没有获取到热搜数据，退出。
2025-05-03 02:59:07,409 [INFO] 成功写入 30 条热榜到 hotquestion/2025_5_3/2025_5_3_2.txt
2025-05-03 03:36:18,930 [ERROR] 请求失败：403 Client Error: Forbidden for url: https://www.zhihu.com/api/v4/search/top_search
2025-05-03 03:36:18,930 [ERROR] 没有获取到热搜数据，退出。
2025-05-03 03:36:19,490 [ERROR] 请求失败：403 Client Error: Forbidden for url: https://www.zhihu.com/api/v3/feed/topstory/hot-lists/total?limit=50&desktop=true
2025-05-03 03:36:19,490 [ERROR] 没有获取到热榜数据，退出。
2025-05-03 04:14:35,109 [ERROR] 请求失败：403 Client Error: Forbidden for url: https://www.zhihu.com/api/v4/search/top_search
2025-05-03 04:14:35,109 [ERROR] 没有获取到热搜数据，退出。
2025-05-03 04:14:35,752 [INFO] 成功写入 30 条热榜到 hotquestion/2025_5_3/2025_5_3_4.txt
2025-05-03 05:12:34,971 [ERROR] 请求失败：403 Client Error: Forbidden for url: https://www.zhihu.com/api/v4/search/top_search
2025-05-03 05:12:34,971 [ERROR] 没有获取到热搜数据，退出。
2025-05-03 05:12:35,507 [INFO] 成功写入 30 条热榜到 hotquestion/2025_5_3/2025_5_3_5.txt
2025-05-03 06:16:21,357 [ERROR] 请求失败：403 Client Error: Forbidden for url: https://www.zhihu.com/api/v4/search/top_search
2025-05-03 06:16:21,357 [ERROR] 没有获取到热搜数据，退出。
2025-05-03 06:16:21,909 [INFO] 成功写入 30 条热榜到 hotquestion/2025_5_3/2025_5_3_6.txt
2025-05-03 07:11:14,814 [ERROR] 请求失败：403 Client Error: Forbidden for url: https://www.zhihu.com/api/v4/search/top_search
2025-05-03 07:11:14,814 [ERROR] 没有获取到热搜数据，退出。
2025-05-03 07:11:15,447 [INFO] 成功写入 30 条热榜到 hotquestion/2025_5_3/2025_5_3_7.txt
2025-05-03 08:14:39,237 [ERROR] 请求失败：403 Client Error: Forbidden for url: https://www.zhihu.com/api/v4/search/top_search
2025-05-03 08:14:39,237 [ERROR] 没有获取到热搜数据，退出。
2025-05-03 08:14:39,770 [ERROR] 请求失败：403 Client Error: Forbidden for url: https://www.zhihu.com/api/v3/feed/topstory/hot-lists/total?limit=50&desktop=true
2025-05-03 08:14:39,770 [ERROR] 没有获取到热榜数据，退出。
2025-05-03 09:12:06,605 [ERROR] 请求失败：403 Client Error: Forbidden for url: https://www.zhihu.com/api/v4/search/top_search
2025-05-03 09:12:06,606 [ERROR] 没有获取到热搜数据，退出。
2025-05-03 09:12:07,069 [ERROR] 请求失败：403 Client Error: Forbidden for url: https://www.zhihu.com/api/v3/feed/topstory/hot-lists/total?limit=50&desktop=true
2025-05-03 09:12:07,069 [ERROR] 没有获取到热榜数据，退出。
2025-05-03 10:11:51,924 [ERROR] 请求失败：403 Client Error: Forbidden for url: https://www.zhihu.com/api/v4/search/top_search
2025-05-03 10:11:51,924 [ERROR] 没有获取到热搜数据，退出。
2025-05-03 10:11:52,433 [INFO] 成功写入 30 条热榜到 hotquestion/2025_5_3/2025_5_3_10.txt
2025-05-03 11:09:30,082 [ERROR] 请求失败：403 Client Error: Forbidden for url: https://www.zhihu.com/api/v4/search/top_search
2025-05-03 11:09:30,082 [ERROR] 没有获取到热搜数据，退出。
2025-05-03 11:09:30,707 [INFO] 成功写入 30 条热榜到 hotquestion/2025_5_3/2025_5_3_11.txt
2025-05-03 12:21:57,527 [ERROR] 请求失败：403 Client Error: Forbidden for url: https://www.zhihu.com/api/v4/search/top_search
2025-05-03 12:21:57,528 [ERROR] 没有获取到热搜数据，退出。
2025-05-03 12:21:58,070 [INFO] 成功写入 30 条热榜到 hotquestion/2025_5_3/2025_5_3_12.txt
2025-05-03 13:19:37,212 [ERROR] 请求失败：403 Client Error: Forbidden for url: https://www.zhihu.com/api/v4/search/top_search
2025-05-03 13:19:37,212 [ERROR] 没有获取到热搜数据，退出。
2025-05-03 13:19:37,821 [ERROR] 请求失败：403 Client Error: Forbidden for url: https://www.zhihu.com/api/v3/feed/topstory/hot-lists/total?limit=50&desktop=true
2025-05-03 13:19:37,821 [ERROR] 没有获取到热榜数据，退出。
2025-05-03 14:11:03,985 [INFO] 成功写入 10 条热搜到 hotresearch/2025_5_3/2025_5_3_14.txt
2025-05-03 14:11:04,537 [ERROR] 请求失败：403 Client Error: Forbidden for url: https://www.zhihu.com/api/v3/feed/topstory/hot-lists/total?limit=50&desktop=true
2025-05-03 14:11:04,537 [ERROR] 没有获取到热榜数据，退出。
2025-05-03 15:11:25,756 [ERROR] 请求失败：403 Client Error: Forbidden for url: https://www.zhihu.com/api/v4/search/top_search
2025-05-03 15:11:25,756 [ERROR] 没有获取到热搜数据，退出。
2025-05-03 15:11:26,320 [INFO] 成功写入 30 条热榜到 hotquestion/2025_5_3/2025_5_3_15.txt
2025-05-03 16:13:48,976 [ERROR] 请求失败：403 Client Error: Forbidden for url: https://www.zhihu.com/api/v4/search/top_search
2025-05-03 16:13:48,976 [ERROR] 没有获取到热搜数据，退出。
2025-05-03 16:13:49,588 [INFO] 成功写入 30 条热榜到 hotquestion/2025_5_3/2025_5_3_16.txt
2025-05-03 17:09:54,251 [ERROR] 请求失败：403 Client Error: Forbidden for url: https://www.zhihu.com/api/v4/search/top_search
2025-05-03 17:09:54,252 [ERROR] 没有获取到热搜数据，退出。
2025-05-03 17:09:54,797 [INFO] 成功写入 30 条热榜到 hotquestion/2025_5_3/2025_5_3_17.txt
2025-05-03 18:15:39,268 [ERROR] 请求失败：403 Client Error: Forbidden for url: https://www.zhihu.com/api/v4/search/top_search
2025-05-03 18:15:39,268 [ERROR] 没有获取到热搜数据，退出。
2025-05-03 18:15:39,888 [ERROR] 请求失败：403 Client Error: Forbidden for url: https://www.zhihu.com/api/v3/feed/topstory/hot-lists/total?limit=50&desktop=true
2025-05-03 18:15:39,888 [ERROR] 没有获取到热榜数据，退出。
2025-05-03 19:09:23,988 [ERROR] 请求失败：403 Client Error: Forbidden for url: https://www.zhihu.com/api/v4/search/top_search
2025-05-03 19:09:23,988 [ERROR] 没有获取到热搜数据，退出。
2025-05-03 19:09:24,501 [INFO] 成功写入 30 条热榜到 hotquestion/2025_5_3/2025_5_3_19.txt
