2025-09-07 01:03:20,111 [ERROR] 请求失败：403 Client Error: Forbidden for url: https://www.zhihu.com/api/v4/search/top_search
2025-09-07 01:03:20,111 [ERROR] 没有获取到热搜数据，退出。
2025-09-07 01:03:20,473 [ERROR] 请求失败：401 Client Error: Authorization Required for url: https://www.zhihu.com/api/v3/feed/topstory/hot-lists/total?limit=50&desktop=true
2025-09-07 01:03:20,473 [ERROR] 没有获取到热榜数据，退出。
2025-09-07 02:57:33,134 [ERROR] 请求失败：403 Client Error: Forbidden for url: https://www.zhihu.com/api/v4/search/top_search
2025-09-07 02:57:33,134 [ERROR] 没有获取到热搜数据，退出。
2025-09-07 02:57:33,798 [ERROR] 请求失败：403 Client Error: Forbidden for url: https://www.zhihu.com/api/v3/feed/topstory/hot-lists/total?limit=50&desktop=true
2025-09-07 02:57:33,798 [ERROR] 没有获取到热榜数据，退出。
2025-09-07 03:32:01,364 [INFO] 成功写入 10 条热搜到 hotresearch/2025_9_7/2025_9_7_3.txt
2025-09-07 03:32:02,086 [ERROR] 请求失败：403 Client Error: Forbidden for url: https://www.zhihu.com/api/v3/feed/topstory/hot-lists/total?limit=50&desktop=true
2025-09-07 03:32:02,086 [ERROR] 没有获取到热榜数据，退出。
2025-09-07 04:14:24,930 [ERROR] 请求失败：403 Client Error: Forbidden for url: https://www.zhihu.com/api/v4/search/top_search
2025-09-07 04:14:24,931 [ERROR] 没有获取到热搜数据，退出。
2025-09-07 04:14:25,443 [ERROR] 请求失败：401 Client Error: Authorization Required for url: https://www.zhihu.com/api/v3/feed/topstory/hot-lists/total?limit=50&desktop=true
2025-09-07 04:14:25,443 [ERROR] 没有获取到热榜数据，退出。
2025-09-07 05:11:32,941 [ERROR] 请求失败：403 Client Error: Forbidden for url: https://www.zhihu.com/api/v4/search/top_search
2025-09-07 05:11:32,941 [ERROR] 没有获取到热搜数据，退出。
2025-09-07 05:11:33,360 [ERROR] 请求失败：401 Client Error: Authorization Required for url: https://www.zhihu.com/api/v3/feed/topstory/hot-lists/total?limit=50&desktop=true
2025-09-07 05:11:33,360 [ERROR] 没有获取到热榜数据，退出。
2025-09-07 06:16:28,900 [ERROR] 请求失败：403 Client Error: Forbidden for url: https://www.zhihu.com/api/v4/search/top_search
2025-09-07 06:16:28,900 [ERROR] 没有获取到热搜数据，退出。
2025-09-07 06:16:29,825 [ERROR] 请求失败：403 Client Error: Forbidden for url: https://www.zhihu.com/api/v3/feed/topstory/hot-lists/total?limit=50&desktop=true
2025-09-07 06:16:29,825 [ERROR] 没有获取到热榜数据，退出。
2025-09-07 07:10:46,341 [ERROR] 请求失败：403 Client Error: Forbidden for url: https://www.zhihu.com/api/v4/search/top_search
2025-09-07 07:10:46,341 [ERROR] 没有获取到热搜数据，退出。
2025-09-07 07:10:47,196 [ERROR] 请求失败：403 Client Error: Forbidden for url: https://www.zhihu.com/api/v3/feed/topstory/hot-lists/total?limit=50&desktop=true
2025-09-07 07:10:47,196 [ERROR] 没有获取到热榜数据，退出。
