2025-07-19 01:07:26,805 [ERROR] 请求失败：403 Client Error: Forbidden for url: https://www.zhihu.com/api/v4/search/top_search
2025-07-19 01:07:26,805 [ERROR] 没有获取到热搜数据，退出。
2025-07-19 01:07:27,267 [ERROR] 请求失败：403 Client Error: Forbidden for url: https://www.zhihu.com/api/v3/feed/topstory/hot-lists/total?limit=50&desktop=true
2025-07-19 01:07:27,267 [ERROR] 没有获取到热榜数据，退出。
2025-07-19 03:18:06,992 [ERROR] 请求失败：403 Client Error: Forbidden for url: https://www.zhihu.com/api/v4/search/top_search
2025-07-19 03:18:06,992 [ERROR] 没有获取到热搜数据，退出。
2025-07-19 03:18:07,337 [ERROR] 请求失败：401 Client Error: Authorization Required for url: https://www.zhihu.com/api/v3/feed/topstory/hot-lists/total?limit=50&desktop=true
2025-07-19 03:18:07,337 [ERROR] 没有获取到热榜数据，退出。
2025-07-19 04:25:28,682 [INFO] 成功写入 10 条热搜到 hotresearch/2025_7_19/2025_7_19_4.txt
2025-07-19 04:25:29,024 [ERROR] 请求失败：401 Client Error: Authorization Required for url: https://www.zhihu.com/api/v3/feed/topstory/hot-lists/total?limit=50&desktop=true
2025-07-19 04:25:29,024 [ERROR] 没有获取到热榜数据，退出。
2025-07-19 05:16:22,468 [ERROR] 请求失败：403 Client Error: Forbidden for url: https://www.zhihu.com/api/v4/search/top_search
2025-07-19 05:16:22,468 [ERROR] 没有获取到热搜数据，退出。
2025-07-19 05:16:22,921 [ERROR] 请求失败：401 Client Error: Authorization Required for url: https://www.zhihu.com/api/v3/feed/topstory/hot-lists/total?limit=50&desktop=true
2025-07-19 05:16:22,921 [ERROR] 没有获取到热榜数据，退出。
2025-07-19 06:19:14,991 [ERROR] 请求失败：403 Client Error: Forbidden for url: https://www.zhihu.com/api/v4/search/top_search
2025-07-19 06:19:14,992 [ERROR] 没有获取到热搜数据，退出。
2025-07-19 06:19:15,467 [ERROR] 请求失败：401 Client Error: Authorization Required for url: https://www.zhihu.com/api/v3/feed/topstory/hot-lists/total?limit=50&desktop=true
2025-07-19 06:19:15,467 [ERROR] 没有获取到热榜数据，退出。
2025-07-19 07:12:43,993 [ERROR] 请求失败：403 Client Error: Forbidden for url: https://www.zhihu.com/api/v4/search/top_search
2025-07-19 07:12:43,994 [ERROR] 没有获取到热搜数据，退出。
2025-07-19 07:12:44,439 [ERROR] 请求失败：403 Client Error: Forbidden for url: https://www.zhihu.com/api/v3/feed/topstory/hot-lists/total?limit=50&desktop=true
2025-07-19 07:12:44,440 [ERROR] 没有获取到热榜数据，退出。
2025-07-19 08:17:07,847 [ERROR] 请求失败：403 Client Error: Forbidden for url: https://www.zhihu.com/api/v4/search/top_search
2025-07-19 08:17:07,847 [ERROR] 没有获取到热搜数据，退出。
2025-07-19 08:17:08,216 [ERROR] 请求失败：401 Client Error: Authorization Required for url: https://www.zhihu.com/api/v3/feed/topstory/hot-lists/total?limit=50&desktop=true
2025-07-19 08:17:08,217 [ERROR] 没有获取到热榜数据，退出。
2025-07-19 09:13:03,316 [ERROR] 请求失败：403 Client Error: Forbidden for url: https://www.zhihu.com/api/v4/search/top_search
2025-07-19 09:13:03,316 [ERROR] 没有获取到热搜数据，退出。
2025-07-19 09:13:03,783 [ERROR] 请求失败：401 Client Error: Authorization Required for url: https://www.zhihu.com/api/v3/feed/topstory/hot-lists/total?limit=50&desktop=true
2025-07-19 09:13:03,783 [ERROR] 没有获取到热榜数据，退出。
2025-07-19 10:13:33,944 [ERROR] 请求失败：403 Client Error: Forbidden for url: https://www.zhihu.com/api/v4/search/top_search
2025-07-19 10:13:33,944 [ERROR] 没有获取到热搜数据，退出。
2025-07-19 10:13:34,288 [ERROR] 请求失败：401 Client Error: Authorization Required for url: https://www.zhihu.com/api/v3/feed/topstory/hot-lists/total?limit=50&desktop=true
2025-07-19 10:13:34,288 [ERROR] 没有获取到热榜数据，退出。
2025-07-19 11:11:13,317 [ERROR] 请求失败：403 Client Error: Forbidden for url: https://www.zhihu.com/api/v4/search/top_search
2025-07-19 11:11:13,317 [ERROR] 没有获取到热搜数据，退出。
2025-07-19 11:11:13,688 [ERROR] 请求失败：401 Client Error: Authorization Required for url: https://www.zhihu.com/api/v3/feed/topstory/hot-lists/total?limit=50&desktop=true
2025-07-19 11:11:13,688 [ERROR] 没有获取到热榜数据，退出。
