2026-01-18 01:15:23,181 [INFO] 成功写入 10 条热搜到 hotresearch/2026_1_18/2026_1_18_1.txt
2026-01-18 01:15:23,656 [ERROR] 请求失败：403 Client Error: Forbidden for url: https://www.zhihu.com/api/v3/feed/topstory/hot-lists/total?limit=50&desktop=true
2026-01-18 01:15:23,656 [ERROR] 没有获取到热榜数据，退出。
2026-01-18 03:39:53,913 [INFO] 成功写入 10 条热搜到 hotresearch/2026_1_18/2026_1_18_3.txt
2026-01-18 03:39:54,445 [ERROR] 请求失败：403 Client Error: Forbidden for url: https://www.zhihu.com/api/v3/feed/topstory/hot-lists/total?limit=50&desktop=true
2026-01-18 03:39:54,445 [ERROR] 没有获取到热榜数据，退出。
2026-01-18 04:36:13,182 [INFO] 成功写入 10 条热搜到 hotresearch/2026_1_18/2026_1_18_4.txt
2026-01-18 04:36:13,526 [ERROR] 请求失败：401 Client Error: Authorization Required for url: https://www.zhihu.com/api/v3/feed/topstory/hot-lists/total?limit=50&desktop=true
2026-01-18 04:36:13,526 [ERROR] 没有获取到热榜数据，退出。
2026-01-18 05:18:13,191 [INFO] 成功写入 10 条热搜到 hotresearch/2026_1_18/2026_1_18_5.txt
2026-01-18 05:18:13,678 [ERROR] 请求失败：401 Client Error: Authorization Required for url: https://www.zhihu.com/api/v3/feed/topstory/hot-lists/total?limit=50&desktop=true
2026-01-18 05:18:13,679 [ERROR] 没有获取到热榜数据，退出。
2026-01-18 06:21:33,024 [INFO] 成功写入 10 条热搜到 hotresearch/2026_1_18/2026_1_18_6.txt
2026-01-18 06:21:33,497 [ERROR] 请求失败：403 Client Error: Forbidden for url: https://www.zhihu.com/api/v3/feed/topstory/hot-lists/total?limit=50&desktop=true
2026-01-18 06:21:33,497 [ERROR] 没有获取到热榜数据，退出。
2026-01-18 07:14:17,268 [INFO] 成功写入 10 条热搜到 hotresearch/2026_1_18/2026_1_18_7.txt
2026-01-18 07:14:17,627 [ERROR] 请求失败：401 Client Error: Authorization Required for url: https://www.zhihu.com/api/v3/feed/topstory/hot-lists/total?limit=50&desktop=true
2026-01-18 07:14:17,627 [ERROR] 没有获取到热榜数据，退出。
2026-01-18 08:18:19,959 [INFO] 成功写入 10 条热搜到 hotresearch/2026_1_18/2026_1_18_8.txt
2026-01-18 08:18:20,310 [ERROR] 请求失败：401 Client Error: Authorization Required for url: https://www.zhihu.com/api/v3/feed/topstory/hot-lists/total?limit=50&desktop=true
2026-01-18 08:18:20,310 [ERROR] 没有获取到热榜数据，退出。
2026-01-18 09:14:35,457 [INFO] 成功写入 10 条热搜到 hotresearch/2026_1_18/2026_1_18_9.txt
2026-01-18 09:14:35,926 [ERROR] 请求失败：401 Client Error: Authorization Required for url: https://www.zhihu.com/api/v3/feed/topstory/hot-lists/total?limit=50&desktop=true
2026-01-18 09:14:35,926 [ERROR] 没有获取到热榜数据，退出。
2026-01-18 10:14:49,266 [INFO] 成功写入 10 条热搜到 hotresearch/2026_1_18/2026_1_18_10.txt
2026-01-18 10:14:49,615 [ERROR] 请求失败：401 Client Error: Authorization Required for url: https://www.zhihu.com/api/v3/feed/topstory/hot-lists/total?limit=50&desktop=true
2026-01-18 10:14:49,615 [ERROR] 没有获取到热榜数据，退出。
2026-01-18 11:11:16,779 [INFO] 成功写入 10 条热搜到 hotresearch/2026_1_18/2026_1_18_11.txt
2026-01-18 11:11:17,269 [ERROR] 请求失败：401 Client Error: Authorization Required for url: https://www.zhihu.com/api/v3/feed/topstory/hot-lists/total?limit=50&desktop=true
2026-01-18 11:11:17,269 [ERROR] 没有获取到热榜数据，退出。
2026-01-18 12:26:36,896 [INFO] 成功写入 10 条热搜到 hotresearch/2026_1_18/2026_1_18_12.txt
2026-01-18 12:26:37,416 [ERROR] 请求失败：401 Client Error: Authorization Required for url: https://www.zhihu.com/api/v3/feed/topstory/hot-lists/total?limit=50&desktop=true
2026-01-18 12:26:37,416 [ERROR] 没有获取到热榜数据，退出。
2026-01-18 13:23:59,372 [INFO] 成功写入 10 条热搜到 hotresearch/2026_1_18/2026_1_18_13.txt
2026-01-18 13:23:59,726 [ERROR] 请求失败：401 Client Error: Authorization Required for url: https://www.zhihu.com/api/v3/feed/topstory/hot-lists/total?limit=50&desktop=true
2026-01-18 13:23:59,726 [ERROR] 没有获取到热榜数据，退出。
2026-01-18 14:12:32,640 [INFO] 成功写入 10 条热搜到 hotresearch/2026_1_18/2026_1_18_14.txt
2026-01-18 14:12:32,996 [ERROR] 请求失败：401 Client Error: Authorization Required for url: https://www.zhihu.com/api/v3/feed/topstory/hot-lists/total?limit=50&desktop=true
2026-01-18 14:12:32,996 [ERROR] 没有获取到热榜数据，退出。
2026-01-18 15:12:57,311 [INFO] 成功写入 10 条热搜到 hotresearch/2026_1_18/2026_1_18_15.txt
2026-01-18 15:12:57,927 [ERROR] 请求失败：403 Client Error: Forbidden for url: https://www.zhihu.com/api/v3/feed/topstory/hot-lists/total?limit=50&desktop=true
2026-01-18 15:12:57,928 [ERROR] 没有获取到热榜数据，退出。
2026-01-18 16:16:17,998 [ERROR] 请求失败：403 Client Error: Forbidden for url: https://www.zhihu.com/api/v4/search/top_search
2026-01-18 16:16:17,998 [ERROR] 没有获取到热搜数据，退出。
2026-01-18 16:16:18,466 [ERROR] 请求失败：401 Client Error: Authorization Required for url: https://www.zhihu.com/api/v3/feed/topstory/hot-lists/total?limit=50&desktop=true
2026-01-18 16:16:18,466 [ERROR] 没有获取到热榜数据，退出。
2026-01-18 17:11:49,637 [INFO] 成功写入 10 条热搜到 hotresearch/2026_1_18/2026_1_18_17.txt
2026-01-18 17:11:50,071 [ERROR] 请求失败：403 Client Error: Forbidden for url: https://www.zhihu.com/api/v3/feed/topstory/hot-lists/total?limit=50&desktop=true
2026-01-18 17:11:50,072 [ERROR] 没有获取到热榜数据，退出。
2026-01-18 18:18:59,764 [INFO] 成功写入 10 条热搜到 hotresearch/2026_1_18/2026_1_18_18.txt
2026-01-18 18:19:00,213 [ERROR] 请求失败：401 Client Error: Authorization Required for url: https://www.zhihu.com/api/v3/feed/topstory/hot-lists/total?limit=50&desktop=true
2026-01-18 18:19:00,213 [ERROR] 没有获取到热榜数据，退出。
2026-01-18 19:10:15,746 [INFO] 成功写入 10 条热搜到 hotresearch/2026_1_18/2026_1_18_19.txt
2026-01-18 19:10:16,231 [ERROR] 请求失败：401 Client Error: Authorization Required for url: https://www.zhihu.com/api/v3/feed/topstory/hot-lists/total?limit=50&desktop=true
2026-01-18 19:10:16,231 [ERROR] 没有获取到热榜数据，退出。
2026-01-18 20:15:10,580 [INFO] 成功写入 10 条热搜到 hotresearch/2026_1_18/2026_1_18_20.txt
2026-01-18 20:15:11,026 [ERROR] 请求失败：401 Client Error: Authorization Required for url: https://www.zhihu.com/api/v3/feed/topstory/hot-lists/total?limit=50&desktop=true
2026-01-18 20:15:11,026 [ERROR] 没有获取到热榜数据，退出。
2026-01-18 21:12:36,404 [INFO] 成功写入 10 条热搜到 hotresearch/2026_1_18/2026_1_18_21.txt
2026-01-18 21:12:36,995 [ERROR] 请求失败：403 Client Error: Forbidden for url: https://www.zhihu.com/api/v3/feed/topstory/hot-lists/total?limit=50&desktop=true
2026-01-18 21:12:36,995 [ERROR] 没有获取到热榜数据，退出。
2026-01-18 22:13:16,168 [INFO] 成功写入 10 条热搜到 hotresearch/2026_1_18/2026_1_18_22.txt
2026-01-18 22:13:16,527 [ERROR] 请求失败：401 Client Error: Authorization Required for url: https://www.zhihu.com/api/v3/feed/topstory/hot-lists/total?limit=50&desktop=true
2026-01-18 22:13:16,527 [ERROR] 没有获取到热榜数据，退出。
