2026-01-24 01:07:37,949 [ERROR] 请求失败：403 Client Error: Forbidden for url: https://www.zhihu.com/api/v4/search/top_search
2026-01-24 01:07:37,949 [ERROR] 没有获取到热搜数据，退出。
2026-01-24 01:07:38,295 [ERROR] 请求失败：401 Client Error: Authorization Required for url: https://www.zhihu.com/api/v3/feed/topstory/hot-lists/total?limit=50&desktop=true
2026-01-24 01:07:38,295 [ERROR] 没有获取到热榜数据，退出。
2026-01-24 03:21:08,892 [ERROR] 请求失败：403 Client Error: Forbidden for url: https://www.zhihu.com/api/v4/search/top_search
2026-01-24 03:21:08,892 [ERROR] 没有获取到热搜数据，退出。
2026-01-24 03:21:09,251 [ERROR] 请求失败：401 Client Error: Authorization Required for url: https://www.zhihu.com/api/v3/feed/topstory/hot-lists/total?limit=50&desktop=true
2026-01-24 03:21:09,251 [ERROR] 没有获取到热榜数据，退出。
2026-01-24 04:29:54,290 [INFO] 成功写入 10 条热搜到 hotresearch/2026_1_24/2026_1_24_4.txt
2026-01-24 04:29:54,807 [ERROR] 请求失败：401 Client Error: Authorization Required for url: https://www.zhihu.com/api/v3/feed/topstory/hot-lists/total?limit=50&desktop=true
2026-01-24 04:29:54,807 [ERROR] 没有获取到热榜数据，退出。
2026-01-24 05:15:50,878 [INFO] 成功写入 10 条热搜到 hotresearch/2026_1_24/2026_1_24_5.txt
2026-01-24 05:15:51,396 [ERROR] 请求失败：403 Client Error: Forbidden for url: https://www.zhihu.com/api/v3/feed/topstory/hot-lists/total?limit=50&desktop=true
2026-01-24 05:15:51,396 [ERROR] 没有获取到热榜数据，退出。
2026-01-24 06:21:45,680 [INFO] 成功写入 10 条热搜到 hotresearch/2026_1_24/2026_1_24_6.txt
2026-01-24 06:21:46,027 [ERROR] 请求失败：401 Client Error: Authorization Required for url: https://www.zhihu.com/api/v3/feed/topstory/hot-lists/total?limit=50&desktop=true
2026-01-24 06:21:46,027 [ERROR] 没有获取到热榜数据，退出。
2026-01-24 07:14:37,705 [INFO] 成功写入 10 条热搜到 hotresearch/2026_1_24/2026_1_24_7.txt
2026-01-24 07:14:38,151 [ERROR] 请求失败：403 Client Error: Forbidden for url: https://www.zhihu.com/api/v3/feed/topstory/hot-lists/total?limit=50&desktop=true
2026-01-24 07:14:38,152 [ERROR] 没有获取到热榜数据，退出。
2026-01-24 08:18:15,901 [INFO] 成功写入 10 条热搜到 hotresearch/2026_1_24/2026_1_24_8.txt
2026-01-24 08:18:16,230 [ERROR] 请求失败：401 Client Error: Authorization Required for url: https://www.zhihu.com/api/v3/feed/topstory/hot-lists/total?limit=50&desktop=true
2026-01-24 08:18:16,230 [ERROR] 没有获取到热榜数据，退出。
2026-01-24 09:14:04,498 [INFO] 成功写入 10 条热搜到 hotresearch/2026_1_24/2026_1_24_9.txt
2026-01-24 09:14:04,976 [ERROR] 请求失败：401 Client Error: Authorization Required for url: https://www.zhihu.com/api/v3/feed/topstory/hot-lists/total?limit=50&desktop=true
2026-01-24 09:14:04,976 [ERROR] 没有获取到热榜数据，退出。
2026-01-24 10:14:27,482 [INFO] 成功写入 10 条热搜到 hotresearch/2026_1_24/2026_1_24_10.txt
2026-01-24 10:14:27,949 [ERROR] 请求失败：401 Client Error: Authorization Required for url: https://www.zhihu.com/api/v3/feed/topstory/hot-lists/total?limit=50&desktop=true
2026-01-24 10:14:27,949 [ERROR] 没有获取到热榜数据，退出。
2026-01-24 11:12:02,072 [INFO] 成功写入 10 条热搜到 hotresearch/2026_1_24/2026_1_24_11.txt
2026-01-24 11:12:02,582 [ERROR] 请求失败：403 Client Error: Forbidden for url: https://www.zhihu.com/api/v3/feed/topstory/hot-lists/total?limit=50&desktop=true
2026-01-24 11:12:02,582 [ERROR] 没有获取到热榜数据，退出。
2026-01-24 12:27:13,343 [INFO] 成功写入 10 条热搜到 hotresearch/2026_1_24/2026_1_24_12.txt
2026-01-24 12:27:13,833 [ERROR] 请求失败：401 Client Error: Authorization Required for url: https://www.zhihu.com/api/v3/feed/topstory/hot-lists/total?limit=50&desktop=true
2026-01-24 12:27:13,833 [ERROR] 没有获取到热榜数据，退出。
