2026-02-14 01:21:21,358 [ERROR] 请求失败：403 Client Error: Forbidden for url: https://www.zhihu.com/api/v4/search/top_search
2026-02-14 01:21:21,358 [ERROR] 没有获取到热搜数据，退出。
2026-02-14 01:21:21,810 [ERROR] 请求失败：401 Client Error: Authorization Required for url: https://www.zhihu.com/api/v3/feed/topstory/hot-lists/total?limit=50&desktop=true
2026-02-14 01:21:21,810 [ERROR] 没有获取到热榜数据，退出。
2026-02-14 04:03:27,485 [INFO] 成功写入 10 条热搜到 hotresearch/2026_2_14/2026_2_14_4.txt
2026-02-14 04:03:27,845 [ERROR] 请求失败：401 Client Error: Authorization Required for url: https://www.zhihu.com/api/v3/feed/topstory/hot-lists/total?limit=50&desktop=true
2026-02-14 04:03:27,845 [ERROR] 没有获取到热榜数据，退出。
2026-02-14 05:38:34,659 [INFO] 成功写入 10 条热搜到 hotresearch/2026_2_14/2026_2_14_5.txt
2026-02-14 05:38:35,019 [ERROR] 请求失败：401 Client Error: Authorization Required for url: https://www.zhihu.com/api/v3/feed/topstory/hot-lists/total?limit=50&desktop=true
2026-02-14 05:38:35,019 [ERROR] 没有获取到热榜数据，退出。
2026-02-14 06:35:16,110 [INFO] 成功写入 10 条热搜到 hotresearch/2026_2_14/2026_2_14_6.txt
2026-02-14 06:35:16,582 [ERROR] 请求失败：401 Client Error: Authorization Required for url: https://www.zhihu.com/api/v3/feed/topstory/hot-lists/total?limit=50&desktop=true
2026-02-14 06:35:16,582 [ERROR] 没有获取到热榜数据，退出。
2026-02-14 07:28:43,072 [INFO] 成功写入 10 条热搜到 hotresearch/2026_2_14/2026_2_14_7.txt
2026-02-14 07:28:43,525 [ERROR] 请求失败：401 Client Error: Authorization Required for url: https://www.zhihu.com/api/v3/feed/topstory/hot-lists/total?limit=50&desktop=true
2026-02-14 07:28:43,525 [ERROR] 没有获取到热榜数据，退出。
2026-02-14 08:22:41,233 [INFO] 成功写入 10 条热搜到 hotresearch/2026_2_14/2026_2_14_8.txt
2026-02-14 08:22:41,710 [ERROR] 请求失败：401 Client Error: Authorization Required for url: https://www.zhihu.com/api/v3/feed/topstory/hot-lists/total?limit=50&desktop=true
2026-02-14 08:22:41,710 [ERROR] 没有获取到热榜数据，退出。
2026-02-14 09:23:52,667 [INFO] 成功写入 10 条热搜到 hotresearch/2026_2_14/2026_2_14_9.txt
2026-02-14 09:23:53,174 [ERROR] 请求失败：401 Client Error: Authorization Required for url: https://www.zhihu.com/api/v3/feed/topstory/hot-lists/total?limit=50&desktop=true
2026-02-14 09:23:53,175 [ERROR] 没有获取到热榜数据，退出。
2026-02-14 10:18:33,861 [INFO] 成功写入 10 条热搜到 hotresearch/2026_2_14/2026_2_14_10.txt
2026-02-14 10:18:34,227 [ERROR] 请求失败：401 Client Error: Authorization Required for url: https://www.zhihu.com/api/v3/feed/topstory/hot-lists/total?limit=50&desktop=true
2026-02-14 10:18:34,227 [ERROR] 没有获取到热榜数据，退出。
2026-02-14 11:16:27,778 [INFO] 成功写入 10 条热搜到 hotresearch/2026_2_14/2026_2_14_11.txt
2026-02-14 11:16:28,311 [ERROR] 请求失败：401 Client Error: Authorization Required for url: https://www.zhihu.com/api/v3/feed/topstory/hot-lists/total?limit=50&desktop=true
2026-02-14 11:16:28,312 [ERROR] 没有获取到热榜数据，退出。
2026-02-14 12:31:24,031 [INFO] 成功写入 10 条热搜到 hotresearch/2026_2_14/2026_2_14_12.txt
2026-02-14 12:31:24,509 [ERROR] 请求失败：401 Client Error: Authorization Required for url: https://www.zhihu.com/api/v3/feed/topstory/hot-lists/total?limit=50&desktop=true
2026-02-14 12:31:24,509 [ERROR] 没有获取到热榜数据，退出。
2026-02-14 13:38:33,491 [INFO] 成功写入 10 条热搜到 hotresearch/2026_2_14/2026_2_14_13.txt
2026-02-14 13:38:33,978 [ERROR] 请求失败：401 Client Error: Authorization Required for url: https://www.zhihu.com/api/v3/feed/topstory/hot-lists/total?limit=50&desktop=true
2026-02-14 13:38:33,978 [ERROR] 没有获取到热榜数据，退出。
2026-02-14 14:19:35,834 [INFO] 成功写入 10 条热搜到 hotresearch/2026_2_14/2026_2_14_14.txt
2026-02-14 14:19:36,349 [ERROR] 请求失败：401 Client Error: Authorization Required for url: https://www.zhihu.com/api/v3/feed/topstory/hot-lists/total?limit=50&desktop=true
2026-02-14 14:19:36,350 [ERROR] 没有获取到热榜数据，退出。
2026-02-14 15:18:20,067 [INFO] 成功写入 10 条热搜到 hotresearch/2026_2_14/2026_2_14_15.txt
2026-02-14 15:18:20,426 [ERROR] 请求失败：401 Client Error: Authorization Required for url: https://www.zhihu.com/api/v3/feed/topstory/hot-lists/total?limit=50&desktop=true
2026-02-14 15:18:20,426 [ERROR] 没有获取到热榜数据，退出。
2026-02-14 16:20:38,650 [INFO] 成功写入 10 条热搜到 hotresearch/2026_2_14/2026_2_14_16.txt
2026-02-14 16:20:39,014 [ERROR] 请求失败：401 Client Error: Authorization Required for url: https://www.zhihu.com/api/v3/feed/topstory/hot-lists/total?limit=50&desktop=true
2026-02-14 16:20:39,014 [ERROR] 没有获取到热榜数据，退出。
2026-02-14 17:20:20,335 [INFO] 成功写入 10 条热搜到 hotresearch/2026_2_14/2026_2_14_17.txt
2026-02-14 17:20:20,702 [ERROR] 请求失败：401 Client Error: Authorization Required for url: https://www.zhihu.com/api/v3/feed/topstory/hot-lists/total?limit=50&desktop=true
2026-02-14 17:20:20,703 [ERROR] 没有获取到热榜数据，退出。
2026-02-14 18:23:55,807 [INFO] 成功写入 10 条热搜到 hotresearch/2026_2_14/2026_2_14_18.txt
2026-02-14 18:23:56,273 [ERROR] 请求失败：401 Client Error: Authorization Required for url: https://www.zhihu.com/api/v3/feed/topstory/hot-lists/total?limit=50&desktop=true
2026-02-14 18:23:56,273 [ERROR] 没有获取到热榜数据，退出。
2026-02-14 19:18:03,944 [INFO] 成功写入 10 条热搜到 hotresearch/2026_2_14/2026_2_14_19.txt
2026-02-14 19:18:04,291 [ERROR] 请求失败：401 Client Error: Authorization Required for url: https://www.zhihu.com/api/v3/feed/topstory/hot-lists/total?limit=50&desktop=true
2026-02-14 19:18:04,291 [ERROR] 没有获取到热榜数据，退出。
2026-02-14 20:17:38,912 [INFO] 成功写入 10 条热搜到 hotresearch/2026_2_14/2026_2_14_20.txt
2026-02-14 20:17:39,257 [ERROR] 请求失败：401 Client Error: Authorization Required for url: https://www.zhihu.com/api/v3/feed/topstory/hot-lists/total?limit=50&desktop=true
2026-02-14 20:17:39,257 [ERROR] 没有获取到热榜数据，退出。
2026-02-14 21:16:59,929 [INFO] 成功写入 10 条热搜到 hotresearch/2026_2_14/2026_2_14_21.txt
2026-02-14 21:17:00,304 [ERROR] 请求失败：401 Client Error: Authorization Required for url: https://www.zhihu.com/api/v3/feed/topstory/hot-lists/total?limit=50&desktop=true
2026-02-14 21:17:00,304 [ERROR] 没有获取到热榜数据，退出。
2026-02-14 22:15:37,431 [INFO] 成功写入 10 条热搜到 hotresearch/2026_2_14/2026_2_14_22.txt
2026-02-14 22:15:37,878 [ERROR] 请求失败：401 Client Error: Authorization Required for url: https://www.zhihu.com/api/v3/feed/topstory/hot-lists/total?limit=50&desktop=true
2026-02-14 22:15:37,878 [ERROR] 没有获取到热榜数据，退出。
