2026-04-22 01:54:19,477 [INFO] 成功写入 10 条热搜到 hotresearch/2026_4_22/2026_4_22_1.txt
2026-04-22 01:54:19,970 [ERROR] 请求失败：403 Client Error: Forbidden for url: https://www.zhihu.com/api/v3/feed/topstory/hot-lists/total?limit=50&desktop=true
2026-04-22 01:54:19,970 [ERROR] 没有获取到热榜数据，退出。
2026-04-22 04:41:06,622 [INFO] 成功写入 10 条热搜到 hotresearch/2026_4_22/2026_4_22_4.txt
2026-04-22 04:41:07,115 [ERROR] 请求失败：403 Client Error: Forbidden for url: https://www.zhihu.com/api/v3/feed/topstory/hot-lists/total?limit=50&desktop=true
2026-04-22 04:41:07,115 [ERROR] 没有获取到热榜数据，退出。
2026-04-22 06:53:21,752 [INFO] 成功写入 10 条热搜到 hotresearch/2026_4_22/2026_4_22_6.txt
2026-04-22 06:53:22,240 [ERROR] 请求失败：401 Client Error: Authorization Required for url: https://www.zhihu.com/api/v3/feed/topstory/hot-lists/total?limit=50&desktop=true
2026-04-22 06:53:22,240 [ERROR] 没有获取到热榜数据，退出。
2026-04-22 08:25:57,395 [INFO] 成功写入 10 条热搜到 hotresearch/2026_4_22/2026_4_22_8.txt
2026-04-22 08:25:57,907 [ERROR] 请求失败：403 Client Error: Forbidden for url: https://www.zhihu.com/api/v3/feed/topstory/hot-lists/total?limit=50&desktop=true
2026-04-22 08:25:57,907 [ERROR] 没有获取到热榜数据，退出。
2026-04-22 10:13:28,759 [INFO] 成功写入 10 条热搜到 hotresearch/2026_4_22/2026_4_22_10.txt
2026-04-22 10:13:29,250 [ERROR] 请求失败：403 Client Error: Forbidden for url: https://www.zhihu.com/api/v3/feed/topstory/hot-lists/total?limit=50&desktop=true
2026-04-22 10:13:29,250 [ERROR] 没有获取到热榜数据，退出。
2026-04-22 11:54:28,696 [INFO] 成功写入 10 条热搜到 hotresearch/2026_4_22/2026_4_22_11.txt
2026-04-22 11:54:29,200 [ERROR] 请求失败：401 Client Error: Authorization Required for url: https://www.zhihu.com/api/v3/feed/topstory/hot-lists/total?limit=50&desktop=true
2026-04-22 11:54:29,200 [ERROR] 没有获取到热榜数据，退出。
2026-04-22 13:10:20,466 [INFO] 成功写入 10 条热搜到 hotresearch/2026_4_22/2026_4_22_13.txt
2026-04-22 13:10:21,233 [ERROR] 请求失败：403 Client Error: Forbidden for url: https://www.zhihu.com/api/v3/feed/topstory/hot-lists/total?limit=50&desktop=true
2026-04-22 13:10:21,233 [ERROR] 没有获取到热榜数据，退出。
2026-04-22 15:05:35,292 [INFO] 成功写入 10 条热搜到 hotresearch/2026_4_22/2026_4_22_15.txt
2026-04-22 15:05:35,658 [ERROR] 请求失败：401 Client Error: Authorization Required for url: https://www.zhihu.com/api/v3/feed/topstory/hot-lists/total?limit=50&desktop=true
2026-04-22 15:05:35,658 [ERROR] 没有获取到热榜数据，退出。
2026-04-22 16:51:24,788 [INFO] 成功写入 10 条热搜到 hotresearch/2026_4_22/2026_4_22_16.txt
2026-04-22 16:51:25,286 [ERROR] 请求失败：403 Client Error: Forbidden for url: https://www.zhihu.com/api/v3/feed/topstory/hot-lists/total?limit=50&desktop=true
2026-04-22 16:51:25,286 [ERROR] 没有获取到热榜数据，退出。
2026-04-22 17:54:25,701 [INFO] 成功写入 10 条热搜到 hotresearch/2026_4_22/2026_4_22_17.txt
2026-04-22 17:54:26,172 [ERROR] 请求失败：401 Client Error: Authorization Required for url: https://www.zhihu.com/api/v3/feed/topstory/hot-lists/total?limit=50&desktop=true
2026-04-22 17:54:26,172 [ERROR] 没有获取到热榜数据，退出。
2026-04-22 19:02:36,543 [INFO] 成功写入 10 条热搜到 hotresearch/2026_4_22/2026_4_22_19.txt
2026-04-22 19:02:37,024 [ERROR] 请求失败：401 Client Error: Authorization Required for url: https://www.zhihu.com/api/v3/feed/topstory/hot-lists/total?limit=50&desktop=true
2026-04-22 19:02:37,025 [ERROR] 没有获取到热榜数据，退出。
2026-04-22 20:44:37,143 [WARNING] Retrying (Retry(total=4, connect=None, read=None, redirect=None, status=None)) after connection broken by 'NewConnectionError('<urllib3.connection.HTTPSConnection object at 0x7fcb63846420>: Failed to establish a new connection: [Errno 101] Network is unreachable')': /api/v4/search/top_search
2026-04-22 20:44:49,147 [WARNING] Retrying (Retry(total=3, connect=None, read=None, redirect=None, status=None)) after connection broken by 'NewConnectionError('<urllib3.connection.HTTPSConnection object at 0x7fcb63bdadb0>: Failed to establish a new connection: [Errno 101] Network is unreachable')': /api/v4/search/top_search
2026-04-22 20:45:03,159 [WARNING] Retrying (Retry(total=2, connect=None, read=None, redirect=None, status=None)) after connection broken by 'NewConnectionError('<urllib3.connection.HTTPSConnection object at 0x7fcb63846e10>: Failed to establish a new connection: [Errno 101] Network is unreachable')': /api/v4/search/top_search
2026-04-22 20:45:21,161 [WARNING] Retrying (Retry(total=1, connect=None, read=None, redirect=None, status=None)) after connection broken by 'NewConnectionError('<urllib3.connection.HTTPSConnection object at 0x7fcb63846f60>: Failed to establish a new connection: [Errno 101] Network is unreachable')': /api/v4/search/top_search
2026-04-22 20:45:47,172 [WARNING] Retrying (Retry(total=0, connect=None, read=None, redirect=None, status=None)) after connection broken by 'NewConnectionError('<urllib3.connection.HTTPSConnection object at 0x7fcb638470b0>: Failed to establish a new connection: [Errno 101] Network is unreachable')': /api/v4/search/top_search
2026-04-22 20:45:57,367 [ERROR] 请求失败：HTTPSConnectionPool(host='www.zhihu.com', port=443): Max retries exceeded with url: /api/v4/search/top_search (Caused by NewConnectionError('<urllib3.connection.HTTPSConnection object at 0x7fcb63847200>: Failed to establish a new connection: [Errno 101] Network is unreachable'))
2026-04-22 20:45:57,367 [ERROR] 没有获取到热搜数据，退出。
2026-04-22 20:46:07,486 [WARNING] Retrying (Retry(total=4, connect=None, read=None, redirect=None, status=None)) after connection broken by 'NewConnectionError('<urllib3.connection.HTTPSConnection object at 0x7f93a62c30b0>: Failed to establish a new connection: [Errno 101] Network is unreachable')': /api/v3/feed/topstory/hot-lists/total?limit=50&desktop=true
2026-04-22 20:46:19,498 [WARNING] Retrying (Retry(total=3, connect=None, read=None, redirect=None, status=None)) after connection broken by 'NewConnectionError('<urllib3.connection.HTTPSConnection object at 0x7f93a62c0590>: Failed to establish a new connection: [Errno 101] Network is unreachable')': /api/v3/feed/topstory/hot-lists/total?limit=50&desktop=true
2026-04-22 20:46:33,510 [WARNING] Retrying (Retry(total=2, connect=None, read=None, redirect=None, status=None)) after connection broken by 'NewConnectionError('<urllib3.connection.HTTPSConnection object at 0x7f93a62c3290>: Failed to establish a new connection: [Errno 101] Network is unreachable')': /api/v3/feed/topstory/hot-lists/total?limit=50&desktop=true
2026-04-22 20:46:51,521 [WARNING] Retrying (Retry(total=1, connect=None, read=None, redirect=None, status=None)) after connection broken by 'NewConnectionError('<urllib3.connection.HTTPSConnection object at 0x7f93a62c33e0>: Failed to establish a new connection: [Errno 101] Network is unreachable')': /api/v3/feed/topstory/hot-lists/total?limit=50&desktop=true
2026-04-22 20:47:17,819 [WARNING] Retrying (Retry(total=0, connect=None, read=None, redirect=None, status=None)) after connection broken by 'NewConnectionError('<urllib3.connection.HTTPSConnection object at 0x7f93a62c3530>: Failed to establish a new connection: [Errno 101] Network is unreachable')': /api/v3/feed/topstory/hot-lists/total?limit=50&desktop=true
2026-04-22 20:47:27,830 [ERROR] 请求失败：HTTPSConnectionPool(host='www.zhihu.com', port=443): Max retries exceeded with url: /api/v3/feed/topstory/hot-lists/total?limit=50&desktop=true (Caused by NewConnectionError('<urllib3.connection.HTTPSConnection object at 0x7f93a62c3680>: Failed to establish a new connection: [Errno 101] Network is unreachable'))
2026-04-22 20:47:27,830 [ERROR] 没有获取到热榜数据，退出。
2026-04-22 21:43:11,135 [INFO] 成功写入 10 条热搜到 hotresearch/2026_4_22/2026_4_22_21.txt
2026-04-22 21:43:11,731 [ERROR] 请求失败：401 Client Error: Authorization Required for url: https://www.zhihu.com/api/v3/feed/topstory/hot-lists/total?limit=50&desktop=true
2026-04-22 21:43:11,731 [ERROR] 没有获取到热榜数据，退出。
