2026-02-24 01:23:45,109 [INFO] 成功写入 10 条热搜到 hotresearch/2026_2_24/2026_2_24_1.txt
2026-02-24 01:23:45,445 [ERROR] 请求失败：401 Client Error: Authorization Required for url: https://www.zhihu.com/api/v3/feed/topstory/hot-lists/total?limit=50&desktop=true
2026-02-24 01:23:45,446 [ERROR] 没有获取到热榜数据，退出。
2026-02-24 04:11:11,159 [INFO] 成功写入 10 条热搜到 hotresearch/2026_2_24/2026_2_24_4.txt
2026-02-24 04:11:11,624 [ERROR] 请求失败：403 Client Error: Forbidden for url: https://www.zhihu.com/api/v3/feed/topstory/hot-lists/total?limit=50&desktop=true
2026-02-24 04:11:11,624 [ERROR] 没有获取到热榜数据，退出。
2026-02-24 05:53:47,426 [INFO] 成功写入 10 条热搜到 hotresearch/2026_2_24/2026_2_24_5.txt
2026-02-24 05:53:47,771 [ERROR] 请求失败：401 Client Error: Authorization Required for url: https://www.zhihu.com/api/v3/feed/topstory/hot-lists/total?limit=50&desktop=true
2026-02-24 05:53:47,771 [ERROR] 没有获取到热榜数据，退出。
2026-02-24 06:51:00,393 [ERROR] 请求失败：403 Client Error: Forbidden for url: https://www.zhihu.com/api/v4/search/top_search
2026-02-24 06:51:00,394 [ERROR] 没有获取到热搜数据，退出。
2026-02-24 06:51:00,854 [ERROR] 请求失败：401 Client Error: Authorization Required for url: https://www.zhihu.com/api/v3/feed/topstory/hot-lists/total?limit=50&desktop=true
2026-02-24 06:51:00,854 [ERROR] 没有获取到热榜数据，退出。
2026-02-24 07:45:07,663 [INFO] 成功写入 10 条热搜到 hotresearch/2026_2_24/2026_2_24_7.txt
2026-02-24 07:45:08,123 [ERROR] 请求失败：401 Client Error: Authorization Required for url: https://www.zhihu.com/api/v3/feed/topstory/hot-lists/total?limit=50&desktop=true
2026-02-24 07:45:08,123 [ERROR] 没有获取到热榜数据，退出。
2026-02-24 08:37:23,354 [INFO] 成功写入 10 条热搜到 hotresearch/2026_2_24/2026_2_24_8.txt
2026-02-24 08:37:23,700 [ERROR] 请求失败：401 Client Error: Authorization Required for url: https://www.zhihu.com/api/v3/feed/topstory/hot-lists/total?limit=50&desktop=true
2026-02-24 08:37:23,700 [ERROR] 没有获取到热榜数据，退出。
2026-02-24 09:43:06,149 [INFO] 成功写入 10 条热搜到 hotresearch/2026_2_24/2026_2_24_9.txt
2026-02-24 09:43:06,630 [ERROR] 请求失败：401 Client Error: Authorization Required for url: https://www.zhihu.com/api/v3/feed/topstory/hot-lists/total?limit=50&desktop=true
2026-02-24 09:43:06,631 [ERROR] 没有获取到热榜数据，退出。
2026-02-24 10:40:14,885 [INFO] 成功写入 10 条热搜到 hotresearch/2026_2_24/2026_2_24_10.txt
2026-02-24 10:40:15,244 [ERROR] 请求失败：401 Client Error: Authorization Required for url: https://www.zhihu.com/api/v3/feed/topstory/hot-lists/total?limit=50&desktop=true
2026-02-24 10:40:15,244 [ERROR] 没有获取到热榜数据，退出。
2026-02-24 11:34:46,591 [INFO] 成功写入 10 条热搜到 hotresearch/2026_2_24/2026_2_24_11.txt
2026-02-24 11:34:46,962 [ERROR] 请求失败：401 Client Error: Authorization Required for url: https://www.zhihu.com/api/v3/feed/topstory/hot-lists/total?limit=50&desktop=true
2026-02-24 11:34:46,962 [ERROR] 没有获取到热榜数据，退出。
2026-02-24 12:46:09,988 [INFO] 成功写入 10 条热搜到 hotresearch/2026_2_24/2026_2_24_12.txt
2026-02-24 12:46:10,448 [ERROR] 请求失败：401 Client Error: Authorization Required for url: https://www.zhihu.com/api/v3/feed/topstory/hot-lists/total?limit=50&desktop=true
2026-02-24 12:46:10,448 [ERROR] 没有获取到热榜数据，退出。
2026-02-24 14:05:50,384 [INFO] 成功写入 10 条热搜到 hotresearch/2026_2_24/2026_2_24_14.txt
2026-02-24 14:05:50,727 [ERROR] 请求失败：401 Client Error: Authorization Required for url: https://www.zhihu.com/api/v3/feed/topstory/hot-lists/total?limit=50&desktop=true
2026-02-24 14:05:50,727 [ERROR] 没有获取到热榜数据，退出。
2026-02-24 15:49:53,832 [INFO] 成功写入 10 条热搜到 hotresearch/2026_2_24/2026_2_24_15.txt
2026-02-24 15:49:54,303 [ERROR] 请求失败：401 Client Error: Authorization Required for url: https://www.zhihu.com/api/v3/feed/topstory/hot-lists/total?limit=50&desktop=true
2026-02-24 15:49:54,303 [ERROR] 没有获取到热榜数据，退出。
2026-02-24 16:57:39,430 [INFO] 成功写入 10 条热搜到 hotresearch/2026_2_24/2026_2_24_16.txt
2026-02-24 16:57:39,878 [ERROR] 请求失败：401 Client Error: Authorization Required for url: https://www.zhihu.com/api/v3/feed/topstory/hot-lists/total?limit=50&desktop=true
2026-02-24 16:57:39,878 [ERROR] 没有获取到热榜数据，退出。
2026-02-24 17:54:20,118 [INFO] 成功写入 10 条热搜到 hotresearch/2026_2_24/2026_2_24_17.txt
2026-02-24 17:54:20,591 [ERROR] 请求失败：401 Client Error: Authorization Required for url: https://www.zhihu.com/api/v3/feed/topstory/hot-lists/total?limit=50&desktop=true
2026-02-24 17:54:20,591 [ERROR] 没有获取到热榜数据，退出。
2026-02-24 18:51:58,197 [INFO] 成功写入 10 条热搜到 hotresearch/2026_2_24/2026_2_24_18.txt
2026-02-24 18:51:58,538 [ERROR] 请求失败：401 Client Error: Authorization Required for url: https://www.zhihu.com/api/v3/feed/topstory/hot-lists/total?limit=50&desktop=true
2026-02-24 18:51:58,538 [ERROR] 没有获取到热榜数据，退出。
2026-02-24 19:44:25,809 [INFO] 成功写入 10 条热搜到 hotresearch/2026_2_24/2026_2_24_19.txt
2026-02-24 19:44:26,290 [ERROR] 请求失败：401 Client Error: Authorization Required for url: https://www.zhihu.com/api/v3/feed/topstory/hot-lists/total?limit=50&desktop=true
2026-02-24 19:44:26,290 [ERROR] 没有获取到热榜数据，退出。
2026-02-24 20:26:36,945 [INFO] 成功写入 10 条热搜到 hotresearch/2026_2_24/2026_2_24_20.txt
2026-02-24 20:26:37,463 [ERROR] 请求失败：401 Client Error: Authorization Required for url: https://www.zhihu.com/api/v3/feed/topstory/hot-lists/total?limit=50&desktop=true
2026-02-24 20:26:37,463 [ERROR] 没有获取到热榜数据，退出。
