2026-07-03 02:54:48,426 [INFO] 成功写入 10 条热搜到 hotresearch/2026_7_3/2026_7_3_2.txt
2026-07-03 02:54:48,801 [ERROR] 请求失败：401 Client Error: Authorization Required for url: https://www.zhihu.com/api/v3/feed/topstory/hot-lists/total?limit=50&desktop=true
2026-07-03 02:54:48,802 [ERROR] 没有获取到热榜数据，退出。
2026-07-03 06:23:52,197 [ERROR] 请求失败：403 Client Error: Forbidden for url: https://www.zhihu.com/api/v4/search/top_search
2026-07-03 06:23:52,197 [ERROR] 没有获取到热搜数据，退出。
2026-07-03 06:23:52,694 [ERROR] 请求失败：401 Client Error: Authorization Required for url: https://www.zhihu.com/api/v3/feed/topstory/hot-lists/total?limit=50&desktop=true
2026-07-03 06:23:52,694 [ERROR] 没有获取到热榜数据，退出。
2026-07-03 09:50:53,328 [INFO] 成功写入 10 条热搜到 hotresearch/2026_7_3/2026_7_3_9.txt
2026-07-03 09:50:53,852 [ERROR] 请求失败：403 Client Error: Forbidden for url: https://www.zhihu.com/api/v3/feed/topstory/hot-lists/total?limit=50&desktop=true
2026-07-03 09:50:53,852 [ERROR] 没有获取到热榜数据，退出。
2026-07-03 12:02:28,056 [INFO] 成功写入 10 条热搜到 hotresearch/2026_7_3/2026_7_3_12.txt
2026-07-03 12:02:28,406 [ERROR] 请求失败：401 Client Error: Authorization Required for url: https://www.zhihu.com/api/v3/feed/topstory/hot-lists/total?limit=50&desktop=true
2026-07-03 12:02:28,406 [ERROR] 没有获取到热榜数据，退出。
2026-07-03 15:02:53,750 [INFO] 成功写入 10 条热搜到 hotresearch/2026_7_3/2026_7_3_15.txt
2026-07-03 15:02:54,166 [ERROR] 请求失败：403 Client Error: Forbidden for url: https://www.zhihu.com/api/v3/feed/topstory/hot-lists/total?limit=50&desktop=true
2026-07-03 15:02:54,166 [ERROR] 没有获取到热榜数据，退出。
2026-07-03 17:15:51,776 [INFO] 成功写入 10 条热搜到 hotresearch/2026_7_3/2026_7_3_17.txt
2026-07-03 17:15:52,175 [ERROR] 请求失败：401 Client Error: Authorization Required for url: https://www.zhihu.com/api/v3/feed/topstory/hot-lists/total?limit=50&desktop=true
2026-07-03 17:15:52,175 [ERROR] 没有获取到热榜数据，退出。
2026-07-03 19:06:18,504 [INFO] 成功写入 10 条热搜到 hotresearch/2026_7_3/2026_7_3_19.txt
2026-07-03 19:06:18,841 [ERROR] 请求失败：401 Client Error: Authorization Required for url: https://www.zhihu.com/api/v3/feed/topstory/hot-lists/total?limit=50&desktop=true
2026-07-03 19:06:18,841 [ERROR] 没有获取到热榜数据，退出。
2026-07-03 20:55:18,668 [INFO] 成功写入 10 条热搜到 hotresearch/2026_7_3/2026_7_3_20.txt
2026-07-03 20:55:19,096 [ERROR] 请求失败：401 Client Error: Authorization Required for url: https://www.zhihu.com/api/v3/feed/topstory/hot-lists/total?limit=50&desktop=true
2026-07-03 20:55:19,096 [ERROR] 没有获取到热榜数据，退出。
2026-07-03 21:59:11,658 [INFO] 成功写入 10 条热搜到 hotresearch/2026_7_3/2026_7_3_21.txt
2026-07-03 21:59:12,049 [ERROR] 请求失败：401 Client Error: Authorization Required for url: https://www.zhihu.com/api/v3/feed/topstory/hot-lists/total?limit=50&desktop=true
2026-07-03 21:59:12,049 [ERROR] 没有获取到热榜数据，退出。
