2026-03-25 01:26:50,527 [INFO] 成功写入 10 条热搜到 hotresearch/2026_3_25/2026_3_25_1.txt
2026-03-25 01:26:51,051 [ERROR] 请求失败：403 Client Error: Forbidden for url: https://www.zhihu.com/api/v3/feed/topstory/hot-lists/total?limit=50&desktop=true
2026-03-25 01:26:51,051 [ERROR] 没有获取到热榜数据，退出。
2026-03-25 04:12:34,860 [INFO] 成功写入 10 条热搜到 hotresearch/2026_3_25/2026_3_25_4.txt
2026-03-25 04:12:35,319 [ERROR] 请求失败：401 Client Error: Authorization Required for url: https://www.zhihu.com/api/v3/feed/topstory/hot-lists/total?limit=50&desktop=true
2026-03-25 04:12:35,319 [ERROR] 没有获取到热榜数据，退出。
2026-03-25 05:55:51,261 [INFO] 成功写入 10 条热搜到 hotresearch/2026_3_25/2026_3_25_5.txt
2026-03-25 05:55:51,730 [ERROR] 请求失败：403 Client Error: Forbidden for url: https://www.zhihu.com/api/v3/feed/topstory/hot-lists/total?limit=50&desktop=true
2026-03-25 05:55:51,730 [ERROR] 没有获取到热榜数据，退出。
2026-03-25 06:56:13,779 [INFO] 成功写入 10 条热搜到 hotresearch/2026_3_25/2026_3_25_6.txt
2026-03-25 06:56:14,238 [ERROR] 请求失败：403 Client Error: Forbidden for url: https://www.zhihu.com/api/v3/feed/topstory/hot-lists/total?limit=50&desktop=true
2026-03-25 06:56:14,238 [ERROR] 没有获取到热榜数据，退出。
2026-03-25 07:49:41,344 [INFO] 成功写入 10 条热搜到 hotresearch/2026_3_25/2026_3_25_7.txt
2026-03-25 07:49:41,819 [ERROR] 请求失败：403 Client Error: Forbidden for url: https://www.zhihu.com/api/v3/feed/topstory/hot-lists/total?limit=50&desktop=true
2026-03-25 07:49:41,832 [ERROR] 没有获取到热榜数据，退出。
2026-03-25 08:40:21,660 [INFO] 成功写入 10 条热搜到 hotresearch/2026_3_25/2026_3_25_8.txt
2026-03-25 08:40:22,170 [ERROR] 请求失败：403 Client Error: Forbidden for url: https://www.zhihu.com/api/v3/feed/topstory/hot-lists/total?limit=50&desktop=true
2026-03-25 08:40:22,170 [ERROR] 没有获取到热榜数据，退出。
2026-03-25 09:44:41,180 [INFO] 成功写入 10 条热搜到 hotresearch/2026_3_25/2026_3_25_9.txt
2026-03-25 09:44:41,629 [ERROR] 请求失败：403 Client Error: Forbidden for url: https://www.zhihu.com/api/v3/feed/topstory/hot-lists/total?limit=50&desktop=true
2026-03-25 09:44:41,629 [ERROR] 没有获取到热榜数据，退出。
2026-03-25 10:40:38,300 [ERROR] 请求失败：403 Client Error: Forbidden for url: https://www.zhihu.com/api/v4/search/top_search
2026-03-25 10:40:38,300 [ERROR] 没有获取到热搜数据，退出。
2026-03-25 10:40:38,779 [ERROR] 请求失败：401 Client Error: Authorization Required for url: https://www.zhihu.com/api/v3/feed/topstory/hot-lists/total?limit=50&desktop=true
2026-03-25 10:40:38,779 [ERROR] 没有获取到热榜数据，退出。
2026-03-25 11:35:56,859 [INFO] 成功写入 10 条热搜到 hotresearch/2026_3_25/2026_3_25_11.txt
2026-03-25 11:35:57,330 [ERROR] 请求失败：401 Client Error: Authorization Required for url: https://www.zhihu.com/api/v3/feed/topstory/hot-lists/total?limit=50&desktop=true
2026-03-25 11:35:57,330 [ERROR] 没有获取到热榜数据，退出。
2026-03-25 12:52:01,382 [INFO] 成功写入 10 条热搜到 hotresearch/2026_3_25/2026_3_25_12.txt
2026-03-25 12:52:01,846 [ERROR] 请求失败：401 Client Error: Authorization Required for url: https://www.zhihu.com/api/v3/feed/topstory/hot-lists/total?limit=50&desktop=true
2026-03-25 12:52:01,846 [ERROR] 没有获取到热榜数据，退出。
2026-03-25 14:14:37,123 [INFO] 成功写入 10 条热搜到 hotresearch/2026_3_25/2026_3_25_14.txt
2026-03-25 14:14:37,633 [ERROR] 请求失败：401 Client Error: Authorization Required for url: https://www.zhihu.com/api/v3/feed/topstory/hot-lists/total?limit=50&desktop=true
2026-03-25 14:14:37,633 [ERROR] 没有获取到热榜数据，退出。
2026-03-25 16:01:49,568 [INFO] 成功写入 10 条热搜到 hotresearch/2026_3_25/2026_3_25_16.txt
2026-03-25 16:01:49,910 [ERROR] 请求失败：401 Client Error: Authorization Required for url: https://www.zhihu.com/api/v3/feed/topstory/hot-lists/total?limit=50&desktop=true
2026-03-25 16:01:49,910 [ERROR] 没有获取到热榜数据，退出。
2026-03-25 17:51:39,810 [INFO] 成功写入 10 条热搜到 hotresearch/2026_3_25/2026_3_25_17.txt
2026-03-25 17:51:40,343 [ERROR] 请求失败：401 Client Error: Authorization Required for url: https://www.zhihu.com/api/v3/feed/topstory/hot-lists/total?limit=50&desktop=true
2026-03-25 17:51:40,343 [ERROR] 没有获取到热榜数据，退出。
2026-03-25 18:45:39,003 [INFO] 成功写入 10 条热搜到 hotresearch/2026_3_25/2026_3_25_18.txt
2026-03-25 18:45:39,513 [ERROR] 请求失败：401 Client Error: Authorization Required for url: https://www.zhihu.com/api/v3/feed/topstory/hot-lists/total?limit=50&desktop=true
2026-03-25 18:45:39,513 [ERROR] 没有获取到热榜数据，退出。
2026-03-25 19:40:48,478 [INFO] 成功写入 10 条热搜到 hotresearch/2026_3_25/2026_3_25_19.txt
2026-03-25 19:40:48,997 [ERROR] 请求失败：401 Client Error: Authorization Required for url: https://www.zhihu.com/api/v3/feed/topstory/hot-lists/total?limit=50&desktop=true
2026-03-25 19:40:48,997 [ERROR] 没有获取到热榜数据，退出。
