2026-01-19 01:14:33,743 [INFO] 成功写入 10 条热搜到 hotresearch/2026_1_19/2026_1_19_1.txt
2026-01-19 01:14:34,095 [ERROR] 请求失败：401 Client Error: Authorization Required for url: https://www.zhihu.com/api/v3/feed/topstory/hot-lists/total?limit=50&desktop=true
2026-01-19 01:14:34,096 [ERROR] 没有获取到热榜数据，退出。
2026-01-19 03:43:41,785 [INFO] 成功写入 10 条热搜到 hotresearch/2026_1_19/2026_1_19_3.txt
2026-01-19 03:43:42,310 [ERROR] 请求失败：403 Client Error: Forbidden for url: https://www.zhihu.com/api/v3/feed/topstory/hot-lists/total?limit=50&desktop=true
2026-01-19 03:43:42,310 [ERROR] 没有获取到热榜数据，退出。
2026-01-19 04:44:43,861 [INFO] 成功写入 10 条热搜到 hotresearch/2026_1_19/2026_1_19_4.txt
2026-01-19 04:44:44,210 [ERROR] 请求失败：403 Client Error: Forbidden for url: https://www.zhihu.com/api/v3/feed/topstory/hot-lists/total?limit=50&desktop=true
2026-01-19 04:44:44,211 [ERROR] 没有获取到热榜数据，退出。
2026-01-19 05:26:07,812 [WARNING] Retrying (Retry(total=4, connect=None, read=None, redirect=None, status=None)) after connection broken by 'NewConnectionError('<urllib3.connection.HTTPSConnection object at 0x7f8c6823e870>: Failed to establish a new connection: [Errno 101] Network is unreachable')': /api/v4/search/top_search
2026-01-19 05:26:19,823 [WARNING] Retrying (Retry(total=3, connect=None, read=None, redirect=None, status=None)) after connection broken by 'NewConnectionError('<urllib3.connection.HTTPSConnection object at 0x7f8c6823ea50>: Failed to establish a new connection: [Errno 101] Network is unreachable')': /api/v4/search/top_search
2026-01-19 05:26:33,835 [WARNING] Retrying (Retry(total=2, connect=None, read=None, redirect=None, status=None)) after connection broken by 'NewConnectionError('<urllib3.connection.HTTPSConnection object at 0x7f8c6823eba0>: Failed to establish a new connection: [Errno 101] Network is unreachable')': /api/v4/search/top_search
2026-01-19 05:26:51,846 [WARNING] Retrying (Retry(total=1, connect=None, read=None, redirect=None, status=None)) after connection broken by 'NewConnectionError('<urllib3.connection.HTTPSConnection object at 0x7f8c6823ecf0>: Failed to establish a new connection: [Errno 101] Network is unreachable')': /api/v4/search/top_search
2026-01-19 05:27:17,858 [WARNING] Retrying (Retry(total=0, connect=None, read=None, redirect=None, status=None)) after connection broken by 'NewConnectionError('<urllib3.connection.HTTPSConnection object at 0x7f8c6823ee40>: Failed to establish a new connection: [Errno 101] Network is unreachable')': /api/v4/search/top_search
2026-01-19 05:27:28,007 [ERROR] 请求失败：HTTPSConnectionPool(host='www.zhihu.com', port=443): Max retries exceeded with url: /api/v4/search/top_search (Caused by NewConnectionError('<urllib3.connection.HTTPSConnection object at 0x7f8c6823ef90>: Failed to establish a new connection: [Errno 101] Network is unreachable'))
2026-01-19 05:27:28,007 [ERROR] 没有获取到热搜数据，退出。
2026-01-19 05:27:38,121 [WARNING] Retrying (Retry(total=4, connect=None, read=None, redirect=None, status=None)) after connection broken by 'NewConnectionError('<urllib3.connection.HTTPSConnection object at 0x7f646f4d46b0>: Failed to establish a new connection: [Errno 101] Network is unreachable')': /api/v3/feed/topstory/hot-lists/total?limit=50&desktop=true
2026-01-19 05:27:50,126 [WARNING] Retrying (Retry(total=3, connect=None, read=None, redirect=None, status=None)) after connection broken by 'NewConnectionError('<urllib3.connection.HTTPSConnection object at 0x7f646f4d4800>: Failed to establish a new connection: [Errno 101] Network is unreachable')': /api/v3/feed/topstory/hot-lists/total?limit=50&desktop=true
2026-01-19 05:28:04,138 [WARNING] Retrying (Retry(total=2, connect=None, read=None, redirect=None, status=None)) after connection broken by 'NewConnectionError('<urllib3.connection.HTTPSConnection object at 0x7f646f4d6f30>: Failed to establish a new connection: [Errno 101] Network is unreachable')': /api/v3/feed/topstory/hot-lists/total?limit=50&desktop=true
2026-01-19 05:28:22,149 [WARNING] Retrying (Retry(total=1, connect=None, read=None, redirect=None, status=None)) after connection broken by 'NewConnectionError('<urllib3.connection.HTTPSConnection object at 0x7f646f4d7080>: Failed to establish a new connection: [Errno 101] Network is unreachable')': /api/v3/feed/topstory/hot-lists/total?limit=50&desktop=true
2026-01-19 05:28:48,312 [WARNING] Retrying (Retry(total=0, connect=None, read=None, redirect=None, status=None)) after connection broken by 'NewConnectionError('<urllib3.connection.HTTPSConnection object at 0x7f646f4d71d0>: Failed to establish a new connection: [Errno 101] Network is unreachable')': /api/v3/feed/topstory/hot-lists/total?limit=50&desktop=true
2026-01-19 05:28:58,322 [ERROR] 请求失败：HTTPSConnectionPool(host='www.zhihu.com', port=443): Max retries exceeded with url: /api/v3/feed/topstory/hot-lists/total?limit=50&desktop=true (Caused by NewConnectionError('<urllib3.connection.HTTPSConnection object at 0x7f646f4d7320>: Failed to establish a new connection: [Errno 101] Network is unreachable'))
2026-01-19 05:28:58,322 [ERROR] 没有获取到热榜数据，退出。
2026-01-19 06:28:20,721 [ERROR] 请求失败：403 Client Error: Forbidden for url: https://www.zhihu.com/api/v4/search/top_search
2026-01-19 06:28:20,721 [ERROR] 没有获取到热搜数据，退出。
2026-01-19 06:28:21,189 [ERROR] 请求失败：401 Client Error: Authorization Required for url: https://www.zhihu.com/api/v3/feed/topstory/hot-lists/total?limit=50&desktop=true
2026-01-19 06:28:21,189 [ERROR] 没有获取到热榜数据，退出。
2026-01-19 07:23:14,221 [INFO] 成功写入 10 条热搜到 hotresearch/2026_1_19/2026_1_19_7.txt
2026-01-19 07:23:14,716 [ERROR] 请求失败：401 Client Error: Authorization Required for url: https://www.zhihu.com/api/v3/feed/topstory/hot-lists/total?limit=50&desktop=true
2026-01-19 07:23:14,717 [ERROR] 没有获取到热榜数据，退出。
2026-01-19 08:23:03,639 [ERROR] 请求失败：403 Client Error: Forbidden for url: https://www.zhihu.com/api/v4/search/top_search
2026-01-19 08:23:03,639 [ERROR] 没有获取到热搜数据，退出。
2026-01-19 08:23:04,121 [ERROR] 请求失败：403 Client Error: Forbidden for url: https://www.zhihu.com/api/v3/feed/topstory/hot-lists/total?limit=50&desktop=true
2026-01-19 08:23:04,121 [ERROR] 没有获取到热榜数据，退出。
2026-01-19 09:27:26,692 [INFO] 成功写入 10 条热搜到 hotresearch/2026_1_19/2026_1_19_9.txt
2026-01-19 09:27:27,144 [ERROR] 请求失败：401 Client Error: Authorization Required for url: https://www.zhihu.com/api/v3/feed/topstory/hot-lists/total?limit=50&desktop=true
2026-01-19 09:27:27,144 [ERROR] 没有获取到热榜数据，退出。
