2026-03-05 01:23:20,660 [INFO] 成功写入 10 条热搜到 hotresearch/2026_3_5/2026_3_5_1.txt
2026-03-05 01:23:21,186 [ERROR] 请求失败：401 Client Error: Authorization Required for url: https://www.zhihu.com/api/v3/feed/topstory/hot-lists/total?limit=50&desktop=true
2026-03-05 01:23:21,186 [ERROR] 没有获取到热榜数据，退出。
2026-03-05 04:05:49,842 [INFO] 成功写入 10 条热搜到 hotresearch/2026_3_5/2026_3_5_4.txt
2026-03-05 04:05:50,329 [ERROR] 请求失败：401 Client Error: Authorization Required for url: https://www.zhihu.com/api/v3/feed/topstory/hot-lists/total?limit=50&desktop=true
2026-03-05 04:05:50,329 [ERROR] 没有获取到热榜数据，退出。
2026-03-05 05:41:40,879 [INFO] 成功写入 10 条热搜到 hotresearch/2026_3_5/2026_3_5_5.txt
2026-03-05 05:41:41,353 [ERROR] 请求失败：401 Client Error: Authorization Required for url: https://www.zhihu.com/api/v3/feed/topstory/hot-lists/total?limit=50&desktop=true
2026-03-05 05:41:41,353 [ERROR] 没有获取到热榜数据，退出。
2026-03-05 06:40:29,635 [INFO] 成功写入 10 条热搜到 hotresearch/2026_3_5/2026_3_5_6.txt
2026-03-05 06:40:29,993 [ERROR] 请求失败：401 Client Error: Authorization Required for url: https://www.zhihu.com/api/v3/feed/topstory/hot-lists/total?limit=50&desktop=true
2026-03-05 06:40:29,993 [ERROR] 没有获取到热榜数据，退出。
2026-03-05 07:36:34,601 [ERROR] 请求失败：403 Client Error: Forbidden for url: https://www.zhihu.com/api/v4/search/top_search
2026-03-05 07:36:34,602 [ERROR] 没有获取到热搜数据，退出。
2026-03-05 07:36:35,119 [ERROR] 请求失败：401 Client Error: Authorization Required for url: https://www.zhihu.com/api/v3/feed/topstory/hot-lists/total?limit=50&desktop=true
2026-03-05 07:36:35,119 [ERROR] 没有获取到热榜数据，退出。
2026-03-05 08:31:53,824 [INFO] 成功写入 10 条热搜到 hotresearch/2026_3_5/2026_3_5_8.txt
2026-03-05 08:31:54,223 [ERROR] 请求失败：403 Client Error: Forbidden for url: https://www.zhihu.com/api/v3/feed/topstory/hot-lists/total?limit=50&desktop=true
2026-03-05 08:31:54,223 [ERROR] 没有获取到热榜数据，退出。
2026-03-05 09:35:28,737 [INFO] 成功写入 10 条热搜到 hotresearch/2026_3_5/2026_3_5_9.txt
2026-03-05 09:35:29,105 [ERROR] 请求失败：401 Client Error: Authorization Required for url: https://www.zhihu.com/api/v3/feed/topstory/hot-lists/total?limit=50&desktop=true
2026-03-05 09:35:29,106 [ERROR] 没有获取到热榜数据，退出。
