2026-07-15 01:45:06,599 [INFO] 成功写入 10 条热搜到 hotresearch/2026_7_15/2026_7_15_1.txt
2026-07-15 01:45:06,946 [ERROR] 请求失败：401 Client Error: Authorization Required for url: https://www.zhihu.com/api/v3/feed/topstory/hot-lists/total?limit=50&desktop=true
2026-07-15 01:45:06,946 [ERROR] 没有获取到热榜数据，退出。
2026-07-15 04:44:02,349 [INFO] 成功写入 10 条热搜到 hotresearch/2026_7_15/2026_7_15_4.txt
2026-07-15 04:44:02,756 [ERROR] 请求失败：401 Client Error: Authorization Required for url: https://www.zhihu.com/api/v3/feed/topstory/hot-lists/total?limit=50&desktop=true
2026-07-15 04:44:02,757 [ERROR] 没有获取到热榜数据，退出。
2026-07-15 07:08:05,154 [INFO] 成功写入 10 条热搜到 hotresearch/2026_7_15/2026_7_15_7.txt
2026-07-15 07:08:05,682 [ERROR] 请求失败：401 Client Error: Authorization Required for url: https://www.zhihu.com/api/v3/feed/topstory/hot-lists/total?limit=50&desktop=true
2026-07-15 07:08:05,683 [ERROR] 没有获取到热榜数据，退出。
2026-07-15 09:53:21,568 [INFO] 成功写入 10 条热搜到 hotresearch/2026_7_15/2026_7_15_9.txt
2026-07-15 09:53:21,914 [ERROR] 请求失败：401 Client Error: Authorization Required for url: https://www.zhihu.com/api/v3/feed/topstory/hot-lists/total?limit=50&desktop=true
2026-07-15 09:53:21,914 [ERROR] 没有获取到热榜数据，退出。
2026-07-15 11:23:24,501 [ERROR] 请求失败：403 Client Error: Forbidden for url: https://www.zhihu.com/api/v4/search/top_search
2026-07-15 11:23:24,501 [ERROR] 没有获取到热搜数据，退出。
2026-07-15 11:23:24,924 [ERROR] 请求失败：401 Client Error: Authorization Required for url: https://www.zhihu.com/api/v3/feed/topstory/hot-lists/total?limit=50&desktop=true
2026-07-15 11:23:24,924 [ERROR] 没有获取到热榜数据，退出。
2026-07-15 13:19:00,428 [INFO] 成功写入 10 条热搜到 hotresearch/2026_7_15/2026_7_15_13.txt
2026-07-15 13:19:00,860 [ERROR] 请求失败：401 Client Error: Authorization Required for url: https://www.zhihu.com/api/v3/feed/topstory/hot-lists/total?limit=50&desktop=true
2026-07-15 13:19:00,860 [ERROR] 没有获取到热榜数据，退出。
2026-07-15 15:19:43,027 [INFO] 成功写入 10 条热搜到 hotresearch/2026_7_15/2026_7_15_15.txt
2026-07-15 15:19:43,416 [ERROR] 请求失败：403 Client Error: Forbidden for url: https://www.zhihu.com/api/v3/feed/topstory/hot-lists/total?limit=50&desktop=true
2026-07-15 15:19:43,417 [ERROR] 没有获取到热榜数据，退出。
2026-07-15 17:07:53,317 [INFO] 成功写入 10 条热搜到 hotresearch/2026_7_15/2026_7_15_17.txt
2026-07-15 17:07:53,732 [ERROR] 请求失败：401 Client Error: Authorization Required for url: https://www.zhihu.com/api/v3/feed/topstory/hot-lists/total?limit=50&desktop=true
2026-07-15 17:07:53,732 [ERROR] 没有获取到热榜数据，退出。
