2026-03-16 01:47:41,961 [INFO] 成功写入 10 条热搜到 hotresearch/2026_3_16/2026_3_16_1.txt
2026-03-16 01:47:42,491 [ERROR] 请求失败：401 Client Error: Authorization Required for url: https://www.zhihu.com/api/v3/feed/topstory/hot-lists/total?limit=50&desktop=true
2026-03-16 01:47:42,491 [ERROR] 没有获取到热榜数据，退出。
2026-03-16 04:33:36,239 [INFO] 成功写入 10 条热搜到 hotresearch/2026_3_16/2026_3_16_4.txt
2026-03-16 04:33:36,722 [ERROR] 请求失败：401 Client Error: Authorization Required for url: https://www.zhihu.com/api/v3/feed/topstory/hot-lists/total?limit=50&desktop=true
2026-03-16 04:33:36,722 [ERROR] 没有获取到热榜数据，退出。
2026-03-16 06:15:27,057 [INFO] 成功写入 10 条热搜到 hotresearch/2026_3_16/2026_3_16_6.txt
2026-03-16 06:15:27,411 [ERROR] 请求失败：401 Client Error: Authorization Required for url: https://www.zhihu.com/api/v3/feed/topstory/hot-lists/total?limit=50&desktop=true
2026-03-16 06:15:27,411 [ERROR] 没有获取到热榜数据，退出。
2026-03-16 08:03:05,469 [INFO] 成功写入 10 条热搜到 hotresearch/2026_3_16/2026_3_16_8.txt
2026-03-16 08:03:05,962 [ERROR] 请求失败：401 Client Error: Authorization Required for url: https://www.zhihu.com/api/v3/feed/topstory/hot-lists/total?limit=50&desktop=true
2026-03-16 08:03:05,962 [ERROR] 没有获取到热榜数据，退出。
2026-03-16 09:57:03,984 [ERROR] 请求失败：403 Client Error: Forbidden for url: https://www.zhihu.com/api/v4/search/top_search
2026-03-16 09:57:03,984 [ERROR] 没有获取到热搜数据，退出。
2026-03-16 09:57:04,449 [ERROR] 请求失败：403 Client Error: Forbidden for url: https://www.zhihu.com/api/v3/feed/topstory/hot-lists/total?limit=50&desktop=true
2026-03-16 09:57:04,449 [ERROR] 没有获取到热榜数据，退出。
2026-03-16 10:51:13,606 [INFO] 成功写入 10 条热搜到 hotresearch/2026_3_16/2026_3_16_10.txt
2026-03-16 10:51:14,115 [ERROR] 请求失败：403 Client Error: Forbidden for url: https://www.zhihu.com/api/v3/feed/topstory/hot-lists/total?limit=50&desktop=true
2026-03-16 10:51:14,115 [ERROR] 没有获取到热榜数据，退出。
2026-03-16 11:40:47,456 [INFO] 成功写入 10 条热搜到 hotresearch/2026_3_16/2026_3_16_11.txt
2026-03-16 11:40:47,798 [ERROR] 请求失败：401 Client Error: Authorization Required for url: https://www.zhihu.com/api/v3/feed/topstory/hot-lists/total?limit=50&desktop=true
2026-03-16 11:40:47,798 [ERROR] 没有获取到热榜数据，退出。
2026-03-16 12:54:05,550 [INFO] 成功写入 10 条热搜到 hotresearch/2026_3_16/2026_3_16_12.txt
2026-03-16 12:54:06,025 [ERROR] 请求失败：401 Client Error: Authorization Required for url: https://www.zhihu.com/api/v3/feed/topstory/hot-lists/total?limit=50&desktop=true
2026-03-16 12:54:06,025 [ERROR] 没有获取到热榜数据，退出。
2026-03-16 14:17:00,986 [INFO] 成功写入 10 条热搜到 hotresearch/2026_3_16/2026_3_16_14.txt
2026-03-16 14:17:01,504 [ERROR] 请求失败：401 Client Error: Authorization Required for url: https://www.zhihu.com/api/v3/feed/topstory/hot-lists/total?limit=50&desktop=true
2026-03-16 14:17:01,504 [ERROR] 没有获取到热榜数据，退出。
2026-03-16 15:58:05,820 [INFO] 成功写入 10 条热搜到 hotresearch/2026_3_16/2026_3_16_15.txt
2026-03-16 15:58:06,261 [ERROR] 请求失败：401 Client Error: Authorization Required for url: https://www.zhihu.com/api/v3/feed/topstory/hot-lists/total?limit=50&desktop=true
2026-03-16 15:58:06,261 [ERROR] 没有获取到热榜数据，退出。
2026-03-16 17:01:12,190 [INFO] 成功写入 10 条热搜到 hotresearch/2026_3_16/2026_3_16_17.txt
2026-03-16 17:01:12,556 [ERROR] 请求失败：401 Client Error: Authorization Required for url: https://www.zhihu.com/api/v3/feed/topstory/hot-lists/total?limit=50&desktop=true
2026-03-16 17:01:12,556 [ERROR] 没有获取到热榜数据，退出。
2026-03-16 18:51:33,220 [INFO] 成功写入 10 条热搜到 hotresearch/2026_3_16/2026_3_16_18.txt
2026-03-16 18:51:33,696 [ERROR] 请求失败：401 Client Error: Authorization Required for url: https://www.zhihu.com/api/v3/feed/topstory/hot-lists/total?limit=50&desktop=true
2026-03-16 18:51:33,696 [ERROR] 没有获取到热榜数据，退出。
