2026-05-13 02:30:13,327 [INFO] 成功写入 10 条热搜到 hotresearch/2026_5_13/2026_5_13_2.txt
2026-05-13 02:30:13,822 [ERROR] 请求失败：401 Client Error: Authorization Required for url: https://www.zhihu.com/api/v3/feed/topstory/hot-lists/total?limit=50&desktop=true
2026-05-13 02:30:13,822 [ERROR] 没有获取到热榜数据，退出。
2026-05-13 06:19:43,221 [INFO] 成功写入 10 条热搜到 hotresearch/2026_5_13/2026_5_13_6.txt
2026-05-13 06:19:43,761 [ERROR] 请求失败：403 Client Error: Forbidden for url: https://www.zhihu.com/api/v3/feed/topstory/hot-lists/total?limit=50&desktop=true
2026-05-13 06:19:43,761 [ERROR] 没有获取到热榜数据，退出。
2026-05-13 09:37:14,955 [INFO] 成功写入 10 条热搜到 hotresearch/2026_5_13/2026_5_13_9.txt
2026-05-13 09:37:15,448 [ERROR] 请求失败：403 Client Error: Forbidden for url: https://www.zhihu.com/api/v3/feed/topstory/hot-lists/total?limit=50&desktop=true
2026-05-13 09:37:15,448 [ERROR] 没有获取到热榜数据，退出。
2026-05-13 11:56:54,817 [INFO] 成功写入 10 条热搜到 hotresearch/2026_5_13/2026_5_13_11.txt
2026-05-13 11:56:55,182 [ERROR] 请求失败：401 Client Error: Authorization Required for url: https://www.zhihu.com/api/v3/feed/topstory/hot-lists/total?limit=50&desktop=true
2026-05-13 11:56:55,182 [ERROR] 没有获取到热榜数据，退出。
2026-05-13 14:27:00,092 [INFO] 成功写入 10 条热搜到 hotresearch/2026_5_13/2026_5_13_14.txt
2026-05-13 14:27:00,481 [ERROR] 请求失败：401 Client Error: Authorization Required for url: https://www.zhihu.com/api/v3/feed/topstory/hot-lists/total?limit=50&desktop=true
2026-05-13 14:27:00,482 [ERROR] 没有获取到热榜数据，退出。
2026-05-13 17:09:32,793 [INFO] 成功写入 10 条热搜到 hotresearch/2026_5_13/2026_5_13_17.txt
2026-05-13 17:09:33,283 [ERROR] 请求失败：401 Client Error: Authorization Required for url: https://www.zhihu.com/api/v3/feed/topstory/hot-lists/total?limit=50&desktop=true
2026-05-13 17:09:33,283 [ERROR] 没有获取到热榜数据，退出。
2026-05-13 19:43:26,770 [ERROR] 请求失败：403 Client Error: Forbidden for url: https://www.zhihu.com/api/v4/search/top_search
2026-05-13 19:43:26,771 [ERROR] 没有获取到热搜数据，退出。
2026-05-13 19:43:27,131 [ERROR] 请求失败：401 Client Error: Authorization Required for url: https://www.zhihu.com/api/v3/feed/topstory/hot-lists/total?limit=50&desktop=true
2026-05-13 19:43:27,131 [ERROR] 没有获取到热榜数据，退出。
2026-05-13 21:19:20,830 [INFO] 成功写入 10 条热搜到 hotresearch/2026_5_13/2026_5_13_21.txt
2026-05-13 21:19:21,386 [ERROR] 请求失败：401 Client Error: Authorization Required for url: https://www.zhihu.com/api/v3/feed/topstory/hot-lists/total?limit=50&desktop=true
2026-05-13 21:19:21,386 [ERROR] 没有获取到热榜数据，退出。
2026-05-13 22:58:35,002 [INFO] 成功写入 10 条热搜到 hotresearch/2026_5_13/2026_5_13_22.txt
2026-05-13 22:58:35,960 [ERROR] 请求失败：403 Client Error: Forbidden for url: https://www.zhihu.com/api/v3/feed/topstory/hot-lists/total?limit=50&desktop=true
2026-05-13 22:58:35,960 [ERROR] 没有获取到热榜数据，退出。
