2026-07-05 02:24:55,252 [INFO] 成功写入 10 条热搜到 hotresearch/2026_7_5/2026_7_5_2.txt
2026-07-05 02:24:55,688 [ERROR] 请求失败：401 Client Error: Authorization Required for url: https://www.zhihu.com/api/v3/feed/topstory/hot-lists/total?limit=50&desktop=true
2026-07-05 02:24:55,688 [ERROR] 没有获取到热榜数据，退出。
2026-07-05 06:32:58,680 [ERROR] 请求失败：403 Client Error: Forbidden for url: https://www.zhihu.com/api/v4/search/top_search
2026-07-05 06:32:58,681 [ERROR] 没有获取到热搜数据，退出。
2026-07-05 06:32:59,113 [ERROR] 请求失败：401 Client Error: Authorization Required for url: https://www.zhihu.com/api/v3/feed/topstory/hot-lists/total?limit=50&desktop=true
2026-07-05 06:32:59,113 [ERROR] 没有获取到热榜数据，退出。
2026-07-05 09:36:28,750 [INFO] 成功写入 10 条热搜到 hotresearch/2026_7_5/2026_7_5_9.txt
2026-07-05 09:36:29,107 [ERROR] 请求失败：401 Client Error: Authorization Required for url: https://www.zhihu.com/api/v3/feed/topstory/hot-lists/total?limit=50&desktop=true
2026-07-05 09:36:29,107 [ERROR] 没有获取到热榜数据，退出。
2026-07-05 11:24:09,206 [INFO] 成功写入 10 条热搜到 hotresearch/2026_7_5/2026_7_5_11.txt
2026-07-05 11:24:09,577 [ERROR] 请求失败：401 Client Error: Authorization Required for url: https://www.zhihu.com/api/v3/feed/topstory/hot-lists/total?limit=50&desktop=true
2026-07-05 11:24:09,577 [ERROR] 没有获取到热榜数据，退出。
2026-07-05 13:14:38,423 [INFO] 成功写入 10 条热搜到 hotresearch/2026_7_5/2026_7_5_13.txt
2026-07-05 13:14:38,768 [ERROR] 请求失败：401 Client Error: Authorization Required for url: https://www.zhihu.com/api/v3/feed/topstory/hot-lists/total?limit=50&desktop=true
2026-07-05 13:14:38,768 [ERROR] 没有获取到热榜数据，退出。
2026-07-05 15:07:20,733 [INFO] 成功写入 10 条热搜到 hotresearch/2026_7_5/2026_7_5_15.txt
2026-07-05 15:07:21,104 [ERROR] 请求失败：403 Client Error: Forbidden for url: https://www.zhihu.com/api/v3/feed/topstory/hot-lists/total?limit=50&desktop=true
2026-07-05 15:07:21,105 [ERROR] 没有获取到热榜数据，退出。
2026-07-05 16:59:12,193 [INFO] 成功写入 10 条热搜到 hotresearch/2026_7_5/2026_7_5_16.txt
2026-07-05 16:59:12,612 [ERROR] 请求失败：401 Client Error: Authorization Required for url: https://www.zhihu.com/api/v3/feed/topstory/hot-lists/total?limit=50&desktop=true
2026-07-05 16:59:12,612 [ERROR] 没有获取到热榜数据，退出。
2026-07-05 18:05:41,750 [INFO] 成功写入 10 条热搜到 hotresearch/2026_7_5/2026_7_5_18.txt
2026-07-05 18:05:42,223 [ERROR] 请求失败：401 Client Error: Authorization Required for url: https://www.zhihu.com/api/v3/feed/topstory/hot-lists/total?limit=50&desktop=true
2026-07-05 18:05:42,223 [ERROR] 没有获取到热榜数据，退出。
2026-07-05 20:07:23,198 [INFO] 成功写入 10 条热搜到 hotresearch/2026_7_5/2026_7_5_20.txt
2026-07-05 20:07:23,691 [ERROR] 请求失败：401 Client Error: Authorization Required for url: https://www.zhihu.com/api/v3/feed/topstory/hot-lists/total?limit=50&desktop=true
2026-07-05 20:07:23,691 [ERROR] 没有获取到热榜数据，退出。
2026-07-05 21:54:16,188 [INFO] 成功写入 10 条热搜到 hotresearch/2026_7_5/2026_7_5_21.txt
2026-07-05 21:54:16,582 [ERROR] 请求失败：401 Client Error: Authorization Required for url: https://www.zhihu.com/api/v3/feed/topstory/hot-lists/total?limit=50&desktop=true
2026-07-05 21:54:16,582 [ERROR] 没有获取到热榜数据，退出。
