2026-04-15 01:50:54,794 [INFO] 成功写入 10 条热搜到 hotresearch/2026_4_15/2026_4_15_1.txt
2026-04-15 01:50:55,252 [ERROR] 请求失败：403 Client Error: Forbidden for url: https://www.zhihu.com/api/v3/feed/topstory/hot-lists/total?limit=50&desktop=true
2026-04-15 01:50:55,252 [ERROR] 没有获取到热榜数据，退出。
2026-04-15 04:40:33,526 [INFO] 成功写入 10 条热搜到 hotresearch/2026_4_15/2026_4_15_4.txt
2026-04-15 04:40:33,984 [ERROR] 请求失败：401 Client Error: Authorization Required for url: https://www.zhihu.com/api/v3/feed/topstory/hot-lists/total?limit=50&desktop=true
2026-04-15 04:40:33,984 [ERROR] 没有获取到热榜数据，退出。
2026-04-15 06:28:21,875 [ERROR] 请求失败：403 Client Error: Forbidden for url: https://www.zhihu.com/api/v4/search/top_search
2026-04-15 06:28:21,875 [ERROR] 没有获取到热搜数据，退出。
2026-04-15 06:28:22,391 [ERROR] 请求失败：401 Client Error: Authorization Required for url: https://www.zhihu.com/api/v3/feed/topstory/hot-lists/total?limit=50&desktop=true
2026-04-15 06:28:22,391 [ERROR] 没有获取到热榜数据，退出。
2026-04-15 08:23:39,291 [INFO] 成功写入 10 条热搜到 hotresearch/2026_4_15/2026_4_15_8.txt
2026-04-15 08:23:39,785 [ERROR] 请求失败：403 Client Error: Forbidden for url: https://www.zhihu.com/api/v3/feed/topstory/hot-lists/total?limit=50&desktop=true
2026-04-15 08:23:39,786 [ERROR] 没有获取到热榜数据，退出。
2026-04-15 10:10:19,512 [INFO] 成功写入 10 条热搜到 hotresearch/2026_4_15/2026_4_15_10.txt
2026-04-15 10:10:20,033 [ERROR] 请求失败：401 Client Error: Authorization Required for url: https://www.zhihu.com/api/v3/feed/topstory/hot-lists/total?limit=50&desktop=true
2026-04-15 10:10:20,033 [ERROR] 没有获取到热榜数据，退出。
2026-04-15 11:50:24,282 [INFO] 成功写入 10 条热搜到 hotresearch/2026_4_15/2026_4_15_11.txt
2026-04-15 11:50:24,786 [ERROR] 请求失败：401 Client Error: Authorization Required for url: https://www.zhihu.com/api/v3/feed/topstory/hot-lists/total?limit=50&desktop=true
2026-04-15 11:50:24,786 [ERROR] 没有获取到热榜数据，退出。
2026-04-15 13:07:40,012 [INFO] 成功写入 10 条热搜到 hotresearch/2026_4_15/2026_4_15_13.txt
2026-04-15 13:07:40,496 [ERROR] 请求失败：403 Client Error: Forbidden for url: https://www.zhihu.com/api/v3/feed/topstory/hot-lists/total?limit=50&desktop=true
2026-04-15 13:07:40,497 [ERROR] 没有获取到热榜数据，退出。
2026-04-15 15:00:02,684 [INFO] 成功写入 10 条热搜到 hotresearch/2026_4_15/2026_4_15_15.txt
2026-04-15 15:00:03,045 [ERROR] 请求失败：403 Client Error: Forbidden for url: https://www.zhihu.com/api/v3/feed/topstory/hot-lists/total?limit=50&desktop=true
2026-04-15 15:00:03,045 [ERROR] 没有获取到热榜数据，退出。
2026-04-15 16:08:46,253 [INFO] 成功写入 10 条热搜到 hotresearch/2026_4_15/2026_4_15_16.txt
2026-04-15 16:08:46,757 [ERROR] 请求失败：403 Client Error: Forbidden for url: https://www.zhihu.com/api/v3/feed/topstory/hot-lists/total?limit=50&desktop=true
2026-04-15 16:08:46,757 [ERROR] 没有获取到热榜数据，退出。
2026-04-15 18:00:06,290 [INFO] 成功写入 10 条热搜到 hotresearch/2026_4_15/2026_4_15_18.txt
2026-04-15 18:00:06,766 [ERROR] 请求失败：401 Client Error: Authorization Required for url: https://www.zhihu.com/api/v3/feed/topstory/hot-lists/total?limit=50&desktop=true
2026-04-15 18:00:06,766 [ERROR] 没有获取到热榜数据，退出。
