2026-04-18 01:46:32,585 [INFO] 成功写入 10 条热搜到 hotresearch/2026_4_18/2026_4_18_1.txt
2026-04-18 01:46:33,046 [ERROR] 请求失败：403 Client Error: Forbidden for url: https://www.zhihu.com/api/v3/feed/topstory/hot-lists/total?limit=50&desktop=true
2026-04-18 01:46:33,046 [ERROR] 没有获取到热榜数据，退出。
2026-04-18 04:26:23,190 [INFO] 成功写入 10 条热搜到 hotresearch/2026_4_18/2026_4_18_4.txt
2026-04-18 04:26:23,674 [ERROR] 请求失败：403 Client Error: Forbidden for url: https://www.zhihu.com/api/v3/feed/topstory/hot-lists/total?limit=50&desktop=true
2026-04-18 04:26:23,674 [ERROR] 没有获取到热榜数据，退出。
2026-04-18 06:08:05,568 [INFO] 成功写入 10 条热搜到 hotresearch/2026_4_18/2026_4_18_6.txt
2026-04-18 06:08:06,061 [ERROR] 请求失败：401 Client Error: Authorization Required for url: https://www.zhihu.com/api/v3/feed/topstory/hot-lists/total?limit=50&desktop=true
2026-04-18 06:08:06,061 [ERROR] 没有获取到热榜数据，退出。
2026-04-18 07:55:07,285 [ERROR] 请求失败：403 Client Error: Forbidden for url: https://www.zhihu.com/api/v4/search/top_search
2026-04-18 07:55:07,285 [ERROR] 没有获取到热搜数据，退出。
2026-04-18 07:55:07,742 [ERROR] 请求失败：401 Client Error: Authorization Required for url: https://www.zhihu.com/api/v3/feed/topstory/hot-lists/total?limit=50&desktop=true
2026-04-18 07:55:07,742 [ERROR] 没有获取到热榜数据，退出。
2026-04-18 08:39:55,203 [INFO] 成功写入 10 条热搜到 hotresearch/2026_4_18/2026_4_18_8.txt
2026-04-18 08:39:55,567 [ERROR] 请求失败：401 Client Error: Authorization Required for url: https://www.zhihu.com/api/v3/feed/topstory/hot-lists/total?limit=50&desktop=true
2026-04-18 08:39:55,567 [ERROR] 没有获取到热榜数据，退出。
2026-04-18 09:40:07,456 [INFO] 成功写入 10 条热搜到 hotresearch/2026_4_18/2026_4_18_9.txt
2026-04-18 09:40:07,961 [ERROR] 请求失败：401 Client Error: Authorization Required for url: https://www.zhihu.com/api/v3/feed/topstory/hot-lists/total?limit=50&desktop=true
2026-04-18 09:40:07,961 [ERROR] 没有获取到热榜数据，退出。
2026-04-18 10:33:28,833 [INFO] 成功写入 10 条热搜到 hotresearch/2026_4_18/2026_4_18_10.txt
2026-04-18 10:33:29,295 [ERROR] 请求失败：401 Client Error: Authorization Required for url: https://www.zhihu.com/api/v3/feed/topstory/hot-lists/total?limit=50&desktop=true
2026-04-18 10:33:29,295 [ERROR] 没有获取到热榜数据，退出。
2026-04-18 11:28:39,039 [INFO] 成功写入 10 条热搜到 hotresearch/2026_4_18/2026_4_18_11.txt
2026-04-18 11:28:39,485 [ERROR] 请求失败：401 Client Error: Authorization Required for url: https://www.zhihu.com/api/v3/feed/topstory/hot-lists/total?limit=50&desktop=true
2026-04-18 11:28:39,485 [ERROR] 没有获取到热榜数据，退出。
2026-04-18 12:43:23,322 [INFO] 成功写入 10 条热搜到 hotresearch/2026_4_18/2026_4_18_12.txt
2026-04-18 12:43:23,763 [ERROR] 请求失败：401 Client Error: Authorization Required for url: https://www.zhihu.com/api/v3/feed/topstory/hot-lists/total?limit=50&desktop=true
2026-04-18 12:43:23,763 [ERROR] 没有获取到热榜数据，退出。
2026-04-18 13:57:12,586 [INFO] 成功写入 10 条热搜到 hotresearch/2026_4_18/2026_4_18_13.txt
2026-04-18 13:57:12,958 [ERROR] 请求失败：401 Client Error: Authorization Required for url: https://www.zhihu.com/api/v3/feed/topstory/hot-lists/total?limit=50&desktop=true
2026-04-18 13:57:12,958 [ERROR] 没有获取到热榜数据，退出。
2026-04-18 14:37:29,915 [INFO] 成功写入 10 条热搜到 hotresearch/2026_4_18/2026_4_18_14.txt
2026-04-18 14:37:30,422 [ERROR] 请求失败：403 Client Error: Forbidden for url: https://www.zhihu.com/api/v3/feed/topstory/hot-lists/total?limit=50&desktop=true
2026-04-18 14:37:30,422 [ERROR] 没有获取到热榜数据，退出。
2026-04-18 15:31:00,635 [INFO] 成功写入 10 条热搜到 hotresearch/2026_4_18/2026_4_18_15.txt
2026-04-18 15:31:01,026 [ERROR] 请求失败：401 Client Error: Authorization Required for url: https://www.zhihu.com/api/v3/feed/topstory/hot-lists/total?limit=50&desktop=true
2026-04-18 15:31:01,026 [ERROR] 没有获取到热榜数据，退出。
2026-04-18 16:30:21,207 [INFO] 成功写入 10 条热搜到 hotresearch/2026_4_18/2026_4_18_16.txt
2026-04-18 16:30:21,667 [ERROR] 请求失败：401 Client Error: Authorization Required for url: https://www.zhihu.com/api/v3/feed/topstory/hot-lists/total?limit=50&desktop=true
2026-04-18 16:30:21,667 [ERROR] 没有获取到热榜数据，退出。
2026-04-18 17:30:33,051 [INFO] 成功写入 10 条热搜到 hotresearch/2026_4_18/2026_4_18_17.txt
2026-04-18 17:30:33,514 [ERROR] 请求失败：401 Client Error: Authorization Required for url: https://www.zhihu.com/api/v3/feed/topstory/hot-lists/total?limit=50&desktop=true
2026-04-18 17:30:33,515 [ERROR] 没有获取到热榜数据，退出。
2026-04-18 18:36:44,787 [INFO] 成功写入 10 条热搜到 hotresearch/2026_4_18/2026_4_18_18.txt
2026-04-18 18:36:45,224 [ERROR] 请求失败：401 Client Error: Authorization Required for url: https://www.zhihu.com/api/v3/feed/topstory/hot-lists/total?limit=50&desktop=true
2026-04-18 18:36:45,224 [ERROR] 没有获取到热榜数据，退出。
2026-04-18 19:35:44,017 [INFO] 成功写入 10 条热搜到 hotresearch/2026_4_18/2026_4_18_19.txt
2026-04-18 19:35:44,415 [ERROR] 请求失败：401 Client Error: Authorization Required for url: https://www.zhihu.com/api/v3/feed/topstory/hot-lists/total?limit=50&desktop=true
2026-04-18 19:35:44,415 [ERROR] 没有获取到热榜数据，退出。
2026-04-18 20:28:04,168 [INFO] 成功写入 10 条热搜到 hotresearch/2026_4_18/2026_4_18_20.txt
2026-04-18 20:28:04,535 [ERROR] 请求失败：401 Client Error: Authorization Required for url: https://www.zhihu.com/api/v3/feed/topstory/hot-lists/total?limit=50&desktop=true
2026-04-18 20:28:04,535 [ERROR] 没有获取到热榜数据，退出。
2026-04-18 21:27:01,239 [INFO] 成功写入 10 条热搜到 hotresearch/2026_4_18/2026_4_18_21.txt
2026-04-18 21:27:01,764 [ERROR] 请求失败：401 Client Error: Authorization Required for url: https://www.zhihu.com/api/v3/feed/topstory/hot-lists/total?limit=50&desktop=true
2026-04-18 21:27:01,764 [ERROR] 没有获取到热榜数据，退出。
