2026-02-19 01:26:35,144 [INFO] 成功写入 10 条热搜到 hotresearch/2026_2_19/2026_2_19_1.txt
2026-02-19 01:26:35,602 [ERROR] 请求失败：401 Client Error: Authorization Required for url: https://www.zhihu.com/api/v3/feed/topstory/hot-lists/total?limit=50&desktop=true
2026-02-19 01:26:35,602 [ERROR] 没有获取到热榜数据，退出。
2026-02-19 04:12:45,054 [INFO] 成功写入 10 条热搜到 hotresearch/2026_2_19/2026_2_19_4.txt
2026-02-19 04:12:45,552 [ERROR] 请求失败：401 Client Error: Authorization Required for url: https://www.zhihu.com/api/v3/feed/topstory/hot-lists/total?limit=50&desktop=true
2026-02-19 04:12:45,553 [ERROR] 没有获取到热榜数据，退出。
2026-02-19 05:53:20,404 [INFO] 成功写入 10 条热搜到 hotresearch/2026_2_19/2026_2_19_5.txt
2026-02-19 05:53:20,880 [ERROR] 请求失败：401 Client Error: Authorization Required for url: https://www.zhihu.com/api/v3/feed/topstory/hot-lists/total?limit=50&desktop=true
2026-02-19 05:53:20,880 [ERROR] 没有获取到热榜数据，退出。
2026-02-19 06:51:41,672 [INFO] 成功写入 10 条热搜到 hotresearch/2026_2_19/2026_2_19_6.txt
2026-02-19 06:51:42,122 [ERROR] 请求失败：401 Client Error: Authorization Required for url: https://www.zhihu.com/api/v3/feed/topstory/hot-lists/total?limit=50&desktop=true
2026-02-19 06:51:42,122 [ERROR] 没有获取到热榜数据，退出。
2026-02-19 07:43:55,767 [INFO] 成功写入 10 条热搜到 hotresearch/2026_2_19/2026_2_19_7.txt
2026-02-19 07:43:56,125 [ERROR] 请求失败：401 Client Error: Authorization Required for url: https://www.zhihu.com/api/v3/feed/topstory/hot-lists/total?limit=50&desktop=true
2026-02-19 07:43:56,125 [ERROR] 没有获取到热榜数据，退出。
2026-02-19 08:34:49,234 [INFO] 成功写入 10 条热搜到 hotresearch/2026_2_19/2026_2_19_8.txt
2026-02-19 08:34:49,589 [ERROR] 请求失败：401 Client Error: Authorization Required for url: https://www.zhihu.com/api/v3/feed/topstory/hot-lists/total?limit=50&desktop=true
2026-02-19 08:34:49,589 [ERROR] 没有获取到热榜数据，退出。
2026-02-19 09:37:07,324 [INFO] 成功写入 10 条热搜到 hotresearch/2026_2_19/2026_2_19_9.txt
2026-02-19 09:37:07,830 [ERROR] 请求失败：401 Client Error: Authorization Required for url: https://www.zhihu.com/api/v3/feed/topstory/hot-lists/total?limit=50&desktop=true
2026-02-19 09:37:07,830 [ERROR] 没有获取到热榜数据，退出。
2026-02-19 10:35:28,448 [INFO] 成功写入 10 条热搜到 hotresearch/2026_2_19/2026_2_19_10.txt
2026-02-19 10:35:28,903 [ERROR] 请求失败：401 Client Error: Authorization Required for url: https://www.zhihu.com/api/v3/feed/topstory/hot-lists/total?limit=50&desktop=true
2026-02-19 10:35:28,903 [ERROR] 没有获取到热榜数据，退出。
2026-02-19 11:32:34,140 [INFO] 成功写入 10 条热搜到 hotresearch/2026_2_19/2026_2_19_11.txt
2026-02-19 11:32:34,662 [ERROR] 请求失败：401 Client Error: Authorization Required for url: https://www.zhihu.com/api/v3/feed/topstory/hot-lists/total?limit=50&desktop=true
2026-02-19 11:32:34,662 [ERROR] 没有获取到热榜数据，退出。
2026-02-19 12:45:19,442 [INFO] 成功写入 10 条热搜到 hotresearch/2026_2_19/2026_2_19_12.txt
2026-02-19 12:45:19,908 [ERROR] 请求失败：401 Client Error: Authorization Required for url: https://www.zhihu.com/api/v3/feed/topstory/hot-lists/total?limit=50&desktop=true
2026-02-19 12:45:19,908 [ERROR] 没有获取到热榜数据，退出。
2026-02-19 14:03:54,623 [INFO] 成功写入 10 条热搜到 hotresearch/2026_2_19/2026_2_19_14.txt
2026-02-19 14:03:54,971 [ERROR] 请求失败：401 Client Error: Authorization Required for url: https://www.zhihu.com/api/v3/feed/topstory/hot-lists/total?limit=50&desktop=true
2026-02-19 14:03:54,972 [ERROR] 没有获取到热榜数据，退出。
2026-02-19 15:40:06,218 [INFO] 成功写入 10 条热搜到 hotresearch/2026_2_19/2026_2_19_15.txt
2026-02-19 15:40:06,565 [ERROR] 请求失败：401 Client Error: Authorization Required for url: https://www.zhihu.com/api/v3/feed/topstory/hot-lists/total?limit=50&desktop=true
2026-02-19 15:40:06,565 [ERROR] 没有获取到热榜数据，退出。
2026-02-19 16:41:59,919 [INFO] 成功写入 10 条热搜到 hotresearch/2026_2_19/2026_2_19_16.txt
2026-02-19 16:42:00,416 [ERROR] 请求失败：401 Client Error: Authorization Required for url: https://www.zhihu.com/api/v3/feed/topstory/hot-lists/total?limit=50&desktop=true
2026-02-19 16:42:00,416 [ERROR] 没有获取到热榜数据，退出。
2026-02-19 17:43:29,620 [INFO] 成功写入 10 条热搜到 hotresearch/2026_2_19/2026_2_19_17.txt
2026-02-19 17:43:30,126 [ERROR] 请求失败：401 Client Error: Authorization Required for url: https://www.zhihu.com/api/v3/feed/topstory/hot-lists/total?limit=50&desktop=true
2026-02-19 17:43:30,126 [ERROR] 没有获取到热榜数据，退出。
2026-02-19 18:41:15,195 [INFO] 成功写入 10 条热搜到 hotresearch/2026_2_19/2026_2_19_18.txt
2026-02-19 18:41:15,547 [ERROR] 请求失败：401 Client Error: Authorization Required for url: https://www.zhihu.com/api/v3/feed/topstory/hot-lists/total?limit=50&desktop=true
2026-02-19 18:41:15,547 [ERROR] 没有获取到热榜数据，退出。
2026-02-19 19:34:38,772 [ERROR] 请求失败：403 Client Error: Forbidden for url: https://www.zhihu.com/api/v4/search/top_search
2026-02-19 19:34:38,772 [ERROR] 没有获取到热搜数据，退出。
2026-02-19 19:34:39,231 [ERROR] 请求失败：403 Client Error: Forbidden for url: https://www.zhihu.com/api/v3/feed/topstory/hot-lists/total?limit=50&desktop=true
2026-02-19 19:34:39,231 [ERROR] 没有获取到热榜数据，退出。
