2026-01-22 01:11:47,698 [INFO] 成功写入 10 条热搜到 hotresearch/2026_1_22/2026_1_22_1.txt
2026-01-22 01:11:48,199 [ERROR] 请求失败：403 Client Error: Forbidden for url: https://www.zhihu.com/api/v3/feed/topstory/hot-lists/total?limit=50&desktop=true
2026-01-22 01:11:48,199 [ERROR] 没有获取到热榜数据，退出。
2026-01-22 03:41:32,420 [WARNING] Retrying (Retry(total=4, connect=None, read=None, redirect=None, status=None)) after connection broken by 'NewConnectionError('<urllib3.connection.HTTPSConnection object at 0x7f92e34f7a10>: Failed to establish a new connection: [Errno 101] Network is unreachable')': /api/v4/search/top_search
2026-01-22 03:41:44,431 [WARNING] Retrying (Retry(total=3, connect=None, read=None, redirect=None, status=None)) after connection broken by 'NewConnectionError('<urllib3.connection.HTTPSConnection object at 0x7f92e271aa50>: Failed to establish a new connection: [Errno 101] Network is unreachable')': /api/v4/search/top_search
2026-01-22 03:41:58,443 [WARNING] Retrying (Retry(total=2, connect=None, read=None, redirect=None, status=None)) after connection broken by 'NewConnectionError('<urllib3.connection.HTTPSConnection object at 0x7f92e271ac30>: Failed to establish a new connection: [Errno 101] Network is unreachable')': /api/v4/search/top_search
2026-01-22 03:42:16,452 [WARNING] Retrying (Retry(total=1, connect=None, read=None, redirect=None, status=None)) after connection broken by 'NewConnectionError('<urllib3.connection.HTTPSConnection object at 0x7f92e271ad80>: Failed to establish a new connection: [Errno 101] Network is unreachable')': /api/v4/search/top_search
2026-01-22 03:42:42,463 [WARNING] Retrying (Retry(total=0, connect=None, read=None, redirect=None, status=None)) after connection broken by 'NewConnectionError('<urllib3.connection.HTTPSConnection object at 0x7f92e271aed0>: Failed to establish a new connection: [Errno 101] Network is unreachable')': /api/v4/search/top_search
2026-01-22 03:42:52,728 [ERROR] 请求失败：HTTPSConnectionPool(host='www.zhihu.com', port=443): Max retries exceeded with url: /api/v4/search/top_search (Caused by NewConnectionError('<urllib3.connection.HTTPSConnection object at 0x7f92e271b020>: Failed to establish a new connection: [Errno 101] Network is unreachable'))
2026-01-22 03:42:52,728 [ERROR] 没有获取到热搜数据，退出。
2026-01-22 03:43:02,845 [WARNING] Retrying (Retry(total=4, connect=None, read=None, redirect=None, status=None)) after connection broken by 'NewConnectionError('<urllib3.connection.HTTPSConnection object at 0x7f6429b59700>: Failed to establish a new connection: [Errno 101] Network is unreachable')': /api/v3/feed/topstory/hot-lists/total?limit=50&desktop=true
2026-01-22 03:43:14,856 [WARNING] Retrying (Retry(total=3, connect=None, read=None, redirect=None, status=None)) after connection broken by 'NewConnectionError('<urllib3.connection.HTTPSConnection object at 0x7f6429b5ad20>: Failed to establish a new connection: [Errno 101] Network is unreachable')': /api/v3/feed/topstory/hot-lists/total?limit=50&desktop=true
2026-01-22 03:43:28,868 [WARNING] Retrying (Retry(total=2, connect=None, read=None, redirect=None, status=None)) after connection broken by 'NewConnectionError('<urllib3.connection.HTTPSConnection object at 0x7f6429b5af30>: Failed to establish a new connection: [Errno 101] Network is unreachable')': /api/v3/feed/topstory/hot-lists/total?limit=50&desktop=true
2026-01-22 03:43:46,879 [WARNING] Retrying (Retry(total=1, connect=None, read=None, redirect=None, status=None)) after connection broken by 'NewConnectionError('<urllib3.connection.HTTPSConnection object at 0x7f6429b5b080>: Failed to establish a new connection: [Errno 101] Network is unreachable')': /api/v3/feed/topstory/hot-lists/total?limit=50&desktop=true
2026-01-22 03:44:13,296 [WARNING] Retrying (Retry(total=0, connect=None, read=None, redirect=None, status=None)) after connection broken by 'NewConnectionError('<urllib3.connection.HTTPSConnection object at 0x7f6429b5b1d0>: Failed to establish a new connection: [Errno 101] Network is unreachable')': /api/v3/feed/topstory/hot-lists/total?limit=50&desktop=true
2026-01-22 03:44:23,308 [ERROR] 请求失败：HTTPSConnectionPool(host='www.zhihu.com', port=443): Max retries exceeded with url: /api/v3/feed/topstory/hot-lists/total?limit=50&desktop=true (Caused by NewConnectionError('<urllib3.connection.HTTPSConnection object at 0x7f6429b5b320>: Failed to establish a new connection: [Errno 101] Network is unreachable'))
2026-01-22 03:44:23,308 [ERROR] 没有获取到热榜数据，退出。
2026-01-22 04:41:25,629 [INFO] 成功写入 10 条热搜到 hotresearch/2026_1_22/2026_1_22_4.txt
2026-01-22 04:41:26,067 [ERROR] 请求失败：401 Client Error: Authorization Required for url: https://www.zhihu.com/api/v3/feed/topstory/hot-lists/total?limit=50&desktop=true
2026-01-22 04:41:26,067 [ERROR] 没有获取到热榜数据，退出。
2026-01-22 05:22:17,927 [ERROR] 请求失败：403 Client Error: Forbidden for url: https://www.zhihu.com/api/v4/search/top_search
2026-01-22 05:22:17,928 [ERROR] 没有获取到热搜数据，退出。
2026-01-22 05:22:18,385 [ERROR] 请求失败：401 Client Error: Authorization Required for url: https://www.zhihu.com/api/v3/feed/topstory/hot-lists/total?limit=50&desktop=true
2026-01-22 05:22:18,385 [ERROR] 没有获取到热榜数据，退出。
2026-01-22 06:24:43,136 [INFO] 成功写入 10 条热搜到 hotresearch/2026_1_22/2026_1_22_6.txt
2026-01-22 06:24:43,650 [ERROR] 请求失败：403 Client Error: Forbidden for url: https://www.zhihu.com/api/v3/feed/topstory/hot-lists/total?limit=50&desktop=true
2026-01-22 06:24:43,650 [ERROR] 没有获取到热榜数据，退出。
2026-01-22 07:20:56,089 [INFO] 成功写入 10 条热搜到 hotresearch/2026_1_22/2026_1_22_7.txt
2026-01-22 07:20:56,429 [ERROR] 请求失败：401 Client Error: Authorization Required for url: https://www.zhihu.com/api/v3/feed/topstory/hot-lists/total?limit=50&desktop=true
2026-01-22 07:20:56,429 [ERROR] 没有获取到热榜数据，退出。
2026-01-22 08:21:54,238 [INFO] 成功写入 10 条热搜到 hotresearch/2026_1_22/2026_1_22_8.txt
2026-01-22 08:21:54,577 [ERROR] 请求失败：401 Client Error: Authorization Required for url: https://www.zhihu.com/api/v3/feed/topstory/hot-lists/total?limit=50&desktop=true
2026-01-22 08:21:54,577 [ERROR] 没有获取到热榜数据，退出。
2026-01-22 09:25:52,022 [INFO] 成功写入 10 条热搜到 hotresearch/2026_1_22/2026_1_22_9.txt
2026-01-22 09:25:52,494 [ERROR] 请求失败：403 Client Error: Forbidden for url: https://www.zhihu.com/api/v3/feed/topstory/hot-lists/total?limit=50&desktop=true
2026-01-22 09:25:52,494 [ERROR] 没有获取到热榜数据，退出。
2026-01-22 10:20:12,279 [INFO] 成功写入 10 条热搜到 hotresearch/2026_1_22/2026_1_22_10.txt
2026-01-22 10:20:12,792 [ERROR] 请求失败：401 Client Error: Authorization Required for url: https://www.zhihu.com/api/v3/feed/topstory/hot-lists/total?limit=50&desktop=true
2026-01-22 10:20:12,793 [ERROR] 没有获取到热榜数据，退出。
2026-01-22 11:17:39,072 [INFO] 成功写入 10 条热搜到 hotresearch/2026_1_22/2026_1_22_11.txt
2026-01-22 11:17:39,588 [ERROR] 请求失败：401 Client Error: Authorization Required for url: https://www.zhihu.com/api/v3/feed/topstory/hot-lists/total?limit=50&desktop=true
2026-01-22 11:17:39,588 [ERROR] 没有获取到热榜数据，退出。
2026-01-22 12:33:17,762 [INFO] 成功写入 10 条热搜到 hotresearch/2026_1_22/2026_1_22_12.txt
2026-01-22 12:33:18,273 [ERROR] 请求失败：401 Client Error: Authorization Required for url: https://www.zhihu.com/api/v3/feed/topstory/hot-lists/total?limit=50&desktop=true
2026-01-22 12:33:18,273 [ERROR] 没有获取到热榜数据，退出。
2026-01-22 13:40:36,092 [INFO] 成功写入 10 条热搜到 hotresearch/2026_1_22/2026_1_22_13.txt
2026-01-22 13:40:36,627 [ERROR] 请求失败：403 Client Error: Forbidden for url: https://www.zhihu.com/api/v3/feed/topstory/hot-lists/total?limit=50&desktop=true
2026-01-22 13:40:36,627 [ERROR] 没有获取到热榜数据，退出。
2026-01-22 14:23:11,600 [INFO] 成功写入 10 条热搜到 hotresearch/2026_1_22/2026_1_22_14.txt
2026-01-22 14:23:11,975 [ERROR] 请求失败：401 Client Error: Authorization Required for url: https://www.zhihu.com/api/v3/feed/topstory/hot-lists/total?limit=50&desktop=true
2026-01-22 14:23:11,975 [ERROR] 没有获取到热榜数据，退出。
2026-01-22 15:22:48,874 [ERROR] 请求失败：403 Client Error: Forbidden for url: https://www.zhihu.com/api/v4/search/top_search
2026-01-22 15:22:48,874 [ERROR] 没有获取到热搜数据，退出。
2026-01-22 15:22:49,235 [ERROR] 请求失败：401 Client Error: Authorization Required for url: https://www.zhihu.com/api/v3/feed/topstory/hot-lists/total?limit=50&desktop=true
2026-01-22 15:22:49,235 [ERROR] 没有获取到热榜数据，退出。
2026-01-22 16:25:25,418 [INFO] 成功写入 10 条热搜到 hotresearch/2026_1_22/2026_1_22_16.txt
2026-01-22 16:25:25,947 [ERROR] 请求失败：403 Client Error: Forbidden for url: https://www.zhihu.com/api/v3/feed/topstory/hot-lists/total?limit=50&desktop=true
2026-01-22 16:25:25,947 [ERROR] 没有获取到热榜数据，退出。
2026-01-22 17:22:31,016 [INFO] 成功写入 10 条热搜到 hotresearch/2026_1_22/2026_1_22_17.txt
2026-01-22 17:22:31,521 [ERROR] 请求失败：401 Client Error: Authorization Required for url: https://www.zhihu.com/api/v3/feed/topstory/hot-lists/total?limit=50&desktop=true
2026-01-22 17:22:31,522 [ERROR] 没有获取到热榜数据，退出。
2026-01-22 18:21:27,747 [INFO] 成功写入 10 条热搜到 hotresearch/2026_1_22/2026_1_22_18.txt
2026-01-22 18:21:28,084 [ERROR] 请求失败：401 Client Error: Authorization Required for url: https://www.zhihu.com/api/v3/feed/topstory/hot-lists/total?limit=50&desktop=true
2026-01-22 18:21:28,084 [ERROR] 没有获取到热榜数据，退出。
2026-01-22 19:19:23,107 [INFO] 成功写入 10 条热搜到 hotresearch/2026_1_22/2026_1_22_19.txt
2026-01-22 19:19:23,623 [ERROR] 请求失败：401 Client Error: Authorization Required for url: https://www.zhihu.com/api/v3/feed/topstory/hot-lists/total?limit=50&desktop=true
2026-01-22 19:19:23,623 [ERROR] 没有获取到热榜数据，退出。
