2026-01-16 01:10:01,652 [INFO] 成功写入 10 条热搜到 hotresearch/2026_1_16/2026_1_16_1.txt
2026-01-16 01:10:02,175 [ERROR] 请求失败：403 Client Error: Forbidden for url: https://www.zhihu.com/api/v3/feed/topstory/hot-lists/total?limit=50&desktop=true
2026-01-16 01:10:02,175 [ERROR] 没有获取到热榜数据，退出。
2026-01-16 03:24:03,154 [INFO] 成功写入 10 条热搜到 hotresearch/2026_1_16/2026_1_16_3.txt
2026-01-16 03:24:03,500 [ERROR] 请求失败：401 Client Error: Authorization Required for url: https://www.zhihu.com/api/v3/feed/topstory/hot-lists/total?limit=50&desktop=true
2026-01-16 03:24:03,500 [ERROR] 没有获取到热榜数据，退出。
2026-01-16 04:33:46,457 [INFO] 成功写入 10 条热搜到 hotresearch/2026_1_16/2026_1_16_4.txt
2026-01-16 04:33:46,802 [ERROR] 请求失败：401 Client Error: Authorization Required for url: https://www.zhihu.com/api/v3/feed/topstory/hot-lists/total?limit=50&desktop=true
2026-01-16 04:33:46,802 [ERROR] 没有获取到热榜数据，退出。
2026-01-16 05:19:46,482 [INFO] 成功写入 10 条热搜到 hotresearch/2026_1_16/2026_1_16_5.txt
2026-01-16 05:19:46,821 [ERROR] 请求失败：401 Client Error: Authorization Required for url: https://www.zhihu.com/api/v3/feed/topstory/hot-lists/total?limit=50&desktop=true
2026-01-16 05:19:46,821 [ERROR] 没有获取到热榜数据，退出。
2026-01-16 06:23:53,593 [ERROR] 请求失败：403 Client Error: Forbidden for url: https://www.zhihu.com/api/v4/search/top_search
2026-01-16 06:23:53,594 [ERROR] 没有获取到热搜数据，退出。
2026-01-16 06:23:53,951 [ERROR] 请求失败：401 Client Error: Authorization Required for url: https://www.zhihu.com/api/v3/feed/topstory/hot-lists/total?limit=50&desktop=true
2026-01-16 06:23:53,951 [ERROR] 没有获取到热榜数据，退出。
2026-01-16 07:18:55,996 [INFO] 成功写入 10 条热搜到 hotresearch/2026_1_16/2026_1_16_7.txt
2026-01-16 07:18:56,367 [ERROR] 请求失败：401 Client Error: Authorization Required for url: https://www.zhihu.com/api/v3/feed/topstory/hot-lists/total?limit=50&desktop=true
2026-01-16 07:18:56,367 [ERROR] 没有获取到热榜数据，退出。
2026-01-16 08:20:18,521 [INFO] 成功写入 10 条热搜到 hotresearch/2026_1_16/2026_1_16_8.txt
2026-01-16 08:20:18,877 [ERROR] 请求失败：401 Client Error: Authorization Required for url: https://www.zhihu.com/api/v3/feed/topstory/hot-lists/total?limit=50&desktop=true
2026-01-16 08:20:18,877 [ERROR] 没有获取到热榜数据，退出。
2026-01-16 09:19:36,037 [INFO] 成功写入 10 条热搜到 hotresearch/2026_1_16/2026_1_16_9.txt
2026-01-16 09:19:36,556 [ERROR] 请求失败：403 Client Error: Forbidden for url: https://www.zhihu.com/api/v3/feed/topstory/hot-lists/total?limit=50&desktop=true
2026-01-16 09:19:36,556 [ERROR] 没有获取到热榜数据，退出。
2026-01-16 10:16:07,168 [INFO] 成功写入 10 条热搜到 hotresearch/2026_1_16/2026_1_16_10.txt
2026-01-16 10:16:07,628 [ERROR] 请求失败：401 Client Error: Authorization Required for url: https://www.zhihu.com/api/v3/feed/topstory/hot-lists/total?limit=50&desktop=true
2026-01-16 10:16:07,628 [ERROR] 没有获取到热榜数据，退出。
