2026-04-12 01:54:54,535 [INFO] 成功写入 10 条热搜到 hotresearch/2026_4_12/2026_4_12_1.txt
2026-04-12 01:54:55,016 [ERROR] 请求失败：401 Client Error: Authorization Required for url: https://www.zhihu.com/api/v3/feed/topstory/hot-lists/total?limit=50&desktop=true
2026-04-12 01:54:55,017 [ERROR] 没有获取到热榜数据，退出。
2026-04-12 04:41:47,091 [INFO] 成功写入 10 条热搜到 hotresearch/2026_4_12/2026_4_12_4.txt
2026-04-12 04:41:47,544 [ERROR] 请求失败：403 Client Error: Forbidden for url: https://www.zhihu.com/api/v3/feed/topstory/hot-lists/total?limit=50&desktop=true
2026-04-12 04:41:47,544 [ERROR] 没有获取到热榜数据，退出。
2026-04-12 06:20:20,902 [INFO] 成功写入 10 条热搜到 hotresearch/2026_4_12/2026_4_12_6.txt
2026-04-12 06:20:21,384 [ERROR] 请求失败：401 Client Error: Authorization Required for url: https://www.zhihu.com/api/v3/feed/topstory/hot-lists/total?limit=50&desktop=true
2026-04-12 06:20:21,384 [ERROR] 没有获取到热榜数据，退出。
2026-04-12 07:58:25,030 [INFO] 成功写入 10 条热搜到 hotresearch/2026_4_12/2026_4_12_7.txt
2026-04-12 07:58:25,505 [ERROR] 请求失败：401 Client Error: Authorization Required for url: https://www.zhihu.com/api/v3/feed/topstory/hot-lists/total?limit=50&desktop=true
2026-04-12 07:58:25,506 [ERROR] 没有获取到热榜数据，退出。
2026-04-12 08:51:41,945 [ERROR] 请求失败：403 Client Error: Forbidden for url: https://www.zhihu.com/api/v4/search/top_search
2026-04-12 08:51:41,945 [ERROR] 没有获取到热搜数据，退出。
2026-04-12 08:51:42,411 [ERROR] 请求失败：401 Client Error: Authorization Required for url: https://www.zhihu.com/api/v3/feed/topstory/hot-lists/total?limit=50&desktop=true
2026-04-12 08:51:42,411 [ERROR] 没有获取到热榜数据，退出。
2026-04-12 09:39:01,958 [INFO] 成功写入 10 条热搜到 hotresearch/2026_4_12/2026_4_12_9.txt
2026-04-12 09:39:02,437 [ERROR] 请求失败：401 Client Error: Authorization Required for url: https://www.zhihu.com/api/v3/feed/topstory/hot-lists/total?limit=50&desktop=true
2026-04-12 09:39:02,437 [ERROR] 没有获取到热榜数据，退出。
2026-04-12 10:32:00,507 [INFO] 成功写入 10 条热搜到 hotresearch/2026_4_12/2026_4_12_10.txt
2026-04-12 10:32:01,041 [ERROR] 请求失败：401 Client Error: Authorization Required for url: https://www.zhihu.com/api/v3/feed/topstory/hot-lists/total?limit=50&desktop=true
2026-04-12 10:32:01,041 [ERROR] 没有获取到热榜数据，退出。
2026-04-12 11:28:08,414 [INFO] 成功写入 10 条热搜到 hotresearch/2026_4_12/2026_4_12_11.txt
2026-04-12 11:28:08,857 [ERROR] 请求失败：401 Client Error: Authorization Required for url: https://www.zhihu.com/api/v3/feed/topstory/hot-lists/total?limit=50&desktop=true
2026-04-12 11:28:08,857 [ERROR] 没有获取到热榜数据，退出。
2026-04-12 12:43:16,471 [INFO] 成功写入 10 条热搜到 hotresearch/2026_4_12/2026_4_12_12.txt
2026-04-12 12:43:16,935 [ERROR] 请求失败：401 Client Error: Authorization Required for url: https://www.zhihu.com/api/v3/feed/topstory/hot-lists/total?limit=50&desktop=true
2026-04-12 12:43:16,935 [ERROR] 没有获取到热榜数据，退出。
