2026-04-29 02:12:07,806 [INFO] 成功写入 10 条热搜到 hotresearch/2026_4_29/2026_4_29_2.txt
2026-04-29 02:12:08,354 [ERROR] 请求失败：403 Client Error: Forbidden for url: https://www.zhihu.com/api/v3/feed/topstory/hot-lists/total?limit=50&desktop=true
2026-04-29 02:12:08,354 [ERROR] 没有获取到热榜数据，退出。
2026-04-29 05:47:13,759 [INFO] 成功写入 10 条热搜到 hotresearch/2026_4_29/2026_4_29_5.txt
2026-04-29 05:47:14,137 [ERROR] 请求失败：401 Client Error: Authorization Required for url: https://www.zhihu.com/api/v3/feed/topstory/hot-lists/total?limit=50&desktop=true
2026-04-29 05:47:14,137 [ERROR] 没有获取到热榜数据，退出。
2026-04-29 08:04:01,308 [INFO] 成功写入 10 条热搜到 hotresearch/2026_4_29/2026_4_29_8.txt
2026-04-29 08:04:01,835 [ERROR] 请求失败：401 Client Error: Authorization Required for url: https://www.zhihu.com/api/v3/feed/topstory/hot-lists/total?limit=50&desktop=true
2026-04-29 08:04:01,835 [ERROR] 没有获取到热榜数据，退出。
2026-04-29 10:48:39,506 [INFO] 成功写入 10 条热搜到 hotresearch/2026_4_29/2026_4_29_10.txt
2026-04-29 10:48:40,004 [ERROR] 请求失败：401 Client Error: Authorization Required for url: https://www.zhihu.com/api/v3/feed/topstory/hot-lists/total?limit=50&desktop=true
2026-04-29 10:48:40,004 [ERROR] 没有获取到热榜数据，退出。
2026-04-29 12:11:53,931 [INFO] 成功写入 10 条热搜到 hotresearch/2026_4_29/2026_4_29_12.txt
2026-04-29 12:11:54,417 [ERROR] 请求失败：401 Client Error: Authorization Required for url: https://www.zhihu.com/api/v3/feed/topstory/hot-lists/total?limit=50&desktop=true
2026-04-29 12:11:54,417 [ERROR] 没有获取到热榜数据，退出。
2026-04-29 15:05:01,995 [INFO] 成功写入 10 条热搜到 hotresearch/2026_4_29/2026_4_29_15.txt
2026-04-29 15:05:02,546 [ERROR] 请求失败：401 Client Error: Authorization Required for url: https://www.zhihu.com/api/v3/feed/topstory/hot-lists/total?limit=50&desktop=true
2026-04-29 15:05:02,546 [ERROR] 没有获取到热榜数据，退出。
2026-04-29 17:19:42,024 [INFO] 成功写入 10 条热搜到 hotresearch/2026_4_29/2026_4_29_17.txt
2026-04-29 17:19:42,594 [ERROR] 请求失败：401 Client Error: Authorization Required for url: https://www.zhihu.com/api/v3/feed/topstory/hot-lists/total?limit=50&desktop=true
2026-04-29 17:19:42,594 [ERROR] 没有获取到热榜数据，退出。
2026-04-29 19:12:56,901 [INFO] 成功写入 10 条热搜到 hotresearch/2026_4_29/2026_4_29_19.txt
2026-04-29 19:12:57,446 [ERROR] 请求失败：401 Client Error: Authorization Required for url: https://www.zhihu.com/api/v3/feed/topstory/hot-lists/total?limit=50&desktop=true
2026-04-29 19:12:57,446 [ERROR] 没有获取到热榜数据，退出。
2026-04-29 20:55:06,313 [INFO] 成功写入 10 条热搜到 hotresearch/2026_4_29/2026_4_29_20.txt
2026-04-29 20:55:06,822 [ERROR] 请求失败：401 Client Error: Authorization Required for url: https://www.zhihu.com/api/v3/feed/topstory/hot-lists/total?limit=50&desktop=true
2026-04-29 20:55:06,822 [ERROR] 没有获取到热榜数据，退出。
2026-04-29 21:53:51,958 [INFO] 成功写入 10 条热搜到 hotresearch/2026_4_29/2026_4_29_21.txt
2026-04-29 21:53:52,357 [ERROR] 请求失败：401 Client Error: Authorization Required for url: https://www.zhihu.com/api/v3/feed/topstory/hot-lists/total?limit=50&desktop=true
2026-04-29 21:53:52,357 [ERROR] 没有获取到热榜数据，退出。
2026-04-29 22:50:45,443 [INFO] 成功写入 10 条热搜到 hotresearch/2026_4_29/2026_4_29_22.txt
2026-04-29 22:50:45,812 [ERROR] 请求失败：401 Client Error: Authorization Required for url: https://www.zhihu.com/api/v3/feed/topstory/hot-lists/total?limit=50&desktop=true
2026-04-29 22:50:45,812 [ERROR] 没有获取到热榜数据，退出。
2026-04-29 23:47:02,269 [ERROR] 请求失败：403 Client Error: Forbidden for url: https://www.zhihu.com/api/v4/search/top_search
2026-04-29 23:47:02,269 [ERROR] 没有获取到热搜数据，退出。
2026-04-29 23:47:02,645 [ERROR] 请求失败：401 Client Error: Authorization Required for url: https://www.zhihu.com/api/v3/feed/topstory/hot-lists/total?limit=50&desktop=true
2026-04-29 23:47:02,645 [ERROR] 没有获取到热榜数据，退出。
