2026-04-08 01:48:33,626 [ERROR] 请求失败：403 Client Error: Forbidden for url: https://www.zhihu.com/api/v4/search/top_search
2026-04-08 01:48:33,627 [ERROR] 没有获取到热搜数据，退出。
2026-04-08 01:48:34,154 [ERROR] 请求失败：403 Client Error: Forbidden for url: https://www.zhihu.com/api/v3/feed/topstory/hot-lists/total?limit=50&desktop=true
2026-04-08 01:48:34,154 [ERROR] 没有获取到热榜数据，退出。
2026-04-08 04:31:05,144 [INFO] 成功写入 10 条热搜到 hotresearch/2026_4_8/2026_4_8_4.txt
2026-04-08 04:31:05,601 [ERROR] 请求失败：401 Client Error: Authorization Required for url: https://www.zhihu.com/api/v3/feed/topstory/hot-lists/total?limit=50&desktop=true
2026-04-08 04:31:05,601 [ERROR] 没有获取到热榜数据，退出。
2026-04-08 06:16:55,010 [INFO] 成功写入 10 条热搜到 hotresearch/2026_4_8/2026_4_8_6.txt
2026-04-08 06:16:55,536 [ERROR] 请求失败：403 Client Error: Forbidden for url: https://www.zhihu.com/api/v3/feed/topstory/hot-lists/total?limit=50&desktop=true
2026-04-08 06:16:55,536 [ERROR] 没有获取到热榜数据，退出。
2026-04-08 08:07:40,084 [INFO] 成功写入 10 条热搜到 hotresearch/2026_4_8/2026_4_8_8.txt
2026-04-08 08:07:40,728 [ERROR] 请求失败：403 Client Error: Forbidden for url: https://www.zhihu.com/api/v3/feed/topstory/hot-lists/total?limit=50&desktop=true
2026-04-08 08:07:40,728 [ERROR] 没有获取到热榜数据，退出。
2026-04-08 10:01:09,890 [INFO] 成功写入 10 条热搜到 hotresearch/2026_4_8/2026_4_8_10.txt
2026-04-08 10:01:10,826 [ERROR] 请求失败：403 Client Error: Forbidden for url: https://www.zhihu.com/api/v3/feed/topstory/hot-lists/total?limit=50&desktop=true
2026-04-08 10:01:10,826 [ERROR] 没有获取到热榜数据，退出。
2026-04-08 11:47:29,533 [INFO] 成功写入 10 条热搜到 hotresearch/2026_4_8/2026_4_8_11.txt
2026-04-08 11:47:30,079 [ERROR] 请求失败：403 Client Error: Forbidden for url: https://www.zhihu.com/api/v3/feed/topstory/hot-lists/total?limit=50&desktop=true
2026-04-08 11:47:30,079 [ERROR] 没有获取到热榜数据，退出。
2026-04-08 13:05:02,974 [INFO] 成功写入 10 条热搜到 hotresearch/2026_4_8/2026_4_8_13.txt
2026-04-08 13:05:03,409 [ERROR] 请求失败：403 Client Error: Forbidden for url: https://www.zhihu.com/api/v3/feed/topstory/hot-lists/total?limit=50&desktop=true
2026-04-08 13:05:03,409 [ERROR] 没有获取到热榜数据，退出。
2026-04-08 15:02:47,350 [INFO] 成功写入 10 条热搜到 hotresearch/2026_4_8/2026_4_8_15.txt
2026-04-08 15:02:47,925 [ERROR] 请求失败：403 Client Error: Forbidden for url: https://www.zhihu.com/api/v3/feed/topstory/hot-lists/total?limit=50&desktop=true
2026-04-08 15:02:47,925 [ERROR] 没有获取到热榜数据，退出。
2026-04-08 16:53:19,312 [INFO] 成功写入 10 条热搜到 hotresearch/2026_4_8/2026_4_8_16.txt
2026-04-08 16:53:20,156 [ERROR] 请求失败：403 Client Error: Forbidden for url: https://www.zhihu.com/api/v3/feed/topstory/hot-lists/total?limit=50&desktop=true
2026-04-08 16:53:20,156 [ERROR] 没有获取到热榜数据，退出。
2026-04-08 18:01:38,717 [INFO] 成功写入 10 条热搜到 hotresearch/2026_4_8/2026_4_8_18.txt
2026-04-08 18:01:39,312 [ERROR] 请求失败：401 Client Error: Authorization Required for url: https://www.zhihu.com/api/v3/feed/topstory/hot-lists/total?limit=50&desktop=true
2026-04-08 18:01:39,312 [ERROR] 没有获取到热榜数据，退出。
