2026-03-08 01:24:36,928 [INFO] 成功写入 10 条热搜到 hotresearch/2026_3_8/2026_3_8_1.txt
2026-03-08 01:24:37,501 [ERROR] 请求失败：401 Client Error: Authorization Required for url: https://www.zhihu.com/api/v3/feed/topstory/hot-lists/total?limit=50&desktop=true
2026-03-08 01:24:37,501 [ERROR] 没有获取到热榜数据，退出。
2026-03-08 04:04:16,887 [INFO] 成功写入 10 条热搜到 hotresearch/2026_3_8/2026_3_8_4.txt
2026-03-08 04:04:17,424 [ERROR] 请求失败：401 Client Error: Authorization Required for url: https://www.zhihu.com/api/v3/feed/topstory/hot-lists/total?limit=50&desktop=true
2026-03-08 04:04:17,424 [ERROR] 没有获取到热榜数据，退出。
2026-03-08 05:37:41,261 [INFO] 成功写入 10 条热搜到 hotresearch/2026_3_8/2026_3_8_5.txt
2026-03-08 05:37:41,873 [ERROR] 请求失败：403 Client Error: Forbidden for url: https://www.zhihu.com/api/v3/feed/topstory/hot-lists/total?limit=50&desktop=true
2026-03-08 05:37:41,873 [ERROR] 没有获取到热榜数据，退出。
2026-03-08 06:33:33,328 [INFO] 成功写入 10 条热搜到 hotresearch/2026_3_8/2026_3_8_6.txt
2026-03-08 06:33:33,859 [ERROR] 请求失败：401 Client Error: Authorization Required for url: https://www.zhihu.com/api/v3/feed/topstory/hot-lists/total?limit=50&desktop=true
2026-03-08 06:33:33,859 [ERROR] 没有获取到热榜数据，退出。
2026-03-08 07:25:53,638 [INFO] 成功写入 10 条热搜到 hotresearch/2026_3_8/2026_3_8_7.txt
2026-03-08 07:25:54,225 [ERROR] 请求失败：403 Client Error: Forbidden for url: https://www.zhihu.com/api/v3/feed/topstory/hot-lists/total?limit=50&desktop=true
2026-03-08 07:25:54,225 [ERROR] 没有获取到热榜数据，退出。
2026-03-08 08:22:04,056 [INFO] 成功写入 10 条热搜到 hotresearch/2026_3_8/2026_3_8_8.txt
2026-03-08 08:22:04,648 [ERROR] 请求失败：401 Client Error: Authorization Required for url: https://www.zhihu.com/api/v3/feed/topstory/hot-lists/total?limit=50&desktop=true
2026-03-08 08:22:04,648 [ERROR] 没有获取到热榜数据，退出。
2026-03-08 09:21:55,464 [INFO] 成功写入 10 条热搜到 hotresearch/2026_3_8/2026_3_8_9.txt
2026-03-08 09:21:56,021 [ERROR] 请求失败：401 Client Error: Authorization Required for url: https://www.zhihu.com/api/v3/feed/topstory/hot-lists/total?limit=50&desktop=true
2026-03-08 09:21:56,021 [ERROR] 没有获取到热榜数据，退出。
2026-03-08 10:17:51,524 [INFO] 成功写入 10 条热搜到 hotresearch/2026_3_8/2026_3_8_10.txt
2026-03-08 10:17:51,999 [ERROR] 请求失败：401 Client Error: Authorization Required for url: https://www.zhihu.com/api/v3/feed/topstory/hot-lists/total?limit=50&desktop=true
2026-03-08 10:17:51,999 [ERROR] 没有获取到热榜数据，退出。
2026-03-08 11:14:56,396 [INFO] 成功写入 10 条热搜到 hotresearch/2026_3_8/2026_3_8_11.txt
2026-03-08 11:14:56,920 [ERROR] 请求失败：401 Client Error: Authorization Required for url: https://www.zhihu.com/api/v3/feed/topstory/hot-lists/total?limit=50&desktop=true
2026-03-08 11:14:56,920 [ERROR] 没有获取到热榜数据，退出。
2026-03-08 12:31:57,945 [INFO] 成功写入 10 条热搜到 hotresearch/2026_3_8/2026_3_8_12.txt
2026-03-08 12:31:58,406 [ERROR] 请求失败：401 Client Error: Authorization Required for url: https://www.zhihu.com/api/v3/feed/topstory/hot-lists/total?limit=50&desktop=true
2026-03-08 12:31:58,406 [ERROR] 没有获取到热榜数据，退出。
2026-03-08 13:34:50,353 [ERROR] 请求失败：403 Client Error: Forbidden for url: https://www.zhihu.com/api/v4/search/top_search
2026-03-08 13:34:50,353 [ERROR] 没有获取到热搜数据，退出。
2026-03-08 13:34:50,846 [ERROR] 请求失败：403 Client Error: Forbidden for url: https://www.zhihu.com/api/v3/feed/topstory/hot-lists/total?limit=50&desktop=true
2026-03-08 13:34:50,846 [ERROR] 没有获取到热榜数据，退出。
2026-03-08 14:18:28,660 [INFO] 成功写入 10 条热搜到 hotresearch/2026_3_8/2026_3_8_14.txt
2026-03-08 14:18:29,147 [ERROR] 请求失败：401 Client Error: Authorization Required for url: https://www.zhihu.com/api/v3/feed/topstory/hot-lists/total?limit=50&desktop=true
2026-03-08 14:18:29,147 [ERROR] 没有获取到热榜数据，退出。
2026-03-08 15:16:24,611 [INFO] 成功写入 10 条热搜到 hotresearch/2026_3_8/2026_3_8_15.txt
2026-03-08 15:16:25,065 [ERROR] 请求失败：401 Client Error: Authorization Required for url: https://www.zhihu.com/api/v3/feed/topstory/hot-lists/total?limit=50&desktop=true
2026-03-08 15:16:25,065 [ERROR] 没有获取到热榜数据，退出。
2026-03-08 16:19:17,932 [INFO] 成功写入 10 条热搜到 hotresearch/2026_3_8/2026_3_8_16.txt
2026-03-08 16:19:18,437 [ERROR] 请求失败：401 Client Error: Authorization Required for url: https://www.zhihu.com/api/v3/feed/topstory/hot-lists/total?limit=50&desktop=true
2026-03-08 16:19:18,437 [ERROR] 没有获取到热榜数据，退出。
2026-03-08 17:16:52,047 [INFO] 成功写入 10 条热搜到 hotresearch/2026_3_8/2026_3_8_17.txt
2026-03-08 17:16:52,603 [ERROR] 请求失败：401 Client Error: Authorization Required for url: https://www.zhihu.com/api/v3/feed/topstory/hot-lists/total?limit=50&desktop=true
2026-03-08 17:16:52,603 [ERROR] 没有获取到热榜数据，退出。
2026-03-08 18:23:18,044 [INFO] 成功写入 10 条热搜到 hotresearch/2026_3_8/2026_3_8_18.txt
2026-03-08 18:23:18,604 [ERROR] 请求失败：401 Client Error: Authorization Required for url: https://www.zhihu.com/api/v3/feed/topstory/hot-lists/total?limit=50&desktop=true
2026-03-08 18:23:18,604 [ERROR] 没有获取到热榜数据，退出。
2026-03-08 19:18:12,302 [INFO] 成功写入 10 条热搜到 hotresearch/2026_3_8/2026_3_8_19.txt
2026-03-08 19:18:12,862 [ERROR] 请求失败：401 Client Error: Authorization Required for url: https://www.zhihu.com/api/v3/feed/topstory/hot-lists/total?limit=50&desktop=true
2026-03-08 19:18:12,862 [ERROR] 没有获取到热榜数据，退出。
2026-03-08 20:17:07,456 [INFO] 成功写入 10 条热搜到 hotresearch/2026_3_8/2026_3_8_20.txt
2026-03-08 20:17:08,048 [ERROR] 请求失败：401 Client Error: Authorization Required for url: https://www.zhihu.com/api/v3/feed/topstory/hot-lists/total?limit=50&desktop=true
2026-03-08 20:17:08,049 [ERROR] 没有获取到热榜数据，退出。
2026-03-08 21:16:27,398 [INFO] 成功写入 10 条热搜到 hotresearch/2026_3_8/2026_3_8_21.txt
2026-03-08 21:16:27,957 [ERROR] 请求失败：401 Client Error: Authorization Required for url: https://www.zhihu.com/api/v3/feed/topstory/hot-lists/total?limit=50&desktop=true
2026-03-08 21:16:27,957 [ERROR] 没有获取到热榜数据，退出。
2026-03-08 22:15:59,254 [INFO] 成功写入 10 条热搜到 hotresearch/2026_3_8/2026_3_8_22.txt
2026-03-08 22:15:59,772 [ERROR] 请求失败：401 Client Error: Authorization Required for url: https://www.zhihu.com/api/v3/feed/topstory/hot-lists/total?limit=50&desktop=true
2026-03-08 22:15:59,772 [ERROR] 没有获取到热榜数据，退出。
2026-03-08 23:16:29,795 [INFO] 成功写入 10 条热搜到 hotresearch/2026_3_8/2026_3_8_23.txt
2026-03-08 23:16:30,311 [ERROR] 请求失败：401 Client Error: Authorization Required for url: https://www.zhihu.com/api/v3/feed/topstory/hot-lists/total?limit=50&desktop=true
2026-03-08 23:16:30,312 [ERROR] 没有获取到热榜数据，退出。
