2026-07-11 01:56:58,182 [INFO] 成功写入 10 条热搜到 hotresearch/2026_7_11/2026_7_11_1.txt
2026-07-11 01:56:58,543 [ERROR] 请求失败：401 Client Error: Authorization Required for url: https://www.zhihu.com/api/v3/feed/topstory/hot-lists/total?limit=50&desktop=true
2026-07-11 01:56:58,543 [ERROR] 没有获取到热榜数据，退出。
2026-07-11 05:10:51,807 [INFO] 成功写入 10 条热搜到 hotresearch/2026_7_11/2026_7_11_5.txt
2026-07-11 05:10:52,152 [ERROR] 请求失败：401 Client Error: Authorization Required for url: https://www.zhihu.com/api/v3/feed/topstory/hot-lists/total?limit=50&desktop=true
2026-07-11 05:10:52,152 [ERROR] 没有获取到热榜数据，退出。
2026-07-11 07:42:48,229 [INFO] 成功写入 10 条热搜到 hotresearch/2026_7_11/2026_7_11_7.txt
2026-07-11 07:42:48,682 [ERROR] 请求失败：401 Client Error: Authorization Required for url: https://www.zhihu.com/api/v3/feed/topstory/hot-lists/total?limit=50&desktop=true
2026-07-11 07:42:48,683 [ERROR] 没有获取到热榜数据，退出。
2026-07-11 09:19:25,733 [INFO] 成功写入 10 条热搜到 hotresearch/2026_7_11/2026_7_11_9.txt
2026-07-11 09:19:26,154 [ERROR] 请求失败：401 Client Error: Authorization Required for url: https://www.zhihu.com/api/v3/feed/topstory/hot-lists/total?limit=50&desktop=true
2026-07-11 09:19:26,154 [ERROR] 没有获取到热榜数据，退出。
2026-07-11 10:57:04,567 [INFO] 成功写入 10 条热搜到 hotresearch/2026_7_11/2026_7_11_10.txt
2026-07-11 10:57:04,953 [ERROR] 请求失败：401 Client Error: Authorization Required for url: https://www.zhihu.com/api/v3/feed/topstory/hot-lists/total?limit=50&desktop=true
2026-07-11 10:57:04,953 [ERROR] 没有获取到热榜数据，退出。
2026-07-11 11:49:49,090 [ERROR] 请求失败：403 Client Error: Forbidden for url: https://www.zhihu.com/api/v4/search/top_search
2026-07-11 11:49:49,091 [ERROR] 没有获取到热搜数据，退出。
2026-07-11 11:49:49,496 [ERROR] 请求失败：401 Client Error: Authorization Required for url: https://www.zhihu.com/api/v3/feed/topstory/hot-lists/total?limit=50&desktop=true
2026-07-11 11:49:49,496 [ERROR] 没有获取到热榜数据，退出。
2026-07-11 13:00:42,038 [INFO] 成功写入 10 条热搜到 hotresearch/2026_7_11/2026_7_11_13.txt
2026-07-11 13:00:42,444 [ERROR] 请求失败：401 Client Error: Authorization Required for url: https://www.zhihu.com/api/v3/feed/topstory/hot-lists/total?limit=50&desktop=true
2026-07-11 13:00:42,444 [ERROR] 没有获取到热榜数据，退出。
2026-07-11 14:44:48,751 [INFO] 成功写入 10 条热搜到 hotresearch/2026_7_11/2026_7_11_14.txt
2026-07-11 14:44:49,125 [ERROR] 请求失败：401 Client Error: Authorization Required for url: https://www.zhihu.com/api/v3/feed/topstory/hot-lists/total?limit=50&desktop=true
2026-07-11 14:44:49,125 [ERROR] 没有获取到热榜数据，退出。
2026-07-11 15:46:28,915 [INFO] 成功写入 10 条热搜到 hotresearch/2026_7_11/2026_7_11_15.txt
2026-07-11 15:46:29,327 [ERROR] 请求失败：401 Client Error: Authorization Required for url: https://www.zhihu.com/api/v3/feed/topstory/hot-lists/total?limit=50&desktop=true
2026-07-11 15:46:29,327 [ERROR] 没有获取到热榜数据，退出。
2026-07-11 16:45:52,098 [INFO] 成功写入 10 条热搜到 hotresearch/2026_7_11/2026_7_11_16.txt
2026-07-11 16:45:52,574 [ERROR] 请求失败：401 Client Error: Authorization Required for url: https://www.zhihu.com/api/v3/feed/topstory/hot-lists/total?limit=50&desktop=true
2026-07-11 16:45:52,574 [ERROR] 没有获取到热榜数据，退出。
2026-07-11 17:47:25,333 [INFO] 成功写入 10 条热搜到 hotresearch/2026_7_11/2026_7_11_17.txt
2026-07-11 17:47:25,808 [ERROR] 请求失败：401 Client Error: Authorization Required for url: https://www.zhihu.com/api/v3/feed/topstory/hot-lists/total?limit=50&desktop=true
2026-07-11 17:47:25,808 [ERROR] 没有获取到热榜数据，退出。
