2026-01-10 01:07:28,047 [INFO] 成功写入 10 条热搜到 hotresearch/2026_1_10/2026_1_10_1.txt
2026-01-10 01:07:28,514 [ERROR] 请求失败：401 Client Error: Authorization Required for url: https://www.zhihu.com/api/v3/feed/topstory/hot-lists/total?limit=50&desktop=true
2026-01-10 01:07:28,514 [ERROR] 没有获取到热榜数据，退出。
2026-01-10 03:18:19,022 [INFO] 成功写入 10 条热搜到 hotresearch/2026_1_10/2026_1_10_3.txt
2026-01-10 03:18:19,567 [ERROR] 请求失败：403 Client Error: Forbidden for url: https://www.zhihu.com/api/v3/feed/topstory/hot-lists/total?limit=50&desktop=true
2026-01-10 03:18:19,567 [ERROR] 没有获取到热榜数据，退出。
2026-01-10 04:28:01,540 [ERROR] 请求失败：403 Client Error: Forbidden for url: https://www.zhihu.com/api/v4/search/top_search
2026-01-10 04:28:01,540 [ERROR] 没有获取到热搜数据，退出。
2026-01-10 04:28:02,022 [ERROR] 请求失败：403 Client Error: Forbidden for url: https://www.zhihu.com/api/v3/feed/topstory/hot-lists/total?limit=50&desktop=true
2026-01-10 04:28:02,022 [ERROR] 没有获取到热榜数据，退出。
2026-01-10 05:15:38,220 [INFO] 成功写入 10 条热搜到 hotresearch/2026_1_10/2026_1_10_5.txt
2026-01-10 05:15:38,675 [ERROR] 请求失败：401 Client Error: Authorization Required for url: https://www.zhihu.com/api/v3/feed/topstory/hot-lists/total?limit=50&desktop=true
2026-01-10 05:15:38,675 [ERROR] 没有获取到热榜数据，退出。
2026-01-10 06:20:37,871 [INFO] 成功写入 10 条热搜到 hotresearch/2026_1_10/2026_1_10_6.txt
2026-01-10 06:20:38,220 [ERROR] 请求失败：401 Client Error: Authorization Required for url: https://www.zhihu.com/api/v3/feed/topstory/hot-lists/total?limit=50&desktop=true
2026-01-10 06:20:38,220 [ERROR] 没有获取到热榜数据，退出。
2026-01-10 07:13:50,792 [INFO] 成功写入 10 条热搜到 hotresearch/2026_1_10/2026_1_10_7.txt
2026-01-10 07:13:51,349 [ERROR] 请求失败：401 Client Error: Authorization Required for url: https://www.zhihu.com/api/v3/feed/topstory/hot-lists/total?limit=50&desktop=true
2026-01-10 07:13:51,349 [ERROR] 没有获取到热榜数据，退出。
2026-01-10 08:17:48,757 [INFO] 成功写入 10 条热搜到 hotresearch/2026_1_10/2026_1_10_8.txt
2026-01-10 08:17:49,276 [ERROR] 请求失败：403 Client Error: Forbidden for url: https://www.zhihu.com/api/v3/feed/topstory/hot-lists/total?limit=50&desktop=true
2026-01-10 08:17:49,276 [ERROR] 没有获取到热榜数据，退出。
2026-01-10 09:13:40,713 [INFO] 成功写入 10 条热搜到 hotresearch/2026_1_10/2026_1_10_9.txt
2026-01-10 09:13:41,164 [ERROR] 请求失败：401 Client Error: Authorization Required for url: https://www.zhihu.com/api/v3/feed/topstory/hot-lists/total?limit=50&desktop=true
2026-01-10 09:13:41,164 [ERROR] 没有获取到热榜数据，退出。
2026-01-10 10:13:36,381 [INFO] 成功写入 10 条热搜到 hotresearch/2026_1_10/2026_1_10_10.txt
2026-01-10 10:13:36,738 [ERROR] 请求失败：401 Client Error: Authorization Required for url: https://www.zhihu.com/api/v3/feed/topstory/hot-lists/total?limit=50&desktop=true
2026-01-10 10:13:36,738 [ERROR] 没有获取到热榜数据，退出。
