2026-04-05 01:50:15,806 [INFO] 成功写入 10 条热搜到 hotresearch/2026_4_5/2026_4_5_1.txt
2026-04-05 01:50:16,290 [ERROR] 请求失败：403 Client Error: Forbidden for url: https://www.zhihu.com/api/v3/feed/topstory/hot-lists/total?limit=50&desktop=true
2026-04-05 01:50:16,290 [ERROR] 没有获取到热榜数据，退出。
2026-04-05 04:31:32,834 [INFO] 成功写入 10 条热搜到 hotresearch/2026_4_5/2026_4_5_4.txt
2026-04-05 04:31:33,301 [ERROR] 请求失败：401 Client Error: Authorization Required for url: https://www.zhihu.com/api/v3/feed/topstory/hot-lists/total?limit=50&desktop=true
2026-04-05 04:31:33,301 [ERROR] 没有获取到热榜数据，退出。
2026-04-05 06:10:09,352 [INFO] 成功写入 10 条热搜到 hotresearch/2026_4_5/2026_4_5_6.txt
2026-04-05 06:10:09,753 [ERROR] 请求失败：401 Client Error: Authorization Required for url: https://www.zhihu.com/api/v3/feed/topstory/hot-lists/total?limit=50&desktop=true
2026-04-05 06:10:09,754 [ERROR] 没有获取到热榜数据，退出。
2026-04-05 07:51:14,401 [INFO] 成功写入 10 条热搜到 hotresearch/2026_4_5/2026_4_5_7.txt
2026-04-05 07:51:14,833 [ERROR] 请求失败：401 Client Error: Authorization Required for url: https://www.zhihu.com/api/v3/feed/topstory/hot-lists/total?limit=50&desktop=true
2026-04-05 07:51:14,833 [ERROR] 没有获取到热榜数据，退出。
2026-04-05 08:35:10,033 [INFO] 成功写入 10 条热搜到 hotresearch/2026_4_5/2026_4_5_8.txt
2026-04-05 08:35:11,329 [ERROR] 请求失败：403 Client Error: Forbidden for url: https://www.zhihu.com/api/v3/feed/topstory/hot-lists/total?limit=50&desktop=true
2026-04-05 08:35:11,329 [ERROR] 没有获取到热榜数据，退出。
2026-04-05 09:32:03,087 [INFO] 成功写入 10 条热搜到 hotresearch/2026_4_5/2026_4_5_9.txt
2026-04-05 09:32:03,490 [ERROR] 请求失败：401 Client Error: Authorization Required for url: https://www.zhihu.com/api/v3/feed/topstory/hot-lists/total?limit=50&desktop=true
2026-04-05 09:32:03,490 [ERROR] 没有获取到热榜数据，退出。
2026-04-05 10:26:01,509 [INFO] 成功写入 10 条热搜到 hotresearch/2026_4_5/2026_4_5_10.txt
2026-04-05 10:26:02,026 [ERROR] 请求失败：403 Client Error: Forbidden for url: https://www.zhihu.com/api/v3/feed/topstory/hot-lists/total?limit=50&desktop=true
2026-04-05 10:26:02,026 [ERROR] 没有获取到热榜数据，退出。
2026-04-05 11:23:21,056 [INFO] 成功写入 10 条热搜到 hotresearch/2026_4_5/2026_4_5_11.txt
2026-04-05 11:23:21,478 [ERROR] 请求失败：401 Client Error: Authorization Required for url: https://www.zhihu.com/api/v3/feed/topstory/hot-lists/total?limit=50&desktop=true
2026-04-05 11:23:21,478 [ERROR] 没有获取到热榜数据，退出。
2026-04-05 12:40:11,716 [INFO] 成功写入 10 条热搜到 hotresearch/2026_4_5/2026_4_5_12.txt
2026-04-05 12:40:12,070 [ERROR] 请求失败：401 Client Error: Authorization Required for url: https://www.zhihu.com/api/v3/feed/topstory/hot-lists/total?limit=50&desktop=true
2026-04-05 12:40:12,070 [ERROR] 没有获取到热榜数据，退出。
2026-04-05 13:48:50,785 [INFO] 成功写入 10 条热搜到 hotresearch/2026_4_5/2026_4_5_13.txt
2026-04-05 13:48:51,468 [ERROR] 请求失败：401 Client Error: Authorization Required for url: https://www.zhihu.com/api/v3/feed/topstory/hot-lists/total?limit=50&desktop=true
2026-04-05 13:48:51,469 [ERROR] 没有获取到热榜数据，退出。
2026-04-05 14:29:03,605 [INFO] 成功写入 10 条热搜到 hotresearch/2026_4_5/2026_4_5_14.txt
2026-04-05 14:29:03,953 [ERROR] 请求失败：401 Client Error: Authorization Required for url: https://www.zhihu.com/api/v3/feed/topstory/hot-lists/total?limit=50&desktop=true
2026-04-05 14:29:03,953 [ERROR] 没有获取到热榜数据，退出。
2026-04-05 15:24:36,837 [INFO] 成功写入 10 条热搜到 hotresearch/2026_4_5/2026_4_5_15.txt
2026-04-05 15:24:37,298 [ERROR] 请求失败：401 Client Error: Authorization Required for url: https://www.zhihu.com/api/v3/feed/topstory/hot-lists/total?limit=50&desktop=true
2026-04-05 15:24:37,298 [ERROR] 没有获取到热榜数据，退出。
2026-04-05 16:27:58,041 [INFO] 成功写入 10 条热搜到 hotresearch/2026_4_5/2026_4_5_16.txt
2026-04-05 16:27:58,569 [ERROR] 请求失败：403 Client Error: Forbidden for url: https://www.zhihu.com/api/v3/feed/topstory/hot-lists/total?limit=50&desktop=true
2026-04-05 16:27:58,569 [ERROR] 没有获取到热榜数据，退出。
2026-04-05 17:23:32,360 [INFO] 成功写入 10 条热搜到 hotresearch/2026_4_5/2026_4_5_17.txt
2026-04-05 17:23:32,687 [ERROR] 请求失败：401 Client Error: Authorization Required for url: https://www.zhihu.com/api/v3/feed/topstory/hot-lists/total?limit=50&desktop=true
2026-04-05 17:23:32,687 [ERROR] 没有获取到热榜数据，退出。
2026-04-05 18:32:26,094 [INFO] 成功写入 10 条热搜到 hotresearch/2026_4_5/2026_4_5_18.txt
2026-04-05 18:32:26,434 [ERROR] 请求失败：401 Client Error: Authorization Required for url: https://www.zhihu.com/api/v3/feed/topstory/hot-lists/total?limit=50&desktop=true
2026-04-05 18:32:26,434 [ERROR] 没有获取到热榜数据，退出。
2026-04-05 19:28:14,310 [ERROR] 请求失败：403 Client Error: Forbidden for url: https://www.zhihu.com/api/v4/search/top_search
2026-04-05 19:28:14,310 [ERROR] 没有获取到热搜数据，退出。
2026-04-05 19:28:14,838 [ERROR] 请求失败：401 Client Error: Authorization Required for url: https://www.zhihu.com/api/v3/feed/topstory/hot-lists/total?limit=50&desktop=true
2026-04-05 19:28:14,839 [ERROR] 没有获取到热榜数据，退出。
2026-04-05 20:23:45,758 [INFO] 成功写入 10 条热搜到 hotresearch/2026_4_5/2026_4_5_20.txt
2026-04-05 20:23:46,267 [ERROR] 请求失败：401 Client Error: Authorization Required for url: https://www.zhihu.com/api/v3/feed/topstory/hot-lists/total?limit=50&desktop=true
2026-04-05 20:23:46,267 [ERROR] 没有获取到热榜数据，退出。
2026-04-05 21:24:34,578 [INFO] 成功写入 10 条热搜到 hotresearch/2026_4_5/2026_4_5_21.txt
2026-04-05 21:24:34,950 [ERROR] 请求失败：401 Client Error: Authorization Required for url: https://www.zhihu.com/api/v3/feed/topstory/hot-lists/total?limit=50&desktop=true
2026-04-05 21:24:34,950 [ERROR] 没有获取到热榜数据，退出。
