2026-03-06 01:25:41,322 [INFO] 成功写入 10 条热搜到 hotresearch/2026_3_6/2026_3_6_1.txt
2026-03-06 01:25:41,803 [ERROR] 请求失败：401 Client Error: Authorization Required for url: https://www.zhihu.com/api/v3/feed/topstory/hot-lists/total?limit=50&desktop=true
2026-03-06 01:25:41,803 [ERROR] 没有获取到热榜数据，退出。
2026-03-06 04:02:28,002 [INFO] 成功写入 10 条热搜到 hotresearch/2026_3_6/2026_3_6_4.txt
2026-03-06 04:02:28,440 [ERROR] 请求失败：401 Client Error: Authorization Required for url: https://www.zhihu.com/api/v3/feed/topstory/hot-lists/total?limit=50&desktop=true
2026-03-06 04:02:28,440 [ERROR] 没有获取到热榜数据，退出。
2026-03-06 05:39:19,629 [INFO] 成功写入 10 条热搜到 hotresearch/2026_3_6/2026_3_6_5.txt
2026-03-06 05:39:20,095 [ERROR] 请求失败：401 Client Error: Authorization Required for url: https://www.zhihu.com/api/v3/feed/topstory/hot-lists/total?limit=50&desktop=true
2026-03-06 05:39:20,095 [ERROR] 没有获取到热榜数据，退出。
2026-03-06 06:38:00,948 [INFO] 成功写入 10 条热搜到 hotresearch/2026_3_6/2026_3_6_6.txt
2026-03-06 06:38:01,396 [ERROR] 请求失败：401 Client Error: Authorization Required for url: https://www.zhihu.com/api/v3/feed/topstory/hot-lists/total?limit=50&desktop=true
2026-03-06 06:38:01,396 [ERROR] 没有获取到热榜数据，退出。
2026-03-06 07:33:12,384 [INFO] 成功写入 10 条热搜到 hotresearch/2026_3_6/2026_3_6_7.txt
2026-03-06 07:33:12,943 [ERROR] 请求失败：401 Client Error: Authorization Required for url: https://www.zhihu.com/api/v3/feed/topstory/hot-lists/total?limit=50&desktop=true
2026-03-06 07:33:12,944 [ERROR] 没有获取到热榜数据，退出。
2026-03-06 08:28:55,658 [INFO] 成功写入 10 条热搜到 hotresearch/2026_3_6/2026_3_6_8.txt
2026-03-06 08:28:56,186 [ERROR] 请求失败：401 Client Error: Authorization Required for url: https://www.zhihu.com/api/v3/feed/topstory/hot-lists/total?limit=50&desktop=true
2026-03-06 08:28:56,186 [ERROR] 没有获取到热榜数据，退出。
2026-03-06 09:30:30,342 [INFO] 成功写入 10 条热搜到 hotresearch/2026_3_6/2026_3_6_9.txt
2026-03-06 09:30:30,814 [ERROR] 请求失败：401 Client Error: Authorization Required for url: https://www.zhihu.com/api/v3/feed/topstory/hot-lists/total?limit=50&desktop=true
2026-03-06 09:30:30,814 [ERROR] 没有获取到热榜数据，退出。
2026-03-06 10:27:02,188 [INFO] 成功写入 10 条热搜到 hotresearch/2026_3_6/2026_3_6_10.txt
2026-03-06 10:27:02,790 [ERROR] 请求失败：403 Client Error: Forbidden for url: https://www.zhihu.com/api/v3/feed/topstory/hot-lists/total?limit=50&desktop=true
2026-03-06 10:27:02,790 [ERROR] 没有获取到热榜数据，退出。
2026-03-06 11:22:10,625 [INFO] 成功写入 10 条热搜到 hotresearch/2026_3_6/2026_3_6_11.txt
2026-03-06 11:22:11,136 [ERROR] 请求失败：401 Client Error: Authorization Required for url: https://www.zhihu.com/api/v3/feed/topstory/hot-lists/total?limit=50&desktop=true
2026-03-06 11:22:11,136 [ERROR] 没有获取到热榜数据，退出。
2026-03-06 12:37:09,907 [INFO] 成功写入 10 条热搜到 hotresearch/2026_3_6/2026_3_6_12.txt
2026-03-06 12:37:10,426 [ERROR] 请求失败：401 Client Error: Authorization Required for url: https://www.zhihu.com/api/v3/feed/topstory/hot-lists/total?limit=50&desktop=true
2026-03-06 12:37:10,426 [ERROR] 没有获取到热榜数据，退出。
2026-03-06 13:48:58,417 [INFO] 成功写入 10 条热搜到 hotresearch/2026_3_6/2026_3_6_13.txt
2026-03-06 13:48:58,942 [ERROR] 请求失败：403 Client Error: Forbidden for url: https://www.zhihu.com/api/v3/feed/topstory/hot-lists/total?limit=50&desktop=true
2026-03-06 13:48:58,942 [ERROR] 没有获取到热榜数据，退出。
2026-03-06 14:31:35,246 [INFO] 成功写入 10 条热搜到 hotresearch/2026_3_6/2026_3_6_14.txt
2026-03-06 14:31:35,773 [ERROR] 请求失败：401 Client Error: Authorization Required for url: https://www.zhihu.com/api/v3/feed/topstory/hot-lists/total?limit=50&desktop=true
2026-03-06 14:31:35,773 [ERROR] 没有获取到热榜数据，退出。
2026-03-06 15:29:13,155 [INFO] 成功写入 10 条热搜到 hotresearch/2026_3_6/2026_3_6_15.txt
2026-03-06 15:29:13,608 [ERROR] 请求失败：401 Client Error: Authorization Required for url: https://www.zhihu.com/api/v3/feed/topstory/hot-lists/total?limit=50&desktop=true
2026-03-06 15:29:13,608 [ERROR] 没有获取到热榜数据，退出。
2026-03-06 16:30:53,518 [INFO] 成功写入 10 条热搜到 hotresearch/2026_3_6/2026_3_6_16.txt
2026-03-06 16:30:53,978 [ERROR] 请求失败：401 Client Error: Authorization Required for url: https://www.zhihu.com/api/v3/feed/topstory/hot-lists/total?limit=50&desktop=true
2026-03-06 16:30:53,978 [ERROR] 没有获取到热榜数据，退出。
2026-03-06 17:28:30,706 [INFO] 成功写入 10 条热搜到 hotresearch/2026_3_6/2026_3_6_17.txt
2026-03-06 17:28:31,209 [ERROR] 请求失败：401 Client Error: Authorization Required for url: https://www.zhihu.com/api/v3/feed/topstory/hot-lists/total?limit=50&desktop=true
2026-03-06 17:28:31,209 [ERROR] 没有获取到热榜数据，退出。
2026-03-06 18:33:56,739 [INFO] 成功写入 10 条热搜到 hotresearch/2026_3_6/2026_3_6_18.txt
2026-03-06 18:33:57,178 [ERROR] 请求失败：401 Client Error: Authorization Required for url: https://www.zhihu.com/api/v3/feed/topstory/hot-lists/total?limit=50&desktop=true
2026-03-06 18:33:57,178 [ERROR] 没有获取到热榜数据，退出。
2026-03-06 19:28:45,851 [INFO] 成功写入 10 条热搜到 hotresearch/2026_3_6/2026_3_6_19.txt
2026-03-06 19:28:46,386 [ERROR] 请求失败：401 Client Error: Authorization Required for url: https://www.zhihu.com/api/v3/feed/topstory/hot-lists/total?limit=50&desktop=true
2026-03-06 19:28:46,386 [ERROR] 没有获取到热榜数据，退出。
2026-03-06 20:23:25,137 [INFO] 成功写入 10 条热搜到 hotresearch/2026_3_6/2026_3_6_20.txt
2026-03-06 20:23:25,650 [ERROR] 请求失败：401 Client Error: Authorization Required for url: https://www.zhihu.com/api/v3/feed/topstory/hot-lists/total?limit=50&desktop=true
2026-03-06 20:23:25,650 [ERROR] 没有获取到热榜数据，退出。
2026-03-06 21:22:23,965 [WARNING] Retrying (Retry(total=4, connect=None, read=None, redirect=None, status=None)) after connection broken by 'NewConnectionError('<urllib3.connection.HTTPSConnection object at 0x7fb63c543170>: Failed to establish a new connection: [Errno 101] Network is unreachable')': /api/v4/search/top_search
2026-03-06 21:22:35,977 [WARNING] Retrying (Retry(total=3, connect=None, read=None, redirect=None, status=None)) after connection broken by 'NewConnectionError('<urllib3.connection.HTTPSConnection object at 0x7fb63c918740>: Failed to establish a new connection: [Errno 101] Network is unreachable')': /api/v4/search/top_search
2026-03-06 21:22:49,988 [WARNING] Retrying (Retry(total=2, connect=None, read=None, redirect=None, status=None)) after connection broken by 'NewConnectionError('<urllib3.connection.HTTPSConnection object at 0x7fb63c56ef00>: Failed to establish a new connection: [Errno 101] Network is unreachable')': /api/v4/search/top_search
2026-03-06 21:23:08,000 [WARNING] Retrying (Retry(total=1, connect=None, read=None, redirect=None, status=None)) after connection broken by 'NewConnectionError('<urllib3.connection.HTTPSConnection object at 0x7fb63c56f050>: Failed to establish a new connection: [Errno 101] Network is unreachable')': /api/v4/search/top_search
2026-03-06 21:23:34,012 [WARNING] Retrying (Retry(total=0, connect=None, read=None, redirect=None, status=None)) after connection broken by 'NewConnectionError('<urllib3.connection.HTTPSConnection object at 0x7fb63c56f1a0>: Failed to establish a new connection: [Errno 101] Network is unreachable')': /api/v4/search/top_search
2026-03-06 21:23:44,194 [ERROR] 请求失败：HTTPSConnectionPool(host='www.zhihu.com', port=443): Max retries exceeded with url: /api/v4/search/top_search (Caused by NewConnectionError('<urllib3.connection.HTTPSConnection object at 0x7fb63c56f2f0>: Failed to establish a new connection: [Errno 101] Network is unreachable'))
2026-03-06 21:23:44,194 [ERROR] 没有获取到热搜数据，退出。
2026-03-06 21:23:54,314 [WARNING] Retrying (Retry(total=4, connect=None, read=None, redirect=None, status=None)) after connection broken by 'NewConnectionError('<urllib3.connection.HTTPSConnection object at 0x7f51b19e67b0>: Failed to establish a new connection: [Errno 101] Network is unreachable')': /api/v3/feed/topstory/hot-lists/total?limit=50&desktop=true
2026-03-06 21:24:06,326 [WARNING] Retrying (Retry(total=3, connect=None, read=None, redirect=None, status=None)) after connection broken by 'NewConnectionError('<urllib3.connection.HTTPSConnection object at 0x7f51b19e68a0>: Failed to establish a new connection: [Errno 101] Network is unreachable')': /api/v3/feed/topstory/hot-lists/total?limit=50&desktop=true
2026-03-06 21:24:20,337 [WARNING] Retrying (Retry(total=2, connect=None, read=None, redirect=None, status=None)) after connection broken by 'NewConnectionError('<urllib3.connection.HTTPSConnection object at 0x7f51b19e7260>: Failed to establish a new connection: [Errno 101] Network is unreachable')': /api/v3/feed/topstory/hot-lists/total?limit=50&desktop=true
2026-03-06 21:24:38,349 [WARNING] Retrying (Retry(total=1, connect=None, read=None, redirect=None, status=None)) after connection broken by 'NewConnectionError('<urllib3.connection.HTTPSConnection object at 0x7f51b19e73b0>: Failed to establish a new connection: [Errno 101] Network is unreachable')': /api/v3/feed/topstory/hot-lists/total?limit=50&desktop=true
2026-03-06 21:25:04,400 [WARNING] Retrying (Retry(total=0, connect=None, read=None, redirect=None, status=None)) after connection broken by 'NewConnectionError('<urllib3.connection.HTTPSConnection object at 0x7f51b19e7500>: Failed to establish a new connection: [Errno 101] Network is unreachable')': /api/v3/feed/topstory/hot-lists/total?limit=50&desktop=true
2026-03-06 21:25:14,412 [ERROR] 请求失败：HTTPSConnectionPool(host='www.zhihu.com', port=443): Max retries exceeded with url: /api/v3/feed/topstory/hot-lists/total?limit=50&desktop=true (Caused by NewConnectionError('<urllib3.connection.HTTPSConnection object at 0x7f51b19e7650>: Failed to establish a new connection: [Errno 101] Network is unreachable'))
2026-03-06 21:25:14,412 [ERROR] 没有获取到热榜数据，退出。
2026-03-06 22:19:53,367 [INFO] 成功写入 10 条热搜到 hotresearch/2026_3_6/2026_3_6_22.txt
2026-03-06 22:19:53,934 [ERROR] 请求失败：401 Client Error: Authorization Required for url: https://www.zhihu.com/api/v3/feed/topstory/hot-lists/total?limit=50&desktop=true
2026-03-06 22:19:53,934 [ERROR] 没有获取到热榜数据，退出。
