2026-01-09 01:10:09,463 [ERROR] 请求失败：403 Client Error: Forbidden for url: https://www.zhihu.com/api/v4/search/top_search
2026-01-09 01:10:09,463 [ERROR] 没有获取到热搜数据，退出。
2026-01-09 01:10:09,807 [ERROR] 请求失败：401 Client Error: Authorization Required for url: https://www.zhihu.com/api/v3/feed/topstory/hot-lists/total?limit=50&desktop=true
2026-01-09 01:10:09,808 [ERROR] 没有获取到热榜数据，退出。
2026-01-09 03:24:39,173 [INFO] 成功写入 10 条热搜到 hotresearch/2026_1_9/2026_1_9_3.txt
2026-01-09 03:24:39,521 [ERROR] 请求失败：401 Client Error: Authorization Required for url: https://www.zhihu.com/api/v3/feed/topstory/hot-lists/total?limit=50&desktop=true
2026-01-09 03:24:39,522 [ERROR] 没有获取到热榜数据，退出。
2026-01-09 04:34:01,585 [INFO] 成功写入 10 条热搜到 hotresearch/2026_1_9/2026_1_9_4.txt
2026-01-09 04:34:02,117 [ERROR] 请求失败：401 Client Error: Authorization Required for url: https://www.zhihu.com/api/v3/feed/topstory/hot-lists/total?limit=50&desktop=true
2026-01-09 04:34:02,117 [ERROR] 没有获取到热榜数据，退出。
2026-01-09 05:19:10,896 [INFO] 成功写入 10 条热搜到 hotresearch/2026_1_9/2026_1_9_5.txt
2026-01-09 05:19:11,356 [ERROR] 请求失败：401 Client Error: Authorization Required for url: https://www.zhihu.com/api/v3/feed/topstory/hot-lists/total?limit=50&desktop=true
2026-01-09 05:19:11,356 [ERROR] 没有获取到热榜数据，退出。
2026-01-09 06:22:58,771 [INFO] 成功写入 10 条热搜到 hotresearch/2026_1_9/2026_1_9_6.txt
2026-01-09 06:22:59,130 [ERROR] 请求失败：401 Client Error: Authorization Required for url: https://www.zhihu.com/api/v3/feed/topstory/hot-lists/total?limit=50&desktop=true
2026-01-09 06:22:59,130 [ERROR] 没有获取到热榜数据，退出。
2026-01-09 07:20:03,152 [INFO] 成功写入 10 条热搜到 hotresearch/2026_1_9/2026_1_9_7.txt
2026-01-09 07:20:03,592 [ERROR] 请求失败：401 Client Error: Authorization Required for url: https://www.zhihu.com/api/v3/feed/topstory/hot-lists/total?limit=50&desktop=true
2026-01-09 07:20:03,592 [ERROR] 没有获取到热榜数据，退出。
2026-01-09 08:20:47,746 [INFO] 成功写入 10 条热搜到 hotresearch/2026_1_9/2026_1_9_8.txt
2026-01-09 08:20:48,114 [ERROR] 请求失败：401 Client Error: Authorization Required for url: https://www.zhihu.com/api/v3/feed/topstory/hot-lists/total?limit=50&desktop=true
2026-01-09 08:20:48,115 [ERROR] 没有获取到热榜数据，退出。
2026-01-09 09:21:03,787 [INFO] 成功写入 10 条热搜到 hotresearch/2026_1_9/2026_1_9_9.txt
2026-01-09 09:21:04,135 [ERROR] 请求失败：401 Client Error: Authorization Required for url: https://www.zhihu.com/api/v3/feed/topstory/hot-lists/total?limit=50&desktop=true
2026-01-09 09:21:04,135 [ERROR] 没有获取到热榜数据，退出。
2026-01-09 10:15:52,930 [INFO] 成功写入 10 条热搜到 hotresearch/2026_1_9/2026_1_9_10.txt
2026-01-09 10:15:53,410 [ERROR] 请求失败：401 Client Error: Authorization Required for url: https://www.zhihu.com/api/v3/feed/topstory/hot-lists/total?limit=50&desktop=true
2026-01-09 10:15:53,410 [ERROR] 没有获取到热榜数据，退出。
