2026-05-04 02:07:49,826 [INFO] 成功写入 10 条热搜到 hotresearch/2026_5_4/2026_5_4_2.txt
2026-05-04 02:07:50,193 [ERROR] 请求失败：403 Client Error: Forbidden for url: https://www.zhihu.com/api/v3/feed/topstory/hot-lists/total?limit=50&desktop=true
2026-05-04 02:07:50,194 [ERROR] 没有获取到热榜数据，退出。
2026-05-04 05:56:10,308 [INFO] 成功写入 10 条热搜到 hotresearch/2026_5_4/2026_5_4_5.txt
2026-05-04 05:56:10,688 [ERROR] 请求失败：401 Client Error: Authorization Required for url: https://www.zhihu.com/api/v3/feed/topstory/hot-lists/total?limit=50&desktop=true
2026-05-04 05:56:10,688 [ERROR] 没有获取到热榜数据，退出。
2026-05-04 08:23:40,554 [INFO] 成功写入 10 条热搜到 hotresearch/2026_5_4/2026_5_4_8.txt
2026-05-04 08:23:40,976 [ERROR] 请求失败：401 Client Error: Authorization Required for url: https://www.zhihu.com/api/v3/feed/topstory/hot-lists/total?limit=50&desktop=true
2026-05-04 08:23:40,977 [ERROR] 没有获取到热榜数据，退出。
2026-05-04 10:58:30,343 [INFO] 成功写入 10 条热搜到 hotresearch/2026_5_4/2026_5_4_10.txt
2026-05-04 10:58:31,316 [ERROR] 请求失败：403 Client Error: Forbidden for url: https://www.zhihu.com/api/v3/feed/topstory/hot-lists/total?limit=50&desktop=true
2026-05-04 10:58:31,316 [ERROR] 没有获取到热榜数据，退出。
2026-05-04 12:20:17,913 [INFO] 成功写入 10 条热搜到 hotresearch/2026_5_4/2026_5_4_12.txt
2026-05-04 12:20:18,303 [ERROR] 请求失败：401 Client Error: Authorization Required for url: https://www.zhihu.com/api/v3/feed/topstory/hot-lists/total?limit=50&desktop=true
2026-05-04 12:20:18,303 [ERROR] 没有获取到热榜数据，退出。
2026-05-04 15:05:20,108 [INFO] 成功写入 10 条热搜到 hotresearch/2026_5_4/2026_5_4_15.txt
2026-05-04 15:05:20,586 [ERROR] 请求失败：403 Client Error: Forbidden for url: https://www.zhihu.com/api/v3/feed/topstory/hot-lists/total?limit=50&desktop=true
2026-05-04 15:05:20,586 [ERROR] 没有获取到热榜数据，退出。
2026-05-04 17:23:43,196 [INFO] 成功写入 10 条热搜到 hotresearch/2026_5_4/2026_5_4_17.txt
2026-05-04 17:23:43,768 [ERROR] 请求失败：403 Client Error: Forbidden for url: https://www.zhihu.com/api/v3/feed/topstory/hot-lists/total?limit=50&desktop=true
2026-05-04 17:23:43,768 [ERROR] 没有获取到热榜数据，退出。
2026-05-04 19:17:35,241 [INFO] 成功写入 10 条热搜到 hotresearch/2026_5_4/2026_5_4_19.txt
2026-05-04 19:17:35,729 [ERROR] 请求失败：401 Client Error: Authorization Required for url: https://www.zhihu.com/api/v3/feed/topstory/hot-lists/total?limit=50&desktop=true
2026-05-04 19:17:35,730 [ERROR] 没有获取到热榜数据，退出。
2026-05-04 21:00:08,941 [INFO] 成功写入 10 条热搜到 hotresearch/2026_5_4/2026_5_4_21.txt
2026-05-04 21:00:09,417 [ERROR] 请求失败：401 Client Error: Authorization Required for url: https://www.zhihu.com/api/v3/feed/topstory/hot-lists/total?limit=50&desktop=true
2026-05-04 21:00:09,417 [ERROR] 没有获取到热榜数据，退出。
2026-05-04 22:07:53,596 [WARNING] Retrying (Retry(total=4, connect=None, read=None, redirect=None, status=None)) after connection broken by 'NewConnectionError('<urllib3.connection.HTTPSConnection object at 0x7f2e834dec00>: Failed to establish a new connection: [Errno 101] Network is unreachable')': /api/v4/search/top_search
2026-05-04 22:07:54,077 [INFO] 成功写入 10 条热搜到 hotresearch/2026_5_4/2026_5_4_22.txt
2026-05-04 22:08:04,200 [WARNING] Retrying (Retry(total=4, connect=None, read=None, redirect=None, status=None)) after connection broken by 'NewConnectionError('<urllib3.connection.HTTPSConnection object at 0x7f76e836f140>: Failed to establish a new connection: [Errno 101] Network is unreachable')': /api/v3/feed/topstory/hot-lists/total?limit=50&desktop=true
2026-05-04 22:08:16,211 [WARNING] Retrying (Retry(total=3, connect=None, read=None, redirect=None, status=None)) after connection broken by 'NewConnectionError('<urllib3.connection.HTTPSConnection object at 0x7f76e8728740>: Failed to establish a new connection: [Errno 101] Network is unreachable')': /api/v3/feed/topstory/hot-lists/total?limit=50&desktop=true
2026-05-04 22:08:16,671 [ERROR] 请求失败：403 Client Error: Forbidden for url: https://www.zhihu.com/api/v3/feed/topstory/hot-lists/total?limit=50&desktop=true
2026-05-04 22:08:16,671 [ERROR] 没有获取到热榜数据，退出。
