2026-03-09 01:24:12,082 [INFO] 成功写入 10 条热搜到 hotresearch/2026_3_9/2026_3_9_1.txt
2026-03-09 01:24:12,603 [ERROR] 请求失败：401 Client Error: Authorization Required for url: https://www.zhihu.com/api/v3/feed/topstory/hot-lists/total?limit=50&desktop=true
2026-03-09 01:24:12,603 [ERROR] 没有获取到热榜数据，退出。
2026-03-09 04:09:33,481 [INFO] 成功写入 10 条热搜到 hotresearch/2026_3_9/2026_3_9_4.txt
2026-03-09 04:09:34,049 [ERROR] 请求失败：401 Client Error: Authorization Required for url: https://www.zhihu.com/api/v3/feed/topstory/hot-lists/total?limit=50&desktop=true
2026-03-09 04:09:34,049 [ERROR] 没有获取到热榜数据，退出。
2026-03-09 05:52:09,683 [INFO] 成功写入 10 条热搜到 hotresearch/2026_3_9/2026_3_9_5.txt
2026-03-09 05:52:10,244 [ERROR] 请求失败：403 Client Error: Forbidden for url: https://www.zhihu.com/api/v3/feed/topstory/hot-lists/total?limit=50&desktop=true
2026-03-09 05:52:10,244 [ERROR] 没有获取到热榜数据，退出。
2026-03-09 06:52:39,086 [INFO] 成功写入 10 条热搜到 hotresearch/2026_3_9/2026_3_9_6.txt
2026-03-09 06:52:39,562 [ERROR] 请求失败：401 Client Error: Authorization Required for url: https://www.zhihu.com/api/v3/feed/topstory/hot-lists/total?limit=50&desktop=true
2026-03-09 06:52:39,562 [ERROR] 没有获取到热榜数据，退出。
2026-03-09 07:44:58,699 [INFO] 成功写入 10 条热搜到 hotresearch/2026_3_9/2026_3_9_7.txt
2026-03-09 07:44:59,232 [ERROR] 请求失败：401 Client Error: Authorization Required for url: https://www.zhihu.com/api/v3/feed/topstory/hot-lists/total?limit=50&desktop=true
2026-03-09 07:44:59,233 [ERROR] 没有获取到热榜数据，退出。
2026-03-09 08:35:36,755 [INFO] 成功写入 10 条热搜到 hotresearch/2026_3_9/2026_3_9_8.txt
2026-03-09 08:35:37,315 [ERROR] 请求失败：403 Client Error: Forbidden for url: https://www.zhihu.com/api/v3/feed/topstory/hot-lists/total?limit=50&desktop=true
2026-03-09 08:35:37,315 [ERROR] 没有获取到热榜数据，退出。
2026-03-09 09:40:34,341 [ERROR] 请求失败：403 Client Error: Forbidden for url: https://www.zhihu.com/api/v4/search/top_search
2026-03-09 09:40:34,341 [ERROR] 没有获取到热搜数据，退出。
2026-03-09 09:40:34,908 [ERROR] 请求失败：401 Client Error: Authorization Required for url: https://www.zhihu.com/api/v3/feed/topstory/hot-lists/total?limit=50&desktop=true
2026-03-09 09:40:34,908 [ERROR] 没有获取到热榜数据，退出。
2026-03-09 10:37:52,054 [INFO] 成功写入 10 条热搜到 hotresearch/2026_3_9/2026_3_9_10.txt
2026-03-09 10:37:52,535 [ERROR] 请求失败：403 Client Error: Forbidden for url: https://www.zhihu.com/api/v3/feed/topstory/hot-lists/total?limit=50&desktop=true
2026-03-09 10:37:52,535 [ERROR] 没有获取到热榜数据，退出。
2026-03-09 11:29:40,409 [INFO] 成功写入 10 条热搜到 hotresearch/2026_3_9/2026_3_9_11.txt
2026-03-09 11:29:40,979 [ERROR] 请求失败：403 Client Error: Forbidden for url: https://www.zhihu.com/api/v3/feed/topstory/hot-lists/total?limit=50&desktop=true
2026-03-09 11:29:40,979 [ERROR] 没有获取到热榜数据，退出。
2026-03-09 12:42:35,097 [INFO] 成功写入 10 条热搜到 hotresearch/2026_3_9/2026_3_9_12.txt
2026-03-09 12:42:35,590 [ERROR] 请求失败：401 Client Error: Authorization Required for url: https://www.zhihu.com/api/v3/feed/topstory/hot-lists/total?limit=50&desktop=true
2026-03-09 12:42:35,590 [ERROR] 没有获取到热榜数据，退出。
2026-03-09 14:00:09,416 [INFO] 成功写入 10 条热搜到 hotresearch/2026_3_9/2026_3_9_14.txt
2026-03-09 14:00:09,893 [ERROR] 请求失败：401 Client Error: Authorization Required for url: https://www.zhihu.com/api/v3/feed/topstory/hot-lists/total?limit=50&desktop=true
2026-03-09 14:00:09,894 [ERROR] 没有获取到热榜数据，退出。
2026-03-09 14:57:51,543 [INFO] 成功写入 10 条热搜到 hotresearch/2026_3_9/2026_3_9_14.txt
2026-03-09 14:57:52,113 [ERROR] 请求失败：401 Client Error: Authorization Required for url: https://www.zhihu.com/api/v3/feed/topstory/hot-lists/total?limit=50&desktop=true
2026-03-09 14:57:52,113 [ERROR] 没有获取到热榜数据，退出。
2026-03-09 15:57:47,983 [INFO] 成功写入 10 条热搜到 hotresearch/2026_3_9/2026_3_9_15.txt
2026-03-09 15:57:48,551 [ERROR] 请求失败：403 Client Error: Forbidden for url: https://www.zhihu.com/api/v3/feed/topstory/hot-lists/total?limit=50&desktop=true
2026-03-09 15:57:48,551 [ERROR] 没有获取到热榜数据，退出。
2026-03-09 16:56:08,371 [INFO] 成功写入 10 条热搜到 hotresearch/2026_3_9/2026_3_9_16.txt
2026-03-09 16:56:08,914 [ERROR] 请求失败：401 Client Error: Authorization Required for url: https://www.zhihu.com/api/v3/feed/topstory/hot-lists/total?limit=50&desktop=true
2026-03-09 16:56:08,915 [ERROR] 没有获取到热榜数据，退出。
2026-03-09 17:42:45,815 [INFO] 成功写入 10 条热搜到 hotresearch/2026_3_9/2026_3_9_17.txt
2026-03-09 17:42:46,384 [ERROR] 请求失败：401 Client Error: Authorization Required for url: https://www.zhihu.com/api/v3/feed/topstory/hot-lists/total?limit=50&desktop=true
2026-03-09 17:42:46,384 [ERROR] 没有获取到热榜数据，退出。
2026-03-09 18:40:58,688 [INFO] 成功写入 10 条热搜到 hotresearch/2026_3_9/2026_3_9_18.txt
2026-03-09 18:40:59,228 [ERROR] 请求失败：401 Client Error: Authorization Required for url: https://www.zhihu.com/api/v3/feed/topstory/hot-lists/total?limit=50&desktop=true
2026-03-09 18:40:59,228 [ERROR] 没有获取到热榜数据，退出。
