2026-07-04 02:09:30,476 [INFO] 成功写入 10 条热搜到 hotresearch/2026_7_4/2026_7_4_2.txt
2026-07-04 02:09:30,955 [ERROR] 请求失败：403 Client Error: Forbidden for url: https://www.zhihu.com/api/v3/feed/topstory/hot-lists/total?limit=50&desktop=true
2026-07-04 02:09:30,955 [ERROR] 没有获取到热榜数据，退出。
2026-07-04 06:12:25,158 [INFO] 成功写入 10 条热搜到 hotresearch/2026_7_4/2026_7_4_6.txt
2026-07-04 06:12:25,580 [ERROR] 请求失败：403 Client Error: Forbidden for url: https://www.zhihu.com/api/v3/feed/topstory/hot-lists/total?limit=50&desktop=true
2026-07-04 06:12:25,580 [ERROR] 没有获取到热榜数据，退出。
2026-07-04 09:15:13,033 [INFO] 成功写入 10 条热搜到 hotresearch/2026_7_4/2026_7_4_9.txt
2026-07-04 09:15:13,528 [ERROR] 请求失败：403 Client Error: Forbidden for url: https://www.zhihu.com/api/v3/feed/topstory/hot-lists/total?limit=50&desktop=true
2026-07-04 09:15:13,528 [ERROR] 没有获取到热榜数据，退出。
2026-07-04 11:19:23,500 [INFO] 成功写入 10 条热搜到 hotresearch/2026_7_4/2026_7_4_11.txt
2026-07-04 11:19:23,981 [ERROR] 请求失败：403 Client Error: Forbidden for url: https://www.zhihu.com/api/v3/feed/topstory/hot-lists/total?limit=50&desktop=true
2026-07-04 11:19:23,981 [ERROR] 没有获取到热榜数据，退出。
2026-07-04 13:05:51,602 [ERROR] 请求失败：403 Client Error: Forbidden for url: https://www.zhihu.com/api/v4/search/top_search
2026-07-04 13:05:51,602 [ERROR] 没有获取到热搜数据，退出。
2026-07-04 13:05:51,953 [ERROR] 请求失败：401 Client Error: Authorization Required for url: https://www.zhihu.com/api/v3/feed/topstory/hot-lists/total?limit=50&desktop=true
2026-07-04 13:05:51,953 [ERROR] 没有获取到热榜数据，退出。
2026-07-04 14:59:03,833 [INFO] 成功写入 10 条热搜到 hotresearch/2026_7_4/2026_7_4_14.txt
2026-07-04 14:59:04,195 [ERROR] 请求失败：401 Client Error: Authorization Required for url: https://www.zhihu.com/api/v3/feed/topstory/hot-lists/total?limit=50&desktop=true
2026-07-04 14:59:04,195 [ERROR] 没有获取到热榜数据，退出。
2026-07-04 16:05:11,508 [INFO] 成功写入 10 条热搜到 hotresearch/2026_7_4/2026_7_4_16.txt
2026-07-04 16:05:11,944 [ERROR] 请求失败：401 Client Error: Authorization Required for url: https://www.zhihu.com/api/v3/feed/topstory/hot-lists/total?limit=50&desktop=true
2026-07-04 16:05:11,944 [ERROR] 没有获取到热榜数据，退出。
2026-07-04 17:57:45,883 [INFO] 成功写入 10 条热搜到 hotresearch/2026_7_4/2026_7_4_17.txt
2026-07-04 17:57:46,276 [ERROR] 请求失败：401 Client Error: Authorization Required for url: https://www.zhihu.com/api/v3/feed/topstory/hot-lists/total?limit=50&desktop=true
2026-07-04 17:57:46,276 [ERROR] 没有获取到热榜数据，退出。
2026-07-04 19:12:32,605 [INFO] 成功写入 10 条热搜到 hotresearch/2026_7_4/2026_7_4_19.txt
2026-07-04 19:12:32,974 [ERROR] 请求失败：401 Client Error: Authorization Required for url: https://www.zhihu.com/api/v3/feed/topstory/hot-lists/total?limit=50&desktop=true
2026-07-04 19:12:32,974 [ERROR] 没有获取到热榜数据，退出。
2026-07-04 20:45:31,320 [INFO] 成功写入 10 条热搜到 hotresearch/2026_7_4/2026_7_4_20.txt
2026-07-04 20:45:31,676 [ERROR] 请求失败：401 Client Error: Authorization Required for url: https://www.zhihu.com/api/v3/feed/topstory/hot-lists/total?limit=50&desktop=true
2026-07-04 20:45:31,676 [ERROR] 没有获取到热榜数据，退出。
2026-07-04 21:51:06,388 [INFO] 成功写入 10 条热搜到 hotresearch/2026_7_4/2026_7_4_21.txt
2026-07-04 21:51:06,786 [ERROR] 请求失败：401 Client Error: Authorization Required for url: https://www.zhihu.com/api/v3/feed/topstory/hot-lists/total?limit=50&desktop=true
2026-07-04 21:51:06,787 [ERROR] 没有获取到热榜数据，退出。
2026-07-04 22:50:35,468 [INFO] 成功写入 10 条热搜到 hotresearch/2026_7_4/2026_7_4_22.txt
2026-07-04 22:50:35,870 [ERROR] 请求失败：401 Client Error: Authorization Required for url: https://www.zhihu.com/api/v3/feed/topstory/hot-lists/total?limit=50&desktop=true
2026-07-04 22:50:35,871 [ERROR] 没有获取到热榜数据，退出。
