2026-01-08 01:09:30,747 [INFO] 成功写入 10 条热搜到 hotresearch/2026_1_8/2026_1_8_1.txt
2026-01-08 01:09:31,240 [ERROR] 请求失败：401 Client Error: Authorization Required for url: https://www.zhihu.com/api/v3/feed/topstory/hot-lists/total?limit=50&desktop=true
2026-01-08 01:09:31,240 [ERROR] 没有获取到热榜数据，退出。
2026-01-08 03:23:50,183 [INFO] 成功写入 10 条热搜到 hotresearch/2026_1_8/2026_1_8_3.txt
2026-01-08 03:23:50,665 [ERROR] 请求失败：401 Client Error: Authorization Required for url: https://www.zhihu.com/api/v3/feed/topstory/hot-lists/total?limit=50&desktop=true
2026-01-08 03:23:50,665 [ERROR] 没有获取到热榜数据，退出。
2026-01-08 04:33:15,116 [INFO] 成功写入 10 条热搜到 hotresearch/2026_1_8/2026_1_8_4.txt
2026-01-08 04:33:15,632 [ERROR] 请求失败：403 Client Error: Forbidden for url: https://www.zhihu.com/api/v3/feed/topstory/hot-lists/total?limit=50&desktop=true
2026-01-08 04:33:15,632 [ERROR] 没有获取到热榜数据，退出。
2026-01-08 05:18:53,137 [ERROR] 请求失败：403 Client Error: Forbidden for url: https://www.zhihu.com/api/v4/search/top_search
2026-01-08 05:18:53,137 [ERROR] 没有获取到热搜数据，退出。
2026-01-08 05:18:53,581 [ERROR] 请求失败：401 Client Error: Authorization Required for url: https://www.zhihu.com/api/v3/feed/topstory/hot-lists/total?limit=50&desktop=true
2026-01-08 05:18:53,581 [ERROR] 没有获取到热榜数据，退出。
2026-01-08 06:23:51,547 [INFO] 成功写入 10 条热搜到 hotresearch/2026_1_8/2026_1_8_6.txt
2026-01-08 06:23:52,093 [ERROR] 请求失败：401 Client Error: Authorization Required for url: https://www.zhihu.com/api/v3/feed/topstory/hot-lists/total?limit=50&desktop=true
2026-01-08 06:23:52,093 [ERROR] 没有获取到热榜数据，退出。
2026-01-08 07:19:25,176 [INFO] 成功写入 10 条热搜到 hotresearch/2026_1_8/2026_1_8_7.txt
2026-01-08 07:19:25,638 [ERROR] 请求失败：401 Client Error: Authorization Required for url: https://www.zhihu.com/api/v3/feed/topstory/hot-lists/total?limit=50&desktop=true
2026-01-08 07:19:25,638 [ERROR] 没有获取到热榜数据，退出。
2026-01-08 08:21:05,858 [INFO] 成功写入 10 条热搜到 hotresearch/2026_1_8/2026_1_8_8.txt
2026-01-08 08:21:06,345 [ERROR] 请求失败：401 Client Error: Authorization Required for url: https://www.zhihu.com/api/v3/feed/topstory/hot-lists/total?limit=50&desktop=true
2026-01-08 08:21:06,345 [ERROR] 没有获取到热榜数据，退出。
2026-01-08 09:21:46,579 [INFO] 成功写入 10 条热搜到 hotresearch/2026_1_8/2026_1_8_9.txt
2026-01-08 09:21:47,022 [ERROR] 请求失败：401 Client Error: Authorization Required for url: https://www.zhihu.com/api/v3/feed/topstory/hot-lists/total?limit=50&desktop=true
2026-01-08 09:21:47,022 [ERROR] 没有获取到热榜数据，退出。
2026-01-08 10:17:21,090 [INFO] 成功写入 10 条热搜到 hotresearch/2026_1_8/2026_1_8_10.txt
2026-01-08 10:17:21,565 [ERROR] 请求失败：401 Client Error: Authorization Required for url: https://www.zhihu.com/api/v3/feed/topstory/hot-lists/total?limit=50&desktop=true
2026-01-08 10:17:21,565 [ERROR] 没有获取到热榜数据，退出。
2026-01-08 11:14:32,433 [INFO] 成功写入 10 条热搜到 hotresearch/2026_1_8/2026_1_8_11.txt
2026-01-08 11:14:32,817 [ERROR] 请求失败：401 Client Error: Authorization Required for url: https://www.zhihu.com/api/v3/feed/topstory/hot-lists/total?limit=50&desktop=true
2026-01-08 11:14:32,817 [ERROR] 没有获取到热榜数据，退出。
2026-01-08 12:31:07,988 [INFO] 成功写入 10 条热搜到 hotresearch/2026_1_8/2026_1_8_12.txt
2026-01-08 12:31:08,512 [ERROR] 请求失败：401 Client Error: Authorization Required for url: https://www.zhihu.com/api/v3/feed/topstory/hot-lists/total?limit=50&desktop=true
2026-01-08 12:31:08,512 [ERROR] 没有获取到热榜数据，退出。
2026-01-08 13:35:37,725 [INFO] 成功写入 10 条热搜到 hotresearch/2026_1_8/2026_1_8_13.txt
2026-01-08 13:35:38,246 [ERROR] 请求失败：403 Client Error: Forbidden for url: https://www.zhihu.com/api/v3/feed/topstory/hot-lists/total?limit=50&desktop=true
2026-01-08 13:35:38,246 [ERROR] 没有获取到热榜数据，退出。
2026-01-08 14:18:50,012 [INFO] 成功写入 10 条热搜到 hotresearch/2026_1_8/2026_1_8_14.txt
2026-01-08 14:18:50,366 [ERROR] 请求失败：401 Client Error: Authorization Required for url: https://www.zhihu.com/api/v3/feed/topstory/hot-lists/total?limit=50&desktop=true
2026-01-08 14:18:50,366 [ERROR] 没有获取到热榜数据，退出。
2026-01-08 15:18:05,826 [INFO] 成功写入 10 条热搜到 hotresearch/2026_1_8/2026_1_8_15.txt
2026-01-08 15:18:06,187 [ERROR] 请求失败：401 Client Error: Authorization Required for url: https://www.zhihu.com/api/v3/feed/topstory/hot-lists/total?limit=50&desktop=true
2026-01-08 15:18:06,187 [ERROR] 没有获取到热榜数据，退出。
2026-01-08 16:20:24,417 [INFO] 成功写入 10 条热搜到 hotresearch/2026_1_8/2026_1_8_16.txt
2026-01-08 16:20:24,857 [ERROR] 请求失败：401 Client Error: Authorization Required for url: https://www.zhihu.com/api/v3/feed/topstory/hot-lists/total?limit=50&desktop=true
2026-01-08 16:20:24,857 [ERROR] 没有获取到热榜数据，退出。
2026-01-08 17:21:11,620 [INFO] 成功写入 10 条热搜到 hotresearch/2026_1_8/2026_1_8_17.txt
2026-01-08 17:21:12,162 [ERROR] 请求失败：401 Client Error: Authorization Required for url: https://www.zhihu.com/api/v3/feed/topstory/hot-lists/total?limit=50&desktop=true
2026-01-08 17:21:12,162 [ERROR] 没有获取到热榜数据，退出。
2026-01-08 18:18:57,955 [INFO] 成功写入 10 条热搜到 hotresearch/2026_1_8/2026_1_8_18.txt
2026-01-08 18:18:58,390 [ERROR] 请求失败：401 Client Error: Authorization Required for url: https://www.zhihu.com/api/v3/feed/topstory/hot-lists/total?limit=50&desktop=true
2026-01-08 18:18:58,390 [ERROR] 没有获取到热榜数据，退出。
2026-01-08 19:14:23,305 [INFO] 成功写入 10 条热搜到 hotresearch/2026_1_8/2026_1_8_19.txt
2026-01-08 19:14:23,765 [ERROR] 请求失败：401 Client Error: Authorization Required for url: https://www.zhihu.com/api/v3/feed/topstory/hot-lists/total?limit=50&desktop=true
2026-01-08 19:14:23,765 [ERROR] 没有获取到热榜数据，退出。
2026-01-08 20:17:11,517 [INFO] 成功写入 10 条热搜到 hotresearch/2026_1_8/2026_1_8_20.txt
2026-01-08 20:17:11,860 [ERROR] 请求失败：401 Client Error: Authorization Required for url: https://www.zhihu.com/api/v3/feed/topstory/hot-lists/total?limit=50&desktop=true
2026-01-08 20:17:11,860 [ERROR] 没有获取到热榜数据，退出。
2026-01-08 21:14:19,045 [INFO] 成功写入 10 条热搜到 hotresearch/2026_1_8/2026_1_8_21.txt
2026-01-08 21:14:19,422 [ERROR] 请求失败：401 Client Error: Authorization Required for url: https://www.zhihu.com/api/v3/feed/topstory/hot-lists/total?limit=50&desktop=true
2026-01-08 21:14:19,422 [ERROR] 没有获取到热榜数据，退出。
2026-01-08 22:14:53,037 [INFO] 成功写入 10 条热搜到 hotresearch/2026_1_8/2026_1_8_22.txt
2026-01-08 22:14:53,501 [ERROR] 请求失败：401 Client Error: Authorization Required for url: https://www.zhihu.com/api/v3/feed/topstory/hot-lists/total?limit=50&desktop=true
2026-01-08 22:14:53,501 [ERROR] 没有获取到热榜数据，退出。
