2026-02-01 01:44:26,841 [INFO] 成功写入 10 条热搜到 hotresearch/2026_2_1/2026_2_1_1.txt
2026-02-01 01:44:27,309 [ERROR] 请求失败：401 Client Error: Authorization Required for url: https://www.zhihu.com/api/v3/feed/topstory/hot-lists/total?limit=50&desktop=true
2026-02-01 01:44:27,309 [ERROR] 没有获取到热榜数据，退出。
2026-02-01 04:23:56,177 [INFO] 成功写入 10 条热搜到 hotresearch/2026_2_1/2026_2_1_4.txt
2026-02-01 04:23:56,696 [ERROR] 请求失败：401 Client Error: Authorization Required for url: https://www.zhihu.com/api/v3/feed/topstory/hot-lists/total?limit=50&desktop=true
2026-02-01 04:23:56,696 [ERROR] 没有获取到热榜数据，退出。
2026-02-01 05:55:37,639 [INFO] 成功写入 10 条热搜到 hotresearch/2026_2_1/2026_2_1_5.txt
2026-02-01 05:55:37,988 [ERROR] 请求失败：401 Client Error: Authorization Required for url: https://www.zhihu.com/api/v3/feed/topstory/hot-lists/total?limit=50&desktop=true
2026-02-01 05:55:37,988 [ERROR] 没有获取到热榜数据，退出。
2026-02-01 06:40:56,578 [INFO] 成功写入 10 条热搜到 hotresearch/2026_2_1/2026_2_1_6.txt
2026-02-01 06:40:57,027 [ERROR] 请求失败：401 Client Error: Authorization Required for url: https://www.zhihu.com/api/v3/feed/topstory/hot-lists/total?limit=50&desktop=true
2026-02-01 06:40:57,027 [ERROR] 没有获取到热榜数据，退出。
2026-02-01 07:32:19,203 [WARNING] Retrying (Retry(total=4, connect=None, read=None, redirect=None, status=None)) after connection broken by 'NewConnectionError('<urllib3.connection.HTTPSConnection object at 0x7f4b061ab170>: Failed to establish a new connection: [Errno 101] Network is unreachable')': /api/v4/search/top_search
2026-02-01 07:32:31,208 [WARNING] Retrying (Retry(total=3, connect=None, read=None, redirect=None, status=None)) after connection broken by 'NewConnectionError('<urllib3.connection.HTTPSConnection object at 0x7f4b061a9400>: Failed to establish a new connection: [Errno 101] Network is unreachable')': /api/v4/search/top_search
2026-02-01 07:32:45,220 [WARNING] Retrying (Retry(total=2, connect=None, read=None, redirect=None, status=None)) after connection broken by 'NewConnectionError('<urllib3.connection.HTTPSConnection object at 0x7f4b05f6dfd0>: Failed to establish a new connection: [Errno 101] Network is unreachable')': /api/v4/search/top_search
2026-02-01 07:33:03,231 [WARNING] Retrying (Retry(total=1, connect=None, read=None, redirect=None, status=None)) after connection broken by 'NewConnectionError('<urllib3.connection.HTTPSConnection object at 0x7f4b05f6eab0>: Failed to establish a new connection: [Errno 101] Network is unreachable')': /api/v4/search/top_search
2026-02-01 07:33:29,243 [WARNING] Retrying (Retry(total=0, connect=None, read=None, redirect=None, status=None)) after connection broken by 'NewConnectionError('<urllib3.connection.HTTPSConnection object at 0x7f4b05f6ec00>: Failed to establish a new connection: [Errno 101] Network is unreachable')': /api/v4/search/top_search
2026-02-01 07:33:39,619 [ERROR] 请求失败：HTTPSConnectionPool(host='www.zhihu.com', port=443): Max retries exceeded with url: /api/v4/search/top_search (Caused by NewConnectionError('<urllib3.connection.HTTPSConnection object at 0x7f4b05f6ed50>: Failed to establish a new connection: [Errno 101] Network is unreachable'))
2026-02-01 07:33:39,619 [ERROR] 没有获取到热搜数据，退出。
2026-02-01 07:33:49,726 [WARNING] Retrying (Retry(total=4, connect=None, read=None, redirect=None, status=None)) after connection broken by 'NewConnectionError('<urllib3.connection.HTTPSConnection object at 0x7f95f203a780>: Failed to establish a new connection: [Errno 101] Network is unreachable')': /api/v3/feed/topstory/hot-lists/total?limit=50&desktop=true
2026-02-01 07:34:01,738 [WARNING] Retrying (Retry(total=3, connect=None, read=None, redirect=None, status=None)) after connection broken by 'NewConnectionError('<urllib3.connection.HTTPSConnection object at 0x7f95f2209e20>: Failed to establish a new connection: [Errno 101] Network is unreachable')': /api/v3/feed/topstory/hot-lists/total?limit=50&desktop=true
2026-02-01 07:34:15,749 [WARNING] Retrying (Retry(total=2, connect=None, read=None, redirect=None, status=None)) after connection broken by 'NewConnectionError('<urllib3.connection.HTTPSConnection object at 0x7f95f203b020>: Failed to establish a new connection: [Errno 101] Network is unreachable')': /api/v3/feed/topstory/hot-lists/total?limit=50&desktop=true
2026-02-01 07:34:33,761 [WARNING] Retrying (Retry(total=1, connect=None, read=None, redirect=None, status=None)) after connection broken by 'NewConnectionError('<urllib3.connection.HTTPSConnection object at 0x7f95f203b170>: Failed to establish a new connection: [Errno 101] Network is unreachable')': /api/v3/feed/topstory/hot-lists/total?limit=50&desktop=true
2026-02-01 07:35:00,008 [WARNING] Retrying (Retry(total=0, connect=None, read=None, redirect=None, status=None)) after connection broken by 'NewConnectionError('<urllib3.connection.HTTPSConnection object at 0x7f95f203b2c0>: Failed to establish a new connection: [Errno 101] Network is unreachable')': /api/v3/feed/topstory/hot-lists/total?limit=50&desktop=true
2026-02-01 07:35:10,020 [ERROR] 请求失败：HTTPSConnectionPool(host='www.zhihu.com', port=443): Max retries exceeded with url: /api/v3/feed/topstory/hot-lists/total?limit=50&desktop=true (Caused by NewConnectionError('<urllib3.connection.HTTPSConnection object at 0x7f95f203b410>: Failed to establish a new connection: [Errno 101] Network is unreachable'))
2026-02-01 07:35:10,020 [ERROR] 没有获取到热榜数据，退出。
2026-02-01 08:23:39,596 [INFO] 成功写入 10 条热搜到 hotresearch/2026_2_1/2026_2_1_8.txt
2026-02-01 08:23:40,074 [ERROR] 请求失败：401 Client Error: Authorization Required for url: https://www.zhihu.com/api/v3/feed/topstory/hot-lists/total?limit=50&desktop=true
2026-02-01 08:23:40,074 [ERROR] 没有获取到热榜数据，退出。
2026-02-01 09:23:26,447 [INFO] 成功写入 10 条热搜到 hotresearch/2026_2_1/2026_2_1_9.txt
2026-02-01 09:23:26,802 [ERROR] 请求失败：401 Client Error: Authorization Required for url: https://www.zhihu.com/api/v3/feed/topstory/hot-lists/total?limit=50&desktop=true
2026-02-01 09:23:26,802 [ERROR] 没有获取到热榜数据，退出。
2026-02-01 10:17:44,104 [INFO] 成功写入 10 条热搜到 hotresearch/2026_2_1/2026_2_1_10.txt
2026-02-01 10:17:44,583 [ERROR] 请求失败：401 Client Error: Authorization Required for url: https://www.zhihu.com/api/v3/feed/topstory/hot-lists/total?limit=50&desktop=true
2026-02-01 10:17:44,584 [ERROR] 没有获取到热榜数据，退出。
2026-02-01 11:15:37,433 [INFO] 成功写入 10 条热搜到 hotresearch/2026_2_1/2026_2_1_11.txt
2026-02-01 11:15:37,782 [ERROR] 请求失败：401 Client Error: Authorization Required for url: https://www.zhihu.com/api/v3/feed/topstory/hot-lists/total?limit=50&desktop=true
2026-02-01 11:15:37,782 [ERROR] 没有获取到热榜数据，退出。
2026-02-01 12:32:30,153 [INFO] 成功写入 10 条热搜到 hotresearch/2026_2_1/2026_2_1_12.txt
2026-02-01 12:32:30,712 [ERROR] 请求失败：401 Client Error: Authorization Required for url: https://www.zhihu.com/api/v3/feed/topstory/hot-lists/total?limit=50&desktop=true
2026-02-01 12:32:30,712 [ERROR] 没有获取到热榜数据，退出。
2026-02-01 13:37:39,552 [INFO] 成功写入 10 条热搜到 hotresearch/2026_2_1/2026_2_1_13.txt
2026-02-01 13:37:40,033 [ERROR] 请求失败：401 Client Error: Authorization Required for url: https://www.zhihu.com/api/v3/feed/topstory/hot-lists/total?limit=50&desktop=true
2026-02-01 13:37:40,033 [ERROR] 没有获取到热榜数据，退出。
2026-02-01 14:18:59,897 [INFO] 成功写入 10 条热搜到 hotresearch/2026_2_1/2026_2_1_14.txt
2026-02-01 14:19:00,253 [ERROR] 请求失败：401 Client Error: Authorization Required for url: https://www.zhihu.com/api/v3/feed/topstory/hot-lists/total?limit=50&desktop=true
2026-02-01 14:19:00,253 [ERROR] 没有获取到热榜数据，退出。
2026-02-01 15:16:53,788 [INFO] 成功写入 10 条热搜到 hotresearch/2026_2_1/2026_2_1_15.txt
2026-02-01 15:16:54,306 [ERROR] 请求失败：401 Client Error: Authorization Required for url: https://www.zhihu.com/api/v3/feed/topstory/hot-lists/total?limit=50&desktop=true
2026-02-01 15:16:54,306 [ERROR] 没有获取到热榜数据，退出。
2026-02-01 16:19:47,084 [INFO] 成功写入 10 条热搜到 hotresearch/2026_2_1/2026_2_1_16.txt
2026-02-01 16:19:47,524 [ERROR] 请求失败：401 Client Error: Authorization Required for url: https://www.zhihu.com/api/v3/feed/topstory/hot-lists/total?limit=50&desktop=true
2026-02-01 16:19:47,524 [ERROR] 没有获取到热榜数据，退出。
2026-02-01 17:18:28,980 [INFO] 成功写入 10 条热搜到 hotresearch/2026_2_1/2026_2_1_17.txt
2026-02-01 17:18:29,343 [ERROR] 请求失败：401 Client Error: Authorization Required for url: https://www.zhihu.com/api/v3/feed/topstory/hot-lists/total?limit=50&desktop=true
2026-02-01 17:18:29,343 [ERROR] 没有获取到热榜数据，退出。
2026-02-01 18:24:28,634 [INFO] 成功写入 10 条热搜到 hotresearch/2026_2_1/2026_2_1_18.txt
2026-02-01 18:24:29,085 [ERROR] 请求失败：401 Client Error: Authorization Required for url: https://www.zhihu.com/api/v3/feed/topstory/hot-lists/total?limit=50&desktop=true
2026-02-01 18:24:29,085 [ERROR] 没有获取到热榜数据，退出。
2026-02-01 19:18:45,905 [INFO] 成功写入 10 条热搜到 hotresearch/2026_2_1/2026_2_1_19.txt
2026-02-01 19:18:46,372 [ERROR] 请求失败：401 Client Error: Authorization Required for url: https://www.zhihu.com/api/v3/feed/topstory/hot-lists/total?limit=50&desktop=true
2026-02-01 19:18:46,372 [ERROR] 没有获取到热榜数据，退出。
