2026-02-25 01:26:51,053 [INFO] 成功写入 10 条热搜到 hotresearch/2026_2_25/2026_2_25_1.txt
2026-02-25 01:26:51,538 [ERROR] 请求失败：401 Client Error: Authorization Required for url: https://www.zhihu.com/api/v3/feed/topstory/hot-lists/total?limit=50&desktop=true
2026-02-25 01:26:51,538 [ERROR] 没有获取到热榜数据，退出。
2026-02-25 04:13:08,442 [INFO] 成功写入 10 条热搜到 hotresearch/2026_2_25/2026_2_25_4.txt
2026-02-25 04:13:08,785 [ERROR] 请求失败：401 Client Error: Authorization Required for url: https://www.zhihu.com/api/v3/feed/topstory/hot-lists/total?limit=50&desktop=true
2026-02-25 04:13:08,785 [ERROR] 没有获取到热榜数据，退出。
2026-02-25 05:55:00,419 [INFO] 成功写入 10 条热搜到 hotresearch/2026_2_25/2026_2_25_5.txt
2026-02-25 05:55:01,035 [ERROR] 请求失败：401 Client Error: Authorization Required for url: https://www.zhihu.com/api/v3/feed/topstory/hot-lists/total?limit=50&desktop=true
2026-02-25 05:55:01,035 [ERROR] 没有获取到热榜数据，退出。
2026-02-25 06:54:02,486 [INFO] 成功写入 10 条热搜到 hotresearch/2026_2_25/2026_2_25_6.txt
2026-02-25 06:54:02,981 [ERROR] 请求失败：401 Client Error: Authorization Required for url: https://www.zhihu.com/api/v3/feed/topstory/hot-lists/total?limit=50&desktop=true
2026-02-25 06:54:02,981 [ERROR] 没有获取到热榜数据，退出。
2026-02-25 07:47:38,611 [INFO] 成功写入 10 条热搜到 hotresearch/2026_2_25/2026_2_25_7.txt
2026-02-25 07:47:39,127 [ERROR] 请求失败：401 Client Error: Authorization Required for url: https://www.zhihu.com/api/v3/feed/topstory/hot-lists/total?limit=50&desktop=true
2026-02-25 07:47:39,127 [ERROR] 没有获取到热榜数据，退出。
2026-02-25 08:39:12,446 [INFO] 成功写入 10 条热搜到 hotresearch/2026_2_25/2026_2_25_8.txt
2026-02-25 08:39:12,925 [ERROR] 请求失败：401 Client Error: Authorization Required for url: https://www.zhihu.com/api/v3/feed/topstory/hot-lists/total?limit=50&desktop=true
2026-02-25 08:39:12,925 [ERROR] 没有获取到热榜数据，退出。
2026-02-25 09:44:26,353 [ERROR] 请求失败：403 Client Error: Forbidden for url: https://www.zhihu.com/api/v4/search/top_search
2026-02-25 09:44:26,353 [ERROR] 没有获取到热搜数据，退出。
2026-02-25 09:44:26,867 [ERROR] 请求失败：403 Client Error: Forbidden for url: https://www.zhihu.com/api/v3/feed/topstory/hot-lists/total?limit=50&desktop=true
2026-02-25 09:44:26,867 [ERROR] 没有获取到热榜数据，退出。
