2026-02-22 01:25:36,809 [INFO] 成功写入 10 条热搜到 hotresearch/2026_2_22/2026_2_22_1.txt
2026-02-22 01:25:37,273 [ERROR] 请求失败：401 Client Error: Authorization Required for url: https://www.zhihu.com/api/v3/feed/topstory/hot-lists/total?limit=50&desktop=true
2026-02-22 01:25:37,273 [ERROR] 没有获取到热榜数据，退出。
2026-02-22 04:09:35,349 [INFO] 成功写入 10 条热搜到 hotresearch/2026_2_22/2026_2_22_4.txt
2026-02-22 04:09:35,718 [ERROR] 请求失败：401 Client Error: Authorization Required for url: https://www.zhihu.com/api/v3/feed/topstory/hot-lists/total?limit=50&desktop=true
2026-02-22 04:09:35,718 [ERROR] 没有获取到热榜数据，退出。
2026-02-22 05:44:49,952 [INFO] 成功写入 10 条热搜到 hotresearch/2026_2_22/2026_2_22_5.txt
2026-02-22 05:44:50,410 [ERROR] 请求失败：401 Client Error: Authorization Required for url: https://www.zhihu.com/api/v3/feed/topstory/hot-lists/total?limit=50&desktop=true
2026-02-22 05:44:50,410 [ERROR] 没有获取到热榜数据，退出。
2026-02-22 06:37:43,026 [INFO] 成功写入 10 条热搜到 hotresearch/2026_2_22/2026_2_22_6.txt
2026-02-22 06:37:43,366 [ERROR] 请求失败：401 Client Error: Authorization Required for url: https://www.zhihu.com/api/v3/feed/topstory/hot-lists/total?limit=50&desktop=true
2026-02-22 06:37:43,366 [ERROR] 没有获取到热榜数据，退出。
2026-02-22 07:30:36,547 [INFO] 成功写入 10 条热搜到 hotresearch/2026_2_22/2026_2_22_7.txt
2026-02-22 07:30:36,889 [ERROR] 请求失败：401 Client Error: Authorization Required for url: https://www.zhihu.com/api/v3/feed/topstory/hot-lists/total?limit=50&desktop=true
2026-02-22 07:30:36,889 [ERROR] 没有获取到热榜数据，退出。
2026-02-22 08:23:09,191 [INFO] 成功写入 10 条热搜到 hotresearch/2026_2_22/2026_2_22_8.txt
2026-02-22 08:23:09,680 [ERROR] 请求失败：401 Client Error: Authorization Required for url: https://www.zhihu.com/api/v3/feed/topstory/hot-lists/total?limit=50&desktop=true
2026-02-22 08:23:09,680 [ERROR] 没有获取到热榜数据，退出。
2026-02-22 09:22:58,642 [INFO] 成功写入 10 条热搜到 hotresearch/2026_2_22/2026_2_22_9.txt
2026-02-22 09:22:58,988 [ERROR] 请求失败：401 Client Error: Authorization Required for url: https://www.zhihu.com/api/v3/feed/topstory/hot-lists/total?limit=50&desktop=true
2026-02-22 09:22:58,988 [ERROR] 没有获取到热榜数据，退出。
2026-02-22 10:17:48,900 [INFO] 成功写入 10 条热搜到 hotresearch/2026_2_22/2026_2_22_10.txt
2026-02-22 10:17:49,381 [ERROR] 请求失败：401 Client Error: Authorization Required for url: https://www.zhihu.com/api/v3/feed/topstory/hot-lists/total?limit=50&desktop=true
2026-02-22 10:17:49,381 [ERROR] 没有获取到热榜数据，退出。
2026-02-22 11:15:19,654 [INFO] 成功写入 10 条热搜到 hotresearch/2026_2_22/2026_2_22_11.txt
2026-02-22 11:15:20,150 [ERROR] 请求失败：401 Client Error: Authorization Required for url: https://www.zhihu.com/api/v3/feed/topstory/hot-lists/total?limit=50&desktop=true
2026-02-22 11:15:20,150 [ERROR] 没有获取到热榜数据，退出。
2026-02-22 12:32:38,796 [ERROR] 请求失败：403 Client Error: Forbidden for url: https://www.zhihu.com/api/v4/search/top_search
2026-02-22 12:32:38,796 [ERROR] 没有获取到热搜数据，退出。
2026-02-22 12:32:39,275 [ERROR] 请求失败：401 Client Error: Authorization Required for url: https://www.zhihu.com/api/v3/feed/topstory/hot-lists/total?limit=50&desktop=true
2026-02-22 12:32:39,275 [ERROR] 没有获取到热榜数据，退出。
2026-02-22 13:37:53,029 [ERROR] 请求失败：403 Client Error: Forbidden for url: https://www.zhihu.com/api/v4/search/top_search
2026-02-22 13:37:53,029 [ERROR] 没有获取到热搜数据，退出。
2026-02-22 13:37:53,508 [ERROR] 请求失败：401 Client Error: Authorization Required for url: https://www.zhihu.com/api/v3/feed/topstory/hot-lists/total?limit=50&desktop=true
2026-02-22 13:37:53,508 [ERROR] 没有获取到热榜数据，退出。
2026-02-22 14:19:50,521 [INFO] 成功写入 10 条热搜到 hotresearch/2026_2_22/2026_2_22_14.txt
2026-02-22 14:19:51,047 [ERROR] 请求失败：401 Client Error: Authorization Required for url: https://www.zhihu.com/api/v3/feed/topstory/hot-lists/total?limit=50&desktop=true
2026-02-22 14:19:51,047 [ERROR] 没有获取到热榜数据，退出。
2026-02-22 15:18:00,048 [INFO] 成功写入 10 条热搜到 hotresearch/2026_2_22/2026_2_22_15.txt
2026-02-22 15:18:00,510 [ERROR] 请求失败：401 Client Error: Authorization Required for url: https://www.zhihu.com/api/v3/feed/topstory/hot-lists/total?limit=50&desktop=true
2026-02-22 15:18:00,510 [ERROR] 没有获取到热榜数据，退出。
