2026-05-29 00:04:34,226 [ERROR] 请求失败：403 Client Error: Forbidden for url: https://www.zhihu.com/api/v4/search/top_search
2026-05-29 00:04:34,226 [ERROR] 没有获取到热搜数据，退出。
2026-05-29 00:04:34,664 [ERROR] 请求失败：401 Client Error: Authorization Required for url: https://www.zhihu.com/api/v3/feed/topstory/hot-lists/total?limit=50&desktop=true
2026-05-29 00:04:34,664 [ERROR] 没有获取到热榜数据，退出。
2026-05-29 05:07:28,736 [INFO] 成功写入 10 条热搜到 hotresearch/2026_5_29/2026_5_29_5.txt
2026-05-29 05:07:29,169 [ERROR] 请求失败：401 Client Error: Authorization Required for url: https://www.zhihu.com/api/v3/feed/topstory/hot-lists/total?limit=50&desktop=true
2026-05-29 05:07:29,170 [ERROR] 没有获取到热榜数据，退出。
2026-05-29 09:39:25,890 [INFO] 成功写入 10 条热搜到 hotresearch/2026_5_29/2026_5_29_9.txt
2026-05-29 09:39:26,354 [ERROR] 请求失败：401 Client Error: Authorization Required for url: https://www.zhihu.com/api/v3/feed/topstory/hot-lists/total?limit=50&desktop=true
2026-05-29 09:39:26,354 [ERROR] 没有获取到热榜数据，退出。
2026-05-29 12:42:41,741 [INFO] 成功写入 10 条热搜到 hotresearch/2026_5_29/2026_5_29_12.txt
2026-05-29 12:42:42,182 [ERROR] 请求失败：401 Client Error: Authorization Required for url: https://www.zhihu.com/api/v3/feed/topstory/hot-lists/total?limit=50&desktop=true
2026-05-29 12:42:42,182 [ERROR] 没有获取到热榜数据，退出。
2026-05-29 16:37:07,827 [INFO] 成功写入 10 条热搜到 hotresearch/2026_5_29/2026_5_29_16.txt
2026-05-29 16:37:08,276 [ERROR] 请求失败：401 Client Error: Authorization Required for url: https://www.zhihu.com/api/v3/feed/topstory/hot-lists/total?limit=50&desktop=true
2026-05-29 16:37:08,276 [ERROR] 没有获取到热榜数据，退出。
2026-05-29 19:28:15,319 [INFO] 成功写入 10 条热搜到 hotresearch/2026_5_29/2026_5_29_19.txt
2026-05-29 19:28:15,766 [ERROR] 请求失败：401 Client Error: Authorization Required for url: https://www.zhihu.com/api/v3/feed/topstory/hot-lists/total?limit=50&desktop=true
2026-05-29 19:28:15,766 [ERROR] 没有获取到热榜数据，退出。
2026-05-29 21:46:48,822 [INFO] 成功写入 10 条热搜到 hotresearch/2026_5_29/2026_5_29_21.txt
2026-05-29 21:46:49,248 [ERROR] 请求失败：401 Client Error: Authorization Required for url: https://www.zhihu.com/api/v3/feed/topstory/hot-lists/total?limit=50&desktop=true
2026-05-29 21:46:49,248 [ERROR] 没有获取到热榜数据，退出。
2026-05-29 23:05:50,093 [INFO] 成功写入 10 条热搜到 hotresearch/2026_5_29/2026_5_29_23.txt
2026-05-29 23:05:50,499 [ERROR] 请求失败：401 Client Error: Authorization Required for url: https://www.zhihu.com/api/v3/feed/topstory/hot-lists/total?limit=50&desktop=true
2026-05-29 23:05:50,499 [ERROR] 没有获取到热榜数据，退出。
