2026-05-30 02:28:30,032 [INFO] 成功写入 10 条热搜到 hotresearch/2026_5_30/2026_5_30_2.txt
2026-05-30 02:28:30,449 [ERROR] 请求失败：401 Client Error: Authorization Required for url: https://www.zhihu.com/api/v3/feed/topstory/hot-lists/total?limit=50&desktop=true
2026-05-30 02:28:30,449 [ERROR] 没有获取到热榜数据，退出。
2026-05-30 06:17:23,281 [INFO] 成功写入 10 条热搜到 hotresearch/2026_5_30/2026_5_30_6.txt
2026-05-30 06:17:23,703 [ERROR] 请求失败：401 Client Error: Authorization Required for url: https://www.zhihu.com/api/v3/feed/topstory/hot-lists/total?limit=50&desktop=true
2026-05-30 06:17:23,703 [ERROR] 没有获取到热榜数据，退出。
2026-05-30 09:10:15,758 [INFO] 成功写入 10 条热搜到 hotresearch/2026_5_30/2026_5_30_9.txt
2026-05-30 09:10:16,168 [ERROR] 请求失败：401 Client Error: Authorization Required for url: https://www.zhihu.com/api/v3/feed/topstory/hot-lists/total?limit=50&desktop=true
2026-05-30 09:10:16,169 [ERROR] 没有获取到热榜数据，退出。
2026-05-30 11:13:57,612 [INFO] 成功写入 10 条热搜到 hotresearch/2026_5_30/2026_5_30_11.txt
2026-05-30 11:13:58,002 [ERROR] 请求失败：401 Client Error: Authorization Required for url: https://www.zhihu.com/api/v3/feed/topstory/hot-lists/total?limit=50&desktop=true
2026-05-30 11:13:58,002 [ERROR] 没有获取到热榜数据，退出。
2026-05-30 13:09:55,089 [INFO] 成功写入 10 条热搜到 hotresearch/2026_5_30/2026_5_30_13.txt
2026-05-30 13:09:55,497 [ERROR] 请求失败：401 Client Error: Authorization Required for url: https://www.zhihu.com/api/v3/feed/topstory/hot-lists/total?limit=50&desktop=true
2026-05-30 13:09:55,497 [ERROR] 没有获取到热榜数据，退出。
2026-05-30 14:59:53,456 [INFO] 成功写入 10 条热搜到 hotresearch/2026_5_30/2026_5_30_14.txt
2026-05-30 14:59:53,816 [ERROR] 请求失败：401 Client Error: Authorization Required for url: https://www.zhihu.com/api/v3/feed/topstory/hot-lists/total?limit=50&desktop=true
2026-05-30 14:59:53,816 [ERROR] 没有获取到热榜数据，退出。
2026-05-30 16:07:29,063 [INFO] 成功写入 10 条热搜到 hotresearch/2026_5_30/2026_5_30_16.txt
2026-05-30 16:07:29,501 [ERROR] 请求失败：401 Client Error: Authorization Required for url: https://www.zhihu.com/api/v3/feed/topstory/hot-lists/total?limit=50&desktop=true
2026-05-30 16:07:29,501 [ERROR] 没有获取到热榜数据，退出。
2026-05-30 17:58:27,090 [INFO] 成功写入 10 条热搜到 hotresearch/2026_5_30/2026_5_30_17.txt
2026-05-30 17:58:27,502 [ERROR] 请求失败：401 Client Error: Authorization Required for url: https://www.zhihu.com/api/v3/feed/topstory/hot-lists/total?limit=50&desktop=true
2026-05-30 17:58:27,502 [ERROR] 没有获取到热榜数据，退出。
2026-05-30 19:18:33,981 [ERROR] 请求失败：403 Client Error: Forbidden for url: https://www.zhihu.com/api/v4/search/top_search
2026-05-30 19:18:33,981 [ERROR] 没有获取到热搜数据，退出。
2026-05-30 19:18:34,387 [ERROR] 请求失败：401 Client Error: Authorization Required for url: https://www.zhihu.com/api/v3/feed/topstory/hot-lists/total?limit=50&desktop=true
2026-05-30 19:18:34,387 [ERROR] 没有获取到热榜数据，退出。
