2026-03-23 01:28:18,915 [INFO] 成功写入 10 条热搜到 hotresearch/2026_3_23/2026_3_23_1.txt
2026-03-23 01:28:19,336 [ERROR] 请求失败：403 Client Error: Forbidden for url: https://www.zhihu.com/api/v3/feed/topstory/hot-lists/total?limit=50&desktop=true
2026-03-23 01:28:19,336 [ERROR] 没有获取到热榜数据，退出。
2026-03-23 04:21:54,731 [ERROR] 请求失败：403 Client Error: Forbidden for url: https://www.zhihu.com/api/v4/search/top_search
2026-03-23 04:21:54,731 [ERROR] 没有获取到热搜数据，退出。
2026-03-23 04:21:55,124 [ERROR] 请求失败：401 Client Error: Authorization Required for url: https://www.zhihu.com/api/v3/feed/topstory/hot-lists/total?limit=50&desktop=true
2026-03-23 04:21:55,124 [ERROR] 没有获取到热榜数据，退出。
2026-03-23 06:05:41,068 [INFO] 成功写入 10 条热搜到 hotresearch/2026_3_23/2026_3_23_6.txt
2026-03-23 06:05:41,420 [ERROR] 请求失败：401 Client Error: Authorization Required for url: https://www.zhihu.com/api/v3/feed/topstory/hot-lists/total?limit=50&desktop=true
2026-03-23 06:05:41,421 [ERROR] 没有获取到热榜数据，退出。
2026-03-23 07:57:10,865 [INFO] 成功写入 10 条热搜到 hotresearch/2026_3_23/2026_3_23_7.txt
2026-03-23 07:57:11,329 [ERROR] 请求失败：403 Client Error: Forbidden for url: https://www.zhihu.com/api/v3/feed/topstory/hot-lists/total?limit=50&desktop=true
2026-03-23 07:57:11,329 [ERROR] 没有获取到热榜数据，退出。
2026-03-23 08:53:27,706 [INFO] 成功写入 10 条热搜到 hotresearch/2026_3_23/2026_3_23_8.txt
2026-03-23 08:53:28,222 [ERROR] 请求失败：401 Client Error: Authorization Required for url: https://www.zhihu.com/api/v3/feed/topstory/hot-lists/total?limit=50&desktop=true
2026-03-23 08:53:28,222 [ERROR] 没有获取到热榜数据，退出。
2026-03-23 09:55:54,931 [INFO] 成功写入 10 条热搜到 hotresearch/2026_3_23/2026_3_23_9.txt
2026-03-23 09:55:55,274 [ERROR] 请求失败：401 Client Error: Authorization Required for url: https://www.zhihu.com/api/v3/feed/topstory/hot-lists/total?limit=50&desktop=true
2026-03-23 09:55:55,274 [ERROR] 没有获取到热榜数据，退出。
2026-03-23 10:47:59,610 [INFO] 成功写入 10 条热搜到 hotresearch/2026_3_23/2026_3_23_10.txt
2026-03-23 10:47:59,961 [ERROR] 请求失败：401 Client Error: Authorization Required for url: https://www.zhihu.com/api/v3/feed/topstory/hot-lists/total?limit=50&desktop=true
2026-03-23 10:47:59,962 [ERROR] 没有获取到热榜数据，退出。
2026-03-23 11:38:25,462 [INFO] 成功写入 10 条热搜到 hotresearch/2026_3_23/2026_3_23_11.txt
2026-03-23 11:38:25,933 [ERROR] 请求失败：401 Client Error: Authorization Required for url: https://www.zhihu.com/api/v3/feed/topstory/hot-lists/total?limit=50&desktop=true
2026-03-23 11:38:25,933 [ERROR] 没有获取到热榜数据，退出。
2026-03-23 12:48:51,761 [INFO] 成功写入 10 条热搜到 hotresearch/2026_3_23/2026_3_23_12.txt
2026-03-23 12:48:52,277 [ERROR] 请求失败：401 Client Error: Authorization Required for url: https://www.zhihu.com/api/v3/feed/topstory/hot-lists/total?limit=50&desktop=true
2026-03-23 12:48:52,277 [ERROR] 没有获取到热榜数据，退出。
2026-03-23 14:10:11,418 [INFO] 成功写入 10 条热搜到 hotresearch/2026_3_23/2026_3_23_14.txt
2026-03-23 14:10:11,878 [ERROR] 请求失败：401 Client Error: Authorization Required for url: https://www.zhihu.com/api/v3/feed/topstory/hot-lists/total?limit=50&desktop=true
2026-03-23 14:10:11,878 [ERROR] 没有获取到热榜数据，退出。
2026-03-23 15:53:33,299 [INFO] 成功写入 10 条热搜到 hotresearch/2026_3_23/2026_3_23_15.txt
2026-03-23 15:53:33,735 [ERROR] 请求失败：403 Client Error: Forbidden for url: https://www.zhihu.com/api/v3/feed/topstory/hot-lists/total?limit=50&desktop=true
2026-03-23 15:53:33,735 [ERROR] 没有获取到热榜数据，退出。
2026-03-23 16:49:51,035 [INFO] 成功写入 10 条热搜到 hotresearch/2026_3_23/2026_3_23_16.txt
2026-03-23 16:49:51,476 [ERROR] 请求失败：401 Client Error: Authorization Required for url: https://www.zhihu.com/api/v3/feed/topstory/hot-lists/total?limit=50&desktop=true
2026-03-23 16:49:51,476 [ERROR] 没有获取到热榜数据，退出。
2026-03-23 17:44:57,778 [INFO] 成功写入 10 条热搜到 hotresearch/2026_3_23/2026_3_23_17.txt
2026-03-23 17:44:58,259 [ERROR] 请求失败：401 Client Error: Authorization Required for url: https://www.zhihu.com/api/v3/feed/topstory/hot-lists/total?limit=50&desktop=true
2026-03-23 17:44:58,259 [ERROR] 没有获取到热榜数据，退出。
2026-03-23 18:41:39,200 [INFO] 成功写入 10 条热搜到 hotresearch/2026_3_23/2026_3_23_18.txt
2026-03-23 18:41:39,656 [ERROR] 请求失败：401 Client Error: Authorization Required for url: https://www.zhihu.com/api/v3/feed/topstory/hot-lists/total?limit=50&desktop=true
2026-03-23 18:41:39,656 [ERROR] 没有获取到热榜数据，退出。
2026-03-23 19:42:04,148 [INFO] 成功写入 10 条热搜到 hotresearch/2026_3_23/2026_3_23_19.txt
2026-03-23 19:42:04,601 [ERROR] 请求失败：401 Client Error: Authorization Required for url: https://www.zhihu.com/api/v3/feed/topstory/hot-lists/total?limit=50&desktop=true
2026-03-23 19:42:04,601 [ERROR] 没有获取到热榜数据，退出。
2026-03-23 20:30:48,821 [INFO] 成功写入 10 条热搜到 hotresearch/2026_3_23/2026_3_23_20.txt
2026-03-23 20:30:49,260 [ERROR] 请求失败：401 Client Error: Authorization Required for url: https://www.zhihu.com/api/v3/feed/topstory/hot-lists/total?limit=50&desktop=true
2026-03-23 20:30:49,260 [ERROR] 没有获取到热榜数据，退出。
