2026-06-18 00:09:39,184 [INFO] 成功写入 10 条热搜到 hotresearch/2026_6_18/2026_6_18_0.txt
2026-06-18 00:09:39,601 [ERROR] 请求失败：401 Client Error: Authorization Required for url: https://www.zhihu.com/api/v3/feed/topstory/hot-lists/total?limit=50&desktop=true
2026-06-18 00:09:39,601 [ERROR] 没有获取到热榜数据，退出。
2026-06-18 05:49:04,947 [INFO] 成功写入 10 条热搜到 hotresearch/2026_6_18/2026_6_18_5.txt
2026-06-18 05:49:05,324 [ERROR] 请求失败：401 Client Error: Authorization Required for url: https://www.zhihu.com/api/v3/feed/topstory/hot-lists/total?limit=50&desktop=true
2026-06-18 05:49:05,324 [ERROR] 没有获取到热榜数据，退出。
2026-06-18 10:09:11,589 [INFO] 成功写入 10 条热搜到 hotresearch/2026_6_18/2026_6_18_10.txt
2026-06-18 10:09:12,001 [ERROR] 请求失败：401 Client Error: Authorization Required for url: https://www.zhihu.com/api/v3/feed/topstory/hot-lists/total?limit=50&desktop=true
2026-06-18 10:09:12,001 [ERROR] 没有获取到热榜数据，退出。
2026-06-18 13:57:35,126 [WARNING] Retrying (Retry(total=4, connect=None, read=None, redirect=None, status=None)) after connection broken by 'NewConnectionError('<urllib3.connection.HTTPSConnection object at 0x7fcf1e2f3a10>: Failed to establish a new connection: [Errno 101] Network is unreachable')': /api/v4/search/top_search
2026-06-18 13:57:47,137 [WARNING] Retrying (Retry(total=3, connect=None, read=None, redirect=None, status=None)) after connection broken by 'NewConnectionError('<urllib3.connection.HTTPSConnection object at 0x7fcf1cec7560>: Failed to establish a new connection: [Errno 101] Network is unreachable')': /api/v4/search/top_search
2026-06-18 13:58:01,149 [WARNING] Retrying (Retry(total=2, connect=None, read=None, redirect=None, status=None)) after connection broken by 'NewConnectionError('<urllib3.connection.HTTPSConnection object at 0x7fcf1cd6f1a0>: Failed to establish a new connection: [Errno 101] Network is unreachable')': /api/v4/search/top_search
2026-06-18 13:58:19,151 [WARNING] Retrying (Retry(total=1, connect=None, read=None, redirect=None, status=None)) after connection broken by 'NewConnectionError('<urllib3.connection.HTTPSConnection object at 0x7fcf1cd6f2f0>: Failed to establish a new connection: [Errno 101] Network is unreachable')': /api/v4/search/top_search
2026-06-18 13:58:45,163 [WARNING] Retrying (Retry(total=0, connect=None, read=None, redirect=None, status=None)) after connection broken by 'NewConnectionError('<urllib3.connection.HTTPSConnection object at 0x7fcf1cd6f440>: Failed to establish a new connection: [Errno 101] Network is unreachable')': /api/v4/search/top_search
2026-06-18 13:58:55,315 [ERROR] 请求失败：HTTPSConnectionPool(host='www.zhihu.com', port=443): Max retries exceeded with url: /api/v4/search/top_search (Caused by NewConnectionError('<urllib3.connection.HTTPSConnection object at 0x7fcf1cd6f590>: Failed to establish a new connection: [Errno 101] Network is unreachable'))
2026-06-18 13:58:55,315 [ERROR] 没有获取到热搜数据，退出。
2026-06-18 13:59:05,437 [WARNING] Retrying (Retry(total=4, connect=None, read=None, redirect=None, status=None)) after connection broken by 'NewConnectionError('<urllib3.connection.HTTPSConnection object at 0x7f8eee5e6810>: Failed to establish a new connection: [Errno 101] Network is unreachable')': /api/v3/feed/topstory/hot-lists/total?limit=50&desktop=true
2026-06-18 13:59:17,449 [WARNING] Retrying (Retry(total=3, connect=None, read=None, redirect=None, status=None)) after connection broken by 'NewConnectionError('<urllib3.connection.HTTPSConnection object at 0x7f8eee5e6ff0>: Failed to establish a new connection: [Errno 101] Network is unreachable')': /api/v3/feed/topstory/hot-lists/total?limit=50&desktop=true
2026-06-18 13:59:31,461 [WARNING] Retrying (Retry(total=2, connect=None, read=None, redirect=None, status=None)) after connection broken by 'NewConnectionError('<urllib3.connection.HTTPSConnection object at 0x7f8eee5e70e0>: Failed to establish a new connection: [Errno 101] Network is unreachable')': /api/v3/feed/topstory/hot-lists/total?limit=50&desktop=true
2026-06-18 13:59:49,473 [WARNING] Retrying (Retry(total=1, connect=None, read=None, redirect=None, status=None)) after connection broken by 'NewConnectionError('<urllib3.connection.HTTPSConnection object at 0x7f8eee5e7230>: Failed to establish a new connection: [Errno 101] Network is unreachable')': /api/v3/feed/topstory/hot-lists/total?limit=50&desktop=true
2026-06-18 14:00:15,588 [WARNING] Retrying (Retry(total=0, connect=None, read=None, redirect=None, status=None)) after connection broken by 'NewConnectionError('<urllib3.connection.HTTPSConnection object at 0x7f8eee5e7380>: Failed to establish a new connection: [Errno 101] Network is unreachable')': /api/v3/feed/topstory/hot-lists/total?limit=50&desktop=true
2026-06-18 14:00:25,600 [ERROR] 请求失败：HTTPSConnectionPool(host='www.zhihu.com', port=443): Max retries exceeded with url: /api/v3/feed/topstory/hot-lists/total?limit=50&desktop=true (Caused by NewConnectionError('<urllib3.connection.HTTPSConnection object at 0x7f8eee5e74d0>: Failed to establish a new connection: [Errno 101] Network is unreachable'))
2026-06-18 14:00:25,600 [ERROR] 没有获取到热榜数据，退出。
2026-06-18 16:54:54,735 [INFO] 成功写入 10 条热搜到 hotresearch/2026_6_18/2026_6_18_16.txt
2026-06-18 16:54:55,102 [ERROR] 请求失败：401 Client Error: Authorization Required for url: https://www.zhihu.com/api/v3/feed/topstory/hot-lists/total?limit=50&desktop=true
2026-06-18 16:54:55,102 [ERROR] 没有获取到热榜数据，退出。
