2026-02-16 01:25:21,007 [INFO] 成功写入 10 条热搜到 hotresearch/2026_2_16/2026_2_16_1.txt
2026-02-16 01:25:21,373 [ERROR] 请求失败：401 Client Error: Authorization Required for url: https://www.zhihu.com/api/v3/feed/topstory/hot-lists/total?limit=50&desktop=true
2026-02-16 01:25:21,374 [ERROR] 没有获取到热榜数据，退出。
2026-02-16 04:17:30,109 [INFO] 成功写入 10 条热搜到 hotresearch/2026_2_16/2026_2_16_4.txt
2026-02-16 04:17:30,548 [ERROR] 请求失败：401 Client Error: Authorization Required for url: https://www.zhihu.com/api/v3/feed/topstory/hot-lists/total?limit=50&desktop=true
2026-02-16 04:17:30,548 [ERROR] 没有获取到热榜数据，退出。
2026-02-16 06:01:26,560 [INFO] 成功写入 10 条热搜到 hotresearch/2026_2_16/2026_2_16_6.txt
2026-02-16 06:01:27,031 [ERROR] 请求失败：401 Client Error: Authorization Required for url: https://www.zhihu.com/api/v3/feed/topstory/hot-lists/total?limit=50&desktop=true
2026-02-16 06:01:27,031 [ERROR] 没有获取到热榜数据，退出。
2026-02-16 07:47:58,883 [INFO] 成功写入 10 条热搜到 hotresearch/2026_2_16/2026_2_16_7.txt
2026-02-16 07:47:59,234 [ERROR] 请求失败：401 Client Error: Authorization Required for url: https://www.zhihu.com/api/v3/feed/topstory/hot-lists/total?limit=50&desktop=true
2026-02-16 07:47:59,234 [ERROR] 没有获取到热榜数据，退出。
2026-02-16 08:37:27,704 [INFO] 成功写入 10 条热搜到 hotresearch/2026_2_16/2026_2_16_8.txt
2026-02-16 08:37:28,238 [ERROR] 请求失败：401 Client Error: Authorization Required for url: https://www.zhihu.com/api/v3/feed/topstory/hot-lists/total?limit=50&desktop=true
2026-02-16 08:37:28,239 [ERROR] 没有获取到热榜数据，退出。
2026-02-16 09:43:59,201 [INFO] 成功写入 10 条热搜到 hotresearch/2026_2_16/2026_2_16_9.txt
2026-02-16 09:43:59,682 [ERROR] 请求失败：401 Client Error: Authorization Required for url: https://www.zhihu.com/api/v3/feed/topstory/hot-lists/total?limit=50&desktop=true
2026-02-16 09:43:59,682 [ERROR] 没有获取到热榜数据，退出。
2026-02-16 10:40:59,716 [ERROR] 请求失败：403 Client Error: Forbidden for url: https://www.zhihu.com/api/v4/search/top_search
2026-02-16 10:40:59,716 [ERROR] 没有获取到热搜数据，退出。
2026-02-16 10:41:00,183 [ERROR] 请求失败：401 Client Error: Authorization Required for url: https://www.zhihu.com/api/v3/feed/topstory/hot-lists/total?limit=50&desktop=true
2026-02-16 10:41:00,183 [ERROR] 没有获取到热榜数据，退出。
2026-02-16 11:34:38,141 [INFO] 成功写入 10 条热搜到 hotresearch/2026_2_16/2026_2_16_11.txt
2026-02-16 11:34:38,609 [ERROR] 请求失败：401 Client Error: Authorization Required for url: https://www.zhihu.com/api/v3/feed/topstory/hot-lists/total?limit=50&desktop=true
2026-02-16 11:34:38,609 [ERROR] 没有获取到热榜数据，退出。
2026-02-16 12:44:05,145 [INFO] 成功写入 10 条热搜到 hotresearch/2026_2_16/2026_2_16_12.txt
2026-02-16 12:44:05,686 [ERROR] 请求失败：401 Client Error: Authorization Required for url: https://www.zhihu.com/api/v3/feed/topstory/hot-lists/total?limit=50&desktop=true
2026-02-16 12:44:05,687 [ERROR] 没有获取到热榜数据，退出。
2026-02-16 14:00:43,063 [INFO] 成功写入 10 条热搜到 hotresearch/2026_2_16/2026_2_16_14.txt
2026-02-16 14:00:43,413 [ERROR] 请求失败：401 Client Error: Authorization Required for url: https://www.zhihu.com/api/v3/feed/topstory/hot-lists/total?limit=50&desktop=true
2026-02-16 14:00:43,414 [ERROR] 没有获取到热榜数据，退出。
2026-02-16 15:33:57,773 [INFO] 成功写入 10 条热搜到 hotresearch/2026_2_16/2026_2_16_15.txt
2026-02-16 15:33:58,242 [ERROR] 请求失败：403 Client Error: Forbidden for url: https://www.zhihu.com/api/v3/feed/topstory/hot-lists/total?limit=50&desktop=true
2026-02-16 15:33:58,242 [ERROR] 没有获取到热榜数据，退出。
2026-02-16 16:34:28,332 [INFO] 成功写入 10 条热搜到 hotresearch/2026_2_16/2026_2_16_16.txt
2026-02-16 16:34:28,695 [ERROR] 请求失败：401 Client Error: Authorization Required for url: https://www.zhihu.com/api/v3/feed/topstory/hot-lists/total?limit=50&desktop=true
2026-02-16 16:34:28,695 [ERROR] 没有获取到热榜数据，退出。
