2026-02-07 01:19:52,220 [INFO] 成功写入 10 条热搜到 hotresearch/2026_2_7/2026_2_7_1.txt
2026-02-07 01:19:52,568 [ERROR] 请求失败：401 Client Error: Authorization Required for url: https://www.zhihu.com/api/v3/feed/topstory/hot-lists/total?limit=50&desktop=true
2026-02-07 01:19:52,568 [ERROR] 没有获取到热榜数据，退出。
2026-02-07 04:01:37,067 [INFO] 成功写入 10 条热搜到 hotresearch/2026_2_7/2026_2_7_4.txt
2026-02-07 04:01:37,415 [ERROR] 请求失败：401 Client Error: Authorization Required for url: https://www.zhihu.com/api/v3/feed/topstory/hot-lists/total?limit=50&desktop=true
2026-02-07 04:01:37,415 [ERROR] 没有获取到热榜数据，退出。
2026-02-07 05:35:33,448 [INFO] 成功写入 10 条热搜到 hotresearch/2026_2_7/2026_2_7_5.txt
2026-02-07 05:35:33,800 [ERROR] 请求失败：401 Client Error: Authorization Required for url: https://www.zhihu.com/api/v3/feed/topstory/hot-lists/total?limit=50&desktop=true
2026-02-07 05:35:33,800 [ERROR] 没有获取到热榜数据，退出。
2026-02-07 06:32:48,864 [INFO] 成功写入 10 条热搜到 hotresearch/2026_2_7/2026_2_7_6.txt
2026-02-07 06:32:49,381 [ERROR] 请求失败：401 Client Error: Authorization Required for url: https://www.zhihu.com/api/v3/feed/topstory/hot-lists/total?limit=50&desktop=true
2026-02-07 06:32:49,382 [ERROR] 没有获取到热榜数据，退出。
2026-02-07 07:26:31,356 [INFO] 成功写入 10 条热搜到 hotresearch/2026_2_7/2026_2_7_7.txt
2026-02-07 07:26:31,707 [ERROR] 请求失败：401 Client Error: Authorization Required for url: https://www.zhihu.com/api/v3/feed/topstory/hot-lists/total?limit=50&desktop=true
2026-02-07 07:26:31,707 [ERROR] 没有获取到热榜数据，退出。
2026-02-07 08:22:07,767 [INFO] 成功写入 10 条热搜到 hotresearch/2026_2_7/2026_2_7_8.txt
2026-02-07 08:22:08,114 [ERROR] 请求失败：401 Client Error: Authorization Required for url: https://www.zhihu.com/api/v3/feed/topstory/hot-lists/total?limit=50&desktop=true
2026-02-07 08:22:08,114 [ERROR] 没有获取到热榜数据，退出。
2026-02-07 09:23:26,456 [INFO] 成功写入 10 条热搜到 hotresearch/2026_2_7/2026_2_7_9.txt
2026-02-07 09:23:26,922 [ERROR] 请求失败：401 Client Error: Authorization Required for url: https://www.zhihu.com/api/v3/feed/topstory/hot-lists/total?limit=50&desktop=true
2026-02-07 09:23:26,922 [ERROR] 没有获取到热榜数据，退出。
2026-02-07 10:17:52,267 [INFO] 成功写入 10 条热搜到 hotresearch/2026_2_7/2026_2_7_10.txt
2026-02-07 10:17:52,756 [ERROR] 请求失败：401 Client Error: Authorization Required for url: https://www.zhihu.com/api/v3/feed/topstory/hot-lists/total?limit=50&desktop=true
2026-02-07 10:17:52,756 [ERROR] 没有获取到热榜数据，退出。
2026-02-07 11:15:55,898 [INFO] 成功写入 10 条热搜到 hotresearch/2026_2_7/2026_2_7_11.txt
2026-02-07 11:15:56,245 [ERROR] 请求失败：401 Client Error: Authorization Required for url: https://www.zhihu.com/api/v3/feed/topstory/hot-lists/total?limit=50&desktop=true
2026-02-07 11:15:56,245 [ERROR] 没有获取到热榜数据，退出。
2026-02-07 12:31:18,024 [INFO] 成功写入 10 条热搜到 hotresearch/2026_2_7/2026_2_7_12.txt
2026-02-07 12:31:18,526 [ERROR] 请求失败：403 Client Error: Forbidden for url: https://www.zhihu.com/api/v3/feed/topstory/hot-lists/total?limit=50&desktop=true
2026-02-07 12:31:18,526 [ERROR] 没有获取到热榜数据，退出。
2026-02-07 13:38:08,412 [INFO] 成功写入 10 条热搜到 hotresearch/2026_2_7/2026_2_7_13.txt
2026-02-07 13:38:08,940 [ERROR] 请求失败：401 Client Error: Authorization Required for url: https://www.zhihu.com/api/v3/feed/topstory/hot-lists/total?limit=50&desktop=true
2026-02-07 13:38:08,940 [ERROR] 没有获取到热榜数据，退出。
2026-02-07 14:18:42,447 [INFO] 成功写入 10 条热搜到 hotresearch/2026_2_7/2026_2_7_14.txt
2026-02-07 14:18:42,905 [ERROR] 请求失败：401 Client Error: Authorization Required for url: https://www.zhihu.com/api/v3/feed/topstory/hot-lists/total?limit=50&desktop=true
2026-02-07 14:18:42,905 [ERROR] 没有获取到热榜数据，退出。
2026-02-07 15:17:44,477 [WARNING] Retrying (Retry(total=4, connect=None, read=None, redirect=None, status=None)) after connection broken by 'NewConnectionError('<urllib3.connection.HTTPSConnection object at 0x7ff97976e480>: Failed to establish a new connection: [Errno 101] Network is unreachable')': /api/v4/search/top_search
2026-02-07 15:17:56,483 [WARNING] Retrying (Retry(total=3, connect=None, read=None, redirect=None, status=None)) after connection broken by 'NewConnectionError('<urllib3.connection.HTTPSConnection object at 0x7ff97976ed20>: Failed to establish a new connection: [Errno 101] Network is unreachable')': /api/v4/search/top_search
2026-02-07 15:18:10,495 [WARNING] Retrying (Retry(total=2, connect=None, read=None, redirect=None, status=None)) after connection broken by 'NewConnectionError('<urllib3.connection.HTTPSConnection object at 0x7ff97976ef00>: Failed to establish a new connection: [Errno 101] Network is unreachable')': /api/v4/search/top_search
2026-02-07 15:18:28,506 [WARNING] Retrying (Retry(total=1, connect=None, read=None, redirect=None, status=None)) after connection broken by 'NewConnectionError('<urllib3.connection.HTTPSConnection object at 0x7ff97976f050>: Failed to establish a new connection: [Errno 101] Network is unreachable')': /api/v4/search/top_search
2026-02-07 15:18:54,518 [WARNING] Retrying (Retry(total=0, connect=None, read=None, redirect=None, status=None)) after connection broken by 'NewConnectionError('<urllib3.connection.HTTPSConnection object at 0x7ff97976f1a0>: Failed to establish a new connection: [Errno 101] Network is unreachable')': /api/v4/search/top_search
2026-02-07 15:19:04,603 [ERROR] 请求失败：HTTPSConnectionPool(host='www.zhihu.com', port=443): Max retries exceeded with url: /api/v4/search/top_search (Caused by NewConnectionError('<urllib3.connection.HTTPSConnection object at 0x7ff97976f2f0>: Failed to establish a new connection: [Errno 101] Network is unreachable'))
2026-02-07 15:19:04,603 [ERROR] 没有获取到热搜数据，退出。
2026-02-07 15:19:14,727 [WARNING] Retrying (Retry(total=4, connect=None, read=None, redirect=None, status=None)) after connection broken by 'NewConnectionError('<urllib3.connection.HTTPSConnection object at 0x7fed56528290>: Failed to establish a new connection: [Errno 101] Network is unreachable')': /api/v3/feed/topstory/hot-lists/total?limit=50&desktop=true
2026-02-07 15:19:26,739 [WARNING] Retrying (Retry(total=3, connect=None, read=None, redirect=None, status=None)) after connection broken by 'NewConnectionError('<urllib3.connection.HTTPSConnection object at 0x7fed564121e0>: Failed to establish a new connection: [Errno 101] Network is unreachable')': /api/v3/feed/topstory/hot-lists/total?limit=50&desktop=true
2026-02-07 15:19:40,750 [WARNING] Retrying (Retry(total=2, connect=None, read=None, redirect=None, status=None)) after connection broken by 'NewConnectionError('<urllib3.connection.HTTPSConnection object at 0x7fed5615ade0>: Failed to establish a new connection: [Errno 101] Network is unreachable')': /api/v3/feed/topstory/hot-lists/total?limit=50&desktop=true
2026-02-07 15:19:58,762 [WARNING] Retrying (Retry(total=1, connect=None, read=None, redirect=None, status=None)) after connection broken by 'NewConnectionError('<urllib3.connection.HTTPSConnection object at 0x7fed5615b0b0>: Failed to establish a new connection: [Errno 101] Network is unreachable')': /api/v3/feed/topstory/hot-lists/total?limit=50&desktop=true
2026-02-07 15:20:24,910 [WARNING] Retrying (Retry(total=0, connect=None, read=None, redirect=None, status=None)) after connection broken by 'NewConnectionError('<urllib3.connection.HTTPSConnection object at 0x7fed5615b200>: Failed to establish a new connection: [Errno 101] Network is unreachable')': /api/v3/feed/topstory/hot-lists/total?limit=50&desktop=true
2026-02-07 15:20:34,922 [ERROR] 请求失败：HTTPSConnectionPool(host='www.zhihu.com', port=443): Max retries exceeded with url: /api/v3/feed/topstory/hot-lists/total?limit=50&desktop=true (Caused by NewConnectionError('<urllib3.connection.HTTPSConnection object at 0x7fed5615b350>: Failed to establish a new connection: [Errno 101] Network is unreachable'))
2026-02-07 15:20:34,922 [ERROR] 没有获取到热榜数据，退出。
2026-02-07 16:20:07,469 [INFO] 成功写入 10 条热搜到 hotresearch/2026_2_7/2026_2_7_16.txt
2026-02-07 16:20:07,812 [ERROR] 请求失败：401 Client Error: Authorization Required for url: https://www.zhihu.com/api/v3/feed/topstory/hot-lists/total?limit=50&desktop=true
2026-02-07 16:20:07,812 [ERROR] 没有获取到热榜数据，退出。
2026-02-07 17:19:48,223 [INFO] 成功写入 10 条热搜到 hotresearch/2026_2_7/2026_2_7_17.txt
2026-02-07 17:19:48,685 [ERROR] 请求失败：401 Client Error: Authorization Required for url: https://www.zhihu.com/api/v3/feed/topstory/hot-lists/total?limit=50&desktop=true
2026-02-07 17:19:48,686 [ERROR] 没有获取到热榜数据，退出。
2026-02-07 18:24:48,516 [INFO] 成功写入 10 条热搜到 hotresearch/2026_2_7/2026_2_7_18.txt
2026-02-07 18:24:49,014 [ERROR] 请求失败：401 Client Error: Authorization Required for url: https://www.zhihu.com/api/v3/feed/topstory/hot-lists/total?limit=50&desktop=true
2026-02-07 18:24:49,014 [ERROR] 没有获取到热榜数据，退出。
2026-02-07 19:18:16,230 [INFO] 成功写入 10 条热搜到 hotresearch/2026_2_7/2026_2_7_19.txt
2026-02-07 19:18:16,665 [ERROR] 请求失败：401 Client Error: Authorization Required for url: https://www.zhihu.com/api/v3/feed/topstory/hot-lists/total?limit=50&desktop=true
2026-02-07 19:18:16,665 [ERROR] 没有获取到热榜数据，退出。
2026-02-07 20:18:00,441 [INFO] 成功写入 10 条热搜到 hotresearch/2026_2_7/2026_2_7_20.txt
2026-02-07 20:18:00,889 [ERROR] 请求失败：401 Client Error: Authorization Required for url: https://www.zhihu.com/api/v3/feed/topstory/hot-lists/total?limit=50&desktop=true
2026-02-07 20:18:00,890 [ERROR] 没有获取到热榜数据，退出。
2026-02-07 21:19:04,451 [INFO] 成功写入 10 条热搜到 hotresearch/2026_2_7/2026_2_7_21.txt
2026-02-07 21:19:04,785 [ERROR] 请求失败：401 Client Error: Authorization Required for url: https://www.zhihu.com/api/v3/feed/topstory/hot-lists/total?limit=50&desktop=true
2026-02-07 21:19:04,786 [ERROR] 没有获取到热榜数据，退出。
