2026-07-07 00:00:55,844 [INFO] 成功写入 10 条热搜到 hotresearch/2026_7_7/2026_7_7_0.txt
2026-07-07 00:00:56,213 [ERROR] 请求失败：401 Client Error: Authorization Required for url: https://www.zhihu.com/api/v3/feed/topstory/hot-lists/total?limit=50&desktop=true
2026-07-07 00:00:56,213 [ERROR] 没有获取到热榜数据，退出。
2026-07-07 04:43:19,054 [INFO] 成功写入 10 条热搜到 hotresearch/2026_7_7/2026_7_7_4.txt
2026-07-07 04:43:19,417 [ERROR] 请求失败：401 Client Error: Authorization Required for url: https://www.zhihu.com/api/v3/feed/topstory/hot-lists/total?limit=50&desktop=true
2026-07-07 04:43:19,417 [ERROR] 没有获取到热榜数据，退出。
2026-07-07 08:16:11,788 [ERROR] 请求失败：403 Client Error: Forbidden for url: https://www.zhihu.com/api/v4/search/top_search
2026-07-07 08:16:11,789 [ERROR] 没有获取到热搜数据，退出。
2026-07-07 08:16:12,205 [ERROR] 请求失败：401 Client Error: Authorization Required for url: https://www.zhihu.com/api/v3/feed/topstory/hot-lists/total?limit=50&desktop=true
2026-07-07 08:16:12,205 [ERROR] 没有获取到热榜数据，退出。
2026-07-07 11:39:31,050 [ERROR] 请求失败：403 Client Error: Forbidden for url: https://www.zhihu.com/api/v4/search/top_search
2026-07-07 11:39:31,050 [ERROR] 没有获取到热搜数据，退出。
2026-07-07 11:39:31,429 [ERROR] 请求失败：401 Client Error: Authorization Required for url: https://www.zhihu.com/api/v3/feed/topstory/hot-lists/total?limit=50&desktop=true
2026-07-07 11:39:31,429 [ERROR] 没有获取到热榜数据，退出。
2026-07-07 14:11:46,708 [INFO] 成功写入 10 条热搜到 hotresearch/2026_7_7/2026_7_7_14.txt
2026-07-07 14:11:47,079 [ERROR] 请求失败：401 Client Error: Authorization Required for url: https://www.zhihu.com/api/v3/feed/topstory/hot-lists/total?limit=50&desktop=true
2026-07-07 14:11:47,079 [ERROR] 没有获取到热榜数据，退出。
2026-07-07 17:06:34,399 [INFO] 成功写入 10 条热搜到 hotresearch/2026_7_7/2026_7_7_17.txt
2026-07-07 17:06:34,893 [ERROR] 请求失败：401 Client Error: Authorization Required for url: https://www.zhihu.com/api/v3/feed/topstory/hot-lists/total?limit=50&desktop=true
2026-07-07 17:06:34,893 [ERROR] 没有获取到热榜数据，退出。
2026-07-07 19:43:58,624 [INFO] 成功写入 10 条热搜到 hotresearch/2026_7_7/2026_7_7_19.txt
2026-07-07 19:43:58,990 [ERROR] 请求失败：401 Client Error: Authorization Required for url: https://www.zhihu.com/api/v3/feed/topstory/hot-lists/total?limit=50&desktop=true
2026-07-07 19:43:58,990 [ERROR] 没有获取到热榜数据，退出。
