2026-01-27 01:15:17,610 [INFO] 成功写入 10 条热搜到 hotresearch/2026_1_27/2026_1_27_1.txt
2026-01-27 01:15:18,112 [ERROR] 请求失败：403 Client Error: Forbidden for url: https://www.zhihu.com/api/v3/feed/topstory/hot-lists/total?limit=50&desktop=true
2026-01-27 01:15:18,112 [ERROR] 没有获取到热榜数据，退出。
2026-01-27 03:41:51,070 [INFO] 成功写入 10 条热搜到 hotresearch/2026_1_27/2026_1_27_3.txt
2026-01-27 03:41:51,427 [ERROR] 请求失败：401 Client Error: Authorization Required for url: https://www.zhihu.com/api/v3/feed/topstory/hot-lists/total?limit=50&desktop=true
2026-01-27 03:41:51,427 [ERROR] 没有获取到热榜数据，退出。
2026-01-27 04:40:42,147 [ERROR] 请求失败：403 Client Error: Forbidden for url: https://www.zhihu.com/api/v4/search/top_search
2026-01-27 04:40:42,147 [ERROR] 没有获取到热搜数据，退出。
2026-01-27 04:40:42,619 [ERROR] 请求失败：401 Client Error: Authorization Required for url: https://www.zhihu.com/api/v3/feed/topstory/hot-lists/total?limit=50&desktop=true
2026-01-27 04:40:42,620 [ERROR] 没有获取到热榜数据，退出。
2026-01-27 05:20:59,005 [INFO] 成功写入 10 条热搜到 hotresearch/2026_1_27/2026_1_27_5.txt
2026-01-27 05:20:59,345 [ERROR] 请求失败：401 Client Error: Authorization Required for url: https://www.zhihu.com/api/v3/feed/topstory/hot-lists/total?limit=50&desktop=true
2026-01-27 05:20:59,345 [ERROR] 没有获取到热榜数据，退出。
2026-01-27 06:24:57,006 [INFO] 成功写入 10 条热搜到 hotresearch/2026_1_27/2026_1_27_6.txt
2026-01-27 06:24:57,527 [ERROR] 请求失败：403 Client Error: Forbidden for url: https://www.zhihu.com/api/v3/feed/topstory/hot-lists/total?limit=50&desktop=true
2026-01-27 06:24:57,527 [ERROR] 没有获取到热榜数据，退出。
2026-01-27 07:21:47,842 [INFO] 成功写入 10 条热搜到 hotresearch/2026_1_27/2026_1_27_7.txt
2026-01-27 07:21:48,291 [ERROR] 请求失败：401 Client Error: Authorization Required for url: https://www.zhihu.com/api/v3/feed/topstory/hot-lists/total?limit=50&desktop=true
2026-01-27 07:21:48,291 [ERROR] 没有获取到热榜数据，退出。
2026-01-27 08:22:51,401 [INFO] 成功写入 10 条热搜到 hotresearch/2026_1_27/2026_1_27_8.txt
2026-01-27 08:22:51,841 [ERROR] 请求失败：403 Client Error: Forbidden for url: https://www.zhihu.com/api/v3/feed/topstory/hot-lists/total?limit=50&desktop=true
2026-01-27 08:22:51,841 [ERROR] 没有获取到热榜数据，退出。
2026-01-27 09:25:35,654 [INFO] 成功写入 10 条热搜到 hotresearch/2026_1_27/2026_1_27_9.txt
2026-01-27 09:25:36,119 [ERROR] 请求失败：403 Client Error: Forbidden for url: https://www.zhihu.com/api/v3/feed/topstory/hot-lists/total?limit=50&desktop=true
2026-01-27 09:25:36,119 [ERROR] 没有获取到热榜数据，退出。
2026-01-27 10:20:03,896 [INFO] 成功写入 10 条热搜到 hotresearch/2026_1_27/2026_1_27_10.txt
2026-01-27 10:20:04,378 [ERROR] 请求失败：403 Client Error: Forbidden for url: https://www.zhihu.com/api/v3/feed/topstory/hot-lists/total?limit=50&desktop=true
2026-01-27 10:20:04,378 [ERROR] 没有获取到热榜数据，退出。
2026-01-27 11:17:26,920 [INFO] 成功写入 10 条热搜到 hotresearch/2026_1_27/2026_1_27_11.txt
2026-01-27 11:17:27,379 [ERROR] 请求失败：401 Client Error: Authorization Required for url: https://www.zhihu.com/api/v3/feed/topstory/hot-lists/total?limit=50&desktop=true
2026-01-27 11:17:27,379 [ERROR] 没有获取到热榜数据，退出。
2026-01-27 12:32:43,129 [INFO] 成功写入 10 条热搜到 hotresearch/2026_1_27/2026_1_27_12.txt
2026-01-27 12:32:43,652 [ERROR] 请求失败：403 Client Error: Forbidden for url: https://www.zhihu.com/api/v3/feed/topstory/hot-lists/total?limit=50&desktop=true
2026-01-27 12:32:43,652 [ERROR] 没有获取到热榜数据，退出。
2026-01-27 13:40:27,801 [INFO] 成功写入 10 条热搜到 hotresearch/2026_1_27/2026_1_27_13.txt
2026-01-27 13:40:28,272 [ERROR] 请求失败：403 Client Error: Forbidden for url: https://www.zhihu.com/api/v3/feed/topstory/hot-lists/total?limit=50&desktop=true
2026-01-27 13:40:28,273 [ERROR] 没有获取到热榜数据，退出。
2026-01-27 14:22:54,009 [INFO] 成功写入 10 条热搜到 hotresearch/2026_1_27/2026_1_27_14.txt
2026-01-27 14:22:54,362 [ERROR] 请求失败：401 Client Error: Authorization Required for url: https://www.zhihu.com/api/v3/feed/topstory/hot-lists/total?limit=50&desktop=true
2026-01-27 14:22:54,362 [ERROR] 没有获取到热榜数据，退出。
2026-01-27 15:23:53,749 [INFO] 成功写入 10 条热搜到 hotresearch/2026_1_27/2026_1_27_15.txt
2026-01-27 15:23:54,097 [ERROR] 请求失败：401 Client Error: Authorization Required for url: https://www.zhihu.com/api/v3/feed/topstory/hot-lists/total?limit=50&desktop=true
2026-01-27 15:23:54,097 [ERROR] 没有获取到热榜数据，退出。
2026-01-27 16:21:16,990 [INFO] 成功写入 10 条热搜到 hotresearch/2026_1_27/2026_1_27_16.txt
2026-01-27 16:21:17,331 [ERROR] 请求失败：401 Client Error: Authorization Required for url: https://www.zhihu.com/api/v3/feed/topstory/hot-lists/total?limit=50&desktop=true
2026-01-27 16:21:17,331 [ERROR] 没有获取到热榜数据，退出。
2026-01-27 17:22:15,308 [INFO] 成功写入 10 条热搜到 hotresearch/2026_1_27/2026_1_27_17.txt
2026-01-27 17:22:15,757 [ERROR] 请求失败：401 Client Error: Authorization Required for url: https://www.zhihu.com/api/v3/feed/topstory/hot-lists/total?limit=50&desktop=true
2026-01-27 17:22:15,757 [ERROR] 没有获取到热榜数据，退出。
2026-01-27 18:28:32,842 [INFO] 成功写入 10 条热搜到 hotresearch/2026_1_27/2026_1_27_18.txt
2026-01-27 18:28:33,217 [ERROR] 请求失败：401 Client Error: Authorization Required for url: https://www.zhihu.com/api/v3/feed/topstory/hot-lists/total?limit=50&desktop=true
2026-01-27 18:28:33,217 [ERROR] 没有获取到热榜数据，退出。
2026-01-27 19:20:55,849 [INFO] 成功写入 10 条热搜到 hotresearch/2026_1_27/2026_1_27_19.txt
2026-01-27 19:20:56,379 [ERROR] 请求失败：401 Client Error: Authorization Required for url: https://www.zhihu.com/api/v3/feed/topstory/hot-lists/total?limit=50&desktop=true
2026-01-27 19:20:56,379 [ERROR] 没有获取到热榜数据，退出。
2026-01-27 20:15:44,846 [INFO] 成功写入 10 条热搜到 hotresearch/2026_1_27/2026_1_27_20.txt
2026-01-27 20:15:45,305 [ERROR] 请求失败：401 Client Error: Authorization Required for url: https://www.zhihu.com/api/v3/feed/topstory/hot-lists/total?limit=50&desktop=true
2026-01-27 20:15:45,305 [ERROR] 没有获取到热榜数据，退出。
2026-01-27 21:12:07,875 [INFO] 成功写入 10 条热搜到 hotresearch/2026_1_27/2026_1_27_21.txt
2026-01-27 21:12:08,344 [ERROR] 请求失败：401 Client Error: Authorization Required for url: https://www.zhihu.com/api/v3/feed/topstory/hot-lists/total?limit=50&desktop=true
2026-01-27 21:12:08,344 [ERROR] 没有获取到热榜数据，退出。
2026-01-27 22:16:18,826 [INFO] 成功写入 10 条热搜到 hotresearch/2026_1_27/2026_1_27_22.txt
2026-01-27 22:16:19,292 [ERROR] 请求失败：401 Client Error: Authorization Required for url: https://www.zhihu.com/api/v3/feed/topstory/hot-lists/total?limit=50&desktop=true
2026-01-27 22:16:19,292 [ERROR] 没有获取到热榜数据，退出。
