2026-01-15 01:08:17,591 [INFO] 成功写入 10 条热搜到 hotresearch/2026_1_15/2026_1_15_1.txt
2026-01-15 01:08:18,120 [ERROR] 请求失败：401 Client Error: Authorization Required for url: https://www.zhihu.com/api/v3/feed/topstory/hot-lists/total?limit=50&desktop=true
2026-01-15 01:08:18,121 [ERROR] 没有获取到热榜数据，退出。
2026-01-15 03:24:58,069 [INFO] 成功写入 10 条热搜到 hotresearch/2026_1_15/2026_1_15_3.txt
2026-01-15 03:24:58,543 [ERROR] 请求失败：401 Client Error: Authorization Required for url: https://www.zhihu.com/api/v3/feed/topstory/hot-lists/total?limit=50&desktop=true
2026-01-15 03:24:58,543 [ERROR] 没有获取到热榜数据，退出。
2026-01-15 04:34:04,839 [ERROR] 请求失败：403 Client Error: Forbidden for url: https://www.zhihu.com/api/v4/search/top_search
2026-01-15 04:34:04,839 [ERROR] 没有获取到热搜数据，退出。
2026-01-15 04:34:05,179 [ERROR] 请求失败：401 Client Error: Authorization Required for url: https://www.zhihu.com/api/v3/feed/topstory/hot-lists/total?limit=50&desktop=true
2026-01-15 04:34:05,179 [ERROR] 没有获取到热榜数据，退出。
2026-01-15 05:20:38,524 [INFO] 成功写入 10 条热搜到 hotresearch/2026_1_15/2026_1_15_5.txt
2026-01-15 05:20:39,004 [ERROR] 请求失败：401 Client Error: Authorization Required for url: https://www.zhihu.com/api/v3/feed/topstory/hot-lists/total?limit=50&desktop=true
2026-01-15 05:20:39,005 [ERROR] 没有获取到热榜数据，退出。
2026-01-15 06:23:19,269 [INFO] 成功写入 10 条热搜到 hotresearch/2026_1_15/2026_1_15_6.txt
2026-01-15 06:23:19,798 [ERROR] 请求失败：401 Client Error: Authorization Required for url: https://www.zhihu.com/api/v3/feed/topstory/hot-lists/total?limit=50&desktop=true
2026-01-15 06:23:19,798 [ERROR] 没有获取到热榜数据，退出。
2026-01-15 07:19:57,381 [INFO] 成功写入 10 条热搜到 hotresearch/2026_1_15/2026_1_15_7.txt
2026-01-15 07:19:57,726 [ERROR] 请求失败：401 Client Error: Authorization Required for url: https://www.zhihu.com/api/v3/feed/topstory/hot-lists/total?limit=50&desktop=true
2026-01-15 07:19:57,726 [ERROR] 没有获取到热榜数据，退出。
2026-01-15 08:21:47,483 [INFO] 成功写入 10 条热搜到 hotresearch/2026_1_15/2026_1_15_8.txt
2026-01-15 08:21:47,854 [ERROR] 请求失败：401 Client Error: Authorization Required for url: https://www.zhihu.com/api/v3/feed/topstory/hot-lists/total?limit=50&desktop=true
2026-01-15 08:21:47,854 [ERROR] 没有获取到热榜数据，退出。
2026-01-15 09:21:35,775 [INFO] 成功写入 10 条热搜到 hotresearch/2026_1_15/2026_1_15_9.txt
2026-01-15 09:21:36,134 [ERROR] 请求失败：401 Client Error: Authorization Required for url: https://www.zhihu.com/api/v3/feed/topstory/hot-lists/total?limit=50&desktop=true
2026-01-15 09:21:36,134 [ERROR] 没有获取到热榜数据，退出。
2026-01-15 10:16:21,496 [INFO] 成功写入 10 条热搜到 hotresearch/2026_1_15/2026_1_15_10.txt
2026-01-15 10:16:21,936 [ERROR] 请求失败：403 Client Error: Forbidden for url: https://www.zhihu.com/api/v3/feed/topstory/hot-lists/total?limit=50&desktop=true
2026-01-15 10:16:21,936 [ERROR] 没有获取到热榜数据，退出。
2026-01-15 11:13:56,866 [INFO] 成功写入 10 条热搜到 hotresearch/2026_1_15/2026_1_15_11.txt
2026-01-15 11:13:57,390 [ERROR] 请求失败：401 Client Error: Authorization Required for url: https://www.zhihu.com/api/v3/feed/topstory/hot-lists/total?limit=50&desktop=true
2026-01-15 11:13:57,390 [ERROR] 没有获取到热榜数据，退出。
2026-01-15 12:30:37,943 [INFO] 成功写入 10 条热搜到 hotresearch/2026_1_15/2026_1_15_12.txt
2026-01-15 12:30:38,300 [ERROR] 请求失败：403 Client Error: Forbidden for url: https://www.zhihu.com/api/v3/feed/topstory/hot-lists/total?limit=50&desktop=true
2026-01-15 12:30:38,300 [ERROR] 没有获取到热榜数据，退出。
2026-01-15 13:34:46,079 [INFO] 成功写入 10 条热搜到 hotresearch/2026_1_15/2026_1_15_13.txt
2026-01-15 13:34:46,506 [ERROR] 请求失败：401 Client Error: Authorization Required for url: https://www.zhihu.com/api/v3/feed/topstory/hot-lists/total?limit=50&desktop=true
2026-01-15 13:34:46,506 [ERROR] 没有获取到热榜数据，退出。
2026-01-15 14:18:31,308 [INFO] 成功写入 10 条热搜到 hotresearch/2026_1_15/2026_1_15_14.txt
2026-01-15 14:18:31,774 [ERROR] 请求失败：401 Client Error: Authorization Required for url: https://www.zhihu.com/api/v3/feed/topstory/hot-lists/total?limit=50&desktop=true
2026-01-15 14:18:31,774 [ERROR] 没有获取到热榜数据，退出。
2026-01-15 15:17:40,283 [INFO] 成功写入 10 条热搜到 hotresearch/2026_1_15/2026_1_15_15.txt
2026-01-15 15:17:40,734 [ERROR] 请求失败：401 Client Error: Authorization Required for url: https://www.zhihu.com/api/v3/feed/topstory/hot-lists/total?limit=50&desktop=true
2026-01-15 15:17:40,734 [ERROR] 没有获取到热榜数据，退出。
2026-01-15 16:26:28,687 [INFO] 成功写入 10 条热搜到 hotresearch/2026_1_15/2026_1_15_16.txt
2026-01-15 16:26:29,033 [ERROR] 请求失败：401 Client Error: Authorization Required for url: https://www.zhihu.com/api/v3/feed/topstory/hot-lists/total?limit=50&desktop=true
2026-01-15 16:26:29,034 [ERROR] 没有获取到热榜数据，退出。
2026-01-15 17:26:08,563 [INFO] 成功写入 10 条热搜到 hotresearch/2026_1_15/2026_1_15_17.txt
2026-01-15 17:26:09,036 [ERROR] 请求失败：401 Client Error: Authorization Required for url: https://www.zhihu.com/api/v3/feed/topstory/hot-lists/total?limit=50&desktop=true
2026-01-15 17:26:09,036 [ERROR] 没有获取到热榜数据，退出。
2026-01-15 18:27:12,771 [INFO] 成功写入 10 条热搜到 hotresearch/2026_1_15/2026_1_15_18.txt
2026-01-15 18:27:13,253 [ERROR] 请求失败：401 Client Error: Authorization Required for url: https://www.zhihu.com/api/v3/feed/topstory/hot-lists/total?limit=50&desktop=true
2026-01-15 18:27:13,253 [ERROR] 没有获取到热榜数据，退出。
2026-01-15 19:18:55,595 [INFO] 成功写入 10 条热搜到 hotresearch/2026_1_15/2026_1_15_19.txt
2026-01-15 19:18:56,117 [ERROR] 请求失败：401 Client Error: Authorization Required for url: https://www.zhihu.com/api/v3/feed/topstory/hot-lists/total?limit=50&desktop=true
2026-01-15 19:18:56,117 [ERROR] 没有获取到热榜数据，退出。
2026-01-15 20:17:00,235 [INFO] 成功写入 10 条热搜到 hotresearch/2026_1_15/2026_1_15_20.txt
2026-01-15 20:17:00,767 [ERROR] 请求失败：401 Client Error: Authorization Required for url: https://www.zhihu.com/api/v3/feed/topstory/hot-lists/total?limit=50&desktop=true
2026-01-15 20:17:00,767 [ERROR] 没有获取到热榜数据，退出。
2026-01-15 21:15:01,093 [INFO] 成功写入 10 条热搜到 hotresearch/2026_1_15/2026_1_15_21.txt
2026-01-15 21:15:01,570 [ERROR] 请求失败：401 Client Error: Authorization Required for url: https://www.zhihu.com/api/v3/feed/topstory/hot-lists/total?limit=50&desktop=true
2026-01-15 21:15:01,570 [ERROR] 没有获取到热榜数据，退出。
