2026-05-15 02:30:51,689 [INFO] 成功写入 10 条热搜到 hotresearch/2026_5_15/2026_5_15_2.txt
2026-05-15 02:30:52,166 [ERROR] 请求失败：403 Client Error: Forbidden for url: https://www.zhihu.com/api/v3/feed/topstory/hot-lists/total?limit=50&desktop=true
2026-05-15 02:30:52,166 [ERROR] 没有获取到热榜数据，退出。
2026-05-15 06:26:11,923 [INFO] 成功写入 10 条热搜到 hotresearch/2026_5_15/2026_5_15_6.txt
2026-05-15 06:26:12,416 [ERROR] 请求失败：403 Client Error: Forbidden for url: https://www.zhihu.com/api/v3/feed/topstory/hot-lists/total?limit=50&desktop=true
2026-05-15 06:26:12,416 [ERROR] 没有获取到热榜数据，退出。
2026-05-15 09:40:21,628 [INFO] 成功写入 10 条热搜到 hotresearch/2026_5_15/2026_5_15_9.txt
2026-05-15 09:40:22,081 [ERROR] 请求失败：403 Client Error: Forbidden for url: https://www.zhihu.com/api/v3/feed/topstory/hot-lists/total?limit=50&desktop=true
2026-05-15 09:40:22,081 [ERROR] 没有获取到热榜数据，退出。
2026-05-15 11:48:29,124 [INFO] 成功写入 10 条热搜到 hotresearch/2026_5_15/2026_5_15_11.txt
2026-05-15 11:48:29,604 [ERROR] 请求失败：401 Client Error: Authorization Required for url: https://www.zhihu.com/api/v3/feed/topstory/hot-lists/total?limit=50&desktop=true
2026-05-15 11:48:29,604 [ERROR] 没有获取到热榜数据，退出。
2026-05-15 13:48:08,998 [WARNING] Retrying (Retry(total=4, connect=None, read=None, redirect=None, status=None)) after connection broken by 'NewConnectionError('<urllib3.connection.HTTPSConnection object at 0x7f08a0ae0980>: Failed to establish a new connection: [Errno 101] Network is unreachable')': /api/v4/search/top_search
2026-05-15 13:48:21,009 [WARNING] Retrying (Retry(total=3, connect=None, read=None, redirect=None, status=None)) after connection broken by 'NewConnectionError('<urllib3.connection.HTTPSConnection object at 0x7f08a11fe420>: Failed to establish a new connection: [Errno 101] Network is unreachable')': /api/v4/search/top_search
2026-05-15 13:48:35,021 [WARNING] Retrying (Retry(total=2, connect=None, read=None, redirect=None, status=None)) after connection broken by 'NewConnectionError('<urllib3.connection.HTTPSConnection object at 0x7f089fef7020>: Failed to establish a new connection: [Errno 101] Network is unreachable')': /api/v4/search/top_search
2026-05-15 13:48:53,031 [WARNING] Retrying (Retry(total=1, connect=None, read=None, redirect=None, status=None)) after connection broken by 'NewConnectionError('<urllib3.connection.HTTPSConnection object at 0x7f089fef7170>: Failed to establish a new connection: [Errno 101] Network is unreachable')': /api/v4/search/top_search
2026-05-15 13:49:19,042 [WARNING] Retrying (Retry(total=0, connect=None, read=None, redirect=None, status=None)) after connection broken by 'NewConnectionError('<urllib3.connection.HTTPSConnection object at 0x7f089fef72c0>: Failed to establish a new connection: [Errno 101] Network is unreachable')': /api/v4/search/top_search
2026-05-15 13:49:29,215 [ERROR] 请求失败：HTTPSConnectionPool(host='www.zhihu.com', port=443): Max retries exceeded with url: /api/v4/search/top_search (Caused by NewConnectionError('<urllib3.connection.HTTPSConnection object at 0x7f089fef7410>: Failed to establish a new connection: [Errno 101] Network is unreachable'))
2026-05-15 13:49:29,215 [ERROR] 没有获取到热搜数据，退出。
2026-05-15 13:49:39,327 [WARNING] Retrying (Retry(total=4, connect=None, read=None, redirect=None, status=None)) after connection broken by 'NewConnectionError('<urllib3.connection.HTTPSConnection object at 0x7f52db9edfa0>: Failed to establish a new connection: [Errno 101] Network is unreachable')': /api/v3/feed/topstory/hot-lists/total?limit=50&desktop=true
2026-05-15 13:49:51,338 [WARNING] Retrying (Retry(total=3, connect=None, read=None, redirect=None, status=None)) after connection broken by 'NewConnectionError('<urllib3.connection.HTTPSConnection object at 0x7f52db750980>: Failed to establish a new connection: [Errno 101] Network is unreachable')': /api/v3/feed/topstory/hot-lists/total?limit=50&desktop=true
2026-05-15 13:50:05,350 [WARNING] Retrying (Retry(total=2, connect=None, read=None, redirect=None, status=None)) after connection broken by 'NewConnectionError('<urllib3.connection.HTTPSConnection object at 0x7f52db8d03e0>: Failed to establish a new connection: [Errno 101] Network is unreachable')': /api/v3/feed/topstory/hot-lists/total?limit=50&desktop=true
2026-05-15 13:50:23,361 [WARNING] Retrying (Retry(total=1, connect=None, read=None, redirect=None, status=None)) after connection broken by 'NewConnectionError('<urllib3.connection.HTTPSConnection object at 0x7f52db64b2f0>: Failed to establish a new connection: [Errno 101] Network is unreachable')': /api/v3/feed/topstory/hot-lists/total?limit=50&desktop=true
2026-05-15 13:50:49,519 [WARNING] Retrying (Retry(total=0, connect=None, read=None, redirect=None, status=None)) after connection broken by 'NewConnectionError('<urllib3.connection.HTTPSConnection object at 0x7f52db64b440>: Failed to establish a new connection: [Errno 101] Network is unreachable')': /api/v3/feed/topstory/hot-lists/total?limit=50&desktop=true
2026-05-15 13:50:59,531 [ERROR] 请求失败：HTTPSConnectionPool(host='www.zhihu.com', port=443): Max retries exceeded with url: /api/v3/feed/topstory/hot-lists/total?limit=50&desktop=true (Caused by NewConnectionError('<urllib3.connection.HTTPSConnection object at 0x7f52db64b590>: Failed to establish a new connection: [Errno 101] Network is unreachable'))
2026-05-15 13:50:59,531 [ERROR] 没有获取到热榜数据，退出。
2026-05-15 15:58:12,099 [INFO] 成功写入 10 条热搜到 hotresearch/2026_5_15/2026_5_15_15.txt
2026-05-15 15:58:12,594 [ERROR] 请求失败：401 Client Error: Authorization Required for url: https://www.zhihu.com/api/v3/feed/topstory/hot-lists/total?limit=50&desktop=true
2026-05-15 15:58:12,594 [ERROR] 没有获取到热榜数据，退出。
2026-05-15 17:27:40,001 [INFO] 成功写入 10 条热搜到 hotresearch/2026_5_15/2026_5_15_17.txt
2026-05-15 17:27:40,496 [ERROR] 请求失败：401 Client Error: Authorization Required for url: https://www.zhihu.com/api/v3/feed/topstory/hot-lists/total?limit=50&desktop=true
2026-05-15 17:27:40,496 [ERROR] 没有获取到热榜数据，退出。
2026-05-15 19:20:16,986 [INFO] 成功写入 10 条热搜到 hotresearch/2026_5_15/2026_5_15_19.txt
2026-05-15 19:20:17,478 [ERROR] 请求失败：401 Client Error: Authorization Required for url: https://www.zhihu.com/api/v3/feed/topstory/hot-lists/total?limit=50&desktop=true
2026-05-15 19:20:17,478 [ERROR] 没有获取到热榜数据，退出。
2026-05-15 20:52:48,962 [INFO] 成功写入 10 条热搜到 hotresearch/2026_5_15/2026_5_15_20.txt
2026-05-15 20:52:49,437 [ERROR] 请求失败：401 Client Error: Authorization Required for url: https://www.zhihu.com/api/v3/feed/topstory/hot-lists/total?limit=50&desktop=true
2026-05-15 20:52:49,437 [ERROR] 没有获取到热榜数据，退出。
2026-05-15 21:51:40,988 [INFO] 成功写入 10 条热搜到 hotresearch/2026_5_15/2026_5_15_21.txt
2026-05-15 21:51:41,500 [ERROR] 请求失败：401 Client Error: Authorization Required for url: https://www.zhihu.com/api/v3/feed/topstory/hot-lists/total?limit=50&desktop=true
2026-05-15 21:51:41,500 [ERROR] 没有获取到热榜数据，退出。
2026-05-15 22:47:27,938 [INFO] 成功写入 10 条热搜到 hotresearch/2026_5_15/2026_5_15_22.txt
2026-05-15 22:47:28,413 [ERROR] 请求失败：401 Client Error: Authorization Required for url: https://www.zhihu.com/api/v3/feed/topstory/hot-lists/total?limit=50&desktop=true
2026-05-15 22:47:28,413 [ERROR] 没有获取到热榜数据，退出。
2026-05-15 23:48:26,592 [INFO] 成功写入 10 条热搜到 hotresearch/2026_5_15/2026_5_15_23.txt
2026-05-15 23:48:27,068 [ERROR] 请求失败：401 Client Error: Authorization Required for url: https://www.zhihu.com/api/v3/feed/topstory/hot-lists/total?limit=50&desktop=true
2026-05-15 23:48:27,068 [ERROR] 没有获取到热榜数据，退出。
