2026-03-29 01:48:37,454 [INFO] 成功写入 10 条热搜到 hotresearch/2026_3_29/2026_3_29_1.txt
2026-03-29 01:48:37,815 [ERROR] 请求失败：401 Client Error: Authorization Required for url: https://www.zhihu.com/api/v3/feed/topstory/hot-lists/total?limit=50&desktop=true
2026-03-29 01:48:37,815 [ERROR] 没有获取到热榜数据，退出。
2026-03-29 04:31:40,872 [INFO] 成功写入 10 条热搜到 hotresearch/2026_3_29/2026_3_29_4.txt
2026-03-29 04:31:41,335 [ERROR] 请求失败：401 Client Error: Authorization Required for url: https://www.zhihu.com/api/v3/feed/topstory/hot-lists/total?limit=50&desktop=true
2026-03-29 04:31:41,335 [ERROR] 没有获取到热榜数据，退出。
2026-03-29 06:07:32,691 [ERROR] 请求失败：403 Client Error: Forbidden for url: https://www.zhihu.com/api/v4/search/top_search
2026-03-29 06:07:32,691 [ERROR] 没有获取到热搜数据，退出。
2026-03-29 06:07:33,146 [ERROR] 请求失败：401 Client Error: Authorization Required for url: https://www.zhihu.com/api/v3/feed/topstory/hot-lists/total?limit=50&desktop=true
2026-03-29 06:07:33,147 [ERROR] 没有获取到热榜数据，退出。
2026-03-29 07:47:54,544 [INFO] 成功写入 10 条热搜到 hotresearch/2026_3_29/2026_3_29_7.txt
2026-03-29 07:47:54,918 [ERROR] 请求失败：401 Client Error: Authorization Required for url: https://www.zhihu.com/api/v3/feed/topstory/hot-lists/total?limit=50&desktop=true
2026-03-29 07:47:54,918 [ERROR] 没有获取到热榜数据，退出。
2026-03-29 08:32:07,555 [INFO] 成功写入 10 条热搜到 hotresearch/2026_3_29/2026_3_29_8.txt
2026-03-29 08:32:08,113 [ERROR] 请求失败：401 Client Error: Authorization Required for url: https://www.zhihu.com/api/v3/feed/topstory/hot-lists/total?limit=50&desktop=true
2026-03-29 08:32:08,113 [ERROR] 没有获取到热榜数据，退出。
2026-03-29 09:29:32,216 [INFO] 成功写入 10 条热搜到 hotresearch/2026_3_29/2026_3_29_9.txt
2026-03-29 09:29:32,733 [ERROR] 请求失败：401 Client Error: Authorization Required for url: https://www.zhihu.com/api/v3/feed/topstory/hot-lists/total?limit=50&desktop=true
2026-03-29 09:29:32,733 [ERROR] 没有获取到热榜数据，退出。
2026-03-29 10:24:59,903 [INFO] 成功写入 10 条热搜到 hotresearch/2026_3_29/2026_3_29_10.txt
2026-03-29 10:25:00,258 [ERROR] 请求失败：401 Client Error: Authorization Required for url: https://www.zhihu.com/api/v3/feed/topstory/hot-lists/total?limit=50&desktop=true
2026-03-29 10:25:00,259 [ERROR] 没有获取到热榜数据，退出。
2026-03-29 11:21:53,939 [INFO] 成功写入 10 条热搜到 hotresearch/2026_3_29/2026_3_29_11.txt
2026-03-29 11:21:54,277 [ERROR] 请求失败：401 Client Error: Authorization Required for url: https://www.zhihu.com/api/v3/feed/topstory/hot-lists/total?limit=50&desktop=true
2026-03-29 11:21:54,277 [ERROR] 没有获取到热榜数据，退出。
2026-03-29 12:38:06,052 [INFO] 成功写入 10 条热搜到 hotresearch/2026_3_29/2026_3_29_12.txt
2026-03-29 12:38:06,566 [ERROR] 请求失败：403 Client Error: Forbidden for url: https://www.zhihu.com/api/v3/feed/topstory/hot-lists/total?limit=50&desktop=true
2026-03-29 12:38:06,566 [ERROR] 没有获取到热榜数据，退出。
