2026-06-09 03:41:57,970 [ERROR] 请求失败：403 Client Error: Forbidden for url: https://www.zhihu.com/api/v4/search/top_search
2026-06-09 03:41:57,970 [ERROR] 没有获取到热搜数据，退出。
2026-06-09 03:41:58,369 [ERROR] 请求失败：403 Client Error: Forbidden for url: https://www.zhihu.com/api/v3/feed/topstory/hot-lists/total?limit=50&desktop=true
2026-06-09 03:41:58,369 [ERROR] 没有获取到热榜数据，退出。
2026-06-09 07:39:34,563 [INFO] 成功写入 10 条热搜到 hotresearch/2026_6_9/2026_6_9_7.txt
2026-06-09 07:39:35,066 [ERROR] 请求失败：401 Client Error: Authorization Required for url: https://www.zhihu.com/api/v3/feed/topstory/hot-lists/total?limit=50&desktop=true
2026-06-09 07:39:35,066 [ERROR] 没有获取到热榜数据，退出。
2026-06-09 10:53:35,135 [INFO] 成功写入 10 条热搜到 hotresearch/2026_6_9/2026_6_9_10.txt
2026-06-09 10:53:35,541 [ERROR] 请求失败：401 Client Error: Authorization Required for url: https://www.zhihu.com/api/v3/feed/topstory/hot-lists/total?limit=50&desktop=true
2026-06-09 10:53:35,541 [ERROR] 没有获取到热榜数据，退出。
2026-06-09 13:39:05,698 [INFO] 成功写入 10 条热搜到 hotresearch/2026_6_9/2026_6_9_13.txt
2026-06-09 13:39:06,092 [ERROR] 请求失败：401 Client Error: Authorization Required for url: https://www.zhihu.com/api/v3/feed/topstory/hot-lists/total?limit=50&desktop=true
2026-06-09 13:39:06,093 [ERROR] 没有获取到热榜数据，退出。
2026-06-09 16:26:35,370 [INFO] 成功写入 10 条热搜到 hotresearch/2026_6_9/2026_6_9_16.txt
2026-06-09 16:26:35,735 [ERROR] 请求失败：401 Client Error: Authorization Required for url: https://www.zhihu.com/api/v3/feed/topstory/hot-lists/total?limit=50&desktop=true
2026-06-09 16:26:35,735 [ERROR] 没有获取到热榜数据，退出。
2026-06-09 19:08:54,285 [INFO] 成功写入 10 条热搜到 hotresearch/2026_6_9/2026_6_9_19.txt
2026-06-09 19:08:54,773 [ERROR] 请求失败：401 Client Error: Authorization Required for url: https://www.zhihu.com/api/v3/feed/topstory/hot-lists/total?limit=50&desktop=true
2026-06-09 19:08:54,773 [ERROR] 没有获取到热榜数据，退出。
2026-06-09 21:42:15,613 [INFO] 成功写入 10 条热搜到 hotresearch/2026_6_9/2026_6_9_21.txt
2026-06-09 21:42:16,028 [ERROR] 请求失败：401 Client Error: Authorization Required for url: https://www.zhihu.com/api/v3/feed/topstory/hot-lists/total?limit=50&desktop=true
2026-06-09 21:42:16,028 [ERROR] 没有获取到热榜数据，退出。
2026-06-09 23:13:09,022 [INFO] 成功写入 10 条热搜到 hotresearch/2026_6_9/2026_6_9_23.txt
2026-06-09 23:13:09,479 [ERROR] 请求失败：401 Client Error: Authorization Required for url: https://www.zhihu.com/api/v3/feed/topstory/hot-lists/total?limit=50&desktop=true
2026-06-09 23:13:09,479 [ERROR] 没有获取到热榜数据，退出。
