2026-06-25 00:01:13,799 [INFO] 成功写入 10 条热搜到 hotresearch/2026_6_25/2026_6_25_0.txt
2026-06-25 00:01:14,295 [ERROR] 请求失败：401 Client Error: Authorization Required for url: https://www.zhihu.com/api/v3/feed/topstory/hot-lists/total?limit=50&desktop=true
2026-06-25 00:01:14,295 [ERROR] 没有获取到热榜数据，退出。
2026-06-25 04:57:34,131 [INFO] 成功写入 10 条热搜到 hotresearch/2026_6_25/2026_6_25_4.txt
2026-06-25 04:57:34,612 [ERROR] 请求失败：403 Client Error: Forbidden for url: https://www.zhihu.com/api/v3/feed/topstory/hot-lists/total?limit=50&desktop=true
2026-06-25 04:57:34,612 [ERROR] 没有获取到热榜数据，退出。
2026-06-25 08:21:42,897 [INFO] 成功写入 10 条热搜到 hotresearch/2026_6_25/2026_6_25_8.txt
2026-06-25 08:21:43,395 [ERROR] 请求失败：401 Client Error: Authorization Required for url: https://www.zhihu.com/api/v3/feed/topstory/hot-lists/total?limit=50&desktop=true
2026-06-25 08:21:43,395 [ERROR] 没有获取到热榜数据，退出。
2026-06-25 11:33:30,417 [ERROR] 请求失败：403 Client Error: Forbidden for url: https://www.zhihu.com/api/v4/search/top_search
2026-06-25 11:33:30,417 [ERROR] 没有获取到热搜数据，退出。
2026-06-25 11:33:30,786 [ERROR] 请求失败：401 Client Error: Authorization Required for url: https://www.zhihu.com/api/v3/feed/topstory/hot-lists/total?limit=50&desktop=true
2026-06-25 11:33:30,786 [ERROR] 没有获取到热榜数据，退出。
2026-06-25 14:08:27,451 [INFO] 成功写入 10 条热搜到 hotresearch/2026_6_25/2026_6_25_14.txt
2026-06-25 14:08:27,836 [ERROR] 请求失败：401 Client Error: Authorization Required for url: https://www.zhihu.com/api/v3/feed/topstory/hot-lists/total?limit=50&desktop=true
2026-06-25 14:08:27,836 [ERROR] 没有获取到热榜数据，退出。
2026-06-25 17:04:36,588 [INFO] 成功写入 10 条热搜到 hotresearch/2026_6_25/2026_6_25_17.txt
2026-06-25 17:04:36,997 [ERROR] 请求失败：401 Client Error: Authorization Required for url: https://www.zhihu.com/api/v3/feed/topstory/hot-lists/total?limit=50&desktop=true
2026-06-25 17:04:36,998 [ERROR] 没有获取到热榜数据，退出。
2026-06-25 19:47:40,659 [INFO] 成功写入 10 条热搜到 hotresearch/2026_6_25/2026_6_25_19.txt
2026-06-25 19:47:41,163 [ERROR] 请求失败：401 Client Error: Authorization Required for url: https://www.zhihu.com/api/v3/feed/topstory/hot-lists/total?limit=50&desktop=true
2026-06-25 19:47:41,163 [ERROR] 没有获取到热榜数据，退出。
2026-06-25 21:23:51,848 [INFO] 成功写入 10 条热搜到 hotresearch/2026_6_25/2026_6_25_21.txt
2026-06-25 21:23:52,278 [ERROR] 请求失败：401 Client Error: Authorization Required for url: https://www.zhihu.com/api/v3/feed/topstory/hot-lists/total?limit=50&desktop=true
2026-06-25 21:23:52,278 [ERROR] 没有获取到热榜数据，退出。
2026-06-25 23:09:55,132 [INFO] 成功写入 10 条热搜到 hotresearch/2026_6_25/2026_6_25_23.txt
2026-06-25 23:09:55,616 [ERROR] 请求失败：401 Client Error: Authorization Required for url: https://www.zhihu.com/api/v3/feed/topstory/hot-lists/total?limit=50&desktop=true
2026-06-25 23:09:55,616 [ERROR] 没有获取到热榜数据，退出。
