2026-06-23 02:34:38,298 [INFO] 成功写入 10 条热搜到 hotresearch/2026_6_23/2026_6_23_2.txt
2026-06-23 02:34:38,738 [ERROR] 请求失败：403 Client Error: Forbidden for url: https://www.zhihu.com/api/v3/feed/topstory/hot-lists/total?limit=50&desktop=true
2026-06-23 02:34:38,738 [ERROR] 没有获取到热榜数据，退出。
2026-06-23 06:41:36,002 [INFO] 成功写入 10 条热搜到 hotresearch/2026_6_23/2026_6_23_6.txt
2026-06-23 06:41:36,417 [ERROR] 请求失败：401 Client Error: Authorization Required for url: https://www.zhihu.com/api/v3/feed/topstory/hot-lists/total?limit=50&desktop=true
2026-06-23 06:41:36,417 [ERROR] 没有获取到热榜数据，退出。
2026-06-23 10:29:40,418 [INFO] 成功写入 10 条热搜到 hotresearch/2026_6_23/2026_6_23_10.txt
2026-06-23 10:29:40,824 [ERROR] 请求失败：401 Client Error: Authorization Required for url: https://www.zhihu.com/api/v3/feed/topstory/hot-lists/total?limit=50&desktop=true
2026-06-23 10:29:40,825 [ERROR] 没有获取到热榜数据，退出。
2026-06-23 13:37:44,126 [ERROR] 请求失败：403 Client Error: Forbidden for url: https://www.zhihu.com/api/v4/search/top_search
2026-06-23 13:37:44,126 [ERROR] 没有获取到热搜数据，退出。
2026-06-23 13:37:44,617 [ERROR] 请求失败：401 Client Error: Authorization Required for url: https://www.zhihu.com/api/v3/feed/topstory/hot-lists/total?limit=50&desktop=true
2026-06-23 13:37:44,617 [ERROR] 没有获取到热榜数据，退出。
2026-06-23 16:22:36,148 [INFO] 成功写入 10 条热搜到 hotresearch/2026_6_23/2026_6_23_16.txt
2026-06-23 16:22:36,576 [ERROR] 请求失败：403 Client Error: Forbidden for url: https://www.zhihu.com/api/v3/feed/topstory/hot-lists/total?limit=50&desktop=true
2026-06-23 16:22:36,576 [ERROR] 没有获取到热榜数据，退出。
2026-06-23 19:04:46,931 [INFO] 成功写入 10 条热搜到 hotresearch/2026_6_23/2026_6_23_19.txt
2026-06-23 19:04:47,340 [ERROR] 请求失败：401 Client Error: Authorization Required for url: https://www.zhihu.com/api/v3/feed/topstory/hot-lists/total?limit=50&desktop=true
2026-06-23 19:04:47,340 [ERROR] 没有获取到热榜数据，退出。
2026-06-23 21:25:06,972 [INFO] 成功写入 10 条热搜到 hotresearch/2026_6_23/2026_6_23_21.txt
2026-06-23 21:25:07,391 [ERROR] 请求失败：401 Client Error: Authorization Required for url: https://www.zhihu.com/api/v3/feed/topstory/hot-lists/total?limit=50&desktop=true
2026-06-23 21:25:07,392 [ERROR] 没有获取到热榜数据，退出。
2026-06-23 23:01:14,905 [INFO] 成功写入 10 条热搜到 hotresearch/2026_6_23/2026_6_23_23.txt
2026-06-23 23:01:15,277 [ERROR] 请求失败：401 Client Error: Authorization Required for url: https://www.zhihu.com/api/v3/feed/topstory/hot-lists/total?limit=50&desktop=true
2026-06-23 23:01:15,277 [ERROR] 没有获取到热榜数据，退出。
