2026-05-02 02:03:07,722 [INFO] 成功写入 10 条热搜到 hotresearch/2026_5_2/2026_5_2_2.txt
2026-05-02 02:03:08,199 [ERROR] 请求失败：401 Client Error: Authorization Required for url: https://www.zhihu.com/api/v3/feed/topstory/hot-lists/total?limit=50&desktop=true
2026-05-02 02:03:08,199 [ERROR] 没有获取到热榜数据，退出。
2026-05-02 05:29:38,038 [INFO] 成功写入 10 条热搜到 hotresearch/2026_5_2/2026_5_2_5.txt
2026-05-02 05:29:38,527 [ERROR] 请求失败：401 Client Error: Authorization Required for url: https://www.zhihu.com/api/v3/feed/topstory/hot-lists/total?limit=50&desktop=true
2026-05-02 05:29:38,527 [ERROR] 没有获取到热榜数据，退出。
2026-05-02 07:21:46,058 [INFO] 成功写入 10 条热搜到 hotresearch/2026_5_2/2026_5_2_7.txt
2026-05-02 07:21:46,547 [ERROR] 请求失败：401 Client Error: Authorization Required for url: https://www.zhihu.com/api/v3/feed/topstory/hot-lists/total?limit=50&desktop=true
2026-05-02 07:21:46,547 [ERROR] 没有获取到热榜数据，退出。
2026-05-02 08:58:19,787 [INFO] 成功写入 10 条热搜到 hotresearch/2026_5_2/2026_5_2_8.txt
2026-05-02 08:58:20,270 [ERROR] 请求失败：401 Client Error: Authorization Required for url: https://www.zhihu.com/api/v3/feed/topstory/hot-lists/total?limit=50&desktop=true
2026-05-02 08:58:20,271 [ERROR] 没有获取到热榜数据，退出。
2026-05-02 09:58:13,747 [INFO] 成功写入 10 条热搜到 hotresearch/2026_5_2/2026_5_2_9.txt
2026-05-02 09:58:14,254 [ERROR] 请求失败：401 Client Error: Authorization Required for url: https://www.zhihu.com/api/v3/feed/topstory/hot-lists/total?limit=50&desktop=true
2026-05-02 09:58:14,254 [ERROR] 没有获取到热榜数据，退出。
2026-05-02 10:52:59,969 [INFO] 成功写入 10 条热搜到 hotresearch/2026_5_2/2026_5_2_10.txt
2026-05-02 10:53:00,511 [ERROR] 请求失败：401 Client Error: Authorization Required for url: https://www.zhihu.com/api/v3/feed/topstory/hot-lists/total?limit=50&desktop=true
2026-05-02 10:53:00,511 [ERROR] 没有获取到热榜数据，退出。
2026-05-02 11:38:32,101 [INFO] 成功写入 10 条热搜到 hotresearch/2026_5_2/2026_5_2_11.txt
2026-05-02 11:38:32,646 [ERROR] 请求失败：401 Client Error: Authorization Required for url: https://www.zhihu.com/api/v3/feed/topstory/hot-lists/total?limit=50&desktop=true
2026-05-02 11:38:32,646 [ERROR] 没有获取到热榜数据，退出。
2026-05-02 12:52:48,158 [INFO] 成功写入 10 条热搜到 hotresearch/2026_5_2/2026_5_2_12.txt
2026-05-02 12:52:48,535 [ERROR] 请求失败：401 Client Error: Authorization Required for url: https://www.zhihu.com/api/v3/feed/topstory/hot-lists/total?limit=50&desktop=true
2026-05-02 12:52:48,535 [ERROR] 没有获取到热榜数据，退出。
2026-05-02 14:06:58,910 [INFO] 成功写入 10 条热搜到 hotresearch/2026_5_2/2026_5_2_14.txt
2026-05-02 14:06:59,424 [ERROR] 请求失败：403 Client Error: Forbidden for url: https://www.zhihu.com/api/v3/feed/topstory/hot-lists/total?limit=50&desktop=true
2026-05-02 14:06:59,424 [ERROR] 没有获取到热榜数据，退出。
2026-05-02 15:39:00,885 [INFO] 成功写入 10 条热搜到 hotresearch/2026_5_2/2026_5_2_15.txt
2026-05-02 15:39:01,269 [ERROR] 请求失败：401 Client Error: Authorization Required for url: https://www.zhihu.com/api/v3/feed/topstory/hot-lists/total?limit=50&desktop=true
2026-05-02 15:39:01,269 [ERROR] 没有获取到热榜数据，退出。
2026-05-02 16:37:49,107 [ERROR] 请求失败：403 Client Error: Forbidden for url: https://www.zhihu.com/api/v4/search/top_search
2026-05-02 16:37:49,108 [ERROR] 没有获取到热搜数据，退出。
2026-05-02 16:37:49,478 [ERROR] 请求失败：403 Client Error: Forbidden for url: https://www.zhihu.com/api/v3/feed/topstory/hot-lists/total?limit=50&desktop=true
2026-05-02 16:37:49,478 [ERROR] 没有获取到热榜数据，退出。
2026-05-02 17:38:11,681 [INFO] 成功写入 10 条热搜到 hotresearch/2026_5_2/2026_5_2_17.txt
2026-05-02 17:38:12,199 [ERROR] 请求失败：401 Client Error: Authorization Required for url: https://www.zhihu.com/api/v3/feed/topstory/hot-lists/total?limit=50&desktop=true
2026-05-02 17:38:12,199 [ERROR] 没有获取到热榜数据，退出。
2026-05-02 18:46:06,229 [INFO] 成功写入 10 条热搜到 hotresearch/2026_5_2/2026_5_2_18.txt
2026-05-02 18:46:06,609 [ERROR] 请求失败：401 Client Error: Authorization Required for url: https://www.zhihu.com/api/v3/feed/topstory/hot-lists/total?limit=50&desktop=true
2026-05-02 18:46:06,609 [ERROR] 没有获取到热榜数据，退出。
2026-05-02 19:49:16,502 [INFO] 成功写入 10 条热搜到 hotresearch/2026_5_2/2026_5_2_19.txt
2026-05-02 19:49:16,878 [ERROR] 请求失败：401 Client Error: Authorization Required for url: https://www.zhihu.com/api/v3/feed/topstory/hot-lists/total?limit=50&desktop=true
2026-05-02 19:49:16,878 [ERROR] 没有获取到热榜数据，退出。
2026-05-02 20:33:57,856 [WARNING] Retrying (Retry(total=4, connect=None, read=None, redirect=None, status=None)) after connection broken by 'NewConnectionError('<urllib3.connection.HTTPSConnection object at 0x7ffb5d528230>: Failed to establish a new connection: [Errno 101] Network is unreachable')': /api/v4/search/top_search
2026-05-02 20:33:58,288 [INFO] 成功写入 10 条热搜到 hotresearch/2026_5_2/2026_5_2_20.txt
2026-05-02 20:33:58,793 [ERROR] 请求失败：401 Client Error: Authorization Required for url: https://www.zhihu.com/api/v3/feed/topstory/hot-lists/total?limit=50&desktop=true
2026-05-02 20:33:58,793 [ERROR] 没有获取到热榜数据，退出。
2026-05-02 21:33:05,688 [INFO] 成功写入 10 条热搜到 hotresearch/2026_5_2/2026_5_2_21.txt
2026-05-02 21:33:06,183 [ERROR] 请求失败：401 Client Error: Authorization Required for url: https://www.zhihu.com/api/v3/feed/topstory/hot-lists/total?limit=50&desktop=true
2026-05-02 21:33:06,183 [ERROR] 没有获取到热榜数据，退出。
2026-05-02 22:32:26,310 [INFO] 成功写入 10 条热搜到 hotresearch/2026_5_2/2026_5_2_22.txt
2026-05-02 22:32:26,684 [ERROR] 请求失败：401 Client Error: Authorization Required for url: https://www.zhihu.com/api/v3/feed/topstory/hot-lists/total?limit=50&desktop=true
2026-05-02 22:32:26,684 [ERROR] 没有获取到热榜数据，退出。
2026-05-02 23:35:29,276 [INFO] 成功写入 10 条热搜到 hotresearch/2026_5_2/2026_5_2_23.txt
2026-05-02 23:35:29,659 [ERROR] 请求失败：401 Client Error: Authorization Required for url: https://www.zhihu.com/api/v3/feed/topstory/hot-lists/total?limit=50&desktop=true
2026-05-02 23:35:29,659 [ERROR] 没有获取到热榜数据，退出。
