2026-07-08 01:58:51,757 [INFO] 成功写入 10 条热搜到 hotresearch/2026_7_8/2026_7_8_1.txt
2026-07-08 01:58:52,167 [ERROR] 请求失败：401 Client Error: Authorization Required for url: https://www.zhihu.com/api/v3/feed/topstory/hot-lists/total?limit=50&desktop=true
2026-07-08 01:58:52,167 [ERROR] 没有获取到热榜数据，退出。
2026-07-08 05:23:33,515 [INFO] 成功写入 10 条热搜到 hotresearch/2026_7_8/2026_7_8_5.txt
2026-07-08 05:23:33,967 [ERROR] 请求失败：401 Client Error: Authorization Required for url: https://www.zhihu.com/api/v3/feed/topstory/hot-lists/total?limit=50&desktop=true
2026-07-08 05:23:33,968 [ERROR] 没有获取到热榜数据，退出。
2026-07-08 08:11:57,408 [INFO] 成功写入 10 条热搜到 hotresearch/2026_7_8/2026_7_8_8.txt
2026-07-08 08:11:57,816 [ERROR] 请求失败：401 Client Error: Authorization Required for url: https://www.zhihu.com/api/v3/feed/topstory/hot-lists/total?limit=50&desktop=true
2026-07-08 08:11:57,816 [ERROR] 没有获取到热榜数据，退出。
2026-07-08 10:56:00,523 [INFO] 成功写入 10 条热搜到 hotresearch/2026_7_8/2026_7_8_10.txt
2026-07-08 10:56:00,917 [ERROR] 请求失败：401 Client Error: Authorization Required for url: https://www.zhihu.com/api/v3/feed/topstory/hot-lists/total?limit=50&desktop=true
2026-07-08 10:56:00,917 [ERROR] 没有获取到热榜数据，退出。
2026-07-08 12:15:57,645 [INFO] 成功写入 10 条热搜到 hotresearch/2026_7_8/2026_7_8_12.txt
2026-07-08 12:15:58,037 [ERROR] 请求失败：401 Client Error: Authorization Required for url: https://www.zhihu.com/api/v3/feed/topstory/hot-lists/total?limit=50&desktop=true
2026-07-08 12:15:58,037 [ERROR] 没有获取到热榜数据，退出。
2026-07-08 15:11:25,056 [INFO] 成功写入 10 条热搜到 hotresearch/2026_7_8/2026_7_8_15.txt
2026-07-08 15:11:25,478 [ERROR] 请求失败：401 Client Error: Authorization Required for url: https://www.zhihu.com/api/v3/feed/topstory/hot-lists/total?limit=50&desktop=true
2026-07-08 15:11:25,478 [ERROR] 没有获取到热榜数据，退出。
2026-07-08 17:21:27,181 [ERROR] 请求失败：403 Client Error: Forbidden for url: https://www.zhihu.com/api/v4/search/top_search
2026-07-08 17:21:27,182 [ERROR] 没有获取到热搜数据，退出。
2026-07-08 17:21:27,662 [ERROR] 请求失败：401 Client Error: Authorization Required for url: https://www.zhihu.com/api/v3/feed/topstory/hot-lists/total?limit=50&desktop=true
2026-07-08 17:21:27,663 [ERROR] 没有获取到热榜数据，退出。
2026-07-08 19:11:57,313 [INFO] 成功写入 10 条热搜到 hotresearch/2026_7_8/2026_7_8_19.txt
2026-07-08 19:11:57,720 [ERROR] 请求失败：401 Client Error: Authorization Required for url: https://www.zhihu.com/api/v3/feed/topstory/hot-lists/total?limit=50&desktop=true
2026-07-08 19:11:57,721 [ERROR] 没有获取到热榜数据，退出。
2026-07-08 20:58:22,974 [INFO] 成功写入 10 条热搜到 hotresearch/2026_7_8/2026_7_8_20.txt
2026-07-08 20:58:23,299 [ERROR] 请求失败：401 Client Error: Authorization Required for url: https://www.zhihu.com/api/v3/feed/topstory/hot-lists/total?limit=50&desktop=true
2026-07-08 20:58:23,299 [ERROR] 没有获取到热榜数据，退出。
