2026-07-22 01:56:00,731 [INFO] 成功写入 10 条热搜到 hotresearch/2026_7_22/2026_7_22_1.txt
2026-07-22 01:56:01,177 [ERROR] 请求失败：401 Client Error: Authorization Required for url: https://www.zhihu.com/api/v3/feed/topstory/hot-lists/total?limit=50&desktop=true
2026-07-22 01:56:01,177 [ERROR] 没有获取到热榜数据，退出。
2026-07-22 05:14:57,041 [INFO] 成功写入 10 条热搜到 hotresearch/2026_7_22/2026_7_22_5.txt
2026-07-22 05:14:57,450 [ERROR] 请求失败：403 Client Error: Forbidden for url: https://www.zhihu.com/api/v3/feed/topstory/hot-lists/total?limit=50&desktop=true
2026-07-22 05:14:57,450 [ERROR] 没有获取到热榜数据，退出。
2026-07-22 08:11:50,104 [ERROR] 请求失败：403 Client Error: Forbidden for url: https://www.zhihu.com/api/v4/search/top_search
2026-07-22 08:11:50,104 [ERROR] 没有获取到热搜数据，退出。
2026-07-22 08:11:50,703 [ERROR] 请求失败：403 Client Error: Forbidden for url: https://www.zhihu.com/api/v3/feed/topstory/hot-lists/total?limit=50&desktop=true
2026-07-22 08:11:50,704 [ERROR] 没有获取到热榜数据，退出。
2026-07-22 10:59:59,079 [INFO] 成功写入 10 条热搜到 hotresearch/2026_7_22/2026_7_22_10.txt
2026-07-22 10:59:59,549 [ERROR] 请求失败：401 Client Error: Authorization Required for url: https://www.zhihu.com/api/v3/feed/topstory/hot-lists/total?limit=50&desktop=true
2026-07-22 10:59:59,549 [ERROR] 没有获取到热榜数据，退出。
2026-07-22 12:42:12,747 [INFO] 成功写入 10 条热搜到 hotresearch/2026_7_22/2026_7_22_12.txt
2026-07-22 12:42:13,177 [ERROR] 请求失败：401 Client Error: Authorization Required for url: https://www.zhihu.com/api/v3/feed/topstory/hot-lists/total?limit=50&desktop=true
2026-07-22 12:42:13,177 [ERROR] 没有获取到热榜数据，退出。
2026-07-22 14:58:20,323 [INFO] 成功写入 10 条热搜到 hotresearch/2026_7_22/2026_7_22_14.txt
2026-07-22 14:58:20,774 [ERROR] 请求失败：401 Client Error: Authorization Required for url: https://www.zhihu.com/api/v3/feed/topstory/hot-lists/total?limit=50&desktop=true
2026-07-22 14:58:20,774 [ERROR] 没有获取到热榜数据，退出。
2026-07-22 16:20:00,417 [INFO] 成功写入 10 条热搜到 hotresearch/2026_7_22/2026_7_22_16.txt
2026-07-22 16:20:00,780 [ERROR] 请求失败：401 Client Error: Authorization Required for url: https://www.zhihu.com/api/v3/feed/topstory/hot-lists/total?limit=50&desktop=true
2026-07-22 16:20:00,780 [ERROR] 没有获取到热榜数据，退出。
2026-07-22 18:03:29,095 [INFO] 成功写入 10 条热搜到 hotresearch/2026_7_22/2026_7_22_18.txt
2026-07-22 18:03:29,530 [ERROR] 请求失败：401 Client Error: Authorization Required for url: https://www.zhihu.com/api/v3/feed/topstory/hot-lists/total?limit=50&desktop=true
2026-07-22 18:03:29,531 [ERROR] 没有获取到热榜数据，退出。
2026-07-22 20:07:58,918 [INFO] 成功写入 10 条热搜到 hotresearch/2026_7_22/2026_7_22_20.txt
2026-07-22 20:07:59,406 [ERROR] 请求失败：401 Client Error: Authorization Required for url: https://www.zhihu.com/api/v3/feed/topstory/hot-lists/total?limit=50&desktop=true
2026-07-22 20:07:59,406 [ERROR] 没有获取到热榜数据，退出。
