2026-04-30 02:12:24,018 [ERROR] 请求失败：403 Client Error: Forbidden for url: https://www.zhihu.com/api/v4/search/top_search
2026-04-30 02:12:24,018 [ERROR] 没有获取到热搜数据，退出。
2026-04-30 02:12:24,515 [ERROR] 请求失败：403 Client Error: Forbidden for url: https://www.zhihu.com/api/v3/feed/topstory/hot-lists/total?limit=50&desktop=true
2026-04-30 02:12:24,515 [ERROR] 没有获取到热榜数据，退出。
2026-04-30 05:51:02,790 [INFO] 成功写入 10 条热搜到 hotresearch/2026_4_30/2026_4_30_5.txt
2026-04-30 05:51:03,277 [ERROR] 请求失败：401 Client Error: Authorization Required for url: https://www.zhihu.com/api/v3/feed/topstory/hot-lists/total?limit=50&desktop=true
2026-04-30 05:51:03,278 [ERROR] 没有获取到热榜数据，退出。
2026-04-30 08:07:42,316 [INFO] 成功写入 10 条热搜到 hotresearch/2026_4_30/2026_4_30_8.txt
2026-04-30 08:07:42,839 [ERROR] 请求失败：403 Client Error: Forbidden for url: https://www.zhihu.com/api/v3/feed/topstory/hot-lists/total?limit=50&desktop=true
2026-04-30 08:07:42,840 [ERROR] 没有获取到热榜数据，退出。
2026-04-30 10:47:34,253 [INFO] 成功写入 10 条热搜到 hotresearch/2026_4_30/2026_4_30_10.txt
2026-04-30 10:47:34,819 [ERROR] 请求失败：401 Client Error: Authorization Required for url: https://www.zhihu.com/api/v3/feed/topstory/hot-lists/total?limit=50&desktop=true
2026-04-30 10:47:34,819 [ERROR] 没有获取到热榜数据，退出。
2026-04-30 12:09:20,657 [INFO] 成功写入 10 条热搜到 hotresearch/2026_4_30/2026_4_30_12.txt
2026-04-30 12:09:21,142 [ERROR] 请求失败：403 Client Error: Forbidden for url: https://www.zhihu.com/api/v3/feed/topstory/hot-lists/total?limit=50&desktop=true
2026-04-30 12:09:21,142 [ERROR] 没有获取到热榜数据，退出。
2026-04-30 15:01:15,048 [INFO] 成功写入 10 条热搜到 hotresearch/2026_4_30/2026_4_30_15.txt
2026-04-30 15:01:15,669 [ERROR] 请求失败：401 Client Error: Authorization Required for url: https://www.zhihu.com/api/v3/feed/topstory/hot-lists/total?limit=50&desktop=true
2026-04-30 15:01:15,670 [ERROR] 没有获取到热榜数据，退出。
2026-04-30 17:11:00,023 [INFO] 成功写入 10 条热搜到 hotresearch/2026_4_30/2026_4_30_17.txt
2026-04-30 17:11:00,487 [ERROR] 请求失败：401 Client Error: Authorization Required for url: https://www.zhihu.com/api/v3/feed/topstory/hot-lists/total?limit=50&desktop=true
2026-04-30 17:11:00,487 [ERROR] 没有获取到热榜数据，退出。
2026-04-30 19:08:23,101 [INFO] 成功写入 10 条热搜到 hotresearch/2026_4_30/2026_4_30_19.txt
2026-04-30 19:08:23,481 [ERROR] 请求失败：401 Client Error: Authorization Required for url: https://www.zhihu.com/api/v3/feed/topstory/hot-lists/total?limit=50&desktop=true
2026-04-30 19:08:23,482 [ERROR] 没有获取到热榜数据，退出。
2026-04-30 20:52:31,079 [INFO] 成功写入 10 条热搜到 hotresearch/2026_4_30/2026_4_30_20.txt
2026-04-30 20:52:31,565 [ERROR] 请求失败：401 Client Error: Authorization Required for url: https://www.zhihu.com/api/v3/feed/topstory/hot-lists/total?limit=50&desktop=true
2026-04-30 20:52:31,565 [ERROR] 没有获取到热榜数据，退出。
2026-04-30 21:50:45,173 [INFO] 成功写入 10 条热搜到 hotresearch/2026_4_30/2026_4_30_21.txt
2026-04-30 21:50:45,787 [ERROR] 请求失败：401 Client Error: Authorization Required for url: https://www.zhihu.com/api/v3/feed/topstory/hot-lists/total?limit=50&desktop=true
2026-04-30 21:50:45,787 [ERROR] 没有获取到热榜数据，退出。
