2026-02-15 01:41:45,377 [INFO] 成功写入 10 条热搜到 hotresearch/2026_2_15/2026_2_15_1.txt
2026-02-15 01:41:45,867 [ERROR] 请求失败：401 Client Error: Authorization Required for url: https://www.zhihu.com/api/v3/feed/topstory/hot-lists/total?limit=50&desktop=true
2026-02-15 01:41:45,867 [ERROR] 没有获取到热榜数据，退出。
2026-02-15 04:14:27,047 [INFO] 成功写入 10 条热搜到 hotresearch/2026_2_15/2026_2_15_4.txt
2026-02-15 04:14:27,402 [ERROR] 请求失败：401 Client Error: Authorization Required for url: https://www.zhihu.com/api/v3/feed/topstory/hot-lists/total?limit=50&desktop=true
2026-02-15 04:14:27,402 [ERROR] 没有获取到热榜数据，退出。
2026-02-15 05:50:54,533 [INFO] 成功写入 10 条热搜到 hotresearch/2026_2_15/2026_2_15_5.txt
2026-02-15 05:50:54,997 [ERROR] 请求失败：401 Client Error: Authorization Required for url: https://www.zhihu.com/api/v3/feed/topstory/hot-lists/total?limit=50&desktop=true
2026-02-15 05:50:54,997 [ERROR] 没有获取到热榜数据，退出。
2026-02-15 06:41:31,598 [INFO] 成功写入 10 条热搜到 hotresearch/2026_2_15/2026_2_15_6.txt
2026-02-15 06:41:32,081 [ERROR] 请求失败：401 Client Error: Authorization Required for url: https://www.zhihu.com/api/v3/feed/topstory/hot-lists/total?limit=50&desktop=true
2026-02-15 06:41:32,081 [ERROR] 没有获取到热榜数据，退出。
2026-02-15 07:33:01,286 [INFO] 成功写入 10 条热搜到 hotresearch/2026_2_15/2026_2_15_7.txt
2026-02-15 07:33:01,790 [ERROR] 请求失败：401 Client Error: Authorization Required for url: https://www.zhihu.com/api/v3/feed/topstory/hot-lists/total?limit=50&desktop=true
2026-02-15 07:33:01,790 [ERROR] 没有获取到热榜数据，退出。
2026-02-15 08:24:27,348 [INFO] 成功写入 10 条热搜到 hotresearch/2026_2_15/2026_2_15_8.txt
2026-02-15 08:24:27,894 [ERROR] 请求失败：401 Client Error: Authorization Required for url: https://www.zhihu.com/api/v3/feed/topstory/hot-lists/total?limit=50&desktop=true
2026-02-15 08:24:27,894 [ERROR] 没有获取到热榜数据，退出。
2026-02-15 09:24:30,565 [ERROR] 请求失败：403 Client Error: Forbidden for url: https://www.zhihu.com/api/v4/search/top_search
2026-02-15 09:24:30,565 [ERROR] 没有获取到热搜数据，退出。
2026-02-15 09:24:31,024 [ERROR] 请求失败：401 Client Error: Authorization Required for url: https://www.zhihu.com/api/v3/feed/topstory/hot-lists/total?limit=50&desktop=true
2026-02-15 09:24:31,024 [ERROR] 没有获取到热榜数据，退出。
2026-02-15 10:18:32,927 [INFO] 成功写入 10 条热搜到 hotresearch/2026_2_15/2026_2_15_10.txt
2026-02-15 10:18:33,466 [ERROR] 请求失败：401 Client Error: Authorization Required for url: https://www.zhihu.com/api/v3/feed/topstory/hot-lists/total?limit=50&desktop=true
2026-02-15 10:18:33,466 [ERROR] 没有获取到热榜数据，退出。
2026-02-15 11:16:33,593 [INFO] 成功写入 10 条热搜到 hotresearch/2026_2_15/2026_2_15_11.txt
2026-02-15 11:16:33,963 [ERROR] 请求失败：401 Client Error: Authorization Required for url: https://www.zhihu.com/api/v3/feed/topstory/hot-lists/total?limit=50&desktop=true
2026-02-15 11:16:33,963 [ERROR] 没有获取到热榜数据，退出。
2026-02-15 12:33:41,865 [INFO] 成功写入 10 条热搜到 hotresearch/2026_2_15/2026_2_15_12.txt
2026-02-15 12:33:42,341 [ERROR] 请求失败：401 Client Error: Authorization Required for url: https://www.zhihu.com/api/v3/feed/topstory/hot-lists/total?limit=50&desktop=true
2026-02-15 12:33:42,341 [ERROR] 没有获取到热榜数据，退出。
2026-02-15 13:39:53,300 [INFO] 成功写入 10 条热搜到 hotresearch/2026_2_15/2026_2_15_13.txt
2026-02-15 13:39:53,829 [ERROR] 请求失败：401 Client Error: Authorization Required for url: https://www.zhihu.com/api/v3/feed/topstory/hot-lists/total?limit=50&desktop=true
2026-02-15 13:39:53,829 [ERROR] 没有获取到热榜数据，退出。
