2026-07-14 01:48:29,356 [ERROR] 请求失败：403 Client Error: Forbidden for url: https://www.zhihu.com/api/v4/search/top_search
2026-07-14 01:48:29,356 [ERROR] 没有获取到热搜数据，退出。
2026-07-14 01:48:29,801 [ERROR] 请求失败：403 Client Error: Forbidden for url: https://www.zhihu.com/api/v3/feed/topstory/hot-lists/total?limit=50&desktop=true
2026-07-14 01:48:29,801 [ERROR] 没有获取到热榜数据，退出。
2026-07-14 04:43:55,805 [INFO] 成功写入 10 条热搜到 hotresearch/2026_7_14/2026_7_14_4.txt
2026-07-14 04:43:56,212 [ERROR] 请求失败：401 Client Error: Authorization Required for url: https://www.zhihu.com/api/v3/feed/topstory/hot-lists/total?limit=50&desktop=true
2026-07-14 04:43:56,212 [ERROR] 没有获取到热榜数据，退出。
2026-07-14 07:05:22,732 [INFO] 成功写入 10 条热搜到 hotresearch/2026_7_14/2026_7_14_7.txt
2026-07-14 07:05:23,182 [ERROR] 请求失败：401 Client Error: Authorization Required for url: https://www.zhihu.com/api/v3/feed/topstory/hot-lists/total?limit=50&desktop=true
2026-07-14 07:05:23,182 [ERROR] 没有获取到热榜数据，退出。
2026-07-14 09:49:00,168 [INFO] 成功写入 10 条热搜到 hotresearch/2026_7_14/2026_7_14_9.txt
2026-07-14 09:49:00,566 [ERROR] 请求失败：401 Client Error: Authorization Required for url: https://www.zhihu.com/api/v3/feed/topstory/hot-lists/total?limit=50&desktop=true
2026-07-14 09:49:00,566 [ERROR] 没有获取到热榜数据，退出。
2026-07-14 11:19:23,877 [INFO] 成功写入 10 条热搜到 hotresearch/2026_7_14/2026_7_14_11.txt
2026-07-14 11:19:24,282 [ERROR] 请求失败：401 Client Error: Authorization Required for url: https://www.zhihu.com/api/v3/feed/topstory/hot-lists/total?limit=50&desktop=true
2026-07-14 11:19:24,282 [ERROR] 没有获取到热榜数据，退出。
2026-07-14 13:15:02,924 [INFO] 成功写入 10 条热搜到 hotresearch/2026_7_14/2026_7_14_13.txt
2026-07-14 13:15:03,329 [ERROR] 请求失败：401 Client Error: Authorization Required for url: https://www.zhihu.com/api/v3/feed/topstory/hot-lists/total?limit=50&desktop=true
2026-07-14 13:15:03,329 [ERROR] 没有获取到热榜数据，退出。
2026-07-14 15:17:38,461 [INFO] 成功写入 10 条热搜到 hotresearch/2026_7_14/2026_7_14_15.txt
2026-07-14 15:17:38,862 [ERROR] 请求失败：401 Client Error: Authorization Required for url: https://www.zhihu.com/api/v3/feed/topstory/hot-lists/total?limit=50&desktop=true
2026-07-14 15:17:38,862 [ERROR] 没有获取到热榜数据，退出。
2026-07-14 17:05:21,822 [INFO] 成功写入 10 条热搜到 hotresearch/2026_7_14/2026_7_14_17.txt
2026-07-14 17:05:22,299 [ERROR] 请求失败：401 Client Error: Authorization Required for url: https://www.zhihu.com/api/v3/feed/topstory/hot-lists/total?limit=50&desktop=true
2026-07-14 17:05:22,299 [ERROR] 没有获取到热榜数据，退出。
2026-07-14 19:06:27,051 [INFO] 成功写入 10 条热搜到 hotresearch/2026_7_14/2026_7_14_19.txt
2026-07-14 19:06:27,604 [ERROR] 请求失败：401 Client Error: Authorization Required for url: https://www.zhihu.com/api/v3/feed/topstory/hot-lists/total?limit=50&desktop=true
2026-07-14 19:06:27,604 [ERROR] 没有获取到热榜数据，退出。
2026-07-14 20:51:51,189 [INFO] 成功写入 10 条热搜到 hotresearch/2026_7_14/2026_7_14_20.txt
2026-07-14 20:51:51,663 [ERROR] 请求失败：401 Client Error: Authorization Required for url: https://www.zhihu.com/api/v3/feed/topstory/hot-lists/total?limit=50&desktop=true
2026-07-14 20:51:51,663 [ERROR] 没有获取到热榜数据，退出。
2026-07-14 21:50:41,486 [INFO] 成功写入 10 条热搜到 hotresearch/2026_7_14/2026_7_14_21.txt
2026-07-14 21:50:41,959 [ERROR] 请求失败：401 Client Error: Authorization Required for url: https://www.zhihu.com/api/v3/feed/topstory/hot-lists/total?limit=50&desktop=true
2026-07-14 21:50:41,959 [ERROR] 没有获取到热榜数据，退出。
2026-07-14 22:50:27,234 [ERROR] 请求失败：403 Client Error: Forbidden for url: https://www.zhihu.com/api/v4/search/top_search
2026-07-14 22:50:27,234 [ERROR] 没有获取到热搜数据，退出。
2026-07-14 22:50:27,640 [ERROR] 请求失败：401 Client Error: Authorization Required for url: https://www.zhihu.com/api/v3/feed/topstory/hot-lists/total?limit=50&desktop=true
2026-07-14 22:50:27,640 [ERROR] 没有获取到热榜数据，退出。
