2026-04-17 01:55:03,954 [INFO] 成功写入 10 条热搜到 hotresearch/2026_4_17/2026_4_17_1.txt
2026-04-17 01:55:04,500 [ERROR] 请求失败：403 Client Error: Forbidden for url: https://www.zhihu.com/api/v3/feed/topstory/hot-lists/total?limit=50&desktop=true
2026-04-17 01:55:04,500 [ERROR] 没有获取到热榜数据，退出。
2026-04-17 04:44:09,966 [INFO] 成功写入 10 条热搜到 hotresearch/2026_4_17/2026_4_17_4.txt
2026-04-17 04:44:10,431 [ERROR] 请求失败：401 Client Error: Authorization Required for url: https://www.zhihu.com/api/v3/feed/topstory/hot-lists/total?limit=50&desktop=true
2026-04-17 04:44:10,432 [ERROR] 没有获取到热榜数据，退出。
2026-04-17 06:53:04,223 [INFO] 成功写入 10 条热搜到 hotresearch/2026_4_17/2026_4_17_6.txt
2026-04-17 06:53:04,711 [ERROR] 请求失败：401 Client Error: Authorization Required for url: https://www.zhihu.com/api/v3/feed/topstory/hot-lists/total?limit=50&desktop=true
2026-04-17 06:53:04,711 [ERROR] 没有获取到热榜数据，退出。
2026-04-17 08:22:45,550 [INFO] 成功写入 10 条热搜到 hotresearch/2026_4_17/2026_4_17_8.txt
2026-04-17 08:22:46,027 [ERROR] 请求失败：401 Client Error: Authorization Required for url: https://www.zhihu.com/api/v3/feed/topstory/hot-lists/total?limit=50&desktop=true
2026-04-17 08:22:46,027 [ERROR] 没有获取到热榜数据，退出。
2026-04-17 10:07:42,514 [INFO] 成功写入 10 条热搜到 hotresearch/2026_4_17/2026_4_17_10.txt
2026-04-17 10:07:43,215 [ERROR] 请求失败：403 Client Error: Forbidden for url: https://www.zhihu.com/api/v3/feed/topstory/hot-lists/total?limit=50&desktop=true
2026-04-17 10:07:43,215 [ERROR] 没有获取到热榜数据，退出。
2026-04-17 11:43:38,597 [INFO] 成功写入 10 条热搜到 hotresearch/2026_4_17/2026_4_17_11.txt
2026-04-17 11:43:39,216 [ERROR] 请求失败：403 Client Error: Forbidden for url: https://www.zhihu.com/api/v3/feed/topstory/hot-lists/total?limit=50&desktop=true
2026-04-17 11:43:39,216 [ERROR] 没有获取到热榜数据，退出。
2026-04-17 13:01:57,873 [INFO] 成功写入 10 条热搜到 hotresearch/2026_4_17/2026_4_17_13.txt
2026-04-17 13:01:58,374 [ERROR] 请求失败：401 Client Error: Authorization Required for url: https://www.zhihu.com/api/v3/feed/topstory/hot-lists/total?limit=50&desktop=true
2026-04-17 13:01:58,374 [ERROR] 没有获取到热榜数据，退出。
2026-04-17 14:48:37,523 [INFO] 成功写入 10 条热搜到 hotresearch/2026_4_17/2026_4_17_14.txt
2026-04-17 14:48:38,538 [ERROR] 请求失败：403 Client Error: Forbidden for url: https://www.zhihu.com/api/v3/feed/topstory/hot-lists/total?limit=50&desktop=true
2026-04-17 14:48:38,538 [ERROR] 没有获取到热榜数据，退出。
2026-04-17 15:52:33,666 [INFO] 成功写入 10 条热搜到 hotresearch/2026_4_17/2026_4_17_15.txt
2026-04-17 15:52:34,172 [ERROR] 请求失败：403 Client Error: Forbidden for url: https://www.zhihu.com/api/v3/feed/topstory/hot-lists/total?limit=50&desktop=true
2026-04-17 15:52:34,172 [ERROR] 没有获取到热榜数据，退出。
2026-04-17 16:46:44,712 [INFO] 成功写入 10 条热搜到 hotresearch/2026_4_17/2026_4_17_16.txt
2026-04-17 16:46:45,160 [ERROR] 请求失败：401 Client Error: Authorization Required for url: https://www.zhihu.com/api/v3/feed/topstory/hot-lists/total?limit=50&desktop=true
2026-04-17 16:46:45,160 [ERROR] 没有获取到热榜数据，退出。
2026-04-17 17:42:08,591 [WARNING] Retrying (Retry(total=4, connect=None, read=None, redirect=None, status=None)) after connection broken by 'NewConnectionError('<urllib3.connection.HTTPSConnection object at 0x7f5e70fb3b00>: Failed to establish a new connection: [Errno 101] Network is unreachable')': /api/v4/search/top_search
2026-04-17 17:42:20,603 [WARNING] Retrying (Retry(total=3, connect=None, read=None, redirect=None, status=None)) after connection broken by 'NewConnectionError('<urllib3.connection.HTTPSConnection object at 0x7f5e6fd2c5c0>: Failed to establish a new connection: [Errno 101] Network is unreachable')': /api/v4/search/top_search
2026-04-17 17:42:34,614 [WARNING] Retrying (Retry(total=2, connect=None, read=None, redirect=None, status=None)) after connection broken by 'NewConnectionError('<urllib3.connection.HTTPSConnection object at 0x7f5e6fc46cc0>: Failed to establish a new connection: [Errno 101] Network is unreachable')': /api/v4/search/top_search
2026-04-17 17:42:52,626 [WARNING] Retrying (Retry(total=1, connect=None, read=None, redirect=None, status=None)) after connection broken by 'NewConnectionError('<urllib3.connection.HTTPSConnection object at 0x7f5e6fc46e10>: Failed to establish a new connection: [Errno 101] Network is unreachable')': /api/v4/search/top_search
2026-04-17 17:43:18,637 [WARNING] Retrying (Retry(total=0, connect=None, read=None, redirect=None, status=None)) after connection broken by 'NewConnectionError('<urllib3.connection.HTTPSConnection object at 0x7f5e6fc46f60>: Failed to establish a new connection: [Errno 101] Network is unreachable')': /api/v4/search/top_search
2026-04-17 17:43:28,848 [ERROR] 请求失败：HTTPSConnectionPool(host='www.zhihu.com', port=443): Max retries exceeded with url: /api/v4/search/top_search (Caused by NewConnectionError('<urllib3.connection.HTTPSConnection object at 0x7f5e6fc470b0>: Failed to establish a new connection: [Errno 101] Network is unreachable'))
2026-04-17 17:43:28,848 [ERROR] 没有获取到热搜数据，退出。
2026-04-17 17:43:38,967 [WARNING] Retrying (Retry(total=4, connect=None, read=None, redirect=None, status=None)) after connection broken by 'NewConnectionError('<urllib3.connection.HTTPSConnection object at 0x7f23003d6a80>: Failed to establish a new connection: [Errno 101] Network is unreachable')': /api/v3/feed/topstory/hot-lists/total?limit=50&desktop=true
2026-04-17 17:43:50,979 [WARNING] Retrying (Retry(total=3, connect=None, read=None, redirect=None, status=None)) after connection broken by 'NewConnectionError('<urllib3.connection.HTTPSConnection object at 0x7f23006eadb0>: Failed to establish a new connection: [Errno 101] Network is unreachable')': /api/v3/feed/topstory/hot-lists/total?limit=50&desktop=true
2026-04-17 17:44:04,991 [WARNING] Retrying (Retry(total=2, connect=None, read=None, redirect=None, status=None)) after connection broken by 'NewConnectionError('<urllib3.connection.HTTPSConnection object at 0x7f23003d72f0>: Failed to establish a new connection: [Errno 101] Network is unreachable')': /api/v3/feed/topstory/hot-lists/total?limit=50&desktop=true
2026-04-17 17:44:22,993 [WARNING] Retrying (Retry(total=1, connect=None, read=None, redirect=None, status=None)) after connection broken by 'NewConnectionError('<urllib3.connection.HTTPSConnection object at 0x7f23003d7440>: Failed to establish a new connection: [Errno 101] Network is unreachable')': /api/v3/feed/topstory/hot-lists/total?limit=50&desktop=true
2026-04-17 17:44:49,174 [WARNING] Retrying (Retry(total=0, connect=None, read=None, redirect=None, status=None)) after connection broken by 'NewConnectionError('<urllib3.connection.HTTPSConnection object at 0x7f23003d7590>: Failed to establish a new connection: [Errno 101] Network is unreachable')': /api/v3/feed/topstory/hot-lists/total?limit=50&desktop=true
2026-04-17 17:44:59,186 [ERROR] 请求失败：HTTPSConnectionPool(host='www.zhihu.com', port=443): Max retries exceeded with url: /api/v3/feed/topstory/hot-lists/total?limit=50&desktop=true (Caused by NewConnectionError('<urllib3.connection.HTTPSConnection object at 0x7f23003d76e0>: Failed to establish a new connection: [Errno 101] Network is unreachable'))
2026-04-17 17:44:59,186 [ERROR] 没有获取到热榜数据，退出。
2026-04-17 18:48:39,012 [INFO] 成功写入 10 条热搜到 hotresearch/2026_4_17/2026_4_17_18.txt
2026-04-17 18:48:39,507 [ERROR] 请求失败：401 Client Error: Authorization Required for url: https://www.zhihu.com/api/v3/feed/topstory/hot-lists/total?limit=50&desktop=true
2026-04-17 18:48:39,507 [ERROR] 没有获取到热榜数据，退出。
