2026-06-27 03:21:44,921 [INFO] 成功写入 10 条热搜到 hotresearch/2026_6_27/2026_6_27_3.txt
2026-06-27 03:21:45,283 [ERROR] 请求失败：403 Client Error: Forbidden for url: https://www.zhihu.com/api/v3/feed/topstory/hot-lists/total?limit=50&desktop=true
2026-06-27 03:21:45,283 [ERROR] 没有获取到热榜数据，退出。
2026-06-27 06:46:48,365 [INFO] 成功写入 10 条热搜到 hotresearch/2026_6_27/2026_6_27_6.txt
2026-06-27 06:46:48,774 [ERROR] 请求失败：401 Client Error: Authorization Required for url: https://www.zhihu.com/api/v3/feed/topstory/hot-lists/total?limit=50&desktop=true
2026-06-27 06:46:48,775 [ERROR] 没有获取到热榜数据，退出。
2026-06-27 09:24:18,427 [INFO] 成功写入 10 条热搜到 hotresearch/2026_6_27/2026_6_27_9.txt
2026-06-27 09:24:18,948 [ERROR] 请求失败：401 Client Error: Authorization Required for url: https://www.zhihu.com/api/v3/feed/topstory/hot-lists/total?limit=50&desktop=true
2026-06-27 09:24:18,948 [ERROR] 没有获取到热榜数据，退出。
2026-06-27 11:22:16,996 [INFO] 成功写入 10 条热搜到 hotresearch/2026_6_27/2026_6_27_11.txt
2026-06-27 11:22:17,368 [ERROR] 请求失败：401 Client Error: Authorization Required for url: https://www.zhihu.com/api/v3/feed/topstory/hot-lists/total?limit=50&desktop=true
2026-06-27 11:22:17,368 [ERROR] 没有获取到热榜数据，退出。
2026-06-27 13:16:25,491 [INFO] 成功写入 10 条热搜到 hotresearch/2026_6_27/2026_6_27_13.txt
2026-06-27 13:16:25,920 [ERROR] 请求失败：401 Client Error: Authorization Required for url: https://www.zhihu.com/api/v3/feed/topstory/hot-lists/total?limit=50&desktop=true
2026-06-27 13:16:25,920 [ERROR] 没有获取到热榜数据，退出。
2026-06-27 15:09:34,972 [INFO] 成功写入 10 条热搜到 hotresearch/2026_6_27/2026_6_27_15.txt
2026-06-27 15:09:35,380 [ERROR] 请求失败：401 Client Error: Authorization Required for url: https://www.zhihu.com/api/v3/feed/topstory/hot-lists/total?limit=50&desktop=true
2026-06-27 15:09:35,380 [ERROR] 没有获取到热榜数据，退出。
2026-06-27 17:00:50,952 [INFO] 成功写入 10 条热搜到 hotresearch/2026_6_27/2026_6_27_17.txt
2026-06-27 17:00:51,462 [ERROR] 请求失败：401 Client Error: Authorization Required for url: https://www.zhihu.com/api/v3/feed/topstory/hot-lists/total?limit=50&desktop=true
2026-06-27 17:00:51,462 [ERROR] 没有获取到热榜数据，退出。
2026-06-27 19:06:56,762 [INFO] 成功写入 10 条热搜到 hotresearch/2026_6_27/2026_6_27_19.txt
2026-06-27 19:06:57,171 [ERROR] 请求失败：401 Client Error: Authorization Required for url: https://www.zhihu.com/api/v3/feed/topstory/hot-lists/total?limit=50&desktop=true
2026-06-27 19:06:57,172 [ERROR] 没有获取到热榜数据，退出。
2026-06-27 20:52:35,265 [ERROR] 请求失败：403 Client Error: Forbidden for url: https://www.zhihu.com/api/v4/search/top_search
2026-06-27 20:52:35,266 [ERROR] 没有获取到热搜数据，退出。
2026-06-27 20:52:35,599 [ERROR] 请求失败：401 Client Error: Authorization Required for url: https://www.zhihu.com/api/v3/feed/topstory/hot-lists/total?limit=50&desktop=true
2026-06-27 20:52:35,600 [ERROR] 没有获取到热榜数据，退出。
2026-06-27 21:56:49,275 [INFO] 成功写入 10 条热搜到 hotresearch/2026_6_27/2026_6_27_21.txt
2026-06-27 21:56:49,784 [ERROR] 请求失败：401 Client Error: Authorization Required for url: https://www.zhihu.com/api/v3/feed/topstory/hot-lists/total?limit=50&desktop=true
2026-06-27 21:56:49,784 [ERROR] 没有获取到热榜数据，退出。
