2026-02-04 01:20:59,833 [INFO] 成功写入 10 条热搜到 hotresearch/2026_2_4/2026_2_4_1.txt
2026-02-04 01:21:00,273 [ERROR] 请求失败：401 Client Error: Authorization Required for url: https://www.zhihu.com/api/v3/feed/topstory/hot-lists/total?limit=50&desktop=true
2026-02-04 01:21:00,273 [ERROR] 没有获取到热榜数据，退出。
2026-02-04 04:05:27,195 [INFO] 成功写入 10 条热搜到 hotresearch/2026_2_4/2026_2_4_4.txt
2026-02-04 04:05:27,709 [ERROR] 请求失败：401 Client Error: Authorization Required for url: https://www.zhihu.com/api/v3/feed/topstory/hot-lists/total?limit=50&desktop=true
2026-02-04 04:05:27,709 [ERROR] 没有获取到热榜数据，退出。
2026-02-04 05:41:55,726 [INFO] 成功写入 10 条热搜到 hotresearch/2026_2_4/2026_2_4_5.txt
2026-02-04 05:41:56,231 [ERROR] 请求失败：403 Client Error: Forbidden for url: https://www.zhihu.com/api/v3/feed/topstory/hot-lists/total?limit=50&desktop=true
2026-02-04 05:41:56,231 [ERROR] 没有获取到热榜数据，退出。
2026-02-04 06:40:21,554 [INFO] 成功写入 10 条热搜到 hotresearch/2026_2_4/2026_2_4_6.txt
2026-02-04 06:40:21,927 [ERROR] 请求失败：401 Client Error: Authorization Required for url: https://www.zhihu.com/api/v3/feed/topstory/hot-lists/total?limit=50&desktop=true
2026-02-04 06:40:21,927 [ERROR] 没有获取到热榜数据，退出。
2026-02-04 07:38:28,991 [INFO] 成功写入 10 条热搜到 hotresearch/2026_2_4/2026_2_4_7.txt
2026-02-04 07:38:29,438 [ERROR] 请求失败：401 Client Error: Authorization Required for url: https://www.zhihu.com/api/v3/feed/topstory/hot-lists/total?limit=50&desktop=true
2026-02-04 07:38:29,438 [ERROR] 没有获取到热榜数据，退出。
2026-02-04 08:31:45,968 [INFO] 成功写入 10 条热搜到 hotresearch/2026_2_4/2026_2_4_8.txt
2026-02-04 08:31:46,333 [ERROR] 请求失败：401 Client Error: Authorization Required for url: https://www.zhihu.com/api/v3/feed/topstory/hot-lists/total?limit=50&desktop=true
2026-02-04 08:31:46,333 [ERROR] 没有获取到热榜数据，退出。
2026-02-04 09:35:24,452 [INFO] 成功写入 10 条热搜到 hotresearch/2026_2_4/2026_2_4_9.txt
2026-02-04 09:35:24,950 [ERROR] 请求失败：401 Client Error: Authorization Required for url: https://www.zhihu.com/api/v3/feed/topstory/hot-lists/total?limit=50&desktop=true
2026-02-04 09:35:24,950 [ERROR] 没有获取到热榜数据，退出。
2026-02-04 10:31:44,336 [ERROR] 请求失败：403 Client Error: Forbidden for url: https://www.zhihu.com/api/v4/search/top_search
2026-02-04 10:31:44,336 [ERROR] 没有获取到热搜数据，退出。
2026-02-04 10:31:44,797 [ERROR] 请求失败：401 Client Error: Authorization Required for url: https://www.zhihu.com/api/v3/feed/topstory/hot-lists/total?limit=50&desktop=true
2026-02-04 10:31:44,797 [ERROR] 没有获取到热榜数据，退出。
2026-02-04 11:27:36,603 [INFO] 成功写入 10 条热搜到 hotresearch/2026_2_4/2026_2_4_11.txt
2026-02-04 11:27:37,082 [ERROR] 请求失败：401 Client Error: Authorization Required for url: https://www.zhihu.com/api/v3/feed/topstory/hot-lists/total?limit=50&desktop=true
2026-02-04 11:27:37,083 [ERROR] 没有获取到热榜数据，退出。
2026-02-04 12:41:09,641 [INFO] 成功写入 10 条热搜到 hotresearch/2026_2_4/2026_2_4_12.txt
2026-02-04 12:41:10,116 [ERROR] 请求失败：401 Client Error: Authorization Required for url: https://www.zhihu.com/api/v3/feed/topstory/hot-lists/total?limit=50&desktop=true
2026-02-04 12:41:10,116 [ERROR] 没有获取到热榜数据，退出。
2026-02-04 13:57:42,883 [INFO] 成功写入 10 条热搜到 hotresearch/2026_2_4/2026_2_4_13.txt
2026-02-04 13:57:43,225 [ERROR] 请求失败：401 Client Error: Authorization Required for url: https://www.zhihu.com/api/v3/feed/topstory/hot-lists/total?limit=50&desktop=true
2026-02-04 13:57:43,225 [ERROR] 没有获取到热榜数据，退出。
2026-02-04 14:39:07,465 [INFO] 成功写入 10 条热搜到 hotresearch/2026_2_4/2026_2_4_14.txt
2026-02-04 14:39:07,952 [ERROR] 请求失败：401 Client Error: Authorization Required for url: https://www.zhihu.com/api/v3/feed/topstory/hot-lists/total?limit=50&desktop=true
2026-02-04 14:39:07,953 [ERROR] 没有获取到热榜数据，退出。
