2026-05-01 02:25:54,904 [ERROR] 请求失败：403 Client Error: Forbidden for url: https://www.zhihu.com/api/v4/search/top_search
2026-05-01 02:25:54,904 [ERROR] 没有获取到热搜数据，退出。
2026-05-01 02:25:55,433 [ERROR] 请求失败：403 Client Error: Forbidden for url: https://www.zhihu.com/api/v3/feed/topstory/hot-lists/total?limit=50&desktop=true
2026-05-01 02:25:55,433 [ERROR] 没有获取到热榜数据，退出。
2026-05-01 06:08:36,259 [INFO] 成功写入 10 条热搜到 hotresearch/2026_5_1/2026_5_1_6.txt
2026-05-01 06:08:36,751 [ERROR] 请求失败：401 Client Error: Authorization Required for url: https://www.zhihu.com/api/v3/feed/topstory/hot-lists/total?limit=50&desktop=true
2026-05-01 06:08:36,751 [ERROR] 没有获取到热榜数据，退出。
2026-05-01 08:54:27,070 [INFO] 成功写入 10 条热搜到 hotresearch/2026_5_1/2026_5_1_8.txt
2026-05-01 08:54:27,661 [ERROR] 请求失败：403 Client Error: Forbidden for url: https://www.zhihu.com/api/v3/feed/topstory/hot-lists/total?limit=50&desktop=true
2026-05-01 08:54:27,661 [ERROR] 没有获取到热榜数据，退出。
2026-05-01 10:17:35,727 [INFO] 成功写入 10 条热搜到 hotresearch/2026_5_1/2026_5_1_10.txt
2026-05-01 10:17:36,246 [ERROR] 请求失败：403 Client Error: Forbidden for url: https://www.zhihu.com/api/v3/feed/topstory/hot-lists/total?limit=50&desktop=true
2026-05-01 10:17:36,246 [ERROR] 没有获取到热榜数据，退出。
2026-05-01 11:52:36,492 [INFO] 成功写入 10 条热搜到 hotresearch/2026_5_1/2026_5_1_11.txt
2026-05-01 11:52:37,047 [ERROR] 请求失败：401 Client Error: Authorization Required for url: https://www.zhihu.com/api/v3/feed/topstory/hot-lists/total?limit=50&desktop=true
2026-05-01 11:52:37,047 [ERROR] 没有获取到热榜数据，退出。
2026-05-01 13:02:18,811 [INFO] 成功写入 10 条热搜到 hotresearch/2026_5_1/2026_5_1_13.txt
2026-05-01 13:02:19,170 [ERROR] 请求失败：401 Client Error: Authorization Required for url: https://www.zhihu.com/api/v3/feed/topstory/hot-lists/total?limit=50&desktop=true
2026-05-01 13:02:19,170 [ERROR] 没有获取到热榜数据，退出。
2026-05-01 14:47:32,356 [INFO] 成功写入 10 条热搜到 hotresearch/2026_5_1/2026_5_1_14.txt
2026-05-01 14:47:32,923 [ERROR] 请求失败：403 Client Error: Forbidden for url: https://www.zhihu.com/api/v3/feed/topstory/hot-lists/total?limit=50&desktop=true
2026-05-01 14:47:32,923 [ERROR] 没有获取到热榜数据，退出。
2026-05-01 15:49:44,415 [INFO] 成功写入 10 条热搜到 hotresearch/2026_5_1/2026_5_1_15.txt
2026-05-01 15:49:44,903 [ERROR] 请求失败：401 Client Error: Authorization Required for url: https://www.zhihu.com/api/v3/feed/topstory/hot-lists/total?limit=50&desktop=true
2026-05-01 15:49:44,903 [ERROR] 没有获取到热榜数据，退出。
2026-05-01 16:48:28,394 [INFO] 成功写入 10 条热搜到 hotresearch/2026_5_1/2026_5_1_16.txt
2026-05-01 16:48:28,945 [ERROR] 请求失败：401 Client Error: Authorization Required for url: https://www.zhihu.com/api/v3/feed/topstory/hot-lists/total?limit=50&desktop=true
2026-05-01 16:48:28,945 [ERROR] 没有获取到热榜数据，退出。
2026-05-01 17:52:28,916 [INFO] 成功写入 10 条热搜到 hotresearch/2026_5_1/2026_5_1_17.txt
2026-05-01 17:52:29,293 [ERROR] 请求失败：401 Client Error: Authorization Required for url: https://www.zhihu.com/api/v3/feed/topstory/hot-lists/total?limit=50&desktop=true
2026-05-01 17:52:29,293 [ERROR] 没有获取到热榜数据，退出。
2026-05-01 19:00:31,996 [INFO] 成功写入 10 条热搜到 hotresearch/2026_5_1/2026_5_1_19.txt
2026-05-01 19:00:32,496 [ERROR] 请求失败：401 Client Error: Authorization Required for url: https://www.zhihu.com/api/v3/feed/topstory/hot-lists/total?limit=50&desktop=true
2026-05-01 19:00:32,496 [ERROR] 没有获取到热榜数据，退出。
2026-05-01 20:42:02,559 [INFO] 成功写入 10 条热搜到 hotresearch/2026_5_1/2026_5_1_20.txt
2026-05-01 20:42:03,046 [ERROR] 请求失败：401 Client Error: Authorization Required for url: https://www.zhihu.com/api/v3/feed/topstory/hot-lists/total?limit=50&desktop=true
2026-05-01 20:42:03,046 [ERROR] 没有获取到热榜数据，退出。
2026-05-01 21:44:00,789 [INFO] 成功写入 10 条热搜到 hotresearch/2026_5_1/2026_5_1_21.txt
2026-05-01 21:44:01,354 [ERROR] 请求失败：401 Client Error: Authorization Required for url: https://www.zhihu.com/api/v3/feed/topstory/hot-lists/total?limit=50&desktop=true
2026-05-01 21:44:01,355 [ERROR] 没有获取到热榜数据，退出。
2026-05-01 22:41:35,818 [INFO] 成功写入 10 条热搜到 hotresearch/2026_5_1/2026_5_1_22.txt
2026-05-01 22:41:36,314 [ERROR] 请求失败：401 Client Error: Authorization Required for url: https://www.zhihu.com/api/v3/feed/topstory/hot-lists/total?limit=50&desktop=true
2026-05-01 22:41:36,314 [ERROR] 没有获取到热榜数据，退出。
2026-05-01 23:43:14,408 [INFO] 成功写入 10 条热搜到 hotresearch/2026_5_1/2026_5_1_23.txt
2026-05-01 23:43:14,964 [ERROR] 请求失败：401 Client Error: Authorization Required for url: https://www.zhihu.com/api/v3/feed/topstory/hot-lists/total?limit=50&desktop=true
2026-05-01 23:43:14,965 [ERROR] 没有获取到热榜数据，退出。
