2026-03-20 01:23:47,796 [INFO] 成功写入 10 条热搜到 hotresearch/2026_3_20/2026_3_20_1.txt
2026-03-20 01:23:48,303 [ERROR] 请求失败：403 Client Error: Forbidden for url: https://www.zhihu.com/api/v3/feed/topstory/hot-lists/total?limit=50&desktop=true
2026-03-20 01:23:48,303 [ERROR] 没有获取到热榜数据，退出。
2026-03-20 04:07:25,269 [ERROR] 请求失败：403 Client Error: Forbidden for url: https://www.zhihu.com/api/v4/search/top_search
2026-03-20 04:07:25,269 [ERROR] 没有获取到热搜数据，退出。
2026-03-20 04:07:25,798 [ERROR] 请求失败：403 Client Error: Forbidden for url: https://www.zhihu.com/api/v3/feed/topstory/hot-lists/total?limit=50&desktop=true
2026-03-20 04:07:25,798 [ERROR] 没有获取到热榜数据，退出。
2026-03-20 05:45:07,021 [INFO] 成功写入 10 条热搜到 hotresearch/2026_3_20/2026_3_20_5.txt
2026-03-20 05:45:07,443 [ERROR] 请求失败：401 Client Error: Authorization Required for url: https://www.zhihu.com/api/v3/feed/topstory/hot-lists/total?limit=50&desktop=true
2026-03-20 05:45:07,443 [ERROR] 没有获取到热榜数据，退出。
2026-03-20 06:44:06,409 [INFO] 成功写入 10 条热搜到 hotresearch/2026_3_20/2026_3_20_6.txt
2026-03-20 06:44:06,892 [ERROR] 请求失败：403 Client Error: Forbidden for url: https://www.zhihu.com/api/v3/feed/topstory/hot-lists/total?limit=50&desktop=true
2026-03-20 06:44:06,892 [ERROR] 没有获取到热榜数据，退出。
2026-03-20 07:40:14,137 [INFO] 成功写入 10 条热搜到 hotresearch/2026_3_20/2026_3_20_7.txt
2026-03-20 07:40:14,703 [ERROR] 请求失败：403 Client Error: Forbidden for url: https://www.zhihu.com/api/v3/feed/topstory/hot-lists/total?limit=50&desktop=true
2026-03-20 07:40:14,703 [ERROR] 没有获取到热榜数据，退出。
2026-03-20 08:32:35,062 [INFO] 成功写入 10 条热搜到 hotresearch/2026_3_20/2026_3_20_8.txt
2026-03-20 08:32:35,544 [ERROR] 请求失败：403 Client Error: Forbidden for url: https://www.zhihu.com/api/v3/feed/topstory/hot-lists/total?limit=50&desktop=true
2026-03-20 08:32:35,544 [ERROR] 没有获取到热榜数据，退出。
2026-03-20 09:33:35,339 [INFO] 成功写入 10 条热搜到 hotresearch/2026_3_20/2026_3_20_9.txt
2026-03-20 09:33:35,860 [ERROR] 请求失败：403 Client Error: Forbidden for url: https://www.zhihu.com/api/v3/feed/topstory/hot-lists/total?limit=50&desktop=true
2026-03-20 09:33:35,860 [ERROR] 没有获取到热榜数据，退出。
2026-03-20 10:30:35,524 [INFO] 成功写入 10 条热搜到 hotresearch/2026_3_20/2026_3_20_10.txt
2026-03-20 10:30:36,052 [ERROR] 请求失败：403 Client Error: Forbidden for url: https://www.zhihu.com/api/v3/feed/topstory/hot-lists/total?limit=50&desktop=true
2026-03-20 10:30:36,052 [ERROR] 没有获取到热榜数据，退出。
2026-03-20 11:25:00,424 [INFO] 成功写入 10 条热搜到 hotresearch/2026_3_20/2026_3_20_11.txt
2026-03-20 11:25:00,890 [ERROR] 请求失败：401 Client Error: Authorization Required for url: https://www.zhihu.com/api/v3/feed/topstory/hot-lists/total?limit=50&desktop=true
2026-03-20 11:25:00,890 [ERROR] 没有获取到热榜数据，退出。
2026-03-20 12:40:34,167 [INFO] 成功写入 10 条热搜到 hotresearch/2026_3_20/2026_3_20_12.txt
2026-03-20 12:40:34,694 [ERROR] 请求失败：401 Client Error: Authorization Required for url: https://www.zhihu.com/api/v3/feed/topstory/hot-lists/total?limit=50&desktop=true
2026-03-20 12:40:34,694 [ERROR] 没有获取到热榜数据，退出。
2026-03-20 13:55:53,352 [INFO] 成功写入 10 条热搜到 hotresearch/2026_3_20/2026_3_20_13.txt
2026-03-20 13:55:53,827 [ERROR] 请求失败：401 Client Error: Authorization Required for url: https://www.zhihu.com/api/v3/feed/topstory/hot-lists/total?limit=50&desktop=true
2026-03-20 13:55:53,827 [ERROR] 没有获取到热榜数据，退出。
2026-03-20 14:38:56,022 [INFO] 成功写入 10 条热搜到 hotresearch/2026_3_20/2026_3_20_14.txt
2026-03-20 14:38:56,496 [ERROR] 请求失败：401 Client Error: Authorization Required for url: https://www.zhihu.com/api/v3/feed/topstory/hot-lists/total?limit=50&desktop=true
2026-03-20 14:38:56,496 [ERROR] 没有获取到热榜数据，退出。
