2026-02-10 01:49:42,731 [INFO] 成功写入 10 条热搜到 hotresearch/2026_2_10/2026_2_10_1.txt
2026-02-10 01:49:43,245 [ERROR] 请求失败：401 Client Error: Authorization Required for url: https://www.zhihu.com/api/v3/feed/topstory/hot-lists/total?limit=50&desktop=true
2026-02-10 01:49:43,246 [ERROR] 没有获取到热榜数据，退出。
2026-02-10 04:26:06,979 [INFO] 成功写入 10 条热搜到 hotresearch/2026_2_10/2026_2_10_4.txt
2026-02-10 04:26:07,506 [ERROR] 请求失败：401 Client Error: Authorization Required for url: https://www.zhihu.com/api/v3/feed/topstory/hot-lists/total?limit=50&desktop=true
2026-02-10 04:26:07,506 [ERROR] 没有获取到热榜数据，退出。
2026-02-10 06:07:24,920 [INFO] 成功写入 10 条热搜到 hotresearch/2026_2_10/2026_2_10_6.txt
2026-02-10 06:07:25,365 [ERROR] 请求失败：401 Client Error: Authorization Required for url: https://www.zhihu.com/api/v3/feed/topstory/hot-lists/total?limit=50&desktop=true
2026-02-10 06:07:25,365 [ERROR] 没有获取到热榜数据，退出。
2026-02-10 07:54:14,430 [WARNING] Retrying (Retry(total=4, connect=None, read=None, redirect=None, status=None)) after connection broken by 'NewConnectionError('<urllib3.connection.HTTPSConnection object at 0x7fb2a1f6e480>: Failed to establish a new connection: [Errno 101] Network is unreachable')': /api/v4/search/top_search
2026-02-10 07:54:26,442 [WARNING] Retrying (Retry(total=3, connect=None, read=None, redirect=None, status=None)) after connection broken by 'NewConnectionError('<urllib3.connection.HTTPSConnection object at 0x7fb2a1f6ed20>: Failed to establish a new connection: [Errno 101] Network is unreachable')': /api/v4/search/top_search
2026-02-10 07:54:40,453 [WARNING] Retrying (Retry(total=2, connect=None, read=None, redirect=None, status=None)) after connection broken by 'NewConnectionError('<urllib3.connection.HTTPSConnection object at 0x7fb2a1f6ef00>: Failed to establish a new connection: [Errno 101] Network is unreachable')': /api/v4/search/top_search
2026-02-10 07:54:58,465 [WARNING] Retrying (Retry(total=1, connect=None, read=None, redirect=None, status=None)) after connection broken by 'NewConnectionError('<urllib3.connection.HTTPSConnection object at 0x7fb2a1f6f050>: Failed to establish a new connection: [Errno 101] Network is unreachable')': /api/v4/search/top_search
2026-02-10 07:55:24,476 [WARNING] Retrying (Retry(total=0, connect=None, read=None, redirect=None, status=None)) after connection broken by 'NewConnectionError('<urllib3.connection.HTTPSConnection object at 0x7fb2a1f6f1a0>: Failed to establish a new connection: [Errno 101] Network is unreachable')': /api/v4/search/top_search
2026-02-10 07:55:34,550 [ERROR] 请求失败：HTTPSConnectionPool(host='www.zhihu.com', port=443): Max retries exceeded with url: /api/v4/search/top_search (Caused by NewConnectionError('<urllib3.connection.HTTPSConnection object at 0x7fb2a1f6f2f0>: Failed to establish a new connection: [Errno 101] Network is unreachable'))
2026-02-10 07:55:34,551 [ERROR] 没有获取到热搜数据，退出。
2026-02-10 07:55:44,666 [WARNING] Retrying (Retry(total=4, connect=None, read=None, redirect=None, status=None)) after connection broken by 'NewConnectionError('<urllib3.connection.HTTPSConnection object at 0x7fed817d2f60>: Failed to establish a new connection: [Errno 101] Network is unreachable')': /api/v3/feed/topstory/hot-lists/total?limit=50&desktop=true
2026-02-10 07:55:56,678 [WARNING] Retrying (Retry(total=3, connect=None, read=None, redirect=None, status=None)) after connection broken by 'NewConnectionError('<urllib3.connection.HTTPSConnection object at 0x7fed81ac02c0>: Failed to establish a new connection: [Errno 101] Network is unreachable')': /api/v3/feed/topstory/hot-lists/total?limit=50&desktop=true
2026-02-10 07:56:10,690 [WARNING] Retrying (Retry(total=2, connect=None, read=None, redirect=None, status=None)) after connection broken by 'NewConnectionError('<urllib3.connection.HTTPSConnection object at 0x7fed817d31d0>: Failed to establish a new connection: [Errno 101] Network is unreachable')': /api/v3/feed/topstory/hot-lists/total?limit=50&desktop=true
2026-02-10 07:56:28,701 [WARNING] Retrying (Retry(total=1, connect=None, read=None, redirect=None, status=None)) after connection broken by 'NewConnectionError('<urllib3.connection.HTTPSConnection object at 0x7fed817d3320>: Failed to establish a new connection: [Errno 101] Network is unreachable')': /api/v3/feed/topstory/hot-lists/total?limit=50&desktop=true
2026-02-10 07:56:54,864 [WARNING] Retrying (Retry(total=0, connect=None, read=None, redirect=None, status=None)) after connection broken by 'NewConnectionError('<urllib3.connection.HTTPSConnection object at 0x7fed817d3470>: Failed to establish a new connection: [Errno 101] Network is unreachable')': /api/v3/feed/topstory/hot-lists/total?limit=50&desktop=true
2026-02-10 07:57:04,876 [ERROR] 请求失败：HTTPSConnectionPool(host='www.zhihu.com', port=443): Max retries exceeded with url: /api/v3/feed/topstory/hot-lists/total?limit=50&desktop=true (Caused by NewConnectionError('<urllib3.connection.HTTPSConnection object at 0x7fed817d35c0>: Failed to establish a new connection: [Errno 101] Network is unreachable'))
2026-02-10 07:57:04,876 [ERROR] 没有获取到热榜数据，退出。
2026-02-10 08:41:32,144 [INFO] 成功写入 10 条热搜到 hotresearch/2026_2_10/2026_2_10_8.txt
2026-02-10 08:41:32,624 [ERROR] 请求失败：401 Client Error: Authorization Required for url: https://www.zhihu.com/api/v3/feed/topstory/hot-lists/total?limit=50&desktop=true
2026-02-10 08:41:32,624 [ERROR] 没有获取到热榜数据，退出。
2026-02-10 09:53:27,361 [INFO] 成功写入 10 条热搜到 hotresearch/2026_2_10/2026_2_10_9.txt
2026-02-10 09:53:27,775 [ERROR] 请求失败：401 Client Error: Authorization Required for url: https://www.zhihu.com/api/v3/feed/topstory/hot-lists/total?limit=50&desktop=true
2026-02-10 09:53:27,775 [ERROR] 没有获取到热榜数据，退出。
2026-02-10 10:47:11,470 [INFO] 成功写入 10 条热搜到 hotresearch/2026_2_10/2026_2_10_10.txt
2026-02-10 10:47:11,975 [ERROR] 请求失败：401 Client Error: Authorization Required for url: https://www.zhihu.com/api/v3/feed/topstory/hot-lists/total?limit=50&desktop=true
2026-02-10 10:47:11,976 [ERROR] 没有获取到热榜数据，退出。
2026-02-10 11:43:46,531 [INFO] 成功写入 10 条热搜到 hotresearch/2026_2_10/2026_2_10_11.txt
2026-02-10 11:43:46,888 [ERROR] 请求失败：401 Client Error: Authorization Required for url: https://www.zhihu.com/api/v3/feed/topstory/hot-lists/total?limit=50&desktop=true
2026-02-10 11:43:46,888 [ERROR] 没有获取到热榜数据，退出。
2026-02-10 12:55:55,705 [INFO] 成功写入 10 条热搜到 hotresearch/2026_2_10/2026_2_10_12.txt
2026-02-10 12:55:56,058 [ERROR] 请求失败：401 Client Error: Authorization Required for url: https://www.zhihu.com/api/v3/feed/topstory/hot-lists/total?limit=50&desktop=true
2026-02-10 12:55:56,058 [ERROR] 没有获取到热榜数据，退出。
2026-02-10 14:18:52,010 [INFO] 成功写入 10 条热搜到 hotresearch/2026_2_10/2026_2_10_14.txt
2026-02-10 14:18:52,500 [ERROR] 请求失败：401 Client Error: Authorization Required for url: https://www.zhihu.com/api/v3/feed/topstory/hot-lists/total?limit=50&desktop=true
2026-02-10 14:18:52,500 [ERROR] 没有获取到热榜数据，退出。
2026-02-10 15:58:59,667 [INFO] 成功写入 10 条热搜到 hotresearch/2026_2_10/2026_2_10_15.txt
2026-02-10 15:59:00,003 [ERROR] 请求失败：401 Client Error: Authorization Required for url: https://www.zhihu.com/api/v3/feed/topstory/hot-lists/total?limit=50&desktop=true
2026-02-10 15:59:00,003 [ERROR] 没有获取到热榜数据，退出。
2026-02-10 17:04:44,103 [INFO] 成功写入 10 条热搜到 hotresearch/2026_2_10/2026_2_10_17.txt
2026-02-10 17:04:44,628 [ERROR] 请求失败：401 Client Error: Authorization Required for url: https://www.zhihu.com/api/v3/feed/topstory/hot-lists/total?limit=50&desktop=true
2026-02-10 17:04:44,628 [ERROR] 没有获取到热榜数据，退出。
2026-02-10 18:56:28,886 [INFO] 成功写入 10 条热搜到 hotresearch/2026_2_10/2026_2_10_18.txt
2026-02-10 18:56:29,269 [ERROR] 请求失败：401 Client Error: Authorization Required for url: https://www.zhihu.com/api/v3/feed/topstory/hot-lists/total?limit=50&desktop=true
2026-02-10 18:56:29,269 [ERROR] 没有获取到热榜数据，退出。
2026-02-10 19:57:06,216 [INFO] 成功写入 10 条热搜到 hotresearch/2026_2_10/2026_2_10_19.txt
2026-02-10 19:57:06,563 [ERROR] 请求失败：401 Client Error: Authorization Required for url: https://www.zhihu.com/api/v3/feed/topstory/hot-lists/total?limit=50&desktop=true
2026-02-10 19:57:06,563 [ERROR] 没有获取到热榜数据，退出。
2026-02-10 20:41:08,916 [INFO] 成功写入 10 条热搜到 hotresearch/2026_2_10/2026_2_10_20.txt
2026-02-10 20:41:09,410 [ERROR] 请求失败：401 Client Error: Authorization Required for url: https://www.zhihu.com/api/v3/feed/topstory/hot-lists/total?limit=50&desktop=true
2026-02-10 20:41:09,410 [ERROR] 没有获取到热榜数据，退出。
