2026-04-14 01:54:11,222 [INFO] 成功写入 10 条热搜到 hotresearch/2026_4_14/2026_4_14_1.txt
2026-04-14 01:54:11,625 [ERROR] 请求失败：401 Client Error: Authorization Required for url: https://www.zhihu.com/api/v3/feed/topstory/hot-lists/total?limit=50&desktop=true
2026-04-14 01:54:11,625 [ERROR] 没有获取到热榜数据，退出。
2026-04-14 04:40:25,343 [INFO] 成功写入 10 条热搜到 hotresearch/2026_4_14/2026_4_14_4.txt
2026-04-14 04:40:25,705 [ERROR] 请求失败：401 Client Error: Authorization Required for url: https://www.zhihu.com/api/v3/feed/topstory/hot-lists/total?limit=50&desktop=true
2026-04-14 04:40:25,705 [ERROR] 没有获取到热榜数据，退出。
2026-04-14 06:27:01,941 [WARNING] Retrying (Retry(total=4, connect=None, read=None, redirect=None, status=None)) after connection broken by 'NewConnectionError('<urllib3.connection.HTTPSConnection object at 0x7f75dc9cec00>: Failed to establish a new connection: [Errno 101] Network is unreachable')': /api/v4/search/top_search
2026-04-14 06:27:13,952 [WARNING] Retrying (Retry(total=3, connect=None, read=None, redirect=None, status=None)) after connection broken by 'NewConnectionError('<urllib3.connection.HTTPSConnection object at 0x7f75dcdd7560>: Failed to establish a new connection: [Errno 101] Network is unreachable')': /api/v4/search/top_search
2026-04-14 06:27:27,964 [WARNING] Retrying (Retry(total=2, connect=None, read=None, redirect=None, status=None)) after connection broken by 'NewConnectionError('<urllib3.connection.HTTPSConnection object at 0x7f75dc9cef30>: Failed to establish a new connection: [Errno 101] Network is unreachable')': /api/v4/search/top_search
2026-04-14 06:27:45,976 [WARNING] Retrying (Retry(total=1, connect=None, read=None, redirect=None, status=None)) after connection broken by 'NewConnectionError('<urllib3.connection.HTTPSConnection object at 0x7f75dc9cf080>: Failed to establish a new connection: [Errno 101] Network is unreachable')': /api/v4/search/top_search
2026-04-14 06:28:11,987 [WARNING] Retrying (Retry(total=0, connect=None, read=None, redirect=None, status=None)) after connection broken by 'NewConnectionError('<urllib3.connection.HTTPSConnection object at 0x7f75dc9cf1d0>: Failed to establish a new connection: [Errno 101] Network is unreachable')': /api/v4/search/top_search
2026-04-14 06:28:22,106 [ERROR] 请求失败：HTTPSConnectionPool(host='www.zhihu.com', port=443): Max retries exceeded with url: /api/v4/search/top_search (Caused by NewConnectionError('<urllib3.connection.HTTPSConnection object at 0x7f75dc9cf320>: Failed to establish a new connection: [Errno 101] Network is unreachable'))
2026-04-14 06:28:22,106 [ERROR] 没有获取到热搜数据，退出。
2026-04-14 06:28:32,224 [WARNING] Retrying (Retry(total=4, connect=None, read=None, redirect=None, status=None)) after connection broken by 'NewConnectionError('<urllib3.connection.HTTPSConnection object at 0x7f62b8994920>: Failed to establish a new connection: [Errno 101] Network is unreachable')': /api/v3/feed/topstory/hot-lists/total?limit=50&desktop=true
2026-04-14 06:28:44,235 [WARNING] Retrying (Retry(total=3, connect=None, read=None, redirect=None, status=None)) after connection broken by 'NewConnectionError('<urllib3.connection.HTTPSConnection object at 0x7f62b8d2f7a0>: Failed to establish a new connection: [Errno 101] Network is unreachable')': /api/v3/feed/topstory/hot-lists/total?limit=50&desktop=true
2026-04-14 06:28:58,247 [WARNING] Retrying (Retry(total=2, connect=None, read=None, redirect=None, status=None)) after connection broken by 'NewConnectionError('<urllib3.connection.HTTPSConnection object at 0x7f62b89971d0>: Failed to establish a new connection: [Errno 101] Network is unreachable')': /api/v3/feed/topstory/hot-lists/total?limit=50&desktop=true
2026-04-14 06:29:16,259 [WARNING] Retrying (Retry(total=1, connect=None, read=None, redirect=None, status=None)) after connection broken by 'NewConnectionError('<urllib3.connection.HTTPSConnection object at 0x7f62b8997260>: Failed to establish a new connection: [Errno 101] Network is unreachable')': /api/v3/feed/topstory/hot-lists/total?limit=50&desktop=true
2026-04-14 06:29:42,388 [WARNING] Retrying (Retry(total=0, connect=None, read=None, redirect=None, status=None)) after connection broken by 'NewConnectionError('<urllib3.connection.HTTPSConnection object at 0x7f62b89973b0>: Failed to establish a new connection: [Errno 101] Network is unreachable')': /api/v3/feed/topstory/hot-lists/total?limit=50&desktop=true
2026-04-14 06:29:52,400 [ERROR] 请求失败：HTTPSConnectionPool(host='www.zhihu.com', port=443): Max retries exceeded with url: /api/v3/feed/topstory/hot-lists/total?limit=50&desktop=true (Caused by NewConnectionError('<urllib3.connection.HTTPSConnection object at 0x7f62b8997500>: Failed to establish a new connection: [Errno 101] Network is unreachable'))
2026-04-14 06:29:52,400 [ERROR] 没有获取到热榜数据，退出。
