2026-04-23 01:58:28,664 [INFO] 成功写入 10 条热搜到 hotresearch/2026_4_23/2026_4_23_1.txt
2026-04-23 01:58:29,033 [ERROR] 请求失败：401 Client Error: Authorization Required for url: https://www.zhihu.com/api/v3/feed/topstory/hot-lists/total?limit=50&desktop=true
2026-04-23 01:58:29,033 [ERROR] 没有获取到热榜数据，退出。
2026-04-23 04:50:58,009 [INFO] 成功写入 10 条热搜到 hotresearch/2026_4_23/2026_4_23_4.txt
2026-04-23 04:50:58,560 [ERROR] 请求失败：403 Client Error: Forbidden for url: https://www.zhihu.com/api/v3/feed/topstory/hot-lists/total?limit=50&desktop=true
2026-04-23 04:50:58,560 [ERROR] 没有获取到热榜数据，退出。
2026-04-23 06:57:15,677 [INFO] 成功写入 10 条热搜到 hotresearch/2026_4_23/2026_4_23_6.txt
2026-04-23 06:57:16,081 [ERROR] 请求失败：401 Client Error: Authorization Required for url: https://www.zhihu.com/api/v3/feed/topstory/hot-lists/total?limit=50&desktop=true
2026-04-23 06:57:16,081 [ERROR] 没有获取到热榜数据，退出。
2026-04-23 08:51:18,068 [INFO] 成功写入 10 条热搜到 hotresearch/2026_4_23/2026_4_23_8.txt
2026-04-23 08:51:18,580 [ERROR] 请求失败：403 Client Error: Forbidden for url: https://www.zhihu.com/api/v3/feed/topstory/hot-lists/total?limit=50&desktop=true
2026-04-23 08:51:18,581 [ERROR] 没有获取到热榜数据，退出。
2026-04-23 10:16:26,341 [INFO] 成功写入 10 条热搜到 hotresearch/2026_4_23/2026_4_23_10.txt
2026-04-23 10:16:26,878 [ERROR] 请求失败：403 Client Error: Forbidden for url: https://www.zhihu.com/api/v3/feed/topstory/hot-lists/total?limit=50&desktop=true
2026-04-23 10:16:26,879 [ERROR] 没有获取到热榜数据，退出。
2026-04-23 11:55:33,332 [INFO] 成功写入 10 条热搜到 hotresearch/2026_4_23/2026_4_23_11.txt
2026-04-23 11:55:33,835 [ERROR] 请求失败：401 Client Error: Authorization Required for url: https://www.zhihu.com/api/v3/feed/topstory/hot-lists/total?limit=50&desktop=true
2026-04-23 11:55:33,836 [ERROR] 没有获取到热榜数据，退出。
2026-04-23 13:12:13,832 [INFO] 成功写入 10 条热搜到 hotresearch/2026_4_23/2026_4_23_13.txt
2026-04-23 13:12:14,361 [ERROR] 请求失败：401 Client Error: Authorization Required for url: https://www.zhihu.com/api/v3/feed/topstory/hot-lists/total?limit=50&desktop=true
2026-04-23 13:12:14,361 [ERROR] 没有获取到热榜数据，退出。
2026-04-23 15:46:10,270 [ERROR] 请求失败：403 Client Error: Forbidden for url: https://www.zhihu.com/api/v4/search/top_search
2026-04-23 15:46:10,270 [ERROR] 没有获取到热搜数据，退出。
2026-04-23 15:46:10,650 [ERROR] 请求失败：401 Client Error: Authorization Required for url: https://www.zhihu.com/api/v3/feed/topstory/hot-lists/total?limit=50&desktop=true
2026-04-23 15:46:10,650 [ERROR] 没有获取到热榜数据，退出。
2026-04-23 17:12:06,539 [INFO] 成功写入 10 条热搜到 hotresearch/2026_4_23/2026_4_23_17.txt
2026-04-23 17:12:07,037 [ERROR] 请求失败：403 Client Error: Forbidden for url: https://www.zhihu.com/api/v3/feed/topstory/hot-lists/total?limit=50&desktop=true
2026-04-23 17:12:07,037 [ERROR] 没有获取到热榜数据，退出。
2026-04-23 18:57:56,524 [INFO] 成功写入 10 条热搜到 hotresearch/2026_4_23/2026_4_23_18.txt
2026-04-23 18:57:57,043 [ERROR] 请求失败：401 Client Error: Authorization Required for url: https://www.zhihu.com/api/v3/feed/topstory/hot-lists/total?limit=50&desktop=true
2026-04-23 18:57:57,043 [ERROR] 没有获取到热榜数据，退出。
2026-04-23 20:05:18,417 [INFO] 成功写入 10 条热搜到 hotresearch/2026_4_23/2026_4_23_20.txt
2026-04-23 20:05:18,947 [ERROR] 请求失败：401 Client Error: Authorization Required for url: https://www.zhihu.com/api/v3/feed/topstory/hot-lists/total?limit=50&desktop=true
2026-04-23 20:05:18,947 [ERROR] 没有获取到热榜数据，退出。
2026-04-23 21:38:43,773 [INFO] 成功写入 10 条热搜到 hotresearch/2026_4_23/2026_4_23_21.txt
2026-04-23 21:38:44,152 [ERROR] 请求失败：401 Client Error: Authorization Required for url: https://www.zhihu.com/api/v3/feed/topstory/hot-lists/total?limit=50&desktop=true
2026-04-23 21:38:44,152 [ERROR] 没有获取到热榜数据，退出。
2026-04-23 22:36:41,252 [INFO] 成功写入 10 条热搜到 hotresearch/2026_4_23/2026_4_23_22.txt
2026-04-23 22:36:41,734 [ERROR] 请求失败：401 Client Error: Authorization Required for url: https://www.zhihu.com/api/v3/feed/topstory/hot-lists/total?limit=50&desktop=true
2026-04-23 22:36:41,734 [ERROR] 没有获取到热榜数据，退出。
2026-04-23 23:37:44,303 [INFO] 成功写入 10 条热搜到 hotresearch/2026_4_23/2026_4_23_23.txt
2026-04-23 23:37:44,846 [ERROR] 请求失败：401 Client Error: Authorization Required for url: https://www.zhihu.com/api/v3/feed/topstory/hot-lists/total?limit=50&desktop=true
2026-04-23 23:37:44,846 [ERROR] 没有获取到热榜数据，退出。
