2026-01-21 01:11:48,103 [INFO] 成功写入 10 条热搜到 hotresearch/2026_1_21/2026_1_21_1.txt
2026-01-21 01:11:48,446 [ERROR] 请求失败：403 Client Error: Forbidden for url: https://www.zhihu.com/api/v3/feed/topstory/hot-lists/total?limit=50&desktop=true
2026-01-21 01:11:48,446 [ERROR] 没有获取到热榜数据，退出。
2026-01-21 03:27:36,562 [INFO] 成功写入 10 条热搜到 hotresearch/2026_1_21/2026_1_21_3.txt
2026-01-21 03:27:36,923 [ERROR] 请求失败：401 Client Error: Authorization Required for url: https://www.zhihu.com/api/v3/feed/topstory/hot-lists/total?limit=50&desktop=true
2026-01-21 03:27:36,923 [ERROR] 没有获取到热榜数据，退出。
2026-01-21 04:38:14,989 [INFO] 成功写入 10 条热搜到 hotresearch/2026_1_21/2026_1_21_4.txt
2026-01-21 04:38:15,331 [ERROR] 请求失败：401 Client Error: Authorization Required for url: https://www.zhihu.com/api/v3/feed/topstory/hot-lists/total?limit=50&desktop=true
2026-01-21 04:38:15,332 [ERROR] 没有获取到热榜数据，退出。
2026-01-21 05:23:05,171 [INFO] 成功写入 10 条热搜到 hotresearch/2026_1_21/2026_1_21_5.txt
2026-01-21 05:23:05,674 [ERROR] 请求失败：403 Client Error: Forbidden for url: https://www.zhihu.com/api/v3/feed/topstory/hot-lists/total?limit=50&desktop=true
2026-01-21 05:23:05,674 [ERROR] 没有获取到热榜数据，退出。
2026-01-21 06:26:01,208 [INFO] 成功写入 10 条热搜到 hotresearch/2026_1_21/2026_1_21_6.txt
2026-01-21 06:26:01,554 [ERROR] 请求失败：401 Client Error: Authorization Required for url: https://www.zhihu.com/api/v3/feed/topstory/hot-lists/total?limit=50&desktop=true
2026-01-21 06:26:01,555 [ERROR] 没有获取到热榜数据，退出。
2026-01-21 07:21:39,890 [INFO] 成功写入 10 条热搜到 hotresearch/2026_1_21/2026_1_21_7.txt
2026-01-21 07:21:40,239 [ERROR] 请求失败：401 Client Error: Authorization Required for url: https://www.zhihu.com/api/v3/feed/topstory/hot-lists/total?limit=50&desktop=true
2026-01-21 07:21:40,239 [ERROR] 没有获取到热榜数据，退出。
2026-01-21 08:22:45,181 [INFO] 成功写入 10 条热搜到 hotresearch/2026_1_21/2026_1_21_8.txt
2026-01-21 08:22:45,637 [ERROR] 请求失败：401 Client Error: Authorization Required for url: https://www.zhihu.com/api/v3/feed/topstory/hot-lists/total?limit=50&desktop=true
2026-01-21 08:22:45,638 [ERROR] 没有获取到热榜数据，退出。
2026-01-21 09:25:55,256 [INFO] 成功写入 10 条热搜到 hotresearch/2026_1_21/2026_1_21_9.txt
2026-01-21 09:25:55,723 [ERROR] 请求失败：403 Client Error: Forbidden for url: https://www.zhihu.com/api/v3/feed/topstory/hot-lists/total?limit=50&desktop=true
2026-01-21 09:25:55,724 [ERROR] 没有获取到热榜数据，退出。
2026-01-21 10:19:58,358 [INFO] 成功写入 10 条热搜到 hotresearch/2026_1_21/2026_1_21_10.txt
2026-01-21 10:19:58,846 [ERROR] 请求失败：401 Client Error: Authorization Required for url: https://www.zhihu.com/api/v3/feed/topstory/hot-lists/total?limit=50&desktop=true
2026-01-21 10:19:58,846 [ERROR] 没有获取到热榜数据，退出。
2026-01-21 11:18:00,138 [INFO] 成功写入 10 条热搜到 hotresearch/2026_1_21/2026_1_21_11.txt
2026-01-21 11:18:00,671 [ERROR] 请求失败：401 Client Error: Authorization Required for url: https://www.zhihu.com/api/v3/feed/topstory/hot-lists/total?limit=50&desktop=true
2026-01-21 11:18:00,671 [ERROR] 没有获取到热榜数据，退出。
2026-01-21 12:33:40,996 [INFO] 成功写入 10 条热搜到 hotresearch/2026_1_21/2026_1_21_12.txt
2026-01-21 12:33:41,572 [ERROR] 请求失败：401 Client Error: Authorization Required for url: https://www.zhihu.com/api/v3/feed/topstory/hot-lists/total?limit=50&desktop=true
2026-01-21 12:33:41,572 [ERROR] 没有获取到热榜数据，退出。
2026-01-21 13:39:25,243 [INFO] 成功写入 10 条热搜到 hotresearch/2026_1_21/2026_1_21_13.txt
2026-01-21 13:39:25,724 [ERROR] 请求失败：401 Client Error: Authorization Required for url: https://www.zhihu.com/api/v3/feed/topstory/hot-lists/total?limit=50&desktop=true
2026-01-21 13:39:25,724 [ERROR] 没有获取到热榜数据，退出。
2026-01-21 14:22:36,007 [INFO] 成功写入 10 条热搜到 hotresearch/2026_1_21/2026_1_21_14.txt
2026-01-21 14:22:36,483 [ERROR] 请求失败：403 Client Error: Forbidden for url: https://www.zhihu.com/api/v3/feed/topstory/hot-lists/total?limit=50&desktop=true
2026-01-21 14:22:36,483 [ERROR] 没有获取到热榜数据，退出。
2026-01-21 15:24:01,916 [INFO] 成功写入 10 条热搜到 hotresearch/2026_1_21/2026_1_21_15.txt
2026-01-21 15:24:02,267 [ERROR] 请求失败：401 Client Error: Authorization Required for url: https://www.zhihu.com/api/v3/feed/topstory/hot-lists/total?limit=50&desktop=true
2026-01-21 15:24:02,267 [ERROR] 没有获取到热榜数据，退出。
2026-01-21 16:31:09,010 [INFO] 成功写入 10 条热搜到 hotresearch/2026_1_21/2026_1_21_16.txt
2026-01-21 16:31:09,493 [ERROR] 请求失败：401 Client Error: Authorization Required for url: https://www.zhihu.com/api/v3/feed/topstory/hot-lists/total?limit=50&desktop=true
2026-01-21 16:31:09,493 [ERROR] 没有获取到热榜数据，退出。
2026-01-21 17:47:46,044 [INFO] 成功写入 10 条热搜到 hotresearch/2026_1_21/2026_1_21_17.txt
2026-01-21 17:47:46,598 [ERROR] 请求失败：401 Client Error: Authorization Required for url: https://www.zhihu.com/api/v3/feed/topstory/hot-lists/total?limit=50&desktop=true
2026-01-21 17:47:46,598 [ERROR] 没有获取到热榜数据，退出。
2026-01-21 18:33:11,901 [ERROR] 请求失败：403 Client Error: Forbidden for url: https://www.zhihu.com/api/v4/search/top_search
2026-01-21 18:33:11,901 [ERROR] 没有获取到热搜数据，退出。
2026-01-21 18:33:12,267 [ERROR] 请求失败：401 Client Error: Authorization Required for url: https://www.zhihu.com/api/v3/feed/topstory/hot-lists/total?limit=50&desktop=true
2026-01-21 18:33:12,267 [ERROR] 没有获取到热榜数据，退出。
2026-01-21 19:20:44,872 [INFO] 成功写入 10 条热搜到 hotresearch/2026_1_21/2026_1_21_19.txt
2026-01-21 19:20:45,223 [ERROR] 请求失败：401 Client Error: Authorization Required for url: https://www.zhihu.com/api/v3/feed/topstory/hot-lists/total?limit=50&desktop=true
2026-01-21 19:20:45,223 [ERROR] 没有获取到热榜数据，退出。
2026-01-21 20:22:52,972 [INFO] 成功写入 10 条热搜到 hotresearch/2026_1_21/2026_1_21_20.txt
2026-01-21 20:22:53,435 [ERROR] 请求失败：401 Client Error: Authorization Required for url: https://www.zhihu.com/api/v3/feed/topstory/hot-lists/total?limit=50&desktop=true
2026-01-21 20:22:53,435 [ERROR] 没有获取到热榜数据，退出。
2026-01-21 21:21:50,820 [INFO] 成功写入 10 条热搜到 hotresearch/2026_1_21/2026_1_21_21.txt
2026-01-21 21:21:51,288 [ERROR] 请求失败：401 Client Error: Authorization Required for url: https://www.zhihu.com/api/v3/feed/topstory/hot-lists/total?limit=50&desktop=true
2026-01-21 21:21:51,288 [ERROR] 没有获取到热榜数据，退出。
2026-01-21 22:17:47,969 [INFO] 成功写入 10 条热搜到 hotresearch/2026_1_21/2026_1_21_22.txt
2026-01-21 22:17:48,490 [ERROR] 请求失败：401 Client Error: Authorization Required for url: https://www.zhihu.com/api/v3/feed/topstory/hot-lists/total?limit=50&desktop=true
2026-01-21 22:17:48,491 [ERROR] 没有获取到热榜数据，退出。
2026-01-21 23:18:15,044 [WARNING] Retrying (Retry(total=4, connect=None, read=None, redirect=None, status=None)) after connection broken by 'NewConnectionError('<urllib3.connection.HTTPSConnection object at 0x7f5311b96c00>: Failed to establish a new connection: [Errno 101] Network is unreachable')': /api/v4/search/top_search
2026-01-21 23:18:27,055 [WARNING] Retrying (Retry(total=3, connect=None, read=None, redirect=None, status=None)) after connection broken by 'NewConnectionError('<urllib3.connection.HTTPSConnection object at 0x7f5311b96ae0>: Failed to establish a new connection: [Errno 101] Network is unreachable')': /api/v4/search/top_search
2026-01-21 23:18:41,066 [WARNING] Retrying (Retry(total=2, connect=None, read=None, redirect=None, status=None)) after connection broken by 'NewConnectionError('<urllib3.connection.HTTPSConnection object at 0x7f5311b96d20>: Failed to establish a new connection: [Errno 101] Network is unreachable')': /api/v4/search/top_search
2026-01-21 23:18:59,078 [WARNING] Retrying (Retry(total=1, connect=None, read=None, redirect=None, status=None)) after connection broken by 'NewConnectionError('<urllib3.connection.HTTPSConnection object at 0x7f5311b96e70>: Failed to establish a new connection: [Errno 101] Network is unreachable')': /api/v4/search/top_search
2026-01-21 23:19:25,089 [WARNING] Retrying (Retry(total=0, connect=None, read=None, redirect=None, status=None)) after connection broken by 'NewConnectionError('<urllib3.connection.HTTPSConnection object at 0x7f5311b96fc0>: Failed to establish a new connection: [Errno 101] Network is unreachable')': /api/v4/search/top_search
2026-01-21 23:19:35,296 [ERROR] 请求失败：HTTPSConnectionPool(host='www.zhihu.com', port=443): Max retries exceeded with url: /api/v4/search/top_search (Caused by NewConnectionError('<urllib3.connection.HTTPSConnection object at 0x7f5311b97110>: Failed to establish a new connection: [Errno 101] Network is unreachable'))
2026-01-21 23:19:35,296 [ERROR] 没有获取到热搜数据，退出。
2026-01-21 23:19:45,407 [WARNING] Retrying (Retry(total=4, connect=None, read=None, redirect=None, status=None)) after connection broken by 'NewConnectionError('<urllib3.connection.HTTPSConnection object at 0x7f854196a660>: Failed to establish a new connection: [Errno 101] Network is unreachable')': /api/v3/feed/topstory/hot-lists/total?limit=50&desktop=true
2026-01-21 23:19:57,418 [WARNING] Retrying (Retry(total=3, connect=None, read=None, redirect=None, status=None)) after connection broken by 'NewConnectionError('<urllib3.connection.HTTPSConnection object at 0x7f854196b0b0>: Failed to establish a new connection: [Errno 101] Network is unreachable')': /api/v3/feed/topstory/hot-lists/total?limit=50&desktop=true
2026-01-21 23:20:11,429 [WARNING] Retrying (Retry(total=2, connect=None, read=None, redirect=None, status=None)) after connection broken by 'NewConnectionError('<urllib3.connection.HTTPSConnection object at 0x7f854196b1d0>: Failed to establish a new connection: [Errno 101] Network is unreachable')': /api/v3/feed/topstory/hot-lists/total?limit=50&desktop=true
2026-01-21 23:20:29,441 [WARNING] Retrying (Retry(total=1, connect=None, read=None, redirect=None, status=None)) after connection broken by 'NewConnectionError('<urllib3.connection.HTTPSConnection object at 0x7f854196b320>: Failed to establish a new connection: [Errno 101] Network is unreachable')': /api/v3/feed/topstory/hot-lists/total?limit=50&desktop=true
2026-01-21 23:20:55,627 [WARNING] Retrying (Retry(total=0, connect=None, read=None, redirect=None, status=None)) after connection broken by 'NewConnectionError('<urllib3.connection.HTTPSConnection object at 0x7f854196b470>: Failed to establish a new connection: [Errno 101] Network is unreachable')': /api/v3/feed/topstory/hot-lists/total?limit=50&desktop=true
2026-01-21 23:21:05,631 [ERROR] 请求失败：HTTPSConnectionPool(host='www.zhihu.com', port=443): Max retries exceeded with url: /api/v3/feed/topstory/hot-lists/total?limit=50&desktop=true (Caused by NewConnectionError('<urllib3.connection.HTTPSConnection object at 0x7f854196b5c0>: Failed to establish a new connection: [Errno 101] Network is unreachable'))
2026-01-21 23:21:05,631 [ERROR] 没有获取到热榜数据，退出。
