2026-06-12 02:49:09,060 [INFO] 成功写入 10 条热搜到 hotresearch/2026_6_12/2026_6_12_2.txt
2026-06-12 02:49:09,496 [ERROR] 请求失败：401 Client Error: Authorization Required for url: https://www.zhihu.com/api/v3/feed/topstory/hot-lists/total?limit=50&desktop=true
2026-06-12 02:49:09,496 [ERROR] 没有获取到热榜数据，退出。
2026-06-12 07:15:48,756 [ERROR] 请求失败：403 Client Error: Forbidden for url: https://www.zhihu.com/api/v4/search/top_search
2026-06-12 07:15:48,756 [ERROR] 没有获取到热搜数据，退出。
2026-06-12 07:15:49,581 [ERROR] 请求失败：403 Client Error: Forbidden for url: https://www.zhihu.com/api/v3/feed/topstory/hot-lists/total?limit=50&desktop=true
2026-06-12 07:15:49,581 [ERROR] 没有获取到热榜数据，退出。
2026-06-12 11:37:26,436 [INFO] 成功写入 10 条热搜到 hotresearch/2026_6_12/2026_6_12_11.txt
2026-06-12 11:37:26,878 [ERROR] 请求失败：401 Client Error: Authorization Required for url: https://www.zhihu.com/api/v3/feed/topstory/hot-lists/total?limit=50&desktop=true
2026-06-12 11:37:26,878 [ERROR] 没有获取到热榜数据，退出。
2026-06-12 14:40:11,358 [INFO] 成功写入 10 条热搜到 hotresearch/2026_6_12/2026_6_12_14.txt
2026-06-12 14:40:11,722 [ERROR] 请求失败：401 Client Error: Authorization Required for url: https://www.zhihu.com/api/v3/feed/topstory/hot-lists/total?limit=50&desktop=true
2026-06-12 14:40:11,722 [ERROR] 没有获取到热榜数据，退出。
2026-06-12 17:32:40,632 [ERROR] 请求失败：403 Client Error: Forbidden for url: https://www.zhihu.com/api/v4/search/top_search
2026-06-12 17:32:40,632 [ERROR] 没有获取到热搜数据，退出。
2026-06-12 17:32:41,093 [ERROR] 请求失败：401 Client Error: Authorization Required for url: https://www.zhihu.com/api/v3/feed/topstory/hot-lists/total?limit=50&desktop=true
2026-06-12 17:32:41,093 [ERROR] 没有获取到热榜数据，退出。
2026-06-12 19:57:54,649 [INFO] 成功写入 10 条热搜到 hotresearch/2026_6_12/2026_6_12_19.txt
2026-06-12 19:57:55,131 [ERROR] 请求失败：401 Client Error: Authorization Required for url: https://www.zhihu.com/api/v3/feed/topstory/hot-lists/total?limit=50&desktop=true
2026-06-12 19:57:55,131 [ERROR] 没有获取到热榜数据，退出。
2026-06-12 21:43:47,048 [INFO] 成功写入 10 条热搜到 hotresearch/2026_6_12/2026_6_12_21.txt
2026-06-12 21:43:47,487 [ERROR] 请求失败：401 Client Error: Authorization Required for url: https://www.zhihu.com/api/v3/feed/topstory/hot-lists/total?limit=50&desktop=true
2026-06-12 21:43:47,487 [ERROR] 没有获取到热榜数据，退出。
