2026-01-23 01:10:47,305 [INFO] 成功写入 10 条热搜到 hotresearch/2026_1_23/2026_1_23_1.txt
2026-01-23 01:10:47,775 [ERROR] 请求失败：403 Client Error: Forbidden for url: https://www.zhihu.com/api/v3/feed/topstory/hot-lists/total?limit=50&desktop=true
2026-01-23 01:10:47,775 [ERROR] 没有获取到热榜数据，退出。
2026-01-23 03:27:14,237 [INFO] 成功写入 10 条热搜到 hotresearch/2026_1_23/2026_1_23_3.txt
2026-01-23 03:27:14,692 [ERROR] 请求失败：401 Client Error: Authorization Required for url: https://www.zhihu.com/api/v3/feed/topstory/hot-lists/total?limit=50&desktop=true
2026-01-23 03:27:14,692 [ERROR] 没有获取到热榜数据，退出。
2026-01-23 04:36:12,094 [INFO] 成功写入 10 条热搜到 hotresearch/2026_1_23/2026_1_23_4.txt
2026-01-23 04:36:12,586 [ERROR] 请求失败：401 Client Error: Authorization Required for url: https://www.zhihu.com/api/v3/feed/topstory/hot-lists/total?limit=50&desktop=true
2026-01-23 04:36:12,586 [ERROR] 没有获取到热榜数据，退出。
2026-01-23 05:21:55,337 [ERROR] 请求失败：403 Client Error: Forbidden for url: https://www.zhihu.com/api/v4/search/top_search
2026-01-23 05:21:55,338 [ERROR] 没有获取到热搜数据，退出。
2026-01-23 05:21:55,848 [ERROR] 请求失败：401 Client Error: Authorization Required for url: https://www.zhihu.com/api/v3/feed/topstory/hot-lists/total?limit=50&desktop=true
2026-01-23 05:21:55,849 [ERROR] 没有获取到热榜数据，退出。
2026-01-23 06:24:08,562 [INFO] 成功写入 10 条热搜到 hotresearch/2026_1_23/2026_1_23_6.txt
2026-01-23 06:24:08,917 [ERROR] 请求失败：403 Client Error: Forbidden for url: https://www.zhihu.com/api/v3/feed/topstory/hot-lists/total?limit=50&desktop=true
2026-01-23 06:24:08,917 [ERROR] 没有获取到热榜数据，退出。
2026-01-23 07:19:48,973 [INFO] 成功写入 10 条热搜到 hotresearch/2026_1_23/2026_1_23_7.txt
2026-01-23 07:19:49,320 [ERROR] 请求失败：403 Client Error: Forbidden for url: https://www.zhihu.com/api/v3/feed/topstory/hot-lists/total?limit=50&desktop=true
2026-01-23 07:19:49,320 [ERROR] 没有获取到热榜数据，退出。
2026-01-23 08:20:43,183 [INFO] 成功写入 10 条热搜到 hotresearch/2026_1_23/2026_1_23_8.txt
2026-01-23 08:20:43,531 [ERROR] 请求失败：401 Client Error: Authorization Required for url: https://www.zhihu.com/api/v3/feed/topstory/hot-lists/total?limit=50&desktop=true
2026-01-23 08:20:43,531 [ERROR] 没有获取到热榜数据，退出。
2026-01-23 09:22:54,164 [INFO] 成功写入 10 条热搜到 hotresearch/2026_1_23/2026_1_23_9.txt
2026-01-23 09:22:54,520 [ERROR] 请求失败：401 Client Error: Authorization Required for url: https://www.zhihu.com/api/v3/feed/topstory/hot-lists/total?limit=50&desktop=true
2026-01-23 09:22:54,520 [ERROR] 没有获取到热榜数据，退出。
2026-01-23 10:17:24,638 [INFO] 成功写入 10 条热搜到 hotresearch/2026_1_23/2026_1_23_10.txt
2026-01-23 10:17:24,982 [ERROR] 请求失败：401 Client Error: Authorization Required for url: https://www.zhihu.com/api/v3/feed/topstory/hot-lists/total?limit=50&desktop=true
2026-01-23 10:17:24,982 [ERROR] 没有获取到热榜数据，退出。
2026-01-23 11:14:50,499 [INFO] 成功写入 10 条热搜到 hotresearch/2026_1_23/2026_1_23_11.txt
2026-01-23 11:14:50,987 [ERROR] 请求失败：401 Client Error: Authorization Required for url: https://www.zhihu.com/api/v3/feed/topstory/hot-lists/total?limit=50&desktop=true
2026-01-23 11:14:50,987 [ERROR] 没有获取到热榜数据，退出。
2026-01-23 12:31:40,679 [INFO] 成功写入 10 条热搜到 hotresearch/2026_1_23/2026_1_23_12.txt
2026-01-23 12:31:41,184 [ERROR] 请求失败：401 Client Error: Authorization Required for url: https://www.zhihu.com/api/v3/feed/topstory/hot-lists/total?limit=50&desktop=true
2026-01-23 12:31:41,184 [ERROR] 没有获取到热榜数据，退出。
2026-01-23 13:37:17,482 [INFO] 成功写入 10 条热搜到 hotresearch/2026_1_23/2026_1_23_13.txt
2026-01-23 13:37:17,947 [ERROR] 请求失败：401 Client Error: Authorization Required for url: https://www.zhihu.com/api/v3/feed/topstory/hot-lists/total?limit=50&desktop=true
2026-01-23 13:37:17,948 [ERROR] 没有获取到热榜数据，退出。
2026-01-23 14:18:49,044 [INFO] 成功写入 10 条热搜到 hotresearch/2026_1_23/2026_1_23_14.txt
2026-01-23 14:18:49,415 [ERROR] 请求失败：401 Client Error: Authorization Required for url: https://www.zhihu.com/api/v3/feed/topstory/hot-lists/total?limit=50&desktop=true
2026-01-23 14:18:49,415 [ERROR] 没有获取到热榜数据，退出。
2026-01-23 15:18:21,684 [INFO] 成功写入 10 条热搜到 hotresearch/2026_1_23/2026_1_23_15.txt
2026-01-23 15:18:22,029 [ERROR] 请求失败：401 Client Error: Authorization Required for url: https://www.zhihu.com/api/v3/feed/topstory/hot-lists/total?limit=50&desktop=true
2026-01-23 15:18:22,029 [ERROR] 没有获取到热榜数据，退出。
