2026-03-17 01:25:07,255 [INFO] 成功写入 10 条热搜到 hotresearch/2026_3_17/2026_3_17_1.txt
2026-03-17 01:25:07,767 [ERROR] 请求失败：401 Client Error: Authorization Required for url: https://www.zhihu.com/api/v3/feed/topstory/hot-lists/total?limit=50&desktop=true
2026-03-17 01:25:07,768 [ERROR] 没有获取到热榜数据，退出。
2026-03-17 04:10:44,899 [INFO] 成功写入 10 条热搜到 hotresearch/2026_3_17/2026_3_17_4.txt
2026-03-17 04:10:45,366 [ERROR] 请求失败：401 Client Error: Authorization Required for url: https://www.zhihu.com/api/v3/feed/topstory/hot-lists/total?limit=50&desktop=true
2026-03-17 04:10:45,366 [ERROR] 没有获取到热榜数据，退出。
2026-03-17 05:54:08,733 [INFO] 成功写入 10 条热搜到 hotresearch/2026_3_17/2026_3_17_5.txt
2026-03-17 05:54:09,251 [ERROR] 请求失败：401 Client Error: Authorization Required for url: https://www.zhihu.com/api/v3/feed/topstory/hot-lists/total?limit=50&desktop=true
2026-03-17 05:54:09,251 [ERROR] 没有获取到热榜数据，退出。
2026-03-17 06:55:25,861 [INFO] 成功写入 10 条热搜到 hotresearch/2026_3_17/2026_3_17_6.txt
2026-03-17 06:55:26,211 [ERROR] 请求失败：401 Client Error: Authorization Required for url: https://www.zhihu.com/api/v3/feed/topstory/hot-lists/total?limit=50&desktop=true
2026-03-17 06:55:26,211 [ERROR] 没有获取到热榜数据，退出。
2026-03-17 07:49:58,632 [INFO] 成功写入 10 条热搜到 hotresearch/2026_3_17/2026_3_17_7.txt
2026-03-17 07:49:59,165 [ERROR] 请求失败：403 Client Error: Forbidden for url: https://www.zhihu.com/api/v3/feed/topstory/hot-lists/total?limit=50&desktop=true
2026-03-17 07:49:59,165 [ERROR] 没有获取到热榜数据，退出。
2026-03-17 08:41:53,659 [INFO] 成功写入 10 条热搜到 hotresearch/2026_3_17/2026_3_17_8.txt
2026-03-17 08:41:54,119 [ERROR] 请求失败：401 Client Error: Authorization Required for url: https://www.zhihu.com/api/v3/feed/topstory/hot-lists/total?limit=50&desktop=true
2026-03-17 08:41:54,119 [ERROR] 没有获取到热榜数据，退出。
2026-03-17 09:48:19,807 [INFO] 成功写入 10 条热搜到 hotresearch/2026_3_17/2026_3_17_9.txt
2026-03-17 09:48:20,340 [ERROR] 请求失败：401 Client Error: Authorization Required for url: https://www.zhihu.com/api/v3/feed/topstory/hot-lists/total?limit=50&desktop=true
2026-03-17 09:48:20,340 [ERROR] 没有获取到热榜数据，退出。
2026-03-17 10:42:02,476 [INFO] 成功写入 10 条热搜到 hotresearch/2026_3_17/2026_3_17_10.txt
2026-03-17 10:42:02,974 [ERROR] 请求失败：401 Client Error: Authorization Required for url: https://www.zhihu.com/api/v3/feed/topstory/hot-lists/total?limit=50&desktop=true
2026-03-17 10:42:02,974 [ERROR] 没有获取到热榜数据，退出。
2026-03-17 11:37:40,698 [INFO] 成功写入 10 条热搜到 hotresearch/2026_3_17/2026_3_17_11.txt
2026-03-17 11:37:41,187 [ERROR] 请求失败：401 Client Error: Authorization Required for url: https://www.zhihu.com/api/v3/feed/topstory/hot-lists/total?limit=50&desktop=true
2026-03-17 11:37:41,187 [ERROR] 没有获取到热榜数据，退出。
2026-03-17 12:53:51,010 [INFO] 成功写入 10 条热搜到 hotresearch/2026_3_17/2026_3_17_12.txt
2026-03-17 12:53:51,528 [ERROR] 请求失败：403 Client Error: Forbidden for url: https://www.zhihu.com/api/v3/feed/topstory/hot-lists/total?limit=50&desktop=true
2026-03-17 12:53:51,528 [ERROR] 没有获取到热榜数据，退出。
2026-03-17 14:14:53,815 [INFO] 成功写入 10 条热搜到 hotresearch/2026_3_17/2026_3_17_14.txt
2026-03-17 14:14:54,321 [ERROR] 请求失败：401 Client Error: Authorization Required for url: https://www.zhihu.com/api/v3/feed/topstory/hot-lists/total?limit=50&desktop=true
2026-03-17 14:14:54,321 [ERROR] 没有获取到热榜数据，退出。
2026-03-17 15:57:11,477 [ERROR] 请求失败：403 Client Error: Forbidden for url: https://www.zhihu.com/api/v4/search/top_search
2026-03-17 15:57:11,477 [ERROR] 没有获取到热搜数据，退出。
2026-03-17 15:57:11,838 [ERROR] 请求失败：401 Client Error: Authorization Required for url: https://www.zhihu.com/api/v3/feed/topstory/hot-lists/total?limit=50&desktop=true
2026-03-17 15:57:11,839 [ERROR] 没有获取到热榜数据，退出。
2026-03-17 17:01:42,738 [INFO] 成功写入 10 条热搜到 hotresearch/2026_3_17/2026_3_17_17.txt
2026-03-17 17:01:43,250 [ERROR] 请求失败：401 Client Error: Authorization Required for url: https://www.zhihu.com/api/v3/feed/topstory/hot-lists/total?limit=50&desktop=true
2026-03-17 17:01:43,250 [ERROR] 没有获取到热榜数据，退出。
2026-03-17 18:51:47,411 [INFO] 成功写入 10 条热搜到 hotresearch/2026_3_17/2026_3_17_18.txt
2026-03-17 18:51:47,873 [ERROR] 请求失败：401 Client Error: Authorization Required for url: https://www.zhihu.com/api/v3/feed/topstory/hot-lists/total?limit=50&desktop=true
2026-03-17 18:51:47,873 [ERROR] 没有获取到热榜数据，退出。
2026-03-17 19:50:53,585 [INFO] 成功写入 10 条热搜到 hotresearch/2026_3_17/2026_3_17_19.txt
2026-03-17 19:50:53,939 [ERROR] 请求失败：401 Client Error: Authorization Required for url: https://www.zhihu.com/api/v3/feed/topstory/hot-lists/total?limit=50&desktop=true
2026-03-17 19:50:53,939 [ERROR] 没有获取到热榜数据，退出。
2026-03-17 20:30:52,005 [INFO] 成功写入 10 条热搜到 hotresearch/2026_3_17/2026_3_17_20.txt
2026-03-17 20:30:52,470 [ERROR] 请求失败：401 Client Error: Authorization Required for url: https://www.zhihu.com/api/v3/feed/topstory/hot-lists/total?limit=50&desktop=true
2026-03-17 20:30:52,471 [ERROR] 没有获取到热榜数据，退出。
2026-03-17 21:29:42,640 [INFO] 成功写入 10 条热搜到 hotresearch/2026_3_17/2026_3_17_21.txt
2026-03-17 21:29:43,092 [ERROR] 请求失败：401 Client Error: Authorization Required for url: https://www.zhihu.com/api/v3/feed/topstory/hot-lists/total?limit=50&desktop=true
2026-03-17 21:29:43,092 [ERROR] 没有获取到热榜数据，退出。
2026-03-17 22:25:10,660 [INFO] 成功写入 10 条热搜到 hotresearch/2026_3_17/2026_3_17_22.txt
2026-03-17 22:25:11,003 [ERROR] 请求失败：401 Client Error: Authorization Required for url: https://www.zhihu.com/api/v3/feed/topstory/hot-lists/total?limit=50&desktop=true
2026-03-17 22:25:11,003 [ERROR] 没有获取到热榜数据，退出。
