2026-03-19 01:28:30,813 [INFO] 成功写入 10 条热搜到 hotresearch/2026_3_19/2026_3_19_1.txt
2026-03-19 01:28:31,344 [ERROR] 请求失败：403 Client Error: Forbidden for url: https://www.zhihu.com/api/v3/feed/topstory/hot-lists/total?limit=50&desktop=true
2026-03-19 01:28:31,344 [ERROR] 没有获取到热榜数据，退出。
2026-03-19 04:15:19,932 [ERROR] 请求失败：403 Client Error: Forbidden for url: https://www.zhihu.com/api/v4/search/top_search
2026-03-19 04:15:19,932 [ERROR] 没有获取到热搜数据，退出。
2026-03-19 04:15:20,379 [ERROR] 请求失败：401 Client Error: Authorization Required for url: https://www.zhihu.com/api/v3/feed/topstory/hot-lists/total?limit=50&desktop=true
2026-03-19 04:15:20,379 [ERROR] 没有获取到热榜数据，退出。
2026-03-19 05:53:00,441 [INFO] 成功写入 10 条热搜到 hotresearch/2026_3_19/2026_3_19_5.txt
2026-03-19 05:53:00,908 [ERROR] 请求失败：401 Client Error: Authorization Required for url: https://www.zhihu.com/api/v3/feed/topstory/hot-lists/total?limit=50&desktop=true
2026-03-19 05:53:00,908 [ERROR] 没有获取到热榜数据，退出。
2026-03-19 06:49:00,572 [INFO] 成功写入 10 条热搜到 hotresearch/2026_3_19/2026_3_19_6.txt
2026-03-19 06:49:01,055 [ERROR] 请求失败：401 Client Error: Authorization Required for url: https://www.zhihu.com/api/v3/feed/topstory/hot-lists/total?limit=50&desktop=true
2026-03-19 06:49:01,055 [ERROR] 没有获取到热榜数据，退出。
2026-03-19 07:41:22,917 [INFO] 成功写入 10 条热搜到 hotresearch/2026_3_19/2026_3_19_7.txt
2026-03-19 07:41:23,383 [ERROR] 请求失败：403 Client Error: Forbidden for url: https://www.zhihu.com/api/v3/feed/topstory/hot-lists/total?limit=50&desktop=true
2026-03-19 07:41:23,383 [ERROR] 没有获取到热榜数据，退出。
2026-03-19 08:33:55,133 [INFO] 成功写入 10 条热搜到 hotresearch/2026_3_19/2026_3_19_8.txt
2026-03-19 08:33:55,580 [ERROR] 请求失败：403 Client Error: Forbidden for url: https://www.zhihu.com/api/v3/feed/topstory/hot-lists/total?limit=50&desktop=true
2026-03-19 08:33:55,580 [ERROR] 没有获取到热榜数据，退出。
2026-03-19 09:35:26,866 [INFO] 成功写入 10 条热搜到 hotresearch/2026_3_19/2026_3_19_9.txt
2026-03-19 09:35:27,346 [ERROR] 请求失败：403 Client Error: Forbidden for url: https://www.zhihu.com/api/v3/feed/topstory/hot-lists/total?limit=50&desktop=true
2026-03-19 09:35:27,346 [ERROR] 没有获取到热榜数据，退出。
2026-03-19 10:32:24,264 [INFO] 成功写入 10 条热搜到 hotresearch/2026_3_19/2026_3_19_10.txt
2026-03-19 10:32:24,680 [ERROR] 请求失败：403 Client Error: Forbidden for url: https://www.zhihu.com/api/v3/feed/topstory/hot-lists/total?limit=50&desktop=true
2026-03-19 10:32:24,680 [ERROR] 没有获取到热榜数据，退出。
2026-03-19 11:29:30,119 [INFO] 成功写入 10 条热搜到 hotresearch/2026_3_19/2026_3_19_11.txt
2026-03-19 11:29:30,650 [ERROR] 请求失败：403 Client Error: Forbidden for url: https://www.zhihu.com/api/v3/feed/topstory/hot-lists/total?limit=50&desktop=true
2026-03-19 11:29:30,650 [ERROR] 没有获取到热榜数据，退出。
2026-03-19 12:43:45,287 [INFO] 成功写入 10 条热搜到 hotresearch/2026_3_19/2026_3_19_12.txt
2026-03-19 12:43:45,730 [ERROR] 请求失败：403 Client Error: Forbidden for url: https://www.zhihu.com/api/v3/feed/topstory/hot-lists/total?limit=50&desktop=true
2026-03-19 12:43:45,730 [ERROR] 没有获取到热榜数据，退出。
2026-03-19 14:03:14,948 [INFO] 成功写入 10 条热搜到 hotresearch/2026_3_19/2026_3_19_14.txt
2026-03-19 14:03:15,392 [ERROR] 请求失败：403 Client Error: Forbidden for url: https://www.zhihu.com/api/v3/feed/topstory/hot-lists/total?limit=50&desktop=true
2026-03-19 14:03:15,392 [ERROR] 没有获取到热榜数据，退出。
2026-03-19 15:44:56,772 [INFO] 成功写入 10 条热搜到 hotresearch/2026_3_19/2026_3_19_15.txt
2026-03-19 15:44:57,237 [ERROR] 请求失败：401 Client Error: Authorization Required for url: https://www.zhihu.com/api/v3/feed/topstory/hot-lists/total?limit=50&desktop=true
2026-03-19 15:44:57,237 [ERROR] 没有获取到热榜数据，退出。
2026-03-19 16:50:15,276 [INFO] 成功写入 10 条热搜到 hotresearch/2026_3_19/2026_3_19_16.txt
2026-03-19 16:50:15,818 [ERROR] 请求失败：401 Client Error: Authorization Required for url: https://www.zhihu.com/api/v3/feed/topstory/hot-lists/total?limit=50&desktop=true
2026-03-19 16:50:15,818 [ERROR] 没有获取到热榜数据，退出。
2026-03-19 17:48:56,021 [INFO] 成功写入 10 条热搜到 hotresearch/2026_3_19/2026_3_19_17.txt
2026-03-19 17:48:56,358 [ERROR] 请求失败：401 Client Error: Authorization Required for url: https://www.zhihu.com/api/v3/feed/topstory/hot-lists/total?limit=50&desktop=true
2026-03-19 17:48:56,358 [ERROR] 没有获取到热榜数据，退出。
2026-03-19 18:45:11,277 [INFO] 成功写入 10 条热搜到 hotresearch/2026_3_19/2026_3_19_18.txt
2026-03-19 18:45:11,755 [ERROR] 请求失败：401 Client Error: Authorization Required for url: https://www.zhihu.com/api/v3/feed/topstory/hot-lists/total?limit=50&desktop=true
2026-03-19 18:45:11,755 [ERROR] 没有获取到热榜数据，退出。
2026-03-19 19:40:57,210 [INFO] 成功写入 10 条热搜到 hotresearch/2026_3_19/2026_3_19_19.txt
2026-03-19 19:40:57,567 [ERROR] 请求失败：401 Client Error: Authorization Required for url: https://www.zhihu.com/api/v3/feed/topstory/hot-lists/total?limit=50&desktop=true
2026-03-19 19:40:57,567 [ERROR] 没有获取到热榜数据，退出。
2026-03-19 20:28:40,184 [INFO] 成功写入 10 条热搜到 hotresearch/2026_3_19/2026_3_19_20.txt
2026-03-19 20:28:40,625 [ERROR] 请求失败：401 Client Error: Authorization Required for url: https://www.zhihu.com/api/v3/feed/topstory/hot-lists/total?limit=50&desktop=true
2026-03-19 20:28:40,625 [ERROR] 没有获取到热榜数据，退出。
