2026-01-04 01:16:29,579 [INFO] 成功写入 10 条热搜到 hotresearch/2026_1_4/2026_1_4_1.txt
2026-01-04 01:16:30,054 [ERROR] 请求失败：401 Client Error: Authorization Required for url: https://www.zhihu.com/api/v3/feed/topstory/hot-lists/total?limit=50&desktop=true
2026-01-04 01:16:30,054 [ERROR] 没有获取到热榜数据，退出。
2026-01-04 03:44:10,444 [INFO] 成功写入 10 条热搜到 hotresearch/2026_1_4/2026_1_4_3.txt
2026-01-04 03:44:10,809 [ERROR] 请求失败：401 Client Error: Authorization Required for url: https://www.zhihu.com/api/v3/feed/topstory/hot-lists/total?limit=50&desktop=true
2026-01-04 03:44:10,809 [ERROR] 没有获取到热榜数据，退出。
2026-01-04 04:42:16,333 [INFO] 成功写入 10 条热搜到 hotresearch/2026_1_4/2026_1_4_4.txt
2026-01-04 04:42:16,874 [ERROR] 请求失败：401 Client Error: Authorization Required for url: https://www.zhihu.com/api/v3/feed/topstory/hot-lists/total?limit=50&desktop=true
2026-01-04 04:42:16,874 [ERROR] 没有获取到热榜数据，退出。
2026-01-04 05:20:12,148 [INFO] 成功写入 10 条热搜到 hotresearch/2026_1_4/2026_1_4_5.txt
2026-01-04 05:20:12,640 [ERROR] 请求失败：403 Client Error: Forbidden for url: https://www.zhihu.com/api/v3/feed/topstory/hot-lists/total?limit=50&desktop=true
2026-01-04 05:20:12,640 [ERROR] 没有获取到热榜数据，退出。
2026-01-04 06:21:20,258 [INFO] 成功写入 10 条热搜到 hotresearch/2026_1_4/2026_1_4_6.txt
2026-01-04 06:21:20,716 [ERROR] 请求失败：401 Client Error: Authorization Required for url: https://www.zhihu.com/api/v3/feed/topstory/hot-lists/total?limit=50&desktop=true
2026-01-04 06:21:20,716 [ERROR] 没有获取到热榜数据，退出。
2026-01-04 07:15:56,161 [INFO] 成功写入 10 条热搜到 hotresearch/2026_1_4/2026_1_4_7.txt
2026-01-04 07:15:56,532 [ERROR] 请求失败：401 Client Error: Authorization Required for url: https://www.zhihu.com/api/v3/feed/topstory/hot-lists/total?limit=50&desktop=true
2026-01-04 07:15:56,532 [ERROR] 没有获取到热榜数据，退出。
2026-01-04 08:18:46,271 [INFO] 成功写入 10 条热搜到 hotresearch/2026_1_4/2026_1_4_8.txt
2026-01-04 08:18:46,747 [ERROR] 请求失败：401 Client Error: Authorization Required for url: https://www.zhihu.com/api/v3/feed/topstory/hot-lists/total?limit=50&desktop=true
2026-01-04 08:18:46,747 [ERROR] 没有获取到热榜数据，退出。
2026-01-04 09:13:26,199 [INFO] 成功写入 10 条热搜到 hotresearch/2026_1_4/2026_1_4_9.txt
2026-01-04 09:13:26,655 [ERROR] 请求失败：401 Client Error: Authorization Required for url: https://www.zhihu.com/api/v3/feed/topstory/hot-lists/total?limit=50&desktop=true
2026-01-04 09:13:26,655 [ERROR] 没有获取到热榜数据，退出。
2026-01-04 10:13:40,611 [INFO] 成功写入 10 条热搜到 hotresearch/2026_1_4/2026_1_4_10.txt
2026-01-04 10:13:41,129 [ERROR] 请求失败：401 Client Error: Authorization Required for url: https://www.zhihu.com/api/v3/feed/topstory/hot-lists/total?limit=50&desktop=true
2026-01-04 10:13:41,130 [ERROR] 没有获取到热榜数据，退出。
2026-01-04 11:11:24,610 [INFO] 成功写入 10 条热搜到 hotresearch/2026_1_4/2026_1_4_11.txt
2026-01-04 11:11:25,053 [ERROR] 请求失败：401 Client Error: Authorization Required for url: https://www.zhihu.com/api/v3/feed/topstory/hot-lists/total?limit=50&desktop=true
2026-01-04 11:11:25,053 [ERROR] 没有获取到热榜数据，退出。
2026-01-04 12:26:51,565 [INFO] 成功写入 10 条热搜到 hotresearch/2026_1_4/2026_1_4_12.txt
2026-01-04 12:26:51,916 [ERROR] 请求失败：401 Client Error: Authorization Required for url: https://www.zhihu.com/api/v3/feed/topstory/hot-lists/total?limit=50&desktop=true
2026-01-04 12:26:51,916 [ERROR] 没有获取到热榜数据，退出。
2026-01-04 13:25:17,532 [INFO] 成功写入 10 条热搜到 hotresearch/2026_1_4/2026_1_4_13.txt
2026-01-04 13:25:17,993 [ERROR] 请求失败：401 Client Error: Authorization Required for url: https://www.zhihu.com/api/v3/feed/topstory/hot-lists/total?limit=50&desktop=true
2026-01-04 13:25:17,993 [ERROR] 没有获取到热榜数据，退出。
2026-01-04 14:12:25,477 [WARNING] Retrying (Retry(total=4, connect=None, read=None, redirect=None, status=None)) after connection broken by 'NewConnectionError('<urllib3.connection.HTTPSConnection object at 0x7f308e1f7fb0>: Failed to establish a new connection: [Errno 101] Network is unreachable')': /api/v4/search/top_search
2026-01-04 14:12:37,488 [WARNING] Retrying (Retry(total=3, connect=None, read=None, redirect=None, status=None)) after connection broken by 'NewConnectionError('<urllib3.connection.HTTPSConnection object at 0x7f308e04a7e0>: Failed to establish a new connection: [Errno 101] Network is unreachable')': /api/v4/search/top_search
2026-01-04 14:12:51,498 [WARNING] Retrying (Retry(total=2, connect=None, read=None, redirect=None, status=None)) after connection broken by 'NewConnectionError('<urllib3.connection.HTTPSConnection object at 0x7f308e04a990>: Failed to establish a new connection: [Errno 101] Network is unreachable')': /api/v4/search/top_search
2026-01-04 14:13:09,509 [WARNING] Retrying (Retry(total=1, connect=None, read=None, redirect=None, status=None)) after connection broken by 'NewConnectionError('<urllib3.connection.HTTPSConnection object at 0x7f308e04aae0>: Failed to establish a new connection: [Errno 101] Network is unreachable')': /api/v4/search/top_search
2026-01-04 14:13:35,521 [WARNING] Retrying (Retry(total=0, connect=None, read=None, redirect=None, status=None)) after connection broken by 'NewConnectionError('<urllib3.connection.HTTPSConnection object at 0x7f308e04ac30>: Failed to establish a new connection: [Errno 101] Network is unreachable')': /api/v4/search/top_search
2026-01-04 14:13:45,588 [ERROR] 请求失败：HTTPSConnectionPool(host='www.zhihu.com', port=443): Max retries exceeded with url: /api/v4/search/top_search (Caused by NewConnectionError('<urllib3.connection.HTTPSConnection object at 0x7f308e04ad80>: Failed to establish a new connection: [Errno 101] Network is unreachable'))
2026-01-04 14:13:45,588 [ERROR] 没有获取到热搜数据，退出。
2026-01-04 14:13:55,709 [WARNING] Retrying (Retry(total=4, connect=None, read=None, redirect=None, status=None)) after connection broken by 'NewConnectionError('<urllib3.connection.HTTPSConnection object at 0x7f93a3697fb0>: Failed to establish a new connection: [Errno 101] Network is unreachable')': /api/v3/feed/topstory/hot-lists/total?limit=50&desktop=true
2026-01-04 14:14:07,721 [WARNING] Retrying (Retry(total=3, connect=None, read=None, redirect=None, status=None)) after connection broken by 'NewConnectionError('<urllib3.connection.HTTPSConnection object at 0x7f93a36c22d0>: Failed to establish a new connection: [Errno 101] Network is unreachable')': /api/v3/feed/topstory/hot-lists/total?limit=50&desktop=true
2026-01-04 14:14:21,732 [WARNING] Retrying (Retry(total=2, connect=None, read=None, redirect=None, status=None)) after connection broken by 'NewConnectionError('<urllib3.connection.HTTPSConnection object at 0x7f93a36c2d50>: Failed to establish a new connection: [Errno 101] Network is unreachable')': /api/v3/feed/topstory/hot-lists/total?limit=50&desktop=true
2026-01-04 14:14:39,743 [WARNING] Retrying (Retry(total=1, connect=None, read=None, redirect=None, status=None)) after connection broken by 'NewConnectionError('<urllib3.connection.HTTPSConnection object at 0x7f93a36c2ea0>: Failed to establish a new connection: [Errno 101] Network is unreachable')': /api/v3/feed/topstory/hot-lists/total?limit=50&desktop=true
2026-01-04 14:15:05,827 [WARNING] Retrying (Retry(total=0, connect=None, read=None, redirect=None, status=None)) after connection broken by 'NewConnectionError('<urllib3.connection.HTTPSConnection object at 0x7f93a36c2ff0>: Failed to establish a new connection: [Errno 101] Network is unreachable')': /api/v3/feed/topstory/hot-lists/total?limit=50&desktop=true
2026-01-04 14:15:15,839 [ERROR] 请求失败：HTTPSConnectionPool(host='www.zhihu.com', port=443): Max retries exceeded with url: /api/v3/feed/topstory/hot-lists/total?limit=50&desktop=true (Caused by NewConnectionError('<urllib3.connection.HTTPSConnection object at 0x7f93a36c3140>: Failed to establish a new connection: [Errno 101] Network is unreachable'))
2026-01-04 14:15:15,839 [ERROR] 没有获取到热榜数据，退出。
2026-01-04 15:12:51,794 [INFO] 成功写入 10 条热搜到 hotresearch/2026_1_4/2026_1_4_15.txt
2026-01-04 15:12:52,241 [ERROR] 请求失败：403 Client Error: Forbidden for url: https://www.zhihu.com/api/v3/feed/topstory/hot-lists/total?limit=50&desktop=true
2026-01-04 15:12:52,241 [ERROR] 没有获取到热榜数据，退出。
2026-01-04 16:16:26,588 [INFO] 成功写入 10 条热搜到 hotresearch/2026_1_4/2026_1_4_16.txt
2026-01-04 16:16:27,056 [ERROR] 请求失败：403 Client Error: Forbidden for url: https://www.zhihu.com/api/v3/feed/topstory/hot-lists/total?limit=50&desktop=true
2026-01-04 16:16:27,056 [ERROR] 没有获取到热榜数据，退出。
2026-01-04 17:11:36,122 [INFO] 成功写入 10 条热搜到 hotresearch/2026_1_4/2026_1_4_17.txt
2026-01-04 17:11:36,623 [ERROR] 请求失败：403 Client Error: Forbidden for url: https://www.zhihu.com/api/v3/feed/topstory/hot-lists/total?limit=50&desktop=true
2026-01-04 17:11:36,623 [ERROR] 没有获取到热榜数据，退出。
2026-01-04 18:19:29,159 [INFO] 成功写入 10 条热搜到 hotresearch/2026_1_4/2026_1_4_18.txt
2026-01-04 18:19:29,612 [ERROR] 请求失败：401 Client Error: Authorization Required for url: https://www.zhihu.com/api/v3/feed/topstory/hot-lists/total?limit=50&desktop=true
2026-01-04 18:19:29,612 [ERROR] 没有获取到热榜数据，退出。
2026-01-04 19:10:36,169 [INFO] 成功写入 10 条热搜到 hotresearch/2026_1_4/2026_1_4_19.txt
2026-01-04 19:10:36,513 [ERROR] 请求失败：401 Client Error: Authorization Required for url: https://www.zhihu.com/api/v3/feed/topstory/hot-lists/total?limit=50&desktop=true
2026-01-04 19:10:36,514 [ERROR] 没有获取到热榜数据，退出。
2026-01-04 20:15:32,836 [INFO] 成功写入 10 条热搜到 hotresearch/2026_1_4/2026_1_4_20.txt
2026-01-04 20:15:33,191 [ERROR] 请求失败：401 Client Error: Authorization Required for url: https://www.zhihu.com/api/v3/feed/topstory/hot-lists/total?limit=50&desktop=true
2026-01-04 20:15:33,191 [ERROR] 没有获取到热榜数据，退出。
2026-01-04 21:12:19,390 [INFO] 成功写入 10 条热搜到 hotresearch/2026_1_4/2026_1_4_21.txt
2026-01-04 21:12:19,862 [ERROR] 请求失败：401 Client Error: Authorization Required for url: https://www.zhihu.com/api/v3/feed/topstory/hot-lists/total?limit=50&desktop=true
2026-01-04 21:12:19,862 [ERROR] 没有获取到热榜数据，退出。
