2026-01-05 01:15:17,585 [INFO] 成功写入 10 条热搜到 hotresearch/2026_1_5/2026_1_5_1.txt
2026-01-05 01:15:18,115 [ERROR] 请求失败：401 Client Error: Authorization Required for url: https://www.zhihu.com/api/v3/feed/topstory/hot-lists/total?limit=50&desktop=true
2026-01-05 01:15:18,115 [ERROR] 没有获取到热榜数据，退出。
2026-01-05 03:48:42,378 [INFO] 成功写入 10 条热搜到 hotresearch/2026_1_5/2026_1_5_3.txt
2026-01-05 03:48:42,826 [ERROR] 请求失败：401 Client Error: Authorization Required for url: https://www.zhihu.com/api/v3/feed/topstory/hot-lists/total?limit=50&desktop=true
2026-01-05 03:48:42,827 [ERROR] 没有获取到热榜数据，退出。
2026-01-05 04:50:57,928 [INFO] 成功写入 10 条热搜到 hotresearch/2026_1_5/2026_1_5_4.txt
2026-01-05 04:50:58,394 [ERROR] 请求失败：401 Client Error: Authorization Required for url: https://www.zhihu.com/api/v3/feed/topstory/hot-lists/total?limit=50&desktop=true
2026-01-05 04:50:58,394 [ERROR] 没有获取到热榜数据，退出。
2026-01-05 05:30:03,907 [INFO] 成功写入 10 条热搜到 hotresearch/2026_1_5/2026_1_5_5.txt
2026-01-05 05:30:04,251 [ERROR] 请求失败：401 Client Error: Authorization Required for url: https://www.zhihu.com/api/v3/feed/topstory/hot-lists/total?limit=50&desktop=true
2026-01-05 05:30:04,251 [ERROR] 没有获取到热榜数据，退出。
2026-01-05 06:28:31,244 [WARNING] Retrying (Retry(total=4, connect=None, read=None, redirect=None, status=None)) after connection broken by 'NewConnectionError('<urllib3.connection.HTTPSConnection object at 0x7fed8578a060>: Failed to establish a new connection: [Errno 101] Network is unreachable')': /api/v4/search/top_search
2026-01-05 06:28:43,255 [WARNING] Retrying (Retry(total=3, connect=None, read=None, redirect=None, status=None)) after connection broken by 'NewConnectionError('<urllib3.connection.HTTPSConnection object at 0x7fed84936450>: Failed to establish a new connection: [Errno 101] Network is unreachable')': /api/v4/search/top_search
2026-01-05 06:28:57,267 [WARNING] Retrying (Retry(total=2, connect=None, read=None, redirect=None, status=None)) after connection broken by 'NewConnectionError('<urllib3.connection.HTTPSConnection object at 0x7fed84936c60>: Failed to establish a new connection: [Errno 101] Network is unreachable')': /api/v4/search/top_search
2026-01-05 06:29:15,271 [WARNING] Retrying (Retry(total=1, connect=None, read=None, redirect=None, status=None)) after connection broken by 'NewConnectionError('<urllib3.connection.HTTPSConnection object at 0x7fed84936db0>: Failed to establish a new connection: [Errno 101] Network is unreachable')': /api/v4/search/top_search
2026-01-05 06:29:41,283 [WARNING] Retrying (Retry(total=0, connect=None, read=None, redirect=None, status=None)) after connection broken by 'NewConnectionError('<urllib3.connection.HTTPSConnection object at 0x7fed84936f00>: Failed to establish a new connection: [Errno 101] Network is unreachable')': /api/v4/search/top_search
2026-01-05 06:29:51,424 [ERROR] 请求失败：HTTPSConnectionPool(host='www.zhihu.com', port=443): Max retries exceeded with url: /api/v4/search/top_search (Caused by NewConnectionError('<urllib3.connection.HTTPSConnection object at 0x7fed84937050>: Failed to establish a new connection: [Errno 101] Network is unreachable'))
2026-01-05 06:29:51,424 [ERROR] 没有获取到热搜数据，退出。
2026-01-05 06:30:01,545 [WARNING] Retrying (Retry(total=4, connect=None, read=None, redirect=None, status=None)) after connection broken by 'NewConnectionError('<urllib3.connection.HTTPSConnection object at 0x7fcbcd56f170>: Failed to establish a new connection: [Errno 101] Network is unreachable')': /api/v3/feed/topstory/hot-lists/total?limit=50&desktop=true
2026-01-05 06:30:13,556 [WARNING] Retrying (Retry(total=3, connect=None, read=None, redirect=None, status=None)) after connection broken by 'NewConnectionError('<urllib3.connection.HTTPSConnection object at 0x7fcbcd416690>: Failed to establish a new connection: [Errno 101] Network is unreachable')': /api/v3/feed/topstory/hot-lists/total?limit=50&desktop=true
2026-01-05 06:30:27,568 [WARNING] Retrying (Retry(total=2, connect=None, read=None, redirect=None, status=None)) after connection broken by 'NewConnectionError('<urllib3.connection.HTTPSConnection object at 0x7fcbcd416de0>: Failed to establish a new connection: [Errno 101] Network is unreachable')': /api/v3/feed/topstory/hot-lists/total?limit=50&desktop=true
2026-01-05 06:30:45,579 [WARNING] Retrying (Retry(total=1, connect=None, read=None, redirect=None, status=None)) after connection broken by 'NewConnectionError('<urllib3.connection.HTTPSConnection object at 0x7fcbcd416f30>: Failed to establish a new connection: [Errno 101] Network is unreachable')': /api/v3/feed/topstory/hot-lists/total?limit=50&desktop=true
2026-01-05 06:31:11,689 [WARNING] Retrying (Retry(total=0, connect=None, read=None, redirect=None, status=None)) after connection broken by 'NewConnectionError('<urllib3.connection.HTTPSConnection object at 0x7fcbcd417080>: Failed to establish a new connection: [Errno 101] Network is unreachable')': /api/v3/feed/topstory/hot-lists/total?limit=50&desktop=true
2026-01-05 06:31:21,700 [ERROR] 请求失败：HTTPSConnectionPool(host='www.zhihu.com', port=443): Max retries exceeded with url: /api/v3/feed/topstory/hot-lists/total?limit=50&desktop=true (Caused by NewConnectionError('<urllib3.connection.HTTPSConnection object at 0x7fcbcd4171d0>: Failed to establish a new connection: [Errno 101] Network is unreachable'))
2026-01-05 06:31:21,700 [ERROR] 没有获取到热榜数据，退出。
2026-01-05 07:22:44,815 [INFO] 成功写入 10 条热搜到 hotresearch/2026_1_5/2026_1_5_7.txt
2026-01-05 07:22:45,170 [ERROR] 请求失败：401 Client Error: Authorization Required for url: https://www.zhihu.com/api/v3/feed/topstory/hot-lists/total?limit=50&desktop=true
2026-01-05 07:22:45,170 [ERROR] 没有获取到热榜数据，退出。
