2026-03-11 01:19:11,079 [INFO] 成功写入 10 条热搜到 hotresearch/2026_3_11/2026_3_11_1.txt
2026-03-11 01:19:11,564 [ERROR] 请求失败：403 Client Error: Forbidden for url: https://www.zhihu.com/api/v3/feed/topstory/hot-lists/total?limit=50&desktop=true
2026-03-11 01:19:11,564 [ERROR] 没有获取到热榜数据，退出。
2026-03-11 04:02:57,662 [INFO] 成功写入 10 条热搜到 hotresearch/2026_3_11/2026_3_11_4.txt
2026-03-11 04:02:58,119 [ERROR] 请求失败：401 Client Error: Authorization Required for url: https://www.zhihu.com/api/v3/feed/topstory/hot-lists/total?limit=50&desktop=true
2026-03-11 04:02:58,119 [ERROR] 没有获取到热榜数据，退出。
2026-03-11 05:42:10,569 [INFO] 成功写入 10 条热搜到 hotresearch/2026_3_11/2026_3_11_5.txt
2026-03-11 05:42:11,059 [ERROR] 请求失败：401 Client Error: Authorization Required for url: https://www.zhihu.com/api/v3/feed/topstory/hot-lists/total?limit=50&desktop=true
2026-03-11 05:42:11,059 [ERROR] 没有获取到热榜数据，退出。
2026-03-11 06:41:35,939 [INFO] 成功写入 10 条热搜到 hotresearch/2026_3_11/2026_3_11_6.txt
2026-03-11 06:41:36,325 [ERROR] 请求失败：401 Client Error: Authorization Required for url: https://www.zhihu.com/api/v3/feed/topstory/hot-lists/total?limit=50&desktop=true
2026-03-11 06:41:36,325 [ERROR] 没有获取到热榜数据，退出。
2026-03-11 07:38:04,484 [INFO] 成功写入 10 条热搜到 hotresearch/2026_3_11/2026_3_11_7.txt
2026-03-11 07:38:04,997 [ERROR] 请求失败：401 Client Error: Authorization Required for url: https://www.zhihu.com/api/v3/feed/topstory/hot-lists/total?limit=50&desktop=true
2026-03-11 07:38:04,997 [ERROR] 没有获取到热榜数据，退出。
2026-03-11 08:32:04,220 [ERROR] 请求失败：403 Client Error: Forbidden for url: https://www.zhihu.com/api/v4/search/top_search
2026-03-11 08:32:04,220 [ERROR] 没有获取到热搜数据，退出。
2026-03-11 08:32:04,585 [ERROR] 请求失败：401 Client Error: Authorization Required for url: https://www.zhihu.com/api/v3/feed/topstory/hot-lists/total?limit=50&desktop=true
2026-03-11 08:32:04,585 [ERROR] 没有获取到热榜数据，退出。
2026-03-11 09:34:41,895 [INFO] 成功写入 10 条热搜到 hotresearch/2026_3_11/2026_3_11_9.txt
2026-03-11 09:34:42,367 [ERROR] 请求失败：401 Client Error: Authorization Required for url: https://www.zhihu.com/api/v3/feed/topstory/hot-lists/total?limit=50&desktop=true
2026-03-11 09:34:42,367 [ERROR] 没有获取到热榜数据，退出。
2026-03-11 10:31:15,860 [INFO] 成功写入 10 条热搜到 hotresearch/2026_3_11/2026_3_11_10.txt
2026-03-11 10:31:16,216 [ERROR] 请求失败：401 Client Error: Authorization Required for url: https://www.zhihu.com/api/v3/feed/topstory/hot-lists/total?limit=50&desktop=true
2026-03-11 10:31:16,216 [ERROR] 没有获取到热榜数据，退出。
2026-03-11 11:27:28,711 [INFO] 成功写入 10 条热搜到 hotresearch/2026_3_11/2026_3_11_11.txt
2026-03-11 11:27:29,210 [ERROR] 请求失败：401 Client Error: Authorization Required for url: https://www.zhihu.com/api/v3/feed/topstory/hot-lists/total?limit=50&desktop=true
2026-03-11 11:27:29,210 [ERROR] 没有获取到热榜数据，退出。
2026-03-11 12:41:10,552 [INFO] 成功写入 10 条热搜到 hotresearch/2026_3_11/2026_3_11_12.txt
2026-03-11 12:41:10,900 [ERROR] 请求失败：401 Client Error: Authorization Required for url: https://www.zhihu.com/api/v3/feed/topstory/hot-lists/total?limit=50&desktop=true
2026-03-11 12:41:10,900 [ERROR] 没有获取到热榜数据，退出。
2026-03-11 14:00:17,499 [INFO] 成功写入 10 条热搜到 hotresearch/2026_3_11/2026_3_11_14.txt
2026-03-11 14:00:17,979 [ERROR] 请求失败：401 Client Error: Authorization Required for url: https://www.zhihu.com/api/v3/feed/topstory/hot-lists/total?limit=50&desktop=true
2026-03-11 14:00:17,979 [ERROR] 没有获取到热榜数据，退出。
2026-03-11 15:39:52,262 [INFO] 成功写入 10 条热搜到 hotresearch/2026_3_11/2026_3_11_15.txt
2026-03-11 15:39:52,736 [ERROR] 请求失败：401 Client Error: Authorization Required for url: https://www.zhihu.com/api/v3/feed/topstory/hot-lists/total?limit=50&desktop=true
2026-03-11 15:39:52,737 [ERROR] 没有获取到热榜数据，退出。
2026-03-11 16:42:07,797 [INFO] 成功写入 10 条热搜到 hotresearch/2026_3_11/2026_3_11_16.txt
2026-03-11 16:42:08,150 [ERROR] 请求失败：401 Client Error: Authorization Required for url: https://www.zhihu.com/api/v3/feed/topstory/hot-lists/total?limit=50&desktop=true
2026-03-11 16:42:08,150 [ERROR] 没有获取到热榜数据，退出。
2026-03-11 17:42:44,844 [INFO] 成功写入 10 条热搜到 hotresearch/2026_3_11/2026_3_11_17.txt
2026-03-11 17:42:45,214 [ERROR] 请求失败：401 Client Error: Authorization Required for url: https://www.zhihu.com/api/v3/feed/topstory/hot-lists/total?limit=50&desktop=true
2026-03-11 17:42:45,214 [ERROR] 没有获取到热榜数据，退出。
2026-03-11 18:43:45,417 [INFO] 成功写入 10 条热搜到 hotresearch/2026_3_11/2026_3_11_18.txt
2026-03-11 18:43:45,766 [ERROR] 请求失败：401 Client Error: Authorization Required for url: https://www.zhihu.com/api/v3/feed/topstory/hot-lists/total?limit=50&desktop=true
2026-03-11 18:43:45,767 [ERROR] 没有获取到热榜数据，退出。
