2026-03-30 01:50:58,501 [INFO] 成功写入 10 条热搜到 hotresearch/2026_3_30/2026_3_30_1.txt
2026-03-30 01:50:58,857 [ERROR] 请求失败：401 Client Error: Authorization Required for url: https://www.zhihu.com/api/v3/feed/topstory/hot-lists/total?limit=50&desktop=true
2026-03-30 01:50:58,857 [ERROR] 没有获取到热榜数据，退出。
2026-03-30 04:39:56,832 [WARNING] Retrying (Retry(total=4, connect=None, read=None, redirect=None, status=None)) after connection broken by 'NewConnectionError('<urllib3.connection.HTTPSConnection object at 0x7f7e3cd90230>: Failed to establish a new connection: [Errno 101] Network is unreachable')': /api/v4/search/top_search
2026-03-30 04:40:08,844 [WARNING] Retrying (Retry(total=3, connect=None, read=None, redirect=None, status=None)) after connection broken by 'NewConnectionError('<urllib3.connection.HTTPSConnection object at 0x7f7e3cb965a0>: Failed to establish a new connection: [Errno 101] Network is unreachable')': /api/v4/search/top_search
2026-03-30 04:40:22,855 [WARNING] Retrying (Retry(total=2, connect=None, read=None, redirect=None, status=None)) after connection broken by 'NewConnectionError('<urllib3.connection.HTTPSConnection object at 0x7f7e3cb96e70>: Failed to establish a new connection: [Errno 101] Network is unreachable')': /api/v4/search/top_search
2026-03-30 04:40:40,867 [WARNING] Retrying (Retry(total=1, connect=None, read=None, redirect=None, status=None)) after connection broken by 'NewConnectionError('<urllib3.connection.HTTPSConnection object at 0x7f7e3cb96fc0>: Failed to establish a new connection: [Errno 101] Network is unreachable')': /api/v4/search/top_search
2026-03-30 04:41:06,879 [WARNING] Retrying (Retry(total=0, connect=None, read=None, redirect=None, status=None)) after connection broken by 'NewConnectionError('<urllib3.connection.HTTPSConnection object at 0x7f7e3cb97110>: Failed to establish a new connection: [Errno 101] Network is unreachable')': /api/v4/search/top_search
2026-03-30 04:41:17,069 [ERROR] 请求失败：HTTPSConnectionPool(host='www.zhihu.com', port=443): Max retries exceeded with url: /api/v4/search/top_search (Caused by NewConnectionError('<urllib3.connection.HTTPSConnection object at 0x7f7e3cb97260>: Failed to establish a new connection: [Errno 101] Network is unreachable'))
2026-03-30 04:41:17,069 [ERROR] 没有获取到热搜数据，退出。
2026-03-30 04:41:27,195 [WARNING] Retrying (Retry(total=4, connect=None, read=None, redirect=None, status=None)) after connection broken by 'NewConnectionError('<urllib3.connection.HTTPSConnection object at 0x7f42bd3e6a80>: Failed to establish a new connection: [Errno 101] Network is unreachable')': /api/v3/feed/topstory/hot-lists/total?limit=50&desktop=true
2026-03-30 04:41:39,207 [WARNING] Retrying (Retry(total=3, connect=None, read=None, redirect=None, status=None)) after connection broken by 'NewConnectionError('<urllib3.connection.HTTPSConnection object at 0x7f42bd6eadb0>: Failed to establish a new connection: [Errno 101] Network is unreachable')': /api/v3/feed/topstory/hot-lists/total?limit=50&desktop=true
2026-03-30 04:41:53,218 [WARNING] Retrying (Retry(total=2, connect=None, read=None, redirect=None, status=None)) after connection broken by 'NewConnectionError('<urllib3.connection.HTTPSConnection object at 0x7f42bd3e72f0>: Failed to establish a new connection: [Errno 101] Network is unreachable')': /api/v3/feed/topstory/hot-lists/total?limit=50&desktop=true
2026-03-30 04:42:11,230 [WARNING] Retrying (Retry(total=1, connect=None, read=None, redirect=None, status=None)) after connection broken by 'NewConnectionError('<urllib3.connection.HTTPSConnection object at 0x7f42bd3e7440>: Failed to establish a new connection: [Errno 101] Network is unreachable')': /api/v3/feed/topstory/hot-lists/total?limit=50&desktop=true
2026-03-30 04:42:37,275 [WARNING] Retrying (Retry(total=0, connect=None, read=None, redirect=None, status=None)) after connection broken by 'NewConnectionError('<urllib3.connection.HTTPSConnection object at 0x7f42bd3e7590>: Failed to establish a new connection: [Errno 101] Network is unreachable')': /api/v3/feed/topstory/hot-lists/total?limit=50&desktop=true
2026-03-30 04:42:47,286 [ERROR] 请求失败：HTTPSConnectionPool(host='www.zhihu.com', port=443): Max retries exceeded with url: /api/v3/feed/topstory/hot-lists/total?limit=50&desktop=true (Caused by NewConnectionError('<urllib3.connection.HTTPSConnection object at 0x7f42bd3e76e0>: Failed to establish a new connection: [Errno 101] Network is unreachable'))
2026-03-30 04:42:47,286 [ERROR] 没有获取到热榜数据，退出。
2026-03-30 06:25:41,196 [INFO] 成功写入 10 条热搜到 hotresearch/2026_3_30/2026_3_30_6.txt
2026-03-30 06:25:41,552 [ERROR] 请求失败：401 Client Error: Authorization Required for url: https://www.zhihu.com/api/v3/feed/topstory/hot-lists/total?limit=50&desktop=true
2026-03-30 06:25:41,552 [ERROR] 没有获取到热榜数据，退出。
2026-03-30 08:17:50,530 [INFO] 成功写入 10 条热搜到 hotresearch/2026_3_30/2026_3_30_8.txt
2026-03-30 08:17:50,882 [ERROR] 请求失败：401 Client Error: Authorization Required for url: https://www.zhihu.com/api/v3/feed/topstory/hot-lists/total?limit=50&desktop=true
2026-03-30 08:17:50,882 [ERROR] 没有获取到热榜数据，退出。
2026-03-30 10:09:08,263 [INFO] 成功写入 10 条热搜到 hotresearch/2026_3_30/2026_3_30_10.txt
2026-03-30 10:09:08,745 [ERROR] 请求失败：401 Client Error: Authorization Required for url: https://www.zhihu.com/api/v3/feed/topstory/hot-lists/total?limit=50&desktop=true
2026-03-30 10:09:08,745 [ERROR] 没有获取到热榜数据，退出。
2026-03-30 11:50:33,232 [INFO] 成功写入 10 条热搜到 hotresearch/2026_3_30/2026_3_30_11.txt
2026-03-30 11:50:33,574 [ERROR] 请求失败：401 Client Error: Authorization Required for url: https://www.zhihu.com/api/v3/feed/topstory/hot-lists/total?limit=50&desktop=true
2026-03-30 11:50:33,575 [ERROR] 没有获取到热榜数据，退出。
