2026-04-28 02:10:49,796 [INFO] 成功写入 10 条热搜到 hotresearch/2026_4_28/2026_4_28_2.txt
2026-04-28 02:10:50,359 [ERROR] 请求失败：403 Client Error: Forbidden for url: https://www.zhihu.com/api/v3/feed/topstory/hot-lists/total?limit=50&desktop=true
2026-04-28 02:10:50,359 [ERROR] 没有获取到热榜数据，退出。
2026-04-28 05:51:24,785 [INFO] 成功写入 10 条热搜到 hotresearch/2026_4_28/2026_4_28_5.txt
2026-04-28 05:51:25,301 [ERROR] 请求失败：401 Client Error: Authorization Required for url: https://www.zhihu.com/api/v3/feed/topstory/hot-lists/total?limit=50&desktop=true
2026-04-28 05:51:25,301 [ERROR] 没有获取到热榜数据，退出。
2026-04-28 08:10:44,082 [INFO] 成功写入 10 条热搜到 hotresearch/2026_4_28/2026_4_28_8.txt
2026-04-28 08:10:44,552 [ERROR] 请求失败：403 Client Error: Forbidden for url: https://www.zhihu.com/api/v3/feed/topstory/hot-lists/total?limit=50&desktop=true
2026-04-28 08:10:44,552 [ERROR] 没有获取到热榜数据，退出。
2026-04-28 10:57:05,074 [ERROR] 请求失败：403 Client Error: Forbidden for url: https://www.zhihu.com/api/v4/search/top_search
2026-04-28 10:57:05,074 [ERROR] 没有获取到热搜数据，退出。
2026-04-28 10:57:05,544 [ERROR] 请求失败：401 Client Error: Authorization Required for url: https://www.zhihu.com/api/v3/feed/topstory/hot-lists/total?limit=50&desktop=true
2026-04-28 10:57:05,544 [ERROR] 没有获取到热榜数据，退出。
2026-04-28 12:22:14,006 [INFO] 成功写入 10 条热搜到 hotresearch/2026_4_28/2026_4_28_12.txt
2026-04-28 12:22:14,399 [ERROR] 请求失败：401 Client Error: Authorization Required for url: https://www.zhihu.com/api/v3/feed/topstory/hot-lists/total?limit=50&desktop=true
2026-04-28 12:22:14,400 [ERROR] 没有获取到热榜数据，退出。
2026-04-28 17:40:34,406 [INFO] 成功写入 10 条热搜到 hotresearch/2026_4_28/2026_4_28_17.txt
2026-04-28 17:40:34,972 [ERROR] 请求失败：401 Client Error: Authorization Required for url: https://www.zhihu.com/api/v3/feed/topstory/hot-lists/total?limit=50&desktop=true
2026-04-28 17:40:34,973 [ERROR] 没有获取到热榜数据，退出。
2026-04-28 19:22:40,457 [INFO] 成功写入 10 条热搜到 hotresearch/2026_4_28/2026_4_28_19.txt
2026-04-28 19:22:40,949 [ERROR] 请求失败：401 Client Error: Authorization Required for url: https://www.zhihu.com/api/v3/feed/topstory/hot-lists/total?limit=50&desktop=true
2026-04-28 19:22:40,949 [ERROR] 没有获取到热榜数据，退出。
