2026-02-13 01:42:19,057 [INFO] 成功写入 10 条热搜到 hotresearch/2026_2_13/2026_2_13_1.txt
2026-02-13 01:42:19,537 [ERROR] 请求失败：401 Client Error: Authorization Required for url: https://www.zhihu.com/api/v3/feed/topstory/hot-lists/total?limit=50&desktop=true
2026-02-13 01:42:19,537 [ERROR] 没有获取到热榜数据，退出。
2026-02-13 04:13:24,478 [INFO] 成功写入 10 条热搜到 hotresearch/2026_2_13/2026_2_13_4.txt
2026-02-13 04:13:24,939 [ERROR] 请求失败：401 Client Error: Authorization Required for url: https://www.zhihu.com/api/v3/feed/topstory/hot-lists/total?limit=50&desktop=true
2026-02-13 04:13:24,939 [ERROR] 没有获取到热榜数据，退出。
2026-02-13 05:53:46,622 [INFO] 成功写入 10 条热搜到 hotresearch/2026_2_13/2026_2_13_5.txt
2026-02-13 05:53:47,154 [ERROR] 请求失败：401 Client Error: Authorization Required for url: https://www.zhihu.com/api/v3/feed/topstory/hot-lists/total?limit=50&desktop=true
2026-02-13 05:53:47,155 [ERROR] 没有获取到热榜数据，退出。
2026-02-13 06:51:03,744 [INFO] 成功写入 10 条热搜到 hotresearch/2026_2_13/2026_2_13_6.txt
2026-02-13 06:51:04,091 [ERROR] 请求失败：401 Client Error: Authorization Required for url: https://www.zhihu.com/api/v3/feed/topstory/hot-lists/total?limit=50&desktop=true
2026-02-13 06:51:04,091 [ERROR] 没有获取到热榜数据，退出。
2026-02-13 07:44:15,191 [INFO] 成功写入 10 条热搜到 hotresearch/2026_2_13/2026_2_13_7.txt
2026-02-13 07:44:15,675 [ERROR] 请求失败：403 Client Error: Forbidden for url: https://www.zhihu.com/api/v3/feed/topstory/hot-lists/total?limit=50&desktop=true
2026-02-13 07:44:15,675 [ERROR] 没有获取到热榜数据，退出。
2026-02-13 08:34:04,461 [INFO] 成功写入 10 条热搜到 hotresearch/2026_2_13/2026_2_13_8.txt
2026-02-13 08:34:04,987 [ERROR] 请求失败：403 Client Error: Forbidden for url: https://www.zhihu.com/api/v3/feed/topstory/hot-lists/total?limit=50&desktop=true
2026-02-13 08:34:04,987 [ERROR] 没有获取到热榜数据，退出。
2026-02-13 09:35:46,562 [INFO] 成功写入 10 条热搜到 hotresearch/2026_2_13/2026_2_13_9.txt
2026-02-13 09:35:47,022 [ERROR] 请求失败：401 Client Error: Authorization Required for url: https://www.zhihu.com/api/v3/feed/topstory/hot-lists/total?limit=50&desktop=true
2026-02-13 09:35:47,022 [ERROR] 没有获取到热榜数据，退出。
2026-02-13 10:32:13,869 [INFO] 成功写入 10 条热搜到 hotresearch/2026_2_13/2026_2_13_10.txt
2026-02-13 10:32:14,342 [ERROR] 请求失败：401 Client Error: Authorization Required for url: https://www.zhihu.com/api/v3/feed/topstory/hot-lists/total?limit=50&desktop=true
2026-02-13 10:32:14,342 [ERROR] 没有获取到热榜数据，退出。
2026-02-13 11:25:16,736 [INFO] 成功写入 10 条热搜到 hotresearch/2026_2_13/2026_2_13_11.txt
2026-02-13 11:25:17,195 [ERROR] 请求失败：401 Client Error: Authorization Required for url: https://www.zhihu.com/api/v3/feed/topstory/hot-lists/total?limit=50&desktop=true
2026-02-13 11:25:17,195 [ERROR] 没有获取到热榜数据，退出。
2026-02-13 12:40:11,949 [ERROR] 请求失败：403 Client Error: Forbidden for url: https://www.zhihu.com/api/v4/search/top_search
2026-02-13 12:40:11,949 [ERROR] 没有获取到热搜数据，退出。
2026-02-13 12:40:12,296 [ERROR] 请求失败：401 Client Error: Authorization Required for url: https://www.zhihu.com/api/v3/feed/topstory/hot-lists/total?limit=50&desktop=true
2026-02-13 12:40:12,296 [ERROR] 没有获取到热榜数据，退出。
