2026-04-25 01:49:09,771 [INFO] 成功写入 10 条热搜到 hotresearch/2026_4_25/2026_4_25_1.txt
2026-04-25 01:49:10,151 [ERROR] 请求失败：401 Client Error: Authorization Required for url: https://www.zhihu.com/api/v3/feed/topstory/hot-lists/total?limit=50&desktop=true
2026-04-25 01:49:10,151 [ERROR] 没有获取到热榜数据，退出。
2026-04-25 04:30:42,050 [INFO] 成功写入 10 条热搜到 hotresearch/2026_4_25/2026_4_25_4.txt
2026-04-25 04:30:42,423 [ERROR] 请求失败：401 Client Error: Authorization Required for url: https://www.zhihu.com/api/v3/feed/topstory/hot-lists/total?limit=50&desktop=true
2026-04-25 04:30:42,423 [ERROR] 没有获取到热榜数据，退出。
2026-04-25 06:16:38,398 [INFO] 成功写入 10 条热搜到 hotresearch/2026_4_25/2026_4_25_6.txt
2026-04-25 06:16:38,777 [ERROR] 请求失败：403 Client Error: Forbidden for url: https://www.zhihu.com/api/v3/feed/topstory/hot-lists/total?limit=50&desktop=true
2026-04-25 06:16:38,777 [ERROR] 没有获取到热榜数据，退出。
2026-04-25 08:01:15,474 [INFO] 成功写入 10 条热搜到 hotresearch/2026_4_25/2026_4_25_8.txt
2026-04-25 08:01:15,840 [ERROR] 请求失败：401 Client Error: Authorization Required for url: https://www.zhihu.com/api/v3/feed/topstory/hot-lists/total?limit=50&desktop=true
2026-04-25 08:01:15,840 [ERROR] 没有获取到热榜数据，退出。
2026-04-25 09:43:34,103 [INFO] 成功写入 10 条热搜到 hotresearch/2026_4_25/2026_4_25_9.txt
2026-04-25 09:43:34,563 [ERROR] 请求失败：401 Client Error: Authorization Required for url: https://www.zhihu.com/api/v3/feed/topstory/hot-lists/total?limit=50&desktop=true
2026-04-25 09:43:34,564 [ERROR] 没有获取到热榜数据，退出。
2026-04-25 10:36:46,879 [ERROR] 请求失败：403 Client Error: Forbidden for url: https://www.zhihu.com/api/v4/search/top_search
2026-04-25 10:36:46,879 [ERROR] 没有获取到热搜数据，退出。
2026-04-25 10:36:47,431 [ERROR] 请求失败：401 Client Error: Authorization Required for url: https://www.zhihu.com/api/v3/feed/topstory/hot-lists/total?limit=50&desktop=true
2026-04-25 10:36:47,431 [ERROR] 没有获取到热榜数据，退出。
2026-04-25 11:33:00,894 [INFO] 成功写入 10 条热搜到 hotresearch/2026_4_25/2026_4_25_11.txt
2026-04-25 11:33:01,422 [ERROR] 请求失败：401 Client Error: Authorization Required for url: https://www.zhihu.com/api/v3/feed/topstory/hot-lists/total?limit=50&desktop=true
2026-04-25 11:33:01,423 [ERROR] 没有获取到热榜数据，退出。
2026-04-25 12:44:56,645 [INFO] 成功写入 10 条热搜到 hotresearch/2026_4_25/2026_4_25_12.txt
2026-04-25 12:44:57,001 [ERROR] 请求失败：401 Client Error: Authorization Required for url: https://www.zhihu.com/api/v3/feed/topstory/hot-lists/total?limit=50&desktop=true
2026-04-25 12:44:57,002 [ERROR] 没有获取到热榜数据，退出。
2026-04-25 13:59:03,491 [INFO] 成功写入 10 条热搜到 hotresearch/2026_4_25/2026_4_25_13.txt
2026-04-25 13:59:04,054 [ERROR] 请求失败：403 Client Error: Forbidden for url: https://www.zhihu.com/api/v3/feed/topstory/hot-lists/total?limit=50&desktop=true
2026-04-25 13:59:04,054 [ERROR] 没有获取到热榜数据，退出。
2026-04-25 14:45:39,424 [INFO] 成功写入 10 条热搜到 hotresearch/2026_4_25/2026_4_25_14.txt
2026-04-25 14:45:39,924 [ERROR] 请求失败：403 Client Error: Forbidden for url: https://www.zhihu.com/api/v3/feed/topstory/hot-lists/total?limit=50&desktop=true
2026-04-25 14:45:39,925 [ERROR] 没有获取到热榜数据，退出。
2026-04-25 15:33:54,715 [INFO] 成功写入 10 条热搜到 hotresearch/2026_4_25/2026_4_25_15.txt
2026-04-25 15:33:55,250 [ERROR] 请求失败：403 Client Error: Forbidden for url: https://www.zhihu.com/api/v3/feed/topstory/hot-lists/total?limit=50&desktop=true
2026-04-25 15:33:55,250 [ERROR] 没有获取到热榜数据，退出。
2026-04-25 16:32:51,070 [INFO] 成功写入 10 条热搜到 hotresearch/2026_4_25/2026_4_25_16.txt
2026-04-25 16:32:51,601 [ERROR] 请求失败：401 Client Error: Authorization Required for url: https://www.zhihu.com/api/v3/feed/topstory/hot-lists/total?limit=50&desktop=true
2026-04-25 16:32:51,602 [ERROR] 没有获取到热榜数据，退出。
2026-04-25 17:31:55,400 [INFO] 成功写入 10 条热搜到 hotresearch/2026_4_25/2026_4_25_17.txt
2026-04-25 17:31:55,884 [ERROR] 请求失败：403 Client Error: Forbidden for url: https://www.zhihu.com/api/v3/feed/topstory/hot-lists/total?limit=50&desktop=true
2026-04-25 17:31:55,884 [ERROR] 没有获取到热榜数据，退出。
2026-04-25 18:38:44,994 [INFO] 成功写入 10 条热搜到 hotresearch/2026_4_25/2026_4_25_18.txt
2026-04-25 18:38:45,518 [ERROR] 请求失败：401 Client Error: Authorization Required for url: https://www.zhihu.com/api/v3/feed/topstory/hot-lists/total?limit=50&desktop=true
2026-04-25 18:38:45,518 [ERROR] 没有获取到热榜数据，退出。
2026-04-25 19:38:54,060 [INFO] 成功写入 10 条热搜到 hotresearch/2026_4_25/2026_4_25_19.txt
2026-04-25 19:38:54,586 [ERROR] 请求失败：401 Client Error: Authorization Required for url: https://www.zhihu.com/api/v3/feed/topstory/hot-lists/total?limit=50&desktop=true
2026-04-25 19:38:54,587 [ERROR] 没有获取到热榜数据，退出。
2026-04-25 20:30:39,920 [INFO] 成功写入 10 条热搜到 hotresearch/2026_4_25/2026_4_25_20.txt
2026-04-25 20:30:40,356 [ERROR] 请求失败：401 Client Error: Authorization Required for url: https://www.zhihu.com/api/v3/feed/topstory/hot-lists/total?limit=50&desktop=true
2026-04-25 20:30:40,356 [ERROR] 没有获取到热榜数据，退出。
