2026-06-02 00:11:58,818 [INFO] 成功写入 10 条热搜到 hotresearch/2026_6_2/2026_6_2_0.txt
2026-06-02 00:11:59,222 [ERROR] 请求失败：401 Client Error: Authorization Required for url: https://www.zhihu.com/api/v3/feed/topstory/hot-lists/total?limit=50&desktop=true
2026-06-02 00:11:59,223 [ERROR] 没有获取到热榜数据，退出。
2026-06-02 05:24:34,639 [INFO] 成功写入 10 条热搜到 hotresearch/2026_6_2/2026_6_2_5.txt
2026-06-02 05:24:35,050 [ERROR] 请求失败：401 Client Error: Authorization Required for url: https://www.zhihu.com/api/v3/feed/topstory/hot-lists/total?limit=50&desktop=true
2026-06-02 05:24:35,050 [ERROR] 没有获取到热榜数据，退出。
2026-06-02 10:08:47,510 [INFO] 成功写入 10 条热搜到 hotresearch/2026_6_2/2026_6_2_10.txt
2026-06-02 10:08:47,946 [ERROR] 请求失败：401 Client Error: Authorization Required for url: https://www.zhihu.com/api/v3/feed/topstory/hot-lists/total?limit=50&desktop=true
2026-06-02 10:08:47,946 [ERROR] 没有获取到热榜数据，退出。
2026-06-02 14:44:51,684 [INFO] 成功写入 10 条热搜到 hotresearch/2026_6_2/2026_6_2_14.txt
2026-06-02 14:44:52,645 [ERROR] 请求失败：403 Client Error: Forbidden for url: https://www.zhihu.com/api/v3/feed/topstory/hot-lists/total?limit=50&desktop=true
2026-06-02 14:44:52,645 [ERROR] 没有获取到热榜数据，退出。
2026-06-02 18:33:57,119 [INFO] 成功写入 10 条热搜到 hotresearch/2026_6_2/2026_6_2_18.txt
2026-06-02 18:33:57,563 [ERROR] 请求失败：401 Client Error: Authorization Required for url: https://www.zhihu.com/api/v3/feed/topstory/hot-lists/total?limit=50&desktop=true
2026-06-02 18:33:57,564 [ERROR] 没有获取到热榜数据，退出。
2026-06-02 21:42:57,931 [INFO] 成功写入 10 条热搜到 hotresearch/2026_6_2/2026_6_2_21.txt
2026-06-02 21:42:58,458 [ERROR] 请求失败：401 Client Error: Authorization Required for url: https://www.zhihu.com/api/v3/feed/topstory/hot-lists/total?limit=50&desktop=true
2026-06-02 21:42:58,458 [ERROR] 没有获取到热榜数据，退出。
2026-06-02 23:28:30,470 [ERROR] 请求失败：403 Client Error: Forbidden for url: https://www.zhihu.com/api/v4/search/top_search
2026-06-02 23:28:30,470 [ERROR] 没有获取到热搜数据，退出。
2026-06-02 23:28:30,903 [ERROR] 请求失败：403 Client Error: Forbidden for url: https://www.zhihu.com/api/v3/feed/topstory/hot-lists/total?limit=50&desktop=true
2026-06-02 23:28:30,903 [ERROR] 没有获取到热榜数据，退出。
