2026-01-28 01:10:56,427 [INFO] 成功写入 10 条热搜到 hotresearch/2026_1_28/2026_1_28_1.txt
2026-01-28 01:10:56,981 [ERROR] 请求失败：401 Client Error: Authorization Required for url: https://www.zhihu.com/api/v3/feed/topstory/hot-lists/total?limit=50&desktop=true
2026-01-28 01:10:56,981 [ERROR] 没有获取到热榜数据，退出。
2026-01-28 03:39:10,950 [INFO] 成功写入 10 条热搜到 hotresearch/2026_1_28/2026_1_28_3.txt
2026-01-28 03:39:11,293 [ERROR] 请求失败：403 Client Error: Forbidden for url: https://www.zhihu.com/api/v3/feed/topstory/hot-lists/total?limit=50&desktop=true
2026-01-28 03:39:11,293 [ERROR] 没有获取到热榜数据，退出。
2026-01-28 04:38:28,941 [INFO] 成功写入 10 条热搜到 hotresearch/2026_1_28/2026_1_28_4.txt
2026-01-28 04:38:29,443 [ERROR] 请求失败：401 Client Error: Authorization Required for url: https://www.zhihu.com/api/v3/feed/topstory/hot-lists/total?limit=50&desktop=true
2026-01-28 04:38:29,444 [ERROR] 没有获取到热榜数据，退出。
2026-01-28 05:22:04,881 [INFO] 成功写入 10 条热搜到 hotresearch/2026_1_28/2026_1_28_5.txt
2026-01-28 05:22:05,349 [ERROR] 请求失败：401 Client Error: Authorization Required for url: https://www.zhihu.com/api/v3/feed/topstory/hot-lists/total?limit=50&desktop=true
2026-01-28 05:22:05,349 [ERROR] 没有获取到热榜数据，退出。
2026-01-28 06:26:31,152 [INFO] 成功写入 10 条热搜到 hotresearch/2026_1_28/2026_1_28_6.txt
2026-01-28 06:26:31,535 [ERROR] 请求失败：401 Client Error: Authorization Required for url: https://www.zhihu.com/api/v3/feed/topstory/hot-lists/total?limit=50&desktop=true
2026-01-28 06:26:31,535 [ERROR] 没有获取到热榜数据，退出。
2026-01-28 07:20:01,057 [INFO] 成功写入 10 条热搜到 hotresearch/2026_1_28/2026_1_28_7.txt
2026-01-28 07:20:01,529 [ERROR] 请求失败：401 Client Error: Authorization Required for url: https://www.zhihu.com/api/v3/feed/topstory/hot-lists/total?limit=50&desktop=true
2026-01-28 07:20:01,529 [ERROR] 没有获取到热榜数据，退出。
2026-01-28 08:21:44,532 [INFO] 成功写入 10 条热搜到 hotresearch/2026_1_28/2026_1_28_8.txt
2026-01-28 08:21:44,980 [ERROR] 请求失败：401 Client Error: Authorization Required for url: https://www.zhihu.com/api/v3/feed/topstory/hot-lists/total?limit=50&desktop=true
2026-01-28 08:21:44,980 [ERROR] 没有获取到热榜数据，退出。
2026-01-28 09:27:43,442 [INFO] 成功写入 10 条热搜到 hotresearch/2026_1_28/2026_1_28_9.txt
2026-01-28 09:27:43,947 [ERROR] 请求失败：403 Client Error: Forbidden for url: https://www.zhihu.com/api/v3/feed/topstory/hot-lists/total?limit=50&desktop=true
2026-01-28 09:27:43,947 [ERROR] 没有获取到热榜数据，退出。
2026-01-28 10:20:55,562 [INFO] 成功写入 10 条热搜到 hotresearch/2026_1_28/2026_1_28_10.txt
2026-01-28 10:20:56,023 [ERROR] 请求失败：403 Client Error: Forbidden for url: https://www.zhihu.com/api/v3/feed/topstory/hot-lists/total?limit=50&desktop=true
2026-01-28 10:20:56,023 [ERROR] 没有获取到热榜数据，退出。
2026-01-28 11:17:34,892 [INFO] 成功写入 10 条热搜到 hotresearch/2026_1_28/2026_1_28_11.txt
2026-01-28 11:17:35,248 [ERROR] 请求失败：401 Client Error: Authorization Required for url: https://www.zhihu.com/api/v3/feed/topstory/hot-lists/total?limit=50&desktop=true
2026-01-28 11:17:35,248 [ERROR] 没有获取到热榜数据，退出。
2026-01-28 12:33:28,991 [INFO] 成功写入 10 条热搜到 hotresearch/2026_1_28/2026_1_28_12.txt
2026-01-28 12:33:29,527 [ERROR] 请求失败：401 Client Error: Authorization Required for url: https://www.zhihu.com/api/v3/feed/topstory/hot-lists/total?limit=50&desktop=true
2026-01-28 12:33:29,527 [ERROR] 没有获取到热榜数据，退出。
2026-01-28 13:42:00,344 [INFO] 成功写入 10 条热搜到 hotresearch/2026_1_28/2026_1_28_13.txt
2026-01-28 13:42:00,899 [ERROR] 请求失败：401 Client Error: Authorization Required for url: https://www.zhihu.com/api/v3/feed/topstory/hot-lists/total?limit=50&desktop=true
2026-01-28 13:42:00,899 [ERROR] 没有获取到热榜数据，退出。
2026-01-28 14:22:47,359 [WARNING] Retrying (Retry(total=4, connect=None, read=None, redirect=None, status=None)) after connection broken by 'NewConnectionError('<urllib3.connection.HTTPSConnection object at 0x7fc338357950>: Failed to establish a new connection: [Errno 101] Network is unreachable')': /api/v4/search/top_search
2026-01-28 14:22:59,371 [WARNING] Retrying (Retry(total=3, connect=None, read=None, redirect=None, status=None)) after connection broken by 'NewConnectionError('<urllib3.connection.HTTPSConnection object at 0x7fc337fe69c0>: Failed to establish a new connection: [Errno 101] Network is unreachable')': /api/v4/search/top_search
2026-01-28 14:23:13,382 [WARNING] Retrying (Retry(total=2, connect=None, read=None, redirect=None, status=None)) after connection broken by 'NewConnectionError('<urllib3.connection.HTTPSConnection object at 0x7fc337fe6b10>: Failed to establish a new connection: [Errno 101] Network is unreachable')': /api/v4/search/top_search
2026-01-28 14:23:31,394 [WARNING] Retrying (Retry(total=1, connect=None, read=None, redirect=None, status=None)) after connection broken by 'NewConnectionError('<urllib3.connection.HTTPSConnection object at 0x7fc337fe6c60>: Failed to establish a new connection: [Errno 101] Network is unreachable')': /api/v4/search/top_search
2026-01-28 14:23:57,405 [WARNING] Retrying (Retry(total=0, connect=None, read=None, redirect=None, status=None)) after connection broken by 'NewConnectionError('<urllib3.connection.HTTPSConnection object at 0x7fc337fe6db0>: Failed to establish a new connection: [Errno 101] Network is unreachable')': /api/v4/search/top_search
2026-01-28 14:24:07,444 [ERROR] 请求失败：HTTPSConnectionPool(host='www.zhihu.com', port=443): Max retries exceeded with url: /api/v4/search/top_search (Caused by NewConnectionError('<urllib3.connection.HTTPSConnection object at 0x7fc337fe6f00>: Failed to establish a new connection: [Errno 101] Network is unreachable'))
2026-01-28 14:24:07,444 [ERROR] 没有获取到热搜数据，退出。
2026-01-28 14:24:17,565 [WARNING] Retrying (Retry(total=4, connect=None, read=None, redirect=None, status=None)) after connection broken by 'NewConnectionError('<urllib3.connection.HTTPSConnection object at 0x7fe2970a1640>: Failed to establish a new connection: [Errno 101] Network is unreachable')': /api/v3/feed/topstory/hot-lists/total?limit=50&desktop=true
2026-01-28 14:24:29,576 [WARNING] Retrying (Retry(total=3, connect=None, read=None, redirect=None, status=None)) after connection broken by 'NewConnectionError('<urllib3.connection.HTTPSConnection object at 0x7fe296d5a8d0>: Failed to establish a new connection: [Errno 101] Network is unreachable')': /api/v3/feed/topstory/hot-lists/total?limit=50&desktop=true
2026-01-28 14:24:43,588 [WARNING] Retrying (Retry(total=2, connect=None, read=None, redirect=None, status=None)) after connection broken by 'NewConnectionError('<urllib3.connection.HTTPSConnection object at 0x7fe296d5aea0>: Failed to establish a new connection: [Errno 101] Network is unreachable')': /api/v3/feed/topstory/hot-lists/total?limit=50&desktop=true
2026-01-28 14:25:01,600 [WARNING] Retrying (Retry(total=1, connect=None, read=None, redirect=None, status=None)) after connection broken by 'NewConnectionError('<urllib3.connection.HTTPSConnection object at 0x7fe296d5b0e0>: Failed to establish a new connection: [Errno 101] Network is unreachable')': /api/v3/feed/topstory/hot-lists/total?limit=50&desktop=true
2026-01-28 14:25:27,720 [WARNING] Retrying (Retry(total=0, connect=None, read=None, redirect=None, status=None)) after connection broken by 'NewConnectionError('<urllib3.connection.HTTPSConnection object at 0x7fe296d5b230>: Failed to establish a new connection: [Errno 101] Network is unreachable')': /api/v3/feed/topstory/hot-lists/total?limit=50&desktop=true
2026-01-28 14:25:37,732 [ERROR] 请求失败：HTTPSConnectionPool(host='www.zhihu.com', port=443): Max retries exceeded with url: /api/v3/feed/topstory/hot-lists/total?limit=50&desktop=true (Caused by NewConnectionError('<urllib3.connection.HTTPSConnection object at 0x7fe296d5b380>: Failed to establish a new connection: [Errno 101] Network is unreachable'))
2026-01-28 14:25:37,732 [ERROR] 没有获取到热榜数据，退出。
2026-01-28 15:24:44,923 [INFO] 成功写入 10 条热搜到 hotresearch/2026_1_28/2026_1_28_15.txt
2026-01-28 15:24:45,424 [ERROR] 请求失败：401 Client Error: Authorization Required for url: https://www.zhihu.com/api/v3/feed/topstory/hot-lists/total?limit=50&desktop=true
2026-01-28 15:24:45,424 [ERROR] 没有获取到热榜数据，退出。
2026-01-28 16:27:15,187 [INFO] 成功写入 10 条热搜到 hotresearch/2026_1_28/2026_1_28_16.txt
2026-01-28 16:27:15,667 [ERROR] 请求失败：403 Client Error: Forbidden for url: https://www.zhihu.com/api/v3/feed/topstory/hot-lists/total?limit=50&desktop=true
2026-01-28 16:27:15,667 [ERROR] 没有获取到热榜数据，退出。
2026-01-28 17:26:22,350 [INFO] 成功写入 10 条热搜到 hotresearch/2026_1_28/2026_1_28_17.txt
2026-01-28 17:26:22,694 [ERROR] 请求失败：401 Client Error: Authorization Required for url: https://www.zhihu.com/api/v3/feed/topstory/hot-lists/total?limit=50&desktop=true
2026-01-28 17:26:22,694 [ERROR] 没有获取到热榜数据，退出。
2026-01-28 18:28:14,264 [INFO] 成功写入 10 条热搜到 hotresearch/2026_1_28/2026_1_28_18.txt
2026-01-28 18:28:14,767 [ERROR] 请求失败：401 Client Error: Authorization Required for url: https://www.zhihu.com/api/v3/feed/topstory/hot-lists/total?limit=50&desktop=true
2026-01-28 18:28:14,767 [ERROR] 没有获取到热榜数据，退出。
2026-01-28 19:20:49,623 [INFO] 成功写入 10 条热搜到 hotresearch/2026_1_28/2026_1_28_19.txt
2026-01-28 19:20:50,069 [ERROR] 请求失败：401 Client Error: Authorization Required for url: https://www.zhihu.com/api/v3/feed/topstory/hot-lists/total?limit=50&desktop=true
2026-01-28 19:20:50,069 [ERROR] 没有获取到热榜数据，退出。
2026-01-28 20:20:49,986 [INFO] 成功写入 10 条热搜到 hotresearch/2026_1_28/2026_1_28_20.txt
2026-01-28 20:20:50,327 [ERROR] 请求失败：401 Client Error: Authorization Required for url: https://www.zhihu.com/api/v3/feed/topstory/hot-lists/total?limit=50&desktop=true
2026-01-28 20:20:50,327 [ERROR] 没有获取到热榜数据，退出。
2026-01-28 21:22:57,212 [INFO] 成功写入 10 条热搜到 hotresearch/2026_1_28/2026_1_28_21.txt
2026-01-28 21:22:57,962 [ERROR] 请求失败：401 Client Error: Authorization Required for url: https://www.zhihu.com/api/v3/feed/topstory/hot-lists/total?limit=50&desktop=true
2026-01-28 21:22:57,962 [ERROR] 没有获取到热榜数据，退出。
2026-01-28 22:19:35,636 [INFO] 成功写入 10 条热搜到 hotresearch/2026_1_28/2026_1_28_22.txt
2026-01-28 22:19:36,109 [ERROR] 请求失败：401 Client Error: Authorization Required for url: https://www.zhihu.com/api/v3/feed/topstory/hot-lists/total?limit=50&desktop=true
2026-01-28 22:19:36,110 [ERROR] 没有获取到热榜数据，退出。
2026-01-28 23:19:54,909 [INFO] 成功写入 10 条热搜到 hotresearch/2026_1_28/2026_1_28_23.txt
2026-01-28 23:19:55,459 [ERROR] 请求失败：401 Client Error: Authorization Required for url: https://www.zhihu.com/api/v3/feed/topstory/hot-lists/total?limit=50&desktop=true
2026-01-28 23:19:55,459 [ERROR] 没有获取到热榜数据，退出。
