2026-03-07 01:18:11,883 [INFO] 成功写入 10 条热搜到 hotresearch/2026_3_7/2026_3_7_1.txt
2026-03-07 01:18:12,325 [ERROR] 请求失败：401 Client Error: Authorization Required for url: https://www.zhihu.com/api/v3/feed/topstory/hot-lists/total?limit=50&desktop=true
2026-03-07 01:18:12,325 [ERROR] 没有获取到热榜数据，退出。
2026-03-07 03:53:46,658 [INFO] 成功写入 10 条热搜到 hotresearch/2026_3_7/2026_3_7_3.txt
2026-03-07 03:53:47,127 [ERROR] 请求失败：403 Client Error: Forbidden for url: https://www.zhihu.com/api/v3/feed/topstory/hot-lists/total?limit=50&desktop=true
2026-03-07 03:53:47,127 [ERROR] 没有获取到热榜数据，退出。
2026-03-07 04:56:07,987 [INFO] 成功写入 10 条热搜到 hotresearch/2026_3_7/2026_3_7_4.txt
2026-03-07 04:56:08,558 [ERROR] 请求失败：401 Client Error: Authorization Required for url: https://www.zhihu.com/api/v3/feed/topstory/hot-lists/total?limit=50&desktop=true
2026-03-07 04:56:08,558 [ERROR] 没有获取到热榜数据，退出。
2026-03-07 05:34:17,267 [INFO] 成功写入 10 条热搜到 hotresearch/2026_3_7/2026_3_7_5.txt
2026-03-07 05:34:17,736 [ERROR] 请求失败：401 Client Error: Authorization Required for url: https://www.zhihu.com/api/v3/feed/topstory/hot-lists/total?limit=50&desktop=true
2026-03-07 05:34:17,736 [ERROR] 没有获取到热榜数据，退出。
2026-03-07 06:30:16,739 [INFO] 成功写入 10 条热搜到 hotresearch/2026_3_7/2026_3_7_6.txt
2026-03-07 06:30:17,248 [ERROR] 请求失败：403 Client Error: Forbidden for url: https://www.zhihu.com/api/v3/feed/topstory/hot-lists/total?limit=50&desktop=true
2026-03-07 06:30:17,249 [ERROR] 没有获取到热榜数据，退出。
2026-03-07 07:22:43,458 [INFO] 成功写入 10 条热搜到 hotresearch/2026_3_7/2026_3_7_7.txt
2026-03-07 07:22:44,018 [ERROR] 请求失败：401 Client Error: Authorization Required for url: https://www.zhihu.com/api/v3/feed/topstory/hot-lists/total?limit=50&desktop=true
2026-03-07 07:22:44,018 [ERROR] 没有获取到热榜数据，退出。
2026-03-07 08:21:26,123 [INFO] 成功写入 10 条热搜到 hotresearch/2026_3_7/2026_3_7_8.txt
2026-03-07 08:21:26,610 [ERROR] 请求失败：401 Client Error: Authorization Required for url: https://www.zhihu.com/api/v3/feed/topstory/hot-lists/total?limit=50&desktop=true
2026-03-07 08:21:26,610 [ERROR] 没有获取到热榜数据，退出。
2026-03-07 09:21:35,999 [INFO] 成功写入 10 条热搜到 hotresearch/2026_3_7/2026_3_7_9.txt
2026-03-07 09:21:36,579 [ERROR] 请求失败：401 Client Error: Authorization Required for url: https://www.zhihu.com/api/v3/feed/topstory/hot-lists/total?limit=50&desktop=true
2026-03-07 09:21:36,579 [ERROR] 没有获取到热榜数据，退出。
2026-03-07 10:16:28,575 [INFO] 成功写入 10 条热搜到 hotresearch/2026_3_7/2026_3_7_10.txt
2026-03-07 10:16:29,128 [ERROR] 请求失败：403 Client Error: Forbidden for url: https://www.zhihu.com/api/v3/feed/topstory/hot-lists/total?limit=50&desktop=true
2026-03-07 10:16:29,128 [ERROR] 没有获取到热榜数据，退出。
2026-03-07 11:13:34,243 [INFO] 成功写入 10 条热搜到 hotresearch/2026_3_7/2026_3_7_11.txt
2026-03-07 11:13:34,827 [ERROR] 请求失败：401 Client Error: Authorization Required for url: https://www.zhihu.com/api/v3/feed/topstory/hot-lists/total?limit=50&desktop=true
2026-03-07 11:13:34,827 [ERROR] 没有获取到热榜数据，退出。
2026-03-07 12:30:58,845 [INFO] 成功写入 10 条热搜到 hotresearch/2026_3_7/2026_3_7_12.txt
2026-03-07 12:30:59,362 [ERROR] 请求失败：401 Client Error: Authorization Required for url: https://www.zhihu.com/api/v3/feed/topstory/hot-lists/total?limit=50&desktop=true
2026-03-07 12:30:59,362 [ERROR] 没有获取到热榜数据，退出。
2026-03-07 13:33:53,348 [INFO] 成功写入 10 条热搜到 hotresearch/2026_3_7/2026_3_7_13.txt
2026-03-07 13:33:53,910 [ERROR] 请求失败：401 Client Error: Authorization Required for url: https://www.zhihu.com/api/v3/feed/topstory/hot-lists/total?limit=50&desktop=true
2026-03-07 13:33:53,910 [ERROR] 没有获取到热榜数据，退出。
2026-03-07 14:17:15,461 [INFO] 成功写入 10 条热搜到 hotresearch/2026_3_7/2026_3_7_14.txt
2026-03-07 14:17:15,933 [ERROR] 请求失败：401 Client Error: Authorization Required for url: https://www.zhihu.com/api/v3/feed/topstory/hot-lists/total?limit=50&desktop=true
2026-03-07 14:17:15,933 [ERROR] 没有获取到热榜数据，退出。
2026-03-07 15:15:41,980 [INFO] 成功写入 10 条热搜到 hotresearch/2026_3_7/2026_3_7_15.txt
2026-03-07 15:15:42,544 [ERROR] 请求失败：401 Client Error: Authorization Required for url: https://www.zhihu.com/api/v3/feed/topstory/hot-lists/total?limit=50&desktop=true
2026-03-07 15:15:42,544 [ERROR] 没有获取到热榜数据，退出。
2026-03-07 16:18:35,231 [ERROR] 请求失败：403 Client Error: Forbidden for url: https://www.zhihu.com/api/v4/search/top_search
2026-03-07 16:18:35,231 [ERROR] 没有获取到热搜数据，退出。
2026-03-07 16:18:35,686 [ERROR] 请求失败：401 Client Error: Authorization Required for url: https://www.zhihu.com/api/v3/feed/topstory/hot-lists/total?limit=50&desktop=true
2026-03-07 16:18:35,686 [ERROR] 没有获取到热榜数据，退出。
2026-03-07 17:15:01,233 [INFO] 成功写入 10 条热搜到 hotresearch/2026_3_7/2026_3_7_17.txt
2026-03-07 17:15:01,750 [ERROR] 请求失败：401 Client Error: Authorization Required for url: https://www.zhihu.com/api/v3/feed/topstory/hot-lists/total?limit=50&desktop=true
2026-03-07 17:15:01,750 [ERROR] 没有获取到热榜数据，退出。
2026-03-07 18:23:06,817 [INFO] 成功写入 10 条热搜到 hotresearch/2026_3_7/2026_3_7_18.txt
2026-03-07 18:23:07,298 [ERROR] 请求失败：401 Client Error: Authorization Required for url: https://www.zhihu.com/api/v3/feed/topstory/hot-lists/total?limit=50&desktop=true
2026-03-07 18:23:07,299 [ERROR] 没有获取到热榜数据，退出。
2026-03-07 19:16:15,057 [INFO] 成功写入 10 条热搜到 hotresearch/2026_3_7/2026_3_7_19.txt
2026-03-07 19:16:15,576 [ERROR] 请求失败：401 Client Error: Authorization Required for url: https://www.zhihu.com/api/v3/feed/topstory/hot-lists/total?limit=50&desktop=true
2026-03-07 19:16:15,576 [ERROR] 没有获取到热榜数据，退出。
2026-03-07 20:16:35,536 [ERROR] 请求失败：403 Client Error: Forbidden for url: https://www.zhihu.com/api/v4/search/top_search
2026-03-07 20:16:35,536 [ERROR] 没有获取到热搜数据，退出。
2026-03-07 20:16:36,004 [ERROR] 请求失败：401 Client Error: Authorization Required for url: https://www.zhihu.com/api/v3/feed/topstory/hot-lists/total?limit=50&desktop=true
2026-03-07 20:16:36,004 [ERROR] 没有获取到热榜数据，退出。
2026-03-07 21:14:03,873 [ERROR] 请求失败：403 Client Error: Forbidden for url: https://www.zhihu.com/api/v4/search/top_search
2026-03-07 21:14:03,873 [ERROR] 没有获取到热搜数据，退出。
2026-03-07 21:14:04,332 [ERROR] 请求失败：401 Client Error: Authorization Required for url: https://www.zhihu.com/api/v3/feed/topstory/hot-lists/total?limit=50&desktop=true
2026-03-07 21:14:04,332 [ERROR] 没有获取到热榜数据，退出。
2026-03-07 22:15:49,470 [INFO] 成功写入 10 条热搜到 hotresearch/2026_3_7/2026_3_7_22.txt
2026-03-07 22:15:49,936 [ERROR] 请求失败：401 Client Error: Authorization Required for url: https://www.zhihu.com/api/v3/feed/topstory/hot-lists/total?limit=50&desktop=true
2026-03-07 22:15:49,936 [ERROR] 没有获取到热榜数据，退出。
2026-03-07 23:15:23,985 [INFO] 成功写入 10 条热搜到 hotresearch/2026_3_7/2026_3_7_23.txt
2026-03-07 23:15:24,507 [ERROR] 请求失败：401 Client Error: Authorization Required for url: https://www.zhihu.com/api/v3/feed/topstory/hot-lists/total?limit=50&desktop=true
2026-03-07 23:15:24,507 [ERROR] 没有获取到热榜数据，退出。
