2026-05-31 02:45:12,299 [INFO] 成功写入 10 条热搜到 hotresearch/2026_5_31/2026_5_31_2.txt
2026-05-31 02:45:12,724 [ERROR] 请求失败：401 Client Error: Authorization Required for url: https://www.zhihu.com/api/v3/feed/topstory/hot-lists/total?limit=50&desktop=true
2026-05-31 02:45:12,724 [ERROR] 没有获取到热榜数据，退出。
2026-05-31 06:53:06,335 [INFO] 成功写入 10 条热搜到 hotresearch/2026_5_31/2026_5_31_6.txt
2026-05-31 06:53:06,815 [ERROR] 请求失败：401 Client Error: Authorization Required for url: https://www.zhihu.com/api/v3/feed/topstory/hot-lists/total?limit=50&desktop=true
2026-05-31 06:53:06,815 [ERROR] 没有获取到热榜数据，退出。
2026-05-31 09:43:51,901 [INFO] 成功写入 10 条热搜到 hotresearch/2026_5_31/2026_5_31_9.txt
2026-05-31 09:43:52,338 [ERROR] 请求失败：401 Client Error: Authorization Required for url: https://www.zhihu.com/api/v3/feed/topstory/hot-lists/total?limit=50&desktop=true
2026-05-31 09:43:52,338 [ERROR] 没有获取到热榜数据，退出。
2026-05-31 11:29:28,527 [INFO] 成功写入 10 条热搜到 hotresearch/2026_5_31/2026_5_31_11.txt
2026-05-31 11:29:28,983 [ERROR] 请求失败：403 Client Error: Forbidden for url: https://www.zhihu.com/api/v3/feed/topstory/hot-lists/total?limit=50&desktop=true
2026-05-31 11:29:28,983 [ERROR] 没有获取到热榜数据，退出。
2026-05-31 13:20:50,769 [INFO] 成功写入 10 条热搜到 hotresearch/2026_5_31/2026_5_31_13.txt
2026-05-31 13:20:51,170 [ERROR] 请求失败：401 Client Error: Authorization Required for url: https://www.zhihu.com/api/v3/feed/topstory/hot-lists/total?limit=50&desktop=true
2026-05-31 13:20:51,170 [ERROR] 没有获取到热榜数据，退出。
2026-05-31 15:13:26,723 [INFO] 成功写入 10 条热搜到 hotresearch/2026_5_31/2026_5_31_15.txt
2026-05-31 15:13:27,132 [ERROR] 请求失败：401 Client Error: Authorization Required for url: https://www.zhihu.com/api/v3/feed/topstory/hot-lists/total?limit=50&desktop=true
2026-05-31 15:13:27,132 [ERROR] 没有获取到热榜数据，退出。
2026-05-31 16:58:54,498 [INFO] 成功写入 10 条热搜到 hotresearch/2026_5_31/2026_5_31_16.txt
2026-05-31 16:58:55,007 [ERROR] 请求失败：403 Client Error: Forbidden for url: https://www.zhihu.com/api/v3/feed/topstory/hot-lists/total?limit=50&desktop=true
2026-05-31 16:58:55,007 [ERROR] 没有获取到热榜数据，退出。
2026-05-31 18:04:39,720 [INFO] 成功写入 10 条热搜到 hotresearch/2026_5_31/2026_5_31_18.txt
2026-05-31 18:04:40,073 [ERROR] 请求失败：401 Client Error: Authorization Required for url: https://www.zhihu.com/api/v3/feed/topstory/hot-lists/total?limit=50&desktop=true
2026-05-31 18:04:40,073 [ERROR] 没有获取到热榜数据，退出。
2026-05-31 20:01:34,792 [INFO] 成功写入 10 条热搜到 hotresearch/2026_5_31/2026_5_31_20.txt
2026-05-31 20:01:35,169 [ERROR] 请求失败：401 Client Error: Authorization Required for url: https://www.zhihu.com/api/v3/feed/topstory/hot-lists/total?limit=50&desktop=true
2026-05-31 20:01:35,169 [ERROR] 没有获取到热榜数据，退出。
2026-05-31 21:52:42,841 [INFO] 成功写入 10 条热搜到 hotresearch/2026_5_31/2026_5_31_21.txt
2026-05-31 21:52:43,243 [ERROR] 请求失败：401 Client Error: Authorization Required for url: https://www.zhihu.com/api/v3/feed/topstory/hot-lists/total?limit=50&desktop=true
2026-05-31 21:52:43,243 [ERROR] 没有获取到热榜数据，退出。
2026-05-31 22:53:24,811 [WARNING] Retrying (Retry(total=4, connect=None, read=None, redirect=None, status=None)) after connection broken by 'NewConnectionError('<urllib3.connection.HTTPSConnection object at 0x7f6e81557950>: Failed to establish a new connection: [Errno 101] Network is unreachable')': /api/v4/search/top_search
2026-05-31 22:53:36,819 [WARNING] Retrying (Retry(total=3, connect=None, read=None, redirect=None, status=None)) after connection broken by 'NewConnectionError('<urllib3.connection.HTTPSConnection object at 0x7f6e811d6c90>: Failed to establish a new connection: [Errno 101] Network is unreachable')': /api/v4/search/top_search
2026-05-31 22:53:50,831 [WARNING] Retrying (Retry(total=2, connect=None, read=None, redirect=None, status=None)) after connection broken by 'NewConnectionError('<urllib3.connection.HTTPSConnection object at 0x7f6e811d6de0>: Failed to establish a new connection: [Errno 101] Network is unreachable')': /api/v4/search/top_search
2026-05-31 22:54:08,843 [WARNING] Retrying (Retry(total=1, connect=None, read=None, redirect=None, status=None)) after connection broken by 'NewConnectionError('<urllib3.connection.HTTPSConnection object at 0x7f6e811d6f30>: Failed to establish a new connection: [Errno 101] Network is unreachable')': /api/v4/search/top_search
2026-05-31 22:54:34,846 [WARNING] Retrying (Retry(total=0, connect=None, read=None, redirect=None, status=None)) after connection broken by 'NewConnectionError('<urllib3.connection.HTTPSConnection object at 0x7f6e811d7080>: Failed to establish a new connection: [Errno 101] Network is unreachable')': /api/v4/search/top_search
2026-05-31 22:54:45,052 [ERROR] 请求失败：HTTPSConnectionPool(host='www.zhihu.com', port=443): Max retries exceeded with url: /api/v4/search/top_search (Caused by NewConnectionError('<urllib3.connection.HTTPSConnection object at 0x7f6e811d71d0>: Failed to establish a new connection: [Errno 101] Network is unreachable'))
2026-05-31 22:54:45,053 [ERROR] 没有获取到热搜数据，退出。
2026-05-31 22:54:55,173 [WARNING] Retrying (Retry(total=4, connect=None, read=None, redirect=None, status=None)) after connection broken by 'NewConnectionError('<urllib3.connection.HTTPSConnection object at 0x7fe5d64469c0>: Failed to establish a new connection: [Errno 101] Network is unreachable')': /api/v3/feed/topstory/hot-lists/total?limit=50&desktop=true
2026-05-31 22:55:07,185 [WARNING] Retrying (Retry(total=3, connect=None, read=None, redirect=None, status=None)) after connection broken by 'NewConnectionError('<urllib3.connection.HTTPSConnection object at 0x7fe5d7151d00>: Failed to establish a new connection: [Errno 101] Network is unreachable')': /api/v3/feed/topstory/hot-lists/total?limit=50&desktop=true
2026-05-31 22:55:21,197 [WARNING] Retrying (Retry(total=2, connect=None, read=None, redirect=None, status=None)) after connection broken by 'NewConnectionError('<urllib3.connection.HTTPSConnection object at 0x7fe5d6447260>: Failed to establish a new connection: [Errno 101] Network is unreachable')': /api/v3/feed/topstory/hot-lists/total?limit=50&desktop=true
2026-05-31 22:55:39,208 [WARNING] Retrying (Retry(total=1, connect=None, read=None, redirect=None, status=None)) after connection broken by 'NewConnectionError('<urllib3.connection.HTTPSConnection object at 0x7fe5d64473b0>: Failed to establish a new connection: [Errno 101] Network is unreachable')': /api/v3/feed/topstory/hot-lists/total?limit=50&desktop=true
2026-05-31 22:56:05,324 [WARNING] Retrying (Retry(total=0, connect=None, read=None, redirect=None, status=None)) after connection broken by 'NewConnectionError('<urllib3.connection.HTTPSConnection object at 0x7fe5d6447500>: Failed to establish a new connection: [Errno 101] Network is unreachable')': /api/v3/feed/topstory/hot-lists/total?limit=50&desktop=true
2026-05-31 22:56:15,336 [ERROR] 请求失败：HTTPSConnectionPool(host='www.zhihu.com', port=443): Max retries exceeded with url: /api/v3/feed/topstory/hot-lists/total?limit=50&desktop=true (Caused by NewConnectionError('<urllib3.connection.HTTPSConnection object at 0x7fe5d6447650>: Failed to establish a new connection: [Errno 101] Network is unreachable'))
2026-05-31 22:56:15,336 [ERROR] 没有获取到热榜数据，退出。
2026-05-31 23:59:33,530 [INFO] 成功写入 10 条热搜到 hotresearch/2026_5_31/2026_5_31_23.txt
2026-05-31 23:59:33,932 [ERROR] 请求失败：401 Client Error: Authorization Required for url: https://www.zhihu.com/api/v3/feed/topstory/hot-lists/total?limit=50&desktop=true
2026-05-31 23:59:33,932 [ERROR] 没有获取到热榜数据，退出。
