2026-03-12 01:19:12,813 [INFO] 成功写入 10 条热搜到 hotresearch/2026_3_12/2026_3_12_1.txt
2026-03-12 01:19:13,236 [ERROR] 请求失败：401 Client Error: Authorization Required for url: https://www.zhihu.com/api/v3/feed/topstory/hot-lists/total?limit=50&desktop=true
2026-03-12 01:19:13,236 [ERROR] 没有获取到热榜数据，退出。
2026-03-12 04:06:49,870 [INFO] 成功写入 10 条热搜到 hotresearch/2026_3_12/2026_3_12_4.txt
2026-03-12 04:06:50,350 [ERROR] 请求失败：401 Client Error: Authorization Required for url: https://www.zhihu.com/api/v3/feed/topstory/hot-lists/total?limit=50&desktop=true
2026-03-12 04:06:50,350 [ERROR] 没有获取到热榜数据，退出。
2026-03-12 05:44:00,010 [INFO] 成功写入 10 条热搜到 hotresearch/2026_3_12/2026_3_12_5.txt
2026-03-12 05:44:00,531 [ERROR] 请求失败：403 Client Error: Forbidden for url: https://www.zhihu.com/api/v3/feed/topstory/hot-lists/total?limit=50&desktop=true
2026-03-12 05:44:00,532 [ERROR] 没有获取到热榜数据，退出。
2026-03-12 06:43:51,044 [INFO] 成功写入 10 条热搜到 hotresearch/2026_3_12/2026_3_12_6.txt
2026-03-12 06:43:51,555 [ERROR] 请求失败：401 Client Error: Authorization Required for url: https://www.zhihu.com/api/v3/feed/topstory/hot-lists/total?limit=50&desktop=true
2026-03-12 06:43:51,555 [ERROR] 没有获取到热榜数据，退出。
2026-03-12 07:40:19,720 [INFO] 成功写入 10 条热搜到 hotresearch/2026_3_12/2026_3_12_7.txt
2026-03-12 07:40:20,254 [ERROR] 请求失败：403 Client Error: Forbidden for url: https://www.zhihu.com/api/v3/feed/topstory/hot-lists/total?limit=50&desktop=true
2026-03-12 07:40:20,254 [ERROR] 没有获取到热榜数据，退出。
2026-03-12 08:33:28,875 [INFO] 成功写入 10 条热搜到 hotresearch/2026_3_12/2026_3_12_8.txt
2026-03-12 08:33:29,332 [ERROR] 请求失败：403 Client Error: Forbidden for url: https://www.zhihu.com/api/v3/feed/topstory/hot-lists/total?limit=50&desktop=true
2026-03-12 08:33:29,332 [ERROR] 没有获取到热榜数据，退出。
2026-03-12 09:35:10,886 [INFO] 成功写入 10 条热搜到 hotresearch/2026_3_12/2026_3_12_9.txt
2026-03-12 09:35:11,356 [ERROR] 请求失败：401 Client Error: Authorization Required for url: https://www.zhihu.com/api/v3/feed/topstory/hot-lists/total?limit=50&desktop=true
2026-03-12 09:35:11,356 [ERROR] 没有获取到热榜数据，退出。
2026-03-12 10:31:35,413 [INFO] 成功写入 10 条热搜到 hotresearch/2026_3_12/2026_3_12_10.txt
2026-03-12 10:31:35,882 [ERROR] 请求失败：401 Client Error: Authorization Required for url: https://www.zhihu.com/api/v3/feed/topstory/hot-lists/total?limit=50&desktop=true
2026-03-12 10:31:35,882 [ERROR] 没有获取到热榜数据，退出。
2026-03-12 11:26:47,776 [INFO] 成功写入 10 条热搜到 hotresearch/2026_3_12/2026_3_12_11.txt
2026-03-12 11:26:48,245 [ERROR] 请求失败：401 Client Error: Authorization Required for url: https://www.zhihu.com/api/v3/feed/topstory/hot-lists/total?limit=50&desktop=true
2026-03-12 11:26:48,245 [ERROR] 没有获取到热榜数据，退出。
2026-03-12 12:40:39,320 [INFO] 成功写入 10 条热搜到 hotresearch/2026_3_12/2026_3_12_12.txt
2026-03-12 12:40:39,769 [ERROR] 请求失败：401 Client Error: Authorization Required for url: https://www.zhihu.com/api/v3/feed/topstory/hot-lists/total?limit=50&desktop=true
2026-03-12 12:40:39,770 [ERROR] 没有获取到热榜数据，退出。
2026-03-12 13:57:49,084 [INFO] 成功写入 10 条热搜到 hotresearch/2026_3_12/2026_3_12_13.txt
2026-03-12 13:57:49,540 [ERROR] 请求失败：401 Client Error: Authorization Required for url: https://www.zhihu.com/api/v3/feed/topstory/hot-lists/total?limit=50&desktop=true
2026-03-12 13:57:49,540 [ERROR] 没有获取到热榜数据，退出。
2026-03-12 14:48:15,237 [INFO] 成功写入 10 条热搜到 hotresearch/2026_3_12/2026_3_12_14.txt
2026-03-12 14:48:15,691 [ERROR] 请求失败：401 Client Error: Authorization Required for url: https://www.zhihu.com/api/v3/feed/topstory/hot-lists/total?limit=50&desktop=true
2026-03-12 14:48:15,691 [ERROR] 没有获取到热榜数据，退出。
2026-03-12 15:51:54,566 [INFO] 成功写入 10 条热搜到 hotresearch/2026_3_12/2026_3_12_15.txt
2026-03-12 15:51:54,937 [ERROR] 请求失败：401 Client Error: Authorization Required for url: https://www.zhihu.com/api/v3/feed/topstory/hot-lists/total?limit=50&desktop=true
2026-03-12 15:51:54,937 [ERROR] 没有获取到热榜数据，退出。
2026-03-12 16:52:27,895 [INFO] 成功写入 10 条热搜到 hotresearch/2026_3_12/2026_3_12_16.txt
2026-03-12 16:52:28,396 [ERROR] 请求失败：401 Client Error: Authorization Required for url: https://www.zhihu.com/api/v3/feed/topstory/hot-lists/total?limit=50&desktop=true
2026-03-12 16:52:28,396 [ERROR] 没有获取到热榜数据，退出。
2026-03-12 17:42:58,393 [ERROR] 请求失败：403 Client Error: Forbidden for url: https://www.zhihu.com/api/v4/search/top_search
2026-03-12 17:42:58,393 [ERROR] 没有获取到热搜数据，退出。
2026-03-12 17:42:58,871 [ERROR] 请求失败：401 Client Error: Authorization Required for url: https://www.zhihu.com/api/v3/feed/topstory/hot-lists/total?limit=50&desktop=true
2026-03-12 17:42:58,871 [ERROR] 没有获取到热榜数据，退出。
2026-03-12 18:42:04,912 [INFO] 成功写入 10 条热搜到 hotresearch/2026_3_12/2026_3_12_18.txt
2026-03-12 18:42:05,437 [ERROR] 请求失败：401 Client Error: Authorization Required for url: https://www.zhihu.com/api/v3/feed/topstory/hot-lists/total?limit=50&desktop=true
2026-03-12 18:42:05,437 [ERROR] 没有获取到热榜数据，退出。
