2026-03-26 01:45:56,147 [INFO] 成功写入 10 条热搜到 hotresearch/2026_3_26/2026_3_26_1.txt
2026-03-26 01:45:56,609 [ERROR] 请求失败：403 Client Error: Forbidden for url: https://www.zhihu.com/api/v3/feed/topstory/hot-lists/total?limit=50&desktop=true
2026-03-26 01:45:56,610 [ERROR] 没有获取到热榜数据，退出。
2026-03-26 04:27:17,524 [INFO] 成功写入 10 条热搜到 hotresearch/2026_3_26/2026_3_26_4.txt
2026-03-26 04:27:17,999 [ERROR] 请求失败：401 Client Error: Authorization Required for url: https://www.zhihu.com/api/v3/feed/topstory/hot-lists/total?limit=50&desktop=true
2026-03-26 04:27:17,999 [ERROR] 没有获取到热榜数据，退出。
2026-03-26 06:07:20,676 [INFO] 成功写入 10 条热搜到 hotresearch/2026_3_26/2026_3_26_6.txt
2026-03-26 06:07:21,178 [ERROR] 请求失败：403 Client Error: Forbidden for url: https://www.zhihu.com/api/v3/feed/topstory/hot-lists/total?limit=50&desktop=true
2026-03-26 06:07:21,178 [ERROR] 没有获取到热榜数据，退出。
2026-03-26 07:56:52,863 [INFO] 成功写入 10 条热搜到 hotresearch/2026_3_26/2026_3_26_7.txt
2026-03-26 07:56:53,328 [ERROR] 请求失败：403 Client Error: Forbidden for url: https://www.zhihu.com/api/v3/feed/topstory/hot-lists/total?limit=50&desktop=true
2026-03-26 07:56:53,328 [ERROR] 没有获取到热榜数据，退出。
2026-03-26 08:52:14,628 [INFO] 成功写入 10 条热搜到 hotresearch/2026_3_26/2026_3_26_8.txt
2026-03-26 08:52:15,162 [ERROR] 请求失败：403 Client Error: Forbidden for url: https://www.zhihu.com/api/v3/feed/topstory/hot-lists/total?limit=50&desktop=true
2026-03-26 08:52:15,162 [ERROR] 没有获取到热榜数据，退出。
2026-03-26 09:54:42,295 [INFO] 成功写入 10 条热搜到 hotresearch/2026_3_26/2026_3_26_9.txt
2026-03-26 09:54:42,738 [ERROR] 请求失败：401 Client Error: Authorization Required for url: https://www.zhihu.com/api/v3/feed/topstory/hot-lists/total?limit=50&desktop=true
2026-03-26 09:54:42,739 [ERROR] 没有获取到热榜数据，退出。
2026-03-26 10:45:03,369 [INFO] 成功写入 10 条热搜到 hotresearch/2026_3_26/2026_3_26_10.txt
2026-03-26 10:45:03,833 [ERROR] 请求失败：401 Client Error: Authorization Required for url: https://www.zhihu.com/api/v3/feed/topstory/hot-lists/total?limit=50&desktop=true
2026-03-26 10:45:03,833 [ERROR] 没有获取到热榜数据，退出。
2026-03-26 11:42:58,858 [INFO] 成功写入 10 条热搜到 hotresearch/2026_3_26/2026_3_26_11.txt
2026-03-26 11:42:59,334 [ERROR] 请求失败：403 Client Error: Forbidden for url: https://www.zhihu.com/api/v3/feed/topstory/hot-lists/total?limit=50&desktop=true
2026-03-26 11:42:59,335 [ERROR] 没有获取到热榜数据，退出。
2026-03-26 12:56:49,057 [INFO] 成功写入 10 条热搜到 hotresearch/2026_3_26/2026_3_26_12.txt
2026-03-26 12:56:49,551 [ERROR] 请求失败：403 Client Error: Forbidden for url: https://www.zhihu.com/api/v3/feed/topstory/hot-lists/total?limit=50&desktop=true
2026-03-26 12:56:49,551 [ERROR] 没有获取到热榜数据，退出。
2026-03-26 14:23:35,660 [INFO] 成功写入 10 条热搜到 hotresearch/2026_3_26/2026_3_26_14.txt
2026-03-26 14:23:36,013 [ERROR] 请求失败：403 Client Error: Forbidden for url: https://www.zhihu.com/api/v3/feed/topstory/hot-lists/total?limit=50&desktop=true
2026-03-26 14:23:36,013 [ERROR] 没有获取到热榜数据，退出。
2026-03-26 16:05:00,798 [INFO] 成功写入 10 条热搜到 hotresearch/2026_3_26/2026_3_26_16.txt
2026-03-26 16:05:01,314 [ERROR] 请求失败：403 Client Error: Forbidden for url: https://www.zhihu.com/api/v3/feed/topstory/hot-lists/total?limit=50&desktop=true
2026-03-26 16:05:01,314 [ERROR] 没有获取到热榜数据，退出。
2026-03-26 17:54:46,431 [INFO] 成功写入 10 条热搜到 hotresearch/2026_3_26/2026_3_26_17.txt
2026-03-26 17:54:46,924 [ERROR] 请求失败：401 Client Error: Authorization Required for url: https://www.zhihu.com/api/v3/feed/topstory/hot-lists/total?limit=50&desktop=true
2026-03-26 17:54:46,924 [ERROR] 没有获取到热榜数据，退出。
2026-03-26 18:55:55,753 [ERROR] 请求失败：403 Client Error: Forbidden for url: https://www.zhihu.com/api/v4/search/top_search
2026-03-26 18:55:55,753 [ERROR] 没有获取到热搜数据，退出。
2026-03-26 18:55:56,228 [ERROR] 请求失败：401 Client Error: Authorization Required for url: https://www.zhihu.com/api/v3/feed/topstory/hot-lists/total?limit=50&desktop=true
2026-03-26 18:55:56,228 [ERROR] 没有获取到热榜数据，退出。
2026-03-26 19:51:48,030 [INFO] 成功写入 10 条热搜到 hotresearch/2026_3_26/2026_3_26_19.txt
2026-03-26 19:51:48,466 [ERROR] 请求失败：401 Client Error: Authorization Required for url: https://www.zhihu.com/api/v3/feed/topstory/hot-lists/total?limit=50&desktop=true
2026-03-26 19:51:48,466 [ERROR] 没有获取到热榜数据，退出。
