2026-03-13 01:23:07,224 [ERROR] 请求失败：403 Client Error: Forbidden for url: https://www.zhihu.com/api/v4/search/top_search
2026-03-13 01:23:07,224 [ERROR] 没有获取到热搜数据，退出。
2026-03-13 01:23:07,579 [ERROR] 请求失败：401 Client Error: Authorization Required for url: https://www.zhihu.com/api/v3/feed/topstory/hot-lists/total?limit=50&desktop=true
2026-03-13 01:23:07,579 [ERROR] 没有获取到热榜数据，退出。
2026-03-13 04:05:33,963 [INFO] 成功写入 10 条热搜到 hotresearch/2026_3_13/2026_3_13_4.txt
2026-03-13 04:05:34,311 [ERROR] 请求失败：401 Client Error: Authorization Required for url: https://www.zhihu.com/api/v3/feed/topstory/hot-lists/total?limit=50&desktop=true
2026-03-13 04:05:34,311 [ERROR] 没有获取到热榜数据，退出。
2026-03-13 05:42:13,236 [INFO] 成功写入 10 条热搜到 hotresearch/2026_3_13/2026_3_13_5.txt
2026-03-13 05:42:13,715 [ERROR] 请求失败：401 Client Error: Authorization Required for url: https://www.zhihu.com/api/v3/feed/topstory/hot-lists/total?limit=50&desktop=true
2026-03-13 05:42:13,715 [ERROR] 没有获取到热榜数据，退出。
2026-03-13 06:41:45,833 [INFO] 成功写入 10 条热搜到 hotresearch/2026_3_13/2026_3_13_6.txt
2026-03-13 06:41:46,335 [ERROR] 请求失败：403 Client Error: Forbidden for url: https://www.zhihu.com/api/v3/feed/topstory/hot-lists/total?limit=50&desktop=true
2026-03-13 06:41:46,335 [ERROR] 没有获取到热榜数据，退出。
2026-03-13 07:38:53,339 [INFO] 成功写入 10 条热搜到 hotresearch/2026_3_13/2026_3_13_7.txt
2026-03-13 07:38:53,681 [ERROR] 请求失败：401 Client Error: Authorization Required for url: https://www.zhihu.com/api/v3/feed/topstory/hot-lists/total?limit=50&desktop=true
2026-03-13 07:38:53,681 [ERROR] 没有获取到热榜数据，退出。
2026-03-13 08:31:10,771 [INFO] 成功写入 10 条热搜到 hotresearch/2026_3_13/2026_3_13_8.txt
2026-03-13 08:31:11,240 [ERROR] 请求失败：401 Client Error: Authorization Required for url: https://www.zhihu.com/api/v3/feed/topstory/hot-lists/total?limit=50&desktop=true
2026-03-13 08:31:11,240 [ERROR] 没有获取到热榜数据，退出。
2026-03-13 09:32:14,820 [INFO] 成功写入 10 条热搜到 hotresearch/2026_3_13/2026_3_13_9.txt
2026-03-13 09:32:15,273 [ERROR] 请求失败：401 Client Error: Authorization Required for url: https://www.zhihu.com/api/v3/feed/topstory/hot-lists/total?limit=50&desktop=true
2026-03-13 09:32:15,273 [ERROR] 没有获取到热榜数据，退出。
