2026-06-10 02:42:53,658 [INFO] 成功写入 10 条热搜到 hotresearch/2026_6_10/2026_6_10_2.txt
2026-06-10 02:42:54,105 [ERROR] 请求失败：401 Client Error: Authorization Required for url: https://www.zhihu.com/api/v3/feed/topstory/hot-lists/total?limit=50&desktop=true
2026-06-10 02:42:54,105 [ERROR] 没有获取到热榜数据，退出。
2026-06-10 07:01:35,793 [INFO] 成功写入 10 条热搜到 hotresearch/2026_6_10/2026_6_10_7.txt
2026-06-10 07:01:36,172 [ERROR] 请求失败：401 Client Error: Authorization Required for url: https://www.zhihu.com/api/v3/feed/topstory/hot-lists/total?limit=50&desktop=true
2026-06-10 07:01:36,172 [ERROR] 没有获取到热榜数据，退出。
2026-06-10 11:32:11,972 [INFO] 成功写入 10 条热搜到 hotresearch/2026_6_10/2026_6_10_11.txt
2026-06-10 11:32:12,784 [ERROR] 请求失败：403 Client Error: Forbidden for url: https://www.zhihu.com/api/v3/feed/topstory/hot-lists/total?limit=50&desktop=true
2026-06-10 11:32:12,784 [ERROR] 没有获取到热榜数据，退出。
2026-06-10 14:57:59,817 [INFO] 成功写入 10 条热搜到 hotresearch/2026_6_10/2026_6_10_14.txt
2026-06-10 14:58:00,216 [ERROR] 请求失败：401 Client Error: Authorization Required for url: https://www.zhihu.com/api/v3/feed/topstory/hot-lists/total?limit=50&desktop=true
2026-06-10 14:58:00,216 [ERROR] 没有获取到热榜数据，退出。
2026-06-10 17:56:07,786 [INFO] 成功写入 10 条热搜到 hotresearch/2026_6_10/2026_6_10_17.txt
2026-06-10 17:56:08,157 [ERROR] 请求失败：401 Client Error: Authorization Required for url: https://www.zhihu.com/api/v3/feed/topstory/hot-lists/total?limit=50&desktop=true
2026-06-10 17:56:08,157 [ERROR] 没有获取到热榜数据，退出。
2026-06-10 20:22:46,061 [ERROR] 请求失败：403 Client Error: Forbidden for url: https://www.zhihu.com/api/v4/search/top_search
2026-06-10 20:22:46,062 [ERROR] 没有获取到热搜数据，退出。
2026-06-10 20:22:46,418 [ERROR] 请求失败：401 Client Error: Authorization Required for url: https://www.zhihu.com/api/v3/feed/topstory/hot-lists/total?limit=50&desktop=true
2026-06-10 20:22:46,418 [ERROR] 没有获取到热榜数据，退出。
2026-06-10 22:48:17,292 [INFO] 成功写入 10 条热搜到 hotresearch/2026_6_10/2026_6_10_22.txt
2026-06-10 22:48:17,669 [ERROR] 请求失败：401 Client Error: Authorization Required for url: https://www.zhihu.com/api/v3/feed/topstory/hot-lists/total?limit=50&desktop=true
2026-06-10 22:48:17,670 [ERROR] 没有获取到热榜数据，退出。
