2026-06-07 02:49:08,505 [INFO] 成功写入 10 条热搜到 hotresearch/2026_6_7/2026_6_7_2.txt
2026-06-07 02:49:08,995 [ERROR] 请求失败：403 Client Error: Forbidden for url: https://www.zhihu.com/api/v3/feed/topstory/hot-lists/total?limit=50&desktop=true
2026-06-07 02:49:08,995 [ERROR] 没有获取到热榜数据，退出。
2026-06-07 07:00:26,537 [INFO] 成功写入 10 条热搜到 hotresearch/2026_6_7/2026_6_7_7.txt
2026-06-07 07:00:26,919 [ERROR] 请求失败：401 Client Error: Authorization Required for url: https://www.zhihu.com/api/v3/feed/topstory/hot-lists/total?limit=50&desktop=true
2026-06-07 07:00:26,919 [ERROR] 没有获取到热榜数据，退出。
2026-06-07 10:22:59,193 [INFO] 成功写入 10 条热搜到 hotresearch/2026_6_7/2026_6_7_10.txt
2026-06-07 10:22:59,645 [ERROR] 请求失败：401 Client Error: Authorization Required for url: https://www.zhihu.com/api/v3/feed/topstory/hot-lists/total?limit=50&desktop=true
2026-06-07 10:22:59,646 [ERROR] 没有获取到热榜数据，退出。
2026-06-07 12:16:49,557 [INFO] 成功写入 10 条热搜到 hotresearch/2026_6_7/2026_6_7_12.txt
2026-06-07 12:16:50,003 [ERROR] 请求失败：401 Client Error: Authorization Required for url: https://www.zhihu.com/api/v3/feed/topstory/hot-lists/total?limit=50&desktop=true
2026-06-07 12:16:50,003 [ERROR] 没有获取到热榜数据，退出。
2026-06-07 14:47:25,504 [INFO] 成功写入 10 条热搜到 hotresearch/2026_6_7/2026_6_7_14.txt
2026-06-07 14:47:25,991 [ERROR] 请求失败：403 Client Error: Forbidden for url: https://www.zhihu.com/api/v3/feed/topstory/hot-lists/total?limit=50&desktop=true
2026-06-07 14:47:25,991 [ERROR] 没有获取到热榜数据，退出。
2026-06-07 16:08:31,516 [INFO] 成功写入 10 条热搜到 hotresearch/2026_6_7/2026_6_7_16.txt
2026-06-07 16:08:31,984 [ERROR] 请求失败：401 Client Error: Authorization Required for url: https://www.zhihu.com/api/v3/feed/topstory/hot-lists/total?limit=50&desktop=true
2026-06-07 16:08:31,984 [ERROR] 没有获取到热榜数据，退出。
2026-06-07 17:58:52,206 [INFO] 成功写入 10 条热搜到 hotresearch/2026_6_7/2026_6_7_17.txt
2026-06-07 17:58:52,620 [ERROR] 请求失败：401 Client Error: Authorization Required for url: https://www.zhihu.com/api/v3/feed/topstory/hot-lists/total?limit=50&desktop=true
2026-06-07 17:58:52,620 [ERROR] 没有获取到热榜数据，退出。
2026-06-07 19:26:43,606 [INFO] 成功写入 10 条热搜到 hotresearch/2026_6_7/2026_6_7_19.txt
2026-06-07 19:26:44,038 [ERROR] 请求失败：401 Client Error: Authorization Required for url: https://www.zhihu.com/api/v3/feed/topstory/hot-lists/total?limit=50&desktop=true
2026-06-07 19:26:44,038 [ERROR] 没有获取到热榜数据，退出。
2026-06-07 21:02:32,001 [ERROR] 请求失败：403 Client Error: Forbidden for url: https://www.zhihu.com/api/v4/search/top_search
2026-06-07 21:02:32,001 [ERROR] 没有获取到热搜数据，退出。
2026-06-07 21:02:32,396 [ERROR] 请求失败：401 Client Error: Authorization Required for url: https://www.zhihu.com/api/v3/feed/topstory/hot-lists/total?limit=50&desktop=true
2026-06-07 21:02:32,396 [ERROR] 没有获取到热榜数据，退出。
2026-06-07 22:56:40,755 [INFO] 成功写入 10 条热搜到 hotresearch/2026_6_7/2026_6_7_22.txt
2026-06-07 22:56:41,169 [ERROR] 请求失败：401 Client Error: Authorization Required for url: https://www.zhihu.com/api/v3/feed/topstory/hot-lists/total?limit=50&desktop=true
2026-06-07 22:56:41,169 [ERROR] 没有获取到热榜数据，退出。
