2026-06-14 00:02:09,467 [INFO] 成功写入 10 条热搜到 hotresearch/2026_6_14/2026_6_14_0.txt
2026-06-14 00:02:09,924 [ERROR] 请求失败：401 Client Error: Authorization Required for url: https://www.zhihu.com/api/v3/feed/topstory/hot-lists/total?limit=50&desktop=true
2026-06-14 00:02:09,924 [ERROR] 没有获取到热榜数据，退出。
2026-06-14 05:24:55,367 [INFO] 成功写入 10 条热搜到 hotresearch/2026_6_14/2026_6_14_5.txt
2026-06-14 05:24:55,781 [ERROR] 请求失败：401 Client Error: Authorization Required for url: https://www.zhihu.com/api/v3/feed/topstory/hot-lists/total?limit=50&desktop=true
2026-06-14 05:24:55,781 [ERROR] 没有获取到热榜数据，退出。
2026-06-14 09:20:54,786 [ERROR] 请求失败：403 Client Error: Forbidden for url: https://www.zhihu.com/api/v4/search/top_search
2026-06-14 09:20:54,786 [ERROR] 没有获取到热搜数据，退出。
2026-06-14 09:20:55,155 [ERROR] 请求失败：401 Client Error: Authorization Required for url: https://www.zhihu.com/api/v3/feed/topstory/hot-lists/total?limit=50&desktop=true
2026-06-14 09:20:55,155 [ERROR] 没有获取到热榜数据，退出。
2026-06-14 11:49:51,908 [INFO] 成功写入 10 条热搜到 hotresearch/2026_6_14/2026_6_14_11.txt
2026-06-14 11:49:52,361 [ERROR] 请求失败：401 Client Error: Authorization Required for url: https://www.zhihu.com/api/v3/feed/topstory/hot-lists/total?limit=50&desktop=true
2026-06-14 11:49:52,361 [ERROR] 没有获取到热榜数据，退出。
2026-06-14 13:44:59,043 [INFO] 成功写入 10 条热搜到 hotresearch/2026_6_14/2026_6_14_13.txt
2026-06-14 13:44:59,412 [ERROR] 请求失败：401 Client Error: Authorization Required for url: https://www.zhihu.com/api/v3/feed/topstory/hot-lists/total?limit=50&desktop=true
2026-06-14 13:44:59,412 [ERROR] 没有获取到热榜数据，退出。
2026-06-14 15:43:46,327 [INFO] 成功写入 10 条热搜到 hotresearch/2026_6_14/2026_6_14_15.txt
2026-06-14 15:43:46,712 [ERROR] 请求失败：403 Client Error: Forbidden for url: https://www.zhihu.com/api/v3/feed/topstory/hot-lists/total?limit=50&desktop=true
2026-06-14 15:43:46,712 [ERROR] 没有获取到热榜数据，退出。
2026-06-14 17:11:52,685 [INFO] 成功写入 10 条热搜到 hotresearch/2026_6_14/2026_6_14_17.txt
2026-06-14 17:11:53,113 [ERROR] 请求失败：401 Client Error: Authorization Required for url: https://www.zhihu.com/api/v3/feed/topstory/hot-lists/total?limit=50&desktop=true
2026-06-14 17:11:53,113 [ERROR] 没有获取到热榜数据，退出。
2026-06-14 19:13:23,743 [INFO] 成功写入 10 条热搜到 hotresearch/2026_6_14/2026_6_14_19.txt
2026-06-14 19:13:24,126 [ERROR] 请求失败：401 Client Error: Authorization Required for url: https://www.zhihu.com/api/v3/feed/topstory/hot-lists/total?limit=50&desktop=true
2026-06-14 19:13:24,126 [ERROR] 没有获取到热榜数据，退出。
2026-06-14 21:02:07,095 [INFO] 成功写入 10 条热搜到 hotresearch/2026_6_14/2026_6_14_21.txt
2026-06-14 21:02:07,466 [ERROR] 请求失败：403 Client Error: Forbidden for url: https://www.zhihu.com/api/v3/feed/topstory/hot-lists/total?limit=50&desktop=true
2026-06-14 21:02:07,466 [ERROR] 没有获取到热榜数据，退出。
2026-06-14 23:00:43,581 [INFO] 成功写入 10 条热搜到 hotresearch/2026_6_14/2026_6_14_23.txt
2026-06-14 23:00:44,004 [ERROR] 请求失败：401 Client Error: Authorization Required for url: https://www.zhihu.com/api/v3/feed/topstory/hot-lists/total?limit=50&desktop=true
2026-06-14 23:00:44,005 [ERROR] 没有获取到热榜数据，退出。
