2026-02-05 01:20:45,749 [INFO] 成功写入 10 条热搜到 hotresearch/2026_2_5/2026_2_5_1.txt
2026-02-05 01:20:46,214 [ERROR] 请求失败：401 Client Error: Authorization Required for url: https://www.zhihu.com/api/v3/feed/topstory/hot-lists/total?limit=50&desktop=true
2026-02-05 01:20:46,214 [ERROR] 没有获取到热榜数据，退出。
2026-02-05 04:07:30,114 [ERROR] 请求失败：403 Client Error: Forbidden for url: https://www.zhihu.com/api/v4/search/top_search
2026-02-05 04:07:30,114 [ERROR] 没有获取到热搜数据，退出。
2026-02-05 04:07:30,469 [ERROR] 请求失败：401 Client Error: Authorization Required for url: https://www.zhihu.com/api/v3/feed/topstory/hot-lists/total?limit=50&desktop=true
2026-02-05 04:07:30,469 [ERROR] 没有获取到热榜数据，退出。
2026-02-05 05:50:04,373 [INFO] 成功写入 10 条热搜到 hotresearch/2026_2_5/2026_2_5_5.txt
2026-02-05 05:50:04,738 [ERROR] 请求失败：401 Client Error: Authorization Required for url: https://www.zhihu.com/api/v3/feed/topstory/hot-lists/total?limit=50&desktop=true
2026-02-05 05:50:04,738 [ERROR] 没有获取到热榜数据，退出。
2026-02-05 06:49:21,721 [INFO] 成功写入 10 条热搜到 hotresearch/2026_2_5/2026_2_5_6.txt
2026-02-05 06:49:22,057 [ERROR] 请求失败：401 Client Error: Authorization Required for url: https://www.zhihu.com/api/v3/feed/topstory/hot-lists/total?limit=50&desktop=true
2026-02-05 06:49:22,057 [ERROR] 没有获取到热榜数据，退出。
2026-02-05 07:44:13,191 [INFO] 成功写入 10 条热搜到 hotresearch/2026_2_5/2026_2_5_7.txt
2026-02-05 07:44:13,563 [ERROR] 请求失败：401 Client Error: Authorization Required for url: https://www.zhihu.com/api/v3/feed/topstory/hot-lists/total?limit=50&desktop=true
2026-02-05 07:44:13,563 [ERROR] 没有获取到热榜数据，退出。
2026-02-05 08:34:20,921 [INFO] 成功写入 10 条热搜到 hotresearch/2026_2_5/2026_2_5_8.txt
2026-02-05 08:34:21,306 [ERROR] 请求失败：403 Client Error: Forbidden for url: https://www.zhihu.com/api/v3/feed/topstory/hot-lists/total?limit=50&desktop=true
2026-02-05 08:34:21,306 [ERROR] 没有获取到热榜数据，退出。
2026-02-05 09:35:58,381 [INFO] 成功写入 10 条热搜到 hotresearch/2026_2_5/2026_2_5_9.txt
2026-02-05 09:35:58,849 [ERROR] 请求失败：401 Client Error: Authorization Required for url: https://www.zhihu.com/api/v3/feed/topstory/hot-lists/total?limit=50&desktop=true
2026-02-05 09:35:58,849 [ERROR] 没有获取到热榜数据，退出。
2026-02-05 10:33:22,421 [INFO] 成功写入 10 条热搜到 hotresearch/2026_2_5/2026_2_5_10.txt
2026-02-05 10:33:22,911 [ERROR] 请求失败：401 Client Error: Authorization Required for url: https://www.zhihu.com/api/v3/feed/topstory/hot-lists/total?limit=50&desktop=true
2026-02-05 10:33:22,911 [ERROR] 没有获取到热榜数据，退出。
2026-02-05 11:29:41,086 [INFO] 成功写入 10 条热搜到 hotresearch/2026_2_5/2026_2_5_11.txt
2026-02-05 11:29:41,546 [ERROR] 请求失败：401 Client Error: Authorization Required for url: https://www.zhihu.com/api/v3/feed/topstory/hot-lists/total?limit=50&desktop=true
2026-02-05 11:29:41,546 [ERROR] 没有获取到热榜数据，退出。
