2026-04-13 01:59:45,461 [INFO] 成功写入 10 条热搜到 hotresearch/2026_4_13/2026_4_13_1.txt
2026-04-13 01:59:45,989 [ERROR] 请求失败：403 Client Error: Forbidden for url: https://www.zhihu.com/api/v3/feed/topstory/hot-lists/total?limit=50&desktop=true
2026-04-13 01:59:45,989 [ERROR] 没有获取到热榜数据，退出。
2026-04-13 05:17:30,340 [INFO] 成功写入 10 条热搜到 hotresearch/2026_4_13/2026_4_13_5.txt
2026-04-13 05:17:30,789 [ERROR] 请求失败：403 Client Error: Forbidden for url: https://www.zhihu.com/api/v3/feed/topstory/hot-lists/total?limit=50&desktop=true
2026-04-13 05:17:30,789 [ERROR] 没有获取到热榜数据，退出。
2026-04-13 07:51:05,210 [INFO] 成功写入 10 条热搜到 hotresearch/2026_4_13/2026_4_13_7.txt
2026-04-13 07:51:05,694 [ERROR] 请求失败：403 Client Error: Forbidden for url: https://www.zhihu.com/api/v3/feed/topstory/hot-lists/total?limit=50&desktop=true
2026-04-13 07:51:05,694 [ERROR] 没有获取到热榜数据，退出。
2026-04-13 09:47:09,190 [INFO] 成功写入 10 条热搜到 hotresearch/2026_4_13/2026_4_13_9.txt
2026-04-13 09:47:09,635 [ERROR] 请求失败：401 Client Error: Authorization Required for url: https://www.zhihu.com/api/v3/feed/topstory/hot-lists/total?limit=50&desktop=true
2026-04-13 09:47:09,635 [ERROR] 没有获取到热榜数据，退出。
2026-04-13 11:10:40,042 [INFO] 成功写入 10 条热搜到 hotresearch/2026_4_13/2026_4_13_11.txt
2026-04-13 11:10:40,497 [ERROR] 请求失败：401 Client Error: Authorization Required for url: https://www.zhihu.com/api/v3/feed/topstory/hot-lists/total?limit=50&desktop=true
2026-04-13 11:10:40,497 [ERROR] 没有获取到热榜数据，退出。
2026-04-13 13:07:36,906 [INFO] 成功写入 10 条热搜到 hotresearch/2026_4_13/2026_4_13_13.txt
2026-04-13 13:07:37,266 [ERROR] 请求失败：401 Client Error: Authorization Required for url: https://www.zhihu.com/api/v3/feed/topstory/hot-lists/total?limit=50&desktop=true
2026-04-13 13:07:37,266 [ERROR] 没有获取到热榜数据，退出。
2026-04-13 15:09:24,743 [INFO] 成功写入 10 条热搜到 hotresearch/2026_4_13/2026_4_13_15.txt
2026-04-13 15:09:25,215 [ERROR] 请求失败：401 Client Error: Authorization Required for url: https://www.zhihu.com/api/v3/feed/topstory/hot-lists/total?limit=50&desktop=true
2026-04-13 15:09:25,215 [ERROR] 没有获取到热榜数据，退出。
2026-04-13 16:56:03,002 [ERROR] 请求失败：403 Client Error: Forbidden for url: https://www.zhihu.com/api/v4/search/top_search
2026-04-13 16:56:03,002 [ERROR] 没有获取到热搜数据，退出。
2026-04-13 16:56:03,468 [ERROR] 请求失败：401 Client Error: Authorization Required for url: https://www.zhihu.com/api/v3/feed/topstory/hot-lists/total?limit=50&desktop=true
2026-04-13 16:56:03,468 [ERROR] 没有获取到热榜数据，退出。
2026-04-13 17:55:30,344 [INFO] 成功写入 10 条热搜到 hotresearch/2026_4_13/2026_4_13_17.txt
2026-04-13 17:55:30,817 [ERROR] 请求失败：401 Client Error: Authorization Required for url: https://www.zhihu.com/api/v3/feed/topstory/hot-lists/total?limit=50&desktop=true
2026-04-13 17:55:30,817 [ERROR] 没有获取到热榜数据，退出。
